2019-12-16 00:22:47 trace :
------------
String:
<xml><ToUserName><![CDATA[gh_f9b894563ef4]]></ToUserName>
<FromUserName><![CDATA[o5V8y1ZuI25_GD5KILyMdxEXQQng]]></FromUserName>
<CreateTime>1576426967</CreateTime>
<MsgType><![CDATA[event]]></MsgType>
<Event><![CDATA[VIEW]]></Event>
<EventKey><![CDATA[http://www.boyufengmao.com/app/index.php?i=6&c=entry&m=ewei_shopv2&do=mobile&r=diypage&id=35]]></EventKey>
<MenuId>445261982</MenuId>
</xml>

2019-12-16 00:22:47 params :
------------
String:
array (
  'rule' => -2,
  'module' => '',
  'message' => 
  array (
    'tousername' => 'gh_f9b894563ef4',
    'fromusername' => 'o5V8y1ZuI25_GD5KILyMdxEXQQng',
    'createtime' => '1576426967',
    'msgtype' => 'event',
    'event' => 'VIEW',
    'eventkey' => 'http://www.boyufengmao.com/app/index.php?i=6&c=entry&m=ewei_shopv2&do=mobile&r=diypage&id=35',
    'menuid' => '445261982',
    'from' => 'o5V8y1ZuI25_GD5KILyMdxEXQQng',
    'to' => 'gh_f9b894563ef4',
    'time' => '1576426967',
    'type' => 'text',
    'content' => 'http://www.boyufengmao.com/app/index.php?i=6&c=entry&m=ewei_shopv2&do=mobile&r=diypage&id=35',
    'redirection' => true,
    'source' => 'VIEW',
  ),
)

2019-12-16 00:22:47 response :
------------

2019-12-16 00:30:26 trace :
------------
String:
<xml><ToUserName><![CDATA[gh_162fc9cda7ca]]></ToUserName>
<FromUserName><![CDATA[oYRrw0_pzRnZSH-_ysvNQN3nc9UE]]></FromUserName>
<CreateTime>1576427425</CreateTime>
<MsgType><![CDATA[event]]></MsgType>
<Event><![CDATA[unsubscribe]]></Event>
<EventKey><![CDATA[]]></EventKey>
</xml>

2019-12-16 08:27:26 trace :
------------
String:
<xml><ToUserName><![CDATA[gh_798963d6b623]]></ToUserName>
<FromUserName><![CDATA[oa1g_1H6fyBQ9nUZcHi2iBuTFY5M]]></FromUserName>
<CreateTime>1576456045</CreateTime>
<MsgType><![CDATA[event]]></MsgType>
<Event><![CDATA[VIEW]]></Event>
<EventKey><![CDATA[http://www.boyufengmao.com/app/index.php?i=9&c=entry&m=ewei_shopv2&do=mobile]]></EventKey>
<MenuId>438246249</MenuId>
</xml>

2019-12-16 08:27:26 params :
------------
String:
array (
  'rule' => -2,
  'module' => '',
  'message' => 
  array (
    'tousername' => 'gh_798963d6b623',
    'fromusername' => 'oa1g_1H6fyBQ9nUZcHi2iBuTFY5M',
    'createtime' => '1576456045',
    'msgtype' => 'event',
    'event' => 'VIEW',
    'eventkey' => 'http://www.boyufengmao.com/app/index.php?i=9&c=entry&m=ewei_shopv2&do=mobile',
    'menuid' => '438246249',
    'from' => 'oa1g_1H6fyBQ9nUZcHi2iBuTFY5M',
    'to' => 'gh_798963d6b623',
    'time' => '1576456045',
    'type' => 'text',
    'content' => 'http://www.boyufengmao.com/app/index.php?i=9&c=entry&m=ewei_shopv2&do=mobile',
    'redirection' => true,
    'source' => 'VIEW',
  ),
)

2019-12-16 08:27:26 response :
------------

2019-12-16 08:31:15 trace :
------------
String:
<xml><ToUserName><![CDATA[gh_f9b894563ef4]]></ToUserName>
<FromUserName><![CDATA[o5V8y1WqqGNthStAoOqyWQgIbFvY]]></FromUserName>
<CreateTime>1576456275</CreateTime>
<MsgType><![CDATA[event]]></MsgType>
<Event><![CDATA[VIEW]]></Event>
<EventKey><![CDATA[http://www.boyufengmao.com/app/index.php?i=6&c=entry&m=ewei_shopv2&do=mobile]]></EventKey>
<MenuId>445261982</MenuId>
</xml>

2019-12-16 08:31:15 params :
------------
String:
array (
  'rule' => -2,
  'module' => '',
  'message' => 
  array (
    'tousername' => 'gh_f9b894563ef4',
    'fromusername' => 'o5V8y1WqqGNthStAoOqyWQgIbFvY',
    'createtime' => '1576456275',
    'msgtype' => 'event',
    'event' => 'VIEW',
    'eventkey' => 'http://www.boyufengmao.com/app/index.php?i=6&c=entry&m=ewei_shopv2&do=mobile',
    'menuid' => '445261982',
    'from' => 'o5V8y1WqqGNthStAoOqyWQgIbFvY',
    'to' => 'gh_f9b894563ef4',
    'time' => '1576456275',
    'type' => 'text',
    'content' => 'http://www.boyufengmao.com/app/index.php?i=6&c=entry&m=ewei_shopv2&do=mobile',
    'redirection' => true,
    'source' => 'VIEW',
  ),
)

2019-12-16 08:31:15 response :
------------

2019-12-16 08:41:02 trace :
------------
String:
<xml><ToUserName><![CDATA[gh_f9b894563ef4]]></ToUserName>
<FromUserName><![CDATA[o5V8y1SGBviQuAhTjYzk99TQyRNk]]></FromUserName>
<CreateTime>1576456862</CreateTime>
<MsgType><![CDATA[event]]></MsgType>
<Event><![CDATA[TEMPLATESENDJOBFINISH]]></Event>
<MsgID>1121801683224444928</MsgID>
<Status><![CDATA[success]]></Status>
</xml>

2019-12-16 08:41:02 params :
------------
String:
array (
  'rule' => -2,
  'module' => '',
  'message' => 
  array (
    'tousername' => 'gh_f9b894563ef4',
    'fromusername' => 'o5V8y1SGBviQuAhTjYzk99TQyRNk',
    'createtime' => '1576456862',
    'msgtype' => 'event',
    'event' => 'TEMPLATESENDJOBFINISH',
    'msgid' => '1121801683224444928',
    'status' => 'success',
    'from' => 'o5V8y1SGBviQuAhTjYzk99TQyRNk',
    'to' => 'gh_f9b894563ef4',
    'time' => '1576456862',
    'type' => 'event',
  ),
)

2019-12-16 08:41:02 response :
------------

2019-12-16 13:38:08 trace :
------------
String:
<xml><ToUserName><![CDATA[gh_7b3d37846b75]]></ToUserName>
<FromUserName><![CDATA[oZ5PY1JNB6veGry1kC2wQt5qv2y0]]></FromUserName>
<CreateTime>1576474688</CreateTime>
<MsgType><![CDATA[event]]></MsgType>
<Event><![CDATA[VIEW]]></Event>
<EventKey><![CDATA[http://www.boyufengmao.com/app/index.php?i=7&c=entry&m=ewei_shopv2&do=mobile&r=diypage&id=30]]></EventKey>
<MenuId>516312345</MenuId>
</xml>

2019-12-16 13:38:08 params :
------------
String:
array (
  'rule' => -2,
  'module' => '',
  'message' => 
  array (
    'tousername' => 'gh_7b3d37846b75',
    'fromusername' => 'oZ5PY1JNB6veGry1kC2wQt5qv2y0',
    'createtime' => '1576474688',
    'msgtype' => 'event',
    'event' => 'VIEW',
    'eventkey' => 'http://www.boyufengmao.com/app/index.php?i=7&c=entry&m=ewei_shopv2&do=mobile&r=diypage&id=30',
    'menuid' => '516312345',
    'from' => 'oZ5PY1JNB6veGry1kC2wQt5qv2y0',
    'to' => 'gh_7b3d37846b75',
    'time' => '1576474688',
    'type' => 'text',
    'content' => 'http://www.boyufengmao.com/app/index.php?i=7&c=entry&m=ewei_shopv2&do=mobile&r=diypage&id=30',
    'redirection' => true,
    'source' => 'VIEW',
  ),
)

2019-12-16 13:38:08 response :
------------

2019-12-16 13:38:39 trace :
------------
String:
<xml><ToUserName><![CDATA[gh_7b3d37846b75]]></ToUserName>
<FromUserName><![CDATA[oZ5PY1JNB6veGry1kC2wQt5qv2y0]]></FromUserName>
<CreateTime>1576474719</CreateTime>
<MsgType><![CDATA[event]]></MsgType>
<Event><![CDATA[VIEW]]></Event>
<EventKey><![CDATA[http://www.boyufengmao.com/app/index.php?i=7&c=entry&m=ewei_shopv2&do=mobile&r=member]]></EventKey>
<MenuId>516312345</MenuId>
</xml>

2019-12-16 13:38:39 params :
------------
String:
array (
  'rule' => -2,
  'module' => '',
  'message' => 
  array (
    'tousername' => 'gh_7b3d37846b75',
    'fromusername' => 'oZ5PY1JNB6veGry1kC2wQt5qv2y0',
    'createtime' => '1576474719',
    'msgtype' => 'event',
    'event' => 'VIEW',
    'eventkey' => 'http://www.boyufengmao.com/app/index.php?i=7&c=entry&m=ewei_shopv2&do=mobile&r=member',
    'menuid' => '516312345',
    'from' => 'oZ5PY1JNB6veGry1kC2wQt5qv2y0',
    'to' => 'gh_7b3d37846b75',
    'time' => '1576474719',
    'type' => 'text',
    'content' => 'http://www.boyufengmao.com/app/index.php?i=7&c=entry&m=ewei_shopv2&do=mobile&r=member',
    'redirection' => true,
    'source' => 'VIEW',
  ),
)

2019-12-16 13:38:39 response :
------------

2019-12-16 13:38:55 trace :
------------
String:
<xml><ToUserName><![CDATA[gh_7b3d37846b75]]></ToUserName>
<FromUserName><![CDATA[oZ5PY1JNB6veGry1kC2wQt5qv2y0]]></FromUserName>
<CreateTime>1576474735</CreateTime>
<MsgType><![CDATA[event]]></MsgType>
<Event><![CDATA[VIEW]]></Event>
<EventKey><![CDATA[http://www.boyufengmao.com/app/index.php?i=7&c=entry&m=ewei_shopv2&do=mobile&r=diypage&id=30]]></EventKey>
<MenuId>516312345</MenuId>
</xml>

2019-12-16 13:38:55 params :
------------
String:
array (
  'rule' => -2,
  'module' => '',
  'message' => 
  array (
    'tousername' => 'gh_7b3d37846b75',
    'fromusername' => 'oZ5PY1JNB6veGry1kC2wQt5qv2y0',
    'createtime' => '1576474735',
    'msgtype' => 'event',
    'event' => 'VIEW',
    'eventkey' => 'http://www.boyufengmao.com/app/index.php?i=7&c=entry&m=ewei_shopv2&do=mobile&r=diypage&id=30',
    'menuid' => '516312345',
    'from' => 'oZ5PY1JNB6veGry1kC2wQt5qv2y0',
    'to' => 'gh_7b3d37846b75',
    'time' => '1576474735',
    'type' => 'text',
    'content' => 'http://www.boyufengmao.com/app/index.php?i=7&c=entry&m=ewei_shopv2&do=mobile&r=diypage&id=30',
    'redirection' => true,
    'source' => 'VIEW',
  ),
)

2019-12-16 13:38:55 response :
------------

2019-12-16 13:40:37 trace :
------------
String:
<xml><ToUserName><![CDATA[gh_7b3d37846b75]]></ToUserName>
<FromUserName><![CDATA[oZ5PY1JNB6veGry1kC2wQt5qv2y0]]></FromUserName>
<CreateTime>1576474837</CreateTime>
<MsgType><![CDATA[event]]></MsgType>
<Event><![CDATA[VIEW]]></Event>
<EventKey><![CDATA[http://www.boyufengmao.com/app/index.php?i=7&c=entry&m=ewei_shopv2&do=mobile&r=diypage&id=30]]></EventKey>
<MenuId>516312345</MenuId>
</xml>

2019-12-16 13:40:37 params :
------------
String:
array (
  'rule' => -2,
  'module' => '',
  'message' => 
  array (
    'tousername' => 'gh_7b3d37846b75',
    'fromusername' => 'oZ5PY1JNB6veGry1kC2wQt5qv2y0',
    'createtime' => '1576474837',
    'msgtype' => 'event',
    'event' => 'VIEW',
    'eventkey' => 'http://www.boyufengmao.com/app/index.php?i=7&c=entry&m=ewei_shopv2&do=mobile&r=diypage&id=30',
    'menuid' => '516312345',
    'from' => 'oZ5PY1JNB6veGry1kC2wQt5qv2y0',
    'to' => 'gh_7b3d37846b75',
    'time' => '1576474837',
    'type' => 'text',
    'content' => 'http://www.boyufengmao.com/app/index.php?i=7&c=entry&m=ewei_shopv2&do=mobile&r=diypage&id=30',
    'redirection' => true,
    'source' => 'VIEW',
  ),
)

2019-12-16 13:40:37 response :
------------

2019-12-16 14:03:42 trace :
------------
String:
<xml><ToUserName><![CDATA[gh_f9b894563ef4]]></ToUserName>
<FromUserName><![CDATA[o5V8y1W5dZGeIuq6w18q9k6aNItQ]]></FromUserName>
<CreateTime>1576476222</CreateTime>
<MsgType><![CDATA[event]]></MsgType>
<Event><![CDATA[VIEW]]></Event>
<EventKey><![CDATA[http://www.boyufengmao.com/app/index.php?i=6&c=entry&m=ewei_shopv2&do=mobile&r=diypage&id=35]]></EventKey>
<MenuId>445261982</MenuId>
</xml>

2019-12-16 14:03:42 params :
------------
String:
array (
  'rule' => -2,
  'module' => '',
  'message' => 
  array (
    'tousername' => 'gh_f9b894563ef4',
    'fromusername' => 'o5V8y1W5dZGeIuq6w18q9k6aNItQ',
    'createtime' => '1576476222',
    'msgtype' => 'event',
    'event' => 'VIEW',
    'eventkey' => 'http://www.boyufengmao.com/app/index.php?i=6&c=entry&m=ewei_shopv2&do=mobile&r=diypage&id=35',
    'menuid' => '445261982',
    'from' => 'o5V8y1W5dZGeIuq6w18q9k6aNItQ',
    'to' => 'gh_f9b894563ef4',
    'time' => '1576476222',
    'type' => 'text',
    'content' => 'http://www.boyufengmao.com/app/index.php?i=6&c=entry&m=ewei_shopv2&do=mobile&r=diypage&id=35',
    'redirection' => true,
    'source' => 'VIEW',
  ),
)

2019-12-16 14:03:42 response :
------------

2019-12-16 14:03:55 trace :
------------
String:
<xml><ToUserName><![CDATA[gh_f9b894563ef4]]></ToUserName>
<FromUserName><![CDATA[o5V8y1W5dZGeIuq6w18q9k6aNItQ]]></FromUserName>
<CreateTime>1576476235</CreateTime>
<MsgType><![CDATA[event]]></MsgType>
<Event><![CDATA[VIEW]]></Event>
<EventKey><![CDATA[http://www.boyufengmao.com/app/index.php?i=6&c=entry&m=ewei_shopv2&do=mobile]]></EventKey>
<MenuId>445261982</MenuId>
</xml>

2019-12-16 14:03:55 params :
------------
String:
array (
  'rule' => -2,
  'module' => '',
  'message' => 
  array (
    'tousername' => 'gh_f9b894563ef4',
    'fromusername' => 'o5V8y1W5dZGeIuq6w18q9k6aNItQ',
    'createtime' => '1576476235',
    'msgtype' => 'event',
    'event' => 'VIEW',
    'eventkey' => 'http://www.boyufengmao.com/app/index.php?i=6&c=entry&m=ewei_shopv2&do=mobile',
    'menuid' => '445261982',
    'from' => 'o5V8y1W5dZGeIuq6w18q9k6aNItQ',
    'to' => 'gh_f9b894563ef4',
    'time' => '1576476235',
    'type' => 'text',
    'content' => 'http://www.boyufengmao.com/app/index.php?i=6&c=entry&m=ewei_shopv2&do=mobile',
    'redirection' => true,
    'source' => 'VIEW',
  ),
)

2019-12-16 14:03:55 response :
------------

2019-12-16 14:16:53 trace :
------------
String:
<xml><ToUserName><![CDATA[gh_f9b894563ef4]]></ToUserName>
<FromUserName><![CDATA[o5V8y1e5RemP51th7vflHYdz-MD0]]></FromUserName>
<CreateTime>1576477013</CreateTime>
<MsgType><![CDATA[event]]></MsgType>
<Event><![CDATA[subscribe]]></Event>
<EventKey><![CDATA[qrscene_business:5864a01773794135a05fba69901b7199]]></EventKey>
<Ticket><![CDATA[gQGj8DwAAAAAAAAAAS5odHRwOi8vd2VpeGluLnFxLmNvbS9xLzAyZ3RQMXQ5QnZjT2wxMDAwMHcwN2oAAgQPhH9cAwQAAAAA]]></Ticket>
</xml>

2019-12-16 14:16:53 params :
------------
String:
array (
  'rule' => -2,
  'module' => '',
  'message' => 
  array (
    'tousername' => 'gh_f9b894563ef4',
    'fromusername' => 'o5V8y1e5RemP51th7vflHYdz-MD0',
    'createtime' => '1576477013',
    'msgtype' => 'event',
    'event' => 'subscribe',
    'eventkey' => 'qrscene_business:5864a01773794135a05fba69901b7199',
    'ticket' => 'gQGj8DwAAAAAAAAAAS5odHRwOi8vd2VpeGluLnFxLmNvbS9xLzAyZ3RQMXQ5QnZjT2wxMDAwMHcwN2oAAgQPhH9cAwQAAAAA',
    'from' => 'o5V8y1e5RemP51th7vflHYdz-MD0',
    'to' => 'gh_f9b894563ef4',
    'time' => '1576477013',
    'type' => 'text',
    'scene' => 'business:5864a01773794135a05fba69901b7199',
    'redirection' => true,
    'source' => 'subscribe',
  ),
)

2019-12-16 14:16:53 response :
------------

2019-12-16 14:17:03 trace :
------------
String:
<xml><ToUserName><![CDATA[gh_f9b894563ef4]]></ToUserName>
<FromUserName><![CDATA[o5V8y1e5RemP51th7vflHYdz-MD0]]></FromUserName>
<CreateTime>1576477023</CreateTime>
<MsgType><![CDATA[text]]></MsgType>
<Content><![CDATA[15129688507]]></Content>
<MsgId>22569725378428055</MsgId>
</xml>

2019-12-16 14:17:03 params :
------------
String:
array (
  'rule' => -2,
  'module' => '',
  'message' => 
  array (
    'tousername' => 'gh_f9b894563ef4',
    'fromusername' => 'o5V8y1e5RemP51th7vflHYdz-MD0',
    'createtime' => '1576477023',
    'msgtype' => 'text',
    'content' => '15129688507',
    'msgid' => '22569725378428055',
    'from' => 'o5V8y1e5RemP51th7vflHYdz-MD0',
    'to' => 'gh_f9b894563ef4',
    'time' => '1576477023',
    'type' => 'text',
    'event' => NULL,
    'redirection' => false,
    'source' => NULL,
  ),
)

2019-12-16 14:17:03 response :
------------

2019-12-16 14:17:34 trace :
------------
String:
<xml><ToUserName><![CDATA[gh_f9b894563ef4]]></ToUserName>
<FromUserName><![CDATA[o5V8y1e5RemP51th7vflHYdz-MD0]]></FromUserName>
<CreateTime>1576477054</CreateTime>
<MsgType><![CDATA[event]]></MsgType>
<Event><![CDATA[VIEW]]></Event>
<EventKey><![CDATA[http://www.boyufengmao.com/app/index.php?i=6&c=entry&m=ewei_shopv2&do=mobile&r=diypage&id=35]]></EventKey>
<MenuId>445261982</MenuId>
</xml>

2019-12-16 14:17:34 params :
------------
String:
array (
  'rule' => -2,
  'module' => '',
  'message' => 
  array (
    'tousername' => 'gh_f9b894563ef4',
    'fromusername' => 'o5V8y1e5RemP51th7vflHYdz-MD0',
    'createtime' => '1576477054',
    'msgtype' => 'event',
    'event' => 'VIEW',
    'eventkey' => 'http://www.boyufengmao.com/app/index.php?i=6&c=entry&m=ewei_shopv2&do=mobile&r=diypage&id=35',
    'menuid' => '445261982',
    'from' => 'o5V8y1e5RemP51th7vflHYdz-MD0',
    'to' => 'gh_f9b894563ef4',
    'time' => '1576477054',
    'type' => 'text',
    'content' => 'http://www.boyufengmao.com/app/index.php?i=6&c=entry&m=ewei_shopv2&do=mobile&r=diypage&id=35',
    'redirection' => true,
    'source' => 'VIEW',
  ),
)

2019-12-16 14:17:34 response :
------------

2019-12-16 15:42:19 trace :
------------
String:
<xml><ToUserName><![CDATA[gh_c804ae748f89]]></ToUserName>
<FromUserName><![CDATA[o3lrB52OQe5owM1VXVuw4dyttQho]]></FromUserName>
<CreateTime>1576482139</CreateTime>
<MsgType><![CDATA[event]]></MsgType>
<Event><![CDATA[VIEW]]></Event>
<EventKey><![CDATA[http://www.boyufengmao.com/app/index.php?i=2&c=entry&m=ewei_shopv2&do=mobile]]></EventKey>
<MenuId>444355491</MenuId>
</xml>

2019-12-16 15:42:19 params :
------------
String:
array (
  'rule' => -2,
  'module' => '',
  'message' => 
  array (
    'tousername' => 'gh_c804ae748f89',
    'fromusername' => 'o3lrB52OQe5owM1VXVuw4dyttQho',
    'createtime' => '1576482139',
    'msgtype' => 'event',
    'event' => 'VIEW',
    'eventkey' => 'http://www.boyufengmao.com/app/index.php?i=2&c=entry&m=ewei_shopv2&do=mobile',
    'menuid' => '444355491',
    'from' => 'o3lrB52OQe5owM1VXVuw4dyttQho',
    'to' => 'gh_c804ae748f89',
    'time' => '1576482139',
    'type' => 'text',
    'content' => 'http://www.boyufengmao.com/app/index.php?i=2&c=entry&m=ewei_shopv2&do=mobile',
    'redirection' => true,
    'source' => 'VIEW',
  ),
)

2019-12-16 15:42:19 response :
------------

2019-12-16 15:48:31 trace :
------------
String:
<xml><ToUserName><![CDATA[gh_c804ae748f89]]></ToUserName>
<FromUserName><![CDATA[o3lrB52OQe5owM1VXVuw4dyttQho]]></FromUserName>
<CreateTime>1576482511</CreateTime>
<MsgType><![CDATA[event]]></MsgType>
<Event><![CDATA[VIEW]]></Event>
<EventKey><![CDATA[http://www.boyufengmao.com/app/index.php?i=2&c=entry&m=ewei_shopv2&do=mobile]]></EventKey>
<MenuId>444355491</MenuId>
</xml>

2019-12-16 15:48:31 params :
------------
String:
array (
  'rule' => -2,
  'module' => '',
  'message' => 
  array (
    'tousername' => 'gh_c804ae748f89',
    'fromusername' => 'o3lrB52OQe5owM1VXVuw4dyttQho',
    'createtime' => '1576482511',
    'msgtype' => 'event',
    'event' => 'VIEW',
    'eventkey' => 'http://www.boyufengmao.com/app/index.php?i=2&c=entry&m=ewei_shopv2&do=mobile',
    'menuid' => '444355491',
    'from' => 'o3lrB52OQe5owM1VXVuw4dyttQho',
    'to' => 'gh_c804ae748f89',
    'time' => '1576482511',
    'type' => 'text',
    'content' => 'http://www.boyufengmao.com/app/index.php?i=2&c=entry&m=ewei_shopv2&do=mobile',
    'redirection' => true,
    'source' => 'VIEW',
  ),
)

2019-12-16 15:48:31 response :
------------

2019-12-16 15:50:22 trace :
------------
String:
<xml><ToUserName><![CDATA[gh_62bcc2f9639d]]></ToUserName>
<FromUserName><![CDATA[opjhUwGYoNgNeuZfGeyWDKO9RJZg]]></FromUserName>
<CreateTime>1576482622</CreateTime>
<MsgType><![CDATA[event]]></MsgType>
<Event><![CDATA[VIEW]]></Event>
<EventKey><![CDATA[http://www.boyufengmao.com/app/index.php?i=10&c=entry&m=ewei_shopv2&do=mobile]]></EventKey>
<MenuId>432207807</MenuId>
</xml>

2019-12-16 15:50:22 params :
------------
String:
array (
  'rule' => -2,
  'module' => '',
  'message' => 
  array (
    'tousername' => 'gh_62bcc2f9639d',
    'fromusername' => 'opjhUwGYoNgNeuZfGeyWDKO9RJZg',
    'createtime' => '1576482622',
    'msgtype' => 'event',
    'event' => 'VIEW',
    'eventkey' => 'http://www.boyufengmao.com/app/index.php?i=10&c=entry&m=ewei_shopv2&do=mobile',
    'menuid' => '432207807',
    'from' => 'opjhUwGYoNgNeuZfGeyWDKO9RJZg',
    'to' => 'gh_62bcc2f9639d',
    'time' => '1576482622',
    'type' => 'text',
    'content' => 'http://www.boyufengmao.com/app/index.php?i=10&c=entry&m=ewei_shopv2&do=mobile',
    'redirection' => true,
    'source' => 'VIEW',
  ),
)

2019-12-16 15:50:22 response :
------------

2019-12-16 16:48:33 trace :
------------
String:
<xml><ToUserName><![CDATA[gh_62bcc2f9639d]]></ToUserName>
<FromUserName><![CDATA[opjhUwFhr79ObycC9hNnVPJtrOZ0]]></FromUserName>
<CreateTime>1576486113</CreateTime>
<MsgType><![CDATA[event]]></MsgType>
<Event><![CDATA[subscribe]]></Event>
<EventKey><![CDATA[]]></EventKey>
</xml>

2019-12-16 16:48:33 params :
------------
String:
array (
  'rule' => -2,
  'module' => '',
  'message' => 
  array (
    'tousername' => 'gh_62bcc2f9639d',
    'fromusername' => 'opjhUwFhr79ObycC9hNnVPJtrOZ0',
    'createtime' => '1576486113',
    'msgtype' => 'event',
    'event' => 'subscribe',
    'eventkey' => '',
    'from' => 'opjhUwFhr79ObycC9hNnVPJtrOZ0',
    'to' => 'gh_62bcc2f9639d',
    'time' => '1576486113',
    'type' => 'text',
    'redirection' => true,
    'source' => 'subscribe',
  ),
)

2019-12-16 16:48:33 response :
------------

2019-12-16 17:50:13 trace :
------------
String:
<xml><ToUserName><![CDATA[gh_62bcc2f9639d]]></ToUserName>
<FromUserName><![CDATA[opjhUwMhrG_N0hddjoc9NcWvX1AI]]></FromUserName>
<CreateTime>1576489813</CreateTime>
<MsgType><![CDATA[event]]></MsgType>
<Event><![CDATA[subscribe]]></Event>
<EventKey><![CDATA[]]></EventKey>
</xml>

2019-12-16 17:50:13 params :
------------
String:
array (
  'rule' => -2,
  'module' => '',
  'message' => 
  array (
    'tousername' => 'gh_62bcc2f9639d',
    'fromusername' => 'opjhUwMhrG_N0hddjoc9NcWvX1AI',
    'createtime' => '1576489813',
    'msgtype' => 'event',
    'event' => 'subscribe',
    'eventkey' => '',
    'from' => 'opjhUwMhrG_N0hddjoc9NcWvX1AI',
    'to' => 'gh_62bcc2f9639d',
    'time' => '1576489813',
    'type' => 'text',
    'redirection' => true,
    'source' => 'subscribe',
  ),
)

2019-12-16 17:50:13 response :
------------

2019-12-16 18:17:35 trace :
------------
String:
<xml><ToUserName><![CDATA[gh_62bcc2f9639d]]></ToUserName>
<FromUserName><![CDATA[opjhUwIqyJaL34PaajfM7ClezsBw]]></FromUserName>
<CreateTime>1576491455</CreateTime>
<MsgType><![CDATA[event]]></MsgType>
<Event><![CDATA[VIEW]]></Event>
<EventKey><![CDATA[http://www.boyufengmao.com/app/index.php?i=10&c=entry&m=ewei_shopv2&do=mobile&r=member]]></EventKey>
<MenuId>432207807</MenuId>
</xml>

2019-12-16 18:17:35 params :
------------
String:
array (
  'rule' => -2,
  'module' => '',
  'message' => 
  array (
    'tousername' => 'gh_62bcc2f9639d',
    'fromusername' => 'opjhUwIqyJaL34PaajfM7ClezsBw',
    'createtime' => '1576491455',
    'msgtype' => 'event',
    'event' => 'VIEW',
    'eventkey' => 'http://www.boyufengmao.com/app/index.php?i=10&c=entry&m=ewei_shopv2&do=mobile&r=member',
    'menuid' => '432207807',
    'from' => 'opjhUwIqyJaL34PaajfM7ClezsBw',
    'to' => 'gh_62bcc2f9639d',
    'time' => '1576491455',
    'type' => 'text',
    'content' => 'http://www.boyufengmao.com/app/index.php?i=10&c=entry&m=ewei_shopv2&do=mobile&r=member',
    'redirection' => true,
    'source' => 'VIEW',
  ),
)

2019-12-16 18:17:35 response :
------------

2019-12-16 18:35:59 trace :
------------
String:
<xml><ToUserName><![CDATA[gh_62bcc2f9639d]]></ToUserName>
<FromUserName><![CDATA[opjhUwIqyJaL34PaajfM7ClezsBw]]></FromUserName>
<CreateTime>1576492559</CreateTime>
<MsgType><![CDATA[event]]></MsgType>
<Event><![CDATA[VIEW]]></Event>
<EventKey><![CDATA[http://www.boyufengmao.com/app/index.php?i=10&c=entry&m=ewei_shopv2&do=mobile]]></EventKey>
<MenuId>432207807</MenuId>
</xml>

2019-12-16 18:35:59 params :
------------
String:
array (
  'rule' => -2,
  'module' => '',
  'message' => 
  array (
    'tousername' => 'gh_62bcc2f9639d',
    'fromusername' => 'opjhUwIqyJaL34PaajfM7ClezsBw',
    'createtime' => '1576492559',
    'msgtype' => 'event',
    'event' => 'VIEW',
    'eventkey' => 'http://www.boyufengmao.com/app/index.php?i=10&c=entry&m=ewei_shopv2&do=mobile',
    'menuid' => '432207807',
    'from' => 'opjhUwIqyJaL34PaajfM7ClezsBw',
    'to' => 'gh_62bcc2f9639d',
    'time' => '1576492559',
    'type' => 'text',
    'content' => 'http://www.boyufengmao.com/app/index.php?i=10&c=entry&m=ewei_shopv2&do=mobile',
    'redirection' => true,
    'source' => 'VIEW',
  ),
)

2019-12-16 18:35:59 response :
------------

2019-12-16 18:36:28 trace :
------------
String:
<xml><ToUserName><![CDATA[gh_62bcc2f9639d]]></ToUserName>
<FromUserName><![CDATA[opjhUwIqyJaL34PaajfM7ClezsBw]]></FromUserName>
<CreateTime>1576492588</CreateTime>
<MsgType><![CDATA[event]]></MsgType>
<Event><![CDATA[VIEW]]></Event>
<EventKey><![CDATA[http://www.boyufengmao.com/app/index.php?i=10&c=entry&m=ewei_shopv2&do=mobile]]></EventKey>
<MenuId>432207807</MenuId>
</xml>

2019-12-16 18:36:28 params :
------------
String:
array (
  'rule' => -2,
  'module' => '',
  'message' => 
  array (
    'tousername' => 'gh_62bcc2f9639d',
    'fromusername' => 'opjhUwIqyJaL34PaajfM7ClezsBw',
    'createtime' => '1576492588',
    'msgtype' => 'event',
    'event' => 'VIEW',
    'eventkey' => 'http://www.boyufengmao.com/app/index.php?i=10&c=entry&m=ewei_shopv2&do=mobile',
    'menuid' => '432207807',
    'from' => 'opjhUwIqyJaL34PaajfM7ClezsBw',
    'to' => 'gh_62bcc2f9639d',
    'time' => '1576492588',
    'type' => 'text',
    'content' => 'http://www.boyufengmao.com/app/index.php?i=10&c=entry&m=ewei_shopv2&do=mobile',
    'redirection' => true,
    'source' => 'VIEW',
  ),
)

2019-12-16 18:36:28 response :
------------

2019-12-16 18:48:18 trace :
------------
String:
<xml><ToUserName><![CDATA[gh_62bcc2f9639d]]></ToUserName>
<FromUserName><![CDATA[opjhUwGYoNgNeuZfGeyWDKO9RJZg]]></FromUserName>
<CreateTime>1576493298</CreateTime>
<MsgType><![CDATA[event]]></MsgType>
<Event><![CDATA[VIEW]]></Event>
<EventKey><![CDATA[http://www.boyufengmao.com/app/index.php?i=10&c=entry&m=ewei_shopv2&do=mobile]]></EventKey>
<MenuId>432207807</MenuId>
</xml>

2019-12-16 18:48:18 params :
------------
String:
array (
  'rule' => -2,
  'module' => '',
  'message' => 
  array (
    'tousername' => 'gh_62bcc2f9639d',
    'fromusername' => 'opjhUwGYoNgNeuZfGeyWDKO9RJZg',
    'createtime' => '1576493298',
    'msgtype' => 'event',
    'event' => 'VIEW',
    'eventkey' => 'http://www.boyufengmao.com/app/index.php?i=10&c=entry&m=ewei_shopv2&do=mobile',
    'menuid' => '432207807',
    'from' => 'opjhUwGYoNgNeuZfGeyWDKO9RJZg',
    'to' => 'gh_62bcc2f9639d',
    'time' => '1576493298',
    'type' => 'text',
    'content' => 'http://www.boyufengmao.com/app/index.php?i=10&c=entry&m=ewei_shopv2&do=mobile',
    'redirection' => true,
    'source' => 'VIEW',
  ),
)

2019-12-16 18:48:18 response :
------------

2019-12-16 19:01:22 trace :
------------
String:
<xml><ToUserName><![CDATA[gh_f9b894563ef4]]></ToUserName>
<FromUserName><![CDATA[o5V8y1ZwAKnq6ojCs_ctiXqWUMAQ]]></FromUserName>
<CreateTime>1576494082</CreateTime>
<MsgType><![CDATA[event]]></MsgType>
<Event><![CDATA[subscribe]]></Event>
<EventKey><![CDATA[qrscene_business:5864a01773794135a05fba69901b7199]]></EventKey>
<Ticket><![CDATA[gQGj8DwAAAAAAAAAAS5odHRwOi8vd2VpeGluLnFxLmNvbS9xLzAyZ3RQMXQ5QnZjT2wxMDAwMHcwN2oAAgQPhH9cAwQAAAAA]]></Ticket>
</xml>

2019-12-16 19:01:22 params :
------------
String:
array (
  'rule' => -2,
  'module' => '',
  'message' => 
  array (
    'tousername' => 'gh_f9b894563ef4',
    'fromusername' => 'o5V8y1ZwAKnq6ojCs_ctiXqWUMAQ',
    'createtime' => '1576494082',
    'msgtype' => 'event',
    'event' => 'subscribe',
    'eventkey' => 'qrscene_business:5864a01773794135a05fba69901b7199',
    'ticket' => 'gQGj8DwAAAAAAAAAAS5odHRwOi8vd2VpeGluLnFxLmNvbS9xLzAyZ3RQMXQ5QnZjT2wxMDAwMHcwN2oAAgQPhH9cAwQAAAAA',
    'from' => 'o5V8y1ZwAKnq6ojCs_ctiXqWUMAQ',
    'to' => 'gh_f9b894563ef4',
    'time' => '1576494082',
    'type' => 'text',
    'scene' => 'business:5864a01773794135a05fba69901b7199',
    'redirection' => true,
    'source' => 'subscribe',
  ),
)

2019-12-16 19:01:22 response :
------------

2019-12-16 19:01:23 trace :
------------
String:
<xml><ToUserName><![CDATA[gh_f9b894563ef4]]></ToUserName>
<FromUserName><![CDATA[o5V8y1ZwAKnq6ojCs_ctiXqWUMAQ]]></FromUserName>
<CreateTime>1576494083</CreateTime>
<MsgType><![CDATA[event]]></MsgType>
<Event><![CDATA[VIEW]]></Event>
<EventKey><![CDATA[http://www.boyufengmao.com/app/index.php?i=6&c=entry&m=ewei_shopv2&do=mobile&r=diypage&id=35]]></EventKey>
<MenuId>445261982</MenuId>
</xml>

2019-12-16 19:01:23 params :
------------
String:
array (
  'rule' => -2,
  'module' => '',
  'message' => 
  array (
    'tousername' => 'gh_f9b894563ef4',
    'fromusername' => 'o5V8y1ZwAKnq6ojCs_ctiXqWUMAQ',
    'createtime' => '1576494083',
    'msgtype' => 'event',
    'event' => 'VIEW',
    'eventkey' => 'http://www.boyufengmao.com/app/index.php?i=6&c=entry&m=ewei_shopv2&do=mobile&r=diypage&id=35',
    'menuid' => '445261982',
    'from' => 'o5V8y1ZwAKnq6ojCs_ctiXqWUMAQ',
    'to' => 'gh_f9b894563ef4',
    'time' => '1576494083',
    'type' => 'text',
    'content' => 'http://www.boyufengmao.com/app/index.php?i=6&c=entry&m=ewei_shopv2&do=mobile&r=diypage&id=35',
    'redirection' => true,
    'source' => 'VIEW',
  ),
)

2019-12-16 19:01:23 response :
------------

2019-12-16 19:02:32 trace :
------------
String:
<xml><ToUserName><![CDATA[gh_f9b894563ef4]]></ToUserName>
<FromUserName><![CDATA[o5V8y1ZwAKnq6ojCs_ctiXqWUMAQ]]></FromUserName>
<CreateTime>1576494152</CreateTime>
<MsgType><![CDATA[event]]></MsgType>
<Event><![CDATA[VIEW]]></Event>
<EventKey><![CDATA[http://www.boyufengmao.com/app/index.php?i=6&c=entry&m=ewei_shopv2&do=mobile&r=diypage&id=35]]></EventKey>
<MenuId>445261982</MenuId>
</xml>

2019-12-16 19:02:32 params :
------------
String:
array (
  'rule' => -2,
  'module' => '',
  'message' => 
  array (
    'tousername' => 'gh_f9b894563ef4',
    'fromusername' => 'o5V8y1ZwAKnq6ojCs_ctiXqWUMAQ',
    'createtime' => '1576494152',
    'msgtype' => 'event',
    'event' => 'VIEW',
    'eventkey' => 'http://www.boyufengmao.com/app/index.php?i=6&c=entry&m=ewei_shopv2&do=mobile&r=diypage&id=35',
    'menuid' => '445261982',
    'from' => 'o5V8y1ZwAKnq6ojCs_ctiXqWUMAQ',
    'to' => 'gh_f9b894563ef4',
    'time' => '1576494152',
    'type' => 'text',
    'content' => 'http://www.boyufengmao.com/app/index.php?i=6&c=entry&m=ewei_shopv2&do=mobile&r=diypage&id=35',
    'redirection' => true,
    'source' => 'VIEW',
  ),
)

2019-12-16 19:02:32 response :
------------

2019-12-16 19:31:47 trace :
------------
String:
<xml><ToUserName><![CDATA[gh_f9b894563ef4]]></ToUserName>
<FromUserName><![CDATA[o5V8y1V_7T1q9ZsoKktVqdePcAAQ]]></FromUserName>
<CreateTime>1576495907</CreateTime>
<MsgType><![CDATA[event]]></MsgType>
<Event><![CDATA[SCAN]]></Event>
<EventKey><![CDATA[business:5864a01773794135a05fba69901b7199]]></EventKey>
<Ticket><![CDATA[gQGj8DwAAAAAAAAAAS5odHRwOi8vd2VpeGluLnFxLmNvbS9xLzAyZ3RQMXQ5QnZjT2wxMDAwMHcwN2oAAgQPhH9cAwQAAAAA]]></Ticket>
</xml>

2019-12-16 19:31:47 params :
------------
String:
array (
  'rule' => -2,
  'module' => '',
  'message' => 
  array (
    'tousername' => 'gh_f9b894563ef4',
    'fromusername' => 'o5V8y1V_7T1q9ZsoKktVqdePcAAQ',
    'createtime' => '1576495907',
    'msgtype' => 'event',
    'event' => 'SCAN',
    'eventkey' => 'business:5864a01773794135a05fba69901b7199',
    'ticket' => 'gQGj8DwAAAAAAAAAAS5odHRwOi8vd2VpeGluLnFxLmNvbS9xLzAyZ3RQMXQ5QnZjT2wxMDAwMHcwN2oAAgQPhH9cAwQAAAAA',
    'from' => 'o5V8y1V_7T1q9ZsoKktVqdePcAAQ',
    'to' => 'gh_f9b894563ef4',
    'time' => '1576495907',
    'type' => 'text',
    'scene' => 'business:5864a01773794135a05fba69901b7199',
    'redirection' => true,
    'source' => 'qr',
  ),
)

2019-12-16 19:31:47 response :
------------

2019-12-16 19:32:04 trace :
------------
String:
<xml><ToUserName><![CDATA[gh_f9b894563ef4]]></ToUserName>
<FromUserName><![CDATA[o5V8y1V_7T1q9ZsoKktVqdePcAAQ]]></FromUserName>
<CreateTime>1576495924</CreateTime>
<MsgType><![CDATA[event]]></MsgType>
<Event><![CDATA[VIEW]]></Event>
<EventKey><![CDATA[http://www.boyufengmao.com/app/index.php?i=6&c=entry&m=ewei_shopv2&do=mobile]]></EventKey>
<MenuId>445261982</MenuId>
</xml>

2019-12-16 19:32:04 params :
------------
String:
array (
  'rule' => -2,
  'module' => '',
  'message' => 
  array (
    'tousername' => 'gh_f9b894563ef4',
    'fromusername' => 'o5V8y1V_7T1q9ZsoKktVqdePcAAQ',
    'createtime' => '1576495924',
    'msgtype' => 'event',
    'event' => 'VIEW',
    'eventkey' => 'http://www.boyufengmao.com/app/index.php?i=6&c=entry&m=ewei_shopv2&do=mobile',
    'menuid' => '445261982',
    'from' => 'o5V8y1V_7T1q9ZsoKktVqdePcAAQ',
    'to' => 'gh_f9b894563ef4',
    'time' => '1576495924',
    'type' => 'text',
    'content' => 'http://www.boyufengmao.com/app/index.php?i=6&c=entry&m=ewei_shopv2&do=mobile',
    'redirection' => true,
    'source' => 'VIEW',
  ),
)

2019-12-16 19:32:04 response :
------------

2019-12-16 20:13:55 trace :
------------
String:
<xml><ToUserName><![CDATA[gh_f9b894563ef4]]></ToUserName>
<FromUserName><![CDATA[o5V8y1abhc_1LO1dcMiDX83P80Dc]]></FromUserName>
<CreateTime>1576498435</CreateTime>
<MsgType><![CDATA[event]]></MsgType>
<Event><![CDATA[SCAN]]></Event>
<EventKey><![CDATA[business:5864a01773794135a05fba69901b7199]]></EventKey>
<Ticket><![CDATA[gQGj8DwAAAAAAAAAAS5odHRwOi8vd2VpeGluLnFxLmNvbS9xLzAyZ3RQMXQ5QnZjT2wxMDAwMHcwN2oAAgQPhH9cAwQAAAAA]]></Ticket>
</xml>

2019-12-16 20:13:55 params :
------------
String:
array (
  'rule' => -2,
  'module' => '',
  'message' => 
  array (
    'tousername' => 'gh_f9b894563ef4',
    'fromusername' => 'o5V8y1abhc_1LO1dcMiDX83P80Dc',
    'createtime' => '1576498435',
    'msgtype' => 'event',
    'event' => 'SCAN',
    'eventkey' => 'business:5864a01773794135a05fba69901b7199',
    'ticket' => 'gQGj8DwAAAAAAAAAAS5odHRwOi8vd2VpeGluLnFxLmNvbS9xLzAyZ3RQMXQ5QnZjT2wxMDAwMHcwN2oAAgQPhH9cAwQAAAAA',
    'from' => 'o5V8y1abhc_1LO1dcMiDX83P80Dc',
    'to' => 'gh_f9b894563ef4',
    'time' => '1576498435',
    'type' => 'text',
    'scene' => 'business:5864a01773794135a05fba69901b7199',
    'redirection' => true,
    'source' => 'qr',
  ),
)

2019-12-16 20:13:55 response :
------------

2019-12-16 20:14:13 trace :
------------
String:
<xml><ToUserName><![CDATA[gh_f9b894563ef4]]></ToUserName>
<FromUserName><![CDATA[o5V8y1abhc_1LO1dcMiDX83P80Dc]]></FromUserName>
<CreateTime>1576498453</CreateTime>
<MsgType><![CDATA[text]]></MsgType>
<Content><![CDATA[18991812860]]></Content>
<MsgId>22570030699297160</MsgId>
</xml>

2019-12-16 20:14:13 params :
------------
String:
array (
  'rule' => -2,
  'module' => '',
  'message' => 
  array (
    'tousername' => 'gh_f9b894563ef4',
    'fromusername' => 'o5V8y1abhc_1LO1dcMiDX83P80Dc',
    'createtime' => '1576498453',
    'msgtype' => 'text',
    'content' => '18991812860',
    'msgid' => '22570030699297160',
    'from' => 'o5V8y1abhc_1LO1dcMiDX83P80Dc',
    'to' => 'gh_f9b894563ef4',
    'time' => '1576498453',
    'type' => 'text',
    'event' => NULL,
    'redirection' => false,
    'source' => NULL,
  ),
)

2019-12-16 20:14:13 response :
------------

2019-12-16 20:14:53 trace :
------------
String:
<xml><ToUserName><![CDATA[gh_f9b894563ef4]]></ToUserName>
<FromUserName><![CDATA[o5V8y1X_Zq0XvXQG08O_A-Hy-Xp8]]></FromUserName>
<CreateTime>1576498493</CreateTime>
<MsgType><![CDATA[event]]></MsgType>
<Event><![CDATA[subscribe]]></Event>
<EventKey><![CDATA[qrscene_business:5864a01773794135a05fba69901b7199]]></EventKey>
<Ticket><![CDATA[gQGj8DwAAAAAAAAAAS5odHRwOi8vd2VpeGluLnFxLmNvbS9xLzAyZ3RQMXQ5QnZjT2wxMDAwMHcwN2oAAgQPhH9cAwQAAAAA]]></Ticket>
</xml>

2019-12-16 20:14:53 params :
------------
String:
array (
  'rule' => -2,
  'module' => '',
  'message' => 
  array (
    'tousername' => 'gh_f9b894563ef4',
    'fromusername' => 'o5V8y1X_Zq0XvXQG08O_A-Hy-Xp8',
    'createtime' => '1576498493',
    'msgtype' => 'event',
    'event' => 'subscribe',
    'eventkey' => 'qrscene_business:5864a01773794135a05fba69901b7199',
    'ticket' => 'gQGj8DwAAAAAAAAAAS5odHRwOi8vd2VpeGluLnFxLmNvbS9xLzAyZ3RQMXQ5QnZjT2wxMDAwMHcwN2oAAgQPhH9cAwQAAAAA',
    'from' => 'o5V8y1X_Zq0XvXQG08O_A-Hy-Xp8',
    'to' => 'gh_f9b894563ef4',
    'time' => '1576498493',
    'type' => 'text',
    'scene' => 'business:5864a01773794135a05fba69901b7199',
    'redirection' => true,
    'source' => 'subscribe',
  ),
)

2019-12-16 20:14:53 response :
------------

2019-12-16 20:15:12 trace :
------------
String:
<xml><ToUserName><![CDATA[gh_f9b894563ef4]]></ToUserName>
<FromUserName><![CDATA[o5V8y1X_Zq0XvXQG08O_A-Hy-Xp8]]></FromUserName>
<CreateTime>1576498512</CreateTime>
<MsgType><![CDATA[event]]></MsgType>
<Event><![CDATA[VIEW]]></Event>
<EventKey><![CDATA[http://www.boyufengmao.com/app/index.php?i=6&c=entry&m=ewei_shopv2&do=mobile&r=diypage&id=35]]></EventKey>
<MenuId>445261982</MenuId>
</xml>

2019-12-16 20:15:12 params :
------------
String:
array (
  'rule' => -2,
  'module' => '',
  'message' => 
  array (
    'tousername' => 'gh_f9b894563ef4',
    'fromusername' => 'o5V8y1X_Zq0XvXQG08O_A-Hy-Xp8',
    'createtime' => '1576498512',
    'msgtype' => 'event',
    'event' => 'VIEW',
    'eventkey' => 'http://www.boyufengmao.com/app/index.php?i=6&c=entry&m=ewei_shopv2&do=mobile&r=diypage&id=35',
    'menuid' => '445261982',
    'from' => 'o5V8y1X_Zq0XvXQG08O_A-Hy-Xp8',
    'to' => 'gh_f9b894563ef4',
    'time' => '1576498512',
    'type' => 'text',
    'content' => 'http://www.boyufengmao.com/app/index.php?i=6&c=entry&m=ewei_shopv2&do=mobile&r=diypage&id=35',
    'redirection' => true,
    'source' => 'VIEW',
  ),
)

2019-12-16 20:15:12 response :
------------

2019-12-16 20:28:09 trace :
------------
String:
<xml><ToUserName><![CDATA[gh_62bcc2f9639d]]></ToUserName>
<FromUserName><![CDATA[opjhUwFRckeRrgucqY-pdVBw8Zm8]]></FromUserName>
<CreateTime>1576499289</CreateTime>
<MsgType><![CDATA[event]]></MsgType>
<Event><![CDATA[subscribe]]></Event>
<EventKey><![CDATA[]]></EventKey>
</xml>

2019-12-16 20:28:09 params :
------------
String:
array (
  'rule' => -2,
  'module' => '',
  'message' => 
  array (
    'tousername' => 'gh_62bcc2f9639d',
    'fromusername' => 'opjhUwFRckeRrgucqY-pdVBw8Zm8',
    'createtime' => '1576499289',
    'msgtype' => 'event',
    'event' => 'subscribe',
    'eventkey' => '',
    'from' => 'opjhUwFRckeRrgucqY-pdVBw8Zm8',
    'to' => 'gh_62bcc2f9639d',
    'time' => '1576499289',
    'type' => 'text',
    'redirection' => true,
    'source' => 'subscribe',
  ),
)

2019-12-16 20:28:09 response :
------------

2019-12-16 20:28:49 trace :
------------
String:
<xml><ToUserName><![CDATA[gh_62bcc2f9639d]]></ToUserName>
<FromUserName><![CDATA[opjhUwFRckeRrgucqY-pdVBw8Zm8]]></FromUserName>
<CreateTime>1576499329</CreateTime>
<MsgType><![CDATA[event]]></MsgType>
<Event><![CDATA[VIEW]]></Event>
<EventKey><![CDATA[http://www.boyufengmao.com/app/index.php?i=10&c=entry&m=ewei_shopv2&do=mobile]]></EventKey>
<MenuId>432207807</MenuId>
</xml>

2019-12-16 20:28:49 params :
------------
String:
array (
  'rule' => -2,
  'module' => '',
  'message' => 
  array (
    'tousername' => 'gh_62bcc2f9639d',
    'fromusername' => 'opjhUwFRckeRrgucqY-pdVBw8Zm8',
    'createtime' => '1576499329',
    'msgtype' => 'event',
    'event' => 'VIEW',
    'eventkey' => 'http://www.boyufengmao.com/app/index.php?i=10&c=entry&m=ewei_shopv2&do=mobile',
    'menuid' => '432207807',
    'from' => 'opjhUwFRckeRrgucqY-pdVBw8Zm8',
    'to' => 'gh_62bcc2f9639d',
    'time' => '1576499329',
    'type' => 'text',
    'content' => 'http://www.boyufengmao.com/app/index.php?i=10&c=entry&m=ewei_shopv2&do=mobile',
    'redirection' => true,
    'source' => 'VIEW',
  ),
)

2019-12-16 20:28:49 response :
------------

2019-12-16 20:30:05 trace :
------------
String:
<xml><ToUserName><![CDATA[gh_62bcc2f9639d]]></ToUserName>
<FromUserName><![CDATA[opjhUwJwtqftc-cN2yC9D0seWFIA]]></FromUserName>
<CreateTime>1576499405</CreateTime>
<MsgType><![CDATA[event]]></MsgType>
<Event><![CDATA[subscribe]]></Event>
<EventKey><![CDATA[]]></EventKey>
</xml>

2019-12-16 20:30:05 params :
------------
String:
array (
  'rule' => -2,
  'module' => '',
  'message' => 
  array (
    'tousername' => 'gh_62bcc2f9639d',
    'fromusername' => 'opjhUwJwtqftc-cN2yC9D0seWFIA',
    'createtime' => '1576499405',
    'msgtype' => 'event',
    'event' => 'subscribe',
    'eventkey' => '',
    'from' => 'opjhUwJwtqftc-cN2yC9D0seWFIA',
    'to' => 'gh_62bcc2f9639d',
    'time' => '1576499405',
    'type' => 'text',
    'redirection' => true,
    'source' => 'subscribe',
  ),
)

2019-12-16 20:30:05 response :
------------

2019-12-16 20:30:07 trace :
------------
String:
<xml><ToUserName><![CDATA[gh_62bcc2f9639d]]></ToUserName>
<FromUserName><![CDATA[opjhUwJwtqftc-cN2yC9D0seWFIA]]></FromUserName>
<CreateTime>1576499407</CreateTime>
<MsgType><![CDATA[event]]></MsgType>
<Event><![CDATA[VIEW]]></Event>
<EventKey><![CDATA[http://www.boyufengmao.com/app/index.php?i=10&c=entry&m=ewei_shopv2&do=mobile]]></EventKey>
<MenuId>432207807</MenuId>
</xml>

2019-12-16 20:30:07 params :
------------
String:
array (
  'rule' => -2,
  'module' => '',
  'message' => 
  array (
    'tousername' => 'gh_62bcc2f9639d',
    'fromusername' => 'opjhUwJwtqftc-cN2yC9D0seWFIA',
    'createtime' => '1576499407',
    'msgtype' => 'event',
    'event' => 'VIEW',
    'eventkey' => 'http://www.boyufengmao.com/app/index.php?i=10&c=entry&m=ewei_shopv2&do=mobile',
    'menuid' => '432207807',
    'from' => 'opjhUwJwtqftc-cN2yC9D0seWFIA',
    'to' => 'gh_62bcc2f9639d',
    'time' => '1576499407',
    'type' => 'text',
    'content' => 'http://www.boyufengmao.com/app/index.php?i=10&c=entry&m=ewei_shopv2&do=mobile',
    'redirection' => true,
    'source' => 'VIEW',
  ),
)

2019-12-16 20:30:07 response :
------------

2019-12-16 20:30:30 trace :
------------
String:
<xml><ToUserName><![CDATA[gh_f9b894563ef4]]></ToUserName>
<FromUserName><![CDATA[o5V8y1QUVDmDMJMkadOgfrT1d2a0]]></FromUserName>
<CreateTime>1576499429</CreateTime>
<MsgType><![CDATA[event]]></MsgType>
<Event><![CDATA[TEMPLATESENDJOBFINISH]]></Event>
<MsgID>1122515855738306564</MsgID>
<Status><![CDATA[success]]></Status>
</xml>

2019-12-16 20:30:30 params :
------------
String:
array (
  'rule' => -2,
  'module' => '',
  'message' => 
  array (
    'tousername' => 'gh_f9b894563ef4',
    'fromusername' => 'o5V8y1QUVDmDMJMkadOgfrT1d2a0',
    'createtime' => '1576499429',
    'msgtype' => 'event',
    'event' => 'TEMPLATESENDJOBFINISH',
    'msgid' => '1122515855738306564',
    'status' => 'success',
    'from' => 'o5V8y1QUVDmDMJMkadOgfrT1d2a0',
    'to' => 'gh_f9b894563ef4',
    'time' => '1576499429',
    'type' => 'event',
  ),
)

2019-12-16 20:30:30 response :
------------

2019-12-16 20:36:40 trace :
------------
String:
<xml><ToUserName><![CDATA[gh_62bcc2f9639d]]></ToUserName>
<FromUserName><![CDATA[opjhUwCR42HN4G3vyI0GSOu0ruCk]]></FromUserName>
<CreateTime>1576499800</CreateTime>
<MsgType><![CDATA[event]]></MsgType>
<Event><![CDATA[VIEW]]></Event>
<EventKey><![CDATA[http://www.boyufengmao.com/app/index.php?i=10&c=entry&m=ewei_shopv2&do=mobile]]></EventKey>
<MenuId>432207807</MenuId>
</xml>

2019-12-16 20:36:40 params :
------------
String:
array (
  'rule' => -2,
  'module' => '',
  'message' => 
  array (
    'tousername' => 'gh_62bcc2f9639d',
    'fromusername' => 'opjhUwCR42HN4G3vyI0GSOu0ruCk',
    'createtime' => '1576499800',
    'msgtype' => 'event',
    'event' => 'VIEW',
    'eventkey' => 'http://www.boyufengmao.com/app/index.php?i=10&c=entry&m=ewei_shopv2&do=mobile',
    'menuid' => '432207807',
    'from' => 'opjhUwCR42HN4G3vyI0GSOu0ruCk',
    'to' => 'gh_62bcc2f9639d',
    'time' => '1576499800',
    'type' => 'text',
    'content' => 'http://www.boyufengmao.com/app/index.php?i=10&c=entry&m=ewei_shopv2&do=mobile',
    'redirection' => true,
    'source' => 'VIEW',
  ),
)

2019-12-16 20:36:40 response :
------------

2019-12-16 20:36:51 trace :
------------
String:
<xml><ToUserName><![CDATA[gh_62bcc2f9639d]]></ToUserName>
<FromUserName><![CDATA[opjhUwCR42HN4G3vyI0GSOu0ruCk]]></FromUserName>
<CreateTime>1576499810</CreateTime>
<MsgType><![CDATA[event]]></MsgType>
<Event><![CDATA[VIEW]]></Event>
<EventKey><![CDATA[http://www.boyufengmao.com/app/index.php?i=10&c=entry&m=ewei_shopv2&do=mobile]]></EventKey>
<MenuId>432207807</MenuId>
</xml>

2019-12-16 20:36:51 params :
------------
String:
array (
  'rule' => -2,
  'module' => '',
  'message' => 
  array (
    'tousername' => 'gh_62bcc2f9639d',
    'fromusername' => 'opjhUwCR42HN4G3vyI0GSOu0ruCk',
    'createtime' => '1576499810',
    'msgtype' => 'event',
    'event' => 'VIEW',
    'eventkey' => 'http://www.boyufengmao.com/app/index.php?i=10&c=entry&m=ewei_shopv2&do=mobile',
    'menuid' => '432207807',
    'from' => 'opjhUwCR42HN4G3vyI0GSOu0ruCk',
    'to' => 'gh_62bcc2f9639d',
    'time' => '1576499810',
    'type' => 'text',
    'content' => 'http://www.boyufengmao.com/app/index.php?i=10&c=entry&m=ewei_shopv2&do=mobile',
    'redirection' => true,
    'source' => 'VIEW',
  ),
)

2019-12-16 20:36:51 response :
------------

2019-12-16 20:38:32 trace :
------------
String:
<xml><ToUserName><![CDATA[gh_62bcc2f9639d]]></ToUserName>
<FromUserName><![CDATA[opjhUwLGOS2eEZ-Z36CBqLcIW_-Q]]></FromUserName>
<CreateTime>1576499912</CreateTime>
<MsgType><![CDATA[event]]></MsgType>
<Event><![CDATA[VIEW]]></Event>
<EventKey><![CDATA[http://www.boyufengmao.com/app/index.php?i=10&c=entry&m=ewei_shopv2&do=mobile]]></EventKey>
<MenuId>432207807</MenuId>
</xml>

2019-12-16 20:38:32 params :
------------
String:
array (
  'rule' => -2,
  'module' => '',
  'message' => 
  array (
    'tousername' => 'gh_62bcc2f9639d',
    'fromusername' => 'opjhUwLGOS2eEZ-Z36CBqLcIW_-Q',
    'createtime' => '1576499912',
    'msgtype' => 'event',
    'event' => 'VIEW',
    'eventkey' => 'http://www.boyufengmao.com/app/index.php?i=10&c=entry&m=ewei_shopv2&do=mobile',
    'menuid' => '432207807',
    'from' => 'opjhUwLGOS2eEZ-Z36CBqLcIW_-Q',
    'to' => 'gh_62bcc2f9639d',
    'time' => '1576499912',
    'type' => 'text',
    'content' => 'http://www.boyufengmao.com/app/index.php?i=10&c=entry&m=ewei_shopv2&do=mobile',
    'redirection' => true,
    'source' => 'VIEW',
  ),
)

2019-12-16 20:38:32 response :
------------

2019-12-16 20:46:59 trace :
------------
String:
<xml><ToUserName><![CDATA[gh_f9b894563ef4]]></ToUserName>
<FromUserName><![CDATA[o5V8y1YrNL3P2ULaAtSubzPSQ88o]]></FromUserName>
<CreateTime>1576500419</CreateTime>
<MsgType><![CDATA[event]]></MsgType>
<Event><![CDATA[SCAN]]></Event>
<EventKey><![CDATA[business:5864a01773794135a05fba69901b7199]]></EventKey>
<Ticket><![CDATA[gQGj8DwAAAAAAAAAAS5odHRwOi8vd2VpeGluLnFxLmNvbS9xLzAyZ3RQMXQ5QnZjT2wxMDAwMHcwN2oAAgQPhH9cAwQAAAAA]]></Ticket>
</xml>

2019-12-16 20:46:59 params :
------------
String:
array (
  'rule' => -2,
  'module' => '',
  'message' => 
  array (
    'tousername' => 'gh_f9b894563ef4',
    'fromusername' => 'o5V8y1YrNL3P2ULaAtSubzPSQ88o',
    'createtime' => '1576500419',
    'msgtype' => 'event',
    'event' => 'SCAN',
    'eventkey' => 'business:5864a01773794135a05fba69901b7199',
    'ticket' => 'gQGj8DwAAAAAAAAAAS5odHRwOi8vd2VpeGluLnFxLmNvbS9xLzAyZ3RQMXQ5QnZjT2wxMDAwMHcwN2oAAgQPhH9cAwQAAAAA',
    'from' => 'o5V8y1YrNL3P2ULaAtSubzPSQ88o',
    'to' => 'gh_f9b894563ef4',
    'time' => '1576500419',
    'type' => 'text',
    'scene' => 'business:5864a01773794135a05fba69901b7199',
    'redirection' => true,
    'source' => 'qr',
  ),
)

2019-12-16 20:46:59 response :
------------

2019-12-16 20:49:40 trace :
------------
String:
<xml><ToUserName><![CDATA[gh_f9b894563ef4]]></ToUserName>
<FromUserName><![CDATA[o5V8y1Yz1X6h65HLOvMiHJ8P_Tmw]]></FromUserName>
<CreateTime>1576500579</CreateTime>
<MsgType><![CDATA[event]]></MsgType>
<Event><![CDATA[SCAN]]></Event>
<EventKey><![CDATA[business:5864a01773794135a05fba69901b7199]]></EventKey>
<Ticket><![CDATA[gQGj8DwAAAAAAAAAAS5odHRwOi8vd2VpeGluLnFxLmNvbS9xLzAyZ3RQMXQ5QnZjT2wxMDAwMHcwN2oAAgQPhH9cAwQAAAAA]]></Ticket>
</xml>

2019-12-16 20:49:40 params :
------------
String:
array (
  'rule' => -2,
  'module' => '',
  'message' => 
  array (
    'tousername' => 'gh_f9b894563ef4',
    'fromusername' => 'o5V8y1Yz1X6h65HLOvMiHJ8P_Tmw',
    'createtime' => '1576500579',
    'msgtype' => 'event',
    'event' => 'SCAN',
    'eventkey' => 'business:5864a01773794135a05fba69901b7199',
    'ticket' => 'gQGj8DwAAAAAAAAAAS5odHRwOi8vd2VpeGluLnFxLmNvbS9xLzAyZ3RQMXQ5QnZjT2wxMDAwMHcwN2oAAgQPhH9cAwQAAAAA',
    'from' => 'o5V8y1Yz1X6h65HLOvMiHJ8P_Tmw',
    'to' => 'gh_f9b894563ef4',
    'time' => '1576500579',
    'type' => 'text',
    'scene' => 'business:5864a01773794135a05fba69901b7199',
    'redirection' => true,
    'source' => 'qr',
  ),
)

2019-12-16 20:49:40 response :
------------

2019-12-16 21:15:56 trace :
------------
String:
<xml><ToUserName><![CDATA[gh_f9b894563ef4]]></ToUserName>
<FromUserName><![CDATA[o5V8y1X_Zq0XvXQG08O_A-Hy-Xp8]]></FromUserName>
<CreateTime>1576502156</CreateTime>
<MsgType><![CDATA[event]]></MsgType>
<Event><![CDATA[VIEW]]></Event>
<EventKey><![CDATA[http://www.boyufengmao.com/app/index.php?i=6&c=entry&m=ewei_shopv2&do=mobile&r=diypage&id=35]]></EventKey>
<MenuId>445261982</MenuId>
</xml>

2019-12-16 21:15:56 params :
------------
String:
array (
  'rule' => -2,
  'module' => '',
  'message' => 
  array (
    'tousername' => 'gh_f9b894563ef4',
    'fromusername' => 'o5V8y1X_Zq0XvXQG08O_A-Hy-Xp8',
    'createtime' => '1576502156',
    'msgtype' => 'event',
    'event' => 'VIEW',
    'eventkey' => 'http://www.boyufengmao.com/app/index.php?i=6&c=entry&m=ewei_shopv2&do=mobile&r=diypage&id=35',
    'menuid' => '445261982',
    'from' => 'o5V8y1X_Zq0XvXQG08O_A-Hy-Xp8',
    'to' => 'gh_f9b894563ef4',
    'time' => '1576502156',
    'type' => 'text',
    'content' => 'http://www.boyufengmao.com/app/index.php?i=6&c=entry&m=ewei_shopv2&do=mobile&r=diypage&id=35',
    'redirection' => true,
    'source' => 'VIEW',
  ),
)

2019-12-16 21:15:56 response :
------------

2019-12-16 21:32:33 trace :
------------
String:
<xml><ToUserName><![CDATA[gh_f9b894563ef4]]></ToUserName>
<FromUserName><![CDATA[o5V8y1QAn-aU9YaRBiQXEAFcyfj0]]></FromUserName>
<CreateTime>1576503153</CreateTime>
<MsgType><![CDATA[event]]></MsgType>
<Event><![CDATA[SCAN]]></Event>
<EventKey><![CDATA[business:5864a01773794135a05fba69901b7199]]></EventKey>
<Ticket><![CDATA[gQGj8DwAAAAAAAAAAS5odHRwOi8vd2VpeGluLnFxLmNvbS9xLzAyZ3RQMXQ5QnZjT2wxMDAwMHcwN2oAAgQPhH9cAwQAAAAA]]></Ticket>
</xml>

2019-12-16 21:32:33 params :
------------
String:
array (
  'rule' => -2,
  'module' => '',
  'message' => 
  array (
    'tousername' => 'gh_f9b894563ef4',
    'fromusername' => 'o5V8y1QAn-aU9YaRBiQXEAFcyfj0',
    'createtime' => '1576503153',
    'msgtype' => 'event',
    'event' => 'SCAN',
    'eventkey' => 'business:5864a01773794135a05fba69901b7199',
    'ticket' => 'gQGj8DwAAAAAAAAAAS5odHRwOi8vd2VpeGluLnFxLmNvbS9xLzAyZ3RQMXQ5QnZjT2wxMDAwMHcwN2oAAgQPhH9cAwQAAAAA',
    'from' => 'o5V8y1QAn-aU9YaRBiQXEAFcyfj0',
    'to' => 'gh_f9b894563ef4',
    'time' => '1576503153',
    'type' => 'text',
    'scene' => 'business:5864a01773794135a05fba69901b7199',
    'redirection' => true,
    'source' => 'qr',
  ),
)

2019-12-16 21:32:33 response :
------------

2019-12-16 21:32:35 trace :
------------
String:
<xml><ToUserName><![CDATA[gh_f9b894563ef4]]></ToUserName>
<FromUserName><![CDATA[o5V8y1QAn-aU9YaRBiQXEAFcyfj0]]></FromUserName>
<CreateTime>1576503155</CreateTime>
<MsgType><![CDATA[event]]></MsgType>
<Event><![CDATA[VIEW]]></Event>
<EventKey><![CDATA[http://www.boyufengmao.com/app/index.php?i=6&c=entry&m=ewei_shopv2&do=mobile]]></EventKey>
<MenuId>445261982</MenuId>
</xml>

2019-12-16 21:32:35 params :
------------
String:
array (
  'rule' => -2,
  'module' => '',
  'message' => 
  array (
    'tousername' => 'gh_f9b894563ef4',
    'fromusername' => 'o5V8y1QAn-aU9YaRBiQXEAFcyfj0',
    'createtime' => '1576503155',
    'msgtype' => 'event',
    'event' => 'VIEW',
    'eventkey' => 'http://www.boyufengmao.com/app/index.php?i=6&c=entry&m=ewei_shopv2&do=mobile',
    'menuid' => '445261982',
    'from' => 'o5V8y1QAn-aU9YaRBiQXEAFcyfj0',
    'to' => 'gh_f9b894563ef4',
    'time' => '1576503155',
    'type' => 'text',
    'content' => 'http://www.boyufengmao.com/app/index.php?i=6&c=entry&m=ewei_shopv2&do=mobile',
    'redirection' => true,
    'source' => 'VIEW',
  ),
)

2019-12-16 21:32:35 response :
------------

2019-12-16 21:50:25 trace :
------------
String:
<xml><ToUserName><![CDATA[gh_f9b894563ef4]]></ToUserName>
<FromUserName><![CDATA[o5V8y1QpQJ7Vx4PT3oaMdV50G3Ec]]></FromUserName>
<CreateTime>1576504225</CreateTime>
<MsgType><![CDATA[event]]></MsgType>
<Event><![CDATA[CLICK]]></Event>
<EventKey><![CDATA[]]></EventKey>
</xml>

2019-12-16 21:50:25 params :
------------
String:
array (
  'message' => 
  array (
    'tousername' => 'gh_f9b894563ef4',
    'fromusername' => 'o5V8y1QpQJ7Vx4PT3oaMdV50G3Ec',
    'createtime' => '1576504225',
    'msgtype' => 'event',
    'event' => 'CLICK',
    'eventkey' => '',
    'from' => 'o5V8y1QpQJ7Vx4PT3oaMdV50G3Ec',
    'to' => 'gh_f9b894563ef4',
    'time' => '1576504225',
    'type' => 'text',
    'content' => '',
    'redirection' => true,
    'source' => 'click',
  ),
  'module' => 'reply',
  'rule' => '19',
  'priority' => '0',
  'keyword' => 
  array (
    'id' => '27',
    'rid' => '19',
    'uniacid' => '6',
    'module' => 'reply',
    'content' => '',
    'type' => '1',
    'displayorder' => '0',
    'status' => '1',
    'reply_type' => 
    array (
      0 => 'basic',
    ),
  ),
  'reply_type' => 
  array (
    0 => 'basic',
  ),
)

2019-12-16 21:50:25 response :
------------
Array:
FromUserName : gh_f9b894563ef4 ;
ToUserName : o5V8y1QpQJ7Vx4PT3oaMdV50G3Ec ;
MsgType : text ;
Content : 029-86357081 /  19909289055  ;

2019-12-16 21:54:13 trace :
------------
String:
<xml><ToUserName><![CDATA[gh_62bcc2f9639d]]></ToUserName>
<FromUserName><![CDATA[opjhUwNqbMddpo0hA9JYu43vOfFU]]></FromUserName>
<CreateTime>1576504453</CreateTime>
<MsgType><![CDATA[event]]></MsgType>
<Event><![CDATA[subscribe]]></Event>
<EventKey><![CDATA[]]></EventKey>
</xml>

2019-12-16 21:54:13 params :
------------
String:
array (
  'rule' => -2,
  'module' => '',
  'message' => 
  array (
    'tousername' => 'gh_62bcc2f9639d',
    'fromusername' => 'opjhUwNqbMddpo0hA9JYu43vOfFU',
    'createtime' => '1576504453',
    'msgtype' => 'event',
    'event' => 'subscribe',
    'eventkey' => '',
    'from' => 'opjhUwNqbMddpo0hA9JYu43vOfFU',
    'to' => 'gh_62bcc2f9639d',
    'time' => '1576504453',
    'type' => 'text',
    'redirection' => true,
    'source' => 'subscribe',
  ),
)

2019-12-16 21:54:13 response :
------------

2019-12-16 21:54:16 trace :
------------
String:
<xml><ToUserName><![CDATA[gh_62bcc2f9639d]]></ToUserName>
<FromUserName><![CDATA[opjhUwNqbMddpo0hA9JYu43vOfFU]]></FromUserName>
<CreateTime>1576504456</CreateTime>
<MsgType><![CDATA[event]]></MsgType>
<Event><![CDATA[VIEW]]></Event>
<EventKey><![CDATA[http://www.boyufengmao.com/app/index.php?i=10&c=entry&m=ewei_shopv2&do=mobile]]></EventKey>
<MenuId>432207807</MenuId>
</xml>

2019-12-16 21:54:16 params :
------------
String:
array (
  'rule' => -2,
  'module' => '',
  'message' => 
  array (
    'tousername' => 'gh_62bcc2f9639d',
    'fromusername' => 'opjhUwNqbMddpo0hA9JYu43vOfFU',
    'createtime' => '1576504456',
    'msgtype' => 'event',
    'event' => 'VIEW',
    'eventkey' => 'http://www.boyufengmao.com/app/index.php?i=10&c=entry&m=ewei_shopv2&do=mobile',
    'menuid' => '432207807',
    'from' => 'opjhUwNqbMddpo0hA9JYu43vOfFU',
    'to' => 'gh_62bcc2f9639d',
    'time' => '1576504456',
    'type' => 'text',
    'content' => 'http://www.boyufengmao.com/app/index.php?i=10&c=entry&m=ewei_shopv2&do=mobile',
    'redirection' => true,
    'source' => 'VIEW',
  ),
)

2019-12-16 21:54:16 response :
------------

2019-12-16 21:56:57 trace :
------------
String:
<xml><ToUserName><![CDATA[gh_62bcc2f9639d]]></ToUserName>
<FromUserName><![CDATA[opjhUwLGOS2eEZ-Z36CBqLcIW_-Q]]></FromUserName>
<CreateTime>1576504617</CreateTime>
<MsgType><![CDATA[event]]></MsgType>
<Event><![CDATA[VIEW]]></Event>
<EventKey><![CDATA[http://www.boyufengmao.com/app/index.php?i=10&c=entry&m=ewei_shopv2&do=mobile]]></EventKey>
<MenuId>432207807</MenuId>
</xml>

2019-12-16 21:56:57 params :
------------
String:
array (
  'rule' => -2,
  'module' => '',
  'message' => 
  array (
    'tousername' => 'gh_62bcc2f9639d',
    'fromusername' => 'opjhUwLGOS2eEZ-Z36CBqLcIW_-Q',
    'createtime' => '1576504617',
    'msgtype' => 'event',
    'event' => 'VIEW',
    'eventkey' => 'http://www.boyufengmao.com/app/index.php?i=10&c=entry&m=ewei_shopv2&do=mobile',
    'menuid' => '432207807',
    'from' => 'opjhUwLGOS2eEZ-Z36CBqLcIW_-Q',
    'to' => 'gh_62bcc2f9639d',
    'time' => '1576504617',
    'type' => 'text',
    'content' => 'http://www.boyufengmao.com/app/index.php?i=10&c=entry&m=ewei_shopv2&do=mobile',
    'redirection' => true,
    'source' => 'VIEW',
  ),
)

2019-12-16 21:56:57 response :
------------

2019-12-16 22:31:10 trace :
------------
String:
<xml><ToUserName><![CDATA[gh_f9b894563ef4]]></ToUserName>
<FromUserName><![CDATA[o5V8y1RCrFgdbNBbFovLEHKOAMdc]]></FromUserName>
<CreateTime>1576506670</CreateTime>
<MsgType><![CDATA[event]]></MsgType>
<Event><![CDATA[SCAN]]></Event>
<EventKey><![CDATA[business:5864a01773794135a05fba69901b7199]]></EventKey>
<Ticket><![CDATA[gQGj8DwAAAAAAAAAAS5odHRwOi8vd2VpeGluLnFxLmNvbS9xLzAyZ3RQMXQ5QnZjT2wxMDAwMHcwN2oAAgQPhH9cAwQAAAAA]]></Ticket>
</xml>

2019-12-16 22:31:10 params :
------------
String:
array (
  'rule' => -2,
  'module' => '',
  'message' => 
  array (
    'tousername' => 'gh_f9b894563ef4',
    'fromusername' => 'o5V8y1RCrFgdbNBbFovLEHKOAMdc',
    'createtime' => '1576506670',
    'msgtype' => 'event',
    'event' => 'SCAN',
    'eventkey' => 'business:5864a01773794135a05fba69901b7199',
    'ticket' => 'gQGj8DwAAAAAAAAAAS5odHRwOi8vd2VpeGluLnFxLmNvbS9xLzAyZ3RQMXQ5QnZjT2wxMDAwMHcwN2oAAgQPhH9cAwQAAAAA',
    'from' => 'o5V8y1RCrFgdbNBbFovLEHKOAMdc',
    'to' => 'gh_f9b894563ef4',
    'time' => '1576506670',
    'type' => 'text',
    'scene' => 'business:5864a01773794135a05fba69901b7199',
    'redirection' => true,
    'source' => 'qr',
  ),
)

2019-12-16 22:31:10 response :
------------

2019-12-16 22:42:32 trace :
------------
String:
<xml><ToUserName><![CDATA[gh_f9b894563ef4]]></ToUserName>
<FromUserName><![CDATA[o5V8y1cbCjej2jRNvpLdqg9t6AWU]]></FromUserName>
<CreateTime>1576507352</CreateTime>
<MsgType><![CDATA[event]]></MsgType>
<Event><![CDATA[TEMPLATESENDJOBFINISH]]></Event>
<MsgID>1122648778500145153</MsgID>
<Status><![CDATA[success]]></Status>
</xml>

2019-12-16 22:42:32 params :
------------
String:
array (
  'rule' => -2,
  'module' => '',
  'message' => 
  array (
    'tousername' => 'gh_f9b894563ef4',
    'fromusername' => 'o5V8y1cbCjej2jRNvpLdqg9t6AWU',
    'createtime' => '1576507352',
    'msgtype' => 'event',
    'event' => 'TEMPLATESENDJOBFINISH',
    'msgid' => '1122648778500145153',
    'status' => 'success',
    'from' => 'o5V8y1cbCjej2jRNvpLdqg9t6AWU',
    'to' => 'gh_f9b894563ef4',
    'time' => '1576507352',
    'type' => 'event',
  ),
)

2019-12-16 22:42:32 response :
------------

2019-12-16 22:42:40 trace :
------------
String:
<xml><ToUserName><![CDATA[gh_f9b894563ef4]]></ToUserName>
<FromUserName><![CDATA[o5V8y1cbCjej2jRNvpLdqg9t6AWU]]></FromUserName>
<CreateTime>1576507360</CreateTime>
<MsgType><![CDATA[event]]></MsgType>
<Event><![CDATA[TEMPLATESENDJOBFINISH]]></Event>
<MsgID>1122648899983966208</MsgID>
<Status><![CDATA[success]]></Status>
</xml>

2019-12-16 22:42:40 params :
------------
String:
array (
  'rule' => -2,
  'module' => '',
  'message' => 
  array (
    'tousername' => 'gh_f9b894563ef4',
    'fromusername' => 'o5V8y1cbCjej2jRNvpLdqg9t6AWU',
    'createtime' => '1576507360',
    'msgtype' => 'event',
    'event' => 'TEMPLATESENDJOBFINISH',
    'msgid' => '1122648899983966208',
    'status' => 'success',
    'from' => 'o5V8y1cbCjej2jRNvpLdqg9t6AWU',
    'to' => 'gh_f9b894563ef4',
    'time' => '1576507360',
    'type' => 'event',
  ),
)

2019-12-16 22:42:40 response :
------------

