2019-09-09 05:08:43 trace :
------------
String:
<xml><ToUserName><![CDATA[gh_f9b894563ef4]]></ToUserName>
<FromUserName><![CDATA[o5V8y1V0Wyt3iLFpd4Bxhw18mwgs]]></FromUserName>
<CreateTime>1567976923</CreateTime>
<MsgType><![CDATA[event]]></MsgType>
<Event><![CDATA[unsubscribe]]></Event>
<EventKey><![CDATA[]]></EventKey>
</xml>

2019-09-09 08:23:56 trace :
------------
String:
<xml><ToUserName><![CDATA[gh_162fc9cda7ca]]></ToUserName>
<FromUserName><![CDATA[oYRrw08x3G2HoZAE9fxROpCJMNEU]]></FromUserName>
<CreateTime>1567988636</CreateTime>
<MsgType><![CDATA[event]]></MsgType>
<Event><![CDATA[VIEW]]></Event>
<EventKey><![CDATA[http://www.boyufengmao.com/app/index.php?i=5&c=entry&m=ewei_shopv2&do=mobile&r=diypage&id=24]]></EventKey>
<MenuId>431928873</MenuId>
</xml>

2019-09-09 08:23:56 params :
------------
String:
array (
  'rule' => -2,
  'module' => '',
  'message' => 
  array (
    'tousername' => 'gh_162fc9cda7ca',
    'fromusername' => 'oYRrw08x3G2HoZAE9fxROpCJMNEU',
    'createtime' => '1567988636',
    'msgtype' => 'event',
    'event' => 'VIEW',
    'eventkey' => 'http://www.boyufengmao.com/app/index.php?i=5&c=entry&m=ewei_shopv2&do=mobile&r=diypage&id=24',
    'menuid' => '431928873',
    'from' => 'oYRrw08x3G2HoZAE9fxROpCJMNEU',
    'to' => 'gh_162fc9cda7ca',
    'time' => '1567988636',
    'type' => 'text',
    'content' => 'http://www.boyufengmao.com/app/index.php?i=5&c=entry&m=ewei_shopv2&do=mobile&r=diypage&id=24',
    'redirection' => true,
    'source' => 'VIEW',
  ),
)

2019-09-09 08:23:56 response :
------------

2019-09-09 08:23:56 trace :
------------
String:
<xml><ToUserName><![CDATA[gh_162fc9cda7ca]]></ToUserName>
<FromUserName><![CDATA[oYRrw08x3G2HoZAE9fxROpCJMNEU]]></FromUserName>
<CreateTime>1567988636</CreateTime>
<MsgType><![CDATA[event]]></MsgType>
<Event><![CDATA[VIEW]]></Event>
<EventKey><![CDATA[http://www.boyufengmao.com/app/index.php?i=5&c=entry&m=ewei_shopv2&do=mobile&r=diypage&id=24]]></EventKey>
<MenuId>431928873</MenuId>
</xml>

2019-09-09 08:23:56 params :
------------
String:
array (
  'rule' => -2,
  'module' => '',
  'message' => 
  array (
    'tousername' => 'gh_162fc9cda7ca',
    'fromusername' => 'oYRrw08x3G2HoZAE9fxROpCJMNEU',
    'createtime' => '1567988636',
    'msgtype' => 'event',
    'event' => 'VIEW',
    'eventkey' => 'http://www.boyufengmao.com/app/index.php?i=5&c=entry&m=ewei_shopv2&do=mobile&r=diypage&id=24',
    'menuid' => '431928873',
    'from' => 'oYRrw08x3G2HoZAE9fxROpCJMNEU',
    'to' => 'gh_162fc9cda7ca',
    'time' => '1567988636',
    'type' => 'text',
    'content' => 'http://www.boyufengmao.com/app/index.php?i=5&c=entry&m=ewei_shopv2&do=mobile&r=diypage&id=24',
    'redirection' => true,
    'source' => 'VIEW',
  ),
)

2019-09-09 08:23:56 response :
------------

2019-09-09 08:24:14 trace :
------------
String:
<xml><ToUserName><![CDATA[gh_162fc9cda7ca]]></ToUserName>
<FromUserName><![CDATA[oYRrw08x3G2HoZAE9fxROpCJMNEU]]></FromUserName>
<CreateTime>1567988654</CreateTime>
<MsgType><![CDATA[event]]></MsgType>
<Event><![CDATA[VIEW]]></Event>
<EventKey><![CDATA[http://www.boyufengmao.com/app/index.php?i=5&c=entry&m=ewei_shopv2&do=mobile&r=diypage&id=34]]></EventKey>
<MenuId>431928873</MenuId>
</xml>

2019-09-09 08:24:14 params :
------------
String:
array (
  'rule' => -2,
  'module' => '',
  'message' => 
  array (
    'tousername' => 'gh_162fc9cda7ca',
    'fromusername' => 'oYRrw08x3G2HoZAE9fxROpCJMNEU',
    'createtime' => '1567988654',
    'msgtype' => 'event',
    'event' => 'VIEW',
    'eventkey' => 'http://www.boyufengmao.com/app/index.php?i=5&c=entry&m=ewei_shopv2&do=mobile&r=diypage&id=34',
    'menuid' => '431928873',
    'from' => 'oYRrw08x3G2HoZAE9fxROpCJMNEU',
    'to' => 'gh_162fc9cda7ca',
    'time' => '1567988654',
    'type' => 'text',
    'content' => 'http://www.boyufengmao.com/app/index.php?i=5&c=entry&m=ewei_shopv2&do=mobile&r=diypage&id=34',
    'redirection' => true,
    'source' => 'VIEW',
  ),
)

2019-09-09 08:24:14 response :
------------

2019-09-09 10:29:59 trace :
------------
String:
<xml><ToUserName><![CDATA[gh_f9b894563ef4]]></ToUserName>
<FromUserName><![CDATA[o5V8y1XFCACrq9FtKoOMU298MH-w]]></FromUserName>
<CreateTime>1567996199</CreateTime>
<MsgType><![CDATA[event]]></MsgType>
<Event><![CDATA[VIEW]]></Event>
<EventKey><![CDATA[http://www.boyufengmao.com/app/index.php?i=6&c=entry&m=ewei_shopv2&do=mobile&r=diypage&id=25]]></EventKey>
<MenuId>445219801</MenuId>
</xml>

2019-09-09 10:29:59 params :
------------
String:
array (
  'rule' => -2,
  'module' => '',
  'message' => 
  array (
    'tousername' => 'gh_f9b894563ef4',
    'fromusername' => 'o5V8y1XFCACrq9FtKoOMU298MH-w',
    'createtime' => '1567996199',
    'msgtype' => 'event',
    'event' => 'VIEW',
    'eventkey' => 'http://www.boyufengmao.com/app/index.php?i=6&c=entry&m=ewei_shopv2&do=mobile&r=diypage&id=25',
    'menuid' => '445219801',
    'from' => 'o5V8y1XFCACrq9FtKoOMU298MH-w',
    'to' => 'gh_f9b894563ef4',
    'time' => '1567996199',
    'type' => 'text',
    'content' => 'http://www.boyufengmao.com/app/index.php?i=6&c=entry&m=ewei_shopv2&do=mobile&r=diypage&id=25',
    'redirection' => true,
    'source' => 'VIEW',
  ),
)

2019-09-09 10:29:59 response :
------------

2019-09-09 11:10:42 trace :
------------
String:
<xml><ToUserName><![CDATA[gh_f9b894563ef4]]></ToUserName>
<FromUserName><![CDATA[o5V8y1XFCACrq9FtKoOMU298MH-w]]></FromUserName>
<CreateTime>1567998641</CreateTime>
<MsgType><![CDATA[event]]></MsgType>
<Event><![CDATA[VIEW]]></Event>
<EventKey><![CDATA[http://www.boyufengmao.com/app/index.php?i=6&c=entry&m=ewei_shopv2&do=mobile&r=diypage&id=25]]></EventKey>
<MenuId>445219801</MenuId>
</xml>

2019-09-09 11:10:42 params :
------------
String:
array (
  'rule' => -2,
  'module' => '',
  'message' => 
  array (
    'tousername' => 'gh_f9b894563ef4',
    'fromusername' => 'o5V8y1XFCACrq9FtKoOMU298MH-w',
    'createtime' => '1567998641',
    'msgtype' => 'event',
    'event' => 'VIEW',
    'eventkey' => 'http://www.boyufengmao.com/app/index.php?i=6&c=entry&m=ewei_shopv2&do=mobile&r=diypage&id=25',
    'menuid' => '445219801',
    'from' => 'o5V8y1XFCACrq9FtKoOMU298MH-w',
    'to' => 'gh_f9b894563ef4',
    'time' => '1567998641',
    'type' => 'text',
    'content' => 'http://www.boyufengmao.com/app/index.php?i=6&c=entry&m=ewei_shopv2&do=mobile&r=diypage&id=25',
    'redirection' => true,
    'source' => 'VIEW',
  ),
)

2019-09-09 11:10:42 response :
------------

2019-09-09 12:09:31 trace :
------------
String:
<xml><ToUserName><![CDATA[gh_f9b894563ef4]]></ToUserName>
<FromUserName><![CDATA[o5V8y1U7xIN_XEhj_d9o4LxTa3Zg]]></FromUserName>
<CreateTime>1568002171</CreateTime>
<MsgType><![CDATA[event]]></MsgType>
<Event><![CDATA[subscribe]]></Event>
<EventKey><![CDATA[qrscene_business:5864a01773794135a05fba69901b7199]]></EventKey>
<Ticket><![CDATA[gQGj8DwAAAAAAAAAAS5odHRwOi8vd2VpeGluLnFxLmNvbS9xLzAyZ3RQMXQ5QnZjT2wxMDAwMHcwN2oAAgQPhH9cAwQAAAAA]]></Ticket>
</xml>

2019-09-09 12:09:31 params :
------------
String:
array (
  'rule' => -2,
  'module' => '',
  'message' => 
  array (
    'tousername' => 'gh_f9b894563ef4',
    'fromusername' => 'o5V8y1U7xIN_XEhj_d9o4LxTa3Zg',
    'createtime' => '1568002171',
    'msgtype' => 'event',
    'event' => 'subscribe',
    'eventkey' => 'qrscene_business:5864a01773794135a05fba69901b7199',
    'ticket' => 'gQGj8DwAAAAAAAAAAS5odHRwOi8vd2VpeGluLnFxLmNvbS9xLzAyZ3RQMXQ5QnZjT2wxMDAwMHcwN2oAAgQPhH9cAwQAAAAA',
    'from' => 'o5V8y1U7xIN_XEhj_d9o4LxTa3Zg',
    'to' => 'gh_f9b894563ef4',
    'time' => '1568002171',
    'type' => 'text',
    'scene' => 'business:5864a01773794135a05fba69901b7199',
    'redirection' => true,
    'source' => 'subscribe',
  ),
)

2019-09-09 12:09:31 response :
------------

2019-09-09 12:09:38 trace :
------------
String:
<xml><ToUserName><![CDATA[gh_f9b894563ef4]]></ToUserName>
<FromUserName><![CDATA[o5V8y1U7xIN_XEhj_d9o4LxTa3Zg]]></FromUserName>
<CreateTime>1568002178</CreateTime>
<MsgType><![CDATA[event]]></MsgType>
<Event><![CDATA[VIEW]]></Event>
<EventKey><![CDATA[http://www.boyufengmao.com/app/index.php?i=6&c=entry&m=ewei_shopv2&do=mobile&r=diypage&id=35]]></EventKey>
<MenuId>445219801</MenuId>
</xml>

2019-09-09 12:09:38 params :
------------
String:
array (
  'rule' => -2,
  'module' => '',
  'message' => 
  array (
    'tousername' => 'gh_f9b894563ef4',
    'fromusername' => 'o5V8y1U7xIN_XEhj_d9o4LxTa3Zg',
    'createtime' => '1568002178',
    'msgtype' => 'event',
    'event' => 'VIEW',
    'eventkey' => 'http://www.boyufengmao.com/app/index.php?i=6&c=entry&m=ewei_shopv2&do=mobile&r=diypage&id=35',
    'menuid' => '445219801',
    'from' => 'o5V8y1U7xIN_XEhj_d9o4LxTa3Zg',
    'to' => 'gh_f9b894563ef4',
    'time' => '1568002178',
    'type' => 'text',
    'content' => 'http://www.boyufengmao.com/app/index.php?i=6&c=entry&m=ewei_shopv2&do=mobile&r=diypage&id=35',
    'redirection' => true,
    'source' => 'VIEW',
  ),
)

2019-09-09 12:09:38 response :
------------

2019-09-09 12:10:42 trace :
------------
String:
<xml><ToUserName><![CDATA[gh_f9b894563ef4]]></ToUserName>
<FromUserName><![CDATA[o5V8y1U7xIN_XEhj_d9o4LxTa3Zg]]></FromUserName>
<CreateTime>1568002242</CreateTime>
<MsgType><![CDATA[event]]></MsgType>
<Event><![CDATA[VIEW]]></Event>
<EventKey><![CDATA[http://www.boyufengmao.com/app/index.php?i=6&c=entry&m=ewei_shopv2&do=mobile&r=diypage&id=25]]></EventKey>
<MenuId>445219801</MenuId>
</xml>

2019-09-09 12:10:42 params :
------------
String:
array (
  'rule' => -2,
  'module' => '',
  'message' => 
  array (
    'tousername' => 'gh_f9b894563ef4',
    'fromusername' => 'o5V8y1U7xIN_XEhj_d9o4LxTa3Zg',
    'createtime' => '1568002242',
    'msgtype' => 'event',
    'event' => 'VIEW',
    'eventkey' => 'http://www.boyufengmao.com/app/index.php?i=6&c=entry&m=ewei_shopv2&do=mobile&r=diypage&id=25',
    'menuid' => '445219801',
    'from' => 'o5V8y1U7xIN_XEhj_d9o4LxTa3Zg',
    'to' => 'gh_f9b894563ef4',
    'time' => '1568002242',
    'type' => 'text',
    'content' => 'http://www.boyufengmao.com/app/index.php?i=6&c=entry&m=ewei_shopv2&do=mobile&r=diypage&id=25',
    'redirection' => true,
    'source' => 'VIEW',
  ),
)

2019-09-09 12:10:42 response :
------------

2019-09-09 12:24:27 trace :
------------
String:
<xml><ToUserName><![CDATA[gh_f9b894563ef4]]></ToUserName>
<FromUserName><![CDATA[o5V8y1XFCACrq9FtKoOMU298MH-w]]></FromUserName>
<CreateTime>1568003067</CreateTime>
<MsgType><![CDATA[event]]></MsgType>
<Event><![CDATA[VIEW]]></Event>
<EventKey><![CDATA[http://www.boyufengmao.com/app/index.php?i=6&c=entry&m=ewei_shopv2&do=mobile&r=diypage&id=35]]></EventKey>
<MenuId>445219801</MenuId>
</xml>

2019-09-09 12:24:27 params :
------------
String:
array (
  'rule' => -2,
  'module' => '',
  'message' => 
  array (
    'tousername' => 'gh_f9b894563ef4',
    'fromusername' => 'o5V8y1XFCACrq9FtKoOMU298MH-w',
    'createtime' => '1568003067',
    'msgtype' => 'event',
    'event' => 'VIEW',
    'eventkey' => 'http://www.boyufengmao.com/app/index.php?i=6&c=entry&m=ewei_shopv2&do=mobile&r=diypage&id=35',
    'menuid' => '445219801',
    'from' => 'o5V8y1XFCACrq9FtKoOMU298MH-w',
    'to' => 'gh_f9b894563ef4',
    'time' => '1568003067',
    'type' => 'text',
    'content' => 'http://www.boyufengmao.com/app/index.php?i=6&c=entry&m=ewei_shopv2&do=mobile&r=diypage&id=35',
    'redirection' => true,
    'source' => 'VIEW',
  ),
)

2019-09-09 12:24:27 response :
------------

2019-09-09 12:25:58 trace :
------------
String:
<xml><ToUserName><![CDATA[gh_f9b894563ef4]]></ToUserName>
<FromUserName><![CDATA[o5V8y1XFCACrq9FtKoOMU298MH-w]]></FromUserName>
<CreateTime>1568003158</CreateTime>
<MsgType><![CDATA[event]]></MsgType>
<Event><![CDATA[VIEW]]></Event>
<EventKey><![CDATA[http://www.boyufengmao.com/app/index.php?i=6&c=entry&m=ewei_shopv2&do=mobile&r=diypage&id=35]]></EventKey>
<MenuId>445219801</MenuId>
</xml>

2019-09-09 12:25:58 params :
------------
String:
array (
  'rule' => -2,
  'module' => '',
  'message' => 
  array (
    'tousername' => 'gh_f9b894563ef4',
    'fromusername' => 'o5V8y1XFCACrq9FtKoOMU298MH-w',
    'createtime' => '1568003158',
    'msgtype' => 'event',
    'event' => 'VIEW',
    'eventkey' => 'http://www.boyufengmao.com/app/index.php?i=6&c=entry&m=ewei_shopv2&do=mobile&r=diypage&id=35',
    'menuid' => '445219801',
    'from' => 'o5V8y1XFCACrq9FtKoOMU298MH-w',
    'to' => 'gh_f9b894563ef4',
    'time' => '1568003158',
    'type' => 'text',
    'content' => 'http://www.boyufengmao.com/app/index.php?i=6&c=entry&m=ewei_shopv2&do=mobile&r=diypage&id=35',
    'redirection' => true,
    'source' => 'VIEW',
  ),
)

2019-09-09 12:25:58 response :
------------

2019-09-09 12:28:48 trace :
------------
String:
<xml><ToUserName><![CDATA[gh_f9b894563ef4]]></ToUserName>
<FromUserName><![CDATA[o5V8y1d04WVj_MW7gq55o0CY4jgU]]></FromUserName>
<CreateTime>1568003328</CreateTime>
<MsgType><![CDATA[event]]></MsgType>
<Event><![CDATA[SCAN]]></Event>
<EventKey><![CDATA[business:5864a01773794135a05fba69901b7199]]></EventKey>
<Ticket><![CDATA[gQGj8DwAAAAAAAAAAS5odHRwOi8vd2VpeGluLnFxLmNvbS9xLzAyZ3RQMXQ5QnZjT2wxMDAwMHcwN2oAAgQPhH9cAwQAAAAA]]></Ticket>
</xml>

2019-09-09 12:28:48 params :
------------
String:
array (
  'rule' => -2,
  'module' => '',
  'message' => 
  array (
    'tousername' => 'gh_f9b894563ef4',
    'fromusername' => 'o5V8y1d04WVj_MW7gq55o0CY4jgU',
    'createtime' => '1568003328',
    'msgtype' => 'event',
    'event' => 'SCAN',
    'eventkey' => 'business:5864a01773794135a05fba69901b7199',
    'ticket' => 'gQGj8DwAAAAAAAAAAS5odHRwOi8vd2VpeGluLnFxLmNvbS9xLzAyZ3RQMXQ5QnZjT2wxMDAwMHcwN2oAAgQPhH9cAwQAAAAA',
    'from' => 'o5V8y1d04WVj_MW7gq55o0CY4jgU',
    'to' => 'gh_f9b894563ef4',
    'time' => '1568003328',
    'type' => 'text',
    'scene' => 'business:5864a01773794135a05fba69901b7199',
    'redirection' => true,
    'source' => 'qr',
  ),
)

2019-09-09 12:28:48 response :
------------

2019-09-09 12:28:51 trace :
------------
String:
<xml><ToUserName><![CDATA[gh_f9b894563ef4]]></ToUserName>
<FromUserName><![CDATA[o5V8y1d04WVj_MW7gq55o0CY4jgU]]></FromUserName>
<CreateTime>1568003331</CreateTime>
<MsgType><![CDATA[event]]></MsgType>
<Event><![CDATA[VIEW]]></Event>
<EventKey><![CDATA[http://www.boyufengmao.com/app/index.php?i=6&c=entry&m=ewei_shopv2&do=mobile&r=diypage&id=35]]></EventKey>
<MenuId>445219801</MenuId>
</xml>

2019-09-09 12:28:51 params :
------------
String:
array (
  'rule' => -2,
  'module' => '',
  'message' => 
  array (
    'tousername' => 'gh_f9b894563ef4',
    'fromusername' => 'o5V8y1d04WVj_MW7gq55o0CY4jgU',
    'createtime' => '1568003331',
    'msgtype' => 'event',
    'event' => 'VIEW',
    'eventkey' => 'http://www.boyufengmao.com/app/index.php?i=6&c=entry&m=ewei_shopv2&do=mobile&r=diypage&id=35',
    'menuid' => '445219801',
    'from' => 'o5V8y1d04WVj_MW7gq55o0CY4jgU',
    'to' => 'gh_f9b894563ef4',
    'time' => '1568003331',
    'type' => 'text',
    'content' => 'http://www.boyufengmao.com/app/index.php?i=6&c=entry&m=ewei_shopv2&do=mobile&r=diypage&id=35',
    'redirection' => true,
    'source' => 'VIEW',
  ),
)

2019-09-09 12:28:51 response :
------------

2019-09-09 12:29:04 trace :
------------
String:
<xml><ToUserName><![CDATA[gh_f9b894563ef4]]></ToUserName>
<FromUserName><![CDATA[o5V8y1d04WVj_MW7gq55o0CY4jgU]]></FromUserName>
<CreateTime>1568003344</CreateTime>
<MsgType><![CDATA[event]]></MsgType>
<Event><![CDATA[VIEW]]></Event>
<EventKey><![CDATA[http://www.boyufengmao.com/app/index.php?i=6&c=entry&m=ewei_shopv2&do=mobile&r=diypage&id=35]]></EventKey>
<MenuId>445219801</MenuId>
</xml>

2019-09-09 12:29:04 params :
------------
String:
array (
  'rule' => -2,
  'module' => '',
  'message' => 
  array (
    'tousername' => 'gh_f9b894563ef4',
    'fromusername' => 'o5V8y1d04WVj_MW7gq55o0CY4jgU',
    'createtime' => '1568003344',
    'msgtype' => 'event',
    'event' => 'VIEW',
    'eventkey' => 'http://www.boyufengmao.com/app/index.php?i=6&c=entry&m=ewei_shopv2&do=mobile&r=diypage&id=35',
    'menuid' => '445219801',
    'from' => 'o5V8y1d04WVj_MW7gq55o0CY4jgU',
    'to' => 'gh_f9b894563ef4',
    'time' => '1568003344',
    'type' => 'text',
    'content' => 'http://www.boyufengmao.com/app/index.php?i=6&c=entry&m=ewei_shopv2&do=mobile&r=diypage&id=35',
    'redirection' => true,
    'source' => 'VIEW',
  ),
)

2019-09-09 12:29:04 response :
------------

2019-09-09 13:10:13 trace :
------------
String:
<xml><ToUserName><![CDATA[gh_162fc9cda7ca]]></ToUserName>
<FromUserName><![CDATA[oYRrw0wuQ0D1p41gFPZCIHiFh5GA]]></FromUserName>
<CreateTime>1568005813</CreateTime>
<MsgType><![CDATA[event]]></MsgType>
<Event><![CDATA[subscribe]]></Event>
<EventKey><![CDATA[]]></EventKey>
</xml>

2019-09-09 13:10:13 params :
------------
String:
array (
  'rule' => -2,
  'module' => '',
  'message' => 
  array (
    'tousername' => 'gh_162fc9cda7ca',
    'fromusername' => 'oYRrw0wuQ0D1p41gFPZCIHiFh5GA',
    'createtime' => '1568005813',
    'msgtype' => 'event',
    'event' => 'subscribe',
    'eventkey' => '',
    'from' => 'oYRrw0wuQ0D1p41gFPZCIHiFh5GA',
    'to' => 'gh_162fc9cda7ca',
    'time' => '1568005813',
    'type' => 'text',
    'redirection' => true,
    'source' => 'subscribe',
  ),
)

2019-09-09 13:10:13 response :
------------

2019-09-09 13:10:24 trace :
------------
String:
<xml><ToUserName><![CDATA[gh_162fc9cda7ca]]></ToUserName>
<FromUserName><![CDATA[oYRrw0wuQ0D1p41gFPZCIHiFh5GA]]></FromUserName>
<CreateTime>1568005824</CreateTime>
<MsgType><![CDATA[event]]></MsgType>
<Event><![CDATA[VIEW]]></Event>
<EventKey><![CDATA[http://www.boyufengmao.com/app/index.php?i=5&c=entry&m=ewei_shopv2&do=mobile&r=diypage&id=24]]></EventKey>
<MenuId>431928873</MenuId>
</xml>

2019-09-09 13:10:24 params :
------------
String:
array (
  'rule' => -2,
  'module' => '',
  'message' => 
  array (
    'tousername' => 'gh_162fc9cda7ca',
    'fromusername' => 'oYRrw0wuQ0D1p41gFPZCIHiFh5GA',
    'createtime' => '1568005824',
    'msgtype' => 'event',
    'event' => 'VIEW',
    'eventkey' => 'http://www.boyufengmao.com/app/index.php?i=5&c=entry&m=ewei_shopv2&do=mobile&r=diypage&id=24',
    'menuid' => '431928873',
    'from' => 'oYRrw0wuQ0D1p41gFPZCIHiFh5GA',
    'to' => 'gh_162fc9cda7ca',
    'time' => '1568005824',
    'type' => 'text',
    'content' => 'http://www.boyufengmao.com/app/index.php?i=5&c=entry&m=ewei_shopv2&do=mobile&r=diypage&id=24',
    'redirection' => true,
    'source' => 'VIEW',
  ),
)

2019-09-09 13:10:24 response :
------------

2019-09-09 13:36:07 trace :
------------
String:
<xml><ToUserName><![CDATA[gh_f9b894563ef4]]></ToUserName>
<FromUserName><![CDATA[o5V8y1UqBI-q_sYi5spMnRqDIiNg]]></FromUserName>
<CreateTime>1568007367</CreateTime>
<MsgType><![CDATA[event]]></MsgType>
<Event><![CDATA[subscribe]]></Event>
<EventKey><![CDATA[qrscene_business:5864a01773794135a05fba69901b7199]]></EventKey>
<Ticket><![CDATA[gQGj8DwAAAAAAAAAAS5odHRwOi8vd2VpeGluLnFxLmNvbS9xLzAyZ3RQMXQ5QnZjT2wxMDAwMHcwN2oAAgQPhH9cAwQAAAAA]]></Ticket>
</xml>

2019-09-09 13:36:07 params :
------------
String:
array (
  'rule' => -2,
  'module' => '',
  'message' => 
  array (
    'tousername' => 'gh_f9b894563ef4',
    'fromusername' => 'o5V8y1UqBI-q_sYi5spMnRqDIiNg',
    'createtime' => '1568007367',
    'msgtype' => 'event',
    'event' => 'subscribe',
    'eventkey' => 'qrscene_business:5864a01773794135a05fba69901b7199',
    'ticket' => 'gQGj8DwAAAAAAAAAAS5odHRwOi8vd2VpeGluLnFxLmNvbS9xLzAyZ3RQMXQ5QnZjT2wxMDAwMHcwN2oAAgQPhH9cAwQAAAAA',
    'from' => 'o5V8y1UqBI-q_sYi5spMnRqDIiNg',
    'to' => 'gh_f9b894563ef4',
    'time' => '1568007367',
    'type' => 'text',
    'scene' => 'business:5864a01773794135a05fba69901b7199',
    'redirection' => true,
    'source' => 'subscribe',
  ),
)

2019-09-09 13:36:07 response :
------------

2019-09-09 13:36:09 trace :
------------
String:
<xml><ToUserName><![CDATA[gh_f9b894563ef4]]></ToUserName>
<FromUserName><![CDATA[o5V8y1UqBI-q_sYi5spMnRqDIiNg]]></FromUserName>
<CreateTime>1568007369</CreateTime>
<MsgType><![CDATA[event]]></MsgType>
<Event><![CDATA[VIEW]]></Event>
<EventKey><![CDATA[http://www.boyufengmao.com/app/index.php?i=6&c=entry&m=ewei_shopv2&do=mobile&r=diypage&id=35]]></EventKey>
<MenuId>445219801</MenuId>
</xml>

2019-09-09 13:36:09 params :
------------
String:
array (
  'rule' => -2,
  'module' => '',
  'message' => 
  array (
    'tousername' => 'gh_f9b894563ef4',
    'fromusername' => 'o5V8y1UqBI-q_sYi5spMnRqDIiNg',
    'createtime' => '1568007369',
    'msgtype' => 'event',
    'event' => 'VIEW',
    'eventkey' => 'http://www.boyufengmao.com/app/index.php?i=6&c=entry&m=ewei_shopv2&do=mobile&r=diypage&id=35',
    'menuid' => '445219801',
    'from' => 'o5V8y1UqBI-q_sYi5spMnRqDIiNg',
    'to' => 'gh_f9b894563ef4',
    'time' => '1568007369',
    'type' => 'text',
    'content' => 'http://www.boyufengmao.com/app/index.php?i=6&c=entry&m=ewei_shopv2&do=mobile&r=diypage&id=35',
    'redirection' => true,
    'source' => 'VIEW',
  ),
)

2019-09-09 13:36:09 response :
------------

2019-09-09 13:42:05 trace :
------------
String:
<xml><ToUserName><![CDATA[gh_f9b894563ef4]]></ToUserName>
<FromUserName><![CDATA[o5V8y1Tco0wdEXHGA_YSzw4qmgz0]]></FromUserName>
<CreateTime>1568007725</CreateTime>
<MsgType><![CDATA[event]]></MsgType>
<Event><![CDATA[SCAN]]></Event>
<EventKey><![CDATA[business:5864a01773794135a05fba69901b7199]]></EventKey>
<Ticket><![CDATA[gQGj8DwAAAAAAAAAAS5odHRwOi8vd2VpeGluLnFxLmNvbS9xLzAyZ3RQMXQ5QnZjT2wxMDAwMHcwN2oAAgQPhH9cAwQAAAAA]]></Ticket>
</xml>

2019-09-09 13:42:05 params :
------------
String:
array (
  'rule' => -2,
  'module' => '',
  'message' => 
  array (
    'tousername' => 'gh_f9b894563ef4',
    'fromusername' => 'o5V8y1Tco0wdEXHGA_YSzw4qmgz0',
    'createtime' => '1568007725',
    'msgtype' => 'event',
    'event' => 'SCAN',
    'eventkey' => 'business:5864a01773794135a05fba69901b7199',
    'ticket' => 'gQGj8DwAAAAAAAAAAS5odHRwOi8vd2VpeGluLnFxLmNvbS9xLzAyZ3RQMXQ5QnZjT2wxMDAwMHcwN2oAAgQPhH9cAwQAAAAA',
    'from' => 'o5V8y1Tco0wdEXHGA_YSzw4qmgz0',
    'to' => 'gh_f9b894563ef4',
    'time' => '1568007725',
    'type' => 'text',
    'scene' => 'business:5864a01773794135a05fba69901b7199',
    'redirection' => true,
    'source' => 'qr',
  ),
)

2019-09-09 13:42:05 response :
------------

2019-09-09 13:42:11 trace :
------------
String:
<xml><ToUserName><![CDATA[gh_f9b894563ef4]]></ToUserName>
<FromUserName><![CDATA[o5V8y1Tco0wdEXHGA_YSzw4qmgz0]]></FromUserName>
<CreateTime>1568007730</CreateTime>
<MsgType><![CDATA[event]]></MsgType>
<Event><![CDATA[VIEW]]></Event>
<EventKey><![CDATA[http://www.boyufengmao.com/app/index.php?i=6&c=entry&m=ewei_shopv2&do=mobile&r=diypage&id=35]]></EventKey>
<MenuId>445219801</MenuId>
</xml>

2019-09-09 13:42:11 params :
------------
String:
array (
  'rule' => -2,
  'module' => '',
  'message' => 
  array (
    'tousername' => 'gh_f9b894563ef4',
    'fromusername' => 'o5V8y1Tco0wdEXHGA_YSzw4qmgz0',
    'createtime' => '1568007730',
    'msgtype' => 'event',
    'event' => 'VIEW',
    'eventkey' => 'http://www.boyufengmao.com/app/index.php?i=6&c=entry&m=ewei_shopv2&do=mobile&r=diypage&id=35',
    'menuid' => '445219801',
    'from' => 'o5V8y1Tco0wdEXHGA_YSzw4qmgz0',
    'to' => 'gh_f9b894563ef4',
    'time' => '1568007730',
    'type' => 'text',
    'content' => 'http://www.boyufengmao.com/app/index.php?i=6&c=entry&m=ewei_shopv2&do=mobile&r=diypage&id=35',
    'redirection' => true,
    'source' => 'VIEW',
  ),
)

2019-09-09 13:42:11 response :
------------

2019-09-09 14:38:37 trace :
------------
String:
<xml><ToUserName><![CDATA[gh_162fc9cda7ca]]></ToUserName>
<FromUserName><![CDATA[oYRrw03NR0D56lVDkg4GrWlxFp9k]]></FromUserName>
<CreateTime>1568011117</CreateTime>
<MsgType><![CDATA[event]]></MsgType>
<Event><![CDATA[unsubscribe]]></Event>
<EventKey><![CDATA[]]></EventKey>
</xml>

2019-09-09 15:07:06 trace :
------------
String:
<xml><ToUserName><![CDATA[gh_f9b894563ef4]]></ToUserName>
<FromUserName><![CDATA[o5V8y1XTyh0MxjYnKaRcbVRlWAVM]]></FromUserName>
<CreateTime>1568012826</CreateTime>
<MsgType><![CDATA[event]]></MsgType>
<Event><![CDATA[VIEW]]></Event>
<EventKey><![CDATA[http://www.boyufengmao.com/app/index.php?i=6&c=entry&m=ewei_shopv2&do=mobile&r=diypage&id=25]]></EventKey>
<MenuId>445219801</MenuId>
</xml>

2019-09-09 15:07:06 params :
------------
String:
array (
  'rule' => -2,
  'module' => '',
  'message' => 
  array (
    'tousername' => 'gh_f9b894563ef4',
    'fromusername' => 'o5V8y1XTyh0MxjYnKaRcbVRlWAVM',
    'createtime' => '1568012826',
    'msgtype' => 'event',
    'event' => 'VIEW',
    'eventkey' => 'http://www.boyufengmao.com/app/index.php?i=6&c=entry&m=ewei_shopv2&do=mobile&r=diypage&id=25',
    'menuid' => '445219801',
    'from' => 'o5V8y1XTyh0MxjYnKaRcbVRlWAVM',
    'to' => 'gh_f9b894563ef4',
    'time' => '1568012826',
    'type' => 'text',
    'content' => 'http://www.boyufengmao.com/app/index.php?i=6&c=entry&m=ewei_shopv2&do=mobile&r=diypage&id=25',
    'redirection' => true,
    'source' => 'VIEW',
  ),
)

2019-09-09 15:07:06 response :
------------

2019-09-09 15:07:28 trace :
------------
String:
<xml><ToUserName><![CDATA[gh_f9b894563ef4]]></ToUserName>
<FromUserName><![CDATA[o5V8y1XTyh0MxjYnKaRcbVRlWAVM]]></FromUserName>
<CreateTime>1568012848</CreateTime>
<MsgType><![CDATA[event]]></MsgType>
<Event><![CDATA[VIEW]]></Event>
<EventKey><![CDATA[http://www.boyufengmao.com/app/index.php?i=6&c=entry&m=ewei_shopv2&do=mobile&r=diypage&id=35]]></EventKey>
<MenuId>445219801</MenuId>
</xml>

2019-09-09 15:07:28 params :
------------
String:
array (
  'rule' => -2,
  'module' => '',
  'message' => 
  array (
    'tousername' => 'gh_f9b894563ef4',
    'fromusername' => 'o5V8y1XTyh0MxjYnKaRcbVRlWAVM',
    'createtime' => '1568012848',
    'msgtype' => 'event',
    'event' => 'VIEW',
    'eventkey' => 'http://www.boyufengmao.com/app/index.php?i=6&c=entry&m=ewei_shopv2&do=mobile&r=diypage&id=35',
    'menuid' => '445219801',
    'from' => 'o5V8y1XTyh0MxjYnKaRcbVRlWAVM',
    'to' => 'gh_f9b894563ef4',
    'time' => '1568012848',
    'type' => 'text',
    'content' => 'http://www.boyufengmao.com/app/index.php?i=6&c=entry&m=ewei_shopv2&do=mobile&r=diypage&id=35',
    'redirection' => true,
    'source' => 'VIEW',
  ),
)

2019-09-09 15:07:28 response :
------------

2019-09-09 15:07:57 trace :
------------
String:
<xml><ToUserName><![CDATA[gh_f9b894563ef4]]></ToUserName>
<FromUserName><![CDATA[o5V8y1XTyh0MxjYnKaRcbVRlWAVM]]></FromUserName>
<CreateTime>1568012876</CreateTime>
<MsgType><![CDATA[event]]></MsgType>
<Event><![CDATA[VIEW]]></Event>
<EventKey><![CDATA[http://www.boyufengmao.com/app/index.php?i=6&c=entry&m=ewei_shopv2&do=mobile&r=diypage&id=35]]></EventKey>
<MenuId>445219801</MenuId>
</xml>

2019-09-09 15:07:57 params :
------------
String:
array (
  'rule' => -2,
  'module' => '',
  'message' => 
  array (
    'tousername' => 'gh_f9b894563ef4',
    'fromusername' => 'o5V8y1XTyh0MxjYnKaRcbVRlWAVM',
    'createtime' => '1568012876',
    'msgtype' => 'event',
    'event' => 'VIEW',
    'eventkey' => 'http://www.boyufengmao.com/app/index.php?i=6&c=entry&m=ewei_shopv2&do=mobile&r=diypage&id=35',
    'menuid' => '445219801',
    'from' => 'o5V8y1XTyh0MxjYnKaRcbVRlWAVM',
    'to' => 'gh_f9b894563ef4',
    'time' => '1568012876',
    'type' => 'text',
    'content' => 'http://www.boyufengmao.com/app/index.php?i=6&c=entry&m=ewei_shopv2&do=mobile&r=diypage&id=35',
    'redirection' => true,
    'source' => 'VIEW',
  ),
)

2019-09-09 15:07:57 response :
------------

2019-09-09 15:08:45 trace :
------------
String:
<xml><ToUserName><![CDATA[gh_f9b894563ef4]]></ToUserName>
<FromUserName><![CDATA[o5V8y1XTyh0MxjYnKaRcbVRlWAVM]]></FromUserName>
<CreateTime>1568012925</CreateTime>
<MsgType><![CDATA[event]]></MsgType>
<Event><![CDATA[VIEW]]></Event>
<EventKey><![CDATA[http://www.boyufengmao.com/app/index.php?i=6&c=entry&m=ewei_shopv2&do=mobile&r=diypage&id=35]]></EventKey>
<MenuId>445219801</MenuId>
</xml>

2019-09-09 15:08:45 params :
------------
String:
array (
  'rule' => -2,
  'module' => '',
  'message' => 
  array (
    'tousername' => 'gh_f9b894563ef4',
    'fromusername' => 'o5V8y1XTyh0MxjYnKaRcbVRlWAVM',
    'createtime' => '1568012925',
    'msgtype' => 'event',
    'event' => 'VIEW',
    'eventkey' => 'http://www.boyufengmao.com/app/index.php?i=6&c=entry&m=ewei_shopv2&do=mobile&r=diypage&id=35',
    'menuid' => '445219801',
    'from' => 'o5V8y1XTyh0MxjYnKaRcbVRlWAVM',
    'to' => 'gh_f9b894563ef4',
    'time' => '1568012925',
    'type' => 'text',
    'content' => 'http://www.boyufengmao.com/app/index.php?i=6&c=entry&m=ewei_shopv2&do=mobile&r=diypage&id=35',
    'redirection' => true,
    'source' => 'VIEW',
  ),
)

2019-09-09 15:08:45 response :
------------

2019-09-09 15:49:13 trace :
------------
String:
<xml><ToUserName><![CDATA[gh_f9b894563ef4]]></ToUserName>
<FromUserName><![CDATA[o5V8y1da8cFNAAH0L514y_oeZfNg]]></FromUserName>
<CreateTime>1568015353</CreateTime>
<MsgType><![CDATA[event]]></MsgType>
<Event><![CDATA[SCAN]]></Event>
<EventKey><![CDATA[business:5864a01773794135a05fba69901b7199]]></EventKey>
<Ticket><![CDATA[gQGj8DwAAAAAAAAAAS5odHRwOi8vd2VpeGluLnFxLmNvbS9xLzAyZ3RQMXQ5QnZjT2wxMDAwMHcwN2oAAgQPhH9cAwQAAAAA]]></Ticket>
</xml>

2019-09-09 15:49:13 params :
------------
String:
array (
  'rule' => -2,
  'module' => '',
  'message' => 
  array (
    'tousername' => 'gh_f9b894563ef4',
    'fromusername' => 'o5V8y1da8cFNAAH0L514y_oeZfNg',
    'createtime' => '1568015353',
    'msgtype' => 'event',
    'event' => 'SCAN',
    'eventkey' => 'business:5864a01773794135a05fba69901b7199',
    'ticket' => 'gQGj8DwAAAAAAAAAAS5odHRwOi8vd2VpeGluLnFxLmNvbS9xLzAyZ3RQMXQ5QnZjT2wxMDAwMHcwN2oAAgQPhH9cAwQAAAAA',
    'from' => 'o5V8y1da8cFNAAH0L514y_oeZfNg',
    'to' => 'gh_f9b894563ef4',
    'time' => '1568015353',
    'type' => 'text',
    'scene' => 'business:5864a01773794135a05fba69901b7199',
    'redirection' => true,
    'source' => 'qr',
  ),
)

2019-09-09 15:49:13 response :
------------

2019-09-09 15:49:20 trace :
------------
String:
<xml><ToUserName><![CDATA[gh_f9b894563ef4]]></ToUserName>
<FromUserName><![CDATA[o5V8y1da8cFNAAH0L514y_oeZfNg]]></FromUserName>
<CreateTime>1568015360</CreateTime>
<MsgType><![CDATA[event]]></MsgType>
<Event><![CDATA[VIEW]]></Event>
<EventKey><![CDATA[http://www.boyufengmao.com/app/index.php?i=6&c=entry&m=ewei_shopv2&do=mobile&r=diypage&id=35]]></EventKey>
<MenuId>445219801</MenuId>
</xml>

2019-09-09 15:49:20 params :
------------
String:
array (
  'rule' => -2,
  'module' => '',
  'message' => 
  array (
    'tousername' => 'gh_f9b894563ef4',
    'fromusername' => 'o5V8y1da8cFNAAH0L514y_oeZfNg',
    'createtime' => '1568015360',
    'msgtype' => 'event',
    'event' => 'VIEW',
    'eventkey' => 'http://www.boyufengmao.com/app/index.php?i=6&c=entry&m=ewei_shopv2&do=mobile&r=diypage&id=35',
    'menuid' => '445219801',
    'from' => 'o5V8y1da8cFNAAH0L514y_oeZfNg',
    'to' => 'gh_f9b894563ef4',
    'time' => '1568015360',
    'type' => 'text',
    'content' => 'http://www.boyufengmao.com/app/index.php?i=6&c=entry&m=ewei_shopv2&do=mobile&r=diypage&id=35',
    'redirection' => true,
    'source' => 'VIEW',
  ),
)

2019-09-09 15:49:20 response :
------------

2019-09-09 15:49:43 trace :
------------
String:
<xml><ToUserName><![CDATA[gh_f9b894563ef4]]></ToUserName>
<FromUserName><![CDATA[o5V8y1da8cFNAAH0L514y_oeZfNg]]></FromUserName>
<CreateTime>1568015383</CreateTime>
<MsgType><![CDATA[event]]></MsgType>
<Event><![CDATA[VIEW]]></Event>
<EventKey><![CDATA[http://www.boyufengmao.com/app/index.php?i=6&c=entry&m=ewei_shopv2&do=mobile&r=diypage&id=35]]></EventKey>
<MenuId>445219801</MenuId>
</xml>

2019-09-09 15:49:43 params :
------------
String:
array (
  'rule' => -2,
  'module' => '',
  'message' => 
  array (
    'tousername' => 'gh_f9b894563ef4',
    'fromusername' => 'o5V8y1da8cFNAAH0L514y_oeZfNg',
    'createtime' => '1568015383',
    'msgtype' => 'event',
    'event' => 'VIEW',
    'eventkey' => 'http://www.boyufengmao.com/app/index.php?i=6&c=entry&m=ewei_shopv2&do=mobile&r=diypage&id=35',
    'menuid' => '445219801',
    'from' => 'o5V8y1da8cFNAAH0L514y_oeZfNg',
    'to' => 'gh_f9b894563ef4',
    'time' => '1568015383',
    'type' => 'text',
    'content' => 'http://www.boyufengmao.com/app/index.php?i=6&c=entry&m=ewei_shopv2&do=mobile&r=diypage&id=35',
    'redirection' => true,
    'source' => 'VIEW',
  ),
)

2019-09-09 15:49:43 response :
------------

2019-09-09 15:50:37 trace :
------------
String:
<xml><ToUserName><![CDATA[gh_f9b894563ef4]]></ToUserName>
<FromUserName><![CDATA[o5V8y1da8cFNAAH0L514y_oeZfNg]]></FromUserName>
<CreateTime>1568015437</CreateTime>
<MsgType><![CDATA[event]]></MsgType>
<Event><![CDATA[SCAN]]></Event>
<EventKey><![CDATA[business:5864a01773794135a05fba69901b7199]]></EventKey>
<Ticket><![CDATA[gQGj8DwAAAAAAAAAAS5odHRwOi8vd2VpeGluLnFxLmNvbS9xLzAyZ3RQMXQ5QnZjT2wxMDAwMHcwN2oAAgQPhH9cAwQAAAAA]]></Ticket>
</xml>

2019-09-09 15:50:37 params :
------------
String:
array (
  'rule' => -2,
  'module' => '',
  'message' => 
  array (
    'tousername' => 'gh_f9b894563ef4',
    'fromusername' => 'o5V8y1da8cFNAAH0L514y_oeZfNg',
    'createtime' => '1568015437',
    'msgtype' => 'event',
    'event' => 'SCAN',
    'eventkey' => 'business:5864a01773794135a05fba69901b7199',
    'ticket' => 'gQGj8DwAAAAAAAAAAS5odHRwOi8vd2VpeGluLnFxLmNvbS9xLzAyZ3RQMXQ5QnZjT2wxMDAwMHcwN2oAAgQPhH9cAwQAAAAA',
    'from' => 'o5V8y1da8cFNAAH0L514y_oeZfNg',
    'to' => 'gh_f9b894563ef4',
    'time' => '1568015437',
    'type' => 'text',
    'scene' => 'business:5864a01773794135a05fba69901b7199',
    'redirection' => true,
    'source' => 'qr',
  ),
)

2019-09-09 15:50:37 response :
------------

2019-09-09 17:12:30 trace :
------------
String:
<xml><ToUserName><![CDATA[gh_f9b894563ef4]]></ToUserName>
<FromUserName><![CDATA[o5V8y1esHMNFJ8sahun1toR8k5SE]]></FromUserName>
<CreateTime>1568020350</CreateTime>
<MsgType><![CDATA[event]]></MsgType>
<Event><![CDATA[subscribe]]></Event>
<EventKey><![CDATA[qrscene_business:5864a01773794135a05fba69901b7199]]></EventKey>
<Ticket><![CDATA[gQGj8DwAAAAAAAAAAS5odHRwOi8vd2VpeGluLnFxLmNvbS9xLzAyZ3RQMXQ5QnZjT2wxMDAwMHcwN2oAAgQPhH9cAwQAAAAA]]></Ticket>
</xml>

2019-09-09 17:12:30 params :
------------
String:
array (
  'rule' => -2,
  'module' => '',
  'message' => 
  array (
    'tousername' => 'gh_f9b894563ef4',
    'fromusername' => 'o5V8y1esHMNFJ8sahun1toR8k5SE',
    'createtime' => '1568020350',
    'msgtype' => 'event',
    'event' => 'subscribe',
    'eventkey' => 'qrscene_business:5864a01773794135a05fba69901b7199',
    'ticket' => 'gQGj8DwAAAAAAAAAAS5odHRwOi8vd2VpeGluLnFxLmNvbS9xLzAyZ3RQMXQ5QnZjT2wxMDAwMHcwN2oAAgQPhH9cAwQAAAAA',
    'from' => 'o5V8y1esHMNFJ8sahun1toR8k5SE',
    'to' => 'gh_f9b894563ef4',
    'time' => '1568020350',
    'type' => 'text',
    'scene' => 'business:5864a01773794135a05fba69901b7199',
    'redirection' => true,
    'source' => 'subscribe',
  ),
)

2019-09-09 17:12:30 response :
------------

2019-09-09 17:12:33 trace :
------------
String:
<xml><ToUserName><![CDATA[gh_f9b894563ef4]]></ToUserName>
<FromUserName><![CDATA[o5V8y1esHMNFJ8sahun1toR8k5SE]]></FromUserName>
<CreateTime>1568020352</CreateTime>
<MsgType><![CDATA[event]]></MsgType>
<Event><![CDATA[VIEW]]></Event>
<EventKey><![CDATA[http://www.boyufengmao.com/app/index.php?i=6&c=entry&m=ewei_shopv2&do=mobile&r=diypage&id=35]]></EventKey>
<MenuId>445219801</MenuId>
</xml>

2019-09-09 17:12:33 params :
------------
String:
array (
  'rule' => -2,
  'module' => '',
  'message' => 
  array (
    'tousername' => 'gh_f9b894563ef4',
    'fromusername' => 'o5V8y1esHMNFJ8sahun1toR8k5SE',
    'createtime' => '1568020352',
    'msgtype' => 'event',
    'event' => 'VIEW',
    'eventkey' => 'http://www.boyufengmao.com/app/index.php?i=6&c=entry&m=ewei_shopv2&do=mobile&r=diypage&id=35',
    'menuid' => '445219801',
    'from' => 'o5V8y1esHMNFJ8sahun1toR8k5SE',
    'to' => 'gh_f9b894563ef4',
    'time' => '1568020352',
    'type' => 'text',
    'content' => 'http://www.boyufengmao.com/app/index.php?i=6&c=entry&m=ewei_shopv2&do=mobile&r=diypage&id=35',
    'redirection' => true,
    'source' => 'VIEW',
  ),
)

2019-09-09 17:12:33 response :
------------

2019-09-09 17:22:02 trace :
------------
String:
<xml><ToUserName><![CDATA[gh_f9b894563ef4]]></ToUserName>
<FromUserName><![CDATA[o5V8y1QLOrdVGGPRqd535Agi7gAE]]></FromUserName>
<CreateTime>1568020922</CreateTime>
<MsgType><![CDATA[event]]></MsgType>
<Event><![CDATA[VIEW]]></Event>
<EventKey><![CDATA[http://www.boyufengmao.com/app/index.php?i=6&c=entry&m=ewei_shopv2&do=mobile&r=diypage&id=35]]></EventKey>
<MenuId>445219801</MenuId>
</xml>

2019-09-09 17:22:02 params :
------------
String:
array (
  'rule' => -2,
  'module' => '',
  'message' => 
  array (
    'tousername' => 'gh_f9b894563ef4',
    'fromusername' => 'o5V8y1QLOrdVGGPRqd535Agi7gAE',
    'createtime' => '1568020922',
    'msgtype' => 'event',
    'event' => 'VIEW',
    'eventkey' => 'http://www.boyufengmao.com/app/index.php?i=6&c=entry&m=ewei_shopv2&do=mobile&r=diypage&id=35',
    'menuid' => '445219801',
    'from' => 'o5V8y1QLOrdVGGPRqd535Agi7gAE',
    'to' => 'gh_f9b894563ef4',
    'time' => '1568020922',
    'type' => 'text',
    'content' => 'http://www.boyufengmao.com/app/index.php?i=6&c=entry&m=ewei_shopv2&do=mobile&r=diypage&id=35',
    'redirection' => true,
    'source' => 'VIEW',
  ),
)

2019-09-09 17:22:02 response :
------------

2019-09-09 17:41:06 trace :
------------
String:
<xml><ToUserName><![CDATA[gh_162fc9cda7ca]]></ToUserName>
<FromUserName><![CDATA[oYRrw08x3G2HoZAE9fxROpCJMNEU]]></FromUserName>
<CreateTime>1568022066</CreateTime>
<MsgType><![CDATA[event]]></MsgType>
<Event><![CDATA[VIEW]]></Event>
<EventKey><![CDATA[http://www.boyufengmao.com/app/index.php?i=5&c=entry&m=ewei_shopv2&do=mobile&r=diypage&id=24]]></EventKey>
<MenuId>431928873</MenuId>
</xml>

2019-09-09 17:41:06 params :
------------
String:
array (
  'rule' => -2,
  'module' => '',
  'message' => 
  array (
    'tousername' => 'gh_162fc9cda7ca',
    'fromusername' => 'oYRrw08x3G2HoZAE9fxROpCJMNEU',
    'createtime' => '1568022066',
    'msgtype' => 'event',
    'event' => 'VIEW',
    'eventkey' => 'http://www.boyufengmao.com/app/index.php?i=5&c=entry&m=ewei_shopv2&do=mobile&r=diypage&id=24',
    'menuid' => '431928873',
    'from' => 'oYRrw08x3G2HoZAE9fxROpCJMNEU',
    'to' => 'gh_162fc9cda7ca',
    'time' => '1568022066',
    'type' => 'text',
    'content' => 'http://www.boyufengmao.com/app/index.php?i=5&c=entry&m=ewei_shopv2&do=mobile&r=diypage&id=24',
    'redirection' => true,
    'source' => 'VIEW',
  ),
)

2019-09-09 17:41:06 response :
------------

2019-09-09 17:56:14 trace :
------------
String:
<xml><ToUserName><![CDATA[gh_f9b894563ef4]]></ToUserName>
<FromUserName><![CDATA[o5V8y1ROv4xU6ppeks9u0oBkw2Y0]]></FromUserName>
<CreateTime>1568022974</CreateTime>
<MsgType><![CDATA[event]]></MsgType>
<Event><![CDATA[SCAN]]></Event>
<EventKey><![CDATA[business:5864a01773794135a05fba69901b7199]]></EventKey>
<Ticket><![CDATA[gQGj8DwAAAAAAAAAAS5odHRwOi8vd2VpeGluLnFxLmNvbS9xLzAyZ3RQMXQ5QnZjT2wxMDAwMHcwN2oAAgQPhH9cAwQAAAAA]]></Ticket>
</xml>

2019-09-09 17:56:14 params :
------------
String:
array (
  'rule' => -2,
  'module' => '',
  'message' => 
  array (
    'tousername' => 'gh_f9b894563ef4',
    'fromusername' => 'o5V8y1ROv4xU6ppeks9u0oBkw2Y0',
    'createtime' => '1568022974',
    'msgtype' => 'event',
    'event' => 'SCAN',
    'eventkey' => 'business:5864a01773794135a05fba69901b7199',
    'ticket' => 'gQGj8DwAAAAAAAAAAS5odHRwOi8vd2VpeGluLnFxLmNvbS9xLzAyZ3RQMXQ5QnZjT2wxMDAwMHcwN2oAAgQPhH9cAwQAAAAA',
    'from' => 'o5V8y1ROv4xU6ppeks9u0oBkw2Y0',
    'to' => 'gh_f9b894563ef4',
    'time' => '1568022974',
    'type' => 'text',
    'scene' => 'business:5864a01773794135a05fba69901b7199',
    'redirection' => true,
    'source' => 'qr',
  ),
)

2019-09-09 17:56:14 response :
------------

2019-09-09 17:56:32 trace :
------------
String:
<xml><ToUserName><![CDATA[gh_f9b894563ef4]]></ToUserName>
<FromUserName><![CDATA[o5V8y1ROv4xU6ppeks9u0oBkw2Y0]]></FromUserName>
<CreateTime>1568022992</CreateTime>
<MsgType><![CDATA[event]]></MsgType>
<Event><![CDATA[VIEW]]></Event>
<EventKey><![CDATA[http://www.boyufengmao.com/app/index.php?i=6&c=entry&m=ewei_shopv2&do=mobile&r=diypage&id=35]]></EventKey>
<MenuId>445219801</MenuId>
</xml>

2019-09-09 17:56:32 params :
------------
String:
array (
  'rule' => -2,
  'module' => '',
  'message' => 
  array (
    'tousername' => 'gh_f9b894563ef4',
    'fromusername' => 'o5V8y1ROv4xU6ppeks9u0oBkw2Y0',
    'createtime' => '1568022992',
    'msgtype' => 'event',
    'event' => 'VIEW',
    'eventkey' => 'http://www.boyufengmao.com/app/index.php?i=6&c=entry&m=ewei_shopv2&do=mobile&r=diypage&id=35',
    'menuid' => '445219801',
    'from' => 'o5V8y1ROv4xU6ppeks9u0oBkw2Y0',
    'to' => 'gh_f9b894563ef4',
    'time' => '1568022992',
    'type' => 'text',
    'content' => 'http://www.boyufengmao.com/app/index.php?i=6&c=entry&m=ewei_shopv2&do=mobile&r=diypage&id=35',
    'redirection' => true,
    'source' => 'VIEW',
  ),
)

2019-09-09 17:56:32 response :
------------

2019-09-09 17:56:58 trace :
------------
String:
<xml><ToUserName><![CDATA[gh_f9b894563ef4]]></ToUserName>
<FromUserName><![CDATA[o5V8y1ROv4xU6ppeks9u0oBkw2Y0]]></FromUserName>
<CreateTime>1568023018</CreateTime>
<MsgType><![CDATA[event]]></MsgType>
<Event><![CDATA[VIEW]]></Event>
<EventKey><![CDATA[http://www.boyufengmao.com/app/index.php?i=6&c=entry&m=ewei_shopv2&do=mobile&r=diypage&id=35]]></EventKey>
<MenuId>445219801</MenuId>
</xml>

2019-09-09 17:56:58 params :
------------
String:
array (
  'rule' => -2,
  'module' => '',
  'message' => 
  array (
    'tousername' => 'gh_f9b894563ef4',
    'fromusername' => 'o5V8y1ROv4xU6ppeks9u0oBkw2Y0',
    'createtime' => '1568023018',
    'msgtype' => 'event',
    'event' => 'VIEW',
    'eventkey' => 'http://www.boyufengmao.com/app/index.php?i=6&c=entry&m=ewei_shopv2&do=mobile&r=diypage&id=35',
    'menuid' => '445219801',
    'from' => 'o5V8y1ROv4xU6ppeks9u0oBkw2Y0',
    'to' => 'gh_f9b894563ef4',
    'time' => '1568023018',
    'type' => 'text',
    'content' => 'http://www.boyufengmao.com/app/index.php?i=6&c=entry&m=ewei_shopv2&do=mobile&r=diypage&id=35',
    'redirection' => true,
    'source' => 'VIEW',
  ),
)

2019-09-09 17:56:58 response :
------------

2019-09-09 17:58:32 trace :
------------
String:
<xml><ToUserName><![CDATA[gh_f9b894563ef4]]></ToUserName>
<FromUserName><![CDATA[o5V8y1a-Q523UX03f5ZkUu2yj0NY]]></FromUserName>
<CreateTime>1568023112</CreateTime>
<MsgType><![CDATA[event]]></MsgType>
<Event><![CDATA[VIEW]]></Event>
<EventKey><![CDATA[http://www.boyufengmao.com/app/index.php?i=6&c=entry&m=ewei_shopv2&do=mobile&r=diypage&id=35]]></EventKey>
<MenuId>445219801</MenuId>
</xml>

2019-09-09 17:58:32 params :
------------
String:
array (
  'rule' => -2,
  'module' => '',
  'message' => 
  array (
    'tousername' => 'gh_f9b894563ef4',
    'fromusername' => 'o5V8y1a-Q523UX03f5ZkUu2yj0NY',
    'createtime' => '1568023112',
    'msgtype' => 'event',
    'event' => 'VIEW',
    'eventkey' => 'http://www.boyufengmao.com/app/index.php?i=6&c=entry&m=ewei_shopv2&do=mobile&r=diypage&id=35',
    'menuid' => '445219801',
    'from' => 'o5V8y1a-Q523UX03f5ZkUu2yj0NY',
    'to' => 'gh_f9b894563ef4',
    'time' => '1568023112',
    'type' => 'text',
    'content' => 'http://www.boyufengmao.com/app/index.php?i=6&c=entry&m=ewei_shopv2&do=mobile&r=diypage&id=35',
    'redirection' => true,
    'source' => 'VIEW',
  ),
)

2019-09-09 17:58:32 response :
------------

2019-09-09 17:58:54 trace :
------------
String:
<xml><ToUserName><![CDATA[gh_f9b894563ef4]]></ToUserName>
<FromUserName><![CDATA[o5V8y1ROv4xU6ppeks9u0oBkw2Y0]]></FromUserName>
<CreateTime>1568023134</CreateTime>
<MsgType><![CDATA[event]]></MsgType>
<Event><![CDATA[VIEW]]></Event>
<EventKey><![CDATA[http://www.boyufengmao.com/app/index.php?i=6&c=entry&m=ewei_shopv2&do=mobile&r=diypage&id=35]]></EventKey>
<MenuId>445219801</MenuId>
</xml>

2019-09-09 17:58:54 params :
------------
String:
array (
  'rule' => -2,
  'module' => '',
  'message' => 
  array (
    'tousername' => 'gh_f9b894563ef4',
    'fromusername' => 'o5V8y1ROv4xU6ppeks9u0oBkw2Y0',
    'createtime' => '1568023134',
    'msgtype' => 'event',
    'event' => 'VIEW',
    'eventkey' => 'http://www.boyufengmao.com/app/index.php?i=6&c=entry&m=ewei_shopv2&do=mobile&r=diypage&id=35',
    'menuid' => '445219801',
    'from' => 'o5V8y1ROv4xU6ppeks9u0oBkw2Y0',
    'to' => 'gh_f9b894563ef4',
    'time' => '1568023134',
    'type' => 'text',
    'content' => 'http://www.boyufengmao.com/app/index.php?i=6&c=entry&m=ewei_shopv2&do=mobile&r=diypage&id=35',
    'redirection' => true,
    'source' => 'VIEW',
  ),
)

2019-09-09 17:58:54 response :
------------

2019-09-09 18:03:01 trace :
------------
String:
<xml><ToUserName><![CDATA[gh_7b3d37846b75]]></ToUserName>
<FromUserName><![CDATA[oZ5PY1PnbXlVbKJaC4fSQCwtPVHM]]></FromUserName>
<CreateTime>1568023381</CreateTime>
<MsgType><![CDATA[event]]></MsgType>
<Event><![CDATA[VIEW]]></Event>
<EventKey><![CDATA[http://www.boyufengmao.com/app/index.php?i=7&c=entry&m=ewei_shopv2&do=mobile&r=diypage&id=30]]></EventKey>
<MenuId>516256345</MenuId>
</xml>

2019-09-09 18:03:01 params :
------------
String:
array (
  'rule' => -2,
  'module' => '',
  'message' => 
  array (
    'tousername' => 'gh_7b3d37846b75',
    'fromusername' => 'oZ5PY1PnbXlVbKJaC4fSQCwtPVHM',
    'createtime' => '1568023381',
    'msgtype' => 'event',
    'event' => 'VIEW',
    'eventkey' => 'http://www.boyufengmao.com/app/index.php?i=7&c=entry&m=ewei_shopv2&do=mobile&r=diypage&id=30',
    'menuid' => '516256345',
    'from' => 'oZ5PY1PnbXlVbKJaC4fSQCwtPVHM',
    'to' => 'gh_7b3d37846b75',
    'time' => '1568023381',
    'type' => 'text',
    'content' => 'http://www.boyufengmao.com/app/index.php?i=7&c=entry&m=ewei_shopv2&do=mobile&r=diypage&id=30',
    'redirection' => true,
    'source' => 'VIEW',
  ),
)

2019-09-09 18:03:01 response :
------------

2019-09-09 18:42:33 trace :
------------
String:
<xml><ToUserName><![CDATA[gh_f9b894563ef4]]></ToUserName>
<FromUserName><![CDATA[o5V8y1XoI-oMsICHrgX1vvdaxJCo]]></FromUserName>
<CreateTime>1568025753</CreateTime>
<MsgType><![CDATA[event]]></MsgType>
<Event><![CDATA[VIEW]]></Event>
<EventKey><![CDATA[http://www.boyufengmao.com/app/index.php?i=6&c=entry&m=ewei_shopv2&do=mobile&r=diypage&id=35]]></EventKey>
<MenuId>445219801</MenuId>
</xml>

2019-09-09 18:42:33 params :
------------
String:
array (
  'rule' => -2,
  'module' => '',
  'message' => 
  array (
    'tousername' => 'gh_f9b894563ef4',
    'fromusername' => 'o5V8y1XoI-oMsICHrgX1vvdaxJCo',
    'createtime' => '1568025753',
    'msgtype' => 'event',
    'event' => 'VIEW',
    'eventkey' => 'http://www.boyufengmao.com/app/index.php?i=6&c=entry&m=ewei_shopv2&do=mobile&r=diypage&id=35',
    'menuid' => '445219801',
    'from' => 'o5V8y1XoI-oMsICHrgX1vvdaxJCo',
    'to' => 'gh_f9b894563ef4',
    'time' => '1568025753',
    'type' => 'text',
    'content' => 'http://www.boyufengmao.com/app/index.php?i=6&c=entry&m=ewei_shopv2&do=mobile&r=diypage&id=35',
    'redirection' => true,
    'source' => 'VIEW',
  ),
)

2019-09-09 18:42:33 response :
------------

2019-09-09 19:15:53 trace :
------------
String:
<xml><ToUserName><![CDATA[gh_162fc9cda7ca]]></ToUserName>
<FromUserName><![CDATA[oYRrw0__1GklC7O3wdCNVuE_Lc6I]]></FromUserName>
<CreateTime>1568027752</CreateTime>
<MsgType><![CDATA[event]]></MsgType>
<Event><![CDATA[VIEW]]></Event>
<EventKey><![CDATA[http://www.boyufengmao.com/app/index.php?i=5&c=entry&m=ewei_shopv2&do=mobile&r=diypage&id=34]]></EventKey>
<MenuId>431928873</MenuId>
</xml>

2019-09-09 19:15:53 params :
------------
String:
array (
  'rule' => -2,
  'module' => '',
  'message' => 
  array (
    'tousername' => 'gh_162fc9cda7ca',
    'fromusername' => 'oYRrw0__1GklC7O3wdCNVuE_Lc6I',
    'createtime' => '1568027752',
    'msgtype' => 'event',
    'event' => 'VIEW',
    'eventkey' => 'http://www.boyufengmao.com/app/index.php?i=5&c=entry&m=ewei_shopv2&do=mobile&r=diypage&id=34',
    'menuid' => '431928873',
    'from' => 'oYRrw0__1GklC7O3wdCNVuE_Lc6I',
    'to' => 'gh_162fc9cda7ca',
    'time' => '1568027752',
    'type' => 'text',
    'content' => 'http://www.boyufengmao.com/app/index.php?i=5&c=entry&m=ewei_shopv2&do=mobile&r=diypage&id=34',
    'redirection' => true,
    'source' => 'VIEW',
  ),
)

2019-09-09 19:15:53 response :
------------

2019-09-09 19:30:44 trace :
------------
String:
<xml><ToUserName><![CDATA[gh_f9b894563ef4]]></ToUserName>
<FromUserName><![CDATA[o5V8y1XoI-oMsICHrgX1vvdaxJCo]]></FromUserName>
<CreateTime>1568028644</CreateTime>
<MsgType><![CDATA[event]]></MsgType>
<Event><![CDATA[SCAN]]></Event>
<EventKey><![CDATA[business:5864a01773794135a05fba69901b7199]]></EventKey>
<Ticket><![CDATA[gQGj8DwAAAAAAAAAAS5odHRwOi8vd2VpeGluLnFxLmNvbS9xLzAyZ3RQMXQ5QnZjT2wxMDAwMHcwN2oAAgQPhH9cAwQAAAAA]]></Ticket>
</xml>

2019-09-09 19:30:44 params :
------------
String:
array (
  'rule' => -2,
  'module' => '',
  'message' => 
  array (
    'tousername' => 'gh_f9b894563ef4',
    'fromusername' => 'o5V8y1XoI-oMsICHrgX1vvdaxJCo',
    'createtime' => '1568028644',
    'msgtype' => 'event',
    'event' => 'SCAN',
    'eventkey' => 'business:5864a01773794135a05fba69901b7199',
    'ticket' => 'gQGj8DwAAAAAAAAAAS5odHRwOi8vd2VpeGluLnFxLmNvbS9xLzAyZ3RQMXQ5QnZjT2wxMDAwMHcwN2oAAgQPhH9cAwQAAAAA',
    'from' => 'o5V8y1XoI-oMsICHrgX1vvdaxJCo',
    'to' => 'gh_f9b894563ef4',
    'time' => '1568028644',
    'type' => 'text',
    'scene' => 'business:5864a01773794135a05fba69901b7199',
    'redirection' => true,
    'source' => 'qr',
  ),
)

2019-09-09 19:30:44 response :
------------

2019-09-09 19:30:52 trace :
------------
String:
<xml><ToUserName><![CDATA[gh_f9b894563ef4]]></ToUserName>
<FromUserName><![CDATA[o5V8y1XoI-oMsICHrgX1vvdaxJCo]]></FromUserName>
<CreateTime>1568028652</CreateTime>
<MsgType><![CDATA[event]]></MsgType>
<Event><![CDATA[VIEW]]></Event>
<EventKey><![CDATA[http://www.boyufengmao.com/app/index.php?i=6&c=entry&m=ewei_shopv2&do=mobile&r=diypage&id=35]]></EventKey>
<MenuId>445219801</MenuId>
</xml>

2019-09-09 19:30:52 params :
------------
String:
array (
  'rule' => -2,
  'module' => '',
  'message' => 
  array (
    'tousername' => 'gh_f9b894563ef4',
    'fromusername' => 'o5V8y1XoI-oMsICHrgX1vvdaxJCo',
    'createtime' => '1568028652',
    'msgtype' => 'event',
    'event' => 'VIEW',
    'eventkey' => 'http://www.boyufengmao.com/app/index.php?i=6&c=entry&m=ewei_shopv2&do=mobile&r=diypage&id=35',
    'menuid' => '445219801',
    'from' => 'o5V8y1XoI-oMsICHrgX1vvdaxJCo',
    'to' => 'gh_f9b894563ef4',
    'time' => '1568028652',
    'type' => 'text',
    'content' => 'http://www.boyufengmao.com/app/index.php?i=6&c=entry&m=ewei_shopv2&do=mobile&r=diypage&id=35',
    'redirection' => true,
    'source' => 'VIEW',
  ),
)

2019-09-09 19:30:52 response :
------------

2019-09-09 19:31:16 trace :
------------
String:
<xml><ToUserName><![CDATA[gh_f9b894563ef4]]></ToUserName>
<FromUserName><![CDATA[o5V8y1XoI-oMsICHrgX1vvdaxJCo]]></FromUserName>
<CreateTime>1568028676</CreateTime>
<MsgType><![CDATA[event]]></MsgType>
<Event><![CDATA[VIEW]]></Event>
<EventKey><![CDATA[http://www.boyufengmao.com/app/index.php?i=6&c=entry&m=ewei_shopv2&do=mobile&r=diypage&id=35]]></EventKey>
<MenuId>445219801</MenuId>
</xml>

2019-09-09 19:31:16 params :
------------
String:
array (
  'rule' => -2,
  'module' => '',
  'message' => 
  array (
    'tousername' => 'gh_f9b894563ef4',
    'fromusername' => 'o5V8y1XoI-oMsICHrgX1vvdaxJCo',
    'createtime' => '1568028676',
    'msgtype' => 'event',
    'event' => 'VIEW',
    'eventkey' => 'http://www.boyufengmao.com/app/index.php?i=6&c=entry&m=ewei_shopv2&do=mobile&r=diypage&id=35',
    'menuid' => '445219801',
    'from' => 'o5V8y1XoI-oMsICHrgX1vvdaxJCo',
    'to' => 'gh_f9b894563ef4',
    'time' => '1568028676',
    'type' => 'text',
    'content' => 'http://www.boyufengmao.com/app/index.php?i=6&c=entry&m=ewei_shopv2&do=mobile&r=diypage&id=35',
    'redirection' => true,
    'source' => 'VIEW',
  ),
)

2019-09-09 19:31:16 response :
------------

2019-09-09 19:32:38 trace :
------------
String:
<xml><ToUserName><![CDATA[gh_f9b894563ef4]]></ToUserName>
<FromUserName><![CDATA[o5V8y1XoI-oMsICHrgX1vvdaxJCo]]></FromUserName>
<CreateTime>1568028758</CreateTime>
<MsgType><![CDATA[event]]></MsgType>
<Event><![CDATA[VIEW]]></Event>
<EventKey><![CDATA[http://www.boyufengmao.com/app/index.php?i=6&c=entry&m=ewei_shopv2&do=mobile&r=diypage&id=35]]></EventKey>
<MenuId>445219801</MenuId>
</xml>

2019-09-09 19:32:38 params :
------------
String:
array (
  'rule' => -2,
  'module' => '',
  'message' => 
  array (
    'tousername' => 'gh_f9b894563ef4',
    'fromusername' => 'o5V8y1XoI-oMsICHrgX1vvdaxJCo',
    'createtime' => '1568028758',
    'msgtype' => 'event',
    'event' => 'VIEW',
    'eventkey' => 'http://www.boyufengmao.com/app/index.php?i=6&c=entry&m=ewei_shopv2&do=mobile&r=diypage&id=35',
    'menuid' => '445219801',
    'from' => 'o5V8y1XoI-oMsICHrgX1vvdaxJCo',
    'to' => 'gh_f9b894563ef4',
    'time' => '1568028758',
    'type' => 'text',
    'content' => 'http://www.boyufengmao.com/app/index.php?i=6&c=entry&m=ewei_shopv2&do=mobile&r=diypage&id=35',
    'redirection' => true,
    'source' => 'VIEW',
  ),
)

2019-09-09 19:32:38 response :
------------

2019-09-09 19:52:26 trace :
------------
String:
<xml><ToUserName><![CDATA[gh_7b3d37846b75]]></ToUserName>
<FromUserName><![CDATA[oZ5PY1POWo7k9MIg2IDhXmN_23uM]]></FromUserName>
<CreateTime>1568029946</CreateTime>
<MsgType><![CDATA[event]]></MsgType>
<Event><![CDATA[VIEW]]></Event>
<EventKey><![CDATA[http://www.boyufengmao.com/app/index.php?i=7&c=entry&m=ewei_shopv2&do=mobile&r=member]]></EventKey>
<MenuId>516256345</MenuId>
</xml>

2019-09-09 19:52:26 params :
------------
String:
array (
  'rule' => -2,
  'module' => '',
  'message' => 
  array (
    'tousername' => 'gh_7b3d37846b75',
    'fromusername' => 'oZ5PY1POWo7k9MIg2IDhXmN_23uM',
    'createtime' => '1568029946',
    'msgtype' => 'event',
    'event' => 'VIEW',
    'eventkey' => 'http://www.boyufengmao.com/app/index.php?i=7&c=entry&m=ewei_shopv2&do=mobile&r=member',
    'menuid' => '516256345',
    'from' => 'oZ5PY1POWo7k9MIg2IDhXmN_23uM',
    'to' => 'gh_7b3d37846b75',
    'time' => '1568029946',
    'type' => 'text',
    'content' => 'http://www.boyufengmao.com/app/index.php?i=7&c=entry&m=ewei_shopv2&do=mobile&r=member',
    'redirection' => true,
    'source' => 'VIEW',
  ),
)

2019-09-09 19:52:26 response :
------------

2019-09-09 19:52:33 trace :
------------
String:
<xml><ToUserName><![CDATA[gh_7b3d37846b75]]></ToUserName>
<FromUserName><![CDATA[oZ5PY1POWo7k9MIg2IDhXmN_23uM]]></FromUserName>
<CreateTime>1568029953</CreateTime>
<MsgType><![CDATA[event]]></MsgType>
<Event><![CDATA[CLICK]]></Event>
<EventKey><![CDATA[]]></EventKey>
</xml>

2019-09-09 19:52:33 params :
------------
String:
array (
  'message' => 
  array (
    'tousername' => 'gh_7b3d37846b75',
    'fromusername' => 'oZ5PY1POWo7k9MIg2IDhXmN_23uM',
    'createtime' => '1568029953',
    'msgtype' => 'event',
    'event' => 'CLICK',
    'eventkey' => '',
    'from' => 'oZ5PY1POWo7k9MIg2IDhXmN_23uM',
    'to' => 'gh_7b3d37846b75',
    'time' => '1568029953',
    'type' => 'text',
    'content' => '',
    'redirection' => true,
    'source' => 'click',
  ),
  'module' => 'reply',
  'rule' => '22',
  'priority' => '0',
  'keyword' => 
  array (
    'id' => '34',
    'rid' => '22',
    'uniacid' => '7',
    'module' => 'reply',
    'content' => '',
    'type' => '1',
    'displayorder' => '0',
    'status' => '1',
    'reply_type' => 
    array (
      0 => 'images',
    ),
  ),
  'reply_type' => 
  array (
    0 => 'images',
  ),
)

2019-09-09 19:52:33 response :
------------
Array:
FromUserName : gh_7b3d37846b75 ;
ToUserName : oZ5PY1POWo7k9MIg2IDhXmN_23uM ;
MsgType : image ;
Image : Array ;

2019-09-09 19:52:38 trace :
------------
String:
<xml><ToUserName><![CDATA[gh_7b3d37846b75]]></ToUserName>
<FromUserName><![CDATA[oZ5PY1POWo7k9MIg2IDhXmN_23uM]]></FromUserName>
<CreateTime>1568029958</CreateTime>
<MsgType><![CDATA[event]]></MsgType>
<Event><![CDATA[CLICK]]></Event>
<EventKey><![CDATA[]]></EventKey>
</xml>

2019-09-09 19:52:38 params :
------------
String:
array (
  'message' => 
  array (
    'tousername' => 'gh_7b3d37846b75',
    'fromusername' => 'oZ5PY1POWo7k9MIg2IDhXmN_23uM',
    'createtime' => '1568029958',
    'msgtype' => 'event',
    'event' => 'CLICK',
    'eventkey' => '',
    'from' => 'oZ5PY1POWo7k9MIg2IDhXmN_23uM',
    'to' => 'gh_7b3d37846b75',
    'time' => '1568029958',
    'type' => 'text',
    'content' => '',
    'redirection' => true,
    'source' => 'click',
  ),
  'module' => 'reply',
  'rule' => '18',
  'priority' => '0',
  'keyword' => 
  array (
    'id' => '25',
    'rid' => '18',
    'uniacid' => '7',
    'module' => 'reply',
    'content' => '',
    'type' => '2',
    'displayorder' => '0',
    'status' => '1',
    'reply_type' => 
    array (
      0 => 'basic',
    ),
  ),
  'reply_type' => 
  array (
    0 => 'basic',
  ),
)

2019-09-09 19:52:38 response :
------------
Array:
FromUserName : gh_7b3d37846b75 ;
ToUserName : oZ5PY1POWo7k9MIg2IDhXmN_23uM ;
MsgType : text ;
Content : 02985262567  ;

2019-09-09 20:02:39 trace :
------------
String:
<xml><ToUserName><![CDATA[gh_f9b894563ef4]]></ToUserName>
<FromUserName><![CDATA[o5V8y1T4EfAvMg8Q7RNcKMMLYEmI]]></FromUserName>
<CreateTime>1568030559</CreateTime>
<MsgType><![CDATA[event]]></MsgType>
<Event><![CDATA[subscribe]]></Event>
<EventKey><![CDATA[qrscene_business:5864a01773794135a05fba69901b7199]]></EventKey>
<Ticket><![CDATA[gQGj8DwAAAAAAAAAAS5odHRwOi8vd2VpeGluLnFxLmNvbS9xLzAyZ3RQMXQ5QnZjT2wxMDAwMHcwN2oAAgQPhH9cAwQAAAAA]]></Ticket>
</xml>

2019-09-09 20:02:39 params :
------------
String:
array (
  'rule' => -2,
  'module' => '',
  'message' => 
  array (
    'tousername' => 'gh_f9b894563ef4',
    'fromusername' => 'o5V8y1T4EfAvMg8Q7RNcKMMLYEmI',
    'createtime' => '1568030559',
    'msgtype' => 'event',
    'event' => 'subscribe',
    'eventkey' => 'qrscene_business:5864a01773794135a05fba69901b7199',
    'ticket' => 'gQGj8DwAAAAAAAAAAS5odHRwOi8vd2VpeGluLnFxLmNvbS9xLzAyZ3RQMXQ5QnZjT2wxMDAwMHcwN2oAAgQPhH9cAwQAAAAA',
    'from' => 'o5V8y1T4EfAvMg8Q7RNcKMMLYEmI',
    'to' => 'gh_f9b894563ef4',
    'time' => '1568030559',
    'type' => 'text',
    'scene' => 'business:5864a01773794135a05fba69901b7199',
    'redirection' => true,
    'source' => 'subscribe',
  ),
)

2019-09-09 20:02:39 response :
------------

2019-09-09 20:02:40 trace :
------------
String:
<xml><ToUserName><![CDATA[gh_f9b894563ef4]]></ToUserName>
<FromUserName><![CDATA[o5V8y1T4EfAvMg8Q7RNcKMMLYEmI]]></FromUserName>
<CreateTime>1568030560</CreateTime>
<MsgType><![CDATA[event]]></MsgType>
<Event><![CDATA[VIEW]]></Event>
<EventKey><![CDATA[http://www.boyufengmao.com/app/index.php?i=6&c=entry&m=ewei_shopv2&do=mobile&r=diypage&id=35]]></EventKey>
<MenuId>445219801</MenuId>
</xml>

2019-09-09 20:02:40 params :
------------
String:
array (
  'rule' => -2,
  'module' => '',
  'message' => 
  array (
    'tousername' => 'gh_f9b894563ef4',
    'fromusername' => 'o5V8y1T4EfAvMg8Q7RNcKMMLYEmI',
    'createtime' => '1568030560',
    'msgtype' => 'event',
    'event' => 'VIEW',
    'eventkey' => 'http://www.boyufengmao.com/app/index.php?i=6&c=entry&m=ewei_shopv2&do=mobile&r=diypage&id=35',
    'menuid' => '445219801',
    'from' => 'o5V8y1T4EfAvMg8Q7RNcKMMLYEmI',
    'to' => 'gh_f9b894563ef4',
    'time' => '1568030560',
    'type' => 'text',
    'content' => 'http://www.boyufengmao.com/app/index.php?i=6&c=entry&m=ewei_shopv2&do=mobile&r=diypage&id=35',
    'redirection' => true,
    'source' => 'VIEW',
  ),
)

2019-09-09 20:02:40 response :
------------

2019-09-09 20:19:24 trace :
------------
String:
<xml><ToUserName><![CDATA[gh_f9b894563ef4]]></ToUserName>
<FromUserName><![CDATA[o5V8y1Vl4MrNK1iMHiusAg9Ct96s]]></FromUserName>
<CreateTime>1568031564</CreateTime>
<MsgType><![CDATA[event]]></MsgType>
<Event><![CDATA[subscribe]]></Event>
<EventKey><![CDATA[qrscene_business:5864a01773794135a05fba69901b7199]]></EventKey>
<Ticket><![CDATA[gQGj8DwAAAAAAAAAAS5odHRwOi8vd2VpeGluLnFxLmNvbS9xLzAyZ3RQMXQ5QnZjT2wxMDAwMHcwN2oAAgQPhH9cAwQAAAAA]]></Ticket>
</xml>

2019-09-09 20:19:24 params :
------------
String:
array (
  'rule' => -2,
  'module' => '',
  'message' => 
  array (
    'tousername' => 'gh_f9b894563ef4',
    'fromusername' => 'o5V8y1Vl4MrNK1iMHiusAg9Ct96s',
    'createtime' => '1568031564',
    'msgtype' => 'event',
    'event' => 'subscribe',
    'eventkey' => 'qrscene_business:5864a01773794135a05fba69901b7199',
    'ticket' => 'gQGj8DwAAAAAAAAAAS5odHRwOi8vd2VpeGluLnFxLmNvbS9xLzAyZ3RQMXQ5QnZjT2wxMDAwMHcwN2oAAgQPhH9cAwQAAAAA',
    'from' => 'o5V8y1Vl4MrNK1iMHiusAg9Ct96s',
    'to' => 'gh_f9b894563ef4',
    'time' => '1568031564',
    'type' => 'text',
    'scene' => 'business:5864a01773794135a05fba69901b7199',
    'redirection' => true,
    'source' => 'subscribe',
  ),
)

2019-09-09 20:19:24 response :
------------

2019-09-09 20:20:30 trace :
------------
String:
<xml><ToUserName><![CDATA[gh_f9b894563ef4]]></ToUserName>
<FromUserName><![CDATA[o5V8y1Vl4MrNK1iMHiusAg9Ct96s]]></FromUserName>
<CreateTime>1568031630</CreateTime>
<MsgType><![CDATA[event]]></MsgType>
<Event><![CDATA[VIEW]]></Event>
<EventKey><![CDATA[http://www.boyufengmao.com/app/index.php?i=6&c=entry&m=ewei_shopv2&do=mobile&r=diypage&id=35]]></EventKey>
<MenuId>445219801</MenuId>
</xml>

2019-09-09 20:20:30 params :
------------
String:
array (
  'rule' => -2,
  'module' => '',
  'message' => 
  array (
    'tousername' => 'gh_f9b894563ef4',
    'fromusername' => 'o5V8y1Vl4MrNK1iMHiusAg9Ct96s',
    'createtime' => '1568031630',
    'msgtype' => 'event',
    'event' => 'VIEW',
    'eventkey' => 'http://www.boyufengmao.com/app/index.php?i=6&c=entry&m=ewei_shopv2&do=mobile&r=diypage&id=35',
    'menuid' => '445219801',
    'from' => 'o5V8y1Vl4MrNK1iMHiusAg9Ct96s',
    'to' => 'gh_f9b894563ef4',
    'time' => '1568031630',
    'type' => 'text',
    'content' => 'http://www.boyufengmao.com/app/index.php?i=6&c=entry&m=ewei_shopv2&do=mobile&r=diypage&id=35',
    'redirection' => true,
    'source' => 'VIEW',
  ),
)

2019-09-09 20:20:30 response :
------------

2019-09-09 20:22:57 trace :
------------
String:
<xml><ToUserName><![CDATA[gh_162fc9cda7ca]]></ToUserName>
<FromUserName><![CDATA[oYRrw0__1GklC7O3wdCNVuE_Lc6I]]></FromUserName>
<CreateTime>1568031776</CreateTime>
<MsgType><![CDATA[event]]></MsgType>
<Event><![CDATA[VIEW]]></Event>
<EventKey><![CDATA[http://www.boyufengmao.com/app/index.php?i=5&c=entry&m=ewei_shopv2&do=mobile&r=diypage&id=24]]></EventKey>
<MenuId>431928873</MenuId>
</xml>

2019-09-09 20:22:57 params :
------------
String:
array (
  'rule' => -2,
  'module' => '',
  'message' => 
  array (
    'tousername' => 'gh_162fc9cda7ca',
    'fromusername' => 'oYRrw0__1GklC7O3wdCNVuE_Lc6I',
    'createtime' => '1568031776',
    'msgtype' => 'event',
    'event' => 'VIEW',
    'eventkey' => 'http://www.boyufengmao.com/app/index.php?i=5&c=entry&m=ewei_shopv2&do=mobile&r=diypage&id=24',
    'menuid' => '431928873',
    'from' => 'oYRrw0__1GklC7O3wdCNVuE_Lc6I',
    'to' => 'gh_162fc9cda7ca',
    'time' => '1568031776',
    'type' => 'text',
    'content' => 'http://www.boyufengmao.com/app/index.php?i=5&c=entry&m=ewei_shopv2&do=mobile&r=diypage&id=24',
    'redirection' => true,
    'source' => 'VIEW',
  ),
)

2019-09-09 20:22:57 response :
------------

2019-09-09 20:27:31 trace :
------------
String:
<xml><ToUserName><![CDATA[gh_162fc9cda7ca]]></ToUserName>
<FromUserName><![CDATA[oYRrw0__1GklC7O3wdCNVuE_Lc6I]]></FromUserName>
<CreateTime>1568032050</CreateTime>
<MsgType><![CDATA[event]]></MsgType>
<Event><![CDATA[VIEW]]></Event>
<EventKey><![CDATA[http://www.boyufengmao.com/app/index.php?i=5&c=entry&m=ewei_shopv2&do=mobile&r=diypage&id=34]]></EventKey>
<MenuId>431928873</MenuId>
</xml>

2019-09-09 20:27:31 params :
------------
String:
array (
  'rule' => -2,
  'module' => '',
  'message' => 
  array (
    'tousername' => 'gh_162fc9cda7ca',
    'fromusername' => 'oYRrw0__1GklC7O3wdCNVuE_Lc6I',
    'createtime' => '1568032050',
    'msgtype' => 'event',
    'event' => 'VIEW',
    'eventkey' => 'http://www.boyufengmao.com/app/index.php?i=5&c=entry&m=ewei_shopv2&do=mobile&r=diypage&id=34',
    'menuid' => '431928873',
    'from' => 'oYRrw0__1GklC7O3wdCNVuE_Lc6I',
    'to' => 'gh_162fc9cda7ca',
    'time' => '1568032050',
    'type' => 'text',
    'content' => 'http://www.boyufengmao.com/app/index.php?i=5&c=entry&m=ewei_shopv2&do=mobile&r=diypage&id=34',
    'redirection' => true,
    'source' => 'VIEW',
  ),
)

2019-09-09 20:27:31 response :
------------

2019-09-09 20:29:36 trace :
------------
String:
<xml><ToUserName><![CDATA[gh_c804ae748f89]]></ToUserName>
<FromUserName><![CDATA[o3lrB52OQe5owM1VXVuw4dyttQho]]></FromUserName>
<CreateTime>1568032176</CreateTime>
<MsgType><![CDATA[event]]></MsgType>
<Event><![CDATA[VIEW]]></Event>
<EventKey><![CDATA[http://www.boyufengmao.com/app/index.php?i=2&c=entry&m=ewei_shopv2&do=mobile&r=diypage&id=29]]></EventKey>
<MenuId>444088613</MenuId>
</xml>

2019-09-09 20:29:36 params :
------------
String:
array (
  'rule' => -2,
  'module' => '',
  'message' => 
  array (
    'tousername' => 'gh_c804ae748f89',
    'fromusername' => 'o3lrB52OQe5owM1VXVuw4dyttQho',
    'createtime' => '1568032176',
    'msgtype' => 'event',
    'event' => 'VIEW',
    'eventkey' => 'http://www.boyufengmao.com/app/index.php?i=2&c=entry&m=ewei_shopv2&do=mobile&r=diypage&id=29',
    'menuid' => '444088613',
    'from' => 'o3lrB52OQe5owM1VXVuw4dyttQho',
    'to' => 'gh_c804ae748f89',
    'time' => '1568032176',
    'type' => 'text',
    'content' => 'http://www.boyufengmao.com/app/index.php?i=2&c=entry&m=ewei_shopv2&do=mobile&r=diypage&id=29',
    'redirection' => true,
    'source' => 'VIEW',
  ),
)

2019-09-09 20:29:36 response :
------------

2019-09-09 20:34:18 trace :
------------
String:
<xml><ToUserName><![CDATA[gh_f9b894563ef4]]></ToUserName>
<FromUserName><![CDATA[o5V8y1VTS0bzPk3rLEzXCLaO3ahc]]></FromUserName>
<CreateTime>1568032458</CreateTime>
<MsgType><![CDATA[event]]></MsgType>
<Event><![CDATA[SCAN]]></Event>
<EventKey><![CDATA[business:5864a01773794135a05fba69901b7199]]></EventKey>
<Ticket><![CDATA[gQGj8DwAAAAAAAAAAS5odHRwOi8vd2VpeGluLnFxLmNvbS9xLzAyZ3RQMXQ5QnZjT2wxMDAwMHcwN2oAAgQPhH9cAwQAAAAA]]></Ticket>
</xml>

2019-09-09 20:34:18 params :
------------
String:
array (
  'rule' => -2,
  'module' => '',
  'message' => 
  array (
    'tousername' => 'gh_f9b894563ef4',
    'fromusername' => 'o5V8y1VTS0bzPk3rLEzXCLaO3ahc',
    'createtime' => '1568032458',
    'msgtype' => 'event',
    'event' => 'SCAN',
    'eventkey' => 'business:5864a01773794135a05fba69901b7199',
    'ticket' => 'gQGj8DwAAAAAAAAAAS5odHRwOi8vd2VpeGluLnFxLmNvbS9xLzAyZ3RQMXQ5QnZjT2wxMDAwMHcwN2oAAgQPhH9cAwQAAAAA',
    'from' => 'o5V8y1VTS0bzPk3rLEzXCLaO3ahc',
    'to' => 'gh_f9b894563ef4',
    'time' => '1568032458',
    'type' => 'text',
    'scene' => 'business:5864a01773794135a05fba69901b7199',
    'redirection' => true,
    'source' => 'qr',
  ),
)

2019-09-09 20:34:18 response :
------------

2019-09-09 20:34:22 trace :
------------
String:
<xml><ToUserName><![CDATA[gh_f9b894563ef4]]></ToUserName>
<FromUserName><![CDATA[o5V8y1VTS0bzPk3rLEzXCLaO3ahc]]></FromUserName>
<CreateTime>1568032462</CreateTime>
<MsgType><![CDATA[event]]></MsgType>
<Event><![CDATA[VIEW]]></Event>
<EventKey><![CDATA[http://www.boyufengmao.com/app/index.php?i=6&c=entry&m=ewei_shopv2&do=mobile&r=diypage&id=35]]></EventKey>
<MenuId>445219801</MenuId>
</xml>

2019-09-09 20:34:22 params :
------------
String:
array (
  'rule' => -2,
  'module' => '',
  'message' => 
  array (
    'tousername' => 'gh_f9b894563ef4',
    'fromusername' => 'o5V8y1VTS0bzPk3rLEzXCLaO3ahc',
    'createtime' => '1568032462',
    'msgtype' => 'event',
    'event' => 'VIEW',
    'eventkey' => 'http://www.boyufengmao.com/app/index.php?i=6&c=entry&m=ewei_shopv2&do=mobile&r=diypage&id=35',
    'menuid' => '445219801',
    'from' => 'o5V8y1VTS0bzPk3rLEzXCLaO3ahc',
    'to' => 'gh_f9b894563ef4',
    'time' => '1568032462',
    'type' => 'text',
    'content' => 'http://www.boyufengmao.com/app/index.php?i=6&c=entry&m=ewei_shopv2&do=mobile&r=diypage&id=35',
    'redirection' => true,
    'source' => 'VIEW',
  ),
)

2019-09-09 20:34:22 response :
------------

2019-09-09 20:34:46 trace :
------------
String:
<xml><ToUserName><![CDATA[gh_f9b894563ef4]]></ToUserName>
<FromUserName><![CDATA[o5V8y1VTS0bzPk3rLEzXCLaO3ahc]]></FromUserName>
<CreateTime>1568032486</CreateTime>
<MsgType><![CDATA[event]]></MsgType>
<Event><![CDATA[VIEW]]></Event>
<EventKey><![CDATA[http://www.boyufengmao.com/app/index.php?i=6&c=entry&m=ewei_shopv2&do=mobile&r=diypage&id=35]]></EventKey>
<MenuId>445219801</MenuId>
</xml>

2019-09-09 20:34:46 params :
------------
String:
array (
  'rule' => -2,
  'module' => '',
  'message' => 
  array (
    'tousername' => 'gh_f9b894563ef4',
    'fromusername' => 'o5V8y1VTS0bzPk3rLEzXCLaO3ahc',
    'createtime' => '1568032486',
    'msgtype' => 'event',
    'event' => 'VIEW',
    'eventkey' => 'http://www.boyufengmao.com/app/index.php?i=6&c=entry&m=ewei_shopv2&do=mobile&r=diypage&id=35',
    'menuid' => '445219801',
    'from' => 'o5V8y1VTS0bzPk3rLEzXCLaO3ahc',
    'to' => 'gh_f9b894563ef4',
    'time' => '1568032486',
    'type' => 'text',
    'content' => 'http://www.boyufengmao.com/app/index.php?i=6&c=entry&m=ewei_shopv2&do=mobile&r=diypage&id=35',
    'redirection' => true,
    'source' => 'VIEW',
  ),
)

2019-09-09 20:34:46 response :
------------

2019-09-09 20:35:00 trace :
------------
String:
<xml><ToUserName><![CDATA[gh_f9b894563ef4]]></ToUserName>
<FromUserName><![CDATA[o5V8y1VTS0bzPk3rLEzXCLaO3ahc]]></FromUserName>
<CreateTime>1568032500</CreateTime>
<MsgType><![CDATA[event]]></MsgType>
<Event><![CDATA[VIEW]]></Event>
<EventKey><![CDATA[http://www.boyufengmao.com/app/index.php?i=6&c=entry&m=ewei_shopv2&do=mobile&r=diypage&id=35]]></EventKey>
<MenuId>445219801</MenuId>
</xml>

2019-09-09 20:35:00 params :
------------
String:
array (
  'rule' => -2,
  'module' => '',
  'message' => 
  array (
    'tousername' => 'gh_f9b894563ef4',
    'fromusername' => 'o5V8y1VTS0bzPk3rLEzXCLaO3ahc',
    'createtime' => '1568032500',
    'msgtype' => 'event',
    'event' => 'VIEW',
    'eventkey' => 'http://www.boyufengmao.com/app/index.php?i=6&c=entry&m=ewei_shopv2&do=mobile&r=diypage&id=35',
    'menuid' => '445219801',
    'from' => 'o5V8y1VTS0bzPk3rLEzXCLaO3ahc',
    'to' => 'gh_f9b894563ef4',
    'time' => '1568032500',
    'type' => 'text',
    'content' => 'http://www.boyufengmao.com/app/index.php?i=6&c=entry&m=ewei_shopv2&do=mobile&r=diypage&id=35',
    'redirection' => true,
    'source' => 'VIEW',
  ),
)

2019-09-09 20:35:00 response :
------------

2019-09-09 20:54:26 trace :
------------
String:
<xml><ToUserName><![CDATA[gh_f9b894563ef4]]></ToUserName>
<FromUserName><![CDATA[o5V8y1WBdknTFRm6nWb-BtAIRgzM]]></FromUserName>
<CreateTime>1568033665</CreateTime>
<MsgType><![CDATA[event]]></MsgType>
<Event><![CDATA[subscribe]]></Event>
<EventKey><![CDATA[qrscene_business:5864a01773794135a05fba69901b7199]]></EventKey>
<Ticket><![CDATA[gQGj8DwAAAAAAAAAAS5odHRwOi8vd2VpeGluLnFxLmNvbS9xLzAyZ3RQMXQ5QnZjT2wxMDAwMHcwN2oAAgQPhH9cAwQAAAAA]]></Ticket>
</xml>

2019-09-09 20:54:26 params :
------------
String:
array (
  'rule' => -2,
  'module' => '',
  'message' => 
  array (
    'tousername' => 'gh_f9b894563ef4',
    'fromusername' => 'o5V8y1WBdknTFRm6nWb-BtAIRgzM',
    'createtime' => '1568033665',
    'msgtype' => 'event',
    'event' => 'subscribe',
    'eventkey' => 'qrscene_business:5864a01773794135a05fba69901b7199',
    'ticket' => 'gQGj8DwAAAAAAAAAAS5odHRwOi8vd2VpeGluLnFxLmNvbS9xLzAyZ3RQMXQ5QnZjT2wxMDAwMHcwN2oAAgQPhH9cAwQAAAAA',
    'from' => 'o5V8y1WBdknTFRm6nWb-BtAIRgzM',
    'to' => 'gh_f9b894563ef4',
    'time' => '1568033665',
    'type' => 'text',
    'scene' => 'business:5864a01773794135a05fba69901b7199',
    'redirection' => true,
    'source' => 'subscribe',
  ),
)

2019-09-09 20:54:26 response :
------------

2019-09-09 21:01:25 trace :
------------
String:
<xml><ToUserName><![CDATA[gh_c804ae748f89]]></ToUserName>
<FromUserName><![CDATA[o3lrB52OQe5owM1VXVuw4dyttQho]]></FromUserName>
<CreateTime>1568034085</CreateTime>
<MsgType><![CDATA[event]]></MsgType>
<Event><![CDATA[VIEW]]></Event>
<EventKey><![CDATA[http://www.boyufengmao.com/app/index.php?i=2&c=entry&m=ewei_shopv2&do=mobile&r=diypage&id=29]]></EventKey>
<MenuId>444088613</MenuId>
</xml>

2019-09-09 21:01:25 params :
------------
String:
array (
  'rule' => -2,
  'module' => '',
  'message' => 
  array (
    'tousername' => 'gh_c804ae748f89',
    'fromusername' => 'o3lrB52OQe5owM1VXVuw4dyttQho',
    'createtime' => '1568034085',
    'msgtype' => 'event',
    'event' => 'VIEW',
    'eventkey' => 'http://www.boyufengmao.com/app/index.php?i=2&c=entry&m=ewei_shopv2&do=mobile&r=diypage&id=29',
    'menuid' => '444088613',
    'from' => 'o3lrB52OQe5owM1VXVuw4dyttQho',
    'to' => 'gh_c804ae748f89',
    'time' => '1568034085',
    'type' => 'text',
    'content' => 'http://www.boyufengmao.com/app/index.php?i=2&c=entry&m=ewei_shopv2&do=mobile&r=diypage&id=29',
    'redirection' => true,
    'source' => 'VIEW',
  ),
)

2019-09-09 21:01:25 response :
------------

2019-09-09 21:02:02 trace :
------------
String:
<xml><ToUserName><![CDATA[gh_c804ae748f89]]></ToUserName>
<FromUserName><![CDATA[o3lrB52OQe5owM1VXVuw4dyttQho]]></FromUserName>
<CreateTime>1568034122</CreateTime>
<MsgType><![CDATA[event]]></MsgType>
<Event><![CDATA[VIEW]]></Event>
<EventKey><![CDATA[http://www.boyufengmao.com/app/index.php?i=2&c=entry&m=ewei_shopv2&do=mobile&r=diypage&id=29]]></EventKey>
<MenuId>444088613</MenuId>
</xml>

2019-09-09 21:02:02 params :
------------
String:
array (
  'rule' => -2,
  'module' => '',
  'message' => 
  array (
    'tousername' => 'gh_c804ae748f89',
    'fromusername' => 'o3lrB52OQe5owM1VXVuw4dyttQho',
    'createtime' => '1568034122',
    'msgtype' => 'event',
    'event' => 'VIEW',
    'eventkey' => 'http://www.boyufengmao.com/app/index.php?i=2&c=entry&m=ewei_shopv2&do=mobile&r=diypage&id=29',
    'menuid' => '444088613',
    'from' => 'o3lrB52OQe5owM1VXVuw4dyttQho',
    'to' => 'gh_c804ae748f89',
    'time' => '1568034122',
    'type' => 'text',
    'content' => 'http://www.boyufengmao.com/app/index.php?i=2&c=entry&m=ewei_shopv2&do=mobile&r=diypage&id=29',
    'redirection' => true,
    'source' => 'VIEW',
  ),
)

2019-09-09 21:02:02 response :
------------

2019-09-09 21:09:27 trace :
------------
String:
<xml><ToUserName><![CDATA[gh_f9b894563ef4]]></ToUserName>
<FromUserName><![CDATA[o5V8y1Vp6fa6dfik4Q0DxaIEUaFc]]></FromUserName>
<CreateTime>1568034567</CreateTime>
<MsgType><![CDATA[event]]></MsgType>
<Event><![CDATA[subscribe]]></Event>
<EventKey><![CDATA[qrscene_business:5864a01773794135a05fba69901b7199]]></EventKey>
<Ticket><![CDATA[gQGj8DwAAAAAAAAAAS5odHRwOi8vd2VpeGluLnFxLmNvbS9xLzAyZ3RQMXQ5QnZjT2wxMDAwMHcwN2oAAgQPhH9cAwQAAAAA]]></Ticket>
</xml>

2019-09-09 21:09:27 params :
------------
String:
array (
  'rule' => -2,
  'module' => '',
  'message' => 
  array (
    'tousername' => 'gh_f9b894563ef4',
    'fromusername' => 'o5V8y1Vp6fa6dfik4Q0DxaIEUaFc',
    'createtime' => '1568034567',
    'msgtype' => 'event',
    'event' => 'subscribe',
    'eventkey' => 'qrscene_business:5864a01773794135a05fba69901b7199',
    'ticket' => 'gQGj8DwAAAAAAAAAAS5odHRwOi8vd2VpeGluLnFxLmNvbS9xLzAyZ3RQMXQ5QnZjT2wxMDAwMHcwN2oAAgQPhH9cAwQAAAAA',
    'from' => 'o5V8y1Vp6fa6dfik4Q0DxaIEUaFc',
    'to' => 'gh_f9b894563ef4',
    'time' => '1568034567',
    'type' => 'text',
    'scene' => 'business:5864a01773794135a05fba69901b7199',
    'redirection' => true,
    'source' => 'subscribe',
  ),
)

2019-09-09 21:09:27 response :
------------

2019-09-09 21:09:31 trace :
------------
String:
<xml><ToUserName><![CDATA[gh_f9b894563ef4]]></ToUserName>
<FromUserName><![CDATA[o5V8y1Vp6fa6dfik4Q0DxaIEUaFc]]></FromUserName>
<CreateTime>1568034571</CreateTime>
<MsgType><![CDATA[event]]></MsgType>
<Event><![CDATA[VIEW]]></Event>
<EventKey><![CDATA[http://www.boyufengmao.com/app/index.php?i=6&c=entry&m=ewei_shopv2&do=mobile&r=diypage&id=35]]></EventKey>
<MenuId>445219801</MenuId>
</xml>

2019-09-09 21:09:31 params :
------------
String:
array (
  'rule' => -2,
  'module' => '',
  'message' => 
  array (
    'tousername' => 'gh_f9b894563ef4',
    'fromusername' => 'o5V8y1Vp6fa6dfik4Q0DxaIEUaFc',
    'createtime' => '1568034571',
    'msgtype' => 'event',
    'event' => 'VIEW',
    'eventkey' => 'http://www.boyufengmao.com/app/index.php?i=6&c=entry&m=ewei_shopv2&do=mobile&r=diypage&id=35',
    'menuid' => '445219801',
    'from' => 'o5V8y1Vp6fa6dfik4Q0DxaIEUaFc',
    'to' => 'gh_f9b894563ef4',
    'time' => '1568034571',
    'type' => 'text',
    'content' => 'http://www.boyufengmao.com/app/index.php?i=6&c=entry&m=ewei_shopv2&do=mobile&r=diypage&id=35',
    'redirection' => true,
    'source' => 'VIEW',
  ),
)

2019-09-09 21:09:31 response :
------------

2019-09-09 21:10:01 trace :
------------
String:
<xml><ToUserName><![CDATA[gh_f9b894563ef4]]></ToUserName>
<FromUserName><![CDATA[o5V8y1Vp6fa6dfik4Q0DxaIEUaFc]]></FromUserName>
<CreateTime>1568034601</CreateTime>
<MsgType><![CDATA[event]]></MsgType>
<Event><![CDATA[VIEW]]></Event>
<EventKey><![CDATA[http://www.boyufengmao.com/app/index.php?i=6&c=entry&m=ewei_shopv2&do=mobile&r=diypage&id=35]]></EventKey>
<MenuId>445219801</MenuId>
</xml>

2019-09-09 21:10:01 params :
------------
String:
array (
  'rule' => -2,
  'module' => '',
  'message' => 
  array (
    'tousername' => 'gh_f9b894563ef4',
    'fromusername' => 'o5V8y1Vp6fa6dfik4Q0DxaIEUaFc',
    'createtime' => '1568034601',
    'msgtype' => 'event',
    'event' => 'VIEW',
    'eventkey' => 'http://www.boyufengmao.com/app/index.php?i=6&c=entry&m=ewei_shopv2&do=mobile&r=diypage&id=35',
    'menuid' => '445219801',
    'from' => 'o5V8y1Vp6fa6dfik4Q0DxaIEUaFc',
    'to' => 'gh_f9b894563ef4',
    'time' => '1568034601',
    'type' => 'text',
    'content' => 'http://www.boyufengmao.com/app/index.php?i=6&c=entry&m=ewei_shopv2&do=mobile&r=diypage&id=35',
    'redirection' => true,
    'source' => 'VIEW',
  ),
)

2019-09-09 21:10:01 response :
------------

2019-09-09 21:11:08 trace :
------------
String:
<xml><ToUserName><![CDATA[gh_c804ae748f89]]></ToUserName>
<FromUserName><![CDATA[o3lrB5xjTLH_1Zu9BfrhOVZ1ECcU]]></FromUserName>
<CreateTime>1568034668</CreateTime>
<MsgType><![CDATA[event]]></MsgType>
<Event><![CDATA[VIEW]]></Event>
<EventKey><![CDATA[http://www.boyufengmao.com/app/index.php?i=2&c=entry&m=ewei_shopv2&do=mobile&r=diypage&id=29]]></EventKey>
<MenuId>444088613</MenuId>
</xml>

2019-09-09 21:11:08 params :
------------
String:
array (
  'rule' => -2,
  'module' => '',
  'message' => 
  array (
    'tousername' => 'gh_c804ae748f89',
    'fromusername' => 'o3lrB5xjTLH_1Zu9BfrhOVZ1ECcU',
    'createtime' => '1568034668',
    'msgtype' => 'event',
    'event' => 'VIEW',
    'eventkey' => 'http://www.boyufengmao.com/app/index.php?i=2&c=entry&m=ewei_shopv2&do=mobile&r=diypage&id=29',
    'menuid' => '444088613',
    'from' => 'o3lrB5xjTLH_1Zu9BfrhOVZ1ECcU',
    'to' => 'gh_c804ae748f89',
    'time' => '1568034668',
    'type' => 'text',
    'content' => 'http://www.boyufengmao.com/app/index.php?i=2&c=entry&m=ewei_shopv2&do=mobile&r=diypage&id=29',
    'redirection' => true,
    'source' => 'VIEW',
  ),
)

2019-09-09 21:11:08 response :
------------

2019-09-09 21:11:40 trace :
------------
String:
<xml><ToUserName><![CDATA[gh_c804ae748f89]]></ToUserName>
<FromUserName><![CDATA[o3lrB5xjTLH_1Zu9BfrhOVZ1ECcU]]></FromUserName>
<CreateTime>1568034700</CreateTime>
<MsgType><![CDATA[event]]></MsgType>
<Event><![CDATA[VIEW]]></Event>
<EventKey><![CDATA[http://www.boyufengmao.com/app/index.php?i=2&c=entry&m=ewei_shopv2&do=mobile&r=diypage&id=29]]></EventKey>
<MenuId>444088613</MenuId>
</xml>

2019-09-09 21:11:40 params :
------------
String:
array (
  'rule' => -2,
  'module' => '',
  'message' => 
  array (
    'tousername' => 'gh_c804ae748f89',
    'fromusername' => 'o3lrB5xjTLH_1Zu9BfrhOVZ1ECcU',
    'createtime' => '1568034700',
    'msgtype' => 'event',
    'event' => 'VIEW',
    'eventkey' => 'http://www.boyufengmao.com/app/index.php?i=2&c=entry&m=ewei_shopv2&do=mobile&r=diypage&id=29',
    'menuid' => '444088613',
    'from' => 'o3lrB5xjTLH_1Zu9BfrhOVZ1ECcU',
    'to' => 'gh_c804ae748f89',
    'time' => '1568034700',
    'type' => 'text',
    'content' => 'http://www.boyufengmao.com/app/index.php?i=2&c=entry&m=ewei_shopv2&do=mobile&r=diypage&id=29',
    'redirection' => true,
    'source' => 'VIEW',
  ),
)

2019-09-09 21:11:40 response :
------------

2019-09-09 21:11:45 trace :
------------
String:
<xml><ToUserName><![CDATA[gh_f9b894563ef4]]></ToUserName>
<FromUserName><![CDATA[o5V8y1Vp6fa6dfik4Q0DxaIEUaFc]]></FromUserName>
<CreateTime>1568034705</CreateTime>
<MsgType><![CDATA[event]]></MsgType>
<Event><![CDATA[VIEW]]></Event>
<EventKey><![CDATA[http://www.boyufengmao.com/app/index.php?i=6&c=entry&m=ewei_shopv2&do=mobile&r=diypage&id=35]]></EventKey>
<MenuId>445219801</MenuId>
</xml>

2019-09-09 21:11:45 params :
------------
String:
array (
  'rule' => -2,
  'module' => '',
  'message' => 
  array (
    'tousername' => 'gh_f9b894563ef4',
    'fromusername' => 'o5V8y1Vp6fa6dfik4Q0DxaIEUaFc',
    'createtime' => '1568034705',
    'msgtype' => 'event',
    'event' => 'VIEW',
    'eventkey' => 'http://www.boyufengmao.com/app/index.php?i=6&c=entry&m=ewei_shopv2&do=mobile&r=diypage&id=35',
    'menuid' => '445219801',
    'from' => 'o5V8y1Vp6fa6dfik4Q0DxaIEUaFc',
    'to' => 'gh_f9b894563ef4',
    'time' => '1568034705',
    'type' => 'text',
    'content' => 'http://www.boyufengmao.com/app/index.php?i=6&c=entry&m=ewei_shopv2&do=mobile&r=diypage&id=35',
    'redirection' => true,
    'source' => 'VIEW',
  ),
)

2019-09-09 21:11:45 response :
------------

2019-09-09 21:21:21 trace :
------------
String:
<xml><ToUserName><![CDATA[gh_c804ae748f89]]></ToUserName>
<FromUserName><![CDATA[o3lrB5xjTLH_1Zu9BfrhOVZ1ECcU]]></FromUserName>
<CreateTime>1568035281</CreateTime>
<MsgType><![CDATA[event]]></MsgType>
<Event><![CDATA[VIEW]]></Event>
<EventKey><![CDATA[http://www.boyufengmao.com/app/index.php?i=2&c=entry&m=ewei_shopv2&do=mobile&r=diypage&id=29]]></EventKey>
<MenuId>444088613</MenuId>
</xml>

2019-09-09 21:21:21 params :
------------
String:
array (
  'rule' => -2,
  'module' => '',
  'message' => 
  array (
    'tousername' => 'gh_c804ae748f89',
    'fromusername' => 'o3lrB5xjTLH_1Zu9BfrhOVZ1ECcU',
    'createtime' => '1568035281',
    'msgtype' => 'event',
    'event' => 'VIEW',
    'eventkey' => 'http://www.boyufengmao.com/app/index.php?i=2&c=entry&m=ewei_shopv2&do=mobile&r=diypage&id=29',
    'menuid' => '444088613',
    'from' => 'o3lrB5xjTLH_1Zu9BfrhOVZ1ECcU',
    'to' => 'gh_c804ae748f89',
    'time' => '1568035281',
    'type' => 'text',
    'content' => 'http://www.boyufengmao.com/app/index.php?i=2&c=entry&m=ewei_shopv2&do=mobile&r=diypage&id=29',
    'redirection' => true,
    'source' => 'VIEW',
  ),
)

2019-09-09 21:21:21 response :
------------

2019-09-09 21:21:31 trace :
------------
String:
<xml><ToUserName><![CDATA[gh_f9b894563ef4]]></ToUserName>
<FromUserName><![CDATA[o5V8y1cyPk9S-JX6p3ZyoDXB7L_E]]></FromUserName>
<CreateTime>1568035291</CreateTime>
<MsgType><![CDATA[event]]></MsgType>
<Event><![CDATA[SCAN]]></Event>
<EventKey><![CDATA[business:5864a01773794135a05fba69901b7199]]></EventKey>
<Ticket><![CDATA[gQGj8DwAAAAAAAAAAS5odHRwOi8vd2VpeGluLnFxLmNvbS9xLzAyZ3RQMXQ5QnZjT2wxMDAwMHcwN2oAAgQPhH9cAwQAAAAA]]></Ticket>
</xml>

2019-09-09 21:21:31 params :
------------
String:
array (
  'rule' => -2,
  'module' => '',
  'message' => 
  array (
    'tousername' => 'gh_f9b894563ef4',
    'fromusername' => 'o5V8y1cyPk9S-JX6p3ZyoDXB7L_E',
    'createtime' => '1568035291',
    'msgtype' => 'event',
    'event' => 'SCAN',
    'eventkey' => 'business:5864a01773794135a05fba69901b7199',
    'ticket' => 'gQGj8DwAAAAAAAAAAS5odHRwOi8vd2VpeGluLnFxLmNvbS9xLzAyZ3RQMXQ5QnZjT2wxMDAwMHcwN2oAAgQPhH9cAwQAAAAA',
    'from' => 'o5V8y1cyPk9S-JX6p3ZyoDXB7L_E',
    'to' => 'gh_f9b894563ef4',
    'time' => '1568035291',
    'type' => 'text',
    'scene' => 'business:5864a01773794135a05fba69901b7199',
    'redirection' => true,
    'source' => 'qr',
  ),
)

2019-09-09 21:21:31 response :
------------

2019-09-09 21:21:37 trace :
------------
String:
<xml><ToUserName><![CDATA[gh_f9b894563ef4]]></ToUserName>
<FromUserName><![CDATA[o5V8y1cyPk9S-JX6p3ZyoDXB7L_E]]></FromUserName>
<CreateTime>1568035297</CreateTime>
<MsgType><![CDATA[event]]></MsgType>
<Event><![CDATA[VIEW]]></Event>
<EventKey><![CDATA[http://www.boyufengmao.com/app/index.php?i=6&c=entry&m=ewei_shopv2&do=mobile&r=diypage&id=35]]></EventKey>
<MenuId>445219801</MenuId>
</xml>

2019-09-09 21:21:37 params :
------------
String:
array (
  'rule' => -2,
  'module' => '',
  'message' => 
  array (
    'tousername' => 'gh_f9b894563ef4',
    'fromusername' => 'o5V8y1cyPk9S-JX6p3ZyoDXB7L_E',
    'createtime' => '1568035297',
    'msgtype' => 'event',
    'event' => 'VIEW',
    'eventkey' => 'http://www.boyufengmao.com/app/index.php?i=6&c=entry&m=ewei_shopv2&do=mobile&r=diypage&id=35',
    'menuid' => '445219801',
    'from' => 'o5V8y1cyPk9S-JX6p3ZyoDXB7L_E',
    'to' => 'gh_f9b894563ef4',
    'time' => '1568035297',
    'type' => 'text',
    'content' => 'http://www.boyufengmao.com/app/index.php?i=6&c=entry&m=ewei_shopv2&do=mobile&r=diypage&id=35',
    'redirection' => true,
    'source' => 'VIEW',
  ),
)

2019-09-09 21:21:37 response :
------------

2019-09-09 21:22:32 trace :
------------
String:
<xml><ToUserName><![CDATA[gh_c804ae748f89]]></ToUserName>
<FromUserName><![CDATA[o3lrB5xjTLH_1Zu9BfrhOVZ1ECcU]]></FromUserName>
<CreateTime>1568035352</CreateTime>
<MsgType><![CDATA[event]]></MsgType>
<Event><![CDATA[VIEW]]></Event>
<EventKey><![CDATA[http://www.boyufengmao.com/app/index.php?i=2&c=entry&m=ewei_shopv2&do=mobile&r=diypage&id=29]]></EventKey>
<MenuId>444088613</MenuId>
</xml>

2019-09-09 21:22:32 params :
------------
String:
array (
  'rule' => -2,
  'module' => '',
  'message' => 
  array (
    'tousername' => 'gh_c804ae748f89',
    'fromusername' => 'o3lrB5xjTLH_1Zu9BfrhOVZ1ECcU',
    'createtime' => '1568035352',
    'msgtype' => 'event',
    'event' => 'VIEW',
    'eventkey' => 'http://www.boyufengmao.com/app/index.php?i=2&c=entry&m=ewei_shopv2&do=mobile&r=diypage&id=29',
    'menuid' => '444088613',
    'from' => 'o3lrB5xjTLH_1Zu9BfrhOVZ1ECcU',
    'to' => 'gh_c804ae748f89',
    'time' => '1568035352',
    'type' => 'text',
    'content' => 'http://www.boyufengmao.com/app/index.php?i=2&c=entry&m=ewei_shopv2&do=mobile&r=diypage&id=29',
    'redirection' => true,
    'source' => 'VIEW',
  ),
)

2019-09-09 21:22:32 response :
------------

2019-09-09 21:23:18 trace :
------------
String:
<xml><ToUserName><![CDATA[gh_c804ae748f89]]></ToUserName>
<FromUserName><![CDATA[o3lrB5xjTLH_1Zu9BfrhOVZ1ECcU]]></FromUserName>
<CreateTime>1568035398</CreateTime>
<MsgType><![CDATA[event]]></MsgType>
<Event><![CDATA[VIEW]]></Event>
<EventKey><![CDATA[http://www.boyufengmao.com/app/index.php?i=2&c=entry&m=ewei_shopv2&do=mobile&r=diypage&id=29]]></EventKey>
<MenuId>444088613</MenuId>
</xml>

2019-09-09 21:23:18 params :
------------
String:
array (
  'rule' => -2,
  'module' => '',
  'message' => 
  array (
    'tousername' => 'gh_c804ae748f89',
    'fromusername' => 'o3lrB5xjTLH_1Zu9BfrhOVZ1ECcU',
    'createtime' => '1568035398',
    'msgtype' => 'event',
    'event' => 'VIEW',
    'eventkey' => 'http://www.boyufengmao.com/app/index.php?i=2&c=entry&m=ewei_shopv2&do=mobile&r=diypage&id=29',
    'menuid' => '444088613',
    'from' => 'o3lrB5xjTLH_1Zu9BfrhOVZ1ECcU',
    'to' => 'gh_c804ae748f89',
    'time' => '1568035398',
    'type' => 'text',
    'content' => 'http://www.boyufengmao.com/app/index.php?i=2&c=entry&m=ewei_shopv2&do=mobile&r=diypage&id=29',
    'redirection' => true,
    'source' => 'VIEW',
  ),
)

2019-09-09 21:23:18 response :
------------

2019-09-09 21:23:43 trace :
------------
String:
<xml><ToUserName><![CDATA[gh_c804ae748f89]]></ToUserName>
<FromUserName><![CDATA[o3lrB5xjTLH_1Zu9BfrhOVZ1ECcU]]></FromUserName>
<CreateTime>1568035423</CreateTime>
<MsgType><![CDATA[event]]></MsgType>
<Event><![CDATA[VIEW]]></Event>
<EventKey><![CDATA[http://www.boyufengmao.com/app/index.php?i=2&c=entry&m=ewei_shopv2&do=mobile&r=diypage&id=29]]></EventKey>
<MenuId>444088613</MenuId>
</xml>

2019-09-09 21:23:43 params :
------------
String:
array (
  'rule' => -2,
  'module' => '',
  'message' => 
  array (
    'tousername' => 'gh_c804ae748f89',
    'fromusername' => 'o3lrB5xjTLH_1Zu9BfrhOVZ1ECcU',
    'createtime' => '1568035423',
    'msgtype' => 'event',
    'event' => 'VIEW',
    'eventkey' => 'http://www.boyufengmao.com/app/index.php?i=2&c=entry&m=ewei_shopv2&do=mobile&r=diypage&id=29',
    'menuid' => '444088613',
    'from' => 'o3lrB5xjTLH_1Zu9BfrhOVZ1ECcU',
    'to' => 'gh_c804ae748f89',
    'time' => '1568035423',
    'type' => 'text',
    'content' => 'http://www.boyufengmao.com/app/index.php?i=2&c=entry&m=ewei_shopv2&do=mobile&r=diypage&id=29',
    'redirection' => true,
    'source' => 'VIEW',
  ),
)

2019-09-09 21:23:43 response :
------------

2019-09-09 21:25:05 trace :
------------
String:
<xml><ToUserName><![CDATA[gh_c804ae748f89]]></ToUserName>
<FromUserName><![CDATA[o3lrB52OQe5owM1VXVuw4dyttQho]]></FromUserName>
<CreateTime>1568035505</CreateTime>
<MsgType><![CDATA[event]]></MsgType>
<Event><![CDATA[VIEW]]></Event>
<EventKey><![CDATA[http://www.boyufengmao.com/app/index.php?i=2&c=entry&m=ewei_shopv2&do=mobile&r=diypage&id=29]]></EventKey>
<MenuId>444088613</MenuId>
</xml>

2019-09-09 21:25:05 params :
------------
String:
array (
  'rule' => -2,
  'module' => '',
  'message' => 
  array (
    'tousername' => 'gh_c804ae748f89',
    'fromusername' => 'o3lrB52OQe5owM1VXVuw4dyttQho',
    'createtime' => '1568035505',
    'msgtype' => 'event',
    'event' => 'VIEW',
    'eventkey' => 'http://www.boyufengmao.com/app/index.php?i=2&c=entry&m=ewei_shopv2&do=mobile&r=diypage&id=29',
    'menuid' => '444088613',
    'from' => 'o3lrB52OQe5owM1VXVuw4dyttQho',
    'to' => 'gh_c804ae748f89',
    'time' => '1568035505',
    'type' => 'text',
    'content' => 'http://www.boyufengmao.com/app/index.php?i=2&c=entry&m=ewei_shopv2&do=mobile&r=diypage&id=29',
    'redirection' => true,
    'source' => 'VIEW',
  ),
)

2019-09-09 21:25:05 response :
------------

2019-09-09 21:40:18 trace :
------------
String:
<xml><ToUserName><![CDATA[gh_f9b894563ef4]]></ToUserName>
<FromUserName><![CDATA[o5V8y1YvvVgXPxRd0vy1kQ2mEtLA]]></FromUserName>
<CreateTime>1568036418</CreateTime>
<MsgType><![CDATA[event]]></MsgType>
<Event><![CDATA[subscribe]]></Event>
<EventKey><![CDATA[qrscene_business:5864a01773794135a05fba69901b7199]]></EventKey>
<Ticket><![CDATA[gQGj8DwAAAAAAAAAAS5odHRwOi8vd2VpeGluLnFxLmNvbS9xLzAyZ3RQMXQ5QnZjT2wxMDAwMHcwN2oAAgQPhH9cAwQAAAAA]]></Ticket>
</xml>

2019-09-09 21:40:18 params :
------------
String:
array (
  'rule' => -2,
  'module' => '',
  'message' => 
  array (
    'tousername' => 'gh_f9b894563ef4',
    'fromusername' => 'o5V8y1YvvVgXPxRd0vy1kQ2mEtLA',
    'createtime' => '1568036418',
    'msgtype' => 'event',
    'event' => 'subscribe',
    'eventkey' => 'qrscene_business:5864a01773794135a05fba69901b7199',
    'ticket' => 'gQGj8DwAAAAAAAAAAS5odHRwOi8vd2VpeGluLnFxLmNvbS9xLzAyZ3RQMXQ5QnZjT2wxMDAwMHcwN2oAAgQPhH9cAwQAAAAA',
    'from' => 'o5V8y1YvvVgXPxRd0vy1kQ2mEtLA',
    'to' => 'gh_f9b894563ef4',
    'time' => '1568036418',
    'type' => 'text',
    'scene' => 'business:5864a01773794135a05fba69901b7199',
    'redirection' => true,
    'source' => 'subscribe',
  ),
)

2019-09-09 21:40:18 response :
------------

2019-09-09 21:40:31 trace :
------------
String:
<xml><ToUserName><![CDATA[gh_f9b894563ef4]]></ToUserName>
<FromUserName><![CDATA[o5V8y1YvvVgXPxRd0vy1kQ2mEtLA]]></FromUserName>
<CreateTime>1568036431</CreateTime>
<MsgType><![CDATA[event]]></MsgType>
<Event><![CDATA[VIEW]]></Event>
<EventKey><![CDATA[http://www.boyufengmao.com/app/index.php?i=6&c=entry&m=ewei_shopv2&do=mobile&r=diypage&id=35]]></EventKey>
<MenuId>445219801</MenuId>
</xml>

2019-09-09 21:40:31 params :
------------
String:
array (
  'rule' => -2,
  'module' => '',
  'message' => 
  array (
    'tousername' => 'gh_f9b894563ef4',
    'fromusername' => 'o5V8y1YvvVgXPxRd0vy1kQ2mEtLA',
    'createtime' => '1568036431',
    'msgtype' => 'event',
    'event' => 'VIEW',
    'eventkey' => 'http://www.boyufengmao.com/app/index.php?i=6&c=entry&m=ewei_shopv2&do=mobile&r=diypage&id=35',
    'menuid' => '445219801',
    'from' => 'o5V8y1YvvVgXPxRd0vy1kQ2mEtLA',
    'to' => 'gh_f9b894563ef4',
    'time' => '1568036431',
    'type' => 'text',
    'content' => 'http://www.boyufengmao.com/app/index.php?i=6&c=entry&m=ewei_shopv2&do=mobile&r=diypage&id=35',
    'redirection' => true,
    'source' => 'VIEW',
  ),
)

2019-09-09 21:40:31 response :
------------

2019-09-09 21:52:53 trace :
------------
String:
<xml><ToUserName><![CDATA[gh_f9b894563ef4]]></ToUserName>
<FromUserName><![CDATA[o5V8y1XpPZr0MgJBnQg5JiRbUTDM]]></FromUserName>
<CreateTime>1568037173</CreateTime>
<MsgType><![CDATA[event]]></MsgType>
<Event><![CDATA[subscribe]]></Event>
<EventKey><![CDATA[qrscene_business:5864a01773794135a05fba69901b7199]]></EventKey>
<Ticket><![CDATA[gQGj8DwAAAAAAAAAAS5odHRwOi8vd2VpeGluLnFxLmNvbS9xLzAyZ3RQMXQ5QnZjT2wxMDAwMHcwN2oAAgQPhH9cAwQAAAAA]]></Ticket>
</xml>

2019-09-09 21:52:53 params :
------------
String:
array (
  'rule' => -2,
  'module' => '',
  'message' => 
  array (
    'tousername' => 'gh_f9b894563ef4',
    'fromusername' => 'o5V8y1XpPZr0MgJBnQg5JiRbUTDM',
    'createtime' => '1568037173',
    'msgtype' => 'event',
    'event' => 'subscribe',
    'eventkey' => 'qrscene_business:5864a01773794135a05fba69901b7199',
    'ticket' => 'gQGj8DwAAAAAAAAAAS5odHRwOi8vd2VpeGluLnFxLmNvbS9xLzAyZ3RQMXQ5QnZjT2wxMDAwMHcwN2oAAgQPhH9cAwQAAAAA',
    'from' => 'o5V8y1XpPZr0MgJBnQg5JiRbUTDM',
    'to' => 'gh_f9b894563ef4',
    'time' => '1568037173',
    'type' => 'text',
    'scene' => 'business:5864a01773794135a05fba69901b7199',
    'redirection' => true,
    'source' => 'subscribe',
  ),
)

2019-09-09 21:52:53 response :
------------

2019-09-09 21:56:35 trace :
------------
String:
<xml><ToUserName><![CDATA[gh_f9b894563ef4]]></ToUserName>
<FromUserName><![CDATA[o5V8y1XpPZr0MgJBnQg5JiRbUTDM]]></FromUserName>
<CreateTime>1568037395</CreateTime>
<MsgType><![CDATA[event]]></MsgType>
<Event><![CDATA[VIEW]]></Event>
<EventKey><![CDATA[http://www.boyufengmao.com/app/index.php?i=6&c=entry&m=ewei_shopv2&do=mobile&r=diypage&id=35]]></EventKey>
<MenuId>445219801</MenuId>
</xml>

2019-09-09 21:56:35 params :
------------
String:
array (
  'rule' => -2,
  'module' => '',
  'message' => 
  array (
    'tousername' => 'gh_f9b894563ef4',
    'fromusername' => 'o5V8y1XpPZr0MgJBnQg5JiRbUTDM',
    'createtime' => '1568037395',
    'msgtype' => 'event',
    'event' => 'VIEW',
    'eventkey' => 'http://www.boyufengmao.com/app/index.php?i=6&c=entry&m=ewei_shopv2&do=mobile&r=diypage&id=35',
    'menuid' => '445219801',
    'from' => 'o5V8y1XpPZr0MgJBnQg5JiRbUTDM',
    'to' => 'gh_f9b894563ef4',
    'time' => '1568037395',
    'type' => 'text',
    'content' => 'http://www.boyufengmao.com/app/index.php?i=6&c=entry&m=ewei_shopv2&do=mobile&r=diypage&id=35',
    'redirection' => true,
    'source' => 'VIEW',
  ),
)

2019-09-09 21:56:35 response :
------------

2019-09-09 23:32:47 trace :
------------
String:
<xml><ToUserName><![CDATA[gh_f9b894563ef4]]></ToUserName>
<FromUserName><![CDATA[o5V8y1YZlgiav12djVqRi0Ym2L7k]]></FromUserName>
<CreateTime>1568043167</CreateTime>
<MsgType><![CDATA[event]]></MsgType>
<Event><![CDATA[unsubscribe]]></Event>
<EventKey><![CDATA[]]></EventKey>
</xml>

