2019-11-25 00:21:24 trace :
------------
String:
<xml><ToUserName><![CDATA[gh_0140ea298741]]></ToUserName>
<FromUserName><![CDATA[oGQKz0maC7eA22sLkqho2cnScchc]]></FromUserName>
<CreateTime>1574612484</CreateTime>
<MsgType><![CDATA[event]]></MsgType>
<Event><![CDATA[VIEW]]></Event>
<EventKey><![CDATA[http://www.boyufengmao.com/app/index.php?i=8&c=entry&m=ewei_shopv2&do=mobile&r=member]]></EventKey>
<MenuId>483437210</MenuId>
</xml>

2019-11-25 00:21:24 params :
------------
String:
array (
  'rule' => -2,
  'module' => '',
  'message' => 
  array (
    'tousername' => 'gh_0140ea298741',
    'fromusername' => 'oGQKz0maC7eA22sLkqho2cnScchc',
    'createtime' => '1574612484',
    'msgtype' => 'event',
    'event' => 'VIEW',
    'eventkey' => 'http://www.boyufengmao.com/app/index.php?i=8&c=entry&m=ewei_shopv2&do=mobile&r=member',
    'menuid' => '483437210',
    'from' => 'oGQKz0maC7eA22sLkqho2cnScchc',
    'to' => 'gh_0140ea298741',
    'time' => '1574612484',
    'type' => 'text',
    'content' => 'http://www.boyufengmao.com/app/index.php?i=8&c=entry&m=ewei_shopv2&do=mobile&r=member',
    'redirection' => true,
    'source' => 'VIEW',
  ),
)

2019-11-25 00:21:24 response :
------------

2019-11-25 09:50:42 trace :
------------
String:
<xml><ToUserName><![CDATA[gh_f9b894563ef4]]></ToUserName>
<FromUserName><![CDATA[o5V8y1eO34wZv5l2BHKS1Ts4I4Zk]]></FromUserName>
<CreateTime>1574646642</CreateTime>
<MsgType><![CDATA[event]]></MsgType>
<Event><![CDATA[VIEW]]></Event>
<EventKey><![CDATA[http://www.boyufengmao.com/app/index.php?i=6&c=entry&m=ewei_shopv2&do=mobile&r=diypage&id=35]]></EventKey>
<MenuId>445219801</MenuId>
</xml>

2019-11-25 09:50:42 params :
------------
String:
array (
  'rule' => -2,
  'module' => '',
  'message' => 
  array (
    'tousername' => 'gh_f9b894563ef4',
    'fromusername' => 'o5V8y1eO34wZv5l2BHKS1Ts4I4Zk',
    'createtime' => '1574646642',
    'msgtype' => 'event',
    'event' => 'VIEW',
    'eventkey' => 'http://www.boyufengmao.com/app/index.php?i=6&c=entry&m=ewei_shopv2&do=mobile&r=diypage&id=35',
    'menuid' => '445219801',
    'from' => 'o5V8y1eO34wZv5l2BHKS1Ts4I4Zk',
    'to' => 'gh_f9b894563ef4',
    'time' => '1574646642',
    'type' => 'text',
    'content' => 'http://www.boyufengmao.com/app/index.php?i=6&c=entry&m=ewei_shopv2&do=mobile&r=diypage&id=35',
    'redirection' => true,
    'source' => 'VIEW',
  ),
)

2019-11-25 09:50:42 response :
------------

2019-11-25 09:50:52 trace :
------------
String:
<xml><ToUserName><![CDATA[gh_f9b894563ef4]]></ToUserName>
<FromUserName><![CDATA[o5V8y1eO34wZv5l2BHKS1Ts4I4Zk]]></FromUserName>
<CreateTime>1574646652</CreateTime>
<MsgType><![CDATA[event]]></MsgType>
<Event><![CDATA[VIEW]]></Event>
<EventKey><![CDATA[http://www.boyufengmao.com/app/index.php?i=6&c=entry&m=ewei_shopv2&do=mobile&r=diypage&id=25]]></EventKey>
<MenuId>445219801</MenuId>
</xml>

2019-11-25 09:50:53 params :
------------
String:
array (
  'rule' => -2,
  'module' => '',
  'message' => 
  array (
    'tousername' => 'gh_f9b894563ef4',
    'fromusername' => 'o5V8y1eO34wZv5l2BHKS1Ts4I4Zk',
    'createtime' => '1574646652',
    'msgtype' => 'event',
    'event' => 'VIEW',
    'eventkey' => 'http://www.boyufengmao.com/app/index.php?i=6&c=entry&m=ewei_shopv2&do=mobile&r=diypage&id=25',
    'menuid' => '445219801',
    'from' => 'o5V8y1eO34wZv5l2BHKS1Ts4I4Zk',
    'to' => 'gh_f9b894563ef4',
    'time' => '1574646652',
    'type' => 'text',
    'content' => 'http://www.boyufengmao.com/app/index.php?i=6&c=entry&m=ewei_shopv2&do=mobile&r=diypage&id=25',
    'redirection' => true,
    'source' => 'VIEW',
  ),
)

2019-11-25 09:50:53 response :
------------

2019-11-25 09:50:56 trace :
------------
String:
<xml><ToUserName><![CDATA[gh_f9b894563ef4]]></ToUserName>
<FromUserName><![CDATA[o5V8y1eO34wZv5l2BHKS1Ts4I4Zk]]></FromUserName>
<CreateTime>1574646656</CreateTime>
<MsgType><![CDATA[text]]></MsgType>
<Content><![CDATA[？]]></Content>
<MsgId>22543521049175727</MsgId>
</xml>

2019-11-25 09:50:56 params :
------------
String:
array (
  'rule' => -2,
  'module' => '',
  'message' => 
  array (
    'tousername' => 'gh_f9b894563ef4',
    'fromusername' => 'o5V8y1eO34wZv5l2BHKS1Ts4I4Zk',
    'createtime' => '1574646656',
    'msgtype' => 'text',
    'content' => '？',
    'msgid' => '22543521049175727',
    'from' => 'o5V8y1eO34wZv5l2BHKS1Ts4I4Zk',
    'to' => 'gh_f9b894563ef4',
    'time' => '1574646656',
    'type' => 'text',
    'event' => NULL,
    'redirection' => false,
    'source' => NULL,
  ),
)

2019-11-25 09:50:56 response :
------------

2019-11-25 09:51:10 trace :
------------
String:
<xml><ToUserName><![CDATA[gh_f9b894563ef4]]></ToUserName>
<FromUserName><![CDATA[o5V8y1eO34wZv5l2BHKS1Ts4I4Zk]]></FromUserName>
<CreateTime>1574646670</CreateTime>
<MsgType><![CDATA[event]]></MsgType>
<Event><![CDATA[CLICK]]></Event>
<EventKey><![CDATA[订餐电话]]></EventKey>
</xml>

2019-11-25 09:51:10 params :
------------
String:
array (
  'message' => 
  array (
    'tousername' => 'gh_f9b894563ef4',
    'fromusername' => 'o5V8y1eO34wZv5l2BHKS1Ts4I4Zk',
    'createtime' => '1574646670',
    'msgtype' => 'event',
    'event' => 'CLICK',
    'eventkey' => '订餐电话',
    'from' => 'o5V8y1eO34wZv5l2BHKS1Ts4I4Zk',
    'to' => 'gh_f9b894563ef4',
    'time' => '1574646670',
    'type' => 'text',
    'content' => '订餐电话',
    'redirection' => true,
    'source' => 'click',
  ),
  'module' => 'reply',
  'rule' => '19',
  'priority' => '0',
  'keyword' => 
  array (
    'id' => '27',
    'rid' => '19',
    'uniacid' => '6',
    'module' => 'reply',
    'content' => '订餐电话',
    'type' => '1',
    'displayorder' => '0',
    'status' => '1',
    'reply_type' => 
    array (
      0 => 'basic',
    ),
  ),
  'reply_type' => 
  array (
    0 => 'basic',
  ),
)

2019-11-25 09:51:10 response :
------------
Array:
FromUserName : gh_f9b894563ef4 ;
ToUserName : o5V8y1eO34wZv5l2BHKS1Ts4I4Zk ;
MsgType : text ;
Content : 欢迎拨打电话：029-86357081 /  19909289055 订餐 ;

2019-11-25 09:51:11 trace :
------------
String:
<xml><ToUserName><![CDATA[gh_f9b894563ef4]]></ToUserName>
<FromUserName><![CDATA[o5V8y1eO34wZv5l2BHKS1Ts4I4Zk]]></FromUserName>
<CreateTime>1574646663</CreateTime>
<MsgType><![CDATA[event]]></MsgType>
<Event><![CDATA[CLICK]]></Event>
<EventKey><![CDATA[订餐电话]]></EventKey>
</xml>

2019-11-25 09:51:11 params :
------------
String:
array (
  'message' => 
  array (
    'tousername' => 'gh_f9b894563ef4',
    'fromusername' => 'o5V8y1eO34wZv5l2BHKS1Ts4I4Zk',
    'createtime' => '1574646663',
    'msgtype' => 'event',
    'event' => 'CLICK',
    'eventkey' => '订餐电话',
    'from' => 'o5V8y1eO34wZv5l2BHKS1Ts4I4Zk',
    'to' => 'gh_f9b894563ef4',
    'time' => '1574646663',
    'type' => 'text',
    'content' => '订餐电话',
    'redirection' => true,
    'source' => 'click',
  ),
  'module' => 'reply',
  'rule' => '19',
  'priority' => '0',
  'keyword' => 
  array (
    'id' => '27',
    'rid' => '19',
    'uniacid' => '6',
    'module' => 'reply',
    'content' => '订餐电话',
    'type' => '1',
    'displayorder' => '0',
    'status' => '1',
    'reply_type' => 
    array (
      0 => 'basic',
    ),
  ),
  'reply_type' => 
  array (
    0 => 'basic',
  ),
)

2019-11-25 09:51:11 response :
------------
Array:
FromUserName : gh_f9b894563ef4 ;
ToUserName : o5V8y1eO34wZv5l2BHKS1Ts4I4Zk ;
MsgType : text ;
Content : 欢迎拨打电话：029-86357081 /  19909289055 订餐 ;

2019-11-25 11:50:23 trace :
------------
String:
<xml><ToUserName><![CDATA[gh_0140ea298741]]></ToUserName>
<FromUserName><![CDATA[oGQKz0nZFmMdFqE2E4ahbn5qyT-k]]></FromUserName>
<CreateTime>1574653823</CreateTime>
<MsgType><![CDATA[event]]></MsgType>
<Event><![CDATA[VIEW]]></Event>
<EventKey><![CDATA[http://www.boyufengmao.com/app/index.php?i=8&c=entry&m=ewei_shopv2&do=mobile]]></EventKey>
<MenuId>483437210</MenuId>
</xml>

2019-11-25 11:50:23 params :
------------
String:
array (
  'rule' => -2,
  'module' => '',
  'message' => 
  array (
    'tousername' => 'gh_0140ea298741',
    'fromusername' => 'oGQKz0nZFmMdFqE2E4ahbn5qyT-k',
    'createtime' => '1574653823',
    'msgtype' => 'event',
    'event' => 'VIEW',
    'eventkey' => 'http://www.boyufengmao.com/app/index.php?i=8&c=entry&m=ewei_shopv2&do=mobile',
    'menuid' => '483437210',
    'from' => 'oGQKz0nZFmMdFqE2E4ahbn5qyT-k',
    'to' => 'gh_0140ea298741',
    'time' => '1574653823',
    'type' => 'text',
    'content' => 'http://www.boyufengmao.com/app/index.php?i=8&c=entry&m=ewei_shopv2&do=mobile',
    'redirection' => true,
    'source' => 'VIEW',
  ),
)

2019-11-25 11:50:23 response :
------------

2019-11-25 11:50:45 trace :
------------
String:
<xml><ToUserName><![CDATA[gh_0140ea298741]]></ToUserName>
<FromUserName><![CDATA[oGQKz0nZFmMdFqE2E4ahbn5qyT-k]]></FromUserName>
<CreateTime>1574653845</CreateTime>
<MsgType><![CDATA[event]]></MsgType>
<Event><![CDATA[VIEW]]></Event>
<EventKey><![CDATA[http://www.boyufengmao.com/app/index.php?i=8&c=entry&m=ewei_shopv2&do=mobile]]></EventKey>
<MenuId>483437210</MenuId>
</xml>

2019-11-25 11:50:45 params :
------------
String:
array (
  'rule' => -2,
  'module' => '',
  'message' => 
  array (
    'tousername' => 'gh_0140ea298741',
    'fromusername' => 'oGQKz0nZFmMdFqE2E4ahbn5qyT-k',
    'createtime' => '1574653845',
    'msgtype' => 'event',
    'event' => 'VIEW',
    'eventkey' => 'http://www.boyufengmao.com/app/index.php?i=8&c=entry&m=ewei_shopv2&do=mobile',
    'menuid' => '483437210',
    'from' => 'oGQKz0nZFmMdFqE2E4ahbn5qyT-k',
    'to' => 'gh_0140ea298741',
    'time' => '1574653845',
    'type' => 'text',
    'content' => 'http://www.boyufengmao.com/app/index.php?i=8&c=entry&m=ewei_shopv2&do=mobile',
    'redirection' => true,
    'source' => 'VIEW',
  ),
)

2019-11-25 11:50:45 response :
------------

2019-11-25 12:10:55 trace :
------------
String:
<xml><ToUserName><![CDATA[gh_0140ea298741]]></ToUserName>
<FromUserName><![CDATA[oGQKz0oC20cO0z9l-bSv0Edi8S3A]]></FromUserName>
<CreateTime>1574655055</CreateTime>
<MsgType><![CDATA[event]]></MsgType>
<Event><![CDATA[VIEW]]></Event>
<EventKey><![CDATA[http://www.boyufengmao.com/app/index.php?i=8&c=entry&m=ewei_shopv2&do=mobile]]></EventKey>
<MenuId>483437210</MenuId>
</xml>

2019-11-25 12:10:55 params :
------------
String:
array (
  'rule' => -2,
  'module' => '',
  'message' => 
  array (
    'tousername' => 'gh_0140ea298741',
    'fromusername' => 'oGQKz0oC20cO0z9l-bSv0Edi8S3A',
    'createtime' => '1574655055',
    'msgtype' => 'event',
    'event' => 'VIEW',
    'eventkey' => 'http://www.boyufengmao.com/app/index.php?i=8&c=entry&m=ewei_shopv2&do=mobile',
    'menuid' => '483437210',
    'from' => 'oGQKz0oC20cO0z9l-bSv0Edi8S3A',
    'to' => 'gh_0140ea298741',
    'time' => '1574655055',
    'type' => 'text',
    'content' => 'http://www.boyufengmao.com/app/index.php?i=8&c=entry&m=ewei_shopv2&do=mobile',
    'redirection' => true,
    'source' => 'VIEW',
  ),
)

2019-11-25 12:10:55 response :
------------

2019-11-25 12:11:59 trace :
------------
String:
<xml><ToUserName><![CDATA[gh_0140ea298741]]></ToUserName>
<FromUserName><![CDATA[oGQKz0oC20cO0z9l-bSv0Edi8S3A]]></FromUserName>
<CreateTime>1574655118</CreateTime>
<MsgType><![CDATA[event]]></MsgType>
<Event><![CDATA[unsubscribe]]></Event>
<EventKey><![CDATA[]]></EventKey>
</xml>

2019-11-25 13:20:55 trace :
------------
String:
<xml><ToUserName><![CDATA[gh_7b3d37846b75]]></ToUserName>
<FromUserName><![CDATA[oZ5PY1E2rbpBXuNh7santBG7SkAA]]></FromUserName>
<CreateTime>1574659255</CreateTime>
<MsgType><![CDATA[event]]></MsgType>
<Event><![CDATA[VIEW]]></Event>
<EventKey><![CDATA[http://www.boyufengmao.com/app/index.php?i=7&c=entry&m=ewei_shopv2&do=mobile&r=diypage&id=30]]></EventKey>
<MenuId>516312345</MenuId>
</xml>

2019-11-25 13:20:55 params :
------------
String:
array (
  'rule' => -2,
  'module' => '',
  'message' => 
  array (
    'tousername' => 'gh_7b3d37846b75',
    'fromusername' => 'oZ5PY1E2rbpBXuNh7santBG7SkAA',
    'createtime' => '1574659255',
    'msgtype' => 'event',
    'event' => 'VIEW',
    'eventkey' => 'http://www.boyufengmao.com/app/index.php?i=7&c=entry&m=ewei_shopv2&do=mobile&r=diypage&id=30',
    'menuid' => '516312345',
    'from' => 'oZ5PY1E2rbpBXuNh7santBG7SkAA',
    'to' => 'gh_7b3d37846b75',
    'time' => '1574659255',
    'type' => 'text',
    'content' => 'http://www.boyufengmao.com/app/index.php?i=7&c=entry&m=ewei_shopv2&do=mobile&r=diypage&id=30',
    'redirection' => true,
    'source' => 'VIEW',
  ),
)

2019-11-25 13:20:55 response :
------------

2019-11-25 13:23:45 trace :
------------
String:
<xml><ToUserName><![CDATA[gh_0140ea298741]]></ToUserName>
<FromUserName><![CDATA[oGQKz0nZFmMdFqE2E4ahbn5qyT-k]]></FromUserName>
<CreateTime>1574659425</CreateTime>
<MsgType><![CDATA[event]]></MsgType>
<Event><![CDATA[VIEW]]></Event>
<EventKey><![CDATA[http://www.boyufengmao.com/app/index.php?i=8&c=entry&m=ewei_shopv2&do=mobile]]></EventKey>
<MenuId>483437210</MenuId>
</xml>

2019-11-25 13:23:45 params :
------------
String:
array (
  'rule' => -2,
  'module' => '',
  'message' => 
  array (
    'tousername' => 'gh_0140ea298741',
    'fromusername' => 'oGQKz0nZFmMdFqE2E4ahbn5qyT-k',
    'createtime' => '1574659425',
    'msgtype' => 'event',
    'event' => 'VIEW',
    'eventkey' => 'http://www.boyufengmao.com/app/index.php?i=8&c=entry&m=ewei_shopv2&do=mobile',
    'menuid' => '483437210',
    'from' => 'oGQKz0nZFmMdFqE2E4ahbn5qyT-k',
    'to' => 'gh_0140ea298741',
    'time' => '1574659425',
    'type' => 'text',
    'content' => 'http://www.boyufengmao.com/app/index.php?i=8&c=entry&m=ewei_shopv2&do=mobile',
    'redirection' => true,
    'source' => 'VIEW',
  ),
)

2019-11-25 13:23:45 response :
------------

2019-11-25 13:28:47 trace :
------------
String:
<xml><ToUserName><![CDATA[gh_f9b894563ef4]]></ToUserName>
<FromUserName><![CDATA[o5V8y1RPDrvZ4CzkJcUkkS9nrC9I]]></FromUserName>
<CreateTime>1574659727</CreateTime>
<MsgType><![CDATA[event]]></MsgType>
<Event><![CDATA[SCAN]]></Event>
<EventKey><![CDATA[business:5864a01773794135a05fba69901b7199]]></EventKey>
<Ticket><![CDATA[gQGj8DwAAAAAAAAAAS5odHRwOi8vd2VpeGluLnFxLmNvbS9xLzAyZ3RQMXQ5QnZjT2wxMDAwMHcwN2oAAgQPhH9cAwQAAAAA]]></Ticket>
</xml>

2019-11-25 13:28:47 params :
------------
String:
array (
  'rule' => -2,
  'module' => '',
  'message' => 
  array (
    'tousername' => 'gh_f9b894563ef4',
    'fromusername' => 'o5V8y1RPDrvZ4CzkJcUkkS9nrC9I',
    'createtime' => '1574659727',
    'msgtype' => 'event',
    'event' => 'SCAN',
    'eventkey' => 'business:5864a01773794135a05fba69901b7199',
    'ticket' => 'gQGj8DwAAAAAAAAAAS5odHRwOi8vd2VpeGluLnFxLmNvbS9xLzAyZ3RQMXQ5QnZjT2wxMDAwMHcwN2oAAgQPhH9cAwQAAAAA',
    'from' => 'o5V8y1RPDrvZ4CzkJcUkkS9nrC9I',
    'to' => 'gh_f9b894563ef4',
    'time' => '1574659727',
    'type' => 'text',
    'scene' => 'business:5864a01773794135a05fba69901b7199',
    'redirection' => true,
    'source' => 'qr',
  ),
)

2019-11-25 13:28:47 response :
------------

2019-11-25 13:45:12 trace :
------------
String:
<xml><ToUserName><![CDATA[gh_c804ae748f89]]></ToUserName>
<FromUserName><![CDATA[o3lrB52OQe5owM1VXVuw4dyttQho]]></FromUserName>
<CreateTime>1574660712</CreateTime>
<MsgType><![CDATA[event]]></MsgType>
<Event><![CDATA[VIEW]]></Event>
<EventKey><![CDATA[http://www.boyufengmao.com/app/index.php?i=2&c=entry&m=ewei_shopv2&do=mobile&r=diypage&id=29]]></EventKey>
<MenuId>444306371</MenuId>
</xml>

2019-11-25 13:45:12 params :
------------
String:
array (
  'rule' => -2,
  'module' => '',
  'message' => 
  array (
    'tousername' => 'gh_c804ae748f89',
    'fromusername' => 'o3lrB52OQe5owM1VXVuw4dyttQho',
    'createtime' => '1574660712',
    'msgtype' => 'event',
    'event' => 'VIEW',
    'eventkey' => 'http://www.boyufengmao.com/app/index.php?i=2&c=entry&m=ewei_shopv2&do=mobile&r=diypage&id=29',
    'menuid' => '444306371',
    'from' => 'o3lrB52OQe5owM1VXVuw4dyttQho',
    'to' => 'gh_c804ae748f89',
    'time' => '1574660712',
    'type' => 'text',
    'content' => 'http://www.boyufengmao.com/app/index.php?i=2&c=entry&m=ewei_shopv2&do=mobile&r=diypage&id=29',
    'redirection' => true,
    'source' => 'VIEW',
  ),
)

2019-11-25 13:45:12 response :
------------

2019-11-25 13:49:51 trace :
------------
String:
<xml><ToUserName><![CDATA[gh_7b3d37846b75]]></ToUserName>
<FromUserName><![CDATA[oZ5PY1OFlcP6_smKhHHi5VmVeY10]]></FromUserName>
<CreateTime>1574660991</CreateTime>
<MsgType><![CDATA[event]]></MsgType>
<Event><![CDATA[VIEW]]></Event>
<EventKey><![CDATA[http://www.boyufengmao.com/app/index.php?i=7&c=entry&m=ewei_shopv2&do=mobile&r=diypage&id=30]]></EventKey>
<MenuId>516312345</MenuId>
</xml>

2019-11-25 13:49:51 params :
------------
String:
array (
  'rule' => -2,
  'module' => '',
  'message' => 
  array (
    'tousername' => 'gh_7b3d37846b75',
    'fromusername' => 'oZ5PY1OFlcP6_smKhHHi5VmVeY10',
    'createtime' => '1574660991',
    'msgtype' => 'event',
    'event' => 'VIEW',
    'eventkey' => 'http://www.boyufengmao.com/app/index.php?i=7&c=entry&m=ewei_shopv2&do=mobile&r=diypage&id=30',
    'menuid' => '516312345',
    'from' => 'oZ5PY1OFlcP6_smKhHHi5VmVeY10',
    'to' => 'gh_7b3d37846b75',
    'time' => '1574660991',
    'type' => 'text',
    'content' => 'http://www.boyufengmao.com/app/index.php?i=7&c=entry&m=ewei_shopv2&do=mobile&r=diypage&id=30',
    'redirection' => true,
    'source' => 'VIEW',
  ),
)

2019-11-25 13:49:51 response :
------------

2019-11-25 13:50:31 trace :
------------
String:
<xml><ToUserName><![CDATA[gh_7b3d37846b75]]></ToUserName>
<FromUserName><![CDATA[oZ5PY1Jh2VkENVmJ3pwS3hLqVbBc]]></FromUserName>
<CreateTime>1574661031</CreateTime>
<MsgType><![CDATA[event]]></MsgType>
<Event><![CDATA[VIEW]]></Event>
<EventKey><![CDATA[http://www.boyufengmao.com/app/index.php?i=7&c=entry&m=ewei_shopv2&do=mobile&r=member]]></EventKey>
<MenuId>516312345</MenuId>
</xml>

2019-11-25 13:50:31 params :
------------
String:
array (
  'rule' => -2,
  'module' => '',
  'message' => 
  array (
    'tousername' => 'gh_7b3d37846b75',
    'fromusername' => 'oZ5PY1Jh2VkENVmJ3pwS3hLqVbBc',
    'createtime' => '1574661031',
    'msgtype' => 'event',
    'event' => 'VIEW',
    'eventkey' => 'http://www.boyufengmao.com/app/index.php?i=7&c=entry&m=ewei_shopv2&do=mobile&r=member',
    'menuid' => '516312345',
    'from' => 'oZ5PY1Jh2VkENVmJ3pwS3hLqVbBc',
    'to' => 'gh_7b3d37846b75',
    'time' => '1574661031',
    'type' => 'text',
    'content' => 'http://www.boyufengmao.com/app/index.php?i=7&c=entry&m=ewei_shopv2&do=mobile&r=member',
    'redirection' => true,
    'source' => 'VIEW',
  ),
)

2019-11-25 13:50:31 response :
------------

2019-11-25 13:51:03 trace :
------------
String:
<xml><ToUserName><![CDATA[gh_7b3d37846b75]]></ToUserName>
<FromUserName><![CDATA[oZ5PY1MPaJG35kmVCDZXBWwX-iAU]]></FromUserName>
<CreateTime>1574661063</CreateTime>
<MsgType><![CDATA[event]]></MsgType>
<Event><![CDATA[subscribe]]></Event>
<EventKey><![CDATA[]]></EventKey>
</xml>

2019-11-25 13:51:03 params :
------------
String:
array (
  'rule' => -2,
  'module' => '',
  'message' => 
  array (
    'tousername' => 'gh_7b3d37846b75',
    'fromusername' => 'oZ5PY1MPaJG35kmVCDZXBWwX-iAU',
    'createtime' => '1574661063',
    'msgtype' => 'event',
    'event' => 'subscribe',
    'eventkey' => '',
    'from' => 'oZ5PY1MPaJG35kmVCDZXBWwX-iAU',
    'to' => 'gh_7b3d37846b75',
    'time' => '1574661063',
    'type' => 'text',
    'redirection' => true,
    'source' => 'subscribe',
  ),
)

2019-11-25 13:51:03 response :
------------

2019-11-25 13:51:11 trace :
------------
String:
<xml><ToUserName><![CDATA[gh_7b3d37846b75]]></ToUserName>
<FromUserName><![CDATA[oZ5PY1MPaJG35kmVCDZXBWwX-iAU]]></FromUserName>
<CreateTime>1574661071</CreateTime>
<MsgType><![CDATA[event]]></MsgType>
<Event><![CDATA[VIEW]]></Event>
<EventKey><![CDATA[http://www.boyufengmao.com/app/index.php?i=7&c=entry&m=ewei_shopv2&do=mobile&r=member]]></EventKey>
<MenuId>516312345</MenuId>
</xml>

2019-11-25 13:51:11 params :
------------
String:
array (
  'rule' => -2,
  'module' => '',
  'message' => 
  array (
    'tousername' => 'gh_7b3d37846b75',
    'fromusername' => 'oZ5PY1MPaJG35kmVCDZXBWwX-iAU',
    'createtime' => '1574661071',
    'msgtype' => 'event',
    'event' => 'VIEW',
    'eventkey' => 'http://www.boyufengmao.com/app/index.php?i=7&c=entry&m=ewei_shopv2&do=mobile&r=member',
    'menuid' => '516312345',
    'from' => 'oZ5PY1MPaJG35kmVCDZXBWwX-iAU',
    'to' => 'gh_7b3d37846b75',
    'time' => '1574661071',
    'type' => 'text',
    'content' => 'http://www.boyufengmao.com/app/index.php?i=7&c=entry&m=ewei_shopv2&do=mobile&r=member',
    'redirection' => true,
    'source' => 'VIEW',
  ),
)

2019-11-25 13:51:11 response :
------------

2019-11-25 14:57:25 trace :
------------
String:
<xml><ToUserName><![CDATA[gh_c804ae748f89]]></ToUserName>
<FromUserName><![CDATA[o3lrB52OQe5owM1VXVuw4dyttQho]]></FromUserName>
<CreateTime>1574665045</CreateTime>
<MsgType><![CDATA[event]]></MsgType>
<Event><![CDATA[VIEW]]></Event>
<EventKey><![CDATA[http://www.boyufengmao.com/app/index.php?i=2&c=entry&m=ewei_shopv2&do=mobile&r=diypage&id=29]]></EventKey>
<MenuId>444306371</MenuId>
</xml>

2019-11-25 14:57:25 params :
------------
String:
array (
  'rule' => -2,
  'module' => '',
  'message' => 
  array (
    'tousername' => 'gh_c804ae748f89',
    'fromusername' => 'o3lrB52OQe5owM1VXVuw4dyttQho',
    'createtime' => '1574665045',
    'msgtype' => 'event',
    'event' => 'VIEW',
    'eventkey' => 'http://www.boyufengmao.com/app/index.php?i=2&c=entry&m=ewei_shopv2&do=mobile&r=diypage&id=29',
    'menuid' => '444306371',
    'from' => 'o3lrB52OQe5owM1VXVuw4dyttQho',
    'to' => 'gh_c804ae748f89',
    'time' => '1574665045',
    'type' => 'text',
    'content' => 'http://www.boyufengmao.com/app/index.php?i=2&c=entry&m=ewei_shopv2&do=mobile&r=diypage&id=29',
    'redirection' => true,
    'source' => 'VIEW',
  ),
)

2019-11-25 14:57:25 response :
------------

2019-11-25 15:06:07 trace :
------------
String:
<xml><ToUserName><![CDATA[gh_c804ae748f89]]></ToUserName>
<FromUserName><![CDATA[o3lrB52OQe5owM1VXVuw4dyttQho]]></FromUserName>
<CreateTime>1574665567</CreateTime>
<MsgType><![CDATA[event]]></MsgType>
<Event><![CDATA[VIEW]]></Event>
<EventKey><![CDATA[http://www.boyufengmao.com/app/index.php?i=2&c=entry&m=ewei_shopv2&do=mobile&r=mmanage]]></EventKey>
<MenuId>444306371</MenuId>
</xml>

2019-11-25 15:06:07 params :
------------
String:
array (
  'rule' => -2,
  'module' => '',
  'message' => 
  array (
    'tousername' => 'gh_c804ae748f89',
    'fromusername' => 'o3lrB52OQe5owM1VXVuw4dyttQho',
    'createtime' => '1574665567',
    'msgtype' => 'event',
    'event' => 'VIEW',
    'eventkey' => 'http://www.boyufengmao.com/app/index.php?i=2&c=entry&m=ewei_shopv2&do=mobile&r=mmanage',
    'menuid' => '444306371',
    'from' => 'o3lrB52OQe5owM1VXVuw4dyttQho',
    'to' => 'gh_c804ae748f89',
    'time' => '1574665567',
    'type' => 'text',
    'content' => 'http://www.boyufengmao.com/app/index.php?i=2&c=entry&m=ewei_shopv2&do=mobile&r=mmanage',
    'redirection' => true,
    'source' => 'VIEW',
  ),
)

2019-11-25 15:06:07 response :
------------

2019-11-25 15:08:09 trace :
------------
String:
<xml><ToUserName><![CDATA[gh_c804ae748f89]]></ToUserName>
<FromUserName><![CDATA[o3lrB52OQe5owM1VXVuw4dyttQho]]></FromUserName>
<CreateTime>1574665689</CreateTime>
<MsgType><![CDATA[event]]></MsgType>
<Event><![CDATA[VIEW]]></Event>
<EventKey><![CDATA[http://www.boyufengmao.com/app/index.php?i=2&c=entry&m=ewei_shopv2&do=mobile&r=diypage&id=29]]></EventKey>
<MenuId>444306371</MenuId>
</xml>

2019-11-25 15:08:09 params :
------------
String:
array (
  'rule' => -2,
  'module' => '',
  'message' => 
  array (
    'tousername' => 'gh_c804ae748f89',
    'fromusername' => 'o3lrB52OQe5owM1VXVuw4dyttQho',
    'createtime' => '1574665689',
    'msgtype' => 'event',
    'event' => 'VIEW',
    'eventkey' => 'http://www.boyufengmao.com/app/index.php?i=2&c=entry&m=ewei_shopv2&do=mobile&r=diypage&id=29',
    'menuid' => '444306371',
    'from' => 'o3lrB52OQe5owM1VXVuw4dyttQho',
    'to' => 'gh_c804ae748f89',
    'time' => '1574665689',
    'type' => 'text',
    'content' => 'http://www.boyufengmao.com/app/index.php?i=2&c=entry&m=ewei_shopv2&do=mobile&r=diypage&id=29',
    'redirection' => true,
    'source' => 'VIEW',
  ),
)

2019-11-25 15:08:09 response :
------------

2019-11-25 15:38:29 trace :
------------
String:
<xml><ToUserName><![CDATA[gh_c804ae748f89]]></ToUserName>
<FromUserName><![CDATA[o3lrB52OQe5owM1VXVuw4dyttQho]]></FromUserName>
<CreateTime>1574667508</CreateTime>
<MsgType><![CDATA[event]]></MsgType>
<Event><![CDATA[VIEW]]></Event>
<EventKey><![CDATA[http://www.boyufengmao.com/app/index.php?i=2&c=entry&m=ewei_shopv2&do=mobile&r=mmanage]]></EventKey>
<MenuId>444306371</MenuId>
</xml>

2019-11-25 15:38:29 params :
------------
String:
array (
  'rule' => -2,
  'module' => '',
  'message' => 
  array (
    'tousername' => 'gh_c804ae748f89',
    'fromusername' => 'o3lrB52OQe5owM1VXVuw4dyttQho',
    'createtime' => '1574667508',
    'msgtype' => 'event',
    'event' => 'VIEW',
    'eventkey' => 'http://www.boyufengmao.com/app/index.php?i=2&c=entry&m=ewei_shopv2&do=mobile&r=mmanage',
    'menuid' => '444306371',
    'from' => 'o3lrB52OQe5owM1VXVuw4dyttQho',
    'to' => 'gh_c804ae748f89',
    'time' => '1574667508',
    'type' => 'text',
    'content' => 'http://www.boyufengmao.com/app/index.php?i=2&c=entry&m=ewei_shopv2&do=mobile&r=mmanage',
    'redirection' => true,
    'source' => 'VIEW',
  ),
)

2019-11-25 15:38:29 response :
------------

2019-11-25 15:59:41 trace :
------------
String:
<xml><ToUserName><![CDATA[gh_0140ea298741]]></ToUserName>
<FromUserName><![CDATA[oGQKz0nZFmMdFqE2E4ahbn5qyT-k]]></FromUserName>
<CreateTime>1574668781</CreateTime>
<MsgType><![CDATA[event]]></MsgType>
<Event><![CDATA[VIEW]]></Event>
<EventKey><![CDATA[http://www.boyufengmao.com/app/index.php?i=8&c=entry&m=ewei_shopv2&do=mobile]]></EventKey>
<MenuId>483437210</MenuId>
</xml>

2019-11-25 15:59:41 params :
------------
String:
array (
  'rule' => -2,
  'module' => '',
  'message' => 
  array (
    'tousername' => 'gh_0140ea298741',
    'fromusername' => 'oGQKz0nZFmMdFqE2E4ahbn5qyT-k',
    'createtime' => '1574668781',
    'msgtype' => 'event',
    'event' => 'VIEW',
    'eventkey' => 'http://www.boyufengmao.com/app/index.php?i=8&c=entry&m=ewei_shopv2&do=mobile',
    'menuid' => '483437210',
    'from' => 'oGQKz0nZFmMdFqE2E4ahbn5qyT-k',
    'to' => 'gh_0140ea298741',
    'time' => '1574668781',
    'type' => 'text',
    'content' => 'http://www.boyufengmao.com/app/index.php?i=8&c=entry&m=ewei_shopv2&do=mobile',
    'redirection' => true,
    'source' => 'VIEW',
  ),
)

2019-11-25 15:59:41 response :
------------

2019-11-25 16:02:14 trace :
------------
String:
<xml><ToUserName><![CDATA[gh_0140ea298741]]></ToUserName>
<FromUserName><![CDATA[oGQKz0nZFmMdFqE2E4ahbn5qyT-k]]></FromUserName>
<CreateTime>1574668934</CreateTime>
<MsgType><![CDATA[event]]></MsgType>
<Event><![CDATA[VIEW]]></Event>
<EventKey><![CDATA[http://www.boyufengmao.com/app/index.php?i=8&c=entry&m=ewei_shopv2&do=mobile]]></EventKey>
<MenuId>483437210</MenuId>
</xml>

2019-11-25 16:02:14 params :
------------
String:
array (
  'rule' => -2,
  'module' => '',
  'message' => 
  array (
    'tousername' => 'gh_0140ea298741',
    'fromusername' => 'oGQKz0nZFmMdFqE2E4ahbn5qyT-k',
    'createtime' => '1574668934',
    'msgtype' => 'event',
    'event' => 'VIEW',
    'eventkey' => 'http://www.boyufengmao.com/app/index.php?i=8&c=entry&m=ewei_shopv2&do=mobile',
    'menuid' => '483437210',
    'from' => 'oGQKz0nZFmMdFqE2E4ahbn5qyT-k',
    'to' => 'gh_0140ea298741',
    'time' => '1574668934',
    'type' => 'text',
    'content' => 'http://www.boyufengmao.com/app/index.php?i=8&c=entry&m=ewei_shopv2&do=mobile',
    'redirection' => true,
    'source' => 'VIEW',
  ),
)

2019-11-25 16:02:14 response :
------------

2019-11-25 16:03:09 trace :
------------
String:
<xml><ToUserName><![CDATA[gh_0140ea298741]]></ToUserName>
<FromUserName><![CDATA[oGQKz0nZFmMdFqE2E4ahbn5qyT-k]]></FromUserName>
<CreateTime>1574668989</CreateTime>
<MsgType><![CDATA[event]]></MsgType>
<Event><![CDATA[VIEW]]></Event>
<EventKey><![CDATA[http://www.boyufengmao.com/app/index.php?i=8&c=entry&m=ewei_shopv2&do=mobile]]></EventKey>
<MenuId>483437210</MenuId>
</xml>

2019-11-25 16:03:09 params :
------------
String:
array (
  'rule' => -2,
  'module' => '',
  'message' => 
  array (
    'tousername' => 'gh_0140ea298741',
    'fromusername' => 'oGQKz0nZFmMdFqE2E4ahbn5qyT-k',
    'createtime' => '1574668989',
    'msgtype' => 'event',
    'event' => 'VIEW',
    'eventkey' => 'http://www.boyufengmao.com/app/index.php?i=8&c=entry&m=ewei_shopv2&do=mobile',
    'menuid' => '483437210',
    'from' => 'oGQKz0nZFmMdFqE2E4ahbn5qyT-k',
    'to' => 'gh_0140ea298741',
    'time' => '1574668989',
    'type' => 'text',
    'content' => 'http://www.boyufengmao.com/app/index.php?i=8&c=entry&m=ewei_shopv2&do=mobile',
    'redirection' => true,
    'source' => 'VIEW',
  ),
)

2019-11-25 16:03:09 response :
------------

2019-11-25 16:06:45 trace :
------------
String:
<xml><ToUserName><![CDATA[gh_c804ae748f89]]></ToUserName>
<FromUserName><![CDATA[o3lrB52OQe5owM1VXVuw4dyttQho]]></FromUserName>
<CreateTime>1574669204</CreateTime>
<MsgType><![CDATA[event]]></MsgType>
<Event><![CDATA[VIEW]]></Event>
<EventKey><![CDATA[http://www.boyufengmao.com/app/index.php?i=2&c=entry&m=ewei_shopv2&do=mobile&r=diypage&id=29]]></EventKey>
<MenuId>444306371</MenuId>
</xml>

2019-11-25 16:06:45 params :
------------
String:
array (
  'rule' => -2,
  'module' => '',
  'message' => 
  array (
    'tousername' => 'gh_c804ae748f89',
    'fromusername' => 'o3lrB52OQe5owM1VXVuw4dyttQho',
    'createtime' => '1574669204',
    'msgtype' => 'event',
    'event' => 'VIEW',
    'eventkey' => 'http://www.boyufengmao.com/app/index.php?i=2&c=entry&m=ewei_shopv2&do=mobile&r=diypage&id=29',
    'menuid' => '444306371',
    'from' => 'o3lrB52OQe5owM1VXVuw4dyttQho',
    'to' => 'gh_c804ae748f89',
    'time' => '1574669204',
    'type' => 'text',
    'content' => 'http://www.boyufengmao.com/app/index.php?i=2&c=entry&m=ewei_shopv2&do=mobile&r=diypage&id=29',
    'redirection' => true,
    'source' => 'VIEW',
  ),
)

2019-11-25 16:06:45 response :
------------

2019-11-25 16:08:32 trace :
------------
String:
<xml><ToUserName><![CDATA[gh_c804ae748f89]]></ToUserName>
<FromUserName><![CDATA[o3lrB52OQe5owM1VXVuw4dyttQho]]></FromUserName>
<CreateTime>1574669312</CreateTime>
<MsgType><![CDATA[event]]></MsgType>
<Event><![CDATA[VIEW]]></Event>
<EventKey><![CDATA[http://www.boyufengmao.com/app/index.php?i=2&c=entry&m=ewei_shopv2&do=mobile&r=mmanage]]></EventKey>
<MenuId>444306371</MenuId>
</xml>

2019-11-25 16:08:32 params :
------------
String:
array (
  'rule' => -2,
  'module' => '',
  'message' => 
  array (
    'tousername' => 'gh_c804ae748f89',
    'fromusername' => 'o3lrB52OQe5owM1VXVuw4dyttQho',
    'createtime' => '1574669312',
    'msgtype' => 'event',
    'event' => 'VIEW',
    'eventkey' => 'http://www.boyufengmao.com/app/index.php?i=2&c=entry&m=ewei_shopv2&do=mobile&r=mmanage',
    'menuid' => '444306371',
    'from' => 'o3lrB52OQe5owM1VXVuw4dyttQho',
    'to' => 'gh_c804ae748f89',
    'time' => '1574669312',
    'type' => 'text',
    'content' => 'http://www.boyufengmao.com/app/index.php?i=2&c=entry&m=ewei_shopv2&do=mobile&r=mmanage',
    'redirection' => true,
    'source' => 'VIEW',
  ),
)

2019-11-25 16:08:32 response :
------------

2019-11-25 16:19:42 trace :
------------
String:
<xml><ToUserName><![CDATA[gh_c804ae748f89]]></ToUserName>
<FromUserName><![CDATA[o3lrB52OQe5owM1VXVuw4dyttQho]]></FromUserName>
<CreateTime>1574669982</CreateTime>
<MsgType><![CDATA[event]]></MsgType>
<Event><![CDATA[VIEW]]></Event>
<EventKey><![CDATA[http://www.boyufengmao.com/app/index.php?i=2&c=entry&m=ewei_shopv2&do=mobile&r=diypage&id=29]]></EventKey>
<MenuId>444306371</MenuId>
</xml>

2019-11-25 16:19:42 params :
------------
String:
array (
  'rule' => -2,
  'module' => '',
  'message' => 
  array (
    'tousername' => 'gh_c804ae748f89',
    'fromusername' => 'o3lrB52OQe5owM1VXVuw4dyttQho',
    'createtime' => '1574669982',
    'msgtype' => 'event',
    'event' => 'VIEW',
    'eventkey' => 'http://www.boyufengmao.com/app/index.php?i=2&c=entry&m=ewei_shopv2&do=mobile&r=diypage&id=29',
    'menuid' => '444306371',
    'from' => 'o3lrB52OQe5owM1VXVuw4dyttQho',
    'to' => 'gh_c804ae748f89',
    'time' => '1574669982',
    'type' => 'text',
    'content' => 'http://www.boyufengmao.com/app/index.php?i=2&c=entry&m=ewei_shopv2&do=mobile&r=diypage&id=29',
    'redirection' => true,
    'source' => 'VIEW',
  ),
)

2019-11-25 16:19:42 response :
------------

2019-11-25 16:20:43 trace :
------------
String:
<xml><ToUserName><![CDATA[gh_c804ae748f89]]></ToUserName>
<FromUserName><![CDATA[o3lrB52OQe5owM1VXVuw4dyttQho]]></FromUserName>
<CreateTime>1574670043</CreateTime>
<MsgType><![CDATA[event]]></MsgType>
<Event><![CDATA[VIEW]]></Event>
<EventKey><![CDATA[http://www.boyufengmao.com/app/index.php?i=2&c=entry&m=ewei_shopv2&do=mobile&r=mmanage]]></EventKey>
<MenuId>444306371</MenuId>
</xml>

2019-11-25 16:20:43 params :
------------
String:
array (
  'rule' => -2,
  'module' => '',
  'message' => 
  array (
    'tousername' => 'gh_c804ae748f89',
    'fromusername' => 'o3lrB52OQe5owM1VXVuw4dyttQho',
    'createtime' => '1574670043',
    'msgtype' => 'event',
    'event' => 'VIEW',
    'eventkey' => 'http://www.boyufengmao.com/app/index.php?i=2&c=entry&m=ewei_shopv2&do=mobile&r=mmanage',
    'menuid' => '444306371',
    'from' => 'o3lrB52OQe5owM1VXVuw4dyttQho',
    'to' => 'gh_c804ae748f89',
    'time' => '1574670043',
    'type' => 'text',
    'content' => 'http://www.boyufengmao.com/app/index.php?i=2&c=entry&m=ewei_shopv2&do=mobile&r=mmanage',
    'redirection' => true,
    'source' => 'VIEW',
  ),
)

2019-11-25 16:20:43 response :
------------

2019-11-25 16:22:36 trace :
------------
String:
<xml><ToUserName><![CDATA[gh_f9b894563ef4]]></ToUserName>
<FromUserName><![CDATA[o5V8y1UV4aWd-8r3rAR0nk2XjiiI]]></FromUserName>
<CreateTime>1574670156</CreateTime>
<MsgType><![CDATA[event]]></MsgType>
<Event><![CDATA[SCAN]]></Event>
<EventKey><![CDATA[business:5864a01773794135a05fba69901b7199]]></EventKey>
<Ticket><![CDATA[gQGj8DwAAAAAAAAAAS5odHRwOi8vd2VpeGluLnFxLmNvbS9xLzAyZ3RQMXQ5QnZjT2wxMDAwMHcwN2oAAgQPhH9cAwQAAAAA]]></Ticket>
</xml>

2019-11-25 16:22:36 params :
------------
String:
array (
  'rule' => -2,
  'module' => '',
  'message' => 
  array (
    'tousername' => 'gh_f9b894563ef4',
    'fromusername' => 'o5V8y1UV4aWd-8r3rAR0nk2XjiiI',
    'createtime' => '1574670156',
    'msgtype' => 'event',
    'event' => 'SCAN',
    'eventkey' => 'business:5864a01773794135a05fba69901b7199',
    'ticket' => 'gQGj8DwAAAAAAAAAAS5odHRwOi8vd2VpeGluLnFxLmNvbS9xLzAyZ3RQMXQ5QnZjT2wxMDAwMHcwN2oAAgQPhH9cAwQAAAAA',
    'from' => 'o5V8y1UV4aWd-8r3rAR0nk2XjiiI',
    'to' => 'gh_f9b894563ef4',
    'time' => '1574670156',
    'type' => 'text',
    'scene' => 'business:5864a01773794135a05fba69901b7199',
    'redirection' => true,
    'source' => 'qr',
  ),
)

2019-11-25 16:22:36 response :
------------

2019-11-25 16:22:38 trace :
------------
String:
<xml><ToUserName><![CDATA[gh_f9b894563ef4]]></ToUserName>
<FromUserName><![CDATA[o5V8y1UV4aWd-8r3rAR0nk2XjiiI]]></FromUserName>
<CreateTime>1574670158</CreateTime>
<MsgType><![CDATA[event]]></MsgType>
<Event><![CDATA[VIEW]]></Event>
<EventKey><![CDATA[http://www.boyufengmao.com/app/index.php?i=6&c=entry&m=ewei_shopv2&do=mobile&r=diypage&id=25]]></EventKey>
<MenuId>445219801</MenuId>
</xml>

2019-11-25 16:22:38 params :
------------
String:
array (
  'rule' => -2,
  'module' => '',
  'message' => 
  array (
    'tousername' => 'gh_f9b894563ef4',
    'fromusername' => 'o5V8y1UV4aWd-8r3rAR0nk2XjiiI',
    'createtime' => '1574670158',
    'msgtype' => 'event',
    'event' => 'VIEW',
    'eventkey' => 'http://www.boyufengmao.com/app/index.php?i=6&c=entry&m=ewei_shopv2&do=mobile&r=diypage&id=25',
    'menuid' => '445219801',
    'from' => 'o5V8y1UV4aWd-8r3rAR0nk2XjiiI',
    'to' => 'gh_f9b894563ef4',
    'time' => '1574670158',
    'type' => 'text',
    'content' => 'http://www.boyufengmao.com/app/index.php?i=6&c=entry&m=ewei_shopv2&do=mobile&r=diypage&id=25',
    'redirection' => true,
    'source' => 'VIEW',
  ),
)

2019-11-25 16:22:38 response :
------------

2019-11-25 16:22:55 trace :
------------
String:
<xml><ToUserName><![CDATA[gh_f9b894563ef4]]></ToUserName>
<FromUserName><![CDATA[o5V8y1UV4aWd-8r3rAR0nk2XjiiI]]></FromUserName>
<CreateTime>1574670175</CreateTime>
<MsgType><![CDATA[event]]></MsgType>
<Event><![CDATA[VIEW]]></Event>
<EventKey><![CDATA[http://www.boyufengmao.com/app/index.php?i=6&c=entry&m=ewei_shopv2&do=mobile&r=diypage&id=25]]></EventKey>
<MenuId>445219801</MenuId>
</xml>

2019-11-25 16:22:55 params :
------------
String:
array (
  'rule' => -2,
  'module' => '',
  'message' => 
  array (
    'tousername' => 'gh_f9b894563ef4',
    'fromusername' => 'o5V8y1UV4aWd-8r3rAR0nk2XjiiI',
    'createtime' => '1574670175',
    'msgtype' => 'event',
    'event' => 'VIEW',
    'eventkey' => 'http://www.boyufengmao.com/app/index.php?i=6&c=entry&m=ewei_shopv2&do=mobile&r=diypage&id=25',
    'menuid' => '445219801',
    'from' => 'o5V8y1UV4aWd-8r3rAR0nk2XjiiI',
    'to' => 'gh_f9b894563ef4',
    'time' => '1574670175',
    'type' => 'text',
    'content' => 'http://www.boyufengmao.com/app/index.php?i=6&c=entry&m=ewei_shopv2&do=mobile&r=diypage&id=25',
    'redirection' => true,
    'source' => 'VIEW',
  ),
)

2019-11-25 16:22:55 response :
------------

2019-11-25 16:23:32 trace :
------------
String:
<xml><ToUserName><![CDATA[gh_f9b894563ef4]]></ToUserName>
<FromUserName><![CDATA[o5V8y1UV4aWd-8r3rAR0nk2XjiiI]]></FromUserName>
<CreateTime>1574670212</CreateTime>
<MsgType><![CDATA[event]]></MsgType>
<Event><![CDATA[SCAN]]></Event>
<EventKey><![CDATA[business:5864a01773794135a05fba69901b7199]]></EventKey>
<Ticket><![CDATA[gQGj8DwAAAAAAAAAAS5odHRwOi8vd2VpeGluLnFxLmNvbS9xLzAyZ3RQMXQ5QnZjT2wxMDAwMHcwN2oAAgQPhH9cAwQAAAAA]]></Ticket>
</xml>

2019-11-25 16:23:32 params :
------------
String:
array (
  'rule' => -2,
  'module' => '',
  'message' => 
  array (
    'tousername' => 'gh_f9b894563ef4',
    'fromusername' => 'o5V8y1UV4aWd-8r3rAR0nk2XjiiI',
    'createtime' => '1574670212',
    'msgtype' => 'event',
    'event' => 'SCAN',
    'eventkey' => 'business:5864a01773794135a05fba69901b7199',
    'ticket' => 'gQGj8DwAAAAAAAAAAS5odHRwOi8vd2VpeGluLnFxLmNvbS9xLzAyZ3RQMXQ5QnZjT2wxMDAwMHcwN2oAAgQPhH9cAwQAAAAA',
    'from' => 'o5V8y1UV4aWd-8r3rAR0nk2XjiiI',
    'to' => 'gh_f9b894563ef4',
    'time' => '1574670212',
    'type' => 'text',
    'scene' => 'business:5864a01773794135a05fba69901b7199',
    'redirection' => true,
    'source' => 'qr',
  ),
)

2019-11-25 16:23:32 response :
------------

2019-11-25 16:50:45 trace :
------------
String:
<xml><ToUserName><![CDATA[gh_c804ae748f89]]></ToUserName>
<FromUserName><![CDATA[o3lrB52OQe5owM1VXVuw4dyttQho]]></FromUserName>
<CreateTime>1574671844</CreateTime>
<MsgType><![CDATA[event]]></MsgType>
<Event><![CDATA[VIEW]]></Event>
<EventKey><![CDATA[http://www.boyufengmao.com/app/index.php?i=2&c=entry&m=ewei_shopv2&do=mobile&r=diypage&id=29]]></EventKey>
<MenuId>444306371</MenuId>
</xml>

2019-11-25 16:50:45 params :
------------
String:
array (
  'rule' => -2,
  'module' => '',
  'message' => 
  array (
    'tousername' => 'gh_c804ae748f89',
    'fromusername' => 'o3lrB52OQe5owM1VXVuw4dyttQho',
    'createtime' => '1574671844',
    'msgtype' => 'event',
    'event' => 'VIEW',
    'eventkey' => 'http://www.boyufengmao.com/app/index.php?i=2&c=entry&m=ewei_shopv2&do=mobile&r=diypage&id=29',
    'menuid' => '444306371',
    'from' => 'o3lrB52OQe5owM1VXVuw4dyttQho',
    'to' => 'gh_c804ae748f89',
    'time' => '1574671844',
    'type' => 'text',
    'content' => 'http://www.boyufengmao.com/app/index.php?i=2&c=entry&m=ewei_shopv2&do=mobile&r=diypage&id=29',
    'redirection' => true,
    'source' => 'VIEW',
  ),
)

2019-11-25 16:50:45 response :
------------

2019-11-25 16:53:29 trace :
------------
String:
<xml><ToUserName><![CDATA[gh_c804ae748f89]]></ToUserName>
<FromUserName><![CDATA[o3lrB52OQe5owM1VXVuw4dyttQho]]></FromUserName>
<CreateTime>1574672009</CreateTime>
<MsgType><![CDATA[event]]></MsgType>
<Event><![CDATA[CLICK]]></Event>
<EventKey><![CDATA[我要代理]]></EventKey>
</xml>

2019-11-25 16:53:29 params :
------------
String:
array (
  'message' => 
  array (
    'tousername' => 'gh_c804ae748f89',
    'fromusername' => 'o3lrB52OQe5owM1VXVuw4dyttQho',
    'createtime' => '1574672009',
    'msgtype' => 'event',
    'event' => 'CLICK',
    'eventkey' => '我要代理',
    'from' => 'o3lrB52OQe5owM1VXVuw4dyttQho',
    'to' => 'gh_c804ae748f89',
    'time' => '1574672009',
    'type' => 'text',
    'content' => '我要代理',
    'redirection' => true,
    'source' => 'click',
  ),
  'module' => 'cover',
  'rule' => '73',
  'priority' => '0',
  'keyword' => 
  array (
    'id' => '94',
    'rid' => '73',
    'uniacid' => '2',
    'module' => 'cover',
    'content' => '我要代理',
    'type' => '1',
    'displayorder' => '0',
    'status' => '1',
    'reply_type' => 
    array (
    ),
  ),
  'reply_type' => 
  array (
  ),
)

2019-11-25 16:53:29 response :
------------
Array:
FromUserName : gh_c804ae748f89 ;
ToUserName : o3lrB52OQe5owM1VXVuw4dyttQho ;
MsgType : news ;
ArticleCount : 1 ;
Articles : Array ;

2019-11-25 16:53:34 trace :
------------
String:
<xml><ToUserName><![CDATA[gh_c804ae748f89]]></ToUserName>
<FromUserName><![CDATA[o3lrB52OQe5owM1VXVuw4dyttQho]]></FromUserName>
<CreateTime>1574672013</CreateTime>
<MsgType><![CDATA[event]]></MsgType>
<Event><![CDATA[VIEW]]></Event>
<EventKey><![CDATA[http://www.boyufengmao.com/app/index.php?i=2&c=entry&m=ewei_shopv2&do=mobile&r=order]]></EventKey>
<MenuId>444306371</MenuId>
</xml>

2019-11-25 16:53:34 params :
------------
String:
array (
  'rule' => -2,
  'module' => '',
  'message' => 
  array (
    'tousername' => 'gh_c804ae748f89',
    'fromusername' => 'o3lrB52OQe5owM1VXVuw4dyttQho',
    'createtime' => '1574672013',
    'msgtype' => 'event',
    'event' => 'VIEW',
    'eventkey' => 'http://www.boyufengmao.com/app/index.php?i=2&c=entry&m=ewei_shopv2&do=mobile&r=order',
    'menuid' => '444306371',
    'from' => 'o3lrB52OQe5owM1VXVuw4dyttQho',
    'to' => 'gh_c804ae748f89',
    'time' => '1574672013',
    'type' => 'text',
    'content' => 'http://www.boyufengmao.com/app/index.php?i=2&c=entry&m=ewei_shopv2&do=mobile&r=order',
    'redirection' => true,
    'source' => 'VIEW',
  ),
)

2019-11-25 16:53:34 response :
------------

2019-11-25 16:53:45 trace :
------------
String:
<xml><ToUserName><![CDATA[gh_c804ae748f89]]></ToUserName>
<FromUserName><![CDATA[o3lrB52OQe5owM1VXVuw4dyttQho]]></FromUserName>
<CreateTime>1574672024</CreateTime>
<MsgType><![CDATA[event]]></MsgType>
<Event><![CDATA[VIEW]]></Event>
<EventKey><![CDATA[http://www.boyufengmao.com/app/index.php?i=2&c=entry&m=ewei_shopv2&do=mobile&r=order]]></EventKey>
<MenuId>444306371</MenuId>
</xml>

2019-11-25 16:53:45 params :
------------
String:
array (
  'rule' => -2,
  'module' => '',
  'message' => 
  array (
    'tousername' => 'gh_c804ae748f89',
    'fromusername' => 'o3lrB52OQe5owM1VXVuw4dyttQho',
    'createtime' => '1574672024',
    'msgtype' => 'event',
    'event' => 'VIEW',
    'eventkey' => 'http://www.boyufengmao.com/app/index.php?i=2&c=entry&m=ewei_shopv2&do=mobile&r=order',
    'menuid' => '444306371',
    'from' => 'o3lrB52OQe5owM1VXVuw4dyttQho',
    'to' => 'gh_c804ae748f89',
    'time' => '1574672024',
    'type' => 'text',
    'content' => 'http://www.boyufengmao.com/app/index.php?i=2&c=entry&m=ewei_shopv2&do=mobile&r=order',
    'redirection' => true,
    'source' => 'VIEW',
  ),
)

2019-11-25 16:53:45 response :
------------

2019-11-25 18:14:31 trace :
------------
String:
<xml><ToUserName><![CDATA[gh_f9b894563ef4]]></ToUserName>
<FromUserName><![CDATA[o5V8y1YIx4pa9sYTNo2mqn1OPvXM]]></FromUserName>
<CreateTime>1574676871</CreateTime>
<MsgType><![CDATA[event]]></MsgType>
<Event><![CDATA[subscribe]]></Event>
<EventKey><![CDATA[qrscene_business:5864a01773794135a05fba69901b7199]]></EventKey>
<Ticket><![CDATA[gQGj8DwAAAAAAAAAAS5odHRwOi8vd2VpeGluLnFxLmNvbS9xLzAyZ3RQMXQ5QnZjT2wxMDAwMHcwN2oAAgQPhH9cAwQAAAAA]]></Ticket>
</xml>

2019-11-25 18:14:31 params :
------------
String:
array (
  'rule' => -2,
  'module' => '',
  'message' => 
  array (
    'tousername' => 'gh_f9b894563ef4',
    'fromusername' => 'o5V8y1YIx4pa9sYTNo2mqn1OPvXM',
    'createtime' => '1574676871',
    'msgtype' => 'event',
    'event' => 'subscribe',
    'eventkey' => 'qrscene_business:5864a01773794135a05fba69901b7199',
    'ticket' => 'gQGj8DwAAAAAAAAAAS5odHRwOi8vd2VpeGluLnFxLmNvbS9xLzAyZ3RQMXQ5QnZjT2wxMDAwMHcwN2oAAgQPhH9cAwQAAAAA',
    'from' => 'o5V8y1YIx4pa9sYTNo2mqn1OPvXM',
    'to' => 'gh_f9b894563ef4',
    'time' => '1574676871',
    'type' => 'text',
    'scene' => 'business:5864a01773794135a05fba69901b7199',
    'redirection' => true,
    'source' => 'subscribe',
  ),
)

2019-11-25 18:14:31 response :
------------

2019-11-25 18:14:33 trace :
------------
String:
<xml><ToUserName><![CDATA[gh_f9b894563ef4]]></ToUserName>
<FromUserName><![CDATA[o5V8y1YIx4pa9sYTNo2mqn1OPvXM]]></FromUserName>
<CreateTime>1574676873</CreateTime>
<MsgType><![CDATA[event]]></MsgType>
<Event><![CDATA[VIEW]]></Event>
<EventKey><![CDATA[http://www.boyufengmao.com/app/index.php?i=6&c=entry&m=ewei_shopv2&do=mobile&r=diypage&id=35]]></EventKey>
<MenuId>445219801</MenuId>
</xml>

2019-11-25 18:14:33 params :
------------
String:
array (
  'rule' => -2,
  'module' => '',
  'message' => 
  array (
    'tousername' => 'gh_f9b894563ef4',
    'fromusername' => 'o5V8y1YIx4pa9sYTNo2mqn1OPvXM',
    'createtime' => '1574676873',
    'msgtype' => 'event',
    'event' => 'VIEW',
    'eventkey' => 'http://www.boyufengmao.com/app/index.php?i=6&c=entry&m=ewei_shopv2&do=mobile&r=diypage&id=35',
    'menuid' => '445219801',
    'from' => 'o5V8y1YIx4pa9sYTNo2mqn1OPvXM',
    'to' => 'gh_f9b894563ef4',
    'time' => '1574676873',
    'type' => 'text',
    'content' => 'http://www.boyufengmao.com/app/index.php?i=6&c=entry&m=ewei_shopv2&do=mobile&r=diypage&id=35',
    'redirection' => true,
    'source' => 'VIEW',
  ),
)

2019-11-25 18:14:33 response :
------------

2019-11-25 18:14:47 trace :
------------
String:
<xml><ToUserName><![CDATA[gh_f9b894563ef4]]></ToUserName>
<FromUserName><![CDATA[o5V8y1YIx4pa9sYTNo2mqn1OPvXM]]></FromUserName>
<CreateTime>1574676887</CreateTime>
<MsgType><![CDATA[event]]></MsgType>
<Event><![CDATA[VIEW]]></Event>
<EventKey><![CDATA[http://www.boyufengmao.com/app/index.php?i=6&c=entry&m=ewei_shopv2&do=mobile&r=diypage&id=35]]></EventKey>
<MenuId>445219801</MenuId>
</xml>

2019-11-25 18:14:47 params :
------------
String:
array (
  'rule' => -2,
  'module' => '',
  'message' => 
  array (
    'tousername' => 'gh_f9b894563ef4',
    'fromusername' => 'o5V8y1YIx4pa9sYTNo2mqn1OPvXM',
    'createtime' => '1574676887',
    'msgtype' => 'event',
    'event' => 'VIEW',
    'eventkey' => 'http://www.boyufengmao.com/app/index.php?i=6&c=entry&m=ewei_shopv2&do=mobile&r=diypage&id=35',
    'menuid' => '445219801',
    'from' => 'o5V8y1YIx4pa9sYTNo2mqn1OPvXM',
    'to' => 'gh_f9b894563ef4',
    'time' => '1574676887',
    'type' => 'text',
    'content' => 'http://www.boyufengmao.com/app/index.php?i=6&c=entry&m=ewei_shopv2&do=mobile&r=diypage&id=35',
    'redirection' => true,
    'source' => 'VIEW',
  ),
)

2019-11-25 18:14:47 response :
------------

2019-11-25 18:17:54 trace :
------------
String:
<xml><ToUserName><![CDATA[gh_f9b894563ef4]]></ToUserName>
<FromUserName><![CDATA[o5V8y1aUNsCFyzYei1hDudUaxUFk]]></FromUserName>
<CreateTime>1574677074</CreateTime>
<MsgType><![CDATA[event]]></MsgType>
<Event><![CDATA[VIEW]]></Event>
<EventKey><![CDATA[http://www.boyufengmao.com/app/index.php?i=6&c=entry&m=ewei_shopv2&do=mobile&r=diypage&id=35]]></EventKey>
<MenuId>445219801</MenuId>
</xml>

2019-11-25 18:17:54 params :
------------
String:
array (
  'rule' => -2,
  'module' => '',
  'message' => 
  array (
    'tousername' => 'gh_f9b894563ef4',
    'fromusername' => 'o5V8y1aUNsCFyzYei1hDudUaxUFk',
    'createtime' => '1574677074',
    'msgtype' => 'event',
    'event' => 'VIEW',
    'eventkey' => 'http://www.boyufengmao.com/app/index.php?i=6&c=entry&m=ewei_shopv2&do=mobile&r=diypage&id=35',
    'menuid' => '445219801',
    'from' => 'o5V8y1aUNsCFyzYei1hDudUaxUFk',
    'to' => 'gh_f9b894563ef4',
    'time' => '1574677074',
    'type' => 'text',
    'content' => 'http://www.boyufengmao.com/app/index.php?i=6&c=entry&m=ewei_shopv2&do=mobile&r=diypage&id=35',
    'redirection' => true,
    'source' => 'VIEW',
  ),
)

2019-11-25 18:17:54 response :
------------

2019-11-25 18:18:11 trace :
------------
String:
<xml><ToUserName><![CDATA[gh_f9b894563ef4]]></ToUserName>
<FromUserName><![CDATA[o5V8y1aUNsCFyzYei1hDudUaxUFk]]></FromUserName>
<CreateTime>1574677090</CreateTime>
<MsgType><![CDATA[event]]></MsgType>
<Event><![CDATA[VIEW]]></Event>
<EventKey><![CDATA[http://www.boyufengmao.com/app/index.php?i=6&c=entry&m=ewei_shopv2&do=mobile&r=diypage&id=35]]></EventKey>
<MenuId>445219801</MenuId>
</xml>

2019-11-25 18:18:11 params :
------------
String:
array (
  'rule' => -2,
  'module' => '',
  'message' => 
  array (
    'tousername' => 'gh_f9b894563ef4',
    'fromusername' => 'o5V8y1aUNsCFyzYei1hDudUaxUFk',
    'createtime' => '1574677090',
    'msgtype' => 'event',
    'event' => 'VIEW',
    'eventkey' => 'http://www.boyufengmao.com/app/index.php?i=6&c=entry&m=ewei_shopv2&do=mobile&r=diypage&id=35',
    'menuid' => '445219801',
    'from' => 'o5V8y1aUNsCFyzYei1hDudUaxUFk',
    'to' => 'gh_f9b894563ef4',
    'time' => '1574677090',
    'type' => 'text',
    'content' => 'http://www.boyufengmao.com/app/index.php?i=6&c=entry&m=ewei_shopv2&do=mobile&r=diypage&id=35',
    'redirection' => true,
    'source' => 'VIEW',
  ),
)

2019-11-25 18:18:11 response :
------------

2019-11-25 18:21:51 trace :
------------
String:
<xml><ToUserName><![CDATA[gh_f9b894563ef4]]></ToUserName>
<FromUserName><![CDATA[o5V8y1TriK_H2wYcSHPE-K6pdoSQ]]></FromUserName>
<CreateTime>1574677310</CreateTime>
<MsgType><![CDATA[event]]></MsgType>
<Event><![CDATA[VIEW]]></Event>
<EventKey><![CDATA[http://www.boyufengmao.com/app/index.php?i=6&c=entry&m=ewei_shopv2&do=mobile&r=diypage&id=35]]></EventKey>
<MenuId>445219801</MenuId>
</xml>

2019-11-25 18:21:51 params :
------------
String:
array (
  'rule' => -2,
  'module' => '',
  'message' => 
  array (
    'tousername' => 'gh_f9b894563ef4',
    'fromusername' => 'o5V8y1TriK_H2wYcSHPE-K6pdoSQ',
    'createtime' => '1574677310',
    'msgtype' => 'event',
    'event' => 'VIEW',
    'eventkey' => 'http://www.boyufengmao.com/app/index.php?i=6&c=entry&m=ewei_shopv2&do=mobile&r=diypage&id=35',
    'menuid' => '445219801',
    'from' => 'o5V8y1TriK_H2wYcSHPE-K6pdoSQ',
    'to' => 'gh_f9b894563ef4',
    'time' => '1574677310',
    'type' => 'text',
    'content' => 'http://www.boyufengmao.com/app/index.php?i=6&c=entry&m=ewei_shopv2&do=mobile&r=diypage&id=35',
    'redirection' => true,
    'source' => 'VIEW',
  ),
)

2019-11-25 18:21:51 response :
------------

2019-11-25 18:36:02 trace :
------------
String:
<xml><ToUserName><![CDATA[gh_f9b894563ef4]]></ToUserName>
<FromUserName><![CDATA[o5V8y1YIx4pa9sYTNo2mqn1OPvXM]]></FromUserName>
<CreateTime>1574678162</CreateTime>
<MsgType><![CDATA[event]]></MsgType>
<Event><![CDATA[VIEW]]></Event>
<EventKey><![CDATA[http://www.boyufengmao.com/app/index.php?i=6&c=entry&m=ewei_shopv2&do=mobile&r=diypage&id=35]]></EventKey>
<MenuId>445219801</MenuId>
</xml>

2019-11-25 18:36:02 params :
------------
String:
array (
  'rule' => -2,
  'module' => '',
  'message' => 
  array (
    'tousername' => 'gh_f9b894563ef4',
    'fromusername' => 'o5V8y1YIx4pa9sYTNo2mqn1OPvXM',
    'createtime' => '1574678162',
    'msgtype' => 'event',
    'event' => 'VIEW',
    'eventkey' => 'http://www.boyufengmao.com/app/index.php?i=6&c=entry&m=ewei_shopv2&do=mobile&r=diypage&id=35',
    'menuid' => '445219801',
    'from' => 'o5V8y1YIx4pa9sYTNo2mqn1OPvXM',
    'to' => 'gh_f9b894563ef4',
    'time' => '1574678162',
    'type' => 'text',
    'content' => 'http://www.boyufengmao.com/app/index.php?i=6&c=entry&m=ewei_shopv2&do=mobile&r=diypage&id=35',
    'redirection' => true,
    'source' => 'VIEW',
  ),
)

2019-11-25 18:36:02 response :
------------

2019-11-25 18:36:42 trace :
------------
String:
<xml><ToUserName><![CDATA[gh_f9b894563ef4]]></ToUserName>
<FromUserName><![CDATA[o5V8y1YIx4pa9sYTNo2mqn1OPvXM]]></FromUserName>
<CreateTime>1574678202</CreateTime>
<MsgType><![CDATA[event]]></MsgType>
<Event><![CDATA[VIEW]]></Event>
<EventKey><![CDATA[http://www.boyufengmao.com/app/index.php?i=6&c=entry&m=ewei_shopv2&do=mobile&r=diypage&id=25]]></EventKey>
<MenuId>445219801</MenuId>
</xml>

2019-11-25 18:36:42 params :
------------
String:
array (
  'rule' => -2,
  'module' => '',
  'message' => 
  array (
    'tousername' => 'gh_f9b894563ef4',
    'fromusername' => 'o5V8y1YIx4pa9sYTNo2mqn1OPvXM',
    'createtime' => '1574678202',
    'msgtype' => 'event',
    'event' => 'VIEW',
    'eventkey' => 'http://www.boyufengmao.com/app/index.php?i=6&c=entry&m=ewei_shopv2&do=mobile&r=diypage&id=25',
    'menuid' => '445219801',
    'from' => 'o5V8y1YIx4pa9sYTNo2mqn1OPvXM',
    'to' => 'gh_f9b894563ef4',
    'time' => '1574678202',
    'type' => 'text',
    'content' => 'http://www.boyufengmao.com/app/index.php?i=6&c=entry&m=ewei_shopv2&do=mobile&r=diypage&id=25',
    'redirection' => true,
    'source' => 'VIEW',
  ),
)

2019-11-25 18:36:42 response :
------------

2019-11-25 19:17:24 trace :
------------
String:
<xml><ToUserName><![CDATA[gh_f9b894563ef4]]></ToUserName>
<FromUserName><![CDATA[o5V8y1V5I9w73bUT7YoM5jOBzzCQ]]></FromUserName>
<CreateTime>1574680644</CreateTime>
<MsgType><![CDATA[event]]></MsgType>
<Event><![CDATA[SCAN]]></Event>
<EventKey><![CDATA[business:5864a01773794135a05fba69901b7199]]></EventKey>
<Ticket><![CDATA[gQGj8DwAAAAAAAAAAS5odHRwOi8vd2VpeGluLnFxLmNvbS9xLzAyZ3RQMXQ5QnZjT2wxMDAwMHcwN2oAAgQPhH9cAwQAAAAA]]></Ticket>
</xml>

2019-11-25 19:17:24 params :
------------
String:
array (
  'rule' => -2,
  'module' => '',
  'message' => 
  array (
    'tousername' => 'gh_f9b894563ef4',
    'fromusername' => 'o5V8y1V5I9w73bUT7YoM5jOBzzCQ',
    'createtime' => '1574680644',
    'msgtype' => 'event',
    'event' => 'SCAN',
    'eventkey' => 'business:5864a01773794135a05fba69901b7199',
    'ticket' => 'gQGj8DwAAAAAAAAAAS5odHRwOi8vd2VpeGluLnFxLmNvbS9xLzAyZ3RQMXQ5QnZjT2wxMDAwMHcwN2oAAgQPhH9cAwQAAAAA',
    'from' => 'o5V8y1V5I9w73bUT7YoM5jOBzzCQ',
    'to' => 'gh_f9b894563ef4',
    'time' => '1574680644',
    'type' => 'text',
    'scene' => 'business:5864a01773794135a05fba69901b7199',
    'redirection' => true,
    'source' => 'qr',
  ),
)

2019-11-25 19:17:24 response :
------------

2019-11-25 19:17:27 trace :
------------
String:
<xml><ToUserName><![CDATA[gh_f9b894563ef4]]></ToUserName>
<FromUserName><![CDATA[o5V8y1V5I9w73bUT7YoM5jOBzzCQ]]></FromUserName>
<CreateTime>1574680646</CreateTime>
<MsgType><![CDATA[event]]></MsgType>
<Event><![CDATA[VIEW]]></Event>
<EventKey><![CDATA[http://www.boyufengmao.com/app/index.php?i=6&c=entry&m=ewei_shopv2&do=mobile&r=diypage&id=25]]></EventKey>
<MenuId>445219801</MenuId>
</xml>

2019-11-25 19:17:27 params :
------------
String:
array (
  'rule' => -2,
  'module' => '',
  'message' => 
  array (
    'tousername' => 'gh_f9b894563ef4',
    'fromusername' => 'o5V8y1V5I9w73bUT7YoM5jOBzzCQ',
    'createtime' => '1574680646',
    'msgtype' => 'event',
    'event' => 'VIEW',
    'eventkey' => 'http://www.boyufengmao.com/app/index.php?i=6&c=entry&m=ewei_shopv2&do=mobile&r=diypage&id=25',
    'menuid' => '445219801',
    'from' => 'o5V8y1V5I9w73bUT7YoM5jOBzzCQ',
    'to' => 'gh_f9b894563ef4',
    'time' => '1574680646',
    'type' => 'text',
    'content' => 'http://www.boyufengmao.com/app/index.php?i=6&c=entry&m=ewei_shopv2&do=mobile&r=diypage&id=25',
    'redirection' => true,
    'source' => 'VIEW',
  ),
)

2019-11-25 19:17:27 response :
------------

2019-11-25 19:42:08 trace :
------------
String:
<xml><ToUserName><![CDATA[gh_f9b894563ef4]]></ToUserName>
<FromUserName><![CDATA[o5V8y1dkgLz6FxTerGDia8QrSJq8]]></FromUserName>
<CreateTime>1574682128</CreateTime>
<MsgType><![CDATA[event]]></MsgType>
<Event><![CDATA[VIEW]]></Event>
<EventKey><![CDATA[http://www.boyufengmao.com/app/index.php?i=6&c=entry&m=ewei_shopv2&do=mobile&r=diypage&id=35]]></EventKey>
<MenuId>445219801</MenuId>
</xml>

2019-11-25 19:42:08 params :
------------
String:
array (
  'rule' => -2,
  'module' => '',
  'message' => 
  array (
    'tousername' => 'gh_f9b894563ef4',
    'fromusername' => 'o5V8y1dkgLz6FxTerGDia8QrSJq8',
    'createtime' => '1574682128',
    'msgtype' => 'event',
    'event' => 'VIEW',
    'eventkey' => 'http://www.boyufengmao.com/app/index.php?i=6&c=entry&m=ewei_shopv2&do=mobile&r=diypage&id=35',
    'menuid' => '445219801',
    'from' => 'o5V8y1dkgLz6FxTerGDia8QrSJq8',
    'to' => 'gh_f9b894563ef4',
    'time' => '1574682128',
    'type' => 'text',
    'content' => 'http://www.boyufengmao.com/app/index.php?i=6&c=entry&m=ewei_shopv2&do=mobile&r=diypage&id=35',
    'redirection' => true,
    'source' => 'VIEW',
  ),
)

2019-11-25 19:42:08 response :
------------

2019-11-25 20:10:51 trace :
------------
String:
<xml><ToUserName><![CDATA[gh_162fc9cda7ca]]></ToUserName>
<FromUserName><![CDATA[oYRrw0yuNzxXi9JCekk9Vo85WoW0]]></FromUserName>
<CreateTime>1574683850</CreateTime>
<MsgType><![CDATA[event]]></MsgType>
<Event><![CDATA[subscribe]]></Event>
<EventKey><![CDATA[]]></EventKey>
</xml>

2019-11-25 20:10:51 params :
------------
String:
array (
  'rule' => -2,
  'module' => '',
  'message' => 
  array (
    'tousername' => 'gh_162fc9cda7ca',
    'fromusername' => 'oYRrw0yuNzxXi9JCekk9Vo85WoW0',
    'createtime' => '1574683850',
    'msgtype' => 'event',
    'event' => 'subscribe',
    'eventkey' => '',
    'from' => 'oYRrw0yuNzxXi9JCekk9Vo85WoW0',
    'to' => 'gh_162fc9cda7ca',
    'time' => '1574683850',
    'type' => 'text',
    'redirection' => true,
    'source' => 'subscribe',
  ),
)

2019-11-25 20:10:51 response :
------------

2019-11-25 20:41:17 trace :
------------
String:
<xml><ToUserName><![CDATA[gh_f9b894563ef4]]></ToUserName>
<FromUserName><![CDATA[o5V8y1Xt9fXDshUT_oDw-tO2oUdU]]></FromUserName>
<CreateTime>1574685677</CreateTime>
<MsgType><![CDATA[event]]></MsgType>
<Event><![CDATA[subscribe]]></Event>
<EventKey><![CDATA[qrscene_business:5864a01773794135a05fba69901b7199]]></EventKey>
<Ticket><![CDATA[gQGj8DwAAAAAAAAAAS5odHRwOi8vd2VpeGluLnFxLmNvbS9xLzAyZ3RQMXQ5QnZjT2wxMDAwMHcwN2oAAgQPhH9cAwQAAAAA]]></Ticket>
</xml>

2019-11-25 20:41:17 params :
------------
String:
array (
  'rule' => -2,
  'module' => '',
  'message' => 
  array (
    'tousername' => 'gh_f9b894563ef4',
    'fromusername' => 'o5V8y1Xt9fXDshUT_oDw-tO2oUdU',
    'createtime' => '1574685677',
    'msgtype' => 'event',
    'event' => 'subscribe',
    'eventkey' => 'qrscene_business:5864a01773794135a05fba69901b7199',
    'ticket' => 'gQGj8DwAAAAAAAAAAS5odHRwOi8vd2VpeGluLnFxLmNvbS9xLzAyZ3RQMXQ5QnZjT2wxMDAwMHcwN2oAAgQPhH9cAwQAAAAA',
    'from' => 'o5V8y1Xt9fXDshUT_oDw-tO2oUdU',
    'to' => 'gh_f9b894563ef4',
    'time' => '1574685677',
    'type' => 'text',
    'scene' => 'business:5864a01773794135a05fba69901b7199',
    'redirection' => true,
    'source' => 'subscribe',
  ),
)

2019-11-25 20:41:17 response :
------------

2019-11-25 20:41:19 trace :
------------
String:
<xml><ToUserName><![CDATA[gh_f9b894563ef4]]></ToUserName>
<FromUserName><![CDATA[o5V8y1Xt9fXDshUT_oDw-tO2oUdU]]></FromUserName>
<CreateTime>1574685679</CreateTime>
<MsgType><![CDATA[event]]></MsgType>
<Event><![CDATA[VIEW]]></Event>
<EventKey><![CDATA[http://www.boyufengmao.com/app/index.php?i=6&c=entry&m=ewei_shopv2&do=mobile&r=diypage&id=35]]></EventKey>
<MenuId>445219801</MenuId>
</xml>

2019-11-25 20:41:19 params :
------------
String:
array (
  'rule' => -2,
  'module' => '',
  'message' => 
  array (
    'tousername' => 'gh_f9b894563ef4',
    'fromusername' => 'o5V8y1Xt9fXDshUT_oDw-tO2oUdU',
    'createtime' => '1574685679',
    'msgtype' => 'event',
    'event' => 'VIEW',
    'eventkey' => 'http://www.boyufengmao.com/app/index.php?i=6&c=entry&m=ewei_shopv2&do=mobile&r=diypage&id=35',
    'menuid' => '445219801',
    'from' => 'o5V8y1Xt9fXDshUT_oDw-tO2oUdU',
    'to' => 'gh_f9b894563ef4',
    'time' => '1574685679',
    'type' => 'text',
    'content' => 'http://www.boyufengmao.com/app/index.php?i=6&c=entry&m=ewei_shopv2&do=mobile&r=diypage&id=35',
    'redirection' => true,
    'source' => 'VIEW',
  ),
)

2019-11-25 20:41:19 response :
------------

2019-11-25 20:41:46 trace :
------------
String:
<xml><ToUserName><![CDATA[gh_f9b894563ef4]]></ToUserName>
<FromUserName><![CDATA[o5V8y1Xt9fXDshUT_oDw-tO2oUdU]]></FromUserName>
<CreateTime>1574685706</CreateTime>
<MsgType><![CDATA[event]]></MsgType>
<Event><![CDATA[VIEW]]></Event>
<EventKey><![CDATA[http://www.boyufengmao.com/app/index.php?i=6&c=entry&m=ewei_shopv2&do=mobile&r=diypage&id=35]]></EventKey>
<MenuId>445219801</MenuId>
</xml>

2019-11-25 20:41:46 params :
------------
String:
array (
  'rule' => -2,
  'module' => '',
  'message' => 
  array (
    'tousername' => 'gh_f9b894563ef4',
    'fromusername' => 'o5V8y1Xt9fXDshUT_oDw-tO2oUdU',
    'createtime' => '1574685706',
    'msgtype' => 'event',
    'event' => 'VIEW',
    'eventkey' => 'http://www.boyufengmao.com/app/index.php?i=6&c=entry&m=ewei_shopv2&do=mobile&r=diypage&id=35',
    'menuid' => '445219801',
    'from' => 'o5V8y1Xt9fXDshUT_oDw-tO2oUdU',
    'to' => 'gh_f9b894563ef4',
    'time' => '1574685706',
    'type' => 'text',
    'content' => 'http://www.boyufengmao.com/app/index.php?i=6&c=entry&m=ewei_shopv2&do=mobile&r=diypage&id=35',
    'redirection' => true,
    'source' => 'VIEW',
  ),
)

2019-11-25 20:41:46 response :
------------

2019-11-25 21:14:32 trace :
------------
String:
<xml><ToUserName><![CDATA[gh_f9b894563ef4]]></ToUserName>
<FromUserName><![CDATA[o5V8y1UmVgUy4x2k9NaCwiTR8kTA]]></FromUserName>
<CreateTime>1574687672</CreateTime>
<MsgType><![CDATA[event]]></MsgType>
<Event><![CDATA[SCAN]]></Event>
<EventKey><![CDATA[business:5864a01773794135a05fba69901b7199]]></EventKey>
<Ticket><![CDATA[gQGj8DwAAAAAAAAAAS5odHRwOi8vd2VpeGluLnFxLmNvbS9xLzAyZ3RQMXQ5QnZjT2wxMDAwMHcwN2oAAgQPhH9cAwQAAAAA]]></Ticket>
</xml>

2019-11-25 21:14:32 params :
------------
String:
array (
  'rule' => -2,
  'module' => '',
  'message' => 
  array (
    'tousername' => 'gh_f9b894563ef4',
    'fromusername' => 'o5V8y1UmVgUy4x2k9NaCwiTR8kTA',
    'createtime' => '1574687672',
    'msgtype' => 'event',
    'event' => 'SCAN',
    'eventkey' => 'business:5864a01773794135a05fba69901b7199',
    'ticket' => 'gQGj8DwAAAAAAAAAAS5odHRwOi8vd2VpeGluLnFxLmNvbS9xLzAyZ3RQMXQ5QnZjT2wxMDAwMHcwN2oAAgQPhH9cAwQAAAAA',
    'from' => 'o5V8y1UmVgUy4x2k9NaCwiTR8kTA',
    'to' => 'gh_f9b894563ef4',
    'time' => '1574687672',
    'type' => 'text',
    'scene' => 'business:5864a01773794135a05fba69901b7199',
    'redirection' => true,
    'source' => 'qr',
  ),
)

2019-11-25 21:14:32 response :
------------

2019-11-25 21:14:38 trace :
------------
String:
<xml><ToUserName><![CDATA[gh_f9b894563ef4]]></ToUserName>
<FromUserName><![CDATA[o5V8y1UmVgUy4x2k9NaCwiTR8kTA]]></FromUserName>
<CreateTime>1574687678</CreateTime>
<MsgType><![CDATA[event]]></MsgType>
<Event><![CDATA[VIEW]]></Event>
<EventKey><![CDATA[http://www.boyufengmao.com/app/index.php?i=6&c=entry&m=ewei_shopv2&do=mobile&r=diypage&id=35]]></EventKey>
<MenuId>445219801</MenuId>
</xml>

2019-11-25 21:14:38 params :
------------
String:
array (
  'rule' => -2,
  'module' => '',
  'message' => 
  array (
    'tousername' => 'gh_f9b894563ef4',
    'fromusername' => 'o5V8y1UmVgUy4x2k9NaCwiTR8kTA',
    'createtime' => '1574687678',
    'msgtype' => 'event',
    'event' => 'VIEW',
    'eventkey' => 'http://www.boyufengmao.com/app/index.php?i=6&c=entry&m=ewei_shopv2&do=mobile&r=diypage&id=35',
    'menuid' => '445219801',
    'from' => 'o5V8y1UmVgUy4x2k9NaCwiTR8kTA',
    'to' => 'gh_f9b894563ef4',
    'time' => '1574687678',
    'type' => 'text',
    'content' => 'http://www.boyufengmao.com/app/index.php?i=6&c=entry&m=ewei_shopv2&do=mobile&r=diypage&id=35',
    'redirection' => true,
    'source' => 'VIEW',
  ),
)

2019-11-25 21:14:38 response :
------------

2019-11-25 21:27:09 trace :
------------
String:
<xml><ToUserName><![CDATA[gh_f9b894563ef4]]></ToUserName>
<FromUserName><![CDATA[o5V8y1YzhfoxgmqlACkXRuTjYtfk]]></FromUserName>
<CreateTime>1574688429</CreateTime>
<MsgType><![CDATA[event]]></MsgType>
<Event><![CDATA[subscribe]]></Event>
<EventKey><![CDATA[qrscene_business:5864a01773794135a05fba69901b7199]]></EventKey>
<Ticket><![CDATA[gQGj8DwAAAAAAAAAAS5odHRwOi8vd2VpeGluLnFxLmNvbS9xLzAyZ3RQMXQ5QnZjT2wxMDAwMHcwN2oAAgQPhH9cAwQAAAAA]]></Ticket>
</xml>

2019-11-25 21:27:09 params :
------------
String:
array (
  'rule' => -2,
  'module' => '',
  'message' => 
  array (
    'tousername' => 'gh_f9b894563ef4',
    'fromusername' => 'o5V8y1YzhfoxgmqlACkXRuTjYtfk',
    'createtime' => '1574688429',
    'msgtype' => 'event',
    'event' => 'subscribe',
    'eventkey' => 'qrscene_business:5864a01773794135a05fba69901b7199',
    'ticket' => 'gQGj8DwAAAAAAAAAAS5odHRwOi8vd2VpeGluLnFxLmNvbS9xLzAyZ3RQMXQ5QnZjT2wxMDAwMHcwN2oAAgQPhH9cAwQAAAAA',
    'from' => 'o5V8y1YzhfoxgmqlACkXRuTjYtfk',
    'to' => 'gh_f9b894563ef4',
    'time' => '1574688429',
    'type' => 'text',
    'scene' => 'business:5864a01773794135a05fba69901b7199',
    'redirection' => true,
    'source' => 'subscribe',
  ),
)

2019-11-25 21:27:09 response :
------------

2019-11-25 21:27:12 trace :
------------
String:
<xml><ToUserName><![CDATA[gh_f9b894563ef4]]></ToUserName>
<FromUserName><![CDATA[o5V8y1YzhfoxgmqlACkXRuTjYtfk]]></FromUserName>
<CreateTime>1574688432</CreateTime>
<MsgType><![CDATA[event]]></MsgType>
<Event><![CDATA[VIEW]]></Event>
<EventKey><![CDATA[http://www.boyufengmao.com/app/index.php?i=6&c=entry&m=ewei_shopv2&do=mobile&r=diypage&id=35]]></EventKey>
<MenuId>445219801</MenuId>
</xml>

2019-11-25 21:27:12 params :
------------
String:
array (
  'rule' => -2,
  'module' => '',
  'message' => 
  array (
    'tousername' => 'gh_f9b894563ef4',
    'fromusername' => 'o5V8y1YzhfoxgmqlACkXRuTjYtfk',
    'createtime' => '1574688432',
    'msgtype' => 'event',
    'event' => 'VIEW',
    'eventkey' => 'http://www.boyufengmao.com/app/index.php?i=6&c=entry&m=ewei_shopv2&do=mobile&r=diypage&id=35',
    'menuid' => '445219801',
    'from' => 'o5V8y1YzhfoxgmqlACkXRuTjYtfk',
    'to' => 'gh_f9b894563ef4',
    'time' => '1574688432',
    'type' => 'text',
    'content' => 'http://www.boyufengmao.com/app/index.php?i=6&c=entry&m=ewei_shopv2&do=mobile&r=diypage&id=35',
    'redirection' => true,
    'source' => 'VIEW',
  ),
)

2019-11-25 21:27:12 response :
------------

2019-11-25 21:27:50 trace :
------------
String:
<xml><ToUserName><![CDATA[gh_f9b894563ef4]]></ToUserName>
<FromUserName><![CDATA[o5V8y1cQ2oY9WCbgtnhI65sY_TMg]]></FromUserName>
<CreateTime>1574688470</CreateTime>
<MsgType><![CDATA[event]]></MsgType>
<Event><![CDATA[subscribe]]></Event>
<EventKey><![CDATA[qrscene_business:5864a01773794135a05fba69901b7199]]></EventKey>
<Ticket><![CDATA[gQGj8DwAAAAAAAAAAS5odHRwOi8vd2VpeGluLnFxLmNvbS9xLzAyZ3RQMXQ5QnZjT2wxMDAwMHcwN2oAAgQPhH9cAwQAAAAA]]></Ticket>
</xml>

2019-11-25 21:27:50 params :
------------
String:
array (
  'rule' => -2,
  'module' => '',
  'message' => 
  array (
    'tousername' => 'gh_f9b894563ef4',
    'fromusername' => 'o5V8y1cQ2oY9WCbgtnhI65sY_TMg',
    'createtime' => '1574688470',
    'msgtype' => 'event',
    'event' => 'subscribe',
    'eventkey' => 'qrscene_business:5864a01773794135a05fba69901b7199',
    'ticket' => 'gQGj8DwAAAAAAAAAAS5odHRwOi8vd2VpeGluLnFxLmNvbS9xLzAyZ3RQMXQ5QnZjT2wxMDAwMHcwN2oAAgQPhH9cAwQAAAAA',
    'from' => 'o5V8y1cQ2oY9WCbgtnhI65sY_TMg',
    'to' => 'gh_f9b894563ef4',
    'time' => '1574688470',
    'type' => 'text',
    'scene' => 'business:5864a01773794135a05fba69901b7199',
    'redirection' => true,
    'source' => 'subscribe',
  ),
)

2019-11-25 21:27:50 response :
------------

2019-11-25 21:27:56 trace :
------------
String:
<xml><ToUserName><![CDATA[gh_f9b894563ef4]]></ToUserName>
<FromUserName><![CDATA[o5V8y1cQ2oY9WCbgtnhI65sY_TMg]]></FromUserName>
<CreateTime>1574688476</CreateTime>
<MsgType><![CDATA[event]]></MsgType>
<Event><![CDATA[VIEW]]></Event>
<EventKey><![CDATA[http://www.boyufengmao.com/app/index.php?i=6&c=entry&m=ewei_shopv2&do=mobile&r=diypage&id=35]]></EventKey>
<MenuId>445219801</MenuId>
</xml>

2019-11-25 21:27:56 params :
------------
String:
array (
  'rule' => -2,
  'module' => '',
  'message' => 
  array (
    'tousername' => 'gh_f9b894563ef4',
    'fromusername' => 'o5V8y1cQ2oY9WCbgtnhI65sY_TMg',
    'createtime' => '1574688476',
    'msgtype' => 'event',
    'event' => 'VIEW',
    'eventkey' => 'http://www.boyufengmao.com/app/index.php?i=6&c=entry&m=ewei_shopv2&do=mobile&r=diypage&id=35',
    'menuid' => '445219801',
    'from' => 'o5V8y1cQ2oY9WCbgtnhI65sY_TMg',
    'to' => 'gh_f9b894563ef4',
    'time' => '1574688476',
    'type' => 'text',
    'content' => 'http://www.boyufengmao.com/app/index.php?i=6&c=entry&m=ewei_shopv2&do=mobile&r=diypage&id=35',
    'redirection' => true,
    'source' => 'VIEW',
  ),
)

2019-11-25 21:27:56 response :
------------

2019-11-25 21:32:28 trace :
------------
String:
<xml><ToUserName><![CDATA[gh_f9b894563ef4]]></ToUserName>
<FromUserName><![CDATA[o5V8y1cDGZszrD4EeLq-d2mhahg8]]></FromUserName>
<CreateTime>1574688747</CreateTime>
<MsgType><![CDATA[event]]></MsgType>
<Event><![CDATA[subscribe]]></Event>
<EventKey><![CDATA[qrscene_business:5864a01773794135a05fba69901b7199]]></EventKey>
<Ticket><![CDATA[gQGj8DwAAAAAAAAAAS5odHRwOi8vd2VpeGluLnFxLmNvbS9xLzAyZ3RQMXQ5QnZjT2wxMDAwMHcwN2oAAgQPhH9cAwQAAAAA]]></Ticket>
</xml>

2019-11-25 21:32:28 params :
------------
String:
array (
  'rule' => -2,
  'module' => '',
  'message' => 
  array (
    'tousername' => 'gh_f9b894563ef4',
    'fromusername' => 'o5V8y1cDGZszrD4EeLq-d2mhahg8',
    'createtime' => '1574688747',
    'msgtype' => 'event',
    'event' => 'subscribe',
    'eventkey' => 'qrscene_business:5864a01773794135a05fba69901b7199',
    'ticket' => 'gQGj8DwAAAAAAAAAAS5odHRwOi8vd2VpeGluLnFxLmNvbS9xLzAyZ3RQMXQ5QnZjT2wxMDAwMHcwN2oAAgQPhH9cAwQAAAAA',
    'from' => 'o5V8y1cDGZszrD4EeLq-d2mhahg8',
    'to' => 'gh_f9b894563ef4',
    'time' => '1574688747',
    'type' => 'text',
    'scene' => 'business:5864a01773794135a05fba69901b7199',
    'redirection' => true,
    'source' => 'subscribe',
  ),
)

2019-11-25 21:32:28 response :
------------

2019-11-25 21:32:30 trace :
------------
String:
<xml><ToUserName><![CDATA[gh_f9b894563ef4]]></ToUserName>
<FromUserName><![CDATA[o5V8y1cDGZszrD4EeLq-d2mhahg8]]></FromUserName>
<CreateTime>1574688750</CreateTime>
<MsgType><![CDATA[event]]></MsgType>
<Event><![CDATA[VIEW]]></Event>
<EventKey><![CDATA[http://www.boyufengmao.com/app/index.php?i=6&c=entry&m=ewei_shopv2&do=mobile&r=diypage&id=25]]></EventKey>
<MenuId>445219801</MenuId>
</xml>

2019-11-25 21:32:30 params :
------------
String:
array (
  'rule' => -2,
  'module' => '',
  'message' => 
  array (
    'tousername' => 'gh_f9b894563ef4',
    'fromusername' => 'o5V8y1cDGZszrD4EeLq-d2mhahg8',
    'createtime' => '1574688750',
    'msgtype' => 'event',
    'event' => 'VIEW',
    'eventkey' => 'http://www.boyufengmao.com/app/index.php?i=6&c=entry&m=ewei_shopv2&do=mobile&r=diypage&id=25',
    'menuid' => '445219801',
    'from' => 'o5V8y1cDGZszrD4EeLq-d2mhahg8',
    'to' => 'gh_f9b894563ef4',
    'time' => '1574688750',
    'type' => 'text',
    'content' => 'http://www.boyufengmao.com/app/index.php?i=6&c=entry&m=ewei_shopv2&do=mobile&r=diypage&id=25',
    'redirection' => true,
    'source' => 'VIEW',
  ),
)

2019-11-25 21:32:30 response :
------------

2019-11-25 21:32:47 trace :
------------
String:
<xml><ToUserName><![CDATA[gh_f9b894563ef4]]></ToUserName>
<FromUserName><![CDATA[o5V8y1cDGZszrD4EeLq-d2mhahg8]]></FromUserName>
<CreateTime>1574688767</CreateTime>
<MsgType><![CDATA[event]]></MsgType>
<Event><![CDATA[VIEW]]></Event>
<EventKey><![CDATA[http://www.boyufengmao.com/app/index.php?i=6&c=entry&m=ewei_shopv2&do=mobile&r=diypage&id=35]]></EventKey>
<MenuId>445219801</MenuId>
</xml>

2019-11-25 21:32:47 trace :
------------
String:
<xml><ToUserName><![CDATA[gh_f9b894563ef4]]></ToUserName>
<FromUserName><![CDATA[o5V8y1cDGZszrD4EeLq-d2mhahg8]]></FromUserName>
<CreateTime>1574688766</CreateTime>
<MsgType><![CDATA[event]]></MsgType>
<Event><![CDATA[VIEW]]></Event>
<EventKey><![CDATA[http://www.boyufengmao.com/app/index.php?i=6&c=entry&m=ewei_shopv2&do=mobile&r=diypage&id=35]]></EventKey>
<MenuId>445219801</MenuId>
</xml>

2019-11-25 21:32:47 params :
------------
String:
array (
  'rule' => -2,
  'module' => '',
  'message' => 
  array (
    'tousername' => 'gh_f9b894563ef4',
    'fromusername' => 'o5V8y1cDGZszrD4EeLq-d2mhahg8',
    'createtime' => '1574688767',
    'msgtype' => 'event',
    'event' => 'VIEW',
    'eventkey' => 'http://www.boyufengmao.com/app/index.php?i=6&c=entry&m=ewei_shopv2&do=mobile&r=diypage&id=35',
    'menuid' => '445219801',
    'from' => 'o5V8y1cDGZszrD4EeLq-d2mhahg8',
    'to' => 'gh_f9b894563ef4',
    'time' => '1574688767',
    'type' => 'text',
    'content' => 'http://www.boyufengmao.com/app/index.php?i=6&c=entry&m=ewei_shopv2&do=mobile&r=diypage&id=35',
    'redirection' => true,
    'source' => 'VIEW',
  ),
)

2019-11-25 21:32:47 response :
------------

2019-11-25 21:32:47 params :
------------
String:
array (
  'rule' => -2,
  'module' => '',
  'message' => 
  array (
    'tousername' => 'gh_f9b894563ef4',
    'fromusername' => 'o5V8y1cDGZszrD4EeLq-d2mhahg8',
    'createtime' => '1574688766',
    'msgtype' => 'event',
    'event' => 'VIEW',
    'eventkey' => 'http://www.boyufengmao.com/app/index.php?i=6&c=entry&m=ewei_shopv2&do=mobile&r=diypage&id=35',
    'menuid' => '445219801',
    'from' => 'o5V8y1cDGZszrD4EeLq-d2mhahg8',
    'to' => 'gh_f9b894563ef4',
    'time' => '1574688766',
    'type' => 'text',
    'content' => 'http://www.boyufengmao.com/app/index.php?i=6&c=entry&m=ewei_shopv2&do=mobile&r=diypage&id=35',
    'redirection' => true,
    'source' => 'VIEW',
  ),
)

2019-11-25 21:32:47 response :
------------

2019-11-25 21:39:25 trace :
------------
String:
<xml><ToUserName><![CDATA[gh_f9b894563ef4]]></ToUserName>
<FromUserName><![CDATA[o5V8y1Qgrxa5yNUcNTZomapDC7pA]]></FromUserName>
<CreateTime>1574689164</CreateTime>
<MsgType><![CDATA[event]]></MsgType>
<Event><![CDATA[subscribe]]></Event>
<EventKey><![CDATA[qrscene_business:5864a01773794135a05fba69901b7199]]></EventKey>
<Ticket><![CDATA[gQGj8DwAAAAAAAAAAS5odHRwOi8vd2VpeGluLnFxLmNvbS9xLzAyZ3RQMXQ5QnZjT2wxMDAwMHcwN2oAAgQPhH9cAwQAAAAA]]></Ticket>
</xml>

2019-11-25 21:39:25 params :
------------
String:
array (
  'rule' => -2,
  'module' => '',
  'message' => 
  array (
    'tousername' => 'gh_f9b894563ef4',
    'fromusername' => 'o5V8y1Qgrxa5yNUcNTZomapDC7pA',
    'createtime' => '1574689164',
    'msgtype' => 'event',
    'event' => 'subscribe',
    'eventkey' => 'qrscene_business:5864a01773794135a05fba69901b7199',
    'ticket' => 'gQGj8DwAAAAAAAAAAS5odHRwOi8vd2VpeGluLnFxLmNvbS9xLzAyZ3RQMXQ5QnZjT2wxMDAwMHcwN2oAAgQPhH9cAwQAAAAA',
    'from' => 'o5V8y1Qgrxa5yNUcNTZomapDC7pA',
    'to' => 'gh_f9b894563ef4',
    'time' => '1574689164',
    'type' => 'text',
    'scene' => 'business:5864a01773794135a05fba69901b7199',
    'redirection' => true,
    'source' => 'subscribe',
  ),
)

2019-11-25 21:39:25 response :
------------

2019-11-25 21:39:27 trace :
------------
String:
<xml><ToUserName><![CDATA[gh_f9b894563ef4]]></ToUserName>
<FromUserName><![CDATA[o5V8y1Qgrxa5yNUcNTZomapDC7pA]]></FromUserName>
<CreateTime>1574689167</CreateTime>
<MsgType><![CDATA[event]]></MsgType>
<Event><![CDATA[VIEW]]></Event>
<EventKey><![CDATA[http://www.boyufengmao.com/app/index.php?i=6&c=entry&m=ewei_shopv2&do=mobile&r=diypage&id=35]]></EventKey>
<MenuId>445219801</MenuId>
</xml>

2019-11-25 21:39:27 params :
------------
String:
array (
  'rule' => -2,
  'module' => '',
  'message' => 
  array (
    'tousername' => 'gh_f9b894563ef4',
    'fromusername' => 'o5V8y1Qgrxa5yNUcNTZomapDC7pA',
    'createtime' => '1574689167',
    'msgtype' => 'event',
    'event' => 'VIEW',
    'eventkey' => 'http://www.boyufengmao.com/app/index.php?i=6&c=entry&m=ewei_shopv2&do=mobile&r=diypage&id=35',
    'menuid' => '445219801',
    'from' => 'o5V8y1Qgrxa5yNUcNTZomapDC7pA',
    'to' => 'gh_f9b894563ef4',
    'time' => '1574689167',
    'type' => 'text',
    'content' => 'http://www.boyufengmao.com/app/index.php?i=6&c=entry&m=ewei_shopv2&do=mobile&r=diypage&id=35',
    'redirection' => true,
    'source' => 'VIEW',
  ),
)

2019-11-25 21:39:27 response :
------------

2019-11-25 21:39:29 trace :
------------
String:
<xml><ToUserName><![CDATA[gh_f9b894563ef4]]></ToUserName>
<FromUserName><![CDATA[o5V8y1Qgrxa5yNUcNTZomapDC7pA]]></FromUserName>
<CreateTime>1574689168</CreateTime>
<MsgType><![CDATA[event]]></MsgType>
<Event><![CDATA[VIEW]]></Event>
<EventKey><![CDATA[http://www.boyufengmao.com/app/index.php?i=6&c=entry&m=ewei_shopv2&do=mobile&r=diypage&id=35]]></EventKey>
<MenuId>445219801</MenuId>
</xml>

2019-11-25 21:39:29 params :
------------
String:
array (
  'rule' => -2,
  'module' => '',
  'message' => 
  array (
    'tousername' => 'gh_f9b894563ef4',
    'fromusername' => 'o5V8y1Qgrxa5yNUcNTZomapDC7pA',
    'createtime' => '1574689168',
    'msgtype' => 'event',
    'event' => 'VIEW',
    'eventkey' => 'http://www.boyufengmao.com/app/index.php?i=6&c=entry&m=ewei_shopv2&do=mobile&r=diypage&id=35',
    'menuid' => '445219801',
    'from' => 'o5V8y1Qgrxa5yNUcNTZomapDC7pA',
    'to' => 'gh_f9b894563ef4',
    'time' => '1574689168',
    'type' => 'text',
    'content' => 'http://www.boyufengmao.com/app/index.php?i=6&c=entry&m=ewei_shopv2&do=mobile&r=diypage&id=35',
    'redirection' => true,
    'source' => 'VIEW',
  ),
)

2019-11-25 21:39:29 response :
------------

2019-11-25 21:40:20 trace :
------------
String:
<xml><ToUserName><![CDATA[gh_f9b894563ef4]]></ToUserName>
<FromUserName><![CDATA[o5V8y1Qgrxa5yNUcNTZomapDC7pA]]></FromUserName>
<CreateTime>1574689220</CreateTime>
<MsgType><![CDATA[event]]></MsgType>
<Event><![CDATA[VIEW]]></Event>
<EventKey><![CDATA[http://www.boyufengmao.com/app/index.php?i=6&c=entry&m=ewei_shopv2&do=mobile&r=diypage&id=35]]></EventKey>
<MenuId>445219801</MenuId>
</xml>

2019-11-25 21:40:20 params :
------------
String:
array (
  'rule' => -2,
  'module' => '',
  'message' => 
  array (
    'tousername' => 'gh_f9b894563ef4',
    'fromusername' => 'o5V8y1Qgrxa5yNUcNTZomapDC7pA',
    'createtime' => '1574689220',
    'msgtype' => 'event',
    'event' => 'VIEW',
    'eventkey' => 'http://www.boyufengmao.com/app/index.php?i=6&c=entry&m=ewei_shopv2&do=mobile&r=diypage&id=35',
    'menuid' => '445219801',
    'from' => 'o5V8y1Qgrxa5yNUcNTZomapDC7pA',
    'to' => 'gh_f9b894563ef4',
    'time' => '1574689220',
    'type' => 'text',
    'content' => 'http://www.boyufengmao.com/app/index.php?i=6&c=entry&m=ewei_shopv2&do=mobile&r=diypage&id=35',
    'redirection' => true,
    'source' => 'VIEW',
  ),
)

2019-11-25 21:40:20 response :
------------

2019-11-25 21:57:11 trace :
------------
String:
<xml><ToUserName><![CDATA[gh_f9b894563ef4]]></ToUserName>
<FromUserName><![CDATA[o5V8y1T3gK5bXOQpY9pi9mCyMPgk]]></FromUserName>
<CreateTime>1574690230</CreateTime>
<MsgType><![CDATA[event]]></MsgType>
<Event><![CDATA[VIEW]]></Event>
<EventKey><![CDATA[http://www.boyufengmao.com/app/index.php?i=6&c=entry&m=ewei_shopv2&do=mobile&r=diypage&id=35]]></EventKey>
<MenuId>445219801</MenuId>
</xml>

2019-11-25 21:57:11 params :
------------
String:
array (
  'rule' => -2,
  'module' => '',
  'message' => 
  array (
    'tousername' => 'gh_f9b894563ef4',
    'fromusername' => 'o5V8y1T3gK5bXOQpY9pi9mCyMPgk',
    'createtime' => '1574690230',
    'msgtype' => 'event',
    'event' => 'VIEW',
    'eventkey' => 'http://www.boyufengmao.com/app/index.php?i=6&c=entry&m=ewei_shopv2&do=mobile&r=diypage&id=35',
    'menuid' => '445219801',
    'from' => 'o5V8y1T3gK5bXOQpY9pi9mCyMPgk',
    'to' => 'gh_f9b894563ef4',
    'time' => '1574690230',
    'type' => 'text',
    'content' => 'http://www.boyufengmao.com/app/index.php?i=6&c=entry&m=ewei_shopv2&do=mobile&r=diypage&id=35',
    'redirection' => true,
    'source' => 'VIEW',
  ),
)

2019-11-25 21:57:11 response :
------------

2019-11-25 21:57:17 trace :
------------
String:
<xml><ToUserName><![CDATA[gh_f9b894563ef4]]></ToUserName>
<FromUserName><![CDATA[o5V8y1T3gK5bXOQpY9pi9mCyMPgk]]></FromUserName>
<CreateTime>1574690236</CreateTime>
<MsgType><![CDATA[event]]></MsgType>
<Event><![CDATA[unsubscribe]]></Event>
<EventKey><![CDATA[]]></EventKey>
</xml>

2019-11-25 22:08:18 trace :
------------
String:
<xml><ToUserName><![CDATA[gh_f9b894563ef4]]></ToUserName>
<FromUserName><![CDATA[o5V8y1d6DEM_wf07RUYD-Bqzftow]]></FromUserName>
<CreateTime>1574690898</CreateTime>
<MsgType><![CDATA[event]]></MsgType>
<Event><![CDATA[SCAN]]></Event>
<EventKey><![CDATA[business:5864a01773794135a05fba69901b7199]]></EventKey>
<Ticket><![CDATA[gQGj8DwAAAAAAAAAAS5odHRwOi8vd2VpeGluLnFxLmNvbS9xLzAyZ3RQMXQ5QnZjT2wxMDAwMHcwN2oAAgQPhH9cAwQAAAAA]]></Ticket>
</xml>

2019-11-25 22:08:19 params :
------------
String:
array (
  'rule' => -2,
  'module' => '',
  'message' => 
  array (
    'tousername' => 'gh_f9b894563ef4',
    'fromusername' => 'o5V8y1d6DEM_wf07RUYD-Bqzftow',
    'createtime' => '1574690898',
    'msgtype' => 'event',
    'event' => 'SCAN',
    'eventkey' => 'business:5864a01773794135a05fba69901b7199',
    'ticket' => 'gQGj8DwAAAAAAAAAAS5odHRwOi8vd2VpeGluLnFxLmNvbS9xLzAyZ3RQMXQ5QnZjT2wxMDAwMHcwN2oAAgQPhH9cAwQAAAAA',
    'from' => 'o5V8y1d6DEM_wf07RUYD-Bqzftow',
    'to' => 'gh_f9b894563ef4',
    'time' => '1574690898',
    'type' => 'text',
    'scene' => 'business:5864a01773794135a05fba69901b7199',
    'redirection' => true,
    'source' => 'qr',
  ),
)

2019-11-25 22:08:19 response :
------------

2019-11-25 22:08:28 trace :
------------
String:
<xml><ToUserName><![CDATA[gh_f9b894563ef4]]></ToUserName>
<FromUserName><![CDATA[o5V8y1d6DEM_wf07RUYD-Bqzftow]]></FromUserName>
<CreateTime>1574690908</CreateTime>
<MsgType><![CDATA[event]]></MsgType>
<Event><![CDATA[VIEW]]></Event>
<EventKey><![CDATA[http://www.boyufengmao.com/app/index.php?i=6&c=entry&m=ewei_shopv2&do=mobile&r=diypage&id=35]]></EventKey>
<MenuId>445219801</MenuId>
</xml>

2019-11-25 22:08:28 params :
------------
String:
array (
  'rule' => -2,
  'module' => '',
  'message' => 
  array (
    'tousername' => 'gh_f9b894563ef4',
    'fromusername' => 'o5V8y1d6DEM_wf07RUYD-Bqzftow',
    'createtime' => '1574690908',
    'msgtype' => 'event',
    'event' => 'VIEW',
    'eventkey' => 'http://www.boyufengmao.com/app/index.php?i=6&c=entry&m=ewei_shopv2&do=mobile&r=diypage&id=35',
    'menuid' => '445219801',
    'from' => 'o5V8y1d6DEM_wf07RUYD-Bqzftow',
    'to' => 'gh_f9b894563ef4',
    'time' => '1574690908',
    'type' => 'text',
    'content' => 'http://www.boyufengmao.com/app/index.php?i=6&c=entry&m=ewei_shopv2&do=mobile&r=diypage&id=35',
    'redirection' => true,
    'source' => 'VIEW',
  ),
)

2019-11-25 22:08:28 response :
------------

2019-11-25 22:09:15 trace :
------------
String:
<xml><ToUserName><![CDATA[gh_f9b894563ef4]]></ToUserName>
<FromUserName><![CDATA[o5V8y1d6DEM_wf07RUYD-Bqzftow]]></FromUserName>
<CreateTime>1574690955</CreateTime>
<MsgType><![CDATA[event]]></MsgType>
<Event><![CDATA[VIEW]]></Event>
<EventKey><![CDATA[http://www.boyufengmao.com/app/index.php?i=6&c=entry&m=ewei_shopv2&do=mobile&r=diypage&id=35]]></EventKey>
<MenuId>445219801</MenuId>
</xml>

2019-11-25 22:09:15 params :
------------
String:
array (
  'rule' => -2,
  'module' => '',
  'message' => 
  array (
    'tousername' => 'gh_f9b894563ef4',
    'fromusername' => 'o5V8y1d6DEM_wf07RUYD-Bqzftow',
    'createtime' => '1574690955',
    'msgtype' => 'event',
    'event' => 'VIEW',
    'eventkey' => 'http://www.boyufengmao.com/app/index.php?i=6&c=entry&m=ewei_shopv2&do=mobile&r=diypage&id=35',
    'menuid' => '445219801',
    'from' => 'o5V8y1d6DEM_wf07RUYD-Bqzftow',
    'to' => 'gh_f9b894563ef4',
    'time' => '1574690955',
    'type' => 'text',
    'content' => 'http://www.boyufengmao.com/app/index.php?i=6&c=entry&m=ewei_shopv2&do=mobile&r=diypage&id=35',
    'redirection' => true,
    'source' => 'VIEW',
  ),
)

2019-11-25 22:09:15 response :
------------

2019-11-25 22:58:06 trace :
------------
String:
<xml><ToUserName><![CDATA[gh_f9b894563ef4]]></ToUserName>
<FromUserName><![CDATA[o5V8y1fqvpaJlJQjDzBkhoYRnXXg]]></FromUserName>
<CreateTime>1574693886</CreateTime>
<MsgType><![CDATA[event]]></MsgType>
<Event><![CDATA[subscribe]]></Event>
<EventKey><![CDATA[qrscene_business:5864a01773794135a05fba69901b7199]]></EventKey>
<Ticket><![CDATA[gQGj8DwAAAAAAAAAAS5odHRwOi8vd2VpeGluLnFxLmNvbS9xLzAyZ3RQMXQ5QnZjT2wxMDAwMHcwN2oAAgQPhH9cAwQAAAAA]]></Ticket>
</xml>

2019-11-25 22:58:06 params :
------------
String:
array (
  'rule' => -2,
  'module' => '',
  'message' => 
  array (
    'tousername' => 'gh_f9b894563ef4',
    'fromusername' => 'o5V8y1fqvpaJlJQjDzBkhoYRnXXg',
    'createtime' => '1574693886',
    'msgtype' => 'event',
    'event' => 'subscribe',
    'eventkey' => 'qrscene_business:5864a01773794135a05fba69901b7199',
    'ticket' => 'gQGj8DwAAAAAAAAAAS5odHRwOi8vd2VpeGluLnFxLmNvbS9xLzAyZ3RQMXQ5QnZjT2wxMDAwMHcwN2oAAgQPhH9cAwQAAAAA',
    'from' => 'o5V8y1fqvpaJlJQjDzBkhoYRnXXg',
    'to' => 'gh_f9b894563ef4',
    'time' => '1574693886',
    'type' => 'text',
    'scene' => 'business:5864a01773794135a05fba69901b7199',
    'redirection' => true,
    'source' => 'subscribe',
  ),
)

2019-11-25 22:58:06 response :
------------

