2019-07-04 01:23:04 trace :
------------
String:
<xml><ToUserName><![CDATA[gh_f9b894563ef4]]></ToUserName>
<FromUserName><![CDATA[o5V8y1cWgxKQZWMZMstqGM1R_8KI]]></FromUserName>
<CreateTime>1562174583</CreateTime>
<MsgType><![CDATA[event]]></MsgType>
<Event><![CDATA[VIEW]]></Event>
<EventKey><![CDATA[http://www.kezaihui.com/web/thanks_wechat_share?redirect_uri=customerv2/storehome/435daf94ab6748709e3bf57b82f0df69/minepanel&appid=wx2e2e1a31f5c00342]]></EventKey>
<MenuId>445210001</MenuId>
</xml>

2019-07-04 01:23:04 params :
------------
String:
array (
  'rule' => -2,
  'module' => '',
  'message' => 
  array (
    'tousername' => 'gh_f9b894563ef4',
    'fromusername' => 'o5V8y1cWgxKQZWMZMstqGM1R_8KI',
    'createtime' => '1562174583',
    'msgtype' => 'event',
    'event' => 'VIEW',
    'eventkey' => 'http://www.kezaihui.com/web/thanks_wechat_share?redirect_uri=customerv2/storehome/435daf94ab6748709e3bf57b82f0df69/minepanel&appid=wx2e2e1a31f5c00342',
    'menuid' => '445210001',
    'from' => 'o5V8y1cWgxKQZWMZMstqGM1R_8KI',
    'to' => 'gh_f9b894563ef4',
    'time' => '1562174583',
    'type' => 'text',
    'content' => 'http://www.kezaihui.com/web/thanks_wechat_share?redirect_uri=customerv2/storehome/435daf94ab6748709e3bf57b82f0df69/minepanel&appid=wx2e2e1a31f5c00342',
    'redirection' => true,
    'source' => 'VIEW',
  ),
)

2019-07-04 01:23:04 response :
------------

2019-07-04 01:24:12 trace :
------------
String:
<xml><ToUserName><![CDATA[gh_f9b894563ef4]]></ToUserName>
<FromUserName><![CDATA[o5V8y1cWgxKQZWMZMstqGM1R_8KI]]></FromUserName>
<CreateTime>1562174652</CreateTime>
<MsgType><![CDATA[event]]></MsgType>
<Event><![CDATA[VIEW]]></Event>
<EventKey><![CDATA[http://www.kezaihui.com/web/thanks_wechat_share?redirect_uri=customerv2/storehome/435daf94ab6748709e3bf57b82f0df69/minepanel&appid=wx2e2e1a31f5c00342]]></EventKey>
<MenuId>445210001</MenuId>
</xml>

2019-07-04 01:24:12 params :
------------
String:
array (
  'rule' => -2,
  'module' => '',
  'message' => 
  array (
    'tousername' => 'gh_f9b894563ef4',
    'fromusername' => 'o5V8y1cWgxKQZWMZMstqGM1R_8KI',
    'createtime' => '1562174652',
    'msgtype' => 'event',
    'event' => 'VIEW',
    'eventkey' => 'http://www.kezaihui.com/web/thanks_wechat_share?redirect_uri=customerv2/storehome/435daf94ab6748709e3bf57b82f0df69/minepanel&appid=wx2e2e1a31f5c00342',
    'menuid' => '445210001',
    'from' => 'o5V8y1cWgxKQZWMZMstqGM1R_8KI',
    'to' => 'gh_f9b894563ef4',
    'time' => '1562174652',
    'type' => 'text',
    'content' => 'http://www.kezaihui.com/web/thanks_wechat_share?redirect_uri=customerv2/storehome/435daf94ab6748709e3bf57b82f0df69/minepanel&appid=wx2e2e1a31f5c00342',
    'redirection' => true,
    'source' => 'VIEW',
  ),
)

2019-07-04 01:24:12 response :
------------

2019-07-04 01:25:35 trace :
------------
String:
<xml><ToUserName><![CDATA[gh_f9b894563ef4]]></ToUserName>
<FromUserName><![CDATA[o5V8y1cWgxKQZWMZMstqGM1R_8KI]]></FromUserName>
<CreateTime>1562174734</CreateTime>
<MsgType><![CDATA[event]]></MsgType>
<Event><![CDATA[VIEW]]></Event>
<EventKey><![CDATA[http://www.kezaihui.com/web/thanks_wechat_share?redirect_uri=customerv2/storehome/435daf94ab6748709e3bf57b82f0df69/minepanel&appid=wx2e2e1a31f5c00342]]></EventKey>
<MenuId>445210001</MenuId>
</xml>

2019-07-04 01:25:35 params :
------------
String:
array (
  'rule' => -2,
  'module' => '',
  'message' => 
  array (
    'tousername' => 'gh_f9b894563ef4',
    'fromusername' => 'o5V8y1cWgxKQZWMZMstqGM1R_8KI',
    'createtime' => '1562174734',
    'msgtype' => 'event',
    'event' => 'VIEW',
    'eventkey' => 'http://www.kezaihui.com/web/thanks_wechat_share?redirect_uri=customerv2/storehome/435daf94ab6748709e3bf57b82f0df69/minepanel&appid=wx2e2e1a31f5c00342',
    'menuid' => '445210001',
    'from' => 'o5V8y1cWgxKQZWMZMstqGM1R_8KI',
    'to' => 'gh_f9b894563ef4',
    'time' => '1562174734',
    'type' => 'text',
    'content' => 'http://www.kezaihui.com/web/thanks_wechat_share?redirect_uri=customerv2/storehome/435daf94ab6748709e3bf57b82f0df69/minepanel&appid=wx2e2e1a31f5c00342',
    'redirection' => true,
    'source' => 'VIEW',
  ),
)

2019-07-04 01:25:35 response :
------------

2019-07-04 06:17:25 trace :
------------
String:
<xml><ToUserName><![CDATA[gh_f9b894563ef4]]></ToUserName>
<FromUserName><![CDATA[o5V8y1fwmfQ1HgPiX6m1PuGQqxl4]]></FromUserName>
<CreateTime>1562192245</CreateTime>
<MsgType><![CDATA[event]]></MsgType>
<Event><![CDATA[unsubscribe]]></Event>
<EventKey><![CDATA[]]></EventKey>
</xml>

2019-07-04 08:21:11 trace :
------------
String:
<xml><ToUserName><![CDATA[gh_f9b894563ef4]]></ToUserName>
<FromUserName><![CDATA[o5V8y1ZfqnRVVGSDenb-Qxy9YMjk]]></FromUserName>
<CreateTime>1562199671</CreateTime>
<MsgType><![CDATA[event]]></MsgType>
<Event><![CDATA[unsubscribe]]></Event>
<EventKey><![CDATA[]]></EventKey>
</xml>

2019-07-04 10:44:39 trace :
------------
String:
<xml><ToUserName><![CDATA[gh_f9b894563ef4]]></ToUserName>
<FromUserName><![CDATA[o5V8y1buM-xxAyk4zPzmbYNV9M1g]]></FromUserName>
<CreateTime>1562208279</CreateTime>
<MsgType><![CDATA[event]]></MsgType>
<Event><![CDATA[VIEW]]></Event>
<EventKey><![CDATA[http://www.kezaihui.com/web/thanks_wechat_share?redirect_uri=customerv2/storehome/435daf94ab6748709e3bf57b82f0df69/minepanel&appid=wx2e2e1a31f5c00342]]></EventKey>
<MenuId>445210001</MenuId>
</xml>

2019-07-04 10:44:39 params :
------------
String:
array (
  'rule' => -2,
  'module' => '',
  'message' => 
  array (
    'tousername' => 'gh_f9b894563ef4',
    'fromusername' => 'o5V8y1buM-xxAyk4zPzmbYNV9M1g',
    'createtime' => '1562208279',
    'msgtype' => 'event',
    'event' => 'VIEW',
    'eventkey' => 'http://www.kezaihui.com/web/thanks_wechat_share?redirect_uri=customerv2/storehome/435daf94ab6748709e3bf57b82f0df69/minepanel&appid=wx2e2e1a31f5c00342',
    'menuid' => '445210001',
    'from' => 'o5V8y1buM-xxAyk4zPzmbYNV9M1g',
    'to' => 'gh_f9b894563ef4',
    'time' => '1562208279',
    'type' => 'text',
    'content' => 'http://www.kezaihui.com/web/thanks_wechat_share?redirect_uri=customerv2/storehome/435daf94ab6748709e3bf57b82f0df69/minepanel&appid=wx2e2e1a31f5c00342',
    'redirection' => true,
    'source' => 'VIEW',
  ),
)

2019-07-04 10:44:39 response :
------------

2019-07-04 11:09:29 trace :
------------
String:
<xml><ToUserName><![CDATA[gh_f9b894563ef4]]></ToUserName>
<FromUserName><![CDATA[o5V8y1aGFPnTMG47UpzyMfFG9Jr4]]></FromUserName>
<CreateTime>1562209769</CreateTime>
<MsgType><![CDATA[event]]></MsgType>
<Event><![CDATA[subscribe]]></Event>
<EventKey><![CDATA[qrscene_business:5864a01773794135a05fba69901b7199]]></EventKey>
<Ticket><![CDATA[gQGj8DwAAAAAAAAAAS5odHRwOi8vd2VpeGluLnFxLmNvbS9xLzAyZ3RQMXQ5QnZjT2wxMDAwMHcwN2oAAgQPhH9cAwQAAAAA]]></Ticket>
</xml>

2019-07-04 11:09:29 params :
------------
String:
array (
  'rule' => -2,
  'module' => '',
  'message' => 
  array (
    'tousername' => 'gh_f9b894563ef4',
    'fromusername' => 'o5V8y1aGFPnTMG47UpzyMfFG9Jr4',
    'createtime' => '1562209769',
    'msgtype' => 'event',
    'event' => 'subscribe',
    'eventkey' => 'qrscene_business:5864a01773794135a05fba69901b7199',
    'ticket' => 'gQGj8DwAAAAAAAAAAS5odHRwOi8vd2VpeGluLnFxLmNvbS9xLzAyZ3RQMXQ5QnZjT2wxMDAwMHcwN2oAAgQPhH9cAwQAAAAA',
    'from' => 'o5V8y1aGFPnTMG47UpzyMfFG9Jr4',
    'to' => 'gh_f9b894563ef4',
    'time' => '1562209769',
    'type' => 'text',
    'scene' => 'business:5864a01773794135a05fba69901b7199',
    'redirection' => true,
    'source' => 'subscribe',
  ),
)

2019-07-04 11:09:29 response :
------------

2019-07-04 11:09:43 trace :
------------
String:
<xml><ToUserName><![CDATA[gh_f9b894563ef4]]></ToUserName>
<FromUserName><![CDATA[o5V8y1aGFPnTMG47UpzyMfFG9Jr4]]></FromUserName>
<CreateTime>1562209782</CreateTime>
<MsgType><![CDATA[text]]></MsgType>
<Content><![CDATA[18628452168]]></Content>
<MsgId>22365466315272520</MsgId>
</xml>

2019-07-04 11:09:43 params :
------------
String:
array (
  'rule' => -2,
  'module' => '',
  'message' => 
  array (
    'tousername' => 'gh_f9b894563ef4',
    'fromusername' => 'o5V8y1aGFPnTMG47UpzyMfFG9Jr4',
    'createtime' => '1562209782',
    'msgtype' => 'text',
    'content' => '18628452168',
    'msgid' => '22365466315272520',
    'from' => 'o5V8y1aGFPnTMG47UpzyMfFG9Jr4',
    'to' => 'gh_f9b894563ef4',
    'time' => '1562209782',
    'type' => 'text',
    'event' => NULL,
    'redirection' => false,
    'source' => NULL,
  ),
)

2019-07-04 11:09:43 response :
------------

2019-07-04 11:47:54 trace :
------------
String:
<xml><ToUserName><![CDATA[gh_f9b894563ef4]]></ToUserName>
<FromUserName><![CDATA[o5V8y1SsC9oJGBtxneFrsgHJ_VCo]]></FromUserName>
<CreateTime>1562212073</CreateTime>
<MsgType><![CDATA[event]]></MsgType>
<Event><![CDATA[VIEW]]></Event>
<EventKey><![CDATA[http://www.boyufengmao.com/app/index.php?i=6&c=entry&m=ewei_shopv2&do=mobile&r=diypage&id=26]]></EventKey>
<MenuId>445210001</MenuId>
</xml>

2019-07-04 11:47:54 params :
------------
String:
array (
  'rule' => -2,
  'module' => '',
  'message' => 
  array (
    'tousername' => 'gh_f9b894563ef4',
    'fromusername' => 'o5V8y1SsC9oJGBtxneFrsgHJ_VCo',
    'createtime' => '1562212073',
    'msgtype' => 'event',
    'event' => 'VIEW',
    'eventkey' => 'http://www.boyufengmao.com/app/index.php?i=6&c=entry&m=ewei_shopv2&do=mobile&r=diypage&id=26',
    'menuid' => '445210001',
    'from' => 'o5V8y1SsC9oJGBtxneFrsgHJ_VCo',
    'to' => 'gh_f9b894563ef4',
    'time' => '1562212073',
    'type' => 'text',
    'content' => 'http://www.boyufengmao.com/app/index.php?i=6&c=entry&m=ewei_shopv2&do=mobile&r=diypage&id=26',
    'redirection' => true,
    'source' => 'VIEW',
  ),
)

2019-07-04 11:47:54 response :
------------

2019-07-04 11:50:33 trace :
------------
String:
<xml><ToUserName><![CDATA[gh_f9b894563ef4]]></ToUserName>
<FromUserName><![CDATA[o5V8y1f7tKLsDYUtKzUcvN9n3daE]]></FromUserName>
<CreateTime>1562212233</CreateTime>
<MsgType><![CDATA[event]]></MsgType>
<Event><![CDATA[subscribe]]></Event>
<EventKey><![CDATA[qrscene_business:5864a01773794135a05fba69901b7199]]></EventKey>
<Ticket><![CDATA[gQGj8DwAAAAAAAAAAS5odHRwOi8vd2VpeGluLnFxLmNvbS9xLzAyZ3RQMXQ5QnZjT2wxMDAwMHcwN2oAAgQPhH9cAwQAAAAA]]></Ticket>
</xml>

2019-07-04 11:50:33 params :
------------
String:
array (
  'rule' => -2,
  'module' => '',
  'message' => 
  array (
    'tousername' => 'gh_f9b894563ef4',
    'fromusername' => 'o5V8y1f7tKLsDYUtKzUcvN9n3daE',
    'createtime' => '1562212233',
    'msgtype' => 'event',
    'event' => 'subscribe',
    'eventkey' => 'qrscene_business:5864a01773794135a05fba69901b7199',
    'ticket' => 'gQGj8DwAAAAAAAAAAS5odHRwOi8vd2VpeGluLnFxLmNvbS9xLzAyZ3RQMXQ5QnZjT2wxMDAwMHcwN2oAAgQPhH9cAwQAAAAA',
    'from' => 'o5V8y1f7tKLsDYUtKzUcvN9n3daE',
    'to' => 'gh_f9b894563ef4',
    'time' => '1562212233',
    'type' => 'text',
    'scene' => 'business:5864a01773794135a05fba69901b7199',
    'redirection' => true,
    'source' => 'subscribe',
  ),
)

2019-07-04 11:50:33 response :
------------

2019-07-04 11:50:42 trace :
------------
String:
<xml><ToUserName><![CDATA[gh_f9b894563ef4]]></ToUserName>
<FromUserName><![CDATA[o5V8y1f7tKLsDYUtKzUcvN9n3daE]]></FromUserName>
<CreateTime>1562212242</CreateTime>
<MsgType><![CDATA[text]]></MsgType>
<Content><![CDATA[13096931605]]></Content>
<MsgId>22365505239116178</MsgId>
</xml>

2019-07-04 11:50:42 params :
------------
String:
array (
  'rule' => -2,
  'module' => '',
  'message' => 
  array (
    'tousername' => 'gh_f9b894563ef4',
    'fromusername' => 'o5V8y1f7tKLsDYUtKzUcvN9n3daE',
    'createtime' => '1562212242',
    'msgtype' => 'text',
    'content' => '13096931605',
    'msgid' => '22365505239116178',
    'from' => 'o5V8y1f7tKLsDYUtKzUcvN9n3daE',
    'to' => 'gh_f9b894563ef4',
    'time' => '1562212242',
    'type' => 'text',
    'event' => NULL,
    'redirection' => false,
    'source' => NULL,
  ),
)

2019-07-04 11:50:42 response :
------------

2019-07-04 11:57:59 trace :
------------
String:
<xml><ToUserName><![CDATA[gh_f9b894563ef4]]></ToUserName>
<FromUserName><![CDATA[o5V8y1aGFPnTMG47UpzyMfFG9Jr4]]></FromUserName>
<CreateTime>1562212679</CreateTime>
<MsgType><![CDATA[event]]></MsgType>
<Event><![CDATA[TEMPLATESENDJOBFINISH]]></Event>
<MsgID>882823961006964736</MsgID>
<Status><![CDATA[success]]></Status>
</xml>

2019-07-04 11:57:59 params :
------------
String:
array (
  'rule' => -2,
  'module' => '',
  'message' => 
  array (
    'tousername' => 'gh_f9b894563ef4',
    'fromusername' => 'o5V8y1aGFPnTMG47UpzyMfFG9Jr4',
    'createtime' => '1562212679',
    'msgtype' => 'event',
    'event' => 'TEMPLATESENDJOBFINISH',
    'msgid' => '882823961006964736',
    'status' => 'success',
    'from' => 'o5V8y1aGFPnTMG47UpzyMfFG9Jr4',
    'to' => 'gh_f9b894563ef4',
    'time' => '1562212679',
    'type' => 'event',
  ),
)

2019-07-04 11:57:59 response :
------------

2019-07-04 12:05:07 trace :
------------
String:
<xml><ToUserName><![CDATA[gh_f9b894563ef4]]></ToUserName>
<FromUserName><![CDATA[o5V8y1SGBviQuAhTjYzk99TQyRNk]]></FromUserName>
<CreateTime>1562213107</CreateTime>
<MsgType><![CDATA[event]]></MsgType>
<Event><![CDATA[VIEW]]></Event>
<EventKey><![CDATA[http://www.kezaihui.com/web/thanks_wechat_share?redirect_uri=customerv2/storehome/435daf94ab6748709e3bf57b82f0df69/minepanel&appid=wx2e2e1a31f5c00342]]></EventKey>
<MenuId>445210001</MenuId>
</xml>

2019-07-04 12:05:07 params :
------------
String:
array (
  'rule' => -2,
  'module' => '',
  'message' => 
  array (
    'tousername' => 'gh_f9b894563ef4',
    'fromusername' => 'o5V8y1SGBviQuAhTjYzk99TQyRNk',
    'createtime' => '1562213107',
    'msgtype' => 'event',
    'event' => 'VIEW',
    'eventkey' => 'http://www.kezaihui.com/web/thanks_wechat_share?redirect_uri=customerv2/storehome/435daf94ab6748709e3bf57b82f0df69/minepanel&appid=wx2e2e1a31f5c00342',
    'menuid' => '445210001',
    'from' => 'o5V8y1SGBviQuAhTjYzk99TQyRNk',
    'to' => 'gh_f9b894563ef4',
    'time' => '1562213107',
    'type' => 'text',
    'content' => 'http://www.kezaihui.com/web/thanks_wechat_share?redirect_uri=customerv2/storehome/435daf94ab6748709e3bf57b82f0df69/minepanel&appid=wx2e2e1a31f5c00342',
    'redirection' => true,
    'source' => 'VIEW',
  ),
)

2019-07-04 12:05:07 response :
------------

2019-07-04 12:48:07 trace :
------------
String:
<xml><ToUserName><![CDATA[gh_f9b894563ef4]]></ToUserName>
<FromUserName><![CDATA[o5V8y1f7tKLsDYUtKzUcvN9n3daE]]></FromUserName>
<CreateTime>1562215687</CreateTime>
<MsgType><![CDATA[event]]></MsgType>
<Event><![CDATA[TEMPLATESENDJOBFINISH]]></Event>
<MsgID>882874418383536128</MsgID>
<Status><![CDATA[success]]></Status>
</xml>

2019-07-04 12:48:07 params :
------------
String:
array (
  'rule' => -2,
  'module' => '',
  'message' => 
  array (
    'tousername' => 'gh_f9b894563ef4',
    'fromusername' => 'o5V8y1f7tKLsDYUtKzUcvN9n3daE',
    'createtime' => '1562215687',
    'msgtype' => 'event',
    'event' => 'TEMPLATESENDJOBFINISH',
    'msgid' => '882874418383536128',
    'status' => 'success',
    'from' => 'o5V8y1f7tKLsDYUtKzUcvN9n3daE',
    'to' => 'gh_f9b894563ef4',
    'time' => '1562215687',
    'type' => 'event',
  ),
)

2019-07-04 12:48:07 response :
------------

2019-07-04 13:30:41 trace :
------------
String:
<xml><ToUserName><![CDATA[gh_f9b894563ef4]]></ToUserName>
<FromUserName><![CDATA[o5V8y1eaJwA4w-3gBYngpL_ZVyCQ]]></FromUserName>
<CreateTime>1562218240</CreateTime>
<MsgType><![CDATA[event]]></MsgType>
<Event><![CDATA[TEMPLATESENDJOBFINISH]]></Event>
<MsgID>882917261823049729</MsgID>
<Status><![CDATA[success]]></Status>
</xml>

2019-07-04 13:30:41 params :
------------
String:
array (
  'rule' => -2,
  'module' => '',
  'message' => 
  array (
    'tousername' => 'gh_f9b894563ef4',
    'fromusername' => 'o5V8y1eaJwA4w-3gBYngpL_ZVyCQ',
    'createtime' => '1562218240',
    'msgtype' => 'event',
    'event' => 'TEMPLATESENDJOBFINISH',
    'msgid' => '882917261823049729',
    'status' => 'success',
    'from' => 'o5V8y1eaJwA4w-3gBYngpL_ZVyCQ',
    'to' => 'gh_f9b894563ef4',
    'time' => '1562218240',
    'type' => 'event',
  ),
)

2019-07-04 13:30:41 response :
------------

2019-07-04 13:30:41 trace :
------------
String:
<xml><ToUserName><![CDATA[gh_f9b894563ef4]]></ToUserName>
<FromUserName><![CDATA[o5V8y1f5okkKoPMb1FA8ohstXPKs]]></FromUserName>
<CreateTime>1562218240</CreateTime>
<MsgType><![CDATA[event]]></MsgType>
<Event><![CDATA[TEMPLATESENDJOBFINISH]]></Event>
<MsgID>882917263819587587</MsgID>
<Status><![CDATA[success]]></Status>
</xml>

2019-07-04 13:30:41 trace :
------------
String:
<xml><ToUserName><![CDATA[gh_f9b894563ef4]]></ToUserName>
<FromUserName><![CDATA[o5V8y1WsrBfLGc3zpaQosSxpmrms]]></FromUserName>
<CreateTime>1562218240</CreateTime>
<MsgType><![CDATA[event]]></MsgType>
<Event><![CDATA[TEMPLATESENDJOBFINISH]]></Event>
<MsgID>882917263584772098</MsgID>
<Status><![CDATA[success]]></Status>
</xml>

2019-07-04 13:30:41 params :
------------
String:
array (
  'rule' => -2,
  'module' => '',
  'message' => 
  array (
    'tousername' => 'gh_f9b894563ef4',
    'fromusername' => 'o5V8y1WsrBfLGc3zpaQosSxpmrms',
    'createtime' => '1562218240',
    'msgtype' => 'event',
    'event' => 'TEMPLATESENDJOBFINISH',
    'msgid' => '882917263584772098',
    'status' => 'success',
    'from' => 'o5V8y1WsrBfLGc3zpaQosSxpmrms',
    'to' => 'gh_f9b894563ef4',
    'time' => '1562218240',
    'type' => 'event',
  ),
)

2019-07-04 13:30:41 response :
------------

2019-07-04 13:30:41 params :
------------
String:
array (
  'rule' => -2,
  'module' => '',
  'message' => 
  array (
    'tousername' => 'gh_f9b894563ef4',
    'fromusername' => 'o5V8y1f5okkKoPMb1FA8ohstXPKs',
    'createtime' => '1562218240',
    'msgtype' => 'event',
    'event' => 'TEMPLATESENDJOBFINISH',
    'msgid' => '882917263819587587',
    'status' => 'success',
    'from' => 'o5V8y1f5okkKoPMb1FA8ohstXPKs',
    'to' => 'gh_f9b894563ef4',
    'time' => '1562218240',
    'type' => 'event',
  ),
)

2019-07-04 13:30:41 response :
------------

2019-07-04 13:30:41 trace :
------------
String:
<xml><ToUserName><![CDATA[gh_f9b894563ef4]]></ToUserName>
<FromUserName><![CDATA[o5V8y1UgHDOvykQWx83eHT7ryH0s]]></FromUserName>
<CreateTime>1562218241</CreateTime>
<MsgType><![CDATA[event]]></MsgType>
<Event><![CDATA[TEMPLATESENDJOBFINISH]]></Event>
<MsgID>882917264658432003</MsgID>
<Status><![CDATA[success]]></Status>
</xml>

2019-07-04 13:30:41 params :
------------
String:
array (
  'rule' => -2,
  'module' => '',
  'message' => 
  array (
    'tousername' => 'gh_f9b894563ef4',
    'fromusername' => 'o5V8y1UgHDOvykQWx83eHT7ryH0s',
    'createtime' => '1562218241',
    'msgtype' => 'event',
    'event' => 'TEMPLATESENDJOBFINISH',
    'msgid' => '882917264658432003',
    'status' => 'success',
    'from' => 'o5V8y1UgHDOvykQWx83eHT7ryH0s',
    'to' => 'gh_f9b894563ef4',
    'time' => '1562218241',
    'type' => 'event',
  ),
)

2019-07-04 13:30:41 response :
------------

2019-07-04 13:30:41 trace :
------------
String:
<xml><ToUserName><![CDATA[gh_f9b894563ef4]]></ToUserName>
<FromUserName><![CDATA[o5V8y1Wn4bFedfQutXmBFJ0eTk9A]]></FromUserName>
<CreateTime>1562218241</CreateTime>
<MsgType><![CDATA[event]]></MsgType>
<Event><![CDATA[TEMPLATESENDJOBFINISH]]></Event>
<MsgID>882917264943693824</MsgID>
<Status><![CDATA[success]]></Status>
</xml>

2019-07-04 13:30:41 params :
------------
String:
array (
  'rule' => -2,
  'module' => '',
  'message' => 
  array (
    'tousername' => 'gh_f9b894563ef4',
    'fromusername' => 'o5V8y1Wn4bFedfQutXmBFJ0eTk9A',
    'createtime' => '1562218241',
    'msgtype' => 'event',
    'event' => 'TEMPLATESENDJOBFINISH',
    'msgid' => '882917264943693824',
    'status' => 'success',
    'from' => 'o5V8y1Wn4bFedfQutXmBFJ0eTk9A',
    'to' => 'gh_f9b894563ef4',
    'time' => '1562218241',
    'type' => 'event',
  ),
)

2019-07-04 13:30:41 response :
------------

2019-07-04 13:30:41 trace :
------------
String:
<xml><ToUserName><![CDATA[gh_f9b894563ef4]]></ToUserName>
<FromUserName><![CDATA[o5V8y1V3_nQF0tY1j6HsW_CAJHlE]]></FromUserName>
<CreateTime>1562218241</CreateTime>
<MsgType><![CDATA[event]]></MsgType>
<Event><![CDATA[TEMPLATESENDJOBFINISH]]></Event>
<MsgID>882917265027514370</MsgID>
<Status><![CDATA[success]]></Status>
</xml>

2019-07-04 13:30:41 params :
------------
String:
array (
  'rule' => -2,
  'module' => '',
  'message' => 
  array (
    'tousername' => 'gh_f9b894563ef4',
    'fromusername' => 'o5V8y1V3_nQF0tY1j6HsW_CAJHlE',
    'createtime' => '1562218241',
    'msgtype' => 'event',
    'event' => 'TEMPLATESENDJOBFINISH',
    'msgid' => '882917265027514370',
    'status' => 'success',
    'from' => 'o5V8y1V3_nQF0tY1j6HsW_CAJHlE',
    'to' => 'gh_f9b894563ef4',
    'time' => '1562218241',
    'type' => 'event',
  ),
)

2019-07-04 13:30:41 response :
------------

2019-07-04 13:30:41 trace :
------------
String:
<xml><ToUserName><![CDATA[gh_f9b894563ef4]]></ToUserName>
<FromUserName><![CDATA[o5V8y1XMjhUCLXr9CuSHezeQg0lA]]></FromUserName>
<CreateTime>1562218241</CreateTime>
<MsgType><![CDATA[event]]></MsgType>
<Event><![CDATA[TEMPLATESENDJOBFINISH]]></Event>
<MsgID>882917265329618944</MsgID>
<Status><![CDATA[success]]></Status>
</xml>

2019-07-04 13:30:41 params :
------------
String:
array (
  'rule' => -2,
  'module' => '',
  'message' => 
  array (
    'tousername' => 'gh_f9b894563ef4',
    'fromusername' => 'o5V8y1XMjhUCLXr9CuSHezeQg0lA',
    'createtime' => '1562218241',
    'msgtype' => 'event',
    'event' => 'TEMPLATESENDJOBFINISH',
    'msgid' => '882917265329618944',
    'status' => 'success',
    'from' => 'o5V8y1XMjhUCLXr9CuSHezeQg0lA',
    'to' => 'gh_f9b894563ef4',
    'time' => '1562218241',
    'type' => 'event',
  ),
)

2019-07-04 13:30:41 response :
------------

2019-07-04 15:33:52 trace :
------------
String:
<xml><ToUserName><![CDATA[gh_f9b894563ef4]]></ToUserName>
<FromUserName><![CDATA[o5V8y1b5RpZ4IwuZvYuZHMe75ufw]]></FromUserName>
<CreateTime>1562225632</CreateTime>
<MsgType><![CDATA[event]]></MsgType>
<Event><![CDATA[TEMPLATESENDJOBFINISH]]></Event>
<MsgID>883041273064587265</MsgID>
<Status><![CDATA[success]]></Status>
</xml>

2019-07-04 15:33:52 params :
------------
String:
array (
  'rule' => -2,
  'module' => '',
  'message' => 
  array (
    'tousername' => 'gh_f9b894563ef4',
    'fromusername' => 'o5V8y1b5RpZ4IwuZvYuZHMe75ufw',
    'createtime' => '1562225632',
    'msgtype' => 'event',
    'event' => 'TEMPLATESENDJOBFINISH',
    'msgid' => '883041273064587265',
    'status' => 'success',
    'from' => 'o5V8y1b5RpZ4IwuZvYuZHMe75ufw',
    'to' => 'gh_f9b894563ef4',
    'time' => '1562225632',
    'type' => 'event',
  ),
)

2019-07-04 15:33:52 response :
------------

2019-07-04 15:50:35 trace :
------------
String:
<xml><ToUserName><![CDATA[gh_f9b894563ef4]]></ToUserName>
<FromUserName><![CDATA[o5V8y1buOdUZopUzZkwUWTjnBjkg]]></FromUserName>
<CreateTime>1562226635</CreateTime>
<MsgType><![CDATA[event]]></MsgType>
<Event><![CDATA[subscribe]]></Event>
<EventKey><![CDATA[]]></EventKey>
</xml>

2019-07-04 15:50:35 params :
------------
String:
array (
  'rule' => -2,
  'module' => '',
  'message' => 
  array (
    'tousername' => 'gh_f9b894563ef4',
    'fromusername' => 'o5V8y1buOdUZopUzZkwUWTjnBjkg',
    'createtime' => '1562226635',
    'msgtype' => 'event',
    'event' => 'subscribe',
    'eventkey' => '',
    'from' => 'o5V8y1buOdUZopUzZkwUWTjnBjkg',
    'to' => 'gh_f9b894563ef4',
    'time' => '1562226635',
    'type' => 'text',
    'redirection' => true,
    'source' => 'subscribe',
  ),
)

2019-07-04 15:50:35 response :
------------

2019-07-04 15:50:37 trace :
------------
String:
<xml><ToUserName><![CDATA[gh_c804ae748f89]]></ToUserName>
<FromUserName><![CDATA[o3lrB5yfPSGT7FABoNACu-DZdRMs]]></FromUserName>
<CreateTime>1562226636</CreateTime>
<MsgType><![CDATA[event]]></MsgType>
<Event><![CDATA[VIEW]]></Event>
<EventKey><![CDATA[http://www.boyufengmao.com/app/index.php?i=2&c=entry&m=ewei_shopv2&do=mobile&r=diypage&id=29]]></EventKey>
<MenuId>444088613</MenuId>
</xml>

2019-07-04 15:50:37 params :
------------
String:
array (
  'rule' => -2,
  'module' => '',
  'message' => 
  array (
    'tousername' => 'gh_c804ae748f89',
    'fromusername' => 'o3lrB5yfPSGT7FABoNACu-DZdRMs',
    'createtime' => '1562226636',
    'msgtype' => 'event',
    'event' => 'VIEW',
    'eventkey' => 'http://www.boyufengmao.com/app/index.php?i=2&c=entry&m=ewei_shopv2&do=mobile&r=diypage&id=29',
    'menuid' => '444088613',
    'from' => 'o3lrB5yfPSGT7FABoNACu-DZdRMs',
    'to' => 'gh_c804ae748f89',
    'time' => '1562226636',
    'type' => 'text',
    'content' => 'http://www.boyufengmao.com/app/index.php?i=2&c=entry&m=ewei_shopv2&do=mobile&r=diypage&id=29',
    'redirection' => true,
    'source' => 'VIEW',
  ),
)

2019-07-04 15:50:37 response :
------------

2019-07-04 15:50:42 trace :
------------
String:
<xml><ToUserName><![CDATA[gh_f9b894563ef4]]></ToUserName>
<FromUserName><![CDATA[o5V8y1buOdUZopUzZkwUWTjnBjkg]]></FromUserName>
<CreateTime>1562226642</CreateTime>
<MsgType><![CDATA[event]]></MsgType>
<Event><![CDATA[VIEW]]></Event>
<EventKey><![CDATA[http://www.boyufengmao.com/app/index.php?i=6&c=entry&m=ewei_shopv2&do=mobile&r=diypage&id=25]]></EventKey>
<MenuId>445210001</MenuId>
</xml>

2019-07-04 15:50:42 params :
------------
String:
array (
  'rule' => -2,
  'module' => '',
  'message' => 
  array (
    'tousername' => 'gh_f9b894563ef4',
    'fromusername' => 'o5V8y1buOdUZopUzZkwUWTjnBjkg',
    'createtime' => '1562226642',
    'msgtype' => 'event',
    'event' => 'VIEW',
    'eventkey' => 'http://www.boyufengmao.com/app/index.php?i=6&c=entry&m=ewei_shopv2&do=mobile&r=diypage&id=25',
    'menuid' => '445210001',
    'from' => 'o5V8y1buOdUZopUzZkwUWTjnBjkg',
    'to' => 'gh_f9b894563ef4',
    'time' => '1562226642',
    'type' => 'text',
    'content' => 'http://www.boyufengmao.com/app/index.php?i=6&c=entry&m=ewei_shopv2&do=mobile&r=diypage&id=25',
    'redirection' => true,
    'source' => 'VIEW',
  ),
)

2019-07-04 15:50:42 response :
------------

2019-07-04 15:51:21 trace :
------------
String:
<xml><ToUserName><![CDATA[gh_f9b894563ef4]]></ToUserName>
<FromUserName><![CDATA[o5V8y1buOdUZopUzZkwUWTjnBjkg]]></FromUserName>
<CreateTime>1562226681</CreateTime>
<MsgType><![CDATA[event]]></MsgType>
<Event><![CDATA[VIEW]]></Event>
<EventKey><![CDATA[http://www.kezaihui.com/web/thanks_wechat_share?redirect_uri=customerv2/storehome/435daf94ab6748709e3bf57b82f0df69/minepanel&appid=wx2e2e1a31f5c00342]]></EventKey>
<MenuId>445210001</MenuId>
</xml>

2019-07-04 15:51:21 params :
------------
String:
array (
  'rule' => -2,
  'module' => '',
  'message' => 
  array (
    'tousername' => 'gh_f9b894563ef4',
    'fromusername' => 'o5V8y1buOdUZopUzZkwUWTjnBjkg',
    'createtime' => '1562226681',
    'msgtype' => 'event',
    'event' => 'VIEW',
    'eventkey' => 'http://www.kezaihui.com/web/thanks_wechat_share?redirect_uri=customerv2/storehome/435daf94ab6748709e3bf57b82f0df69/minepanel&appid=wx2e2e1a31f5c00342',
    'menuid' => '445210001',
    'from' => 'o5V8y1buOdUZopUzZkwUWTjnBjkg',
    'to' => 'gh_f9b894563ef4',
    'time' => '1562226681',
    'type' => 'text',
    'content' => 'http://www.kezaihui.com/web/thanks_wechat_share?redirect_uri=customerv2/storehome/435daf94ab6748709e3bf57b82f0df69/minepanel&appid=wx2e2e1a31f5c00342',
    'redirection' => true,
    'source' => 'VIEW',
  ),
)

2019-07-04 15:51:21 response :
------------

2019-07-04 15:51:36 trace :
------------
String:
<xml><ToUserName><![CDATA[gh_f9b894563ef4]]></ToUserName>
<FromUserName><![CDATA[o5V8y1buOdUZopUzZkwUWTjnBjkg]]></FromUserName>
<CreateTime>1562226696</CreateTime>
<MsgType><![CDATA[event]]></MsgType>
<Event><![CDATA[view_miniprogram]]></Event>
<EventKey><![CDATA[pages/Index/Index]]></EventKey>
<MenuId>445210001</MenuId>
</xml>

2019-07-04 15:51:36 params :
------------
String:
array (
  'rule' => -2,
  'module' => '',
  'message' => 
  array (
    'tousername' => 'gh_f9b894563ef4',
    'fromusername' => 'o5V8y1buOdUZopUzZkwUWTjnBjkg',
    'createtime' => '1562226696',
    'msgtype' => 'event',
    'event' => 'view_miniprogram',
    'eventkey' => 'pages/Index/Index',
    'menuid' => '445210001',
    'from' => 'o5V8y1buOdUZopUzZkwUWTjnBjkg',
    'to' => 'gh_f9b894563ef4',
    'time' => '1562226696',
    'type' => 'text',
    'content' => 'pages/Index/Index',
    'redirection' => true,
    'source' => 'view_miniprogram',
  ),
)

2019-07-04 15:51:36 response :
------------

2019-07-04 16:01:22 trace :
------------
String:
<xml><ToUserName><![CDATA[gh_f9b894563ef4]]></ToUserName>
<FromUserName><![CDATA[o5V8y1QePZwNaoDcFOlm6wTAlNgI]]></FromUserName>
<CreateTime>1562227282</CreateTime>
<MsgType><![CDATA[event]]></MsgType>
<Event><![CDATA[VIEW]]></Event>
<EventKey><![CDATA[http://www.kezaihui.com/web/thanks_wechat_share?redirect_uri=customerv2/storehome/435daf94ab6748709e3bf57b82f0df69/minepanel&appid=wx2e2e1a31f5c00342]]></EventKey>
<MenuId>445210001</MenuId>
</xml>

2019-07-04 16:01:22 params :
------------
String:
array (
  'rule' => -2,
  'module' => '',
  'message' => 
  array (
    'tousername' => 'gh_f9b894563ef4',
    'fromusername' => 'o5V8y1QePZwNaoDcFOlm6wTAlNgI',
    'createtime' => '1562227282',
    'msgtype' => 'event',
    'event' => 'VIEW',
    'eventkey' => 'http://www.kezaihui.com/web/thanks_wechat_share?redirect_uri=customerv2/storehome/435daf94ab6748709e3bf57b82f0df69/minepanel&appid=wx2e2e1a31f5c00342',
    'menuid' => '445210001',
    'from' => 'o5V8y1QePZwNaoDcFOlm6wTAlNgI',
    'to' => 'gh_f9b894563ef4',
    'time' => '1562227282',
    'type' => 'text',
    'content' => 'http://www.kezaihui.com/web/thanks_wechat_share?redirect_uri=customerv2/storehome/435daf94ab6748709e3bf57b82f0df69/minepanel&appid=wx2e2e1a31f5c00342',
    'redirection' => true,
    'source' => 'VIEW',
  ),
)

2019-07-04 16:01:22 response :
------------

2019-07-04 16:40:39 trace :
------------
String:
<xml><ToUserName><![CDATA[gh_f9b894563ef4]]></ToUserName>
<FromUserName><![CDATA[o5V8y1QTPtIdui9rZqRAUxIWXsgI]]></FromUserName>
<CreateTime>1562229639</CreateTime>
<MsgType><![CDATA[event]]></MsgType>
<Event><![CDATA[VIEW]]></Event>
<EventKey><![CDATA[http://www.kezaihui.com/web/thanks_wechat_share?redirect_uri=customerv2/storehome/435daf94ab6748709e3bf57b82f0df69/minepanel&appid=wx2e2e1a31f5c00342]]></EventKey>
<MenuId>445210001</MenuId>
</xml>

2019-07-04 16:40:39 params :
------------
String:
array (
  'rule' => -2,
  'module' => '',
  'message' => 
  array (
    'tousername' => 'gh_f9b894563ef4',
    'fromusername' => 'o5V8y1QTPtIdui9rZqRAUxIWXsgI',
    'createtime' => '1562229639',
    'msgtype' => 'event',
    'event' => 'VIEW',
    'eventkey' => 'http://www.kezaihui.com/web/thanks_wechat_share?redirect_uri=customerv2/storehome/435daf94ab6748709e3bf57b82f0df69/minepanel&appid=wx2e2e1a31f5c00342',
    'menuid' => '445210001',
    'from' => 'o5V8y1QTPtIdui9rZqRAUxIWXsgI',
    'to' => 'gh_f9b894563ef4',
    'time' => '1562229639',
    'type' => 'text',
    'content' => 'http://www.kezaihui.com/web/thanks_wechat_share?redirect_uri=customerv2/storehome/435daf94ab6748709e3bf57b82f0df69/minepanel&appid=wx2e2e1a31f5c00342',
    'redirection' => true,
    'source' => 'VIEW',
  ),
)

2019-07-04 16:40:39 response :
------------

2019-07-04 16:55:52 trace :
------------
String:
<xml><ToUserName><![CDATA[gh_f9b894563ef4]]></ToUserName>
<FromUserName><![CDATA[o5V8y1RTn6m3hGaBOkE2QbTcs-60]]></FromUserName>
<CreateTime>1562230552</CreateTime>
<MsgType><![CDATA[event]]></MsgType>
<Event><![CDATA[VIEW]]></Event>
<EventKey><![CDATA[http://www.boyufengmao.com/app/index.php?i=6&c=entry&m=ewei_shopv2&do=mobile&r=diypage&id=25]]></EventKey>
<MenuId>445210001</MenuId>
</xml>

2019-07-04 16:55:52 params :
------------
String:
array (
  'rule' => -2,
  'module' => '',
  'message' => 
  array (
    'tousername' => 'gh_f9b894563ef4',
    'fromusername' => 'o5V8y1RTn6m3hGaBOkE2QbTcs-60',
    'createtime' => '1562230552',
    'msgtype' => 'event',
    'event' => 'VIEW',
    'eventkey' => 'http://www.boyufengmao.com/app/index.php?i=6&c=entry&m=ewei_shopv2&do=mobile&r=diypage&id=25',
    'menuid' => '445210001',
    'from' => 'o5V8y1RTn6m3hGaBOkE2QbTcs-60',
    'to' => 'gh_f9b894563ef4',
    'time' => '1562230552',
    'type' => 'text',
    'content' => 'http://www.boyufengmao.com/app/index.php?i=6&c=entry&m=ewei_shopv2&do=mobile&r=diypage&id=25',
    'redirection' => true,
    'source' => 'VIEW',
  ),
)

2019-07-04 16:55:52 response :
------------

2019-07-04 16:56:18 trace :
------------
String:
<xml><ToUserName><![CDATA[gh_f9b894563ef4]]></ToUserName>
<FromUserName><![CDATA[o5V8y1RTn6m3hGaBOkE2QbTcs-60]]></FromUserName>
<CreateTime>1562230578</CreateTime>
<MsgType><![CDATA[event]]></MsgType>
<Event><![CDATA[VIEW]]></Event>
<EventKey><![CDATA[http://www.boyufengmao.com/app/index.php?i=6&c=entry&m=ewei_shopv2&do=mobile&r=diypage&id=26]]></EventKey>
<MenuId>445210001</MenuId>
</xml>

2019-07-04 16:56:18 params :
------------
String:
array (
  'rule' => -2,
  'module' => '',
  'message' => 
  array (
    'tousername' => 'gh_f9b894563ef4',
    'fromusername' => 'o5V8y1RTn6m3hGaBOkE2QbTcs-60',
    'createtime' => '1562230578',
    'msgtype' => 'event',
    'event' => 'VIEW',
    'eventkey' => 'http://www.boyufengmao.com/app/index.php?i=6&c=entry&m=ewei_shopv2&do=mobile&r=diypage&id=26',
    'menuid' => '445210001',
    'from' => 'o5V8y1RTn6m3hGaBOkE2QbTcs-60',
    'to' => 'gh_f9b894563ef4',
    'time' => '1562230578',
    'type' => 'text',
    'content' => 'http://www.boyufengmao.com/app/index.php?i=6&c=entry&m=ewei_shopv2&do=mobile&r=diypage&id=26',
    'redirection' => true,
    'source' => 'VIEW',
  ),
)

2019-07-04 16:56:18 response :
------------

2019-07-04 17:33:42 trace :
------------
String:
<xml><ToUserName><![CDATA[gh_f9b894563ef4]]></ToUserName>
<FromUserName><![CDATA[o5V8y1UYzOchp51EOntsrsyrUxQc]]></FromUserName>
<CreateTime>1562232822</CreateTime>
<MsgType><![CDATA[event]]></MsgType>
<Event><![CDATA[VIEW]]></Event>
<EventKey><![CDATA[http://www.boyufengmao.com/app/index.php?i=6&c=entry&m=ewei_shopv2&do=mobile&r=diypage&id=26]]></EventKey>
<MenuId>445210001</MenuId>
</xml>

2019-07-04 17:33:42 params :
------------
String:
array (
  'rule' => -2,
  'module' => '',
  'message' => 
  array (
    'tousername' => 'gh_f9b894563ef4',
    'fromusername' => 'o5V8y1UYzOchp51EOntsrsyrUxQc',
    'createtime' => '1562232822',
    'msgtype' => 'event',
    'event' => 'VIEW',
    'eventkey' => 'http://www.boyufengmao.com/app/index.php?i=6&c=entry&m=ewei_shopv2&do=mobile&r=diypage&id=26',
    'menuid' => '445210001',
    'from' => 'o5V8y1UYzOchp51EOntsrsyrUxQc',
    'to' => 'gh_f9b894563ef4',
    'time' => '1562232822',
    'type' => 'text',
    'content' => 'http://www.boyufengmao.com/app/index.php?i=6&c=entry&m=ewei_shopv2&do=mobile&r=diypage&id=26',
    'redirection' => true,
    'source' => 'VIEW',
  ),
)

2019-07-04 17:33:42 response :
------------

2019-07-04 18:05:46 trace :
------------
String:
<xml><ToUserName><![CDATA[gh_f9b894563ef4]]></ToUserName>
<FromUserName><![CDATA[o5V8y1ZWw2BaBpVogT_RnbRoeats]]></FromUserName>
<CreateTime>1562234746</CreateTime>
<MsgType><![CDATA[event]]></MsgType>
<Event><![CDATA[VIEW]]></Event>
<EventKey><![CDATA[http://www.kezaihui.com/web/thanks_wechat_share?redirect_uri=customerv2/storehome/435daf94ab6748709e3bf57b82f0df69/minepanel&appid=wx2e2e1a31f5c00342]]></EventKey>
<MenuId>445210001</MenuId>
</xml>

2019-07-04 18:05:46 params :
------------
String:
array (
  'rule' => -2,
  'module' => '',
  'message' => 
  array (
    'tousername' => 'gh_f9b894563ef4',
    'fromusername' => 'o5V8y1ZWw2BaBpVogT_RnbRoeats',
    'createtime' => '1562234746',
    'msgtype' => 'event',
    'event' => 'VIEW',
    'eventkey' => 'http://www.kezaihui.com/web/thanks_wechat_share?redirect_uri=customerv2/storehome/435daf94ab6748709e3bf57b82f0df69/minepanel&appid=wx2e2e1a31f5c00342',
    'menuid' => '445210001',
    'from' => 'o5V8y1ZWw2BaBpVogT_RnbRoeats',
    'to' => 'gh_f9b894563ef4',
    'time' => '1562234746',
    'type' => 'text',
    'content' => 'http://www.kezaihui.com/web/thanks_wechat_share?redirect_uri=customerv2/storehome/435daf94ab6748709e3bf57b82f0df69/minepanel&appid=wx2e2e1a31f5c00342',
    'redirection' => true,
    'source' => 'VIEW',
  ),
)

2019-07-04 18:05:46 response :
------------

2019-07-04 18:07:50 SQL Error :
------------
String:
SQL: <br/>SELECT * FROM `ims_mc_card` WHERE `uniacid` =  :__uniacid LIMIT 1<hr/>Params: <br/>array (
  ':__uniacid' => 7,
)<hr/>SQL Error: <br/>Table 'sql39_97_186_42.ims_mc_card' doesn't exist<hr/>Traces: <br/>file: /framework/class/db.class.php; line: 162; <br />file: /framework/class/db.class.php; line: 220; <br />file: /framework/function/pdo.func.php; line: 49; <br />file: /app/source/mc/home.ctrl.php; line: 11; <br />file: /app/index.php; line: 115; <br />

2019-07-04 18:09:23 trace :
------------
String:
<xml><ToUserName><![CDATA[gh_f9b894563ef4]]></ToUserName>
<FromUserName><![CDATA[o5V8y1URurcqo_uYKyC6apnLbH9E]]></FromUserName>
<CreateTime>1562234962</CreateTime>
<MsgType><![CDATA[event]]></MsgType>
<Event><![CDATA[TEMPLATESENDJOBFINISH]]></Event>
<MsgID>883197811385352194</MsgID>
<Status><![CDATA[success]]></Status>
</xml>

2019-07-04 18:09:23 params :
------------
String:
array (
  'rule' => -2,
  'module' => '',
  'message' => 
  array (
    'tousername' => 'gh_f9b894563ef4',
    'fromusername' => 'o5V8y1URurcqo_uYKyC6apnLbH9E',
    'createtime' => '1562234962',
    'msgtype' => 'event',
    'event' => 'TEMPLATESENDJOBFINISH',
    'msgid' => '883197811385352194',
    'status' => 'success',
    'from' => 'o5V8y1URurcqo_uYKyC6apnLbH9E',
    'to' => 'gh_f9b894563ef4',
    'time' => '1562234962',
    'type' => 'event',
  ),
)

2019-07-04 18:09:23 response :
------------

2019-07-04 18:15:25 trace :
------------
String:
<xml><ToUserName><![CDATA[gh_f9b894563ef4]]></ToUserName>
<FromUserName><![CDATA[o5V8y1UYzOchp51EOntsrsyrUxQc]]></FromUserName>
<CreateTime>1562235325</CreateTime>
<MsgType><![CDATA[event]]></MsgType>
<Event><![CDATA[view_miniprogram]]></Event>
<EventKey><![CDATA[pages/Index/Index]]></EventKey>
<MenuId>445210001</MenuId>
</xml>

2019-07-04 18:15:25 params :
------------
String:
array (
  'rule' => -2,
  'module' => '',
  'message' => 
  array (
    'tousername' => 'gh_f9b894563ef4',
    'fromusername' => 'o5V8y1UYzOchp51EOntsrsyrUxQc',
    'createtime' => '1562235325',
    'msgtype' => 'event',
    'event' => 'view_miniprogram',
    'eventkey' => 'pages/Index/Index',
    'menuid' => '445210001',
    'from' => 'o5V8y1UYzOchp51EOntsrsyrUxQc',
    'to' => 'gh_f9b894563ef4',
    'time' => '1562235325',
    'type' => 'text',
    'content' => 'pages/Index/Index',
    'redirection' => true,
    'source' => 'view_miniprogram',
  ),
)

2019-07-04 18:15:25 response :
------------

2019-07-04 18:38:09 SQL Error :
------------
String:
SQL: <br/>SELECT * FROM `ims_mc_card` WHERE `uniacid` =  :__uniacid LIMIT 1<hr/>Params: <br/>array (
  ':__uniacid' => 7,
)<hr/>SQL Error: <br/>Table 'sql39_97_186_42.ims_mc_card' doesn't exist<hr/>Traces: <br/>file: /framework/class/db.class.php; line: 162; <br />file: /framework/class/db.class.php; line: 220; <br />file: /framework/function/pdo.func.php; line: 49; <br />file: /app/source/mc/home.ctrl.php; line: 11; <br />file: /app/index.php; line: 115; <br />

2019-07-04 18:41:43 trace :
------------
String:
<xml><ToUserName><![CDATA[gh_f9b894563ef4]]></ToUserName>
<FromUserName><![CDATA[o5V8y1TE6NxFktezSU-R5AAUdf38]]></FromUserName>
<CreateTime>1562236903</CreateTime>
<MsgType><![CDATA[event]]></MsgType>
<Event><![CDATA[VIEW]]></Event>
<EventKey><![CDATA[http://www.boyufengmao.com/app/index.php?i=6&c=entry&m=ewei_shopv2&do=mobile&r=diypage&id=26]]></EventKey>
<MenuId>445210001</MenuId>
</xml>

2019-07-04 18:41:43 params :
------------
String:
array (
  'rule' => -2,
  'module' => '',
  'message' => 
  array (
    'tousername' => 'gh_f9b894563ef4',
    'fromusername' => 'o5V8y1TE6NxFktezSU-R5AAUdf38',
    'createtime' => '1562236903',
    'msgtype' => 'event',
    'event' => 'VIEW',
    'eventkey' => 'http://www.boyufengmao.com/app/index.php?i=6&c=entry&m=ewei_shopv2&do=mobile&r=diypage&id=26',
    'menuid' => '445210001',
    'from' => 'o5V8y1TE6NxFktezSU-R5AAUdf38',
    'to' => 'gh_f9b894563ef4',
    'time' => '1562236903',
    'type' => 'text',
    'content' => 'http://www.boyufengmao.com/app/index.php?i=6&c=entry&m=ewei_shopv2&do=mobile&r=diypage&id=26',
    'redirection' => true,
    'source' => 'VIEW',
  ),
)

2019-07-04 18:41:43 response :
------------

2019-07-04 18:51:50 trace :
------------
String:
<xml><ToUserName><![CDATA[gh_f9b894563ef4]]></ToUserName>
<FromUserName><![CDATA[o5V8y1ZWw2BaBpVogT_RnbRoeats]]></FromUserName>
<CreateTime>1562237510</CreateTime>
<MsgType><![CDATA[event]]></MsgType>
<Event><![CDATA[TEMPLATESENDJOBFINISH]]></Event>
<MsgID>883240556577570816</MsgID>
<Status><![CDATA[success]]></Status>
</xml>

2019-07-04 18:51:50 params :
------------
String:
array (
  'rule' => -2,
  'module' => '',
  'message' => 
  array (
    'tousername' => 'gh_f9b894563ef4',
    'fromusername' => 'o5V8y1ZWw2BaBpVogT_RnbRoeats',
    'createtime' => '1562237510',
    'msgtype' => 'event',
    'event' => 'TEMPLATESENDJOBFINISH',
    'msgid' => '883240556577570816',
    'status' => 'success',
    'from' => 'o5V8y1ZWw2BaBpVogT_RnbRoeats',
    'to' => 'gh_f9b894563ef4',
    'time' => '1562237510',
    'type' => 'event',
  ),
)

2019-07-04 18:51:50 response :
------------

2019-07-04 19:00:23 trace :
------------
String:
<xml><ToUserName><![CDATA[gh_f9b894563ef4]]></ToUserName>
<FromUserName><![CDATA[o5V8y1ZKru0hLf2li-M0TGCJsVvY]]></FromUserName>
<CreateTime>1562238023</CreateTime>
<MsgType><![CDATA[event]]></MsgType>
<Event><![CDATA[view_miniprogram]]></Event>
<EventKey><![CDATA[pages/Index/Index]]></EventKey>
<MenuId>445210001</MenuId>
</xml>

2019-07-04 19:00:23 params :
------------
String:
array (
  'rule' => -2,
  'module' => '',
  'message' => 
  array (
    'tousername' => 'gh_f9b894563ef4',
    'fromusername' => 'o5V8y1ZKru0hLf2li-M0TGCJsVvY',
    'createtime' => '1562238023',
    'msgtype' => 'event',
    'event' => 'view_miniprogram',
    'eventkey' => 'pages/Index/Index',
    'menuid' => '445210001',
    'from' => 'o5V8y1ZKru0hLf2li-M0TGCJsVvY',
    'to' => 'gh_f9b894563ef4',
    'time' => '1562238023',
    'type' => 'text',
    'content' => 'pages/Index/Index',
    'redirection' => true,
    'source' => 'view_miniprogram',
  ),
)

2019-07-04 19:00:23 response :
------------

2019-07-04 19:00:29 trace :
------------
String:
<xml><ToUserName><![CDATA[gh_f9b894563ef4]]></ToUserName>
<FromUserName><![CDATA[o5V8y1ZKru0hLf2li-M0TGCJsVvY]]></FromUserName>
<CreateTime>1562238029</CreateTime>
<MsgType><![CDATA[event]]></MsgType>
<Event><![CDATA[VIEW]]></Event>
<EventKey><![CDATA[http://www.kezaihui.com/web/thanks_wechat_share?redirect_uri=customerv2/storehome/435daf94ab6748709e3bf57b82f0df69/minepanel&appid=wx2e2e1a31f5c00342]]></EventKey>
<MenuId>445210001</MenuId>
</xml>

2019-07-04 19:00:29 params :
------------
String:
array (
  'rule' => -2,
  'module' => '',
  'message' => 
  array (
    'tousername' => 'gh_f9b894563ef4',
    'fromusername' => 'o5V8y1ZKru0hLf2li-M0TGCJsVvY',
    'createtime' => '1562238029',
    'msgtype' => 'event',
    'event' => 'VIEW',
    'eventkey' => 'http://www.kezaihui.com/web/thanks_wechat_share?redirect_uri=customerv2/storehome/435daf94ab6748709e3bf57b82f0df69/minepanel&appid=wx2e2e1a31f5c00342',
    'menuid' => '445210001',
    'from' => 'o5V8y1ZKru0hLf2li-M0TGCJsVvY',
    'to' => 'gh_f9b894563ef4',
    'time' => '1562238029',
    'type' => 'text',
    'content' => 'http://www.kezaihui.com/web/thanks_wechat_share?redirect_uri=customerv2/storehome/435daf94ab6748709e3bf57b82f0df69/minepanel&appid=wx2e2e1a31f5c00342',
    'redirection' => true,
    'source' => 'VIEW',
  ),
)

2019-07-04 19:00:29 response :
------------

2019-07-04 19:04:55 trace :
------------
String:
<xml><ToUserName><![CDATA[gh_f9b894563ef4]]></ToUserName>
<FromUserName><![CDATA[o5V8y1clrikTJIDYT6HjuIqwFViY]]></FromUserName>
<CreateTime>1562238295</CreateTime>
<MsgType><![CDATA[event]]></MsgType>
<Event><![CDATA[VIEW]]></Event>
<EventKey><![CDATA[http://www.kezaihui.com/web/thanks_wechat_share?redirect_uri=customerv2/storehome/435daf94ab6748709e3bf57b82f0df69/minepanel&appid=wx2e2e1a31f5c00342]]></EventKey>
<MenuId>445210001</MenuId>
</xml>

2019-07-04 19:04:55 params :
------------
String:
array (
  'rule' => -2,
  'module' => '',
  'message' => 
  array (
    'tousername' => 'gh_f9b894563ef4',
    'fromusername' => 'o5V8y1clrikTJIDYT6HjuIqwFViY',
    'createtime' => '1562238295',
    'msgtype' => 'event',
    'event' => 'VIEW',
    'eventkey' => 'http://www.kezaihui.com/web/thanks_wechat_share?redirect_uri=customerv2/storehome/435daf94ab6748709e3bf57b82f0df69/minepanel&appid=wx2e2e1a31f5c00342',
    'menuid' => '445210001',
    'from' => 'o5V8y1clrikTJIDYT6HjuIqwFViY',
    'to' => 'gh_f9b894563ef4',
    'time' => '1562238295',
    'type' => 'text',
    'content' => 'http://www.kezaihui.com/web/thanks_wechat_share?redirect_uri=customerv2/storehome/435daf94ab6748709e3bf57b82f0df69/minepanel&appid=wx2e2e1a31f5c00342',
    'redirection' => true,
    'source' => 'VIEW',
  ),
)

2019-07-04 19:04:55 response :
------------

2019-07-04 19:05:04 trace :
------------
String:
<xml><ToUserName><![CDATA[gh_f9b894563ef4]]></ToUserName>
<FromUserName><![CDATA[o5V8y1clrikTJIDYT6HjuIqwFViY]]></FromUserName>
<CreateTime>1562238304</CreateTime>
<MsgType><![CDATA[event]]></MsgType>
<Event><![CDATA[VIEW]]></Event>
<EventKey><![CDATA[http://www.kezaihui.com/web/thanks_wechat_share?redirect_uri=customerv2/storehome/435daf94ab6748709e3bf57b82f0df69/minepanel&appid=wx2e2e1a31f5c00342]]></EventKey>
<MenuId>445210001</MenuId>
</xml>

2019-07-04 19:05:04 params :
------------
String:
array (
  'rule' => -2,
  'module' => '',
  'message' => 
  array (
    'tousername' => 'gh_f9b894563ef4',
    'fromusername' => 'o5V8y1clrikTJIDYT6HjuIqwFViY',
    'createtime' => '1562238304',
    'msgtype' => 'event',
    'event' => 'VIEW',
    'eventkey' => 'http://www.kezaihui.com/web/thanks_wechat_share?redirect_uri=customerv2/storehome/435daf94ab6748709e3bf57b82f0df69/minepanel&appid=wx2e2e1a31f5c00342',
    'menuid' => '445210001',
    'from' => 'o5V8y1clrikTJIDYT6HjuIqwFViY',
    'to' => 'gh_f9b894563ef4',
    'time' => '1562238304',
    'type' => 'text',
    'content' => 'http://www.kezaihui.com/web/thanks_wechat_share?redirect_uri=customerv2/storehome/435daf94ab6748709e3bf57b82f0df69/minepanel&appid=wx2e2e1a31f5c00342',
    'redirection' => true,
    'source' => 'VIEW',
  ),
)

2019-07-04 19:05:04 response :
------------

2019-07-04 19:05:08 trace :
------------
String:
<xml><ToUserName><![CDATA[gh_f9b894563ef4]]></ToUserName>
<FromUserName><![CDATA[o5V8y1clrikTJIDYT6HjuIqwFViY]]></FromUserName>
<CreateTime>1562238308</CreateTime>
<MsgType><![CDATA[event]]></MsgType>
<Event><![CDATA[VIEW]]></Event>
<EventKey><![CDATA[http://www.boyufengmao.com/app/index.php?i=6&c=entry&m=ewei_shopv2&do=mobile&r=diypage&id=25]]></EventKey>
<MenuId>445210001</MenuId>
</xml>

2019-07-04 19:05:08 params :
------------
String:
array (
  'rule' => -2,
  'module' => '',
  'message' => 
  array (
    'tousername' => 'gh_f9b894563ef4',
    'fromusername' => 'o5V8y1clrikTJIDYT6HjuIqwFViY',
    'createtime' => '1562238308',
    'msgtype' => 'event',
    'event' => 'VIEW',
    'eventkey' => 'http://www.boyufengmao.com/app/index.php?i=6&c=entry&m=ewei_shopv2&do=mobile&r=diypage&id=25',
    'menuid' => '445210001',
    'from' => 'o5V8y1clrikTJIDYT6HjuIqwFViY',
    'to' => 'gh_f9b894563ef4',
    'time' => '1562238308',
    'type' => 'text',
    'content' => 'http://www.boyufengmao.com/app/index.php?i=6&c=entry&m=ewei_shopv2&do=mobile&r=diypage&id=25',
    'redirection' => true,
    'source' => 'VIEW',
  ),
)

2019-07-04 19:05:08 response :
------------

2019-07-04 19:05:58 trace :
------------
String:
<xml><ToUserName><![CDATA[gh_f9b894563ef4]]></ToUserName>
<FromUserName><![CDATA[o5V8y1R89aVAiMnPrh6sAAELSjHw]]></FromUserName>
<CreateTime>1562238358</CreateTime>
<MsgType><![CDATA[event]]></MsgType>
<Event><![CDATA[TEMPLATESENDJOBFINISH]]></Event>
<MsgID>883254771040305152</MsgID>
<Status><![CDATA[success]]></Status>
</xml>

2019-07-04 19:05:58 params :
------------
String:
array (
  'rule' => -2,
  'module' => '',
  'message' => 
  array (
    'tousername' => 'gh_f9b894563ef4',
    'fromusername' => 'o5V8y1R89aVAiMnPrh6sAAELSjHw',
    'createtime' => '1562238358',
    'msgtype' => 'event',
    'event' => 'TEMPLATESENDJOBFINISH',
    'msgid' => '883254771040305152',
    'status' => 'success',
    'from' => 'o5V8y1R89aVAiMnPrh6sAAELSjHw',
    'to' => 'gh_f9b894563ef4',
    'time' => '1562238358',
    'type' => 'event',
  ),
)

2019-07-04 19:05:58 response :
------------

2019-07-04 20:00:39 SQL Error :
------------
String:
SQL: <br/>SELECT * FROM `ims_mc_card` WHERE `uniacid` =  :__uniacid LIMIT 1<hr/>Params: <br/>array (
  ':__uniacid' => 7,
)<hr/>SQL Error: <br/>Table 'sql39_97_186_42.ims_mc_card' doesn't exist<hr/>Traces: <br/>file: /framework/class/db.class.php; line: 162; <br />file: /framework/class/db.class.php; line: 220; <br />file: /framework/function/pdo.func.php; line: 49; <br />file: /app/source/mc/home.ctrl.php; line: 11; <br />file: /app/index.php; line: 115; <br />

2019-07-04 20:04:04 trace :
------------
String:
<xml><ToUserName><![CDATA[gh_f9b894563ef4]]></ToUserName>
<FromUserName><![CDATA[o5V8y1UYzOchp51EOntsrsyrUxQc]]></FromUserName>
<CreateTime>1562241844</CreateTime>
<MsgType><![CDATA[event]]></MsgType>
<Event><![CDATA[TEMPLATESENDJOBFINISH]]></Event>
<MsgID>883313260710232064</MsgID>
<Status><![CDATA[success]]></Status>
</xml>

2019-07-04 20:04:04 params :
------------
String:
array (
  'rule' => -2,
  'module' => '',
  'message' => 
  array (
    'tousername' => 'gh_f9b894563ef4',
    'fromusername' => 'o5V8y1UYzOchp51EOntsrsyrUxQc',
    'createtime' => '1562241844',
    'msgtype' => 'event',
    'event' => 'TEMPLATESENDJOBFINISH',
    'msgid' => '883313260710232064',
    'status' => 'success',
    'from' => 'o5V8y1UYzOchp51EOntsrsyrUxQc',
    'to' => 'gh_f9b894563ef4',
    'time' => '1562241844',
    'type' => 'event',
  ),
)

2019-07-04 20:04:04 response :
------------

2019-07-04 20:11:41 trace :
------------
String:
<xml><ToUserName><![CDATA[gh_f9b894563ef4]]></ToUserName>
<FromUserName><![CDATA[o5V8y1dQmJc6atyprXPzoM8FmMYI]]></FromUserName>
<CreateTime>1562242300</CreateTime>
<MsgType><![CDATA[event]]></MsgType>
<Event><![CDATA[TEMPLATESENDJOBFINISH]]></Event>
<MsgID>883320922445430784</MsgID>
<Status><![CDATA[success]]></Status>
</xml>

2019-07-04 20:11:41 params :
------------
String:
array (
  'rule' => -2,
  'module' => '',
  'message' => 
  array (
    'tousername' => 'gh_f9b894563ef4',
    'fromusername' => 'o5V8y1dQmJc6atyprXPzoM8FmMYI',
    'createtime' => '1562242300',
    'msgtype' => 'event',
    'event' => 'TEMPLATESENDJOBFINISH',
    'msgid' => '883320922445430784',
    'status' => 'success',
    'from' => 'o5V8y1dQmJc6atyprXPzoM8FmMYI',
    'to' => 'gh_f9b894563ef4',
    'time' => '1562242300',
    'type' => 'event',
  ),
)

2019-07-04 20:11:41 response :
------------

2019-07-04 20:46:58 trace :
------------
String:
<xml><ToUserName><![CDATA[gh_f9b894563ef4]]></ToUserName>
<FromUserName><![CDATA[o5V8y1beZc-3cMV28jidYwx0TFMc]]></FromUserName>
<CreateTime>1562244417</CreateTime>
<MsgType><![CDATA[event]]></MsgType>
<Event><![CDATA[TEMPLATESENDJOBFINISH]]></Event>
<MsgID>883356439979409408</MsgID>
<Status><![CDATA[success]]></Status>
</xml>

2019-07-04 20:46:58 params :
------------
String:
array (
  'rule' => -2,
  'module' => '',
  'message' => 
  array (
    'tousername' => 'gh_f9b894563ef4',
    'fromusername' => 'o5V8y1beZc-3cMV28jidYwx0TFMc',
    'createtime' => '1562244417',
    'msgtype' => 'event',
    'event' => 'TEMPLATESENDJOBFINISH',
    'msgid' => '883356439979409408',
    'status' => 'success',
    'from' => 'o5V8y1beZc-3cMV28jidYwx0TFMc',
    'to' => 'gh_f9b894563ef4',
    'time' => '1562244417',
    'type' => 'event',
  ),
)

2019-07-04 20:46:58 response :
------------

2019-07-04 20:47:05 trace :
------------
String:
<xml><ToUserName><![CDATA[gh_f9b894563ef4]]></ToUserName>
<FromUserName><![CDATA[o5V8y1aM3XG2gWJpxvZ04k7ylCiE]]></FromUserName>
<CreateTime>1562244424</CreateTime>
<MsgType><![CDATA[event]]></MsgType>
<Event><![CDATA[subscribe]]></Event>
<EventKey><![CDATA[qrscene_business:5864a01773794135a05fba69901b7199]]></EventKey>
<Ticket><![CDATA[gQGj8DwAAAAAAAAAAS5odHRwOi8vd2VpeGluLnFxLmNvbS9xLzAyZ3RQMXQ5QnZjT2wxMDAwMHcwN2oAAgQPhH9cAwQAAAAA]]></Ticket>
</xml>

2019-07-04 20:47:05 params :
------------
String:
array (
  'rule' => -2,
  'module' => '',
  'message' => 
  array (
    'tousername' => 'gh_f9b894563ef4',
    'fromusername' => 'o5V8y1aM3XG2gWJpxvZ04k7ylCiE',
    'createtime' => '1562244424',
    'msgtype' => 'event',
    'event' => 'subscribe',
    'eventkey' => 'qrscene_business:5864a01773794135a05fba69901b7199',
    'ticket' => 'gQGj8DwAAAAAAAAAAS5odHRwOi8vd2VpeGluLnFxLmNvbS9xLzAyZ3RQMXQ5QnZjT2wxMDAwMHcwN2oAAgQPhH9cAwQAAAAA',
    'from' => 'o5V8y1aM3XG2gWJpxvZ04k7ylCiE',
    'to' => 'gh_f9b894563ef4',
    'time' => '1562244424',
    'type' => 'text',
    'scene' => 'business:5864a01773794135a05fba69901b7199',
    'redirection' => true,
    'source' => 'subscribe',
  ),
)

2019-07-04 20:47:05 response :
------------

2019-07-04 20:47:08 trace :
------------
String:
<xml><ToUserName><![CDATA[gh_f9b894563ef4]]></ToUserName>
<FromUserName><![CDATA[o5V8y1aM3XG2gWJpxvZ04k7ylCiE]]></FromUserName>
<CreateTime>1562244427</CreateTime>
<MsgType><![CDATA[event]]></MsgType>
<Event><![CDATA[VIEW]]></Event>
<EventKey><![CDATA[http://www.kezaihui.com/web/thanks_wechat_share?redirect_uri=customerv2/storehome/435daf94ab6748709e3bf57b82f0df69/minepanel&appid=wx2e2e1a31f5c00342]]></EventKey>
<MenuId>445210001</MenuId>
</xml>

2019-07-04 20:47:08 params :
------------
String:
array (
  'rule' => -2,
  'module' => '',
  'message' => 
  array (
    'tousername' => 'gh_f9b894563ef4',
    'fromusername' => 'o5V8y1aM3XG2gWJpxvZ04k7ylCiE',
    'createtime' => '1562244427',
    'msgtype' => 'event',
    'event' => 'VIEW',
    'eventkey' => 'http://www.kezaihui.com/web/thanks_wechat_share?redirect_uri=customerv2/storehome/435daf94ab6748709e3bf57b82f0df69/minepanel&appid=wx2e2e1a31f5c00342',
    'menuid' => '445210001',
    'from' => 'o5V8y1aM3XG2gWJpxvZ04k7ylCiE',
    'to' => 'gh_f9b894563ef4',
    'time' => '1562244427',
    'type' => 'text',
    'content' => 'http://www.kezaihui.com/web/thanks_wechat_share?redirect_uri=customerv2/storehome/435daf94ab6748709e3bf57b82f0df69/minepanel&appid=wx2e2e1a31f5c00342',
    'redirection' => true,
    'source' => 'VIEW',
  ),
)

2019-07-04 20:47:08 response :
------------

2019-07-04 20:47:26 trace :
------------
String:
<xml><ToUserName><![CDATA[gh_f9b894563ef4]]></ToUserName>
<FromUserName><![CDATA[o5V8y1aM3XG2gWJpxvZ04k7ylCiE]]></FromUserName>
<CreateTime>1562244446</CreateTime>
<MsgType><![CDATA[text]]></MsgType>
<Content><![CDATA[15384541114]]></Content>
<MsgId>22365962955005597</MsgId>
</xml>

2019-07-04 20:47:26 params :
------------
String:
array (
  'rule' => -2,
  'module' => '',
  'message' => 
  array (
    'tousername' => 'gh_f9b894563ef4',
    'fromusername' => 'o5V8y1aM3XG2gWJpxvZ04k7ylCiE',
    'createtime' => '1562244446',
    'msgtype' => 'text',
    'content' => '15384541114',
    'msgid' => '22365962955005597',
    'from' => 'o5V8y1aM3XG2gWJpxvZ04k7ylCiE',
    'to' => 'gh_f9b894563ef4',
    'time' => '1562244446',
    'type' => 'text',
    'event' => NULL,
    'redirection' => false,
    'source' => NULL,
  ),
)

2019-07-04 20:47:26 response :
------------

2019-07-04 20:47:48 trace :
------------
String:
<xml><ToUserName><![CDATA[gh_f9b894563ef4]]></ToUserName>
<FromUserName><![CDATA[o5V8y1aM3XG2gWJpxvZ04k7ylCiE]]></FromUserName>
<CreateTime>1562244468</CreateTime>
<MsgType><![CDATA[event]]></MsgType>
<Event><![CDATA[TEMPLATESENDJOBFINISH]]></Event>
<MsgID>883357288654913537</MsgID>
<Status><![CDATA[success]]></Status>
</xml>

2019-07-04 20:47:48 params :
------------
String:
array (
  'rule' => -2,
  'module' => '',
  'message' => 
  array (
    'tousername' => 'gh_f9b894563ef4',
    'fromusername' => 'o5V8y1aM3XG2gWJpxvZ04k7ylCiE',
    'createtime' => '1562244468',
    'msgtype' => 'event',
    'event' => 'TEMPLATESENDJOBFINISH',
    'msgid' => '883357288654913537',
    'status' => 'success',
    'from' => 'o5V8y1aM3XG2gWJpxvZ04k7ylCiE',
    'to' => 'gh_f9b894563ef4',
    'time' => '1562244468',
    'type' => 'event',
  ),
)

2019-07-04 20:47:48 response :
------------

2019-07-04 20:52:18 trace :
------------
String:
<xml><ToUserName><![CDATA[gh_f9b894563ef4]]></ToUserName>
<FromUserName><![CDATA[o5V8y1bdPOyOcE0wWDsWcHrmsYzM]]></FromUserName>
<CreateTime>1562244738</CreateTime>
<MsgType><![CDATA[event]]></MsgType>
<Event><![CDATA[TEMPLATESENDJOBFINISH]]></Event>
<MsgID>883361820784885760</MsgID>
<Status><![CDATA[success]]></Status>
</xml>

2019-07-04 20:52:18 params :
------------
String:
array (
  'rule' => -2,
  'module' => '',
  'message' => 
  array (
    'tousername' => 'gh_f9b894563ef4',
    'fromusername' => 'o5V8y1bdPOyOcE0wWDsWcHrmsYzM',
    'createtime' => '1562244738',
    'msgtype' => 'event',
    'event' => 'TEMPLATESENDJOBFINISH',
    'msgid' => '883361820784885760',
    'status' => 'success',
    'from' => 'o5V8y1bdPOyOcE0wWDsWcHrmsYzM',
    'to' => 'gh_f9b894563ef4',
    'time' => '1562244738',
    'type' => 'event',
  ),
)

2019-07-04 20:52:18 response :
------------

2019-07-04 20:53:17 trace :
------------
String:
<xml><ToUserName><![CDATA[gh_f9b894563ef4]]></ToUserName>
<FromUserName><![CDATA[o5V8y1clrikTJIDYT6HjuIqwFViY]]></FromUserName>
<CreateTime>1562244797</CreateTime>
<MsgType><![CDATA[event]]></MsgType>
<Event><![CDATA[TEMPLATESENDJOBFINISH]]></Event>
<MsgID>883362807402676225</MsgID>
<Status><![CDATA[success]]></Status>
</xml>

2019-07-04 20:53:17 params :
------------
String:
array (
  'rule' => -2,
  'module' => '',
  'message' => 
  array (
    'tousername' => 'gh_f9b894563ef4',
    'fromusername' => 'o5V8y1clrikTJIDYT6HjuIqwFViY',
    'createtime' => '1562244797',
    'msgtype' => 'event',
    'event' => 'TEMPLATESENDJOBFINISH',
    'msgid' => '883362807402676225',
    'status' => 'success',
    'from' => 'o5V8y1clrikTJIDYT6HjuIqwFViY',
    'to' => 'gh_f9b894563ef4',
    'time' => '1562244797',
    'type' => 'event',
  ),
)

2019-07-04 20:53:17 response :
------------

2019-07-04 21:02:28 trace :
------------
String:
<xml><ToUserName><![CDATA[gh_f9b894563ef4]]></ToUserName>
<FromUserName><![CDATA[o5V8y1TsMBXTjfPypBMZUXHwNpMw]]></FromUserName>
<CreateTime>1562245348</CreateTime>
<MsgType><![CDATA[event]]></MsgType>
<Event><![CDATA[subscribe]]></Event>
<EventKey><![CDATA[qrscene_business:5864a01773794135a05fba69901b7199]]></EventKey>
<Ticket><![CDATA[gQGj8DwAAAAAAAAAAS5odHRwOi8vd2VpeGluLnFxLmNvbS9xLzAyZ3RQMXQ5QnZjT2wxMDAwMHcwN2oAAgQPhH9cAwQAAAAA]]></Ticket>
</xml>

2019-07-04 21:02:28 params :
------------
String:
array (
  'rule' => -2,
  'module' => '',
  'message' => 
  array (
    'tousername' => 'gh_f9b894563ef4',
    'fromusername' => 'o5V8y1TsMBXTjfPypBMZUXHwNpMw',
    'createtime' => '1562245348',
    'msgtype' => 'event',
    'event' => 'subscribe',
    'eventkey' => 'qrscene_business:5864a01773794135a05fba69901b7199',
    'ticket' => 'gQGj8DwAAAAAAAAAAS5odHRwOi8vd2VpeGluLnFxLmNvbS9xLzAyZ3RQMXQ5QnZjT2wxMDAwMHcwN2oAAgQPhH9cAwQAAAAA',
    'from' => 'o5V8y1TsMBXTjfPypBMZUXHwNpMw',
    'to' => 'gh_f9b894563ef4',
    'time' => '1562245348',
    'type' => 'text',
    'scene' => 'business:5864a01773794135a05fba69901b7199',
    'redirection' => true,
    'source' => 'subscribe',
  ),
)

2019-07-04 21:02:28 response :
------------

2019-07-04 21:02:43 trace :
------------
String:
<xml><ToUserName><![CDATA[gh_f9b894563ef4]]></ToUserName>
<FromUserName><![CDATA[o5V8y1TsMBXTjfPypBMZUXHwNpMw]]></FromUserName>
<CreateTime>1562245362</CreateTime>
<MsgType><![CDATA[text]]></MsgType>
<Content><![CDATA[15529211163]]></Content>
<MsgId>22365977573959086</MsgId>
</xml>

2019-07-04 21:02:43 params :
------------
String:
array (
  'rule' => -2,
  'module' => '',
  'message' => 
  array (
    'tousername' => 'gh_f9b894563ef4',
    'fromusername' => 'o5V8y1TsMBXTjfPypBMZUXHwNpMw',
    'createtime' => '1562245362',
    'msgtype' => 'text',
    'content' => '15529211163',
    'msgid' => '22365977573959086',
    'from' => 'o5V8y1TsMBXTjfPypBMZUXHwNpMw',
    'to' => 'gh_f9b894563ef4',
    'time' => '1562245362',
    'type' => 'text',
    'event' => NULL,
    'redirection' => false,
    'source' => NULL,
  ),
)

2019-07-04 21:02:43 response :
------------

2019-07-04 21:03:03 trace :
------------
String:
<xml><ToUserName><![CDATA[gh_f9b894563ef4]]></ToUserName>
<FromUserName><![CDATA[o5V8y1TsMBXTjfPypBMZUXHwNpMw]]></FromUserName>
<CreateTime>1562245383</CreateTime>
<MsgType><![CDATA[event]]></MsgType>
<Event><![CDATA[TEMPLATESENDJOBFINISH]]></Event>
<MsgID>883372635965620227</MsgID>
<Status><![CDATA[success]]></Status>
</xml>

2019-07-04 21:03:03 params :
------------
String:
array (
  'rule' => -2,
  'module' => '',
  'message' => 
  array (
    'tousername' => 'gh_f9b894563ef4',
    'fromusername' => 'o5V8y1TsMBXTjfPypBMZUXHwNpMw',
    'createtime' => '1562245383',
    'msgtype' => 'event',
    'event' => 'TEMPLATESENDJOBFINISH',
    'msgid' => '883372635965620227',
    'status' => 'success',
    'from' => 'o5V8y1TsMBXTjfPypBMZUXHwNpMw',
    'to' => 'gh_f9b894563ef4',
    'time' => '1562245383',
    'type' => 'event',
  ),
)

2019-07-04 21:03:03 response :
------------

2019-07-04 21:07:33 trace :
------------
String:
<xml><ToUserName><![CDATA[gh_f9b894563ef4]]></ToUserName>
<FromUserName><![CDATA[o5V8y1QlT860Eb1tzaEkjXUHultM]]></FromUserName>
<CreateTime>1562245653</CreateTime>
<MsgType><![CDATA[event]]></MsgType>
<Event><![CDATA[TEMPLATESENDJOBFINISH]]></Event>
<MsgID>883377162492018688</MsgID>
<Status><![CDATA[success]]></Status>
</xml>

2019-07-04 21:07:33 params :
------------
String:
array (
  'rule' => -2,
  'module' => '',
  'message' => 
  array (
    'tousername' => 'gh_f9b894563ef4',
    'fromusername' => 'o5V8y1QlT860Eb1tzaEkjXUHultM',
    'createtime' => '1562245653',
    'msgtype' => 'event',
    'event' => 'TEMPLATESENDJOBFINISH',
    'msgid' => '883377162492018688',
    'status' => 'success',
    'from' => 'o5V8y1QlT860Eb1tzaEkjXUHultM',
    'to' => 'gh_f9b894563ef4',
    'time' => '1562245653',
    'type' => 'event',
  ),
)

2019-07-04 21:07:33 response :
------------

2019-07-04 21:07:40 trace :
------------
String:
<xml><ToUserName><![CDATA[gh_f9b894563ef4]]></ToUserName>
<FromUserName><![CDATA[o5V8y1QlT860Eb1tzaEkjXUHultM]]></FromUserName>
<CreateTime>1562245660</CreateTime>
<MsgType><![CDATA[event]]></MsgType>
<Event><![CDATA[TEMPLATESENDJOBFINISH]]></Event>
<MsgID>883377290233741313</MsgID>
<Status><![CDATA[success]]></Status>
</xml>

2019-07-04 21:07:40 params :
------------
String:
array (
  'rule' => -2,
  'module' => '',
  'message' => 
  array (
    'tousername' => 'gh_f9b894563ef4',
    'fromusername' => 'o5V8y1QlT860Eb1tzaEkjXUHultM',
    'createtime' => '1562245660',
    'msgtype' => 'event',
    'event' => 'TEMPLATESENDJOBFINISH',
    'msgid' => '883377290233741313',
    'status' => 'success',
    'from' => 'o5V8y1QlT860Eb1tzaEkjXUHultM',
    'to' => 'gh_f9b894563ef4',
    'time' => '1562245660',
    'type' => 'event',
  ),
)

2019-07-04 21:07:40 response :
------------

2019-07-04 21:35:03 trace :
------------
String:
<xml><ToUserName><![CDATA[gh_f9b894563ef4]]></ToUserName>
<FromUserName><![CDATA[o5V8y1QePZwNaoDcFOlm6wTAlNgI]]></FromUserName>
<CreateTime>1562247303</CreateTime>
<MsgType><![CDATA[event]]></MsgType>
<Event><![CDATA[TEMPLATESENDJOBFINISH]]></Event>
<MsgID>883404844596346882</MsgID>
<Status><![CDATA[success]]></Status>
</xml>

2019-07-04 21:35:03 params :
------------
String:
array (
  'rule' => -2,
  'module' => '',
  'message' => 
  array (
    'tousername' => 'gh_f9b894563ef4',
    'fromusername' => 'o5V8y1QePZwNaoDcFOlm6wTAlNgI',
    'createtime' => '1562247303',
    'msgtype' => 'event',
    'event' => 'TEMPLATESENDJOBFINISH',
    'msgid' => '883404844596346882',
    'status' => 'success',
    'from' => 'o5V8y1QePZwNaoDcFOlm6wTAlNgI',
    'to' => 'gh_f9b894563ef4',
    'time' => '1562247303',
    'type' => 'event',
  ),
)

2019-07-04 21:35:03 response :
------------

2019-07-04 21:54:37 trace :
------------
String:
<xml><ToUserName><![CDATA[gh_f9b894563ef4]]></ToUserName>
<FromUserName><![CDATA[o5V8y1eeYnJThrYfmBdtuJ_0EWcU]]></FromUserName>
<CreateTime>1562248477</CreateTime>
<MsgType><![CDATA[event]]></MsgType>
<Event><![CDATA[subscribe]]></Event>
<EventKey><![CDATA[qrscene_business:5864a01773794135a05fba69901b7199]]></EventKey>
<Ticket><![CDATA[gQGj8DwAAAAAAAAAAS5odHRwOi8vd2VpeGluLnFxLmNvbS9xLzAyZ3RQMXQ5QnZjT2wxMDAwMHcwN2oAAgQPhH9cAwQAAAAA]]></Ticket>
</xml>

2019-07-04 21:54:37 params :
------------
String:
array (
  'rule' => -2,
  'module' => '',
  'message' => 
  array (
    'tousername' => 'gh_f9b894563ef4',
    'fromusername' => 'o5V8y1eeYnJThrYfmBdtuJ_0EWcU',
    'createtime' => '1562248477',
    'msgtype' => 'event',
    'event' => 'subscribe',
    'eventkey' => 'qrscene_business:5864a01773794135a05fba69901b7199',
    'ticket' => 'gQGj8DwAAAAAAAAAAS5odHRwOi8vd2VpeGluLnFxLmNvbS9xLzAyZ3RQMXQ5QnZjT2wxMDAwMHcwN2oAAgQPhH9cAwQAAAAA',
    'from' => 'o5V8y1eeYnJThrYfmBdtuJ_0EWcU',
    'to' => 'gh_f9b894563ef4',
    'time' => '1562248477',
    'type' => 'text',
    'scene' => 'business:5864a01773794135a05fba69901b7199',
    'redirection' => true,
    'source' => 'subscribe',
  ),
)

2019-07-04 21:54:37 response :
------------

2019-07-04 21:54:49 trace :
------------
String:
<xml><ToUserName><![CDATA[gh_f9b894563ef4]]></ToUserName>
<FromUserName><![CDATA[o5V8y1eeYnJThrYfmBdtuJ_0EWcU]]></FromUserName>
<CreateTime>1562248489</CreateTime>
<MsgType><![CDATA[text]]></MsgType>
<Content><![CDATA[15009297526]]></Content>
<MsgId>22366018857509460</MsgId>
</xml>

2019-07-04 21:54:49 params :
------------
String:
array (
  'rule' => -2,
  'module' => '',
  'message' => 
  array (
    'tousername' => 'gh_f9b894563ef4',
    'fromusername' => 'o5V8y1eeYnJThrYfmBdtuJ_0EWcU',
    'createtime' => '1562248489',
    'msgtype' => 'text',
    'content' => '15009297526',
    'msgid' => '22366018857509460',
    'from' => 'o5V8y1eeYnJThrYfmBdtuJ_0EWcU',
    'to' => 'gh_f9b894563ef4',
    'time' => '1562248489',
    'type' => 'text',
    'event' => NULL,
    'redirection' => false,
    'source' => NULL,
  ),
)

2019-07-04 21:54:49 response :
------------

2019-07-04 21:55:03 trace :
------------
String:
<xml><ToUserName><![CDATA[gh_f9b894563ef4]]></ToUserName>
<FromUserName><![CDATA[o5V8y1eeYnJThrYfmBdtuJ_0EWcU]]></FromUserName>
<CreateTime>1562248503</CreateTime>
<MsgType><![CDATA[event]]></MsgType>
<Event><![CDATA[TEMPLATESENDJOBFINISH]]></Event>
<MsgID>883424979403079680</MsgID>
<Status><![CDATA[success]]></Status>
</xml>

2019-07-04 21:55:03 params :
------------
String:
array (
  'rule' => -2,
  'module' => '',
  'message' => 
  array (
    'tousername' => 'gh_f9b894563ef4',
    'fromusername' => 'o5V8y1eeYnJThrYfmBdtuJ_0EWcU',
    'createtime' => '1562248503',
    'msgtype' => 'event',
    'event' => 'TEMPLATESENDJOBFINISH',
    'msgid' => '883424979403079680',
    'status' => 'success',
    'from' => 'o5V8y1eeYnJThrYfmBdtuJ_0EWcU',
    'to' => 'gh_f9b894563ef4',
    'time' => '1562248503',
    'type' => 'event',
  ),
)

2019-07-04 21:55:03 response :
------------

