2019-06-13 08:00:53 trace :
------------
String:
<xml><ToUserName><![CDATA[gh_c804ae748f89]]></ToUserName>
<FromUserName><![CDATA[o3lrB52OQe5owM1VXVuw4dyttQho]]></FromUserName>
<CreateTime>1560384053</CreateTime>
<MsgType><![CDATA[event]]></MsgType>
<Event><![CDATA[VIEW]]></Event>
<EventKey><![CDATA[http://www.boyufengmao.com/app/index.php?i=2&c=entry&m=ewei_shopv2&do=mobile&r=diypage&id=19]]></EventKey>
<MenuId>444058172</MenuId>
</xml>

2019-06-13 08:00:53 params :
------------
String:
array (
  'rule' => -2,
  'module' => '',
  'message' => 
  array (
    'tousername' => 'gh_c804ae748f89',
    'fromusername' => 'o3lrB52OQe5owM1VXVuw4dyttQho',
    'createtime' => '1560384053',
    'msgtype' => 'event',
    'event' => 'VIEW',
    'eventkey' => 'http://www.boyufengmao.com/app/index.php?i=2&c=entry&m=ewei_shopv2&do=mobile&r=diypage&id=19',
    'menuid' => '444058172',
    'from' => 'o3lrB52OQe5owM1VXVuw4dyttQho',
    'to' => 'gh_c804ae748f89',
    'time' => '1560384053',
    'type' => 'text',
    'content' => 'http://www.boyufengmao.com/app/index.php?i=2&c=entry&m=ewei_shopv2&do=mobile&r=diypage&id=19',
    'redirection' => true,
    'source' => 'VIEW',
  ),
)

2019-06-13 08:00:53 response :
------------

