2019-12-14 07:58:40 trace :
------------
String:
<xml><ToUserName><![CDATA[gh_0140ea298741]]></ToUserName>
<FromUserName><![CDATA[oGQKz0k7eFHyr-Hh2Use2RRL8mIA]]></FromUserName>
<CreateTime>1576281520</CreateTime>
<MsgType><![CDATA[event]]></MsgType>
<Event><![CDATA[unsubscribe]]></Event>
<EventKey><![CDATA[]]></EventKey>
</xml>

2019-12-14 08:28:23 trace :
------------
String:
<xml><ToUserName><![CDATA[gh_62bcc2f9639d]]></ToUserName>
<FromUserName><![CDATA[opjhUwJKkk3xO-j0QUJ4Q2OQy7Yg]]></FromUserName>
<CreateTime>1576283303</CreateTime>
<MsgType><![CDATA[event]]></MsgType>
<Event><![CDATA[VIEW]]></Event>
<EventKey><![CDATA[http://www.boyufengmao.com/app/index.php?i=10&c=entry&m=ewei_shopv2&do=mobile]]></EventKey>
<MenuId>432207807</MenuId>
</xml>

2019-12-14 08:28:23 params :
------------
String:
array (
  'rule' => -2,
  'module' => '',
  'message' => 
  array (
    'tousername' => 'gh_62bcc2f9639d',
    'fromusername' => 'opjhUwJKkk3xO-j0QUJ4Q2OQy7Yg',
    'createtime' => '1576283303',
    'msgtype' => 'event',
    'event' => 'VIEW',
    'eventkey' => 'http://www.boyufengmao.com/app/index.php?i=10&c=entry&m=ewei_shopv2&do=mobile',
    'menuid' => '432207807',
    'from' => 'opjhUwJKkk3xO-j0QUJ4Q2OQy7Yg',
    'to' => 'gh_62bcc2f9639d',
    'time' => '1576283303',
    'type' => 'text',
    'content' => 'http://www.boyufengmao.com/app/index.php?i=10&c=entry&m=ewei_shopv2&do=mobile',
    'redirection' => true,
    'source' => 'VIEW',
  ),
)

2019-12-14 08:28:23 response :
------------

2019-12-14 08:29:49 trace :
------------
String:
<xml><ToUserName><![CDATA[gh_62bcc2f9639d]]></ToUserName>
<FromUserName><![CDATA[opjhUwJKkk3xO-j0QUJ4Q2OQy7Yg]]></FromUserName>
<CreateTime>1576283389</CreateTime>
<MsgType><![CDATA[event]]></MsgType>
<Event><![CDATA[VIEW]]></Event>
<EventKey><![CDATA[http://www.boyufengmao.com/app/index.php?i=10&c=entry&m=ewei_shopv2&do=mobile]]></EventKey>
<MenuId>432207807</MenuId>
</xml>

2019-12-14 08:29:49 params :
------------
String:
array (
  'rule' => -2,
  'module' => '',
  'message' => 
  array (
    'tousername' => 'gh_62bcc2f9639d',
    'fromusername' => 'opjhUwJKkk3xO-j0QUJ4Q2OQy7Yg',
    'createtime' => '1576283389',
    'msgtype' => 'event',
    'event' => 'VIEW',
    'eventkey' => 'http://www.boyufengmao.com/app/index.php?i=10&c=entry&m=ewei_shopv2&do=mobile',
    'menuid' => '432207807',
    'from' => 'opjhUwJKkk3xO-j0QUJ4Q2OQy7Yg',
    'to' => 'gh_62bcc2f9639d',
    'time' => '1576283389',
    'type' => 'text',
    'content' => 'http://www.boyufengmao.com/app/index.php?i=10&c=entry&m=ewei_shopv2&do=mobile',
    'redirection' => true,
    'source' => 'VIEW',
  ),
)

2019-12-14 08:29:49 response :
------------

2019-12-14 08:30:45 trace :
------------
String:
<xml><ToUserName><![CDATA[gh_62bcc2f9639d]]></ToUserName>
<FromUserName><![CDATA[opjhUwJKkk3xO-j0QUJ4Q2OQy7Yg]]></FromUserName>
<CreateTime>1576283445</CreateTime>
<MsgType><![CDATA[event]]></MsgType>
<Event><![CDATA[VIEW]]></Event>
<EventKey><![CDATA[http://www.boyufengmao.com/app/index.php?i=10&c=entry&m=ewei_shopv2&do=mobile]]></EventKey>
<MenuId>432207807</MenuId>
</xml>

2019-12-14 08:30:45 params :
------------
String:
array (
  'rule' => -2,
  'module' => '',
  'message' => 
  array (
    'tousername' => 'gh_62bcc2f9639d',
    'fromusername' => 'opjhUwJKkk3xO-j0QUJ4Q2OQy7Yg',
    'createtime' => '1576283445',
    'msgtype' => 'event',
    'event' => 'VIEW',
    'eventkey' => 'http://www.boyufengmao.com/app/index.php?i=10&c=entry&m=ewei_shopv2&do=mobile',
    'menuid' => '432207807',
    'from' => 'opjhUwJKkk3xO-j0QUJ4Q2OQy7Yg',
    'to' => 'gh_62bcc2f9639d',
    'time' => '1576283445',
    'type' => 'text',
    'content' => 'http://www.boyufengmao.com/app/index.php?i=10&c=entry&m=ewei_shopv2&do=mobile',
    'redirection' => true,
    'source' => 'VIEW',
  ),
)

2019-12-14 08:30:45 response :
------------

2019-12-14 08:31:59 trace :
------------
String:
<xml><ToUserName><![CDATA[gh_62bcc2f9639d]]></ToUserName>
<FromUserName><![CDATA[opjhUwJKkk3xO-j0QUJ4Q2OQy7Yg]]></FromUserName>
<CreateTime>1576283519</CreateTime>
<MsgType><![CDATA[event]]></MsgType>
<Event><![CDATA[VIEW]]></Event>
<EventKey><![CDATA[http://www.boyufengmao.com/app/index.php?i=10&c=entry&m=ewei_shopv2&do=mobile]]></EventKey>
<MenuId>432207807</MenuId>
</xml>

2019-12-14 08:31:59 params :
------------
String:
array (
  'rule' => -2,
  'module' => '',
  'message' => 
  array (
    'tousername' => 'gh_62bcc2f9639d',
    'fromusername' => 'opjhUwJKkk3xO-j0QUJ4Q2OQy7Yg',
    'createtime' => '1576283519',
    'msgtype' => 'event',
    'event' => 'VIEW',
    'eventkey' => 'http://www.boyufengmao.com/app/index.php?i=10&c=entry&m=ewei_shopv2&do=mobile',
    'menuid' => '432207807',
    'from' => 'opjhUwJKkk3xO-j0QUJ4Q2OQy7Yg',
    'to' => 'gh_62bcc2f9639d',
    'time' => '1576283519',
    'type' => 'text',
    'content' => 'http://www.boyufengmao.com/app/index.php?i=10&c=entry&m=ewei_shopv2&do=mobile',
    'redirection' => true,
    'source' => 'VIEW',
  ),
)

2019-12-14 08:31:59 response :
------------

2019-12-14 10:38:33 trace :
------------
String:
<xml><ToUserName><![CDATA[gh_162fc9cda7ca]]></ToUserName>
<FromUserName><![CDATA[oYRrw0wyO-5sMYamBxGmdoJ45AYw]]></FromUserName>
<CreateTime>1576291113</CreateTime>
<MsgType><![CDATA[event]]></MsgType>
<Event><![CDATA[VIEW]]></Event>
<EventKey><![CDATA[https://rom.paidui.com/wxr/entry/appmenu?mc=0005337471&actionValue=menu_new_coupon]]></EventKey>
<MenuId>431964406</MenuId>
</xml>

2019-12-14 10:38:33 params :
------------
String:
array (
  'rule' => -2,
  'module' => '',
  'message' => 
  array (
    'tousername' => 'gh_162fc9cda7ca',
    'fromusername' => 'oYRrw0wyO-5sMYamBxGmdoJ45AYw',
    'createtime' => '1576291113',
    'msgtype' => 'event',
    'event' => 'VIEW',
    'eventkey' => 'https://rom.paidui.com/wxr/entry/appmenu?mc=0005337471&actionValue=menu_new_coupon',
    'menuid' => '431964406',
    'from' => 'oYRrw0wyO-5sMYamBxGmdoJ45AYw',
    'to' => 'gh_162fc9cda7ca',
    'time' => '1576291113',
    'type' => 'text',
    'content' => 'https://rom.paidui.com/wxr/entry/appmenu?mc=0005337471&actionValue=menu_new_coupon',
    'redirection' => true,
    'source' => 'VIEW',
  ),
)

2019-12-14 10:38:33 response :
------------

2019-12-14 10:38:44 trace :
------------
String:
<xml><ToUserName><![CDATA[gh_162fc9cda7ca]]></ToUserName>
<FromUserName><![CDATA[oYRrw0wyO-5sMYamBxGmdoJ45AYw]]></FromUserName>
<CreateTime>1576291124</CreateTime>
<MsgType><![CDATA[event]]></MsgType>
<Event><![CDATA[VIEW]]></Event>
<EventKey><![CDATA[https://rom.paidui.com/wxr/entry/appmenu?mc=0005337471&actionValue=menu_new_coupon]]></EventKey>
<MenuId>431964406</MenuId>
</xml>

2019-12-14 10:38:44 params :
------------
String:
array (
  'rule' => -2,
  'module' => '',
  'message' => 
  array (
    'tousername' => 'gh_162fc9cda7ca',
    'fromusername' => 'oYRrw0wyO-5sMYamBxGmdoJ45AYw',
    'createtime' => '1576291124',
    'msgtype' => 'event',
    'event' => 'VIEW',
    'eventkey' => 'https://rom.paidui.com/wxr/entry/appmenu?mc=0005337471&actionValue=menu_new_coupon',
    'menuid' => '431964406',
    'from' => 'oYRrw0wyO-5sMYamBxGmdoJ45AYw',
    'to' => 'gh_162fc9cda7ca',
    'time' => '1576291124',
    'type' => 'text',
    'content' => 'https://rom.paidui.com/wxr/entry/appmenu?mc=0005337471&actionValue=menu_new_coupon',
    'redirection' => true,
    'source' => 'VIEW',
  ),
)

2019-12-14 10:38:44 response :
------------

2019-12-14 10:38:56 trace :
------------
String:
<xml><ToUserName><![CDATA[gh_162fc9cda7ca]]></ToUserName>
<FromUserName><![CDATA[oYRrw0wyO-5sMYamBxGmdoJ45AYw]]></FromUserName>
<CreateTime>1576291136</CreateTime>
<MsgType><![CDATA[event]]></MsgType>
<Event><![CDATA[VIEW]]></Event>
<EventKey><![CDATA[https://rom.paidui.com/wxr/entry/appmenu?mc=0005337471&actionValue=menu_navigation]]></EventKey>
<MenuId>431964406</MenuId>
</xml>

2019-12-14 10:38:56 params :
------------
String:
array (
  'rule' => -2,
  'module' => '',
  'message' => 
  array (
    'tousername' => 'gh_162fc9cda7ca',
    'fromusername' => 'oYRrw0wyO-5sMYamBxGmdoJ45AYw',
    'createtime' => '1576291136',
    'msgtype' => 'event',
    'event' => 'VIEW',
    'eventkey' => 'https://rom.paidui.com/wxr/entry/appmenu?mc=0005337471&actionValue=menu_navigation',
    'menuid' => '431964406',
    'from' => 'oYRrw0wyO-5sMYamBxGmdoJ45AYw',
    'to' => 'gh_162fc9cda7ca',
    'time' => '1576291136',
    'type' => 'text',
    'content' => 'https://rom.paidui.com/wxr/entry/appmenu?mc=0005337471&actionValue=menu_navigation',
    'redirection' => true,
    'source' => 'VIEW',
  ),
)

2019-12-14 10:38:56 response :
------------

2019-12-14 10:39:10 trace :
------------
String:
<xml><ToUserName><![CDATA[gh_162fc9cda7ca]]></ToUserName>
<FromUserName><![CDATA[oYRrw0wyO-5sMYamBxGmdoJ45AYw]]></FromUserName>
<CreateTime>1576291150</CreateTime>
<MsgType><![CDATA[event]]></MsgType>
<Event><![CDATA[unsubscribe]]></Event>
<EventKey><![CDATA[]]></EventKey>
</xml>

2019-12-14 11:20:07 trace :
------------
String:
<xml><ToUserName><![CDATA[gh_f9b894563ef4]]></ToUserName>
<FromUserName><![CDATA[o5V8y1VtN42KRRYcbyHWuY3cHbRA]]></FromUserName>
<CreateTime>1576293607</CreateTime>
<MsgType><![CDATA[event]]></MsgType>
<Event><![CDATA[subscribe]]></Event>
<EventKey><![CDATA[qrscene_business:5864a01773794135a05fba69901b7199]]></EventKey>
<Ticket><![CDATA[gQGj8DwAAAAAAAAAAS5odHRwOi8vd2VpeGluLnFxLmNvbS9xLzAyZ3RQMXQ5QnZjT2wxMDAwMHcwN2oAAgQPhH9cAwQAAAAA]]></Ticket>
</xml>

2019-12-14 11:20:07 params :
------------
String:
array (
  'rule' => -2,
  'module' => '',
  'message' => 
  array (
    'tousername' => 'gh_f9b894563ef4',
    'fromusername' => 'o5V8y1VtN42KRRYcbyHWuY3cHbRA',
    'createtime' => '1576293607',
    'msgtype' => 'event',
    'event' => 'subscribe',
    'eventkey' => 'qrscene_business:5864a01773794135a05fba69901b7199',
    'ticket' => 'gQGj8DwAAAAAAAAAAS5odHRwOi8vd2VpeGluLnFxLmNvbS9xLzAyZ3RQMXQ5QnZjT2wxMDAwMHcwN2oAAgQPhH9cAwQAAAAA',
    'from' => 'o5V8y1VtN42KRRYcbyHWuY3cHbRA',
    'to' => 'gh_f9b894563ef4',
    'time' => '1576293607',
    'type' => 'text',
    'scene' => 'business:5864a01773794135a05fba69901b7199',
    'redirection' => true,
    'source' => 'subscribe',
  ),
)

2019-12-14 11:20:07 response :
------------

2019-12-14 11:20:11 trace :
------------
String:
<xml><ToUserName><![CDATA[gh_f9b894563ef4]]></ToUserName>
<FromUserName><![CDATA[o5V8y1VtN42KRRYcbyHWuY3cHbRA]]></FromUserName>
<CreateTime>1576293611</CreateTime>
<MsgType><![CDATA[event]]></MsgType>
<Event><![CDATA[VIEW]]></Event>
<EventKey><![CDATA[http://www.boyufengmao.com/app/index.php?i=6&c=entry&m=ewei_shopv2&do=mobile&r=diypage&id=35]]></EventKey>
<MenuId>445261982</MenuId>
</xml>

2019-12-14 11:20:11 params :
------------
String:
array (
  'rule' => -2,
  'module' => '',
  'message' => 
  array (
    'tousername' => 'gh_f9b894563ef4',
    'fromusername' => 'o5V8y1VtN42KRRYcbyHWuY3cHbRA',
    'createtime' => '1576293611',
    'msgtype' => 'event',
    'event' => 'VIEW',
    'eventkey' => 'http://www.boyufengmao.com/app/index.php?i=6&c=entry&m=ewei_shopv2&do=mobile&r=diypage&id=35',
    'menuid' => '445261982',
    'from' => 'o5V8y1VtN42KRRYcbyHWuY3cHbRA',
    'to' => 'gh_f9b894563ef4',
    'time' => '1576293611',
    'type' => 'text',
    'content' => 'http://www.boyufengmao.com/app/index.php?i=6&c=entry&m=ewei_shopv2&do=mobile&r=diypage&id=35',
    'redirection' => true,
    'source' => 'VIEW',
  ),
)

2019-12-14 11:20:11 response :
------------

2019-12-14 11:20:51 trace :
------------
String:
<xml><ToUserName><![CDATA[gh_f9b894563ef4]]></ToUserName>
<FromUserName><![CDATA[o5V8y1VtN42KRRYcbyHWuY3cHbRA]]></FromUserName>
<CreateTime>1576293651</CreateTime>
<MsgType><![CDATA[event]]></MsgType>
<Event><![CDATA[VIEW]]></Event>
<EventKey><![CDATA[http://www.boyufengmao.com/app/index.php?i=6&c=entry&m=ewei_shopv2&do=mobile]]></EventKey>
<MenuId>445261982</MenuId>
</xml>

2019-12-14 11:20:51 params :
------------
String:
array (
  'rule' => -2,
  'module' => '',
  'message' => 
  array (
    'tousername' => 'gh_f9b894563ef4',
    'fromusername' => 'o5V8y1VtN42KRRYcbyHWuY3cHbRA',
    'createtime' => '1576293651',
    'msgtype' => 'event',
    'event' => 'VIEW',
    'eventkey' => 'http://www.boyufengmao.com/app/index.php?i=6&c=entry&m=ewei_shopv2&do=mobile',
    'menuid' => '445261982',
    'from' => 'o5V8y1VtN42KRRYcbyHWuY3cHbRA',
    'to' => 'gh_f9b894563ef4',
    'time' => '1576293651',
    'type' => 'text',
    'content' => 'http://www.boyufengmao.com/app/index.php?i=6&c=entry&m=ewei_shopv2&do=mobile',
    'redirection' => true,
    'source' => 'VIEW',
  ),
)

2019-12-14 11:20:51 response :
------------

2019-12-14 11:20:53 trace :
------------
String:
<xml><ToUserName><![CDATA[gh_f9b894563ef4]]></ToUserName>
<FromUserName><![CDATA[o5V8y1VtN42KRRYcbyHWuY3cHbRA]]></FromUserName>
<CreateTime>1576293653</CreateTime>
<MsgType><![CDATA[event]]></MsgType>
<Event><![CDATA[VIEW]]></Event>
<EventKey><![CDATA[http://www.boyufengmao.com/app/index.php?i=6&c=entry&m=ewei_shopv2&do=mobile]]></EventKey>
<MenuId>445261982</MenuId>
</xml>

2019-12-14 11:20:53 params :
------------
String:
array (
  'rule' => -2,
  'module' => '',
  'message' => 
  array (
    'tousername' => 'gh_f9b894563ef4',
    'fromusername' => 'o5V8y1VtN42KRRYcbyHWuY3cHbRA',
    'createtime' => '1576293653',
    'msgtype' => 'event',
    'event' => 'VIEW',
    'eventkey' => 'http://www.boyufengmao.com/app/index.php?i=6&c=entry&m=ewei_shopv2&do=mobile',
    'menuid' => '445261982',
    'from' => 'o5V8y1VtN42KRRYcbyHWuY3cHbRA',
    'to' => 'gh_f9b894563ef4',
    'time' => '1576293653',
    'type' => 'text',
    'content' => 'http://www.boyufengmao.com/app/index.php?i=6&c=entry&m=ewei_shopv2&do=mobile',
    'redirection' => true,
    'source' => 'VIEW',
  ),
)

2019-12-14 11:20:53 response :
------------

2019-12-14 11:21:00 trace :
------------
String:
<xml><ToUserName><![CDATA[gh_f9b894563ef4]]></ToUserName>
<FromUserName><![CDATA[o5V8y1VtN42KRRYcbyHWuY3cHbRA]]></FromUserName>
<CreateTime>1576293660</CreateTime>
<MsgType><![CDATA[text]]></MsgType>
<Content><![CDATA[15395100168]]></Content>
<MsgId>22567101179527087</MsgId>
</xml>

2019-12-14 11:21:00 params :
------------
String:
array (
  'rule' => -2,
  'module' => '',
  'message' => 
  array (
    'tousername' => 'gh_f9b894563ef4',
    'fromusername' => 'o5V8y1VtN42KRRYcbyHWuY3cHbRA',
    'createtime' => '1576293660',
    'msgtype' => 'text',
    'content' => '15395100168',
    'msgid' => '22567101179527087',
    'from' => 'o5V8y1VtN42KRRYcbyHWuY3cHbRA',
    'to' => 'gh_f9b894563ef4',
    'time' => '1576293660',
    'type' => 'text',
    'event' => NULL,
    'redirection' => false,
    'source' => NULL,
  ),
)

2019-12-14 11:21:00 response :
------------

2019-12-14 11:28:53 trace :
------------
String:
<xml><ToUserName><![CDATA[gh_798963d6b623]]></ToUserName>
<FromUserName><![CDATA[oa1g_1H6fyBQ9nUZcHi2iBuTFY5M]]></FromUserName>
<CreateTime>1576294133</CreateTime>
<MsgType><![CDATA[event]]></MsgType>
<Event><![CDATA[VIEW]]></Event>
<EventKey><![CDATA[http://www.boyufengmao.com/app/index.php?i=9&c=entry&m=ewei_shopv2&do=mobile]]></EventKey>
<MenuId>438246249</MenuId>
</xml>

2019-12-14 11:28:53 params :
------------
String:
array (
  'rule' => -2,
  'module' => '',
  'message' => 
  array (
    'tousername' => 'gh_798963d6b623',
    'fromusername' => 'oa1g_1H6fyBQ9nUZcHi2iBuTFY5M',
    'createtime' => '1576294133',
    'msgtype' => 'event',
    'event' => 'VIEW',
    'eventkey' => 'http://www.boyufengmao.com/app/index.php?i=9&c=entry&m=ewei_shopv2&do=mobile',
    'menuid' => '438246249',
    'from' => 'oa1g_1H6fyBQ9nUZcHi2iBuTFY5M',
    'to' => 'gh_798963d6b623',
    'time' => '1576294133',
    'type' => 'text',
    'content' => 'http://www.boyufengmao.com/app/index.php?i=9&c=entry&m=ewei_shopv2&do=mobile',
    'redirection' => true,
    'source' => 'VIEW',
  ),
)

2019-12-14 11:28:53 response :
------------

2019-12-14 12:10:20 trace :
------------
String:
<xml><ToUserName><![CDATA[gh_f9b894563ef4]]></ToUserName>
<FromUserName><![CDATA[o5V8y1QLZRDH2ld6Ii08FJqUAYmQ]]></FromUserName>
<CreateTime>1576296620</CreateTime>
<MsgType><![CDATA[event]]></MsgType>
<Event><![CDATA[SCAN]]></Event>
<EventKey><![CDATA[business:5864a01773794135a05fba69901b7199]]></EventKey>
<Ticket><![CDATA[gQGj8DwAAAAAAAAAAS5odHRwOi8vd2VpeGluLnFxLmNvbS9xLzAyZ3RQMXQ5QnZjT2wxMDAwMHcwN2oAAgQPhH9cAwQAAAAA]]></Ticket>
</xml>

2019-12-14 12:10:20 params :
------------
String:
array (
  'rule' => -2,
  'module' => '',
  'message' => 
  array (
    'tousername' => 'gh_f9b894563ef4',
    'fromusername' => 'o5V8y1QLZRDH2ld6Ii08FJqUAYmQ',
    'createtime' => '1576296620',
    'msgtype' => 'event',
    'event' => 'SCAN',
    'eventkey' => 'business:5864a01773794135a05fba69901b7199',
    'ticket' => 'gQGj8DwAAAAAAAAAAS5odHRwOi8vd2VpeGluLnFxLmNvbS9xLzAyZ3RQMXQ5QnZjT2wxMDAwMHcwN2oAAgQPhH9cAwQAAAAA',
    'from' => 'o5V8y1QLZRDH2ld6Ii08FJqUAYmQ',
    'to' => 'gh_f9b894563ef4',
    'time' => '1576296620',
    'type' => 'text',
    'scene' => 'business:5864a01773794135a05fba69901b7199',
    'redirection' => true,
    'source' => 'qr',
  ),
)

2019-12-14 12:10:20 response :
------------

2019-12-14 12:10:29 trace :
------------
String:
<xml><ToUserName><![CDATA[gh_f9b894563ef4]]></ToUserName>
<FromUserName><![CDATA[o5V8y1QLZRDH2ld6Ii08FJqUAYmQ]]></FromUserName>
<CreateTime>1576296629</CreateTime>
<MsgType><![CDATA[event]]></MsgType>
<Event><![CDATA[VIEW]]></Event>
<EventKey><![CDATA[http://www.boyufengmao.com/app/index.php?i=6&c=entry&m=ewei_shopv2&do=mobile]]></EventKey>
<MenuId>445261982</MenuId>
</xml>

2019-12-14 12:10:29 params :
------------
String:
array (
  'rule' => -2,
  'module' => '',
  'message' => 
  array (
    'tousername' => 'gh_f9b894563ef4',
    'fromusername' => 'o5V8y1QLZRDH2ld6Ii08FJqUAYmQ',
    'createtime' => '1576296629',
    'msgtype' => 'event',
    'event' => 'VIEW',
    'eventkey' => 'http://www.boyufengmao.com/app/index.php?i=6&c=entry&m=ewei_shopv2&do=mobile',
    'menuid' => '445261982',
    'from' => 'o5V8y1QLZRDH2ld6Ii08FJqUAYmQ',
    'to' => 'gh_f9b894563ef4',
    'time' => '1576296629',
    'type' => 'text',
    'content' => 'http://www.boyufengmao.com/app/index.php?i=6&c=entry&m=ewei_shopv2&do=mobile',
    'redirection' => true,
    'source' => 'VIEW',
  ),
)

2019-12-14 12:10:29 response :
------------

2019-12-14 12:48:04 trace :
------------
String:
<xml><ToUserName><![CDATA[gh_f9b894563ef4]]></ToUserName>
<FromUserName><![CDATA[o5V8y1Q9zKbkSZ-R_te1cwc4GX8g]]></FromUserName>
<CreateTime>1576298884</CreateTime>
<MsgType><![CDATA[event]]></MsgType>
<Event><![CDATA[SCAN]]></Event>
<EventKey><![CDATA[business:5864a01773794135a05fba69901b7199]]></EventKey>
<Ticket><![CDATA[gQGj8DwAAAAAAAAAAS5odHRwOi8vd2VpeGluLnFxLmNvbS9xLzAyZ3RQMXQ5QnZjT2wxMDAwMHcwN2oAAgQPhH9cAwQAAAAA]]></Ticket>
</xml>

2019-12-14 12:48:04 params :
------------
String:
array (
  'rule' => -2,
  'module' => '',
  'message' => 
  array (
    'tousername' => 'gh_f9b894563ef4',
    'fromusername' => 'o5V8y1Q9zKbkSZ-R_te1cwc4GX8g',
    'createtime' => '1576298884',
    'msgtype' => 'event',
    'event' => 'SCAN',
    'eventkey' => 'business:5864a01773794135a05fba69901b7199',
    'ticket' => 'gQGj8DwAAAAAAAAAAS5odHRwOi8vd2VpeGluLnFxLmNvbS9xLzAyZ3RQMXQ5QnZjT2wxMDAwMHcwN2oAAgQPhH9cAwQAAAAA',
    'from' => 'o5V8y1Q9zKbkSZ-R_te1cwc4GX8g',
    'to' => 'gh_f9b894563ef4',
    'time' => '1576298884',
    'type' => 'text',
    'scene' => 'business:5864a01773794135a05fba69901b7199',
    'redirection' => true,
    'source' => 'qr',
  ),
)

2019-12-14 12:48:04 response :
------------

2019-12-14 12:48:07 trace :
------------
String:
<xml><ToUserName><![CDATA[gh_f9b894563ef4]]></ToUserName>
<FromUserName><![CDATA[o5V8y1Q9zKbkSZ-R_te1cwc4GX8g]]></FromUserName>
<CreateTime>1576298887</CreateTime>
<MsgType><![CDATA[event]]></MsgType>
<Event><![CDATA[VIEW]]></Event>
<EventKey><![CDATA[http://www.boyufengmao.com/app/index.php?i=6&c=entry&m=ewei_shopv2&do=mobile]]></EventKey>
<MenuId>445261982</MenuId>
</xml>

2019-12-14 12:48:07 params :
------------
String:
array (
  'rule' => -2,
  'module' => '',
  'message' => 
  array (
    'tousername' => 'gh_f9b894563ef4',
    'fromusername' => 'o5V8y1Q9zKbkSZ-R_te1cwc4GX8g',
    'createtime' => '1576298887',
    'msgtype' => 'event',
    'event' => 'VIEW',
    'eventkey' => 'http://www.boyufengmao.com/app/index.php?i=6&c=entry&m=ewei_shopv2&do=mobile',
    'menuid' => '445261982',
    'from' => 'o5V8y1Q9zKbkSZ-R_te1cwc4GX8g',
    'to' => 'gh_f9b894563ef4',
    'time' => '1576298887',
    'type' => 'text',
    'content' => 'http://www.boyufengmao.com/app/index.php?i=6&c=entry&m=ewei_shopv2&do=mobile',
    'redirection' => true,
    'source' => 'VIEW',
  ),
)

2019-12-14 12:48:07 response :
------------

2019-12-14 13:13:53 trace :
------------
String:
<xml><ToUserName><![CDATA[gh_7b3d37846b75]]></ToUserName>
<FromUserName><![CDATA[oZ5PY1F3PV5lSc84UeR02XsmwivA]]></FromUserName>
<CreateTime>1576300433</CreateTime>
<MsgType><![CDATA[event]]></MsgType>
<Event><![CDATA[unsubscribe]]></Event>
<EventKey><![CDATA[]]></EventKey>
</xml>

2019-12-14 13:34:27 trace :
------------
String:
<xml><ToUserName><![CDATA[gh_7b3d37846b75]]></ToUserName>
<FromUserName><![CDATA[oZ5PY1NbT2wiLq2zn5KMioeQ8alI]]></FromUserName>
<CreateTime>1576301667</CreateTime>
<MsgType><![CDATA[event]]></MsgType>
<Event><![CDATA[CLICK]]></Event>
<EventKey><![CDATA[订餐电话]]></EventKey>
</xml>

2019-12-14 13:34:27 params :
------------
String:
array (
  'message' => 
  array (
    'tousername' => 'gh_7b3d37846b75',
    'fromusername' => 'oZ5PY1NbT2wiLq2zn5KMioeQ8alI',
    'createtime' => '1576301667',
    'msgtype' => 'event',
    'event' => 'CLICK',
    'eventkey' => '订餐电话',
    'from' => 'oZ5PY1NbT2wiLq2zn5KMioeQ8alI',
    'to' => 'gh_7b3d37846b75',
    'time' => '1576301667',
    'type' => 'text',
    'content' => '订餐电话',
    'redirection' => true,
    'source' => 'click',
  ),
  'module' => 'reply',
  'rule' => '18',
  'priority' => '0',
  'keyword' => 
  array (
    'id' => '25',
    'rid' => '18',
    'uniacid' => '7',
    'module' => 'reply',
    'content' => '订餐电话',
    'type' => '2',
    'displayorder' => '0',
    'status' => '1',
    'reply_type' => 
    array (
      0 => 'basic',
    ),
  ),
  'reply_type' => 
  array (
    0 => 'basic',
  ),
)

2019-12-14 13:34:27 response :
------------
Array:
FromUserName : gh_7b3d37846b75 ;
ToUserName : oZ5PY1NbT2wiLq2zn5KMioeQ8alI ;
MsgType : text ;
Content : 欢迎拨打电话：02985262567订餐  ;

2019-12-14 13:35:32 trace :
------------
String:
<xml><ToUserName><![CDATA[gh_7b3d37846b75]]></ToUserName>
<FromUserName><![CDATA[oZ5PY1NbT2wiLq2zn5KMioeQ8alI]]></FromUserName>
<CreateTime>1576301731</CreateTime>
<MsgType><![CDATA[event]]></MsgType>
<Event><![CDATA[VIEW]]></Event>
<EventKey><![CDATA[http://www.boyufengmao.com/app/index.php?i=7&c=entry&m=ewei_shopv2&do=mobile&r=member]]></EventKey>
<MenuId>516312345</MenuId>
</xml>

2019-12-14 13:35:32 params :
------------
String:
array (
  'rule' => -2,
  'module' => '',
  'message' => 
  array (
    'tousername' => 'gh_7b3d37846b75',
    'fromusername' => 'oZ5PY1NbT2wiLq2zn5KMioeQ8alI',
    'createtime' => '1576301731',
    'msgtype' => 'event',
    'event' => 'VIEW',
    'eventkey' => 'http://www.boyufengmao.com/app/index.php?i=7&c=entry&m=ewei_shopv2&do=mobile&r=member',
    'menuid' => '516312345',
    'from' => 'oZ5PY1NbT2wiLq2zn5KMioeQ8alI',
    'to' => 'gh_7b3d37846b75',
    'time' => '1576301731',
    'type' => 'text',
    'content' => 'http://www.boyufengmao.com/app/index.php?i=7&c=entry&m=ewei_shopv2&do=mobile&r=member',
    'redirection' => true,
    'source' => 'VIEW',
  ),
)

2019-12-14 13:35:32 response :
------------

2019-12-14 14:23:50 trace :
------------
String:
<xml><ToUserName><![CDATA[gh_f9b894563ef4]]></ToUserName>
<FromUserName><![CDATA[o5V8y1aX1TYiwFdTIGBn7X_dxxLA]]></FromUserName>
<CreateTime>1576304630</CreateTime>
<MsgType><![CDATA[event]]></MsgType>
<Event><![CDATA[SCAN]]></Event>
<EventKey><![CDATA[business:5864a01773794135a05fba69901b7199]]></EventKey>
<Ticket><![CDATA[gQGj8DwAAAAAAAAAAS5odHRwOi8vd2VpeGluLnFxLmNvbS9xLzAyZ3RQMXQ5QnZjT2wxMDAwMHcwN2oAAgQPhH9cAwQAAAAA]]></Ticket>
</xml>

2019-12-14 14:23:50 params :
------------
String:
array (
  'rule' => -2,
  'module' => '',
  'message' => 
  array (
    'tousername' => 'gh_f9b894563ef4',
    'fromusername' => 'o5V8y1aX1TYiwFdTIGBn7X_dxxLA',
    'createtime' => '1576304630',
    'msgtype' => 'event',
    'event' => 'SCAN',
    'eventkey' => 'business:5864a01773794135a05fba69901b7199',
    'ticket' => 'gQGj8DwAAAAAAAAAAS5odHRwOi8vd2VpeGluLnFxLmNvbS9xLzAyZ3RQMXQ5QnZjT2wxMDAwMHcwN2oAAgQPhH9cAwQAAAAA',
    'from' => 'o5V8y1aX1TYiwFdTIGBn7X_dxxLA',
    'to' => 'gh_f9b894563ef4',
    'time' => '1576304630',
    'type' => 'text',
    'scene' => 'business:5864a01773794135a05fba69901b7199',
    'redirection' => true,
    'source' => 'qr',
  ),
)

2019-12-14 14:23:50 response :
------------

2019-12-14 14:24:08 trace :
------------
String:
<xml><ToUserName><![CDATA[gh_f9b894563ef4]]></ToUserName>
<FromUserName><![CDATA[o5V8y1aX1TYiwFdTIGBn7X_dxxLA]]></FromUserName>
<CreateTime>1576304648</CreateTime>
<MsgType><![CDATA[event]]></MsgType>
<Event><![CDATA[VIEW]]></Event>
<EventKey><![CDATA[http://www.boyufengmao.com/app/index.php?i=6&c=entry&m=ewei_shopv2&do=mobile]]></EventKey>
<MenuId>445261982</MenuId>
</xml>

2019-12-14 14:24:08 params :
------------
String:
array (
  'rule' => -2,
  'module' => '',
  'message' => 
  array (
    'tousername' => 'gh_f9b894563ef4',
    'fromusername' => 'o5V8y1aX1TYiwFdTIGBn7X_dxxLA',
    'createtime' => '1576304648',
    'msgtype' => 'event',
    'event' => 'VIEW',
    'eventkey' => 'http://www.boyufengmao.com/app/index.php?i=6&c=entry&m=ewei_shopv2&do=mobile',
    'menuid' => '445261982',
    'from' => 'o5V8y1aX1TYiwFdTIGBn7X_dxxLA',
    'to' => 'gh_f9b894563ef4',
    'time' => '1576304648',
    'type' => 'text',
    'content' => 'http://www.boyufengmao.com/app/index.php?i=6&c=entry&m=ewei_shopv2&do=mobile',
    'redirection' => true,
    'source' => 'VIEW',
  ),
)

2019-12-14 14:24:08 response :
------------

2019-12-14 14:24:24 trace :
------------
String:
<xml><ToUserName><![CDATA[gh_f9b894563ef4]]></ToUserName>
<FromUserName><![CDATA[o5V8y1aX1TYiwFdTIGBn7X_dxxLA]]></FromUserName>
<CreateTime>1576304664</CreateTime>
<MsgType><![CDATA[event]]></MsgType>
<Event><![CDATA[VIEW]]></Event>
<EventKey><![CDATA[http://www.boyufengmao.com/app/index.php?i=6&c=entry&m=ewei_shopv2&do=mobile&r=diypage&id=35]]></EventKey>
<MenuId>445261982</MenuId>
</xml>

2019-12-14 14:24:24 params :
------------
String:
array (
  'rule' => -2,
  'module' => '',
  'message' => 
  array (
    'tousername' => 'gh_f9b894563ef4',
    'fromusername' => 'o5V8y1aX1TYiwFdTIGBn7X_dxxLA',
    'createtime' => '1576304664',
    'msgtype' => 'event',
    'event' => 'VIEW',
    'eventkey' => 'http://www.boyufengmao.com/app/index.php?i=6&c=entry&m=ewei_shopv2&do=mobile&r=diypage&id=35',
    'menuid' => '445261982',
    'from' => 'o5V8y1aX1TYiwFdTIGBn7X_dxxLA',
    'to' => 'gh_f9b894563ef4',
    'time' => '1576304664',
    'type' => 'text',
    'content' => 'http://www.boyufengmao.com/app/index.php?i=6&c=entry&m=ewei_shopv2&do=mobile&r=diypage&id=35',
    'redirection' => true,
    'source' => 'VIEW',
  ),
)

2019-12-14 14:24:24 response :
------------

2019-12-14 14:33:29 trace :
------------
String:
<xml><ToUserName><![CDATA[gh_f9b894563ef4]]></ToUserName>
<FromUserName><![CDATA[o5V8y1V9FVbqz4UQICQ0YdDU6oYk]]></FromUserName>
<CreateTime>1576305209</CreateTime>
<MsgType><![CDATA[event]]></MsgType>
<Event><![CDATA[VIEW]]></Event>
<EventKey><![CDATA[http://www.boyufengmao.com/app/index.php?i=6&c=entry&m=ewei_shopv2&do=mobile&r=diypage&id=35]]></EventKey>
<MenuId>445261982</MenuId>
</xml>

2019-12-14 14:33:29 params :
------------
String:
array (
  'rule' => -2,
  'module' => '',
  'message' => 
  array (
    'tousername' => 'gh_f9b894563ef4',
    'fromusername' => 'o5V8y1V9FVbqz4UQICQ0YdDU6oYk',
    'createtime' => '1576305209',
    'msgtype' => 'event',
    'event' => 'VIEW',
    'eventkey' => 'http://www.boyufengmao.com/app/index.php?i=6&c=entry&m=ewei_shopv2&do=mobile&r=diypage&id=35',
    'menuid' => '445261982',
    'from' => 'o5V8y1V9FVbqz4UQICQ0YdDU6oYk',
    'to' => 'gh_f9b894563ef4',
    'time' => '1576305209',
    'type' => 'text',
    'content' => 'http://www.boyufengmao.com/app/index.php?i=6&c=entry&m=ewei_shopv2&do=mobile&r=diypage&id=35',
    'redirection' => true,
    'source' => 'VIEW',
  ),
)

2019-12-14 14:33:29 response :
------------

2019-12-14 14:33:30 trace :
------------
String:
<xml><ToUserName><![CDATA[gh_f9b894563ef4]]></ToUserName>
<FromUserName><![CDATA[o5V8y1Y_zY76hg5i7T_4bimq19pA]]></FromUserName>
<CreateTime>1576305210</CreateTime>
<MsgType><![CDATA[event]]></MsgType>
<Event><![CDATA[SCAN]]></Event>
<EventKey><![CDATA[business:5864a01773794135a05fba69901b7199]]></EventKey>
<Ticket><![CDATA[gQGj8DwAAAAAAAAAAS5odHRwOi8vd2VpeGluLnFxLmNvbS9xLzAyZ3RQMXQ5QnZjT2wxMDAwMHcwN2oAAgQPhH9cAwQAAAAA]]></Ticket>
</xml>

2019-12-14 14:33:30 params :
------------
String:
array (
  'rule' => -2,
  'module' => '',
  'message' => 
  array (
    'tousername' => 'gh_f9b894563ef4',
    'fromusername' => 'o5V8y1Y_zY76hg5i7T_4bimq19pA',
    'createtime' => '1576305210',
    'msgtype' => 'event',
    'event' => 'SCAN',
    'eventkey' => 'business:5864a01773794135a05fba69901b7199',
    'ticket' => 'gQGj8DwAAAAAAAAAAS5odHRwOi8vd2VpeGluLnFxLmNvbS9xLzAyZ3RQMXQ5QnZjT2wxMDAwMHcwN2oAAgQPhH9cAwQAAAAA',
    'from' => 'o5V8y1Y_zY76hg5i7T_4bimq19pA',
    'to' => 'gh_f9b894563ef4',
    'time' => '1576305210',
    'type' => 'text',
    'scene' => 'business:5864a01773794135a05fba69901b7199',
    'redirection' => true,
    'source' => 'qr',
  ),
)

2019-12-14 14:33:30 response :
------------

2019-12-14 14:33:36 trace :
------------
String:
<xml><ToUserName><![CDATA[gh_f9b894563ef4]]></ToUserName>
<FromUserName><![CDATA[o5V8y1Y_zY76hg5i7T_4bimq19pA]]></FromUserName>
<CreateTime>1576305216</CreateTime>
<MsgType><![CDATA[event]]></MsgType>
<Event><![CDATA[VIEW]]></Event>
<EventKey><![CDATA[http://www.boyufengmao.com/app/index.php?i=6&c=entry&m=ewei_shopv2&do=mobile&r=diypage&id=35]]></EventKey>
<MenuId>445261982</MenuId>
</xml>

2019-12-14 14:33:36 params :
------------
String:
array (
  'rule' => -2,
  'module' => '',
  'message' => 
  array (
    'tousername' => 'gh_f9b894563ef4',
    'fromusername' => 'o5V8y1Y_zY76hg5i7T_4bimq19pA',
    'createtime' => '1576305216',
    'msgtype' => 'event',
    'event' => 'VIEW',
    'eventkey' => 'http://www.boyufengmao.com/app/index.php?i=6&c=entry&m=ewei_shopv2&do=mobile&r=diypage&id=35',
    'menuid' => '445261982',
    'from' => 'o5V8y1Y_zY76hg5i7T_4bimq19pA',
    'to' => 'gh_f9b894563ef4',
    'time' => '1576305216',
    'type' => 'text',
    'content' => 'http://www.boyufengmao.com/app/index.php?i=6&c=entry&m=ewei_shopv2&do=mobile&r=diypage&id=35',
    'redirection' => true,
    'source' => 'VIEW',
  ),
)

2019-12-14 14:33:36 response :
------------

2019-12-14 14:56:36 trace :
------------
String:
<xml><ToUserName><![CDATA[gh_f9b894563ef4]]></ToUserName>
<FromUserName><![CDATA[o5V8y1Thoi7fK83Mp2iSAEOKRAcI]]></FromUserName>
<CreateTime>1576306595</CreateTime>
<MsgType><![CDATA[event]]></MsgType>
<Event><![CDATA[unsubscribe]]></Event>
<EventKey><![CDATA[]]></EventKey>
</xml>

2019-12-14 15:12:27 trace :
------------
String:
<xml><ToUserName><![CDATA[gh_f9b894563ef4]]></ToUserName>
<FromUserName><![CDATA[o5V8y1bfQzsKeIFNly4bvP69xFqo]]></FromUserName>
<CreateTime>1576307547</CreateTime>
<MsgType><![CDATA[event]]></MsgType>
<Event><![CDATA[VIEW]]></Event>
<EventKey><![CDATA[http://www.boyufengmao.com/app/index.php?i=6&c=entry&m=ewei_shopv2&do=mobile]]></EventKey>
<MenuId>445261982</MenuId>
</xml>

2019-12-14 15:12:27 params :
------------
String:
array (
  'rule' => -2,
  'module' => '',
  'message' => 
  array (
    'tousername' => 'gh_f9b894563ef4',
    'fromusername' => 'o5V8y1bfQzsKeIFNly4bvP69xFqo',
    'createtime' => '1576307547',
    'msgtype' => 'event',
    'event' => 'VIEW',
    'eventkey' => 'http://www.boyufengmao.com/app/index.php?i=6&c=entry&m=ewei_shopv2&do=mobile',
    'menuid' => '445261982',
    'from' => 'o5V8y1bfQzsKeIFNly4bvP69xFqo',
    'to' => 'gh_f9b894563ef4',
    'time' => '1576307547',
    'type' => 'text',
    'content' => 'http://www.boyufengmao.com/app/index.php?i=6&c=entry&m=ewei_shopv2&do=mobile',
    'redirection' => true,
    'source' => 'VIEW',
  ),
)

2019-12-14 15:12:27 response :
------------

2019-12-14 15:12:28 trace :
------------
String:
<xml><ToUserName><![CDATA[gh_f9b894563ef4]]></ToUserName>
<FromUserName><![CDATA[o5V8y1bfQzsKeIFNly4bvP69xFqo]]></FromUserName>
<CreateTime>1576307548</CreateTime>
<MsgType><![CDATA[event]]></MsgType>
<Event><![CDATA[VIEW]]></Event>
<EventKey><![CDATA[http://www.boyufengmao.com/app/index.php?i=6&c=entry&m=ewei_shopv2&do=mobile]]></EventKey>
<MenuId>445261982</MenuId>
</xml>

2019-12-14 15:12:28 params :
------------
String:
array (
  'rule' => -2,
  'module' => '',
  'message' => 
  array (
    'tousername' => 'gh_f9b894563ef4',
    'fromusername' => 'o5V8y1bfQzsKeIFNly4bvP69xFqo',
    'createtime' => '1576307548',
    'msgtype' => 'event',
    'event' => 'VIEW',
    'eventkey' => 'http://www.boyufengmao.com/app/index.php?i=6&c=entry&m=ewei_shopv2&do=mobile',
    'menuid' => '445261982',
    'from' => 'o5V8y1bfQzsKeIFNly4bvP69xFqo',
    'to' => 'gh_f9b894563ef4',
    'time' => '1576307548',
    'type' => 'text',
    'content' => 'http://www.boyufengmao.com/app/index.php?i=6&c=entry&m=ewei_shopv2&do=mobile',
    'redirection' => true,
    'source' => 'VIEW',
  ),
)

2019-12-14 15:12:28 response :
------------

2019-12-14 15:16:47 trace :
------------
String:
<xml><ToUserName><![CDATA[gh_f9b894563ef4]]></ToUserName>
<FromUserName><![CDATA[o5V8y1aHsE0UfHs2P9p8EQ3WcelE]]></FromUserName>
<CreateTime>1576307806</CreateTime>
<MsgType><![CDATA[event]]></MsgType>
<Event><![CDATA[TEMPLATESENDJOBFINISH]]></Event>
<MsgID>1119300954672742400</MsgID>
<Status><![CDATA[success]]></Status>
</xml>

2019-12-14 15:16:47 params :
------------
String:
array (
  'rule' => -2,
  'module' => '',
  'message' => 
  array (
    'tousername' => 'gh_f9b894563ef4',
    'fromusername' => 'o5V8y1aHsE0UfHs2P9p8EQ3WcelE',
    'createtime' => '1576307806',
    'msgtype' => 'event',
    'event' => 'TEMPLATESENDJOBFINISH',
    'msgid' => '1119300954672742400',
    'status' => 'success',
    'from' => 'o5V8y1aHsE0UfHs2P9p8EQ3WcelE',
    'to' => 'gh_f9b894563ef4',
    'time' => '1576307806',
    'type' => 'event',
  ),
)

2019-12-14 15:16:47 response :
------------

2019-12-14 15:32:25 trace :
------------
String:
<xml><ToUserName><![CDATA[gh_f9b894563ef4]]></ToUserName>
<FromUserName><![CDATA[o5V8y1Y91egx6R5v0FkeSQ53BTLY]]></FromUserName>
<CreateTime>1576308745</CreateTime>
<MsgType><![CDATA[event]]></MsgType>
<Event><![CDATA[SCAN]]></Event>
<EventKey><![CDATA[business:5864a01773794135a05fba69901b7199]]></EventKey>
<Ticket><![CDATA[gQGj8DwAAAAAAAAAAS5odHRwOi8vd2VpeGluLnFxLmNvbS9xLzAyZ3RQMXQ5QnZjT2wxMDAwMHcwN2oAAgQPhH9cAwQAAAAA]]></Ticket>
</xml>

2019-12-14 15:32:25 params :
------------
String:
array (
  'rule' => -2,
  'module' => '',
  'message' => 
  array (
    'tousername' => 'gh_f9b894563ef4',
    'fromusername' => 'o5V8y1Y91egx6R5v0FkeSQ53BTLY',
    'createtime' => '1576308745',
    'msgtype' => 'event',
    'event' => 'SCAN',
    'eventkey' => 'business:5864a01773794135a05fba69901b7199',
    'ticket' => 'gQGj8DwAAAAAAAAAAS5odHRwOi8vd2VpeGluLnFxLmNvbS9xLzAyZ3RQMXQ5QnZjT2wxMDAwMHcwN2oAAgQPhH9cAwQAAAAA',
    'from' => 'o5V8y1Y91egx6R5v0FkeSQ53BTLY',
    'to' => 'gh_f9b894563ef4',
    'time' => '1576308745',
    'type' => 'text',
    'scene' => 'business:5864a01773794135a05fba69901b7199',
    'redirection' => true,
    'source' => 'qr',
  ),
)

2019-12-14 15:32:25 response :
------------

2019-12-14 15:32:34 trace :
------------
String:
<xml><ToUserName><![CDATA[gh_f9b894563ef4]]></ToUserName>
<FromUserName><![CDATA[o5V8y1Y91egx6R5v0FkeSQ53BTLY]]></FromUserName>
<CreateTime>1576308754</CreateTime>
<MsgType><![CDATA[event]]></MsgType>
<Event><![CDATA[VIEW]]></Event>
<EventKey><![CDATA[http://www.boyufengmao.com/app/index.php?i=6&c=entry&m=ewei_shopv2&do=mobile&r=diypage&id=35]]></EventKey>
<MenuId>445261982</MenuId>
</xml>

2019-12-14 15:32:34 params :
------------
String:
array (
  'rule' => -2,
  'module' => '',
  'message' => 
  array (
    'tousername' => 'gh_f9b894563ef4',
    'fromusername' => 'o5V8y1Y91egx6R5v0FkeSQ53BTLY',
    'createtime' => '1576308754',
    'msgtype' => 'event',
    'event' => 'VIEW',
    'eventkey' => 'http://www.boyufengmao.com/app/index.php?i=6&c=entry&m=ewei_shopv2&do=mobile&r=diypage&id=35',
    'menuid' => '445261982',
    'from' => 'o5V8y1Y91egx6R5v0FkeSQ53BTLY',
    'to' => 'gh_f9b894563ef4',
    'time' => '1576308754',
    'type' => 'text',
    'content' => 'http://www.boyufengmao.com/app/index.php?i=6&c=entry&m=ewei_shopv2&do=mobile&r=diypage&id=35',
    'redirection' => true,
    'source' => 'VIEW',
  ),
)

2019-12-14 15:32:34 response :
------------

2019-12-14 15:33:13 trace :
------------
String:
<xml><ToUserName><![CDATA[gh_f9b894563ef4]]></ToUserName>
<FromUserName><![CDATA[o5V8y1Y91egx6R5v0FkeSQ53BTLY]]></FromUserName>
<CreateTime>1576308793</CreateTime>
<MsgType><![CDATA[event]]></MsgType>
<Event><![CDATA[VIEW]]></Event>
<EventKey><![CDATA[http://www.boyufengmao.com/app/index.php?i=6&c=entry&m=ewei_shopv2&do=mobile&r=diypage&id=35]]></EventKey>
<MenuId>445261982</MenuId>
</xml>

2019-12-14 15:33:13 params :
------------
String:
array (
  'rule' => -2,
  'module' => '',
  'message' => 
  array (
    'tousername' => 'gh_f9b894563ef4',
    'fromusername' => 'o5V8y1Y91egx6R5v0FkeSQ53BTLY',
    'createtime' => '1576308793',
    'msgtype' => 'event',
    'event' => 'VIEW',
    'eventkey' => 'http://www.boyufengmao.com/app/index.php?i=6&c=entry&m=ewei_shopv2&do=mobile&r=diypage&id=35',
    'menuid' => '445261982',
    'from' => 'o5V8y1Y91egx6R5v0FkeSQ53BTLY',
    'to' => 'gh_f9b894563ef4',
    'time' => '1576308793',
    'type' => 'text',
    'content' => 'http://www.boyufengmao.com/app/index.php?i=6&c=entry&m=ewei_shopv2&do=mobile&r=diypage&id=35',
    'redirection' => true,
    'source' => 'VIEW',
  ),
)

2019-12-14 15:33:13 response :
------------

2019-12-14 15:49:10 trace :
------------
String:
<xml><ToUserName><![CDATA[gh_f9b894563ef4]]></ToUserName>
<FromUserName><![CDATA[o5V8y1VtN42KRRYcbyHWuY3cHbRA]]></FromUserName>
<CreateTime>1576309750</CreateTime>
<MsgType><![CDATA[event]]></MsgType>
<Event><![CDATA[SCAN]]></Event>
<EventKey><![CDATA[business:5864a01773794135a05fba69901b7199]]></EventKey>
<Ticket><![CDATA[gQGj8DwAAAAAAAAAAS5odHRwOi8vd2VpeGluLnFxLmNvbS9xLzAyZ3RQMXQ5QnZjT2wxMDAwMHcwN2oAAgQPhH9cAwQAAAAA]]></Ticket>
</xml>

2019-12-14 15:49:10 params :
------------
String:
array (
  'rule' => -2,
  'module' => '',
  'message' => 
  array (
    'tousername' => 'gh_f9b894563ef4',
    'fromusername' => 'o5V8y1VtN42KRRYcbyHWuY3cHbRA',
    'createtime' => '1576309750',
    'msgtype' => 'event',
    'event' => 'SCAN',
    'eventkey' => 'business:5864a01773794135a05fba69901b7199',
    'ticket' => 'gQGj8DwAAAAAAAAAAS5odHRwOi8vd2VpeGluLnFxLmNvbS9xLzAyZ3RQMXQ5QnZjT2wxMDAwMHcwN2oAAgQPhH9cAwQAAAAA',
    'from' => 'o5V8y1VtN42KRRYcbyHWuY3cHbRA',
    'to' => 'gh_f9b894563ef4',
    'time' => '1576309750',
    'type' => 'text',
    'scene' => 'business:5864a01773794135a05fba69901b7199',
    'redirection' => true,
    'source' => 'qr',
  ),
)

2019-12-14 15:49:10 response :
------------

2019-12-14 15:49:26 trace :
------------
String:
<xml><ToUserName><![CDATA[gh_f9b894563ef4]]></ToUserName>
<FromUserName><![CDATA[o5V8y1VtN42KRRYcbyHWuY3cHbRA]]></FromUserName>
<CreateTime>1576309766</CreateTime>
<MsgType><![CDATA[event]]></MsgType>
<Event><![CDATA[VIEW]]></Event>
<EventKey><![CDATA[http://www.boyufengmao.com/app/index.php?i=6&c=entry&m=ewei_shopv2&do=mobile&r=diypage&id=35]]></EventKey>
<MenuId>445261982</MenuId>
</xml>

2019-12-14 15:49:26 params :
------------
String:
array (
  'rule' => -2,
  'module' => '',
  'message' => 
  array (
    'tousername' => 'gh_f9b894563ef4',
    'fromusername' => 'o5V8y1VtN42KRRYcbyHWuY3cHbRA',
    'createtime' => '1576309766',
    'msgtype' => 'event',
    'event' => 'VIEW',
    'eventkey' => 'http://www.boyufengmao.com/app/index.php?i=6&c=entry&m=ewei_shopv2&do=mobile&r=diypage&id=35',
    'menuid' => '445261982',
    'from' => 'o5V8y1VtN42KRRYcbyHWuY3cHbRA',
    'to' => 'gh_f9b894563ef4',
    'time' => '1576309766',
    'type' => 'text',
    'content' => 'http://www.boyufengmao.com/app/index.php?i=6&c=entry&m=ewei_shopv2&do=mobile&r=diypage&id=35',
    'redirection' => true,
    'source' => 'VIEW',
  ),
)

2019-12-14 15:49:26 response :
------------

2019-12-14 15:49:35 trace :
------------
String:
<xml><ToUserName><![CDATA[gh_f9b894563ef4]]></ToUserName>
<FromUserName><![CDATA[o5V8y1VtN42KRRYcbyHWuY3cHbRA]]></FromUserName>
<CreateTime>1576309774</CreateTime>
<MsgType><![CDATA[event]]></MsgType>
<Event><![CDATA[VIEW]]></Event>
<EventKey><![CDATA[http://www.boyufengmao.com/app/index.php?i=6&c=entry&m=ewei_shopv2&do=mobile]]></EventKey>
<MenuId>445261982</MenuId>
</xml>

2019-12-14 15:49:35 params :
------------
String:
array (
  'rule' => -2,
  'module' => '',
  'message' => 
  array (
    'tousername' => 'gh_f9b894563ef4',
    'fromusername' => 'o5V8y1VtN42KRRYcbyHWuY3cHbRA',
    'createtime' => '1576309774',
    'msgtype' => 'event',
    'event' => 'VIEW',
    'eventkey' => 'http://www.boyufengmao.com/app/index.php?i=6&c=entry&m=ewei_shopv2&do=mobile',
    'menuid' => '445261982',
    'from' => 'o5V8y1VtN42KRRYcbyHWuY3cHbRA',
    'to' => 'gh_f9b894563ef4',
    'time' => '1576309774',
    'type' => 'text',
    'content' => 'http://www.boyufengmao.com/app/index.php?i=6&c=entry&m=ewei_shopv2&do=mobile',
    'redirection' => true,
    'source' => 'VIEW',
  ),
)

2019-12-14 15:49:35 response :
------------

2019-12-14 16:36:49 trace :
------------
String:
<xml><ToUserName><![CDATA[gh_62bcc2f9639d]]></ToUserName>
<FromUserName><![CDATA[opjhUwGo3nB0v5TwIA-BDnTD0Ps4]]></FromUserName>
<CreateTime>1576312609</CreateTime>
<MsgType><![CDATA[event]]></MsgType>
<Event><![CDATA[VIEW]]></Event>
<EventKey><![CDATA[http://www.boyufengmao.com/app/index.php?i=10&c=entry&m=ewei_shopv2&do=mobile]]></EventKey>
<MenuId>432207807</MenuId>
</xml>

2019-12-14 16:36:49 params :
------------
String:
array (
  'rule' => -2,
  'module' => '',
  'message' => 
  array (
    'tousername' => 'gh_62bcc2f9639d',
    'fromusername' => 'opjhUwGo3nB0v5TwIA-BDnTD0Ps4',
    'createtime' => '1576312609',
    'msgtype' => 'event',
    'event' => 'VIEW',
    'eventkey' => 'http://www.boyufengmao.com/app/index.php?i=10&c=entry&m=ewei_shopv2&do=mobile',
    'menuid' => '432207807',
    'from' => 'opjhUwGo3nB0v5TwIA-BDnTD0Ps4',
    'to' => 'gh_62bcc2f9639d',
    'time' => '1576312609',
    'type' => 'text',
    'content' => 'http://www.boyufengmao.com/app/index.php?i=10&c=entry&m=ewei_shopv2&do=mobile',
    'redirection' => true,
    'source' => 'VIEW',
  ),
)

2019-12-14 16:36:49 response :
------------

2019-12-14 17:18:11 trace :
------------
String:
<xml><ToUserName><![CDATA[gh_f9b894563ef4]]></ToUserName>
<FromUserName><![CDATA[o5V8y1QwxRyu8-waHa3VA2yugc48]]></FromUserName>
<CreateTime>1576315091</CreateTime>
<MsgType><![CDATA[event]]></MsgType>
<Event><![CDATA[unsubscribe]]></Event>
<EventKey><![CDATA[]]></EventKey>
</xml>

2019-12-14 18:34:42 trace :
------------
String:
<xml><ToUserName><![CDATA[gh_62bcc2f9639d]]></ToUserName>
<FromUserName><![CDATA[opjhUwD2z7I9H9hfxdBaz75glQdM]]></FromUserName>
<CreateTime>1576319682</CreateTime>
<MsgType><![CDATA[event]]></MsgType>
<Event><![CDATA[VIEW]]></Event>
<EventKey><![CDATA[http://www.boyufengmao.com/app/index.php?i=10&c=entry&m=ewei_shopv2&do=mobile]]></EventKey>
<MenuId>432207807</MenuId>
</xml>

2019-12-14 18:34:42 params :
------------
String:
array (
  'rule' => -2,
  'module' => '',
  'message' => 
  array (
    'tousername' => 'gh_62bcc2f9639d',
    'fromusername' => 'opjhUwD2z7I9H9hfxdBaz75glQdM',
    'createtime' => '1576319682',
    'msgtype' => 'event',
    'event' => 'VIEW',
    'eventkey' => 'http://www.boyufengmao.com/app/index.php?i=10&c=entry&m=ewei_shopv2&do=mobile',
    'menuid' => '432207807',
    'from' => 'opjhUwD2z7I9H9hfxdBaz75glQdM',
    'to' => 'gh_62bcc2f9639d',
    'time' => '1576319682',
    'type' => 'text',
    'content' => 'http://www.boyufengmao.com/app/index.php?i=10&c=entry&m=ewei_shopv2&do=mobile',
    'redirection' => true,
    'source' => 'VIEW',
  ),
)

2019-12-14 18:34:42 response :
------------

2019-12-14 18:35:17 trace :
------------
String:
<xml><ToUserName><![CDATA[gh_62bcc2f9639d]]></ToUserName>
<FromUserName><![CDATA[opjhUwD2z7I9H9hfxdBaz75glQdM]]></FromUserName>
<CreateTime>1576319717</CreateTime>
<MsgType><![CDATA[event]]></MsgType>
<Event><![CDATA[VIEW]]></Event>
<EventKey><![CDATA[http://www.boyufengmao.com/app/index.php?i=10&c=entry&m=ewei_shopv2&do=mobile]]></EventKey>
<MenuId>432207807</MenuId>
</xml>

2019-12-14 18:35:17 params :
------------
String:
array (
  'rule' => -2,
  'module' => '',
  'message' => 
  array (
    'tousername' => 'gh_62bcc2f9639d',
    'fromusername' => 'opjhUwD2z7I9H9hfxdBaz75glQdM',
    'createtime' => '1576319717',
    'msgtype' => 'event',
    'event' => 'VIEW',
    'eventkey' => 'http://www.boyufengmao.com/app/index.php?i=10&c=entry&m=ewei_shopv2&do=mobile',
    'menuid' => '432207807',
    'from' => 'opjhUwD2z7I9H9hfxdBaz75glQdM',
    'to' => 'gh_62bcc2f9639d',
    'time' => '1576319717',
    'type' => 'text',
    'content' => 'http://www.boyufengmao.com/app/index.php?i=10&c=entry&m=ewei_shopv2&do=mobile',
    'redirection' => true,
    'source' => 'VIEW',
  ),
)

2019-12-14 18:35:17 response :
------------

2019-12-14 18:42:20 trace :
------------
String:
<xml><ToUserName><![CDATA[gh_f9b894563ef4]]></ToUserName>
<FromUserName><![CDATA[o5V8y1QLp42OqUSbVcWTLaUq151s]]></FromUserName>
<CreateTime>1576320140</CreateTime>
<MsgType><![CDATA[event]]></MsgType>
<Event><![CDATA[VIEW]]></Event>
<EventKey><![CDATA[http://www.boyufengmao.com/app/index.php?i=6&c=entry&m=ewei_shopv2&do=mobile&r=diypage&id=35]]></EventKey>
<MenuId>445261982</MenuId>
</xml>

2019-12-14 18:42:20 params :
------------
String:
array (
  'rule' => -2,
  'module' => '',
  'message' => 
  array (
    'tousername' => 'gh_f9b894563ef4',
    'fromusername' => 'o5V8y1QLp42OqUSbVcWTLaUq151s',
    'createtime' => '1576320140',
    'msgtype' => 'event',
    'event' => 'VIEW',
    'eventkey' => 'http://www.boyufengmao.com/app/index.php?i=6&c=entry&m=ewei_shopv2&do=mobile&r=diypage&id=35',
    'menuid' => '445261982',
    'from' => 'o5V8y1QLp42OqUSbVcWTLaUq151s',
    'to' => 'gh_f9b894563ef4',
    'time' => '1576320140',
    'type' => 'text',
    'content' => 'http://www.boyufengmao.com/app/index.php?i=6&c=entry&m=ewei_shopv2&do=mobile&r=diypage&id=35',
    'redirection' => true,
    'source' => 'VIEW',
  ),
)

2019-12-14 18:42:20 response :
------------

2019-12-14 20:13:55 trace :
------------
String:
<xml><ToUserName><![CDATA[gh_f9b894563ef4]]></ToUserName>
<FromUserName><![CDATA[o5V8y1clxALZBLk4ZFCIkKXmF7EY]]></FromUserName>
<CreateTime>1576325634</CreateTime>
<MsgType><![CDATA[event]]></MsgType>
<Event><![CDATA[TEMPLATESENDJOBFINISH]]></Event>
<MsgID>1119600057822609410</MsgID>
<Status><![CDATA[success]]></Status>
</xml>

2019-12-14 20:13:55 params :
------------
String:
array (
  'rule' => -2,
  'module' => '',
  'message' => 
  array (
    'tousername' => 'gh_f9b894563ef4',
    'fromusername' => 'o5V8y1clxALZBLk4ZFCIkKXmF7EY',
    'createtime' => '1576325634',
    'msgtype' => 'event',
    'event' => 'TEMPLATESENDJOBFINISH',
    'msgid' => '1119600057822609410',
    'status' => 'success',
    'from' => 'o5V8y1clxALZBLk4ZFCIkKXmF7EY',
    'to' => 'gh_f9b894563ef4',
    'time' => '1576325634',
    'type' => 'event',
  ),
)

2019-12-14 20:13:55 response :
------------

2019-12-14 20:20:26 trace :
------------
String:
<xml><ToUserName><![CDATA[gh_f9b894563ef4]]></ToUserName>
<FromUserName><![CDATA[o5V8y1fo7-v1eJptCIGpN4NqYaec]]></FromUserName>
<CreateTime>1576326025</CreateTime>
<MsgType><![CDATA[text]]></MsgType>
<Content><![CDATA[13992860428]]></Content>
<MsgId>22567562957585983</MsgId>
</xml>

2019-12-14 20:20:26 params :
------------
String:
array (
  'rule' => -2,
  'module' => '',
  'message' => 
  array (
    'tousername' => 'gh_f9b894563ef4',
    'fromusername' => 'o5V8y1fo7-v1eJptCIGpN4NqYaec',
    'createtime' => '1576326025',
    'msgtype' => 'text',
    'content' => '13992860428',
    'msgid' => '22567562957585983',
    'from' => 'o5V8y1fo7-v1eJptCIGpN4NqYaec',
    'to' => 'gh_f9b894563ef4',
    'time' => '1576326025',
    'type' => 'text',
    'event' => NULL,
    'redirection' => false,
    'source' => NULL,
  ),
)

2019-12-14 20:20:26 response :
------------

2019-12-14 20:20:44 trace :
------------
String:
<xml><ToUserName><![CDATA[gh_f9b894563ef4]]></ToUserName>
<FromUserName><![CDATA[o5V8y1fo7-v1eJptCIGpN4NqYaec]]></FromUserName>
<CreateTime>1576326043</CreateTime>
<MsgType><![CDATA[event]]></MsgType>
<Event><![CDATA[VIEW]]></Event>
<EventKey><![CDATA[http://www.boyufengmao.com/app/index.php?i=6&c=entry&m=ewei_shopv2&do=mobile&r=diypage&id=35]]></EventKey>
<MenuId>445261982</MenuId>
</xml>

2019-12-14 20:20:44 params :
------------
String:
array (
  'rule' => -2,
  'module' => '',
  'message' => 
  array (
    'tousername' => 'gh_f9b894563ef4',
    'fromusername' => 'o5V8y1fo7-v1eJptCIGpN4NqYaec',
    'createtime' => '1576326043',
    'msgtype' => 'event',
    'event' => 'VIEW',
    'eventkey' => 'http://www.boyufengmao.com/app/index.php?i=6&c=entry&m=ewei_shopv2&do=mobile&r=diypage&id=35',
    'menuid' => '445261982',
    'from' => 'o5V8y1fo7-v1eJptCIGpN4NqYaec',
    'to' => 'gh_f9b894563ef4',
    'time' => '1576326043',
    'type' => 'text',
    'content' => 'http://www.boyufengmao.com/app/index.php?i=6&c=entry&m=ewei_shopv2&do=mobile&r=diypage&id=35',
    'redirection' => true,
    'source' => 'VIEW',
  ),
)

2019-12-14 20:20:44 response :
------------

2019-12-14 20:21:09 trace :
------------
String:
<xml><ToUserName><![CDATA[gh_f9b894563ef4]]></ToUserName>
<FromUserName><![CDATA[o5V8y1fo7-v1eJptCIGpN4NqYaec]]></FromUserName>
<CreateTime>1576326069</CreateTime>
<MsgType><![CDATA[event]]></MsgType>
<Event><![CDATA[VIEW]]></Event>
<EventKey><![CDATA[http://www.boyufengmao.com/app/index.php?i=6&c=entry&m=ewei_shopv2&do=mobile]]></EventKey>
<MenuId>445261982</MenuId>
</xml>

2019-12-14 20:21:09 params :
------------
String:
array (
  'rule' => -2,
  'module' => '',
  'message' => 
  array (
    'tousername' => 'gh_f9b894563ef4',
    'fromusername' => 'o5V8y1fo7-v1eJptCIGpN4NqYaec',
    'createtime' => '1576326069',
    'msgtype' => 'event',
    'event' => 'VIEW',
    'eventkey' => 'http://www.boyufengmao.com/app/index.php?i=6&c=entry&m=ewei_shopv2&do=mobile',
    'menuid' => '445261982',
    'from' => 'o5V8y1fo7-v1eJptCIGpN4NqYaec',
    'to' => 'gh_f9b894563ef4',
    'time' => '1576326069',
    'type' => 'text',
    'content' => 'http://www.boyufengmao.com/app/index.php?i=6&c=entry&m=ewei_shopv2&do=mobile',
    'redirection' => true,
    'source' => 'VIEW',
  ),
)

2019-12-14 20:21:09 response :
------------

2019-12-14 20:23:52 trace :
------------
String:
<xml><ToUserName><![CDATA[gh_f9b894563ef4]]></ToUserName>
<FromUserName><![CDATA[o5V8y1djTdVj4pRhEyJ4CQdfPkeQ]]></FromUserName>
<CreateTime>1576326232</CreateTime>
<MsgType><![CDATA[event]]></MsgType>
<Event><![CDATA[subscribe]]></Event>
<EventKey><![CDATA[qrscene_business:5864a01773794135a05fba69901b7199]]></EventKey>
<Ticket><![CDATA[gQGj8DwAAAAAAAAAAS5odHRwOi8vd2VpeGluLnFxLmNvbS9xLzAyZ3RQMXQ5QnZjT2wxMDAwMHcwN2oAAgQPhH9cAwQAAAAA]]></Ticket>
</xml>

2019-12-14 20:23:52 params :
------------
String:
array (
  'rule' => -2,
  'module' => '',
  'message' => 
  array (
    'tousername' => 'gh_f9b894563ef4',
    'fromusername' => 'o5V8y1djTdVj4pRhEyJ4CQdfPkeQ',
    'createtime' => '1576326232',
    'msgtype' => 'event',
    'event' => 'subscribe',
    'eventkey' => 'qrscene_business:5864a01773794135a05fba69901b7199',
    'ticket' => 'gQGj8DwAAAAAAAAAAS5odHRwOi8vd2VpeGluLnFxLmNvbS9xLzAyZ3RQMXQ5QnZjT2wxMDAwMHcwN2oAAgQPhH9cAwQAAAAA',
    'from' => 'o5V8y1djTdVj4pRhEyJ4CQdfPkeQ',
    'to' => 'gh_f9b894563ef4',
    'time' => '1576326232',
    'type' => 'text',
    'scene' => 'business:5864a01773794135a05fba69901b7199',
    'redirection' => true,
    'source' => 'subscribe',
  ),
)

2019-12-14 20:23:52 response :
------------

2019-12-14 20:23:55 trace :
------------
String:
<xml><ToUserName><![CDATA[gh_f9b894563ef4]]></ToUserName>
<FromUserName><![CDATA[o5V8y1djTdVj4pRhEyJ4CQdfPkeQ]]></FromUserName>
<CreateTime>1576326234</CreateTime>
<MsgType><![CDATA[event]]></MsgType>
<Event><![CDATA[VIEW]]></Event>
<EventKey><![CDATA[http://www.boyufengmao.com/app/index.php?i=6&c=entry&m=ewei_shopv2&do=mobile&r=diypage&id=35]]></EventKey>
<MenuId>445261982</MenuId>
</xml>

2019-12-14 20:23:55 params :
------------
String:
array (
  'rule' => -2,
  'module' => '',
  'message' => 
  array (
    'tousername' => 'gh_f9b894563ef4',
    'fromusername' => 'o5V8y1djTdVj4pRhEyJ4CQdfPkeQ',
    'createtime' => '1576326234',
    'msgtype' => 'event',
    'event' => 'VIEW',
    'eventkey' => 'http://www.boyufengmao.com/app/index.php?i=6&c=entry&m=ewei_shopv2&do=mobile&r=diypage&id=35',
    'menuid' => '445261982',
    'from' => 'o5V8y1djTdVj4pRhEyJ4CQdfPkeQ',
    'to' => 'gh_f9b894563ef4',
    'time' => '1576326234',
    'type' => 'text',
    'content' => 'http://www.boyufengmao.com/app/index.php?i=6&c=entry&m=ewei_shopv2&do=mobile&r=diypage&id=35',
    'redirection' => true,
    'source' => 'VIEW',
  ),
)

2019-12-14 20:23:55 response :
------------

2019-12-14 20:30:31 trace :
------------
String:
<xml><ToUserName><![CDATA[gh_f9b894563ef4]]></ToUserName>
<FromUserName><![CDATA[o5V8y1T-coPffoIIYEQffi-inFvg]]></FromUserName>
<CreateTime>1576326631</CreateTime>
<MsgType><![CDATA[event]]></MsgType>
<Event><![CDATA[VIEW]]></Event>
<EventKey><![CDATA[http://www.boyufengmao.com/app/index.php?i=6&c=entry&m=ewei_shopv2&do=mobile&r=diypage&id=35]]></EventKey>
<MenuId>445261982</MenuId>
</xml>

2019-12-14 20:30:31 params :
------------
String:
array (
  'rule' => -2,
  'module' => '',
  'message' => 
  array (
    'tousername' => 'gh_f9b894563ef4',
    'fromusername' => 'o5V8y1T-coPffoIIYEQffi-inFvg',
    'createtime' => '1576326631',
    'msgtype' => 'event',
    'event' => 'VIEW',
    'eventkey' => 'http://www.boyufengmao.com/app/index.php?i=6&c=entry&m=ewei_shopv2&do=mobile&r=diypage&id=35',
    'menuid' => '445261982',
    'from' => 'o5V8y1T-coPffoIIYEQffi-inFvg',
    'to' => 'gh_f9b894563ef4',
    'time' => '1576326631',
    'type' => 'text',
    'content' => 'http://www.boyufengmao.com/app/index.php?i=6&c=entry&m=ewei_shopv2&do=mobile&r=diypage&id=35',
    'redirection' => true,
    'source' => 'VIEW',
  ),
)

2019-12-14 20:30:31 response :
------------

2019-12-14 21:13:46 trace :
------------
String:
<xml><ToUserName><![CDATA[gh_f9b894563ef4]]></ToUserName>
<FromUserName><![CDATA[o5V8y1UMI1wKMw0oUPJPBUf2pQuc]]></FromUserName>
<CreateTime>1576329226</CreateTime>
<MsgType><![CDATA[event]]></MsgType>
<Event><![CDATA[SCAN]]></Event>
<EventKey><![CDATA[business:5864a01773794135a05fba69901b7199]]></EventKey>
<Ticket><![CDATA[gQGj8DwAAAAAAAAAAS5odHRwOi8vd2VpeGluLnFxLmNvbS9xLzAyZ3RQMXQ5QnZjT2wxMDAwMHcwN2oAAgQPhH9cAwQAAAAA]]></Ticket>
</xml>

2019-12-14 21:13:46 params :
------------
String:
array (
  'rule' => -2,
  'module' => '',
  'message' => 
  array (
    'tousername' => 'gh_f9b894563ef4',
    'fromusername' => 'o5V8y1UMI1wKMw0oUPJPBUf2pQuc',
    'createtime' => '1576329226',
    'msgtype' => 'event',
    'event' => 'SCAN',
    'eventkey' => 'business:5864a01773794135a05fba69901b7199',
    'ticket' => 'gQGj8DwAAAAAAAAAAS5odHRwOi8vd2VpeGluLnFxLmNvbS9xLzAyZ3RQMXQ5QnZjT2wxMDAwMHcwN2oAAgQPhH9cAwQAAAAA',
    'from' => 'o5V8y1UMI1wKMw0oUPJPBUf2pQuc',
    'to' => 'gh_f9b894563ef4',
    'time' => '1576329226',
    'type' => 'text',
    'scene' => 'business:5864a01773794135a05fba69901b7199',
    'redirection' => true,
    'source' => 'qr',
  ),
)

2019-12-14 21:13:46 response :
------------

2019-12-14 21:13:48 trace :
------------
String:
<xml><ToUserName><![CDATA[gh_f9b894563ef4]]></ToUserName>
<FromUserName><![CDATA[o5V8y1Rdn3rF3sTsrH_DDVSnqsVo]]></FromUserName>
<CreateTime>1576329228</CreateTime>
<MsgType><![CDATA[event]]></MsgType>
<Event><![CDATA[subscribe]]></Event>
<EventKey><![CDATA[qrscene_business:5864a01773794135a05fba69901b7199]]></EventKey>
<Ticket><![CDATA[gQGj8DwAAAAAAAAAAS5odHRwOi8vd2VpeGluLnFxLmNvbS9xLzAyZ3RQMXQ5QnZjT2wxMDAwMHcwN2oAAgQPhH9cAwQAAAAA]]></Ticket>
</xml>

2019-12-14 21:13:48 params :
------------
String:
array (
  'rule' => -2,
  'module' => '',
  'message' => 
  array (
    'tousername' => 'gh_f9b894563ef4',
    'fromusername' => 'o5V8y1Rdn3rF3sTsrH_DDVSnqsVo',
    'createtime' => '1576329228',
    'msgtype' => 'event',
    'event' => 'subscribe',
    'eventkey' => 'qrscene_business:5864a01773794135a05fba69901b7199',
    'ticket' => 'gQGj8DwAAAAAAAAAAS5odHRwOi8vd2VpeGluLnFxLmNvbS9xLzAyZ3RQMXQ5QnZjT2wxMDAwMHcwN2oAAgQPhH9cAwQAAAAA',
    'from' => 'o5V8y1Rdn3rF3sTsrH_DDVSnqsVo',
    'to' => 'gh_f9b894563ef4',
    'time' => '1576329228',
    'type' => 'text',
    'scene' => 'business:5864a01773794135a05fba69901b7199',
    'redirection' => true,
    'source' => 'subscribe',
  ),
)

2019-12-14 21:13:48 response :
------------

2019-12-14 21:13:48 trace :
------------
String:
<xml><ToUserName><![CDATA[gh_f9b894563ef4]]></ToUserName>
<FromUserName><![CDATA[o5V8y1UMI1wKMw0oUPJPBUf2pQuc]]></FromUserName>
<CreateTime>1576329228</CreateTime>
<MsgType><![CDATA[event]]></MsgType>
<Event><![CDATA[VIEW]]></Event>
<EventKey><![CDATA[http://www.boyufengmao.com/app/index.php?i=6&c=entry&m=ewei_shopv2&do=mobile]]></EventKey>
<MenuId>445261982</MenuId>
</xml>

2019-12-14 21:13:48 params :
------------
String:
array (
  'rule' => -2,
  'module' => '',
  'message' => 
  array (
    'tousername' => 'gh_f9b894563ef4',
    'fromusername' => 'o5V8y1UMI1wKMw0oUPJPBUf2pQuc',
    'createtime' => '1576329228',
    'msgtype' => 'event',
    'event' => 'VIEW',
    'eventkey' => 'http://www.boyufengmao.com/app/index.php?i=6&c=entry&m=ewei_shopv2&do=mobile',
    'menuid' => '445261982',
    'from' => 'o5V8y1UMI1wKMw0oUPJPBUf2pQuc',
    'to' => 'gh_f9b894563ef4',
    'time' => '1576329228',
    'type' => 'text',
    'content' => 'http://www.boyufengmao.com/app/index.php?i=6&c=entry&m=ewei_shopv2&do=mobile',
    'redirection' => true,
    'source' => 'VIEW',
  ),
)

2019-12-14 21:13:48 response :
------------

2019-12-14 21:13:54 trace :
------------
String:
<xml><ToUserName><![CDATA[gh_f9b894563ef4]]></ToUserName>
<FromUserName><![CDATA[o5V8y1UMI1wKMw0oUPJPBUf2pQuc]]></FromUserName>
<CreateTime>1576329234</CreateTime>
<MsgType><![CDATA[event]]></MsgType>
<Event><![CDATA[VIEW]]></Event>
<EventKey><![CDATA[http://www.boyufengmao.com/app/index.php?i=6&c=entry&m=ewei_shopv2&do=mobile]]></EventKey>
<MenuId>445261982</MenuId>
</xml>

2019-12-14 21:13:54 params :
------------
String:
array (
  'rule' => -2,
  'module' => '',
  'message' => 
  array (
    'tousername' => 'gh_f9b894563ef4',
    'fromusername' => 'o5V8y1UMI1wKMw0oUPJPBUf2pQuc',
    'createtime' => '1576329234',
    'msgtype' => 'event',
    'event' => 'VIEW',
    'eventkey' => 'http://www.boyufengmao.com/app/index.php?i=6&c=entry&m=ewei_shopv2&do=mobile',
    'menuid' => '445261982',
    'from' => 'o5V8y1UMI1wKMw0oUPJPBUf2pQuc',
    'to' => 'gh_f9b894563ef4',
    'time' => '1576329234',
    'type' => 'text',
    'content' => 'http://www.boyufengmao.com/app/index.php?i=6&c=entry&m=ewei_shopv2&do=mobile',
    'redirection' => true,
    'source' => 'VIEW',
  ),
)

2019-12-14 21:13:54 response :
------------

2019-12-14 21:14:13 trace :
------------
String:
<xml><ToUserName><![CDATA[gh_f9b894563ef4]]></ToUserName>
<FromUserName><![CDATA[o5V8y1Rdn3rF3sTsrH_DDVSnqsVo]]></FromUserName>
<CreateTime>1576329253</CreateTime>
<MsgType><![CDATA[event]]></MsgType>
<Event><![CDATA[VIEW]]></Event>
<EventKey><![CDATA[http://www.boyufengmao.com/app/index.php?i=6&c=entry&m=ewei_shopv2&do=mobile&r=diypage&id=35]]></EventKey>
<MenuId>445261982</MenuId>
</xml>

2019-12-14 21:14:13 params :
------------
String:
array (
  'rule' => -2,
  'module' => '',
  'message' => 
  array (
    'tousername' => 'gh_f9b894563ef4',
    'fromusername' => 'o5V8y1Rdn3rF3sTsrH_DDVSnqsVo',
    'createtime' => '1576329253',
    'msgtype' => 'event',
    'event' => 'VIEW',
    'eventkey' => 'http://www.boyufengmao.com/app/index.php?i=6&c=entry&m=ewei_shopv2&do=mobile&r=diypage&id=35',
    'menuid' => '445261982',
    'from' => 'o5V8y1Rdn3rF3sTsrH_DDVSnqsVo',
    'to' => 'gh_f9b894563ef4',
    'time' => '1576329253',
    'type' => 'text',
    'content' => 'http://www.boyufengmao.com/app/index.php?i=6&c=entry&m=ewei_shopv2&do=mobile&r=diypage&id=35',
    'redirection' => true,
    'source' => 'VIEW',
  ),
)

2019-12-14 21:14:13 response :
------------

2019-12-14 21:16:33 trace :
------------
String:
<xml><ToUserName><![CDATA[gh_f9b894563ef4]]></ToUserName>
<FromUserName><![CDATA[o5V8y1UMI1wKMw0oUPJPBUf2pQuc]]></FromUserName>
<CreateTime>1576329393</CreateTime>
<MsgType><![CDATA[event]]></MsgType>
<Event><![CDATA[VIEW]]></Event>
<EventKey><![CDATA[http://www.boyufengmao.com/app/index.php?i=6&c=entry&m=ewei_shopv2&do=mobile&r=diypage&id=35]]></EventKey>
<MenuId>445261982</MenuId>
</xml>

2019-12-14 21:16:33 params :
------------
String:
array (
  'rule' => -2,
  'module' => '',
  'message' => 
  array (
    'tousername' => 'gh_f9b894563ef4',
    'fromusername' => 'o5V8y1UMI1wKMw0oUPJPBUf2pQuc',
    'createtime' => '1576329393',
    'msgtype' => 'event',
    'event' => 'VIEW',
    'eventkey' => 'http://www.boyufengmao.com/app/index.php?i=6&c=entry&m=ewei_shopv2&do=mobile&r=diypage&id=35',
    'menuid' => '445261982',
    'from' => 'o5V8y1UMI1wKMw0oUPJPBUf2pQuc',
    'to' => 'gh_f9b894563ef4',
    'time' => '1576329393',
    'type' => 'text',
    'content' => 'http://www.boyufengmao.com/app/index.php?i=6&c=entry&m=ewei_shopv2&do=mobile&r=diypage&id=35',
    'redirection' => true,
    'source' => 'VIEW',
  ),
)

2019-12-14 21:16:33 response :
------------

2019-12-14 21:17:11 trace :
------------
String:
<xml><ToUserName><![CDATA[gh_f9b894563ef4]]></ToUserName>
<FromUserName><![CDATA[o5V8y1Rdn3rF3sTsrH_DDVSnqsVo]]></FromUserName>
<CreateTime>1576329431</CreateTime>
<MsgType><![CDATA[text]]></MsgType>
<Content><![CDATA[18691924136]]></Content>
<MsgId>22567612960019499</MsgId>
</xml>

2019-12-14 21:17:11 params :
------------
String:
array (
  'rule' => -2,
  'module' => '',
  'message' => 
  array (
    'tousername' => 'gh_f9b894563ef4',
    'fromusername' => 'o5V8y1Rdn3rF3sTsrH_DDVSnqsVo',
    'createtime' => '1576329431',
    'msgtype' => 'text',
    'content' => '18691924136',
    'msgid' => '22567612960019499',
    'from' => 'o5V8y1Rdn3rF3sTsrH_DDVSnqsVo',
    'to' => 'gh_f9b894563ef4',
    'time' => '1576329431',
    'type' => 'text',
    'event' => NULL,
    'redirection' => false,
    'source' => NULL,
  ),
)

2019-12-14 21:17:11 response :
------------

2019-12-14 21:20:54 trace :
------------
String:
<xml><ToUserName><![CDATA[gh_f9b894563ef4]]></ToUserName>
<FromUserName><![CDATA[o5V8y1Z4NS8zL2FlaPgk9k_MDq8A]]></FromUserName>
<CreateTime>1576329653</CreateTime>
<MsgType><![CDATA[event]]></MsgType>
<Event><![CDATA[SCAN]]></Event>
<EventKey><![CDATA[business:5864a01773794135a05fba69901b7199]]></EventKey>
<Ticket><![CDATA[gQGj8DwAAAAAAAAAAS5odHRwOi8vd2VpeGluLnFxLmNvbS9xLzAyZ3RQMXQ5QnZjT2wxMDAwMHcwN2oAAgQPhH9cAwQAAAAA]]></Ticket>
</xml>

2019-12-14 21:20:54 params :
------------
String:
array (
  'rule' => -2,
  'module' => '',
  'message' => 
  array (
    'tousername' => 'gh_f9b894563ef4',
    'fromusername' => 'o5V8y1Z4NS8zL2FlaPgk9k_MDq8A',
    'createtime' => '1576329653',
    'msgtype' => 'event',
    'event' => 'SCAN',
    'eventkey' => 'business:5864a01773794135a05fba69901b7199',
    'ticket' => 'gQGj8DwAAAAAAAAAAS5odHRwOi8vd2VpeGluLnFxLmNvbS9xLzAyZ3RQMXQ5QnZjT2wxMDAwMHcwN2oAAgQPhH9cAwQAAAAA',
    'from' => 'o5V8y1Z4NS8zL2FlaPgk9k_MDq8A',
    'to' => 'gh_f9b894563ef4',
    'time' => '1576329653',
    'type' => 'text',
    'scene' => 'business:5864a01773794135a05fba69901b7199',
    'redirection' => true,
    'source' => 'qr',
  ),
)

2019-12-14 21:20:54 response :
------------

2019-12-14 21:21:07 trace :
------------
String:
<xml><ToUserName><![CDATA[gh_f9b894563ef4]]></ToUserName>
<FromUserName><![CDATA[o5V8y1Z4NS8zL2FlaPgk9k_MDq8A]]></FromUserName>
<CreateTime>1576329667</CreateTime>
<MsgType><![CDATA[event]]></MsgType>
<Event><![CDATA[VIEW]]></Event>
<EventKey><![CDATA[http://www.boyufengmao.com/app/index.php?i=6&c=entry&m=ewei_shopv2&do=mobile&r=diypage&id=35]]></EventKey>
<MenuId>445261982</MenuId>
</xml>

2019-12-14 21:21:07 params :
------------
String:
array (
  'rule' => -2,
  'module' => '',
  'message' => 
  array (
    'tousername' => 'gh_f9b894563ef4',
    'fromusername' => 'o5V8y1Z4NS8zL2FlaPgk9k_MDq8A',
    'createtime' => '1576329667',
    'msgtype' => 'event',
    'event' => 'VIEW',
    'eventkey' => 'http://www.boyufengmao.com/app/index.php?i=6&c=entry&m=ewei_shopv2&do=mobile&r=diypage&id=35',
    'menuid' => '445261982',
    'from' => 'o5V8y1Z4NS8zL2FlaPgk9k_MDq8A',
    'to' => 'gh_f9b894563ef4',
    'time' => '1576329667',
    'type' => 'text',
    'content' => 'http://www.boyufengmao.com/app/index.php?i=6&c=entry&m=ewei_shopv2&do=mobile&r=diypage&id=35',
    'redirection' => true,
    'source' => 'VIEW',
  ),
)

2019-12-14 21:21:07 response :
------------

2019-12-14 21:26:13 trace :
------------
String:
<xml><ToUserName><![CDATA[gh_f9b894563ef4]]></ToUserName>
<FromUserName><![CDATA[o5V8y1cAT8QMOkq06t4e34SnKwlw]]></FromUserName>
<CreateTime>1576329972</CreateTime>
<MsgType><![CDATA[event]]></MsgType>
<Event><![CDATA[unsubscribe]]></Event>
<EventKey><![CDATA[]]></EventKey>
</xml>

2019-12-14 21:37:25 trace :
------------
String:
<xml><ToUserName><![CDATA[gh_f9b894563ef4]]></ToUserName>
<FromUserName><![CDATA[o5V8y1V5I9w73bUT7YoM5jOBzzCQ]]></FromUserName>
<CreateTime>1576330644</CreateTime>
<MsgType><![CDATA[event]]></MsgType>
<Event><![CDATA[SCAN]]></Event>
<EventKey><![CDATA[business:5864a01773794135a05fba69901b7199]]></EventKey>
<Ticket><![CDATA[gQGj8DwAAAAAAAAAAS5odHRwOi8vd2VpeGluLnFxLmNvbS9xLzAyZ3RQMXQ5QnZjT2wxMDAwMHcwN2oAAgQPhH9cAwQAAAAA]]></Ticket>
</xml>

2019-12-14 21:37:25 params :
------------
String:
array (
  'rule' => -2,
  'module' => '',
  'message' => 
  array (
    'tousername' => 'gh_f9b894563ef4',
    'fromusername' => 'o5V8y1V5I9w73bUT7YoM5jOBzzCQ',
    'createtime' => '1576330644',
    'msgtype' => 'event',
    'event' => 'SCAN',
    'eventkey' => 'business:5864a01773794135a05fba69901b7199',
    'ticket' => 'gQGj8DwAAAAAAAAAAS5odHRwOi8vd2VpeGluLnFxLmNvbS9xLzAyZ3RQMXQ5QnZjT2wxMDAwMHcwN2oAAgQPhH9cAwQAAAAA',
    'from' => 'o5V8y1V5I9w73bUT7YoM5jOBzzCQ',
    'to' => 'gh_f9b894563ef4',
    'time' => '1576330644',
    'type' => 'text',
    'scene' => 'business:5864a01773794135a05fba69901b7199',
    'redirection' => true,
    'source' => 'qr',
  ),
)

2019-12-14 21:37:25 response :
------------

2019-12-14 21:37:26 trace :
------------
String:
<xml><ToUserName><![CDATA[gh_f9b894563ef4]]></ToUserName>
<FromUserName><![CDATA[o5V8y1V5I9w73bUT7YoM5jOBzzCQ]]></FromUserName>
<CreateTime>1576330646</CreateTime>
<MsgType><![CDATA[event]]></MsgType>
<Event><![CDATA[SCAN]]></Event>
<EventKey><![CDATA[business:5864a01773794135a05fba69901b7199]]></EventKey>
<Ticket><![CDATA[gQGj8DwAAAAAAAAAAS5odHRwOi8vd2VpeGluLnFxLmNvbS9xLzAyZ3RQMXQ5QnZjT2wxMDAwMHcwN2oAAgQPhH9cAwQAAAAA]]></Ticket>
</xml>

2019-12-14 21:37:26 params :
------------
String:
array (
  'rule' => -2,
  'module' => '',
  'message' => 
  array (
    'tousername' => 'gh_f9b894563ef4',
    'fromusername' => 'o5V8y1V5I9w73bUT7YoM5jOBzzCQ',
    'createtime' => '1576330646',
    'msgtype' => 'event',
    'event' => 'SCAN',
    'eventkey' => 'business:5864a01773794135a05fba69901b7199',
    'ticket' => 'gQGj8DwAAAAAAAAAAS5odHRwOi8vd2VpeGluLnFxLmNvbS9xLzAyZ3RQMXQ5QnZjT2wxMDAwMHcwN2oAAgQPhH9cAwQAAAAA',
    'from' => 'o5V8y1V5I9w73bUT7YoM5jOBzzCQ',
    'to' => 'gh_f9b894563ef4',
    'time' => '1576330646',
    'type' => 'text',
    'scene' => 'business:5864a01773794135a05fba69901b7199',
    'redirection' => true,
    'source' => 'qr',
  ),
)

2019-12-14 21:37:26 response :
------------

2019-12-14 21:37:30 trace :
------------
String:
<xml><ToUserName><![CDATA[gh_f9b894563ef4]]></ToUserName>
<FromUserName><![CDATA[o5V8y1V5I9w73bUT7YoM5jOBzzCQ]]></FromUserName>
<CreateTime>1576330650</CreateTime>
<MsgType><![CDATA[event]]></MsgType>
<Event><![CDATA[VIEW]]></Event>
<EventKey><![CDATA[http://www.boyufengmao.com/app/index.php?i=6&c=entry&m=ewei_shopv2&do=mobile]]></EventKey>
<MenuId>445261982</MenuId>
</xml>

2019-12-14 21:37:30 params :
------------
String:
array (
  'rule' => -2,
  'module' => '',
  'message' => 
  array (
    'tousername' => 'gh_f9b894563ef4',
    'fromusername' => 'o5V8y1V5I9w73bUT7YoM5jOBzzCQ',
    'createtime' => '1576330650',
    'msgtype' => 'event',
    'event' => 'VIEW',
    'eventkey' => 'http://www.boyufengmao.com/app/index.php?i=6&c=entry&m=ewei_shopv2&do=mobile',
    'menuid' => '445261982',
    'from' => 'o5V8y1V5I9w73bUT7YoM5jOBzzCQ',
    'to' => 'gh_f9b894563ef4',
    'time' => '1576330650',
    'type' => 'text',
    'content' => 'http://www.boyufengmao.com/app/index.php?i=6&c=entry&m=ewei_shopv2&do=mobile',
    'redirection' => true,
    'source' => 'VIEW',
  ),
)

2019-12-14 21:37:30 response :
------------

2019-12-14 22:11:58 trace :
------------
String:
<xml><ToUserName><![CDATA[gh_f9b894563ef4]]></ToUserName>
<FromUserName><![CDATA[o5V8y1Rdn3rF3sTsrH_DDVSnqsVo]]></FromUserName>
<CreateTime>1576332718</CreateTime>
<MsgType><![CDATA[event]]></MsgType>
<Event><![CDATA[VIEW]]></Event>
<EventKey><![CDATA[http://www.boyufengmao.com/app/index.php?i=6&c=entry&m=ewei_shopv2&do=mobile&r=diypage&id=35]]></EventKey>
<MenuId>445261982</MenuId>
</xml>

2019-12-14 22:11:59 params :
------------
String:
array (
  'rule' => -2,
  'module' => '',
  'message' => 
  array (
    'tousername' => 'gh_f9b894563ef4',
    'fromusername' => 'o5V8y1Rdn3rF3sTsrH_DDVSnqsVo',
    'createtime' => '1576332718',
    'msgtype' => 'event',
    'event' => 'VIEW',
    'eventkey' => 'http://www.boyufengmao.com/app/index.php?i=6&c=entry&m=ewei_shopv2&do=mobile&r=diypage&id=35',
    'menuid' => '445261982',
    'from' => 'o5V8y1Rdn3rF3sTsrH_DDVSnqsVo',
    'to' => 'gh_f9b894563ef4',
    'time' => '1576332718',
    'type' => 'text',
    'content' => 'http://www.boyufengmao.com/app/index.php?i=6&c=entry&m=ewei_shopv2&do=mobile&r=diypage&id=35',
    'redirection' => true,
    'source' => 'VIEW',
  ),
)

2019-12-14 22:11:59 response :
------------

2019-12-14 22:47:13 trace :
------------
String:
<xml><ToUserName><![CDATA[gh_f9b894563ef4]]></ToUserName>
<FromUserName><![CDATA[o5V8y1bfQzsKeIFNly4bvP69xFqo]]></FromUserName>
<CreateTime>1576334833</CreateTime>
<MsgType><![CDATA[event]]></MsgType>
<Event><![CDATA[VIEW]]></Event>
<EventKey><![CDATA[http://www.boyufengmao.com/app/index.php?i=6&c=entry&m=ewei_shopv2&do=mobile]]></EventKey>
<MenuId>445261982</MenuId>
</xml>

2019-12-14 22:47:13 params :
------------
String:
array (
  'rule' => -2,
  'module' => '',
  'message' => 
  array (
    'tousername' => 'gh_f9b894563ef4',
    'fromusername' => 'o5V8y1bfQzsKeIFNly4bvP69xFqo',
    'createtime' => '1576334833',
    'msgtype' => 'event',
    'event' => 'VIEW',
    'eventkey' => 'http://www.boyufengmao.com/app/index.php?i=6&c=entry&m=ewei_shopv2&do=mobile',
    'menuid' => '445261982',
    'from' => 'o5V8y1bfQzsKeIFNly4bvP69xFqo',
    'to' => 'gh_f9b894563ef4',
    'time' => '1576334833',
    'type' => 'text',
    'content' => 'http://www.boyufengmao.com/app/index.php?i=6&c=entry&m=ewei_shopv2&do=mobile',
    'redirection' => true,
    'source' => 'VIEW',
  ),
)

2019-12-14 22:47:13 response :
------------

2019-12-14 23:15:43 trace :
------------
String:
<xml><ToUserName><![CDATA[gh_f9b894563ef4]]></ToUserName>
<FromUserName><![CDATA[o5V8y1ZJKuAOu6v4ZI39yb3o5YnA]]></FromUserName>
<CreateTime>1576336543</CreateTime>
<MsgType><![CDATA[event]]></MsgType>
<Event><![CDATA[unsubscribe]]></Event>
<EventKey><![CDATA[]]></EventKey>
</xml>

