2019-06-14 10:16:42 trace :
------------
String:
<xml><ToUserName><![CDATA[gh_c804ae748f89]]></ToUserName>
<FromUserName><![CDATA[o3lrB50Uq_2Lag6E8mlJajKLjUfg]]></FromUserName>
<CreateTime>1560478602</CreateTime>
<MsgType><![CDATA[event]]></MsgType>
<Event><![CDATA[VIEW]]></Event>
<EventKey><![CDATA[http://www.boyufengmao.com/app/index.php?i=2&c=entry&m=ewei_shopv2&do=mobile&r=diypage&id=19]]></EventKey>
<MenuId>444058172</MenuId>
</xml>

2019-06-14 10:16:42 params :
------------
String:
array (
  'rule' => -2,
  'module' => '',
  'message' => 
  array (
    'tousername' => 'gh_c804ae748f89',
    'fromusername' => 'o3lrB50Uq_2Lag6E8mlJajKLjUfg',
    'createtime' => '1560478602',
    'msgtype' => 'event',
    'event' => 'VIEW',
    'eventkey' => 'http://www.boyufengmao.com/app/index.php?i=2&c=entry&m=ewei_shopv2&do=mobile&r=diypage&id=19',
    'menuid' => '444058172',
    'from' => 'o3lrB50Uq_2Lag6E8mlJajKLjUfg',
    'to' => 'gh_c804ae748f89',
    'time' => '1560478602',
    'type' => 'text',
    'content' => 'http://www.boyufengmao.com/app/index.php?i=2&c=entry&m=ewei_shopv2&do=mobile&r=diypage&id=19',
    'redirection' => true,
    'source' => 'VIEW',
  ),
)

2019-06-14 10:16:42 response :
------------

2019-06-14 10:28:28 trace :
------------
String:
<xml><ToUserName><![CDATA[gh_c804ae748f89]]></ToUserName>
<FromUserName><![CDATA[o3lrB58BaQiFa4EkskXUtiChJMME]]></FromUserName>
<CreateTime>1560479308</CreateTime>
<MsgType><![CDATA[event]]></MsgType>
<Event><![CDATA[subscribe]]></Event>
<EventKey><![CDATA[]]></EventKey>
</xml>

2019-06-14 10:28:28 params :
------------
String:
array (
  'rule' => -2,
  'module' => '',
  'message' => 
  array (
    'tousername' => 'gh_c804ae748f89',
    'fromusername' => 'o3lrB58BaQiFa4EkskXUtiChJMME',
    'createtime' => '1560479308',
    'msgtype' => 'event',
    'event' => 'subscribe',
    'eventkey' => '',
    'from' => 'o3lrB58BaQiFa4EkskXUtiChJMME',
    'to' => 'gh_c804ae748f89',
    'time' => '1560479308',
    'type' => 'text',
    'redirection' => true,
    'source' => 'subscribe',
  ),
)

2019-06-14 10:28:28 response :
------------

2019-06-14 10:28:29 trace :
------------
String:
<xml><ToUserName><![CDATA[gh_c804ae748f89]]></ToUserName>
<FromUserName><![CDATA[o3lrB58BaQiFa4EkskXUtiChJMME]]></FromUserName>
<CreateTime>1560479309</CreateTime>
<MsgType><![CDATA[event]]></MsgType>
<Event><![CDATA[VIEW]]></Event>
<EventKey><![CDATA[http://www.boyufengmao.com/app/index.php?i=2&c=entry&m=ewei_shopv2&do=mobile&r=diypage&id=19]]></EventKey>
<MenuId>444058172</MenuId>
</xml>

2019-06-14 10:28:29 params :
------------
String:
array (
  'rule' => -2,
  'module' => '',
  'message' => 
  array (
    'tousername' => 'gh_c804ae748f89',
    'fromusername' => 'o3lrB58BaQiFa4EkskXUtiChJMME',
    'createtime' => '1560479309',
    'msgtype' => 'event',
    'event' => 'VIEW',
    'eventkey' => 'http://www.boyufengmao.com/app/index.php?i=2&c=entry&m=ewei_shopv2&do=mobile&r=diypage&id=19',
    'menuid' => '444058172',
    'from' => 'o3lrB58BaQiFa4EkskXUtiChJMME',
    'to' => 'gh_c804ae748f89',
    'time' => '1560479309',
    'type' => 'text',
    'content' => 'http://www.boyufengmao.com/app/index.php?i=2&c=entry&m=ewei_shopv2&do=mobile&r=diypage&id=19',
    'redirection' => true,
    'source' => 'VIEW',
  ),
)

2019-06-14 10:28:29 response :
------------

2019-06-14 10:28:41 trace :
------------
String:
<xml><ToUserName><![CDATA[gh_c804ae748f89]]></ToUserName>
<FromUserName><![CDATA[o3lrB58BaQiFa4EkskXUtiChJMME]]></FromUserName>
<CreateTime>1560479321</CreateTime>
<MsgType><![CDATA[event]]></MsgType>
<Event><![CDATA[VIEW]]></Event>
<EventKey><![CDATA[http://www.boyufengmao.com/app/index.php?i=2&c=entry&m=ewei_shopv2&do=mobile&r=member]]></EventKey>
<MenuId>444058172</MenuId>
</xml>

2019-06-14 10:28:41 params :
------------
String:
array (
  'rule' => -2,
  'module' => '',
  'message' => 
  array (
    'tousername' => 'gh_c804ae748f89',
    'fromusername' => 'o3lrB58BaQiFa4EkskXUtiChJMME',
    'createtime' => '1560479321',
    'msgtype' => 'event',
    'event' => 'VIEW',
    'eventkey' => 'http://www.boyufengmao.com/app/index.php?i=2&c=entry&m=ewei_shopv2&do=mobile&r=member',
    'menuid' => '444058172',
    'from' => 'o3lrB58BaQiFa4EkskXUtiChJMME',
    'to' => 'gh_c804ae748f89',
    'time' => '1560479321',
    'type' => 'text',
    'content' => 'http://www.boyufengmao.com/app/index.php?i=2&c=entry&m=ewei_shopv2&do=mobile&r=member',
    'redirection' => true,
    'source' => 'VIEW',
  ),
)

2019-06-14 10:28:41 response :
------------

2019-06-14 10:28:45 trace :
------------
String:
<xml><ToUserName><![CDATA[gh_c804ae748f89]]></ToUserName>
<FromUserName><![CDATA[o3lrB58BaQiFa4EkskXUtiChJMME]]></FromUserName>
<CreateTime>1560479324</CreateTime>
<MsgType><![CDATA[event]]></MsgType>
<Event><![CDATA[VIEW]]></Event>
<EventKey><![CDATA[http://www.boyufengmao.com/app/index.php?i=2&c=entry&m=ewei_shopv2&do=mobile&r=diypage&id=19]]></EventKey>
<MenuId>444058172</MenuId>
</xml>

2019-06-14 10:28:45 params :
------------
String:
array (
  'rule' => -2,
  'module' => '',
  'message' => 
  array (
    'tousername' => 'gh_c804ae748f89',
    'fromusername' => 'o3lrB58BaQiFa4EkskXUtiChJMME',
    'createtime' => '1560479324',
    'msgtype' => 'event',
    'event' => 'VIEW',
    'eventkey' => 'http://www.boyufengmao.com/app/index.php?i=2&c=entry&m=ewei_shopv2&do=mobile&r=diypage&id=19',
    'menuid' => '444058172',
    'from' => 'o3lrB58BaQiFa4EkskXUtiChJMME',
    'to' => 'gh_c804ae748f89',
    'time' => '1560479324',
    'type' => 'text',
    'content' => 'http://www.boyufengmao.com/app/index.php?i=2&c=entry&m=ewei_shopv2&do=mobile&r=diypage&id=19',
    'redirection' => true,
    'source' => 'VIEW',
  ),
)

2019-06-14 10:28:45 response :
------------

2019-06-14 10:31:52 trace :
------------
String:
<xml><ToUserName><![CDATA[gh_c804ae748f89]]></ToUserName>
<FromUserName><![CDATA[o3lrB52OQe5owM1VXVuw4dyttQho]]></FromUserName>
<CreateTime>1560479512</CreateTime>
<MsgType><![CDATA[event]]></MsgType>
<Event><![CDATA[VIEW]]></Event>
<EventKey><![CDATA[http://www.boyufengmao.com/app/index.php?i=2&c=entry&m=ewei_shopv2&do=mobile&r=diypage&id=19]]></EventKey>
<MenuId>444058172</MenuId>
</xml>

2019-06-14 10:31:52 params :
------------
String:
array (
  'rule' => -2,
  'module' => '',
  'message' => 
  array (
    'tousername' => 'gh_c804ae748f89',
    'fromusername' => 'o3lrB52OQe5owM1VXVuw4dyttQho',
    'createtime' => '1560479512',
    'msgtype' => 'event',
    'event' => 'VIEW',
    'eventkey' => 'http://www.boyufengmao.com/app/index.php?i=2&c=entry&m=ewei_shopv2&do=mobile&r=diypage&id=19',
    'menuid' => '444058172',
    'from' => 'o3lrB52OQe5owM1VXVuw4dyttQho',
    'to' => 'gh_c804ae748f89',
    'time' => '1560479512',
    'type' => 'text',
    'content' => 'http://www.boyufengmao.com/app/index.php?i=2&c=entry&m=ewei_shopv2&do=mobile&r=diypage&id=19',
    'redirection' => true,
    'source' => 'VIEW',
  ),
)

2019-06-14 10:31:52 response :
------------

2019-06-14 11:52:07 trace :
------------
String:
<xml><ToUserName><![CDATA[gh_c804ae748f89]]></ToUserName>
<FromUserName><![CDATA[o3lrB5w5zIjq5aMsx--uHDFzihpY]]></FromUserName>
<CreateTime>1560484326</CreateTime>
<MsgType><![CDATA[event]]></MsgType>
<Event><![CDATA[VIEW]]></Event>
<EventKey><![CDATA[http://www.boyufengmao.com/app/index.php?i=2&c=entry&m=ewei_shopv2&do=mobile&r=diypage&id=19]]></EventKey>
<MenuId>444058172</MenuId>
</xml>

2019-06-14 11:52:07 params :
------------
String:
array (
  'rule' => -2,
  'module' => '',
  'message' => 
  array (
    'tousername' => 'gh_c804ae748f89',
    'fromusername' => 'o3lrB5w5zIjq5aMsx--uHDFzihpY',
    'createtime' => '1560484326',
    'msgtype' => 'event',
    'event' => 'VIEW',
    'eventkey' => 'http://www.boyufengmao.com/app/index.php?i=2&c=entry&m=ewei_shopv2&do=mobile&r=diypage&id=19',
    'menuid' => '444058172',
    'from' => 'o3lrB5w5zIjq5aMsx--uHDFzihpY',
    'to' => 'gh_c804ae748f89',
    'time' => '1560484326',
    'type' => 'text',
    'content' => 'http://www.boyufengmao.com/app/index.php?i=2&c=entry&m=ewei_shopv2&do=mobile&r=diypage&id=19',
    'redirection' => true,
    'source' => 'VIEW',
  ),
)

2019-06-14 11:52:07 response :
------------

2019-06-14 20:38:43 trace :
------------
String:
<xml><ToUserName><![CDATA[gh_c804ae748f89]]></ToUserName>
<FromUserName><![CDATA[o3lrB5xjTLH_1Zu9BfrhOVZ1ECcU]]></FromUserName>
<CreateTime>1560515923</CreateTime>
<MsgType><![CDATA[event]]></MsgType>
<Event><![CDATA[VIEW]]></Event>
<EventKey><![CDATA[http://www.boyufengmao.com/app/index.php?i=2&c=entry&m=ewei_shopv2&do=mobile&r=diypage&id=19]]></EventKey>
<MenuId>444058172</MenuId>
</xml>

2019-06-14 20:38:43 params :
------------
String:
array (
  'rule' => -2,
  'module' => '',
  'message' => 
  array (
    'tousername' => 'gh_c804ae748f89',
    'fromusername' => 'o3lrB5xjTLH_1Zu9BfrhOVZ1ECcU',
    'createtime' => '1560515923',
    'msgtype' => 'event',
    'event' => 'VIEW',
    'eventkey' => 'http://www.boyufengmao.com/app/index.php?i=2&c=entry&m=ewei_shopv2&do=mobile&r=diypage&id=19',
    'menuid' => '444058172',
    'from' => 'o3lrB5xjTLH_1Zu9BfrhOVZ1ECcU',
    'to' => 'gh_c804ae748f89',
    'time' => '1560515923',
    'type' => 'text',
    'content' => 'http://www.boyufengmao.com/app/index.php?i=2&c=entry&m=ewei_shopv2&do=mobile&r=diypage&id=19',
    'redirection' => true,
    'source' => 'VIEW',
  ),
)

2019-06-14 20:38:43 response :
------------

2019-06-14 20:39:01 trace :
------------
String:
<xml><ToUserName><![CDATA[gh_c804ae748f89]]></ToUserName>
<FromUserName><![CDATA[o3lrB5xjTLH_1Zu9BfrhOVZ1ECcU]]></FromUserName>
<CreateTime>1560515941</CreateTime>
<MsgType><![CDATA[event]]></MsgType>
<Event><![CDATA[VIEW]]></Event>
<EventKey><![CDATA[http://www.boyufengmao.com/app/index.php?i=2&c=entry&m=ewei_shopv2&do=mobile&r=diypage&id=19]]></EventKey>
<MenuId>444058172</MenuId>
</xml>

2019-06-14 20:39:01 params :
------------
String:
array (
  'rule' => -2,
  'module' => '',
  'message' => 
  array (
    'tousername' => 'gh_c804ae748f89',
    'fromusername' => 'o3lrB5xjTLH_1Zu9BfrhOVZ1ECcU',
    'createtime' => '1560515941',
    'msgtype' => 'event',
    'event' => 'VIEW',
    'eventkey' => 'http://www.boyufengmao.com/app/index.php?i=2&c=entry&m=ewei_shopv2&do=mobile&r=diypage&id=19',
    'menuid' => '444058172',
    'from' => 'o3lrB5xjTLH_1Zu9BfrhOVZ1ECcU',
    'to' => 'gh_c804ae748f89',
    'time' => '1560515941',
    'type' => 'text',
    'content' => 'http://www.boyufengmao.com/app/index.php?i=2&c=entry&m=ewei_shopv2&do=mobile&r=diypage&id=19',
    'redirection' => true,
    'source' => 'VIEW',
  ),
)

2019-06-14 20:39:01 response :
------------

2019-06-14 20:41:02 trace :
------------
String:
<xml><ToUserName><![CDATA[gh_c804ae748f89]]></ToUserName>
<FromUserName><![CDATA[o3lrB5xjTLH_1Zu9BfrhOVZ1ECcU]]></FromUserName>
<CreateTime>1560516062</CreateTime>
<MsgType><![CDATA[event]]></MsgType>
<Event><![CDATA[VIEW]]></Event>
<EventKey><![CDATA[http://www.boyufengmao.com/app/index.php?i=2&c=entry&m=ewei_shopv2&do=mobile&r=diypage&id=19]]></EventKey>
<MenuId>444058172</MenuId>
</xml>

2019-06-14 20:41:02 params :
------------
String:
array (
  'rule' => -2,
  'module' => '',
  'message' => 
  array (
    'tousername' => 'gh_c804ae748f89',
    'fromusername' => 'o3lrB5xjTLH_1Zu9BfrhOVZ1ECcU',
    'createtime' => '1560516062',
    'msgtype' => 'event',
    'event' => 'VIEW',
    'eventkey' => 'http://www.boyufengmao.com/app/index.php?i=2&c=entry&m=ewei_shopv2&do=mobile&r=diypage&id=19',
    'menuid' => '444058172',
    'from' => 'o3lrB5xjTLH_1Zu9BfrhOVZ1ECcU',
    'to' => 'gh_c804ae748f89',
    'time' => '1560516062',
    'type' => 'text',
    'content' => 'http://www.boyufengmao.com/app/index.php?i=2&c=entry&m=ewei_shopv2&do=mobile&r=diypage&id=19',
    'redirection' => true,
    'source' => 'VIEW',
  ),
)

2019-06-14 20:41:02 response :
------------

