2019-06-18 10:13:57 trace :
------------
String:
<xml><ToUserName><![CDATA[gh_c804ae748f89]]></ToUserName>
<FromUserName><![CDATA[o3lrB52OQe5owM1VXVuw4dyttQho]]></FromUserName>
<CreateTime>1560824037</CreateTime>
<MsgType><![CDATA[event]]></MsgType>
<Event><![CDATA[VIEW]]></Event>
<EventKey><![CDATA[http://www.boyufengmao.com/app/index.php?i=2&c=entry&m=ewei_shopv2&do=mobile&r=diypage&id=19]]></EventKey>
<MenuId>444058172</MenuId>
</xml>

2019-06-18 10:13:57 params :
------------
String:
array (
  'rule' => -2,
  'module' => '',
  'message' => 
  array (
    'tousername' => 'gh_c804ae748f89',
    'fromusername' => 'o3lrB52OQe5owM1VXVuw4dyttQho',
    'createtime' => '1560824037',
    'msgtype' => 'event',
    'event' => 'VIEW',
    'eventkey' => 'http://www.boyufengmao.com/app/index.php?i=2&c=entry&m=ewei_shopv2&do=mobile&r=diypage&id=19',
    'menuid' => '444058172',
    'from' => 'o3lrB52OQe5owM1VXVuw4dyttQho',
    'to' => 'gh_c804ae748f89',
    'time' => '1560824037',
    'type' => 'text',
    'content' => 'http://www.boyufengmao.com/app/index.php?i=2&c=entry&m=ewei_shopv2&do=mobile&r=diypage&id=19',
    'redirection' => true,
    'source' => 'VIEW',
  ),
)

2019-06-18 10:13:57 response :
------------

2019-06-18 10:14:11 trace :
------------
String:
<xml><ToUserName><![CDATA[gh_c804ae748f89]]></ToUserName>
<FromUserName><![CDATA[o3lrB52OQe5owM1VXVuw4dyttQho]]></FromUserName>
<CreateTime>1560824050</CreateTime>
<MsgType><![CDATA[event]]></MsgType>
<Event><![CDATA[VIEW]]></Event>
<EventKey><![CDATA[http://www.boyufengmao.com/app/index.php?i=2&c=entry&m=ewei_shopv2&do=mobile&r=diypage&id=19]]></EventKey>
<MenuId>444058172</MenuId>
</xml>

2019-06-18 10:14:11 params :
------------
String:
array (
  'rule' => -2,
  'module' => '',
  'message' => 
  array (
    'tousername' => 'gh_c804ae748f89',
    'fromusername' => 'o3lrB52OQe5owM1VXVuw4dyttQho',
    'createtime' => '1560824050',
    'msgtype' => 'event',
    'event' => 'VIEW',
    'eventkey' => 'http://www.boyufengmao.com/app/index.php?i=2&c=entry&m=ewei_shopv2&do=mobile&r=diypage&id=19',
    'menuid' => '444058172',
    'from' => 'o3lrB52OQe5owM1VXVuw4dyttQho',
    'to' => 'gh_c804ae748f89',
    'time' => '1560824050',
    'type' => 'text',
    'content' => 'http://www.boyufengmao.com/app/index.php?i=2&c=entry&m=ewei_shopv2&do=mobile&r=diypage&id=19',
    'redirection' => true,
    'source' => 'VIEW',
  ),
)

2019-06-18 10:14:11 response :
------------

2019-06-18 16:11:39 trace :
------------
String:
<xml><ToUserName><![CDATA[gh_c804ae748f89]]></ToUserName>
<FromUserName><![CDATA[o3lrB52OQe5owM1VXVuw4dyttQho]]></FromUserName>
<CreateTime>1560845499</CreateTime>
<MsgType><![CDATA[event]]></MsgType>
<Event><![CDATA[VIEW]]></Event>
<EventKey><![CDATA[http://www.boyufengmao.com/app/index.php?i=2&c=entry&m=ewei_shopv2&do=mobile&r=diypage&id=19]]></EventKey>
<MenuId>444058172</MenuId>
</xml>

2019-06-18 16:11:39 params :
------------
String:
array (
  'rule' => -2,
  'module' => '',
  'message' => 
  array (
    'tousername' => 'gh_c804ae748f89',
    'fromusername' => 'o3lrB52OQe5owM1VXVuw4dyttQho',
    'createtime' => '1560845499',
    'msgtype' => 'event',
    'event' => 'VIEW',
    'eventkey' => 'http://www.boyufengmao.com/app/index.php?i=2&c=entry&m=ewei_shopv2&do=mobile&r=diypage&id=19',
    'menuid' => '444058172',
    'from' => 'o3lrB52OQe5owM1VXVuw4dyttQho',
    'to' => 'gh_c804ae748f89',
    'time' => '1560845499',
    'type' => 'text',
    'content' => 'http://www.boyufengmao.com/app/index.php?i=2&c=entry&m=ewei_shopv2&do=mobile&r=diypage&id=19',
    'redirection' => true,
    'source' => 'VIEW',
  ),
)

2019-06-18 16:11:39 response :
------------

2019-06-18 16:12:16 trace :
------------
String:
<xml><ToUserName><![CDATA[gh_c804ae748f89]]></ToUserName>
<FromUserName><![CDATA[o3lrB52OQe5owM1VXVuw4dyttQho]]></FromUserName>
<CreateTime>1560845536</CreateTime>
<MsgType><![CDATA[event]]></MsgType>
<Event><![CDATA[VIEW]]></Event>
<EventKey><![CDATA[http://www.boyufengmao.com/app/index.php?i=2&c=entry&m=ewei_shopv2&do=mobile&r=diypage&id=19]]></EventKey>
<MenuId>444058172</MenuId>
</xml>

2019-06-18 16:12:16 params :
------------
String:
array (
  'rule' => -2,
  'module' => '',
  'message' => 
  array (
    'tousername' => 'gh_c804ae748f89',
    'fromusername' => 'o3lrB52OQe5owM1VXVuw4dyttQho',
    'createtime' => '1560845536',
    'msgtype' => 'event',
    'event' => 'VIEW',
    'eventkey' => 'http://www.boyufengmao.com/app/index.php?i=2&c=entry&m=ewei_shopv2&do=mobile&r=diypage&id=19',
    'menuid' => '444058172',
    'from' => 'o3lrB52OQe5owM1VXVuw4dyttQho',
    'to' => 'gh_c804ae748f89',
    'time' => '1560845536',
    'type' => 'text',
    'content' => 'http://www.boyufengmao.com/app/index.php?i=2&c=entry&m=ewei_shopv2&do=mobile&r=diypage&id=19',
    'redirection' => true,
    'source' => 'VIEW',
  ),
)

2019-06-18 16:12:16 response :
------------

2019-06-18 20:29:59 trace :
------------
String:
<xml><ToUserName><![CDATA[gh_c804ae748f89]]></ToUserName>
<FromUserName><![CDATA[o3lrB57fmee-7rQWlStPRdeZxtRc]]></FromUserName>
<CreateTime>1560860998</CreateTime>
<MsgType><![CDATA[event]]></MsgType>
<Event><![CDATA[VIEW]]></Event>
<EventKey><![CDATA[http://www.boyufengmao.com/app/index.php?i=2&c=entry&m=ewei_shopv2&do=mobile&r=diypage&id=19]]></EventKey>
<MenuId>444058172</MenuId>
</xml>

2019-06-18 20:29:59 params :
------------
String:
array (
  'rule' => -2,
  'module' => '',
  'message' => 
  array (
    'tousername' => 'gh_c804ae748f89',
    'fromusername' => 'o3lrB57fmee-7rQWlStPRdeZxtRc',
    'createtime' => '1560860998',
    'msgtype' => 'event',
    'event' => 'VIEW',
    'eventkey' => 'http://www.boyufengmao.com/app/index.php?i=2&c=entry&m=ewei_shopv2&do=mobile&r=diypage&id=19',
    'menuid' => '444058172',
    'from' => 'o3lrB57fmee-7rQWlStPRdeZxtRc',
    'to' => 'gh_c804ae748f89',
    'time' => '1560860998',
    'type' => 'text',
    'content' => 'http://www.boyufengmao.com/app/index.php?i=2&c=entry&m=ewei_shopv2&do=mobile&r=diypage&id=19',
    'redirection' => true,
    'source' => 'VIEW',
  ),
)

2019-06-18 20:29:59 response :
------------

2019-06-18 20:30:29 trace :
------------
String:
<xml><ToUserName><![CDATA[gh_c804ae748f89]]></ToUserName>
<FromUserName><![CDATA[o3lrB57fmee-7rQWlStPRdeZxtRc]]></FromUserName>
<CreateTime>1560861028</CreateTime>
<MsgType><![CDATA[event]]></MsgType>
<Event><![CDATA[VIEW]]></Event>
<EventKey><![CDATA[http://www.boyufengmao.com/app/index.php?i=2&c=entry&m=ewei_shopv2&do=mobile&r=commission]]></EventKey>
<MenuId>444058172</MenuId>
</xml>

2019-06-18 20:30:29 params :
------------
String:
array (
  'rule' => -2,
  'module' => '',
  'message' => 
  array (
    'tousername' => 'gh_c804ae748f89',
    'fromusername' => 'o3lrB57fmee-7rQWlStPRdeZxtRc',
    'createtime' => '1560861028',
    'msgtype' => 'event',
    'event' => 'VIEW',
    'eventkey' => 'http://www.boyufengmao.com/app/index.php?i=2&c=entry&m=ewei_shopv2&do=mobile&r=commission',
    'menuid' => '444058172',
    'from' => 'o3lrB57fmee-7rQWlStPRdeZxtRc',
    'to' => 'gh_c804ae748f89',
    'time' => '1560861028',
    'type' => 'text',
    'content' => 'http://www.boyufengmao.com/app/index.php?i=2&c=entry&m=ewei_shopv2&do=mobile&r=commission',
    'redirection' => true,
    'source' => 'VIEW',
  ),
)

2019-06-18 20:30:29 response :
------------

2019-06-18 20:30:33 trace :
------------
String:
<xml><ToUserName><![CDATA[gh_c804ae748f89]]></ToUserName>
<FromUserName><![CDATA[o3lrB57fmee-7rQWlStPRdeZxtRc]]></FromUserName>
<CreateTime>1560861033</CreateTime>
<MsgType><![CDATA[event]]></MsgType>
<Event><![CDATA[VIEW]]></Event>
<EventKey><![CDATA[http://www.boyufengmao.com/app/index.php?i=2&c=entry&m=ewei_shopv2&do=mobile&r=member]]></EventKey>
<MenuId>444058172</MenuId>
</xml>

2019-06-18 20:30:33 params :
------------
String:
array (
  'rule' => -2,
  'module' => '',
  'message' => 
  array (
    'tousername' => 'gh_c804ae748f89',
    'fromusername' => 'o3lrB57fmee-7rQWlStPRdeZxtRc',
    'createtime' => '1560861033',
    'msgtype' => 'event',
    'event' => 'VIEW',
    'eventkey' => 'http://www.boyufengmao.com/app/index.php?i=2&c=entry&m=ewei_shopv2&do=mobile&r=member',
    'menuid' => '444058172',
    'from' => 'o3lrB57fmee-7rQWlStPRdeZxtRc',
    'to' => 'gh_c804ae748f89',
    'time' => '1560861033',
    'type' => 'text',
    'content' => 'http://www.boyufengmao.com/app/index.php?i=2&c=entry&m=ewei_shopv2&do=mobile&r=member',
    'redirection' => true,
    'source' => 'VIEW',
  ),
)

2019-06-18 20:30:33 response :
------------

2019-06-18 20:30:36 trace :
------------
String:
<xml><ToUserName><![CDATA[gh_c804ae748f89]]></ToUserName>
<FromUserName><![CDATA[o3lrB57fmee-7rQWlStPRdeZxtRc]]></FromUserName>
<CreateTime>1560861036</CreateTime>
<MsgType><![CDATA[event]]></MsgType>
<Event><![CDATA[VIEW]]></Event>
<EventKey><![CDATA[http://www.boyufengmao.com/app/index.php?i=2&c=entry&m=ewei_shopv2&do=mobile&r=diypage&id=23]]></EventKey>
<MenuId>444058172</MenuId>
</xml>

2019-06-18 20:30:36 params :
------------
String:
array (
  'rule' => -2,
  'module' => '',
  'message' => 
  array (
    'tousername' => 'gh_c804ae748f89',
    'fromusername' => 'o3lrB57fmee-7rQWlStPRdeZxtRc',
    'createtime' => '1560861036',
    'msgtype' => 'event',
    'event' => 'VIEW',
    'eventkey' => 'http://www.boyufengmao.com/app/index.php?i=2&c=entry&m=ewei_shopv2&do=mobile&r=diypage&id=23',
    'menuid' => '444058172',
    'from' => 'o3lrB57fmee-7rQWlStPRdeZxtRc',
    'to' => 'gh_c804ae748f89',
    'time' => '1560861036',
    'type' => 'text',
    'content' => 'http://www.boyufengmao.com/app/index.php?i=2&c=entry&m=ewei_shopv2&do=mobile&r=diypage&id=23',
    'redirection' => true,
    'source' => 'VIEW',
  ),
)

2019-06-18 20:30:36 response :
------------

2019-06-18 20:30:40 trace :
------------
String:
<xml><ToUserName><![CDATA[gh_c804ae748f89]]></ToUserName>
<FromUserName><![CDATA[o3lrB57fmee-7rQWlStPRdeZxtRc]]></FromUserName>
<CreateTime>1560861040</CreateTime>
<MsgType><![CDATA[event]]></MsgType>
<Event><![CDATA[VIEW]]></Event>
<EventKey><![CDATA[http://www.boyufengmao.com/app/index.php?i=2&c=entry&m=ewei_shopv2&do=mobile&r=diypage&id=19]]></EventKey>
<MenuId>444058172</MenuId>
</xml>

2019-06-18 20:30:40 params :
------------
String:
array (
  'rule' => -2,
  'module' => '',
  'message' => 
  array (
    'tousername' => 'gh_c804ae748f89',
    'fromusername' => 'o3lrB57fmee-7rQWlStPRdeZxtRc',
    'createtime' => '1560861040',
    'msgtype' => 'event',
    'event' => 'VIEW',
    'eventkey' => 'http://www.boyufengmao.com/app/index.php?i=2&c=entry&m=ewei_shopv2&do=mobile&r=diypage&id=19',
    'menuid' => '444058172',
    'from' => 'o3lrB57fmee-7rQWlStPRdeZxtRc',
    'to' => 'gh_c804ae748f89',
    'time' => '1560861040',
    'type' => 'text',
    'content' => 'http://www.boyufengmao.com/app/index.php?i=2&c=entry&m=ewei_shopv2&do=mobile&r=diypage&id=19',
    'redirection' => true,
    'source' => 'VIEW',
  ),
)

2019-06-18 20:30:40 response :
------------

