2019-06-06 20:34:15 trace :
------------
String:
<xml><ToUserName><![CDATA[gh_c804ae748f89]]></ToUserName>
<FromUserName><![CDATA[o3lrB52OQe5owM1VXVuw4dyttQho]]></FromUserName>
<CreateTime>1559824445</CreateTime>
<MsgType><![CDATA[event]]></MsgType>
<Event><![CDATA[subscribe]]></Event>
<EventKey><![CDATA[]]></EventKey>
</xml>

2019-06-06 20:34:15 params :
------------
String:
array (
  'rule' => -2,
  'module' => '',
  'message' => 
  array (
    'tousername' => 'gh_c804ae748f89',
    'fromusername' => 'o3lrB52OQe5owM1VXVuw4dyttQho',
    'createtime' => '1559824445',
    'msgtype' => 'event',
    'event' => 'subscribe',
    'eventkey' => '',
    'from' => 'o3lrB52OQe5owM1VXVuw4dyttQho',
    'to' => 'gh_c804ae748f89',
    'time' => '1559824445',
    'type' => 'text',
    'redirection' => true,
    'source' => 'subscribe',
  ),
)

2019-06-06 20:34:15 response :
------------

2019-06-06 20:35:50 trace :
------------
String:
<xml><ToUserName><![CDATA[gh_c804ae748f89]]></ToUserName>
<FromUserName><![CDATA[o3lrB5xjTLH_1Zu9BfrhOVZ1ECcU]]></FromUserName>
<CreateTime>1559824550</CreateTime>
<MsgType><![CDATA[event]]></MsgType>
<Event><![CDATA[subscribe]]></Event>
<EventKey><![CDATA[]]></EventKey>
</xml>

2019-06-06 20:35:50 params :
------------
String:
array (
  'rule' => -2,
  'module' => '',
  'message' => 
  array (
    'tousername' => 'gh_c804ae748f89',
    'fromusername' => 'o3lrB5xjTLH_1Zu9BfrhOVZ1ECcU',
    'createtime' => '1559824550',
    'msgtype' => 'event',
    'event' => 'subscribe',
    'eventkey' => '',
    'from' => 'o3lrB5xjTLH_1Zu9BfrhOVZ1ECcU',
    'to' => 'gh_c804ae748f89',
    'time' => '1559824550',
    'type' => 'text',
    'redirection' => true,
    'source' => 'subscribe',
  ),
)

2019-06-06 20:35:50 response :
------------

2019-06-06 20:43:09 trace :
------------
String:
<xml><ToUserName><![CDATA[gh_c804ae748f89]]></ToUserName>
<FromUserName><![CDATA[o3lrB5w5zIjq5aMsx--uHDFzihpY]]></FromUserName>
<CreateTime>1559824989</CreateTime>
<MsgType><![CDATA[event]]></MsgType>
<Event><![CDATA[subscribe]]></Event>
<EventKey><![CDATA[]]></EventKey>
</xml>

2019-06-06 20:43:09 params :
------------
String:
array (
  'rule' => -2,
  'module' => '',
  'message' => 
  array (
    'tousername' => 'gh_c804ae748f89',
    'fromusername' => 'o3lrB5w5zIjq5aMsx--uHDFzihpY',
    'createtime' => '1559824989',
    'msgtype' => 'event',
    'event' => 'subscribe',
    'eventkey' => '',
    'from' => 'o3lrB5w5zIjq5aMsx--uHDFzihpY',
    'to' => 'gh_c804ae748f89',
    'time' => '1559824989',
    'type' => 'text',
    'redirection' => true,
    'source' => 'subscribe',
  ),
)

2019-06-06 20:43:09 response :
------------

