2019-09-25 05:28:54 trace :
------------
String:
<xml><ToUserName><![CDATA[gh_f9b894563ef4]]></ToUserName>
<FromUserName><![CDATA[o5V8y1SyL26PKMOAIUC_giMhuAfY]]></FromUserName>
<CreateTime>1569360533</CreateTime>
<MsgType><![CDATA[event]]></MsgType>
<Event><![CDATA[unsubscribe]]></Event>
<EventKey><![CDATA[]]></EventKey>
</xml>

2019-09-25 08:41:56 trace :
------------
String:
<xml><ToUserName><![CDATA[gh_f9b894563ef4]]></ToUserName>
<FromUserName><![CDATA[o5V8y1VFA9PetbZQv_noRgh9WYUM]]></FromUserName>
<CreateTime>1569372115</CreateTime>
<MsgType><![CDATA[event]]></MsgType>
<Event><![CDATA[TEMPLATESENDJOBFINISH]]></Event>
<MsgID>1002939369176662016</MsgID>
<Status><![CDATA[success]]></Status>
</xml>

2019-09-25 08:41:56 params :
------------
String:
array (
  'rule' => -2,
  'module' => '',
  'message' => 
  array (
    'tousername' => 'gh_f9b894563ef4',
    'fromusername' => 'o5V8y1VFA9PetbZQv_noRgh9WYUM',
    'createtime' => '1569372115',
    'msgtype' => 'event',
    'event' => 'TEMPLATESENDJOBFINISH',
    'msgid' => '1002939369176662016',
    'status' => 'success',
    'from' => 'o5V8y1VFA9PetbZQv_noRgh9WYUM',
    'to' => 'gh_f9b894563ef4',
    'time' => '1569372115',
    'type' => 'event',
  ),
)

2019-09-25 08:41:56 response :
------------

2019-09-25 08:41:56 trace :
------------
String:
<xml><ToUserName><![CDATA[gh_f9b894563ef4]]></ToUserName>
<FromUserName><![CDATA[o5V8y1X20nHqMNk_7_-Wc9wGP9pc]]></FromUserName>
<CreateTime>1569372116</CreateTime>
<MsgType><![CDATA[event]]></MsgType>
<Event><![CDATA[TEMPLATESENDJOBFINISH]]></Event>
<MsgID>1002939371424858112</MsgID>
<Status><![CDATA[success]]></Status>
</xml>

2019-09-25 08:41:56 params :
------------
String:
array (
  'rule' => -2,
  'module' => '',
  'message' => 
  array (
    'tousername' => 'gh_f9b894563ef4',
    'fromusername' => 'o5V8y1X20nHqMNk_7_-Wc9wGP9pc',
    'createtime' => '1569372116',
    'msgtype' => 'event',
    'event' => 'TEMPLATESENDJOBFINISH',
    'msgid' => '1002939371424858112',
    'status' => 'success',
    'from' => 'o5V8y1X20nHqMNk_7_-Wc9wGP9pc',
    'to' => 'gh_f9b894563ef4',
    'time' => '1569372116',
    'type' => 'event',
  ),
)

2019-09-25 08:41:56 response :
------------

2019-09-25 09:52:33 trace :
------------
String:
<xml><ToUserName><![CDATA[gh_f9b894563ef4]]></ToUserName>
<FromUserName><![CDATA[o5V8y1StG7-DpHZuGsMthVZIgSUw]]></FromUserName>
<CreateTime>1569376353</CreateTime>
<MsgType><![CDATA[event]]></MsgType>
<Event><![CDATA[VIEW]]></Event>
<EventKey><![CDATA[http://www.boyufengmao.com/app/index.php?i=6&c=entry&m=ewei_shopv2&do=mobile&r=diypage&id=35]]></EventKey>
<MenuId>445219801</MenuId>
</xml>

2019-09-25 09:52:33 params :
------------
String:
array (
  'rule' => -2,
  'module' => '',
  'message' => 
  array (
    'tousername' => 'gh_f9b894563ef4',
    'fromusername' => 'o5V8y1StG7-DpHZuGsMthVZIgSUw',
    'createtime' => '1569376353',
    'msgtype' => 'event',
    'event' => 'VIEW',
    'eventkey' => 'http://www.boyufengmao.com/app/index.php?i=6&c=entry&m=ewei_shopv2&do=mobile&r=diypage&id=35',
    'menuid' => '445219801',
    'from' => 'o5V8y1StG7-DpHZuGsMthVZIgSUw',
    'to' => 'gh_f9b894563ef4',
    'time' => '1569376353',
    'type' => 'text',
    'content' => 'http://www.boyufengmao.com/app/index.php?i=6&c=entry&m=ewei_shopv2&do=mobile&r=diypage&id=35',
    'redirection' => true,
    'source' => 'VIEW',
  ),
)

2019-09-25 09:52:33 response :
------------

2019-09-25 10:15:55 trace :
------------
String:
<xml><ToUserName><![CDATA[gh_7b3d37846b75]]></ToUserName>
<FromUserName><![CDATA[oZ5PY1E2rbpBXuNh7santBG7SkAA]]></FromUserName>
<CreateTime>1569377755</CreateTime>
<MsgType><![CDATA[event]]></MsgType>
<Event><![CDATA[VIEW]]></Event>
<EventKey><![CDATA[http://www.boyufengmao.com/app/index.php?i=7&c=entry&m=ewei_shopv2&do=mobile&r=diypage&id=30]]></EventKey>
<MenuId>516256345</MenuId>
</xml>

2019-09-25 10:15:55 params :
------------
String:
array (
  'rule' => -2,
  'module' => '',
  'message' => 
  array (
    'tousername' => 'gh_7b3d37846b75',
    'fromusername' => 'oZ5PY1E2rbpBXuNh7santBG7SkAA',
    'createtime' => '1569377755',
    'msgtype' => 'event',
    'event' => 'VIEW',
    'eventkey' => 'http://www.boyufengmao.com/app/index.php?i=7&c=entry&m=ewei_shopv2&do=mobile&r=diypage&id=30',
    'menuid' => '516256345',
    'from' => 'oZ5PY1E2rbpBXuNh7santBG7SkAA',
    'to' => 'gh_7b3d37846b75',
    'time' => '1569377755',
    'type' => 'text',
    'content' => 'http://www.boyufengmao.com/app/index.php?i=7&c=entry&m=ewei_shopv2&do=mobile&r=diypage&id=30',
    'redirection' => true,
    'source' => 'VIEW',
  ),
)

2019-09-25 10:15:55 response :
------------

2019-09-25 10:43:32 trace :
------------
String:
<xml><ToUserName><![CDATA[gh_f9b894563ef4]]></ToUserName>
<FromUserName><![CDATA[o5V8y1aaMS3V9Dir7qHCn-Lfl4Sg]]></FromUserName>
<CreateTime>1569379412</CreateTime>
<MsgType><![CDATA[event]]></MsgType>
<Event><![CDATA[VIEW]]></Event>
<EventKey><![CDATA[http://www.boyufengmao.com/app/index.php?i=6&c=entry&m=ewei_shopv2&do=mobile&r=diypage&id=35]]></EventKey>
<MenuId>445219801</MenuId>
</xml>

2019-09-25 10:43:32 params :
------------
String:
array (
  'rule' => -2,
  'module' => '',
  'message' => 
  array (
    'tousername' => 'gh_f9b894563ef4',
    'fromusername' => 'o5V8y1aaMS3V9Dir7qHCn-Lfl4Sg',
    'createtime' => '1569379412',
    'msgtype' => 'event',
    'event' => 'VIEW',
    'eventkey' => 'http://www.boyufengmao.com/app/index.php?i=6&c=entry&m=ewei_shopv2&do=mobile&r=diypage&id=35',
    'menuid' => '445219801',
    'from' => 'o5V8y1aaMS3V9Dir7qHCn-Lfl4Sg',
    'to' => 'gh_f9b894563ef4',
    'time' => '1569379412',
    'type' => 'text',
    'content' => 'http://www.boyufengmao.com/app/index.php?i=6&c=entry&m=ewei_shopv2&do=mobile&r=diypage&id=35',
    'redirection' => true,
    'source' => 'VIEW',
  ),
)

2019-09-25 10:43:32 response :
------------

2019-09-25 10:55:21 trace :
------------
String:
<xml><ToUserName><![CDATA[gh_162fc9cda7ca]]></ToUserName>
<FromUserName><![CDATA[oYRrw006sSJGtZhQkSV5ts9C5SpA]]></FromUserName>
<CreateTime>1569380121</CreateTime>
<MsgType><![CDATA[event]]></MsgType>
<Event><![CDATA[VIEW]]></Event>
<EventKey><![CDATA[http://www.boyufengmao.com/app/index.php?i=5&c=entry&m=ewei_shopv2&do=mobile&r=diypage&id=24]]></EventKey>
<MenuId>431928873</MenuId>
</xml>

2019-09-25 10:55:21 params :
------------
String:
array (
  'rule' => -2,
  'module' => '',
  'message' => 
  array (
    'tousername' => 'gh_162fc9cda7ca',
    'fromusername' => 'oYRrw006sSJGtZhQkSV5ts9C5SpA',
    'createtime' => '1569380121',
    'msgtype' => 'event',
    'event' => 'VIEW',
    'eventkey' => 'http://www.boyufengmao.com/app/index.php?i=5&c=entry&m=ewei_shopv2&do=mobile&r=diypage&id=24',
    'menuid' => '431928873',
    'from' => 'oYRrw006sSJGtZhQkSV5ts9C5SpA',
    'to' => 'gh_162fc9cda7ca',
    'time' => '1569380121',
    'type' => 'text',
    'content' => 'http://www.boyufengmao.com/app/index.php?i=5&c=entry&m=ewei_shopv2&do=mobile&r=diypage&id=24',
    'redirection' => true,
    'source' => 'VIEW',
  ),
)

2019-09-25 10:55:21 response :
------------

2019-09-25 10:55:33 trace :
------------
String:
<xml><ToUserName><![CDATA[gh_162fc9cda7ca]]></ToUserName>
<FromUserName><![CDATA[oYRrw006sSJGtZhQkSV5ts9C5SpA]]></FromUserName>
<CreateTime>1569380133</CreateTime>
<MsgType><![CDATA[event]]></MsgType>
<Event><![CDATA[CLICK]]></Event>
<EventKey><![CDATA[订餐电话]]></EventKey>
</xml>

2019-09-25 10:55:33 params :
------------
String:
array (
  'message' => 
  array (
    'tousername' => 'gh_162fc9cda7ca',
    'fromusername' => 'oYRrw006sSJGtZhQkSV5ts9C5SpA',
    'createtime' => '1569380133',
    'msgtype' => 'event',
    'event' => 'CLICK',
    'eventkey' => '订餐电话',
    'from' => 'oYRrw006sSJGtZhQkSV5ts9C5SpA',
    'to' => 'gh_162fc9cda7ca',
    'time' => '1569380133',
    'type' => 'text',
    'content' => '订餐电话',
    'redirection' => true,
    'source' => 'click',
  ),
  'module' => 'reply',
  'rule' => '20',
  'priority' => '0',
  'keyword' => 
  array (
    'id' => '29',
    'rid' => '20',
    'uniacid' => '5',
    'module' => 'reply',
    'content' => '订餐电话',
    'type' => '1',
    'displayorder' => '0',
    'status' => '1',
    'reply_type' => 
    array (
      0 => 'basic',
    ),
  ),
  'reply_type' => 
  array (
    0 => 'basic',
  ),
)

2019-09-25 10:55:33 response :
------------
Array:
FromUserName : gh_162fc9cda7ca ;
ToUserName : oYRrw006sSJGtZhQkSV5ts9C5SpA ;
MsgType : text ;
Content : 欢迎拨打电话：029−88770318 订餐 ;

2019-09-25 11:34:02 trace :
------------
String:
<xml><ToUserName><![CDATA[gh_f9b894563ef4]]></ToUserName>
<FromUserName><![CDATA[o5V8y1bWnSkNVNxl6Dk3n7dlqyzo]]></FromUserName>
<CreateTime>1569382442</CreateTime>
<MsgType><![CDATA[event]]></MsgType>
<Event><![CDATA[unsubscribe]]></Event>
<EventKey><![CDATA[]]></EventKey>
</xml>

2019-09-25 12:19:36 trace :
------------
String:
<xml><ToUserName><![CDATA[gh_162fc9cda7ca]]></ToUserName>
<FromUserName><![CDATA[oYRrw006sSJGtZhQkSV5ts9C5SpA]]></FromUserName>
<CreateTime>1569385176</CreateTime>
<MsgType><![CDATA[event]]></MsgType>
<Event><![CDATA[CLICK]]></Event>
<EventKey><![CDATA[海报]]></EventKey>
</xml>

2019-09-25 12:19:36 params :
------------
String:
array (
  'message' => 
  array (
    'tousername' => 'gh_162fc9cda7ca',
    'fromusername' => 'oYRrw006sSJGtZhQkSV5ts9C5SpA',
    'createtime' => '1569385176',
    'msgtype' => 'event',
    'event' => 'CLICK',
    'eventkey' => '海报',
    'from' => 'oYRrw006sSJGtZhQkSV5ts9C5SpA',
    'to' => 'gh_162fc9cda7ca',
    'time' => '1569385176',
    'type' => 'text',
    'content' => '海报',
    'redirection' => true,
    'source' => 'click',
  ),
  'module' => 'reply',
  'rule' => '21',
  'priority' => '0',
  'keyword' => 
  array (
    'id' => '30',
    'rid' => '21',
    'uniacid' => '5',
    'module' => 'reply',
    'content' => '海报',
    'type' => '1',
    'displayorder' => '0',
    'status' => '1',
    'reply_type' => 
    array (
      0 => 'images',
    ),
  ),
  'reply_type' => 
  array (
    0 => 'images',
  ),
)

2019-09-25 12:19:36 response :
------------
Array:
FromUserName : gh_162fc9cda7ca ;
ToUserName : oYRrw006sSJGtZhQkSV5ts9C5SpA ;
MsgType : image ;
Image : Array ;

2019-09-25 12:20:10 trace :
------------
String:
<xml><ToUserName><![CDATA[gh_162fc9cda7ca]]></ToUserName>
<FromUserName><![CDATA[oYRrw006sSJGtZhQkSV5ts9C5SpA]]></FromUserName>
<CreateTime>1569385210</CreateTime>
<MsgType><![CDATA[event]]></MsgType>
<Event><![CDATA[VIEW]]></Event>
<EventKey><![CDATA[http://www.boyufengmao.com/app/index.php?i=5&c=entry&m=ewei_shopv2&do=mobile&r=diypage&id=24]]></EventKey>
<MenuId>431928873</MenuId>
</xml>

2019-09-25 12:20:10 params :
------------
String:
array (
  'rule' => -2,
  'module' => '',
  'message' => 
  array (
    'tousername' => 'gh_162fc9cda7ca',
    'fromusername' => 'oYRrw006sSJGtZhQkSV5ts9C5SpA',
    'createtime' => '1569385210',
    'msgtype' => 'event',
    'event' => 'VIEW',
    'eventkey' => 'http://www.boyufengmao.com/app/index.php?i=5&c=entry&m=ewei_shopv2&do=mobile&r=diypage&id=24',
    'menuid' => '431928873',
    'from' => 'oYRrw006sSJGtZhQkSV5ts9C5SpA',
    'to' => 'gh_162fc9cda7ca',
    'time' => '1569385210',
    'type' => 'text',
    'content' => 'http://www.boyufengmao.com/app/index.php?i=5&c=entry&m=ewei_shopv2&do=mobile&r=diypage&id=24',
    'redirection' => true,
    'source' => 'VIEW',
  ),
)

2019-09-25 12:20:10 response :
------------

2019-09-25 12:20:15 trace :
------------
String:
<xml><ToUserName><![CDATA[gh_162fc9cda7ca]]></ToUserName>
<FromUserName><![CDATA[oYRrw006sSJGtZhQkSV5ts9C5SpA]]></FromUserName>
<CreateTime>1569385215</CreateTime>
<MsgType><![CDATA[event]]></MsgType>
<Event><![CDATA[VIEW]]></Event>
<EventKey><![CDATA[http://www.boyufengmao.com/app/index.php?i=5&c=entry&m=ewei_shopv2&do=mobile&r=diypage&id=34]]></EventKey>
<MenuId>431928873</MenuId>
</xml>

2019-09-25 12:20:15 params :
------------
String:
array (
  'rule' => -2,
  'module' => '',
  'message' => 
  array (
    'tousername' => 'gh_162fc9cda7ca',
    'fromusername' => 'oYRrw006sSJGtZhQkSV5ts9C5SpA',
    'createtime' => '1569385215',
    'msgtype' => 'event',
    'event' => 'VIEW',
    'eventkey' => 'http://www.boyufengmao.com/app/index.php?i=5&c=entry&m=ewei_shopv2&do=mobile&r=diypage&id=34',
    'menuid' => '431928873',
    'from' => 'oYRrw006sSJGtZhQkSV5ts9C5SpA',
    'to' => 'gh_162fc9cda7ca',
    'time' => '1569385215',
    'type' => 'text',
    'content' => 'http://www.boyufengmao.com/app/index.php?i=5&c=entry&m=ewei_shopv2&do=mobile&r=diypage&id=34',
    'redirection' => true,
    'source' => 'VIEW',
  ),
)

2019-09-25 12:20:15 response :
------------

2019-09-25 12:32:58 trace :
------------
String:
<xml><ToUserName><![CDATA[gh_0140ea298741]]></ToUserName>
<FromUserName><![CDATA[oGQKz0nZFmMdFqE2E4ahbn5qyT-k]]></FromUserName>
<CreateTime>1569385978</CreateTime>
<MsgType><![CDATA[event]]></MsgType>
<Event><![CDATA[VIEW]]></Event>
<EventKey><![CDATA[http://www.boyufengmao.com/app/index.php?i=8&c=entry&m=ewei_shopv2&do=mobile]]></EventKey>
<MenuId>483415111</MenuId>
</xml>

2019-09-25 12:32:58 params :
------------
String:
array (
  'rule' => -2,
  'module' => '',
  'message' => 
  array (
    'tousername' => 'gh_0140ea298741',
    'fromusername' => 'oGQKz0nZFmMdFqE2E4ahbn5qyT-k',
    'createtime' => '1569385978',
    'msgtype' => 'event',
    'event' => 'VIEW',
    'eventkey' => 'http://www.boyufengmao.com/app/index.php?i=8&c=entry&m=ewei_shopv2&do=mobile',
    'menuid' => '483415111',
    'from' => 'oGQKz0nZFmMdFqE2E4ahbn5qyT-k',
    'to' => 'gh_0140ea298741',
    'time' => '1569385978',
    'type' => 'text',
    'content' => 'http://www.boyufengmao.com/app/index.php?i=8&c=entry&m=ewei_shopv2&do=mobile',
    'redirection' => true,
    'source' => 'VIEW',
  ),
)

2019-09-25 12:32:58 response :
------------

2019-09-25 12:37:10 trace :
------------
String:
<xml><ToUserName><![CDATA[gh_0140ea298741]]></ToUserName>
<FromUserName><![CDATA[oGQKz0nZFmMdFqE2E4ahbn5qyT-k]]></FromUserName>
<CreateTime>1569386230</CreateTime>
<MsgType><![CDATA[event]]></MsgType>
<Event><![CDATA[VIEW]]></Event>
<EventKey><![CDATA[http://www.boyufengmao.com/app/index.php?i=8&c=entry&m=ewei_shopv2&do=mobile]]></EventKey>
<MenuId>483415111</MenuId>
</xml>

2019-09-25 12:37:10 params :
------------
String:
array (
  'rule' => -2,
  'module' => '',
  'message' => 
  array (
    'tousername' => 'gh_0140ea298741',
    'fromusername' => 'oGQKz0nZFmMdFqE2E4ahbn5qyT-k',
    'createtime' => '1569386230',
    'msgtype' => 'event',
    'event' => 'VIEW',
    'eventkey' => 'http://www.boyufengmao.com/app/index.php?i=8&c=entry&m=ewei_shopv2&do=mobile',
    'menuid' => '483415111',
    'from' => 'oGQKz0nZFmMdFqE2E4ahbn5qyT-k',
    'to' => 'gh_0140ea298741',
    'time' => '1569386230',
    'type' => 'text',
    'content' => 'http://www.boyufengmao.com/app/index.php?i=8&c=entry&m=ewei_shopv2&do=mobile',
    'redirection' => true,
    'source' => 'VIEW',
  ),
)

2019-09-25 12:37:10 response :
------------

2019-09-25 13:20:03 trace :
------------
String:
<xml><ToUserName><![CDATA[gh_f9b894563ef4]]></ToUserName>
<FromUserName><![CDATA[o5V8y1ZG_rLcNCcPjbotsapjnTx8]]></FromUserName>
<CreateTime>1569388803</CreateTime>
<MsgType><![CDATA[event]]></MsgType>
<Event><![CDATA[SCAN]]></Event>
<EventKey><![CDATA[business:5864a01773794135a05fba69901b7199]]></EventKey>
<Ticket><![CDATA[gQGj8DwAAAAAAAAAAS5odHRwOi8vd2VpeGluLnFxLmNvbS9xLzAyZ3RQMXQ5QnZjT2wxMDAwMHcwN2oAAgQPhH9cAwQAAAAA]]></Ticket>
</xml>

2019-09-25 13:20:03 params :
------------
String:
array (
  'rule' => -2,
  'module' => '',
  'message' => 
  array (
    'tousername' => 'gh_f9b894563ef4',
    'fromusername' => 'o5V8y1ZG_rLcNCcPjbotsapjnTx8',
    'createtime' => '1569388803',
    'msgtype' => 'event',
    'event' => 'SCAN',
    'eventkey' => 'business:5864a01773794135a05fba69901b7199',
    'ticket' => 'gQGj8DwAAAAAAAAAAS5odHRwOi8vd2VpeGluLnFxLmNvbS9xLzAyZ3RQMXQ5QnZjT2wxMDAwMHcwN2oAAgQPhH9cAwQAAAAA',
    'from' => 'o5V8y1ZG_rLcNCcPjbotsapjnTx8',
    'to' => 'gh_f9b894563ef4',
    'time' => '1569388803',
    'type' => 'text',
    'scene' => 'business:5864a01773794135a05fba69901b7199',
    'redirection' => true,
    'source' => 'qr',
  ),
)

2019-09-25 13:20:03 response :
------------

2019-09-25 13:20:07 trace :
------------
String:
<xml><ToUserName><![CDATA[gh_f9b894563ef4]]></ToUserName>
<FromUserName><![CDATA[o5V8y1ZG_rLcNCcPjbotsapjnTx8]]></FromUserName>
<CreateTime>1569388807</CreateTime>
<MsgType><![CDATA[event]]></MsgType>
<Event><![CDATA[VIEW]]></Event>
<EventKey><![CDATA[http://www.boyufengmao.com/app/index.php?i=6&c=entry&m=ewei_shopv2&do=mobile&r=diypage&id=35]]></EventKey>
<MenuId>445219801</MenuId>
</xml>

2019-09-25 13:20:07 params :
------------
String:
array (
  'rule' => -2,
  'module' => '',
  'message' => 
  array (
    'tousername' => 'gh_f9b894563ef4',
    'fromusername' => 'o5V8y1ZG_rLcNCcPjbotsapjnTx8',
    'createtime' => '1569388807',
    'msgtype' => 'event',
    'event' => 'VIEW',
    'eventkey' => 'http://www.boyufengmao.com/app/index.php?i=6&c=entry&m=ewei_shopv2&do=mobile&r=diypage&id=35',
    'menuid' => '445219801',
    'from' => 'o5V8y1ZG_rLcNCcPjbotsapjnTx8',
    'to' => 'gh_f9b894563ef4',
    'time' => '1569388807',
    'type' => 'text',
    'content' => 'http://www.boyufengmao.com/app/index.php?i=6&c=entry&m=ewei_shopv2&do=mobile&r=diypage&id=35',
    'redirection' => true,
    'source' => 'VIEW',
  ),
)

2019-09-25 13:20:07 response :
------------

2019-09-25 13:23:49 trace :
------------
String:
<xml><ToUserName><![CDATA[gh_f9b894563ef4]]></ToUserName>
<FromUserName><![CDATA[o5V8y1ZG_rLcNCcPjbotsapjnTx8]]></FromUserName>
<CreateTime>1569389029</CreateTime>
<MsgType><![CDATA[event]]></MsgType>
<Event><![CDATA[TEMPLATESENDJOBFINISH]]></Event>
<MsgID>1003223136491438080</MsgID>
<Status><![CDATA[success]]></Status>
</xml>

2019-09-25 13:23:49 params :
------------
String:
array (
  'rule' => -2,
  'module' => '',
  'message' => 
  array (
    'tousername' => 'gh_f9b894563ef4',
    'fromusername' => 'o5V8y1ZG_rLcNCcPjbotsapjnTx8',
    'createtime' => '1569389029',
    'msgtype' => 'event',
    'event' => 'TEMPLATESENDJOBFINISH',
    'msgid' => '1003223136491438080',
    'status' => 'success',
    'from' => 'o5V8y1ZG_rLcNCcPjbotsapjnTx8',
    'to' => 'gh_f9b894563ef4',
    'time' => '1569389029',
    'type' => 'event',
  ),
)

2019-09-25 13:23:49 response :
------------

2019-09-25 13:24:53 trace :
------------
String:
<xml><ToUserName><![CDATA[gh_f9b894563ef4]]></ToUserName>
<FromUserName><![CDATA[o5V8y1XFCACrq9FtKoOMU298MH-w]]></FromUserName>
<CreateTime>1569389093</CreateTime>
<MsgType><![CDATA[event]]></MsgType>
<Event><![CDATA[VIEW]]></Event>
<EventKey><![CDATA[http://www.boyufengmao.com/app/index.php?i=6&c=entry&m=ewei_shopv2&do=mobile&r=diypage&id=25]]></EventKey>
<MenuId>445219801</MenuId>
</xml>

2019-09-25 13:24:53 params :
------------
String:
array (
  'rule' => -2,
  'module' => '',
  'message' => 
  array (
    'tousername' => 'gh_f9b894563ef4',
    'fromusername' => 'o5V8y1XFCACrq9FtKoOMU298MH-w',
    'createtime' => '1569389093',
    'msgtype' => 'event',
    'event' => 'VIEW',
    'eventkey' => 'http://www.boyufengmao.com/app/index.php?i=6&c=entry&m=ewei_shopv2&do=mobile&r=diypage&id=25',
    'menuid' => '445219801',
    'from' => 'o5V8y1XFCACrq9FtKoOMU298MH-w',
    'to' => 'gh_f9b894563ef4',
    'time' => '1569389093',
    'type' => 'text',
    'content' => 'http://www.boyufengmao.com/app/index.php?i=6&c=entry&m=ewei_shopv2&do=mobile&r=diypage&id=25',
    'redirection' => true,
    'source' => 'VIEW',
  ),
)

2019-09-25 13:24:53 response :
------------

2019-09-25 13:30:51 trace :
------------
String:
<xml><ToUserName><![CDATA[gh_f9b894563ef4]]></ToUserName>
<FromUserName><![CDATA[o5V8y1StG7-DpHZuGsMthVZIgSUw]]></FromUserName>
<CreateTime>1569389451</CreateTime>
<MsgType><![CDATA[event]]></MsgType>
<Event><![CDATA[TEMPLATESENDJOBFINISH]]></Event>
<MsgID>1003230209749041152</MsgID>
<Status><![CDATA[success]]></Status>
</xml>

2019-09-25 13:30:51 params :
------------
String:
array (
  'rule' => -2,
  'module' => '',
  'message' => 
  array (
    'tousername' => 'gh_f9b894563ef4',
    'fromusername' => 'o5V8y1StG7-DpHZuGsMthVZIgSUw',
    'createtime' => '1569389451',
    'msgtype' => 'event',
    'event' => 'TEMPLATESENDJOBFINISH',
    'msgid' => '1003230209749041152',
    'status' => 'success',
    'from' => 'o5V8y1StG7-DpHZuGsMthVZIgSUw',
    'to' => 'gh_f9b894563ef4',
    'time' => '1569389451',
    'type' => 'event',
  ),
)

2019-09-25 13:30:51 response :
------------

2019-09-25 14:40:45 trace :
------------
String:
<xml><ToUserName><![CDATA[gh_f9b894563ef4]]></ToUserName>
<FromUserName><![CDATA[o5V8y1aaMS3V9Dir7qHCn-Lfl4Sg]]></FromUserName>
<CreateTime>1569393645</CreateTime>
<MsgType><![CDATA[event]]></MsgType>
<Event><![CDATA[SCAN]]></Event>
<EventKey><![CDATA[business:5864a01773794135a05fba69901b7199]]></EventKey>
<Ticket><![CDATA[gQGj8DwAAAAAAAAAAS5odHRwOi8vd2VpeGluLnFxLmNvbS9xLzAyZ3RQMXQ5QnZjT2wxMDAwMHcwN2oAAgQPhH9cAwQAAAAA]]></Ticket>
</xml>

2019-09-25 14:40:45 params :
------------
String:
array (
  'rule' => -2,
  'module' => '',
  'message' => 
  array (
    'tousername' => 'gh_f9b894563ef4',
    'fromusername' => 'o5V8y1aaMS3V9Dir7qHCn-Lfl4Sg',
    'createtime' => '1569393645',
    'msgtype' => 'event',
    'event' => 'SCAN',
    'eventkey' => 'business:5864a01773794135a05fba69901b7199',
    'ticket' => 'gQGj8DwAAAAAAAAAAS5odHRwOi8vd2VpeGluLnFxLmNvbS9xLzAyZ3RQMXQ5QnZjT2wxMDAwMHcwN2oAAgQPhH9cAwQAAAAA',
    'from' => 'o5V8y1aaMS3V9Dir7qHCn-Lfl4Sg',
    'to' => 'gh_f9b894563ef4',
    'time' => '1569393645',
    'type' => 'text',
    'scene' => 'business:5864a01773794135a05fba69901b7199',
    'redirection' => true,
    'source' => 'qr',
  ),
)

2019-09-25 14:40:45 response :
------------

2019-09-25 14:40:55 trace :
------------
String:
<xml><ToUserName><![CDATA[gh_f9b894563ef4]]></ToUserName>
<FromUserName><![CDATA[o5V8y1aaMS3V9Dir7qHCn-Lfl4Sg]]></FromUserName>
<CreateTime>1569393655</CreateTime>
<MsgType><![CDATA[event]]></MsgType>
<Event><![CDATA[VIEW]]></Event>
<EventKey><![CDATA[http://www.boyufengmao.com/app/index.php?i=6&c=entry&m=ewei_shopv2&do=mobile&r=diypage&id=35]]></EventKey>
<MenuId>445219801</MenuId>
</xml>

2019-09-25 14:40:55 params :
------------
String:
array (
  'rule' => -2,
  'module' => '',
  'message' => 
  array (
    'tousername' => 'gh_f9b894563ef4',
    'fromusername' => 'o5V8y1aaMS3V9Dir7qHCn-Lfl4Sg',
    'createtime' => '1569393655',
    'msgtype' => 'event',
    'event' => 'VIEW',
    'eventkey' => 'http://www.boyufengmao.com/app/index.php?i=6&c=entry&m=ewei_shopv2&do=mobile&r=diypage&id=35',
    'menuid' => '445219801',
    'from' => 'o5V8y1aaMS3V9Dir7qHCn-Lfl4Sg',
    'to' => 'gh_f9b894563ef4',
    'time' => '1569393655',
    'type' => 'text',
    'content' => 'http://www.boyufengmao.com/app/index.php?i=6&c=entry&m=ewei_shopv2&do=mobile&r=diypage&id=35',
    'redirection' => true,
    'source' => 'VIEW',
  ),
)

2019-09-25 14:40:55 response :
------------

2019-09-25 15:07:49 trace :
------------
String:
<xml><ToUserName><![CDATA[gh_f9b894563ef4]]></ToUserName>
<FromUserName><![CDATA[o5V8y1eufWsT6I2rRfx_mU3yg90A]]></FromUserName>
<CreateTime>1569395269</CreateTime>
<MsgType><![CDATA[event]]></MsgType>
<Event><![CDATA[subscribe]]></Event>
<EventKey><![CDATA[qrscene_business:5864a01773794135a05fba69901b7199]]></EventKey>
<Ticket><![CDATA[gQGj8DwAAAAAAAAAAS5odHRwOi8vd2VpeGluLnFxLmNvbS9xLzAyZ3RQMXQ5QnZjT2wxMDAwMHcwN2oAAgQPhH9cAwQAAAAA]]></Ticket>
</xml>

2019-09-25 15:07:49 params :
------------
String:
array (
  'rule' => -2,
  'module' => '',
  'message' => 
  array (
    'tousername' => 'gh_f9b894563ef4',
    'fromusername' => 'o5V8y1eufWsT6I2rRfx_mU3yg90A',
    'createtime' => '1569395269',
    'msgtype' => 'event',
    'event' => 'subscribe',
    'eventkey' => 'qrscene_business:5864a01773794135a05fba69901b7199',
    'ticket' => 'gQGj8DwAAAAAAAAAAS5odHRwOi8vd2VpeGluLnFxLmNvbS9xLzAyZ3RQMXQ5QnZjT2wxMDAwMHcwN2oAAgQPhH9cAwQAAAAA',
    'from' => 'o5V8y1eufWsT6I2rRfx_mU3yg90A',
    'to' => 'gh_f9b894563ef4',
    'time' => '1569395269',
    'type' => 'text',
    'scene' => 'business:5864a01773794135a05fba69901b7199',
    'redirection' => true,
    'source' => 'subscribe',
  ),
)

2019-09-25 15:07:49 response :
------------

2019-09-25 15:08:17 trace :
------------
String:
<xml><ToUserName><![CDATA[gh_f9b894563ef4]]></ToUserName>
<FromUserName><![CDATA[o5V8y1eufWsT6I2rRfx_mU3yg90A]]></FromUserName>
<CreateTime>1569395297</CreateTime>
<MsgType><![CDATA[event]]></MsgType>
<Event><![CDATA[VIEW]]></Event>
<EventKey><![CDATA[http://www.boyufengmao.com/app/index.php?i=6&c=entry&m=ewei_shopv2&do=mobile&r=diypage&id=25]]></EventKey>
<MenuId>445219801</MenuId>
</xml>

2019-09-25 15:08:17 params :
------------
String:
array (
  'rule' => -2,
  'module' => '',
  'message' => 
  array (
    'tousername' => 'gh_f9b894563ef4',
    'fromusername' => 'o5V8y1eufWsT6I2rRfx_mU3yg90A',
    'createtime' => '1569395297',
    'msgtype' => 'event',
    'event' => 'VIEW',
    'eventkey' => 'http://www.boyufengmao.com/app/index.php?i=6&c=entry&m=ewei_shopv2&do=mobile&r=diypage&id=25',
    'menuid' => '445219801',
    'from' => 'o5V8y1eufWsT6I2rRfx_mU3yg90A',
    'to' => 'gh_f9b894563ef4',
    'time' => '1569395297',
    'type' => 'text',
    'content' => 'http://www.boyufengmao.com/app/index.php?i=6&c=entry&m=ewei_shopv2&do=mobile&r=diypage&id=25',
    'redirection' => true,
    'source' => 'VIEW',
  ),
)

2019-09-25 15:08:17 response :
------------

2019-09-25 15:09:04 trace :
------------
String:
<xml><ToUserName><![CDATA[gh_f9b894563ef4]]></ToUserName>
<FromUserName><![CDATA[o5V8y1eufWsT6I2rRfx_mU3yg90A]]></FromUserName>
<CreateTime>1569395344</CreateTime>
<MsgType><![CDATA[event]]></MsgType>
<Event><![CDATA[VIEW]]></Event>
<EventKey><![CDATA[http://www.boyufengmao.com/app/index.php?i=6&c=entry&m=ewei_shopv2&do=mobile&r=diypage&id=35]]></EventKey>
<MenuId>445219801</MenuId>
</xml>

2019-09-25 15:09:04 params :
------------
String:
array (
  'rule' => -2,
  'module' => '',
  'message' => 
  array (
    'tousername' => 'gh_f9b894563ef4',
    'fromusername' => 'o5V8y1eufWsT6I2rRfx_mU3yg90A',
    'createtime' => '1569395344',
    'msgtype' => 'event',
    'event' => 'VIEW',
    'eventkey' => 'http://www.boyufengmao.com/app/index.php?i=6&c=entry&m=ewei_shopv2&do=mobile&r=diypage&id=35',
    'menuid' => '445219801',
    'from' => 'o5V8y1eufWsT6I2rRfx_mU3yg90A',
    'to' => 'gh_f9b894563ef4',
    'time' => '1569395344',
    'type' => 'text',
    'content' => 'http://www.boyufengmao.com/app/index.php?i=6&c=entry&m=ewei_shopv2&do=mobile&r=diypage&id=35',
    'redirection' => true,
    'source' => 'VIEW',
  ),
)

2019-09-25 15:09:04 response :
------------

2019-09-25 15:09:36 trace :
------------
String:
<xml><ToUserName><![CDATA[gh_f9b894563ef4]]></ToUserName>
<FromUserName><![CDATA[o5V8y1eufWsT6I2rRfx_mU3yg90A]]></FromUserName>
<CreateTime>1569395376</CreateTime>
<MsgType><![CDATA[event]]></MsgType>
<Event><![CDATA[VIEW]]></Event>
<EventKey><![CDATA[http://www.boyufengmao.com/app/index.php?i=6&c=entry&m=ewei_shopv2&do=mobile&r=diypage&id=25]]></EventKey>
<MenuId>445219801</MenuId>
</xml>

2019-09-25 15:09:36 params :
------------
String:
array (
  'rule' => -2,
  'module' => '',
  'message' => 
  array (
    'tousername' => 'gh_f9b894563ef4',
    'fromusername' => 'o5V8y1eufWsT6I2rRfx_mU3yg90A',
    'createtime' => '1569395376',
    'msgtype' => 'event',
    'event' => 'VIEW',
    'eventkey' => 'http://www.boyufengmao.com/app/index.php?i=6&c=entry&m=ewei_shopv2&do=mobile&r=diypage&id=25',
    'menuid' => '445219801',
    'from' => 'o5V8y1eufWsT6I2rRfx_mU3yg90A',
    'to' => 'gh_f9b894563ef4',
    'time' => '1569395376',
    'type' => 'text',
    'content' => 'http://www.boyufengmao.com/app/index.php?i=6&c=entry&m=ewei_shopv2&do=mobile&r=diypage&id=25',
    'redirection' => true,
    'source' => 'VIEW',
  ),
)

2019-09-25 15:09:36 response :
------------

2019-09-25 15:09:57 trace :
------------
String:
<xml><ToUserName><![CDATA[gh_f9b894563ef4]]></ToUserName>
<FromUserName><![CDATA[o5V8y1eufWsT6I2rRfx_mU3yg90A]]></FromUserName>
<CreateTime>1569395397</CreateTime>
<MsgType><![CDATA[event]]></MsgType>
<Event><![CDATA[VIEW]]></Event>
<EventKey><![CDATA[http://www.boyufengmao.com/app/index.php?i=6&c=entry&m=ewei_shopv2&do=mobile&r=diypage&id=25]]></EventKey>
<MenuId>445219801</MenuId>
</xml>

2019-09-25 15:09:57 params :
------------
String:
array (
  'rule' => -2,
  'module' => '',
  'message' => 
  array (
    'tousername' => 'gh_f9b894563ef4',
    'fromusername' => 'o5V8y1eufWsT6I2rRfx_mU3yg90A',
    'createtime' => '1569395397',
    'msgtype' => 'event',
    'event' => 'VIEW',
    'eventkey' => 'http://www.boyufengmao.com/app/index.php?i=6&c=entry&m=ewei_shopv2&do=mobile&r=diypage&id=25',
    'menuid' => '445219801',
    'from' => 'o5V8y1eufWsT6I2rRfx_mU3yg90A',
    'to' => 'gh_f9b894563ef4',
    'time' => '1569395397',
    'type' => 'text',
    'content' => 'http://www.boyufengmao.com/app/index.php?i=6&c=entry&m=ewei_shopv2&do=mobile&r=diypage&id=25',
    'redirection' => true,
    'source' => 'VIEW',
  ),
)

2019-09-25 15:09:57 response :
------------

2019-09-25 15:32:09 trace :
------------
String:
<xml><ToUserName><![CDATA[gh_7b3d37846b75]]></ToUserName>
<FromUserName><![CDATA[oZ5PY1Lxke0v6p8YLivyua9Gn4BY]]></FromUserName>
<CreateTime>1569396729</CreateTime>
<MsgType><![CDATA[event]]></MsgType>
<Event><![CDATA[VIEW]]></Event>
<EventKey><![CDATA[http://www.boyufengmao.com/app/index.php?i=7&c=entry&m=ewei_shopv2&do=mobile&r=diypage&id=30]]></EventKey>
<MenuId>516256345</MenuId>
</xml>

2019-09-25 15:32:09 params :
------------
String:
array (
  'rule' => -2,
  'module' => '',
  'message' => 
  array (
    'tousername' => 'gh_7b3d37846b75',
    'fromusername' => 'oZ5PY1Lxke0v6p8YLivyua9Gn4BY',
    'createtime' => '1569396729',
    'msgtype' => 'event',
    'event' => 'VIEW',
    'eventkey' => 'http://www.boyufengmao.com/app/index.php?i=7&c=entry&m=ewei_shopv2&do=mobile&r=diypage&id=30',
    'menuid' => '516256345',
    'from' => 'oZ5PY1Lxke0v6p8YLivyua9Gn4BY',
    'to' => 'gh_7b3d37846b75',
    'time' => '1569396729',
    'type' => 'text',
    'content' => 'http://www.boyufengmao.com/app/index.php?i=7&c=entry&m=ewei_shopv2&do=mobile&r=diypage&id=30',
    'redirection' => true,
    'source' => 'VIEW',
  ),
)

2019-09-25 15:32:09 response :
------------

2019-09-25 15:43:36 trace :
------------
String:
<xml><ToUserName><![CDATA[gh_7b3d37846b75]]></ToUserName>
<FromUserName><![CDATA[oZ5PY1PnbXlVbKJaC4fSQCwtPVHM]]></FromUserName>
<CreateTime>1569397416</CreateTime>
<MsgType><![CDATA[event]]></MsgType>
<Event><![CDATA[VIEW]]></Event>
<EventKey><![CDATA[http://www.boyufengmao.com/app/index.php?i=7&c=entry&m=ewei_shopv2&do=mobile&r=member]]></EventKey>
<MenuId>516256345</MenuId>
</xml>

2019-09-25 15:43:36 params :
------------
String:
array (
  'rule' => -2,
  'module' => '',
  'message' => 
  array (
    'tousername' => 'gh_7b3d37846b75',
    'fromusername' => 'oZ5PY1PnbXlVbKJaC4fSQCwtPVHM',
    'createtime' => '1569397416',
    'msgtype' => 'event',
    'event' => 'VIEW',
    'eventkey' => 'http://www.boyufengmao.com/app/index.php?i=7&c=entry&m=ewei_shopv2&do=mobile&r=member',
    'menuid' => '516256345',
    'from' => 'oZ5PY1PnbXlVbKJaC4fSQCwtPVHM',
    'to' => 'gh_7b3d37846b75',
    'time' => '1569397416',
    'type' => 'text',
    'content' => 'http://www.boyufengmao.com/app/index.php?i=7&c=entry&m=ewei_shopv2&do=mobile&r=member',
    'redirection' => true,
    'source' => 'VIEW',
  ),
)

2019-09-25 15:43:36 response :
------------

2019-09-25 16:02:55 trace :
------------
String:
<xml><ToUserName><![CDATA[gh_0140ea298741]]></ToUserName>
<FromUserName><![CDATA[oGQKz0nZFmMdFqE2E4ahbn5qyT-k]]></FromUserName>
<CreateTime>1569398574</CreateTime>
<MsgType><![CDATA[event]]></MsgType>
<Event><![CDATA[VIEW]]></Event>
<EventKey><![CDATA[http://www.boyufengmao.com/app/index.php?i=8&c=entry&m=ewei_shopv2&do=mobile]]></EventKey>
<MenuId>483415111</MenuId>
</xml>

2019-09-25 16:02:55 params :
------------
String:
array (
  'rule' => -2,
  'module' => '',
  'message' => 
  array (
    'tousername' => 'gh_0140ea298741',
    'fromusername' => 'oGQKz0nZFmMdFqE2E4ahbn5qyT-k',
    'createtime' => '1569398574',
    'msgtype' => 'event',
    'event' => 'VIEW',
    'eventkey' => 'http://www.boyufengmao.com/app/index.php?i=8&c=entry&m=ewei_shopv2&do=mobile',
    'menuid' => '483415111',
    'from' => 'oGQKz0nZFmMdFqE2E4ahbn5qyT-k',
    'to' => 'gh_0140ea298741',
    'time' => '1569398574',
    'type' => 'text',
    'content' => 'http://www.boyufengmao.com/app/index.php?i=8&c=entry&m=ewei_shopv2&do=mobile',
    'redirection' => true,
    'source' => 'VIEW',
  ),
)

2019-09-25 16:02:55 response :
------------

2019-09-25 16:28:14 trace :
------------
String:
<xml><ToUserName><![CDATA[gh_162fc9cda7ca]]></ToUserName>
<FromUserName><![CDATA[oYRrw0_dp1aMHtZTUflvZp0bb4mM]]></FromUserName>
<CreateTime>1569400094</CreateTime>
<MsgType><![CDATA[event]]></MsgType>
<Event><![CDATA[VIEW]]></Event>
<EventKey><![CDATA[http://www.boyufengmao.com/app/index.php?i=5&c=entry&m=ewei_shopv2&do=mobile&r=diypage&id=34]]></EventKey>
<MenuId>431928873</MenuId>
</xml>

2019-09-25 16:28:14 params :
------------
String:
array (
  'rule' => -2,
  'module' => '',
  'message' => 
  array (
    'tousername' => 'gh_162fc9cda7ca',
    'fromusername' => 'oYRrw0_dp1aMHtZTUflvZp0bb4mM',
    'createtime' => '1569400094',
    'msgtype' => 'event',
    'event' => 'VIEW',
    'eventkey' => 'http://www.boyufengmao.com/app/index.php?i=5&c=entry&m=ewei_shopv2&do=mobile&r=diypage&id=34',
    'menuid' => '431928873',
    'from' => 'oYRrw0_dp1aMHtZTUflvZp0bb4mM',
    'to' => 'gh_162fc9cda7ca',
    'time' => '1569400094',
    'type' => 'text',
    'content' => 'http://www.boyufengmao.com/app/index.php?i=5&c=entry&m=ewei_shopv2&do=mobile&r=diypage&id=34',
    'redirection' => true,
    'source' => 'VIEW',
  ),
)

2019-09-25 16:28:14 response :
------------

2019-09-25 16:28:18 trace :
------------
String:
<xml><ToUserName><![CDATA[gh_162fc9cda7ca]]></ToUserName>
<FromUserName><![CDATA[oYRrw0_dp1aMHtZTUflvZp0bb4mM]]></FromUserName>
<CreateTime>1569400098</CreateTime>
<MsgType><![CDATA[event]]></MsgType>
<Event><![CDATA[VIEW]]></Event>
<EventKey><![CDATA[http://www.boyufengmao.com/app/index.php?i=5&c=entry&m=ewei_shopv2&do=mobile&r=diypage&id=24]]></EventKey>
<MenuId>431928873</MenuId>
</xml>

2019-09-25 16:28:18 params :
------------
String:
array (
  'rule' => -2,
  'module' => '',
  'message' => 
  array (
    'tousername' => 'gh_162fc9cda7ca',
    'fromusername' => 'oYRrw0_dp1aMHtZTUflvZp0bb4mM',
    'createtime' => '1569400098',
    'msgtype' => 'event',
    'event' => 'VIEW',
    'eventkey' => 'http://www.boyufengmao.com/app/index.php?i=5&c=entry&m=ewei_shopv2&do=mobile&r=diypage&id=24',
    'menuid' => '431928873',
    'from' => 'oYRrw0_dp1aMHtZTUflvZp0bb4mM',
    'to' => 'gh_162fc9cda7ca',
    'time' => '1569400098',
    'type' => 'text',
    'content' => 'http://www.boyufengmao.com/app/index.php?i=5&c=entry&m=ewei_shopv2&do=mobile&r=diypage&id=24',
    'redirection' => true,
    'source' => 'VIEW',
  ),
)

2019-09-25 16:28:18 response :
------------

2019-09-25 16:28:34 trace :
------------
String:
<xml><ToUserName><![CDATA[gh_162fc9cda7ca]]></ToUserName>
<FromUserName><![CDATA[oYRrw0_dp1aMHtZTUflvZp0bb4mM]]></FromUserName>
<CreateTime>1569400114</CreateTime>
<MsgType><![CDATA[event]]></MsgType>
<Event><![CDATA[CLICK]]></Event>
<EventKey><![CDATA[订餐电话]]></EventKey>
</xml>

2019-09-25 16:28:34 params :
------------
String:
array (
  'message' => 
  array (
    'tousername' => 'gh_162fc9cda7ca',
    'fromusername' => 'oYRrw0_dp1aMHtZTUflvZp0bb4mM',
    'createtime' => '1569400114',
    'msgtype' => 'event',
    'event' => 'CLICK',
    'eventkey' => '订餐电话',
    'from' => 'oYRrw0_dp1aMHtZTUflvZp0bb4mM',
    'to' => 'gh_162fc9cda7ca',
    'time' => '1569400114',
    'type' => 'text',
    'content' => '订餐电话',
    'redirection' => true,
    'source' => 'click',
  ),
  'module' => 'reply',
  'rule' => '20',
  'priority' => '0',
  'keyword' => 
  array (
    'id' => '29',
    'rid' => '20',
    'uniacid' => '5',
    'module' => 'reply',
    'content' => '订餐电话',
    'type' => '1',
    'displayorder' => '0',
    'status' => '1',
    'reply_type' => 
    array (
      0 => 'basic',
    ),
  ),
  'reply_type' => 
  array (
    0 => 'basic',
  ),
)

2019-09-25 16:28:34 response :
------------
Array:
FromUserName : gh_162fc9cda7ca ;
ToUserName : oYRrw0_dp1aMHtZTUflvZp0bb4mM ;
MsgType : text ;
Content : 欢迎拨打电话：029−88770318 订餐 ;

2019-09-25 16:28:39 trace :
------------
String:
<xml><ToUserName><![CDATA[gh_162fc9cda7ca]]></ToUserName>
<FromUserName><![CDATA[oYRrw0_dp1aMHtZTUflvZp0bb4mM]]></FromUserName>
<CreateTime>1569400118</CreateTime>
<MsgType><![CDATA[event]]></MsgType>
<Event><![CDATA[VIEW]]></Event>
<EventKey><![CDATA[http://www.boyufengmao.com/app/index.php?i=5&c=entry&m=ewei_shopv2&do=mobile&r=diypage&id=34]]></EventKey>
<MenuId>431928873</MenuId>
</xml>

2019-09-25 16:28:39 params :
------------
String:
array (
  'rule' => -2,
  'module' => '',
  'message' => 
  array (
    'tousername' => 'gh_162fc9cda7ca',
    'fromusername' => 'oYRrw0_dp1aMHtZTUflvZp0bb4mM',
    'createtime' => '1569400118',
    'msgtype' => 'event',
    'event' => 'VIEW',
    'eventkey' => 'http://www.boyufengmao.com/app/index.php?i=5&c=entry&m=ewei_shopv2&do=mobile&r=diypage&id=34',
    'menuid' => '431928873',
    'from' => 'oYRrw0_dp1aMHtZTUflvZp0bb4mM',
    'to' => 'gh_162fc9cda7ca',
    'time' => '1569400118',
    'type' => 'text',
    'content' => 'http://www.boyufengmao.com/app/index.php?i=5&c=entry&m=ewei_shopv2&do=mobile&r=diypage&id=34',
    'redirection' => true,
    'source' => 'VIEW',
  ),
)

2019-09-25 16:28:39 response :
------------

2019-09-25 16:28:42 trace :
------------
String:
<xml><ToUserName><![CDATA[gh_162fc9cda7ca]]></ToUserName>
<FromUserName><![CDATA[oYRrw0_dp1aMHtZTUflvZp0bb4mM]]></FromUserName>
<CreateTime>1569400122</CreateTime>
<MsgType><![CDATA[event]]></MsgType>
<Event><![CDATA[VIEW]]></Event>
<EventKey><![CDATA[http://www.boyufengmao.com/app/index.php?i=5&c=entry&m=ewei_shopv2&do=mobile&r=diypage&id=24]]></EventKey>
<MenuId>431928873</MenuId>
</xml>

2019-09-25 16:28:42 params :
------------
String:
array (
  'rule' => -2,
  'module' => '',
  'message' => 
  array (
    'tousername' => 'gh_162fc9cda7ca',
    'fromusername' => 'oYRrw0_dp1aMHtZTUflvZp0bb4mM',
    'createtime' => '1569400122',
    'msgtype' => 'event',
    'event' => 'VIEW',
    'eventkey' => 'http://www.boyufengmao.com/app/index.php?i=5&c=entry&m=ewei_shopv2&do=mobile&r=diypage&id=24',
    'menuid' => '431928873',
    'from' => 'oYRrw0_dp1aMHtZTUflvZp0bb4mM',
    'to' => 'gh_162fc9cda7ca',
    'time' => '1569400122',
    'type' => 'text',
    'content' => 'http://www.boyufengmao.com/app/index.php?i=5&c=entry&m=ewei_shopv2&do=mobile&r=diypage&id=24',
    'redirection' => true,
    'source' => 'VIEW',
  ),
)

2019-09-25 16:28:42 response :
------------

2019-09-25 16:43:29 trace :
------------
String:
<xml><ToUserName><![CDATA[gh_f9b894563ef4]]></ToUserName>
<FromUserName><![CDATA[o5V8y1Z3bqQwajcLxa8rIzTra9Ic]]></FromUserName>
<CreateTime>1569401009</CreateTime>
<MsgType><![CDATA[event]]></MsgType>
<Event><![CDATA[VIEW]]></Event>
<EventKey><![CDATA[http://www.boyufengmao.com/app/index.php?i=6&c=entry&m=ewei_shopv2&do=mobile&r=diypage&id=25]]></EventKey>
<MenuId>445219801</MenuId>
</xml>

2019-09-25 16:43:29 params :
------------
String:
array (
  'rule' => -2,
  'module' => '',
  'message' => 
  array (
    'tousername' => 'gh_f9b894563ef4',
    'fromusername' => 'o5V8y1Z3bqQwajcLxa8rIzTra9Ic',
    'createtime' => '1569401009',
    'msgtype' => 'event',
    'event' => 'VIEW',
    'eventkey' => 'http://www.boyufengmao.com/app/index.php?i=6&c=entry&m=ewei_shopv2&do=mobile&r=diypage&id=25',
    'menuid' => '445219801',
    'from' => 'o5V8y1Z3bqQwajcLxa8rIzTra9Ic',
    'to' => 'gh_f9b894563ef4',
    'time' => '1569401009',
    'type' => 'text',
    'content' => 'http://www.boyufengmao.com/app/index.php?i=6&c=entry&m=ewei_shopv2&do=mobile&r=diypage&id=25',
    'redirection' => true,
    'source' => 'VIEW',
  ),
)

2019-09-25 16:43:29 response :
------------

2019-09-25 16:53:19 trace :
------------
String:
<xml><ToUserName><![CDATA[gh_0140ea298741]]></ToUserName>
<FromUserName><![CDATA[oGQKz0nZFmMdFqE2E4ahbn5qyT-k]]></FromUserName>
<CreateTime>1569401599</CreateTime>
<MsgType><![CDATA[event]]></MsgType>
<Event><![CDATA[VIEW]]></Event>
<EventKey><![CDATA[http://www.boyufengmao.com/app/index.php?i=8&c=entry&m=ewei_shopv2&do=mobile]]></EventKey>
<MenuId>483415111</MenuId>
</xml>

2019-09-25 16:53:19 params :
------------
String:
array (
  'rule' => -2,
  'module' => '',
  'message' => 
  array (
    'tousername' => 'gh_0140ea298741',
    'fromusername' => 'oGQKz0nZFmMdFqE2E4ahbn5qyT-k',
    'createtime' => '1569401599',
    'msgtype' => 'event',
    'event' => 'VIEW',
    'eventkey' => 'http://www.boyufengmao.com/app/index.php?i=8&c=entry&m=ewei_shopv2&do=mobile',
    'menuid' => '483415111',
    'from' => 'oGQKz0nZFmMdFqE2E4ahbn5qyT-k',
    'to' => 'gh_0140ea298741',
    'time' => '1569401599',
    'type' => 'text',
    'content' => 'http://www.boyufengmao.com/app/index.php?i=8&c=entry&m=ewei_shopv2&do=mobile',
    'redirection' => true,
    'source' => 'VIEW',
  ),
)

2019-09-25 16:53:19 response :
------------

2019-09-25 16:53:21 trace :
------------
String:
<xml><ToUserName><![CDATA[gh_0140ea298741]]></ToUserName>
<FromUserName><![CDATA[oGQKz0nZFmMdFqE2E4ahbn5qyT-k]]></FromUserName>
<CreateTime>1569401601</CreateTime>
<MsgType><![CDATA[event]]></MsgType>
<Event><![CDATA[VIEW]]></Event>
<EventKey><![CDATA[http://www.boyufengmao.com/app/index.php?i=8&c=entry&m=ewei_shopv2&do=mobile]]></EventKey>
<MenuId>483415111</MenuId>
</xml>

2019-09-25 16:53:21 params :
------------
String:
array (
  'rule' => -2,
  'module' => '',
  'message' => 
  array (
    'tousername' => 'gh_0140ea298741',
    'fromusername' => 'oGQKz0nZFmMdFqE2E4ahbn5qyT-k',
    'createtime' => '1569401601',
    'msgtype' => 'event',
    'event' => 'VIEW',
    'eventkey' => 'http://www.boyufengmao.com/app/index.php?i=8&c=entry&m=ewei_shopv2&do=mobile',
    'menuid' => '483415111',
    'from' => 'oGQKz0nZFmMdFqE2E4ahbn5qyT-k',
    'to' => 'gh_0140ea298741',
    'time' => '1569401601',
    'type' => 'text',
    'content' => 'http://www.boyufengmao.com/app/index.php?i=8&c=entry&m=ewei_shopv2&do=mobile',
    'redirection' => true,
    'source' => 'VIEW',
  ),
)

2019-09-25 16:53:21 response :
------------

2019-09-25 17:08:59 trace :
------------
String:
<xml><ToUserName><![CDATA[gh_0140ea298741]]></ToUserName>
<FromUserName><![CDATA[oGQKz0nZFmMdFqE2E4ahbn5qyT-k]]></FromUserName>
<CreateTime>1569402539</CreateTime>
<MsgType><![CDATA[event]]></MsgType>
<Event><![CDATA[VIEW]]></Event>
<EventKey><![CDATA[http://www.boyufengmao.com/app/index.php?i=8&c=entry&m=ewei_shopv2&do=mobile]]></EventKey>
<MenuId>483415111</MenuId>
</xml>

2019-09-25 17:08:59 params :
------------
String:
array (
  'rule' => -2,
  'module' => '',
  'message' => 
  array (
    'tousername' => 'gh_0140ea298741',
    'fromusername' => 'oGQKz0nZFmMdFqE2E4ahbn5qyT-k',
    'createtime' => '1569402539',
    'msgtype' => 'event',
    'event' => 'VIEW',
    'eventkey' => 'http://www.boyufengmao.com/app/index.php?i=8&c=entry&m=ewei_shopv2&do=mobile',
    'menuid' => '483415111',
    'from' => 'oGQKz0nZFmMdFqE2E4ahbn5qyT-k',
    'to' => 'gh_0140ea298741',
    'time' => '1569402539',
    'type' => 'text',
    'content' => 'http://www.boyufengmao.com/app/index.php?i=8&c=entry&m=ewei_shopv2&do=mobile',
    'redirection' => true,
    'source' => 'VIEW',
  ),
)

2019-09-25 17:08:59 response :
------------

2019-09-25 17:18:21 trace :
------------
String:
<xml><ToUserName><![CDATA[gh_c804ae748f89]]></ToUserName>
<FromUserName><![CDATA[o3lrB52OQe5owM1VXVuw4dyttQho]]></FromUserName>
<CreateTime>1569403101</CreateTime>
<MsgType><![CDATA[event]]></MsgType>
<Event><![CDATA[VIEW]]></Event>
<EventKey><![CDATA[http://www.boyufengmao.com/app/index.php?i=2&c=entry&m=ewei_shopv2&do=mobile&r=diypage&id=29]]></EventKey>
<MenuId>444088613</MenuId>
</xml>

2019-09-25 17:18:21 params :
------------
String:
array (
  'rule' => -2,
  'module' => '',
  'message' => 
  array (
    'tousername' => 'gh_c804ae748f89',
    'fromusername' => 'o3lrB52OQe5owM1VXVuw4dyttQho',
    'createtime' => '1569403101',
    'msgtype' => 'event',
    'event' => 'VIEW',
    'eventkey' => 'http://www.boyufengmao.com/app/index.php?i=2&c=entry&m=ewei_shopv2&do=mobile&r=diypage&id=29',
    'menuid' => '444088613',
    'from' => 'o3lrB52OQe5owM1VXVuw4dyttQho',
    'to' => 'gh_c804ae748f89',
    'time' => '1569403101',
    'type' => 'text',
    'content' => 'http://www.boyufengmao.com/app/index.php?i=2&c=entry&m=ewei_shopv2&do=mobile&r=diypage&id=29',
    'redirection' => true,
    'source' => 'VIEW',
  ),
)

2019-09-25 17:18:21 response :
------------

2019-09-25 18:12:52 trace :
------------
String:
<xml><ToUserName><![CDATA[gh_0140ea298741]]></ToUserName>
<FromUserName><![CDATA[oGQKz0nZFmMdFqE2E4ahbn5qyT-k]]></FromUserName>
<CreateTime>1569406372</CreateTime>
<MsgType><![CDATA[event]]></MsgType>
<Event><![CDATA[VIEW]]></Event>
<EventKey><![CDATA[http://www.boyufengmao.com/app/index.php?i=8&c=entry&m=ewei_shopv2&do=mobile]]></EventKey>
<MenuId>483415111</MenuId>
</xml>

2019-09-25 18:12:52 params :
------------
String:
array (
  'rule' => -2,
  'module' => '',
  'message' => 
  array (
    'tousername' => 'gh_0140ea298741',
    'fromusername' => 'oGQKz0nZFmMdFqE2E4ahbn5qyT-k',
    'createtime' => '1569406372',
    'msgtype' => 'event',
    'event' => 'VIEW',
    'eventkey' => 'http://www.boyufengmao.com/app/index.php?i=8&c=entry&m=ewei_shopv2&do=mobile',
    'menuid' => '483415111',
    'from' => 'oGQKz0nZFmMdFqE2E4ahbn5qyT-k',
    'to' => 'gh_0140ea298741',
    'time' => '1569406372',
    'type' => 'text',
    'content' => 'http://www.boyufengmao.com/app/index.php?i=8&c=entry&m=ewei_shopv2&do=mobile',
    'redirection' => true,
    'source' => 'VIEW',
  ),
)

2019-09-25 18:12:52 response :
------------

2019-09-25 18:16:04 trace :
------------
String:
<xml><ToUserName><![CDATA[gh_162fc9cda7ca]]></ToUserName>
<FromUserName><![CDATA[oYRrw0zcDFgAJ0j_eJLYsPPmuuoU]]></FromUserName>
<CreateTime>1569406564</CreateTime>
<MsgType><![CDATA[event]]></MsgType>
<Event><![CDATA[VIEW]]></Event>
<EventKey><![CDATA[http://www.boyufengmao.com/app/index.php?i=5&c=entry&m=ewei_shopv2&do=mobile&r=diypage&id=34]]></EventKey>
<MenuId>431928873</MenuId>
</xml>

2019-09-25 18:16:04 params :
------------
String:
array (
  'rule' => -2,
  'module' => '',
  'message' => 
  array (
    'tousername' => 'gh_162fc9cda7ca',
    'fromusername' => 'oYRrw0zcDFgAJ0j_eJLYsPPmuuoU',
    'createtime' => '1569406564',
    'msgtype' => 'event',
    'event' => 'VIEW',
    'eventkey' => 'http://www.boyufengmao.com/app/index.php?i=5&c=entry&m=ewei_shopv2&do=mobile&r=diypage&id=34',
    'menuid' => '431928873',
    'from' => 'oYRrw0zcDFgAJ0j_eJLYsPPmuuoU',
    'to' => 'gh_162fc9cda7ca',
    'time' => '1569406564',
    'type' => 'text',
    'content' => 'http://www.boyufengmao.com/app/index.php?i=5&c=entry&m=ewei_shopv2&do=mobile&r=diypage&id=34',
    'redirection' => true,
    'source' => 'VIEW',
  ),
)

2019-09-25 18:16:04 response :
------------

2019-09-25 18:16:10 trace :
------------
String:
<xml><ToUserName><![CDATA[gh_162fc9cda7ca]]></ToUserName>
<FromUserName><![CDATA[oYRrw0zcDFgAJ0j_eJLYsPPmuuoU]]></FromUserName>
<CreateTime>1569406570</CreateTime>
<MsgType><![CDATA[event]]></MsgType>
<Event><![CDATA[VIEW]]></Event>
<EventKey><![CDATA[http://www.boyufengmao.com/app/index.php?i=5&c=entry&m=ewei_shopv2&do=mobile&r=diypage&id=24]]></EventKey>
<MenuId>431928873</MenuId>
</xml>

2019-09-25 18:16:10 params :
------------
String:
array (
  'rule' => -2,
  'module' => '',
  'message' => 
  array (
    'tousername' => 'gh_162fc9cda7ca',
    'fromusername' => 'oYRrw0zcDFgAJ0j_eJLYsPPmuuoU',
    'createtime' => '1569406570',
    'msgtype' => 'event',
    'event' => 'VIEW',
    'eventkey' => 'http://www.boyufengmao.com/app/index.php?i=5&c=entry&m=ewei_shopv2&do=mobile&r=diypage&id=24',
    'menuid' => '431928873',
    'from' => 'oYRrw0zcDFgAJ0j_eJLYsPPmuuoU',
    'to' => 'gh_162fc9cda7ca',
    'time' => '1569406570',
    'type' => 'text',
    'content' => 'http://www.boyufengmao.com/app/index.php?i=5&c=entry&m=ewei_shopv2&do=mobile&r=diypage&id=24',
    'redirection' => true,
    'source' => 'VIEW',
  ),
)

2019-09-25 18:16:10 response :
------------

2019-09-25 18:16:27 trace :
------------
String:
<xml><ToUserName><![CDATA[gh_162fc9cda7ca]]></ToUserName>
<FromUserName><![CDATA[oYRrw0zcDFgAJ0j_eJLYsPPmuuoU]]></FromUserName>
<CreateTime>1569406587</CreateTime>
<MsgType><![CDATA[event]]></MsgType>
<Event><![CDATA[VIEW]]></Event>
<EventKey><![CDATA[http://www.boyufengmao.com/app/index.php?i=5&c=entry&m=ewei_shopv2&do=mobile&r=diypage&id=34]]></EventKey>
<MenuId>431928873</MenuId>
</xml>

2019-09-25 18:16:27 params :
------------
String:
array (
  'rule' => -2,
  'module' => '',
  'message' => 
  array (
    'tousername' => 'gh_162fc9cda7ca',
    'fromusername' => 'oYRrw0zcDFgAJ0j_eJLYsPPmuuoU',
    'createtime' => '1569406587',
    'msgtype' => 'event',
    'event' => 'VIEW',
    'eventkey' => 'http://www.boyufengmao.com/app/index.php?i=5&c=entry&m=ewei_shopv2&do=mobile&r=diypage&id=34',
    'menuid' => '431928873',
    'from' => 'oYRrw0zcDFgAJ0j_eJLYsPPmuuoU',
    'to' => 'gh_162fc9cda7ca',
    'time' => '1569406587',
    'type' => 'text',
    'content' => 'http://www.boyufengmao.com/app/index.php?i=5&c=entry&m=ewei_shopv2&do=mobile&r=diypage&id=34',
    'redirection' => true,
    'source' => 'VIEW',
  ),
)

2019-09-25 18:16:27 response :
------------

2019-09-25 18:17:39 trace :
------------
String:
<xml><ToUserName><![CDATA[gh_162fc9cda7ca]]></ToUserName>
<FromUserName><![CDATA[oYRrw0zcDFgAJ0j_eJLYsPPmuuoU]]></FromUserName>
<CreateTime>1569406659</CreateTime>
<MsgType><![CDATA[event]]></MsgType>
<Event><![CDATA[VIEW]]></Event>
<EventKey><![CDATA[http://www.boyufengmao.com/app/index.php?i=5&c=entry&m=ewei_shopv2&do=mobile&r=diypage&id=24]]></EventKey>
<MenuId>431928873</MenuId>
</xml>

2019-09-25 18:17:39 params :
------------
String:
array (
  'rule' => -2,
  'module' => '',
  'message' => 
  array (
    'tousername' => 'gh_162fc9cda7ca',
    'fromusername' => 'oYRrw0zcDFgAJ0j_eJLYsPPmuuoU',
    'createtime' => '1569406659',
    'msgtype' => 'event',
    'event' => 'VIEW',
    'eventkey' => 'http://www.boyufengmao.com/app/index.php?i=5&c=entry&m=ewei_shopv2&do=mobile&r=diypage&id=24',
    'menuid' => '431928873',
    'from' => 'oYRrw0zcDFgAJ0j_eJLYsPPmuuoU',
    'to' => 'gh_162fc9cda7ca',
    'time' => '1569406659',
    'type' => 'text',
    'content' => 'http://www.boyufengmao.com/app/index.php?i=5&c=entry&m=ewei_shopv2&do=mobile&r=diypage&id=24',
    'redirection' => true,
    'source' => 'VIEW',
  ),
)

2019-09-25 18:17:39 response :
------------

2019-09-25 18:17:42 trace :
------------
String:
<xml><ToUserName><![CDATA[gh_162fc9cda7ca]]></ToUserName>
<FromUserName><![CDATA[oYRrw0zcDFgAJ0j_eJLYsPPmuuoU]]></FromUserName>
<CreateTime>1569406662</CreateTime>
<MsgType><![CDATA[event]]></MsgType>
<Event><![CDATA[VIEW]]></Event>
<EventKey><![CDATA[http://www.boyufengmao.com/app/index.php?i=5&c=entry&m=ewei_shopv2&do=mobile&r=diypage&id=34]]></EventKey>
<MenuId>431928873</MenuId>
</xml>

2019-09-25 18:17:42 params :
------------
String:
array (
  'rule' => -2,
  'module' => '',
  'message' => 
  array (
    'tousername' => 'gh_162fc9cda7ca',
    'fromusername' => 'oYRrw0zcDFgAJ0j_eJLYsPPmuuoU',
    'createtime' => '1569406662',
    'msgtype' => 'event',
    'event' => 'VIEW',
    'eventkey' => 'http://www.boyufengmao.com/app/index.php?i=5&c=entry&m=ewei_shopv2&do=mobile&r=diypage&id=34',
    'menuid' => '431928873',
    'from' => 'oYRrw0zcDFgAJ0j_eJLYsPPmuuoU',
    'to' => 'gh_162fc9cda7ca',
    'time' => '1569406662',
    'type' => 'text',
    'content' => 'http://www.boyufengmao.com/app/index.php?i=5&c=entry&m=ewei_shopv2&do=mobile&r=diypage&id=34',
    'redirection' => true,
    'source' => 'VIEW',
  ),
)

2019-09-25 18:17:42 response :
------------

2019-09-25 18:17:47 trace :
------------
String:
<xml><ToUserName><![CDATA[gh_162fc9cda7ca]]></ToUserName>
<FromUserName><![CDATA[oYRrw0zcDFgAJ0j_eJLYsPPmuuoU]]></FromUserName>
<CreateTime>1569406666</CreateTime>
<MsgType><![CDATA[event]]></MsgType>
<Event><![CDATA[CLICK]]></Event>
<EventKey><![CDATA[海报]]></EventKey>
</xml>

2019-09-25 18:17:47 params :
------------
String:
array (
  'message' => 
  array (
    'tousername' => 'gh_162fc9cda7ca',
    'fromusername' => 'oYRrw0zcDFgAJ0j_eJLYsPPmuuoU',
    'createtime' => '1569406666',
    'msgtype' => 'event',
    'event' => 'CLICK',
    'eventkey' => '海报',
    'from' => 'oYRrw0zcDFgAJ0j_eJLYsPPmuuoU',
    'to' => 'gh_162fc9cda7ca',
    'time' => '1569406666',
    'type' => 'text',
    'content' => '海报',
    'redirection' => true,
    'source' => 'click',
  ),
  'module' => 'reply',
  'rule' => '21',
  'priority' => '0',
  'keyword' => 
  array (
    'id' => '30',
    'rid' => '21',
    'uniacid' => '5',
    'module' => 'reply',
    'content' => '海报',
    'type' => '1',
    'displayorder' => '0',
    'status' => '1',
    'reply_type' => 
    array (
      0 => 'images',
    ),
  ),
  'reply_type' => 
  array (
    0 => 'images',
  ),
)

2019-09-25 18:17:47 response :
------------
Array:
FromUserName : gh_162fc9cda7ca ;
ToUserName : oYRrw0zcDFgAJ0j_eJLYsPPmuuoU ;
MsgType : image ;
Image : Array ;

2019-09-25 18:21:51 trace :
------------
String:
<xml><ToUserName><![CDATA[gh_f9b894563ef4]]></ToUserName>
<FromUserName><![CDATA[o5V8y1QlT860Eb1tzaEkjXUHultM]]></FromUserName>
<CreateTime>1569406911</CreateTime>
<MsgType><![CDATA[event]]></MsgType>
<Event><![CDATA[VIEW]]></Event>
<EventKey><![CDATA[http://www.boyufengmao.com/app/index.php?i=6&c=entry&m=ewei_shopv2&do=mobile&r=diypage&id=35]]></EventKey>
<MenuId>445219801</MenuId>
</xml>

2019-09-25 18:21:51 params :
------------
String:
array (
  'rule' => -2,
  'module' => '',
  'message' => 
  array (
    'tousername' => 'gh_f9b894563ef4',
    'fromusername' => 'o5V8y1QlT860Eb1tzaEkjXUHultM',
    'createtime' => '1569406911',
    'msgtype' => 'event',
    'event' => 'VIEW',
    'eventkey' => 'http://www.boyufengmao.com/app/index.php?i=6&c=entry&m=ewei_shopv2&do=mobile&r=diypage&id=35',
    'menuid' => '445219801',
    'from' => 'o5V8y1QlT860Eb1tzaEkjXUHultM',
    'to' => 'gh_f9b894563ef4',
    'time' => '1569406911',
    'type' => 'text',
    'content' => 'http://www.boyufengmao.com/app/index.php?i=6&c=entry&m=ewei_shopv2&do=mobile&r=diypage&id=35',
    'redirection' => true,
    'source' => 'VIEW',
  ),
)

2019-09-25 18:21:51 response :
------------

2019-09-25 18:35:03 trace :
------------
String:
<xml><ToUserName><![CDATA[gh_0140ea298741]]></ToUserName>
<FromUserName><![CDATA[oGQKz0nZFmMdFqE2E4ahbn5qyT-k]]></FromUserName>
<CreateTime>1569407703</CreateTime>
<MsgType><![CDATA[event]]></MsgType>
<Event><![CDATA[VIEW]]></Event>
<EventKey><![CDATA[http://www.boyufengmao.com/app/index.php?i=8&c=entry&m=ewei_shopv2&do=mobile]]></EventKey>
<MenuId>483415111</MenuId>
</xml>

2019-09-25 18:35:03 params :
------------
String:
array (
  'rule' => -2,
  'module' => '',
  'message' => 
  array (
    'tousername' => 'gh_0140ea298741',
    'fromusername' => 'oGQKz0nZFmMdFqE2E4ahbn5qyT-k',
    'createtime' => '1569407703',
    'msgtype' => 'event',
    'event' => 'VIEW',
    'eventkey' => 'http://www.boyufengmao.com/app/index.php?i=8&c=entry&m=ewei_shopv2&do=mobile',
    'menuid' => '483415111',
    'from' => 'oGQKz0nZFmMdFqE2E4ahbn5qyT-k',
    'to' => 'gh_0140ea298741',
    'time' => '1569407703',
    'type' => 'text',
    'content' => 'http://www.boyufengmao.com/app/index.php?i=8&c=entry&m=ewei_shopv2&do=mobile',
    'redirection' => true,
    'source' => 'VIEW',
  ),
)

2019-09-25 18:35:03 response :
------------

2019-09-25 19:08:26 trace :
------------
String:
<xml><ToUserName><![CDATA[gh_162fc9cda7ca]]></ToUserName>
<FromUserName><![CDATA[oYRrw0-KGtpN0fAlsUUc-YjCbMNI]]></FromUserName>
<CreateTime>1569409705</CreateTime>
<MsgType><![CDATA[event]]></MsgType>
<Event><![CDATA[VIEW]]></Event>
<EventKey><![CDATA[http://www.boyufengmao.com/app/index.php?i=5&c=entry&m=ewei_shopv2&do=mobile&r=diypage&id=24]]></EventKey>
<MenuId>431928873</MenuId>
</xml>

2019-09-25 19:08:26 params :
------------
String:
array (
  'rule' => -2,
  'module' => '',
  'message' => 
  array (
    'tousername' => 'gh_162fc9cda7ca',
    'fromusername' => 'oYRrw0-KGtpN0fAlsUUc-YjCbMNI',
    'createtime' => '1569409705',
    'msgtype' => 'event',
    'event' => 'VIEW',
    'eventkey' => 'http://www.boyufengmao.com/app/index.php?i=5&c=entry&m=ewei_shopv2&do=mobile&r=diypage&id=24',
    'menuid' => '431928873',
    'from' => 'oYRrw0-KGtpN0fAlsUUc-YjCbMNI',
    'to' => 'gh_162fc9cda7ca',
    'time' => '1569409705',
    'type' => 'text',
    'content' => 'http://www.boyufengmao.com/app/index.php?i=5&c=entry&m=ewei_shopv2&do=mobile&r=diypage&id=24',
    'redirection' => true,
    'source' => 'VIEW',
  ),
)

2019-09-25 19:08:26 response :
------------

2019-09-25 19:08:39 trace :
------------
String:
<xml><ToUserName><![CDATA[gh_162fc9cda7ca]]></ToUserName>
<FromUserName><![CDATA[oYRrw0-KGtpN0fAlsUUc-YjCbMNI]]></FromUserName>
<CreateTime>1569409719</CreateTime>
<MsgType><![CDATA[event]]></MsgType>
<Event><![CDATA[VIEW]]></Event>
<EventKey><![CDATA[http://www.boyufengmao.com/app/index.php?i=5&c=entry&m=ewei_shopv2&do=mobile&r=diypage&id=34]]></EventKey>
<MenuId>431928873</MenuId>
</xml>

2019-09-25 19:08:39 params :
------------
String:
array (
  'rule' => -2,
  'module' => '',
  'message' => 
  array (
    'tousername' => 'gh_162fc9cda7ca',
    'fromusername' => 'oYRrw0-KGtpN0fAlsUUc-YjCbMNI',
    'createtime' => '1569409719',
    'msgtype' => 'event',
    'event' => 'VIEW',
    'eventkey' => 'http://www.boyufengmao.com/app/index.php?i=5&c=entry&m=ewei_shopv2&do=mobile&r=diypage&id=34',
    'menuid' => '431928873',
    'from' => 'oYRrw0-KGtpN0fAlsUUc-YjCbMNI',
    'to' => 'gh_162fc9cda7ca',
    'time' => '1569409719',
    'type' => 'text',
    'content' => 'http://www.boyufengmao.com/app/index.php?i=5&c=entry&m=ewei_shopv2&do=mobile&r=diypage&id=34',
    'redirection' => true,
    'source' => 'VIEW',
  ),
)

2019-09-25 19:08:39 response :
------------

2019-09-25 19:24:42 trace :
------------
String:
<xml><ToUserName><![CDATA[gh_f9b894563ef4]]></ToUserName>
<FromUserName><![CDATA[o5V8y1UmOjkDZeZe1t4jqqwObNhA]]></FromUserName>
<CreateTime>1569410681</CreateTime>
<MsgType><![CDATA[event]]></MsgType>
<Event><![CDATA[SCAN]]></Event>
<EventKey><![CDATA[business:5864a01773794135a05fba69901b7199]]></EventKey>
<Ticket><![CDATA[gQGj8DwAAAAAAAAAAS5odHRwOi8vd2VpeGluLnFxLmNvbS9xLzAyZ3RQMXQ5QnZjT2wxMDAwMHcwN2oAAgQPhH9cAwQAAAAA]]></Ticket>
</xml>

2019-09-25 19:24:42 params :
------------
String:
array (
  'rule' => -2,
  'module' => '',
  'message' => 
  array (
    'tousername' => 'gh_f9b894563ef4',
    'fromusername' => 'o5V8y1UmOjkDZeZe1t4jqqwObNhA',
    'createtime' => '1569410681',
    'msgtype' => 'event',
    'event' => 'SCAN',
    'eventkey' => 'business:5864a01773794135a05fba69901b7199',
    'ticket' => 'gQGj8DwAAAAAAAAAAS5odHRwOi8vd2VpeGluLnFxLmNvbS9xLzAyZ3RQMXQ5QnZjT2wxMDAwMHcwN2oAAgQPhH9cAwQAAAAA',
    'from' => 'o5V8y1UmOjkDZeZe1t4jqqwObNhA',
    'to' => 'gh_f9b894563ef4',
    'time' => '1569410681',
    'type' => 'text',
    'scene' => 'business:5864a01773794135a05fba69901b7199',
    'redirection' => true,
    'source' => 'qr',
  ),
)

2019-09-25 19:24:42 response :
------------

2019-09-25 19:24:51 trace :
------------
String:
<xml><ToUserName><![CDATA[gh_f9b894563ef4]]></ToUserName>
<FromUserName><![CDATA[o5V8y1UmOjkDZeZe1t4jqqwObNhA]]></FromUserName>
<CreateTime>1569410690</CreateTime>
<MsgType><![CDATA[event]]></MsgType>
<Event><![CDATA[VIEW]]></Event>
<EventKey><![CDATA[http://www.boyufengmao.com/app/index.php?i=6&c=entry&m=ewei_shopv2&do=mobile&r=diypage&id=25]]></EventKey>
<MenuId>445219801</MenuId>
</xml>

2019-09-25 19:24:51 params :
------------
String:
array (
  'rule' => -2,
  'module' => '',
  'message' => 
  array (
    'tousername' => 'gh_f9b894563ef4',
    'fromusername' => 'o5V8y1UmOjkDZeZe1t4jqqwObNhA',
    'createtime' => '1569410690',
    'msgtype' => 'event',
    'event' => 'VIEW',
    'eventkey' => 'http://www.boyufengmao.com/app/index.php?i=6&c=entry&m=ewei_shopv2&do=mobile&r=diypage&id=25',
    'menuid' => '445219801',
    'from' => 'o5V8y1UmOjkDZeZe1t4jqqwObNhA',
    'to' => 'gh_f9b894563ef4',
    'time' => '1569410690',
    'type' => 'text',
    'content' => 'http://www.boyufengmao.com/app/index.php?i=6&c=entry&m=ewei_shopv2&do=mobile&r=diypage&id=25',
    'redirection' => true,
    'source' => 'VIEW',
  ),
)

2019-09-25 19:24:51 response :
------------

2019-09-25 19:25:20 trace :
------------
String:
<xml><ToUserName><![CDATA[gh_f9b894563ef4]]></ToUserName>
<FromUserName><![CDATA[o5V8y1UmOjkDZeZe1t4jqqwObNhA]]></FromUserName>
<CreateTime>1569410720</CreateTime>
<MsgType><![CDATA[event]]></MsgType>
<Event><![CDATA[VIEW]]></Event>
<EventKey><![CDATA[http://www.boyufengmao.com/app/index.php?i=6&c=entry&m=ewei_shopv2&do=mobile&r=diypage&id=35]]></EventKey>
<MenuId>445219801</MenuId>
</xml>

2019-09-25 19:25:20 params :
------------
String:
array (
  'rule' => -2,
  'module' => '',
  'message' => 
  array (
    'tousername' => 'gh_f9b894563ef4',
    'fromusername' => 'o5V8y1UmOjkDZeZe1t4jqqwObNhA',
    'createtime' => '1569410720',
    'msgtype' => 'event',
    'event' => 'VIEW',
    'eventkey' => 'http://www.boyufengmao.com/app/index.php?i=6&c=entry&m=ewei_shopv2&do=mobile&r=diypage&id=35',
    'menuid' => '445219801',
    'from' => 'o5V8y1UmOjkDZeZe1t4jqqwObNhA',
    'to' => 'gh_f9b894563ef4',
    'time' => '1569410720',
    'type' => 'text',
    'content' => 'http://www.boyufengmao.com/app/index.php?i=6&c=entry&m=ewei_shopv2&do=mobile&r=diypage&id=35',
    'redirection' => true,
    'source' => 'VIEW',
  ),
)

2019-09-25 19:25:20 response :
------------

2019-09-25 19:28:20 trace :
------------
String:
<xml><ToUserName><![CDATA[gh_f9b894563ef4]]></ToUserName>
<FromUserName><![CDATA[o5V8y1UmOjkDZeZe1t4jqqwObNhA]]></FromUserName>
<CreateTime>1569410900</CreateTime>
<MsgType><![CDATA[event]]></MsgType>
<Event><![CDATA[VIEW]]></Event>
<EventKey><![CDATA[http://www.boyufengmao.com/app/index.php?i=6&c=entry&m=ewei_shopv2&do=mobile&r=diypage&id=35]]></EventKey>
<MenuId>445219801</MenuId>
</xml>

2019-09-25 19:28:20 params :
------------
String:
array (
  'rule' => -2,
  'module' => '',
  'message' => 
  array (
    'tousername' => 'gh_f9b894563ef4',
    'fromusername' => 'o5V8y1UmOjkDZeZe1t4jqqwObNhA',
    'createtime' => '1569410900',
    'msgtype' => 'event',
    'event' => 'VIEW',
    'eventkey' => 'http://www.boyufengmao.com/app/index.php?i=6&c=entry&m=ewei_shopv2&do=mobile&r=diypage&id=35',
    'menuid' => '445219801',
    'from' => 'o5V8y1UmOjkDZeZe1t4jqqwObNhA',
    'to' => 'gh_f9b894563ef4',
    'time' => '1569410900',
    'type' => 'text',
    'content' => 'http://www.boyufengmao.com/app/index.php?i=6&c=entry&m=ewei_shopv2&do=mobile&r=diypage&id=35',
    'redirection' => true,
    'source' => 'VIEW',
  ),
)

2019-09-25 19:28:20 response :
------------

2019-09-25 20:20:30 trace :
------------
String:
<xml><ToUserName><![CDATA[gh_f9b894563ef4]]></ToUserName>
<FromUserName><![CDATA[o5V8y1clci7XG1S_dN4uvqrONINU]]></FromUserName>
<CreateTime>1569414030</CreateTime>
<MsgType><![CDATA[event]]></MsgType>
<Event><![CDATA[subscribe]]></Event>
<EventKey><![CDATA[qrscene_business:5864a01773794135a05fba69901b7199]]></EventKey>
<Ticket><![CDATA[gQGj8DwAAAAAAAAAAS5odHRwOi8vd2VpeGluLnFxLmNvbS9xLzAyZ3RQMXQ5QnZjT2wxMDAwMHcwN2oAAgQPhH9cAwQAAAAA]]></Ticket>
</xml>

2019-09-25 20:20:30 params :
------------
String:
array (
  'rule' => -2,
  'module' => '',
  'message' => 
  array (
    'tousername' => 'gh_f9b894563ef4',
    'fromusername' => 'o5V8y1clci7XG1S_dN4uvqrONINU',
    'createtime' => '1569414030',
    'msgtype' => 'event',
    'event' => 'subscribe',
    'eventkey' => 'qrscene_business:5864a01773794135a05fba69901b7199',
    'ticket' => 'gQGj8DwAAAAAAAAAAS5odHRwOi8vd2VpeGluLnFxLmNvbS9xLzAyZ3RQMXQ5QnZjT2wxMDAwMHcwN2oAAgQPhH9cAwQAAAAA',
    'from' => 'o5V8y1clci7XG1S_dN4uvqrONINU',
    'to' => 'gh_f9b894563ef4',
    'time' => '1569414030',
    'type' => 'text',
    'scene' => 'business:5864a01773794135a05fba69901b7199',
    'redirection' => true,
    'source' => 'subscribe',
  ),
)

2019-09-25 20:20:30 response :
------------

2019-09-25 20:21:03 trace :
------------
String:
<xml><ToUserName><![CDATA[gh_f9b894563ef4]]></ToUserName>
<FromUserName><![CDATA[o5V8y1clci7XG1S_dN4uvqrONINU]]></FromUserName>
<CreateTime>1569414063</CreateTime>
<MsgType><![CDATA[event]]></MsgType>
<Event><![CDATA[VIEW]]></Event>
<EventKey><![CDATA[http://www.boyufengmao.com/app/index.php?i=6&c=entry&m=ewei_shopv2&do=mobile&r=diypage&id=25]]></EventKey>
<MenuId>445219801</MenuId>
</xml>

2019-09-25 20:21:03 params :
------------
String:
array (
  'rule' => -2,
  'module' => '',
  'message' => 
  array (
    'tousername' => 'gh_f9b894563ef4',
    'fromusername' => 'o5V8y1clci7XG1S_dN4uvqrONINU',
    'createtime' => '1569414063',
    'msgtype' => 'event',
    'event' => 'VIEW',
    'eventkey' => 'http://www.boyufengmao.com/app/index.php?i=6&c=entry&m=ewei_shopv2&do=mobile&r=diypage&id=25',
    'menuid' => '445219801',
    'from' => 'o5V8y1clci7XG1S_dN4uvqrONINU',
    'to' => 'gh_f9b894563ef4',
    'time' => '1569414063',
    'type' => 'text',
    'content' => 'http://www.boyufengmao.com/app/index.php?i=6&c=entry&m=ewei_shopv2&do=mobile&r=diypage&id=25',
    'redirection' => true,
    'source' => 'VIEW',
  ),
)

2019-09-25 20:21:03 response :
------------

2019-09-25 20:21:11 trace :
------------
String:
<xml><ToUserName><![CDATA[gh_f9b894563ef4]]></ToUserName>
<FromUserName><![CDATA[o5V8y1clci7XG1S_dN4uvqrONINU]]></FromUserName>
<CreateTime>1569414071</CreateTime>
<MsgType><![CDATA[event]]></MsgType>
<Event><![CDATA[VIEW]]></Event>
<EventKey><![CDATA[http://www.boyufengmao.com/app/index.php?i=6&c=entry&m=ewei_shopv2&do=mobile&r=diypage&id=35]]></EventKey>
<MenuId>445219801</MenuId>
</xml>

2019-09-25 20:21:11 params :
------------
String:
array (
  'rule' => -2,
  'module' => '',
  'message' => 
  array (
    'tousername' => 'gh_f9b894563ef4',
    'fromusername' => 'o5V8y1clci7XG1S_dN4uvqrONINU',
    'createtime' => '1569414071',
    'msgtype' => 'event',
    'event' => 'VIEW',
    'eventkey' => 'http://www.boyufengmao.com/app/index.php?i=6&c=entry&m=ewei_shopv2&do=mobile&r=diypage&id=35',
    'menuid' => '445219801',
    'from' => 'o5V8y1clci7XG1S_dN4uvqrONINU',
    'to' => 'gh_f9b894563ef4',
    'time' => '1569414071',
    'type' => 'text',
    'content' => 'http://www.boyufengmao.com/app/index.php?i=6&c=entry&m=ewei_shopv2&do=mobile&r=diypage&id=35',
    'redirection' => true,
    'source' => 'VIEW',
  ),
)

2019-09-25 20:21:11 response :
------------

2019-09-25 20:34:01 trace :
------------
String:
<xml><ToUserName><![CDATA[gh_f9b894563ef4]]></ToUserName>
<FromUserName><![CDATA[o5V8y1fzHh6_ipwML4POWcnqnYqI]]></FromUserName>
<CreateTime>1569414841</CreateTime>
<MsgType><![CDATA[event]]></MsgType>
<Event><![CDATA[SCAN]]></Event>
<EventKey><![CDATA[business:5864a01773794135a05fba69901b7199]]></EventKey>
<Ticket><![CDATA[gQGj8DwAAAAAAAAAAS5odHRwOi8vd2VpeGluLnFxLmNvbS9xLzAyZ3RQMXQ5QnZjT2wxMDAwMHcwN2oAAgQPhH9cAwQAAAAA]]></Ticket>
</xml>

2019-09-25 20:34:01 params :
------------
String:
array (
  'rule' => -2,
  'module' => '',
  'message' => 
  array (
    'tousername' => 'gh_f9b894563ef4',
    'fromusername' => 'o5V8y1fzHh6_ipwML4POWcnqnYqI',
    'createtime' => '1569414841',
    'msgtype' => 'event',
    'event' => 'SCAN',
    'eventkey' => 'business:5864a01773794135a05fba69901b7199',
    'ticket' => 'gQGj8DwAAAAAAAAAAS5odHRwOi8vd2VpeGluLnFxLmNvbS9xLzAyZ3RQMXQ5QnZjT2wxMDAwMHcwN2oAAgQPhH9cAwQAAAAA',
    'from' => 'o5V8y1fzHh6_ipwML4POWcnqnYqI',
    'to' => 'gh_f9b894563ef4',
    'time' => '1569414841',
    'type' => 'text',
    'scene' => 'business:5864a01773794135a05fba69901b7199',
    'redirection' => true,
    'source' => 'qr',
  ),
)

2019-09-25 20:34:01 response :
------------

2019-09-25 20:34:11 trace :
------------
String:
<xml><ToUserName><![CDATA[gh_f9b894563ef4]]></ToUserName>
<FromUserName><![CDATA[o5V8y1fzHh6_ipwML4POWcnqnYqI]]></FromUserName>
<CreateTime>1569414851</CreateTime>
<MsgType><![CDATA[text]]></MsgType>
<Content><![CDATA[13609284617]]></Content>
<MsgId>22468615601950013</MsgId>
</xml>

2019-09-25 20:34:11 params :
------------
String:
array (
  'rule' => -2,
  'module' => '',
  'message' => 
  array (
    'tousername' => 'gh_f9b894563ef4',
    'fromusername' => 'o5V8y1fzHh6_ipwML4POWcnqnYqI',
    'createtime' => '1569414851',
    'msgtype' => 'text',
    'content' => '13609284617',
    'msgid' => '22468615601950013',
    'from' => 'o5V8y1fzHh6_ipwML4POWcnqnYqI',
    'to' => 'gh_f9b894563ef4',
    'time' => '1569414851',
    'type' => 'text',
    'event' => NULL,
    'redirection' => false,
    'source' => NULL,
  ),
)

2019-09-25 20:34:11 response :
------------

2019-09-25 20:37:18 trace :
------------
String:
<xml><ToUserName><![CDATA[gh_f9b894563ef4]]></ToUserName>
<FromUserName><![CDATA[o5V8y1Q0J_rMLJs3-Adpi2lDB04k]]></FromUserName>
<CreateTime>1569415038</CreateTime>
<MsgType><![CDATA[event]]></MsgType>
<Event><![CDATA[SCAN]]></Event>
<EventKey><![CDATA[business:5864a01773794135a05fba69901b7199]]></EventKey>
<Ticket><![CDATA[gQGj8DwAAAAAAAAAAS5odHRwOi8vd2VpeGluLnFxLmNvbS9xLzAyZ3RQMXQ5QnZjT2wxMDAwMHcwN2oAAgQPhH9cAwQAAAAA]]></Ticket>
</xml>

2019-09-25 20:37:18 params :
------------
String:
array (
  'rule' => -2,
  'module' => '',
  'message' => 
  array (
    'tousername' => 'gh_f9b894563ef4',
    'fromusername' => 'o5V8y1Q0J_rMLJs3-Adpi2lDB04k',
    'createtime' => '1569415038',
    'msgtype' => 'event',
    'event' => 'SCAN',
    'eventkey' => 'business:5864a01773794135a05fba69901b7199',
    'ticket' => 'gQGj8DwAAAAAAAAAAS5odHRwOi8vd2VpeGluLnFxLmNvbS9xLzAyZ3RQMXQ5QnZjT2wxMDAwMHcwN2oAAgQPhH9cAwQAAAAA',
    'from' => 'o5V8y1Q0J_rMLJs3-Adpi2lDB04k',
    'to' => 'gh_f9b894563ef4',
    'time' => '1569415038',
    'type' => 'text',
    'scene' => 'business:5864a01773794135a05fba69901b7199',
    'redirection' => true,
    'source' => 'qr',
  ),
)

2019-09-25 20:37:18 response :
------------

2019-09-25 20:37:25 trace :
------------
String:
<xml><ToUserName><![CDATA[gh_f9b894563ef4]]></ToUserName>
<FromUserName><![CDATA[o5V8y1Q0J_rMLJs3-Adpi2lDB04k]]></FromUserName>
<CreateTime>1569415045</CreateTime>
<MsgType><![CDATA[event]]></MsgType>
<Event><![CDATA[VIEW]]></Event>
<EventKey><![CDATA[http://www.boyufengmao.com/app/index.php?i=6&c=entry&m=ewei_shopv2&do=mobile&r=diypage&id=35]]></EventKey>
<MenuId>445219801</MenuId>
</xml>

2019-09-25 20:37:25 params :
------------
String:
array (
  'rule' => -2,
  'module' => '',
  'message' => 
  array (
    'tousername' => 'gh_f9b894563ef4',
    'fromusername' => 'o5V8y1Q0J_rMLJs3-Adpi2lDB04k',
    'createtime' => '1569415045',
    'msgtype' => 'event',
    'event' => 'VIEW',
    'eventkey' => 'http://www.boyufengmao.com/app/index.php?i=6&c=entry&m=ewei_shopv2&do=mobile&r=diypage&id=35',
    'menuid' => '445219801',
    'from' => 'o5V8y1Q0J_rMLJs3-Adpi2lDB04k',
    'to' => 'gh_f9b894563ef4',
    'time' => '1569415045',
    'type' => 'text',
    'content' => 'http://www.boyufengmao.com/app/index.php?i=6&c=entry&m=ewei_shopv2&do=mobile&r=diypage&id=35',
    'redirection' => true,
    'source' => 'VIEW',
  ),
)

2019-09-25 20:37:25 response :
------------

2019-09-25 20:37:58 trace :
------------
String:
<xml><ToUserName><![CDATA[gh_f9b894563ef4]]></ToUserName>
<FromUserName><![CDATA[o5V8y1WqqGNthStAoOqyWQgIbFvY]]></FromUserName>
<CreateTime>1569415078</CreateTime>
<MsgType><![CDATA[event]]></MsgType>
<Event><![CDATA[SCAN]]></Event>
<EventKey><![CDATA[business:5864a01773794135a05fba69901b7199]]></EventKey>
<Ticket><![CDATA[gQGj8DwAAAAAAAAAAS5odHRwOi8vd2VpeGluLnFxLmNvbS9xLzAyZ3RQMXQ5QnZjT2wxMDAwMHcwN2oAAgQPhH9cAwQAAAAA]]></Ticket>
</xml>

2019-09-25 20:37:58 params :
------------
String:
array (
  'rule' => -2,
  'module' => '',
  'message' => 
  array (
    'tousername' => 'gh_f9b894563ef4',
    'fromusername' => 'o5V8y1WqqGNthStAoOqyWQgIbFvY',
    'createtime' => '1569415078',
    'msgtype' => 'event',
    'event' => 'SCAN',
    'eventkey' => 'business:5864a01773794135a05fba69901b7199',
    'ticket' => 'gQGj8DwAAAAAAAAAAS5odHRwOi8vd2VpeGluLnFxLmNvbS9xLzAyZ3RQMXQ5QnZjT2wxMDAwMHcwN2oAAgQPhH9cAwQAAAAA',
    'from' => 'o5V8y1WqqGNthStAoOqyWQgIbFvY',
    'to' => 'gh_f9b894563ef4',
    'time' => '1569415078',
    'type' => 'text',
    'scene' => 'business:5864a01773794135a05fba69901b7199',
    'redirection' => true,
    'source' => 'qr',
  ),
)

2019-09-25 20:37:58 response :
------------

2019-09-25 20:38:03 trace :
------------
String:
<xml><ToUserName><![CDATA[gh_f9b894563ef4]]></ToUserName>
<FromUserName><![CDATA[o5V8y1WqqGNthStAoOqyWQgIbFvY]]></FromUserName>
<CreateTime>1569415083</CreateTime>
<MsgType><![CDATA[event]]></MsgType>
<Event><![CDATA[VIEW]]></Event>
<EventKey><![CDATA[http://www.boyufengmao.com/app/index.php?i=6&c=entry&m=ewei_shopv2&do=mobile&r=diypage&id=25]]></EventKey>
<MenuId>445219801</MenuId>
</xml>

2019-09-25 20:38:03 params :
------------
String:
array (
  'rule' => -2,
  'module' => '',
  'message' => 
  array (
    'tousername' => 'gh_f9b894563ef4',
    'fromusername' => 'o5V8y1WqqGNthStAoOqyWQgIbFvY',
    'createtime' => '1569415083',
    'msgtype' => 'event',
    'event' => 'VIEW',
    'eventkey' => 'http://www.boyufengmao.com/app/index.php?i=6&c=entry&m=ewei_shopv2&do=mobile&r=diypage&id=25',
    'menuid' => '445219801',
    'from' => 'o5V8y1WqqGNthStAoOqyWQgIbFvY',
    'to' => 'gh_f9b894563ef4',
    'time' => '1569415083',
    'type' => 'text',
    'content' => 'http://www.boyufengmao.com/app/index.php?i=6&c=entry&m=ewei_shopv2&do=mobile&r=diypage&id=25',
    'redirection' => true,
    'source' => 'VIEW',
  ),
)

2019-09-25 20:38:03 response :
------------

2019-09-25 20:40:02 trace :
------------
String:
<xml><ToUserName><![CDATA[gh_f9b894563ef4]]></ToUserName>
<FromUserName><![CDATA[o5V8y1WqqGNthStAoOqyWQgIbFvY]]></FromUserName>
<CreateTime>1569415202</CreateTime>
<MsgType><![CDATA[event]]></MsgType>
<Event><![CDATA[VIEW]]></Event>
<EventKey><![CDATA[http://www.boyufengmao.com/app/index.php?i=6&c=entry&m=ewei_shopv2&do=mobile&r=diypage&id=25]]></EventKey>
<MenuId>445219801</MenuId>
</xml>

2019-09-25 20:40:02 params :
------------
String:
array (
  'rule' => -2,
  'module' => '',
  'message' => 
  array (
    'tousername' => 'gh_f9b894563ef4',
    'fromusername' => 'o5V8y1WqqGNthStAoOqyWQgIbFvY',
    'createtime' => '1569415202',
    'msgtype' => 'event',
    'event' => 'VIEW',
    'eventkey' => 'http://www.boyufengmao.com/app/index.php?i=6&c=entry&m=ewei_shopv2&do=mobile&r=diypage&id=25',
    'menuid' => '445219801',
    'from' => 'o5V8y1WqqGNthStAoOqyWQgIbFvY',
    'to' => 'gh_f9b894563ef4',
    'time' => '1569415202',
    'type' => 'text',
    'content' => 'http://www.boyufengmao.com/app/index.php?i=6&c=entry&m=ewei_shopv2&do=mobile&r=diypage&id=25',
    'redirection' => true,
    'source' => 'VIEW',
  ),
)

2019-09-25 20:40:02 response :
------------

2019-09-25 20:40:07 trace :
------------
String:
<xml><ToUserName><![CDATA[gh_f9b894563ef4]]></ToUserName>
<FromUserName><![CDATA[o5V8y1WqqGNthStAoOqyWQgIbFvY]]></FromUserName>
<CreateTime>1569415207</CreateTime>
<MsgType><![CDATA[event]]></MsgType>
<Event><![CDATA[VIEW]]></Event>
<EventKey><![CDATA[http://www.boyufengmao.com/app/index.php?i=6&c=entry&m=ewei_shopv2&do=mobile&r=diypage&id=35]]></EventKey>
<MenuId>445219801</MenuId>
</xml>

2019-09-25 20:40:07 params :
------------
String:
array (
  'rule' => -2,
  'module' => '',
  'message' => 
  array (
    'tousername' => 'gh_f9b894563ef4',
    'fromusername' => 'o5V8y1WqqGNthStAoOqyWQgIbFvY',
    'createtime' => '1569415207',
    'msgtype' => 'event',
    'event' => 'VIEW',
    'eventkey' => 'http://www.boyufengmao.com/app/index.php?i=6&c=entry&m=ewei_shopv2&do=mobile&r=diypage&id=35',
    'menuid' => '445219801',
    'from' => 'o5V8y1WqqGNthStAoOqyWQgIbFvY',
    'to' => 'gh_f9b894563ef4',
    'time' => '1569415207',
    'type' => 'text',
    'content' => 'http://www.boyufengmao.com/app/index.php?i=6&c=entry&m=ewei_shopv2&do=mobile&r=diypage&id=35',
    'redirection' => true,
    'source' => 'VIEW',
  ),
)

2019-09-25 20:40:07 response :
------------

2019-09-25 20:49:31 trace :
------------
String:
<xml><ToUserName><![CDATA[gh_f9b894563ef4]]></ToUserName>
<FromUserName><![CDATA[o5V8y1Q0J_rMLJs3-Adpi2lDB04k]]></FromUserName>
<CreateTime>1569415771</CreateTime>
<MsgType><![CDATA[event]]></MsgType>
<Event><![CDATA[TEMPLATESENDJOBFINISH]]></Event>
<MsgID>1003671785235152896</MsgID>
<Status><![CDATA[success]]></Status>
</xml>

2019-09-25 20:49:31 params :
------------
String:
array (
  'rule' => -2,
  'module' => '',
  'message' => 
  array (
    'tousername' => 'gh_f9b894563ef4',
    'fromusername' => 'o5V8y1Q0J_rMLJs3-Adpi2lDB04k',
    'createtime' => '1569415771',
    'msgtype' => 'event',
    'event' => 'TEMPLATESENDJOBFINISH',
    'msgid' => '1003671785235152896',
    'status' => 'success',
    'from' => 'o5V8y1Q0J_rMLJs3-Adpi2lDB04k',
    'to' => 'gh_f9b894563ef4',
    'time' => '1569415771',
    'type' => 'event',
  ),
)

2019-09-25 20:49:31 response :
------------

2019-09-25 21:19:06 trace :
------------
String:
<xml><ToUserName><![CDATA[gh_162fc9cda7ca]]></ToUserName>
<FromUserName><![CDATA[oYRrw006sSJGtZhQkSV5ts9C5SpA]]></FromUserName>
<CreateTime>1569417546</CreateTime>
<MsgType><![CDATA[event]]></MsgType>
<Event><![CDATA[CLICK]]></Event>
<EventKey><![CDATA[订餐电话]]></EventKey>
</xml>

2019-09-25 21:19:06 params :
------------
String:
array (
  'message' => 
  array (
    'tousername' => 'gh_162fc9cda7ca',
    'fromusername' => 'oYRrw006sSJGtZhQkSV5ts9C5SpA',
    'createtime' => '1569417546',
    'msgtype' => 'event',
    'event' => 'CLICK',
    'eventkey' => '订餐电话',
    'from' => 'oYRrw006sSJGtZhQkSV5ts9C5SpA',
    'to' => 'gh_162fc9cda7ca',
    'time' => '1569417546',
    'type' => 'text',
    'content' => '订餐电话',
    'redirection' => true,
    'source' => 'click',
  ),
  'module' => 'reply',
  'rule' => '20',
  'priority' => '0',
  'keyword' => 
  array (
    'id' => '29',
    'rid' => '20',
    'uniacid' => '5',
    'module' => 'reply',
    'content' => '订餐电话',
    'type' => '1',
    'displayorder' => '0',
    'status' => '1',
    'reply_type' => 
    array (
      0 => 'basic',
    ),
  ),
  'reply_type' => 
  array (
    0 => 'basic',
  ),
)

2019-09-25 21:19:06 response :
------------
Array:
FromUserName : gh_162fc9cda7ca ;
ToUserName : oYRrw006sSJGtZhQkSV5ts9C5SpA ;
MsgType : text ;
Content : 欢迎拨打电话：029−88770318 订餐 ;

2019-09-25 21:19:11 trace :
------------
String:
<xml><ToUserName><![CDATA[gh_162fc9cda7ca]]></ToUserName>
<FromUserName><![CDATA[oYRrw006sSJGtZhQkSV5ts9C5SpA]]></FromUserName>
<CreateTime>1569417551</CreateTime>
<MsgType><![CDATA[event]]></MsgType>
<Event><![CDATA[CLICK]]></Event>
<EventKey><![CDATA[海报]]></EventKey>
</xml>

2019-09-25 21:19:11 params :
------------
String:
array (
  'message' => 
  array (
    'tousername' => 'gh_162fc9cda7ca',
    'fromusername' => 'oYRrw006sSJGtZhQkSV5ts9C5SpA',
    'createtime' => '1569417551',
    'msgtype' => 'event',
    'event' => 'CLICK',
    'eventkey' => '海报',
    'from' => 'oYRrw006sSJGtZhQkSV5ts9C5SpA',
    'to' => 'gh_162fc9cda7ca',
    'time' => '1569417551',
    'type' => 'text',
    'content' => '海报',
    'redirection' => true,
    'source' => 'click',
  ),
  'module' => 'reply',
  'rule' => '21',
  'priority' => '0',
  'keyword' => 
  array (
    'id' => '30',
    'rid' => '21',
    'uniacid' => '5',
    'module' => 'reply',
    'content' => '海报',
    'type' => '1',
    'displayorder' => '0',
    'status' => '1',
    'reply_type' => 
    array (
      0 => 'images',
    ),
  ),
  'reply_type' => 
  array (
    0 => 'images',
  ),
)

2019-09-25 21:19:11 response :
------------
Array:
FromUserName : gh_162fc9cda7ca ;
ToUserName : oYRrw006sSJGtZhQkSV5ts9C5SpA ;
MsgType : image ;
Image : Array ;

2019-09-25 21:19:15 trace :
------------
String:
<xml><ToUserName><![CDATA[gh_162fc9cda7ca]]></ToUserName>
<FromUserName><![CDATA[oYRrw006sSJGtZhQkSV5ts9C5SpA]]></FromUserName>
<CreateTime>1569417555</CreateTime>
<MsgType><![CDATA[event]]></MsgType>
<Event><![CDATA[VIEW]]></Event>
<EventKey><![CDATA[http://www.boyufengmao.com/app/index.php?i=5&c=entry&m=ewei_shopv2&do=mobile&r=diypage&id=24]]></EventKey>
<MenuId>431928873</MenuId>
</xml>

2019-09-25 21:19:15 params :
------------
String:
array (
  'rule' => -2,
  'module' => '',
  'message' => 
  array (
    'tousername' => 'gh_162fc9cda7ca',
    'fromusername' => 'oYRrw006sSJGtZhQkSV5ts9C5SpA',
    'createtime' => '1569417555',
    'msgtype' => 'event',
    'event' => 'VIEW',
    'eventkey' => 'http://www.boyufengmao.com/app/index.php?i=5&c=entry&m=ewei_shopv2&do=mobile&r=diypage&id=24',
    'menuid' => '431928873',
    'from' => 'oYRrw006sSJGtZhQkSV5ts9C5SpA',
    'to' => 'gh_162fc9cda7ca',
    'time' => '1569417555',
    'type' => 'text',
    'content' => 'http://www.boyufengmao.com/app/index.php?i=5&c=entry&m=ewei_shopv2&do=mobile&r=diypage&id=24',
    'redirection' => true,
    'source' => 'VIEW',
  ),
)

2019-09-25 21:19:15 response :
------------

