2019-09-17 07:18:45 trace :
------------
String:
<xml><ToUserName><![CDATA[gh_f9b894563ef4]]></ToUserName>
<FromUserName><![CDATA[o5V8y1XFCACrq9FtKoOMU298MH-w]]></FromUserName>
<CreateTime>1568675925</CreateTime>
<MsgType><![CDATA[event]]></MsgType>
<Event><![CDATA[VIEW]]></Event>
<EventKey><![CDATA[http://www.boyufengmao.com/app/index.php?i=6&c=entry&m=ewei_shopv2&do=mobile&r=diypage&id=25]]></EventKey>
<MenuId>445219801</MenuId>
</xml>

2019-09-17 07:18:45 params :
------------
String:
array (
  'rule' => -2,
  'module' => '',
  'message' => 
  array (
    'tousername' => 'gh_f9b894563ef4',
    'fromusername' => 'o5V8y1XFCACrq9FtKoOMU298MH-w',
    'createtime' => '1568675925',
    'msgtype' => 'event',
    'event' => 'VIEW',
    'eventkey' => 'http://www.boyufengmao.com/app/index.php?i=6&c=entry&m=ewei_shopv2&do=mobile&r=diypage&id=25',
    'menuid' => '445219801',
    'from' => 'o5V8y1XFCACrq9FtKoOMU298MH-w',
    'to' => 'gh_f9b894563ef4',
    'time' => '1568675925',
    'type' => 'text',
    'content' => 'http://www.boyufengmao.com/app/index.php?i=6&c=entry&m=ewei_shopv2&do=mobile&r=diypage&id=25',
    'redirection' => true,
    'source' => 'VIEW',
  ),
)

2019-09-17 07:18:45 response :
------------

2019-09-17 10:33:30 trace :
------------
String:
<xml><ToUserName><![CDATA[gh_f9b894563ef4]]></ToUserName>
<FromUserName><![CDATA[o5V8y1S2Px1fGiQnLXjXAfJH0o4A]]></FromUserName>
<CreateTime>1568687610</CreateTime>
<MsgType><![CDATA[event]]></MsgType>
<Event><![CDATA[subscribe]]></Event>
<EventKey><![CDATA[]]></EventKey>
</xml>

2019-09-17 10:33:30 params :
------------
String:
array (
  'rule' => -2,
  'module' => '',
  'message' => 
  array (
    'tousername' => 'gh_f9b894563ef4',
    'fromusername' => 'o5V8y1S2Px1fGiQnLXjXAfJH0o4A',
    'createtime' => '1568687610',
    'msgtype' => 'event',
    'event' => 'subscribe',
    'eventkey' => '',
    'from' => 'o5V8y1S2Px1fGiQnLXjXAfJH0o4A',
    'to' => 'gh_f9b894563ef4',
    'time' => '1568687610',
    'type' => 'text',
    'redirection' => true,
    'source' => 'subscribe',
  ),
)

2019-09-17 10:33:30 response :
------------

2019-09-17 10:33:33 trace :
------------
String:
<xml><ToUserName><![CDATA[gh_f9b894563ef4]]></ToUserName>
<FromUserName><![CDATA[o5V8y1S2Px1fGiQnLXjXAfJH0o4A]]></FromUserName>
<CreateTime>1568687613</CreateTime>
<MsgType><![CDATA[event]]></MsgType>
<Event><![CDATA[VIEW]]></Event>
<EventKey><![CDATA[http://www.boyufengmao.com/app/index.php?i=6&c=entry&m=ewei_shopv2&do=mobile&r=diypage&id=35]]></EventKey>
<MenuId>445219801</MenuId>
</xml>

2019-09-17 10:33:33 params :
------------
String:
array (
  'rule' => -2,
  'module' => '',
  'message' => 
  array (
    'tousername' => 'gh_f9b894563ef4',
    'fromusername' => 'o5V8y1S2Px1fGiQnLXjXAfJH0o4A',
    'createtime' => '1568687613',
    'msgtype' => 'event',
    'event' => 'VIEW',
    'eventkey' => 'http://www.boyufengmao.com/app/index.php?i=6&c=entry&m=ewei_shopv2&do=mobile&r=diypage&id=35',
    'menuid' => '445219801',
    'from' => 'o5V8y1S2Px1fGiQnLXjXAfJH0o4A',
    'to' => 'gh_f9b894563ef4',
    'time' => '1568687613',
    'type' => 'text',
    'content' => 'http://www.boyufengmao.com/app/index.php?i=6&c=entry&m=ewei_shopv2&do=mobile&r=diypage&id=35',
    'redirection' => true,
    'source' => 'VIEW',
  ),
)

2019-09-17 10:33:33 response :
------------

2019-09-17 10:33:37 trace :
------------
String:
<xml><ToUserName><![CDATA[gh_f9b894563ef4]]></ToUserName>
<FromUserName><![CDATA[o5V8y1S2Px1fGiQnLXjXAfJH0o4A]]></FromUserName>
<CreateTime>1568687617</CreateTime>
<MsgType><![CDATA[event]]></MsgType>
<Event><![CDATA[VIEW]]></Event>
<EventKey><![CDATA[http://www.boyufengmao.com/app/index.php?i=6&c=entry&m=ewei_shopv2&do=mobile&r=diypage&id=25]]></EventKey>
<MenuId>445219801</MenuId>
</xml>

2019-09-17 10:33:37 params :
------------
String:
array (
  'rule' => -2,
  'module' => '',
  'message' => 
  array (
    'tousername' => 'gh_f9b894563ef4',
    'fromusername' => 'o5V8y1S2Px1fGiQnLXjXAfJH0o4A',
    'createtime' => '1568687617',
    'msgtype' => 'event',
    'event' => 'VIEW',
    'eventkey' => 'http://www.boyufengmao.com/app/index.php?i=6&c=entry&m=ewei_shopv2&do=mobile&r=diypage&id=25',
    'menuid' => '445219801',
    'from' => 'o5V8y1S2Px1fGiQnLXjXAfJH0o4A',
    'to' => 'gh_f9b894563ef4',
    'time' => '1568687617',
    'type' => 'text',
    'content' => 'http://www.boyufengmao.com/app/index.php?i=6&c=entry&m=ewei_shopv2&do=mobile&r=diypage&id=25',
    'redirection' => true,
    'source' => 'VIEW',
  ),
)

2019-09-17 10:33:37 response :
------------

2019-09-17 11:12:40 trace :
------------
String:
<xml><ToUserName><![CDATA[gh_162fc9cda7ca]]></ToUserName>
<FromUserName><![CDATA[oYRrw0ysJJG-eWJ1l7yqzZrtEHws]]></FromUserName>
<CreateTime>1568689960</CreateTime>
<MsgType><![CDATA[event]]></MsgType>
<Event><![CDATA[LOCATION]]></Event>
<Latitude>34.232246</Latitude>
<Longitude>108.958862</Longitude>
<Precision>180.000000</Precision>
</xml>

2019-09-17 11:12:41 params :
------------
String:
array (
  'message' => 
  array (
    'tousername' => 'gh_162fc9cda7ca',
    'fromusername' => 'oYRrw0ysJJG-eWJ1l7yqzZrtEHws',
    'createtime' => '1568689960',
    'msgtype' => 'event',
    'event' => 'LOCATION',
    'latitude' => '34.232246',
    'longitude' => '108.958862',
    'precision' => '180.000000',
    'from' => 'oYRrw0ysJJG-eWJ1l7yqzZrtEHws',
    'to' => 'gh_162fc9cda7ca',
    'time' => '1568689960',
    'type' => 'trace',
    'location_x' => '34.232246',
    'location_y' => '108.958862',
  ),
  'module' => 'default',
  'rule' => '-1',
)

2019-09-17 11:12:41 response :
------------
Array:
errno : -1 ;
message : Invaild value ;

2019-09-17 11:15:12 trace :
------------
String:
<xml><ToUserName><![CDATA[gh_162fc9cda7ca]]></ToUserName>
<FromUserName><![CDATA[oYRrw0ysJJG-eWJ1l7yqzZrtEHws]]></FromUserName>
<CreateTime>1568690112</CreateTime>
<MsgType><![CDATA[event]]></MsgType>
<Event><![CDATA[LOCATION]]></Event>
<Latitude>34.232246</Latitude>
<Longitude>108.958862</Longitude>
<Precision>180.000000</Precision>
</xml>

2019-09-17 11:15:12 params :
------------
String:
array (
  'message' => 
  array (
    'tousername' => 'gh_162fc9cda7ca',
    'fromusername' => 'oYRrw0ysJJG-eWJ1l7yqzZrtEHws',
    'createtime' => '1568690112',
    'msgtype' => 'event',
    'event' => 'LOCATION',
    'latitude' => '34.232246',
    'longitude' => '108.958862',
    'precision' => '180.000000',
    'from' => 'oYRrw0ysJJG-eWJ1l7yqzZrtEHws',
    'to' => 'gh_162fc9cda7ca',
    'time' => '1568690112',
    'type' => 'trace',
    'location_x' => '34.232246',
    'location_y' => '108.958862',
  ),
  'module' => 'default',
  'rule' => '-1',
)

2019-09-17 11:15:12 response :
------------
Array:
errno : -1 ;
message : Invaild value ;

2019-09-17 11:31:28 trace :
------------
String:
<xml><ToUserName><![CDATA[gh_162fc9cda7ca]]></ToUserName>
<FromUserName><![CDATA[oYRrw0ysJJG-eWJ1l7yqzZrtEHws]]></FromUserName>
<CreateTime>1568691087</CreateTime>
<MsgType><![CDATA[event]]></MsgType>
<Event><![CDATA[LOCATION]]></Event>
<Latitude>34.232246</Latitude>
<Longitude>108.958862</Longitude>
<Precision>180.000000</Precision>
</xml>

2019-09-17 11:31:28 params :
------------
String:
array (
  'message' => 
  array (
    'tousername' => 'gh_162fc9cda7ca',
    'fromusername' => 'oYRrw0ysJJG-eWJ1l7yqzZrtEHws',
    'createtime' => '1568691087',
    'msgtype' => 'event',
    'event' => 'LOCATION',
    'latitude' => '34.232246',
    'longitude' => '108.958862',
    'precision' => '180.000000',
    'from' => 'oYRrw0ysJJG-eWJ1l7yqzZrtEHws',
    'to' => 'gh_162fc9cda7ca',
    'time' => '1568691087',
    'type' => 'trace',
    'location_x' => '34.232246',
    'location_y' => '108.958862',
  ),
  'module' => 'default',
  'rule' => '-1',
)

2019-09-17 11:31:28 response :
------------
Array:
errno : -1 ;
message : Invaild value ;

2019-09-17 11:31:28 trace :
------------
String:
<xml><ToUserName><![CDATA[gh_162fc9cda7ca]]></ToUserName>
<FromUserName><![CDATA[oYRrw0ysJJG-eWJ1l7yqzZrtEHws]]></FromUserName>
<CreateTime>1568691088</CreateTime>
<MsgType><![CDATA[event]]></MsgType>
<Event><![CDATA[VIEW]]></Event>
<EventKey><![CDATA[http://www.boyufengmao.com/app/index.php?i=5&c=entry&m=ewei_shopv2&do=mobile&r=diypage&id=24]]></EventKey>
<MenuId>431928873</MenuId>
</xml>

2019-09-17 11:31:28 params :
------------
String:
array (
  'rule' => -2,
  'module' => '',
  'message' => 
  array (
    'tousername' => 'gh_162fc9cda7ca',
    'fromusername' => 'oYRrw0ysJJG-eWJ1l7yqzZrtEHws',
    'createtime' => '1568691088',
    'msgtype' => 'event',
    'event' => 'VIEW',
    'eventkey' => 'http://www.boyufengmao.com/app/index.php?i=5&c=entry&m=ewei_shopv2&do=mobile&r=diypage&id=24',
    'menuid' => '431928873',
    'from' => 'oYRrw0ysJJG-eWJ1l7yqzZrtEHws',
    'to' => 'gh_162fc9cda7ca',
    'time' => '1568691088',
    'type' => 'text',
    'content' => 'http://www.boyufengmao.com/app/index.php?i=5&c=entry&m=ewei_shopv2&do=mobile&r=diypage&id=24',
    'redirection' => true,
    'source' => 'VIEW',
  ),
)

2019-09-17 11:31:28 response :
------------

2019-09-17 11:32:01 trace :
------------
String:
<xml><ToUserName><![CDATA[gh_162fc9cda7ca]]></ToUserName>
<FromUserName><![CDATA[oYRrw0ysJJG-eWJ1l7yqzZrtEHws]]></FromUserName>
<CreateTime>1568691121</CreateTime>
<MsgType><![CDATA[event]]></MsgType>
<Event><![CDATA[LOCATION]]></Event>
<Latitude>34.232246</Latitude>
<Longitude>108.958862</Longitude>
<Precision>180.000000</Precision>
</xml>

2019-09-17 11:32:01 params :
------------
String:
array (
  'message' => 
  array (
    'tousername' => 'gh_162fc9cda7ca',
    'fromusername' => 'oYRrw0ysJJG-eWJ1l7yqzZrtEHws',
    'createtime' => '1568691121',
    'msgtype' => 'event',
    'event' => 'LOCATION',
    'latitude' => '34.232246',
    'longitude' => '108.958862',
    'precision' => '180.000000',
    'from' => 'oYRrw0ysJJG-eWJ1l7yqzZrtEHws',
    'to' => 'gh_162fc9cda7ca',
    'time' => '1568691121',
    'type' => 'trace',
    'location_x' => '34.232246',
    'location_y' => '108.958862',
  ),
  'module' => 'default',
  'rule' => '-1',
)

2019-09-17 11:32:01 response :
------------
Array:
errno : -1 ;
message : Invaild value ;

2019-09-17 11:32:19 trace :
------------
String:
<xml><ToUserName><![CDATA[gh_162fc9cda7ca]]></ToUserName>
<FromUserName><![CDATA[oYRrw0ysJJG-eWJ1l7yqzZrtEHws]]></FromUserName>
<CreateTime>1568691139</CreateTime>
<MsgType><![CDATA[text]]></MsgType>
<Content><![CDATA[你好]]></Content>
<MsgId>22458258470031311</MsgId>
</xml>

2019-09-17 11:32:19 params :
------------
String:
array (
  'rule' => -2,
  'module' => '',
  'message' => 
  array (
    'tousername' => 'gh_162fc9cda7ca',
    'fromusername' => 'oYRrw0ysJJG-eWJ1l7yqzZrtEHws',
    'createtime' => '1568691139',
    'msgtype' => 'text',
    'content' => '你好',
    'msgid' => '22458258470031311',
    'from' => 'oYRrw0ysJJG-eWJ1l7yqzZrtEHws',
    'to' => 'gh_162fc9cda7ca',
    'time' => '1568691139',
    'type' => 'text',
    'event' => NULL,
    'redirection' => false,
    'source' => NULL,
  ),
)

2019-09-17 11:32:19 response :
------------

2019-09-17 11:32:38 trace :
------------
String:
<xml><ToUserName><![CDATA[gh_162fc9cda7ca]]></ToUserName>
<FromUserName><![CDATA[oYRrw0ysJJG-eWJ1l7yqzZrtEHws]]></FromUserName>
<CreateTime>1568691158</CreateTime>
<MsgType><![CDATA[event]]></MsgType>
<Event><![CDATA[VIEW]]></Event>
<EventKey><![CDATA[http://www.boyufengmao.com/app/index.php?i=5&c=entry&m=ewei_shopv2&do=mobile&r=diypage&id=34]]></EventKey>
<MenuId>431928873</MenuId>
</xml>

2019-09-17 11:32:38 params :
------------
String:
array (
  'rule' => -2,
  'module' => '',
  'message' => 
  array (
    'tousername' => 'gh_162fc9cda7ca',
    'fromusername' => 'oYRrw0ysJJG-eWJ1l7yqzZrtEHws',
    'createtime' => '1568691158',
    'msgtype' => 'event',
    'event' => 'VIEW',
    'eventkey' => 'http://www.boyufengmao.com/app/index.php?i=5&c=entry&m=ewei_shopv2&do=mobile&r=diypage&id=34',
    'menuid' => '431928873',
    'from' => 'oYRrw0ysJJG-eWJ1l7yqzZrtEHws',
    'to' => 'gh_162fc9cda7ca',
    'time' => '1568691158',
    'type' => 'text',
    'content' => 'http://www.boyufengmao.com/app/index.php?i=5&c=entry&m=ewei_shopv2&do=mobile&r=diypage&id=34',
    'redirection' => true,
    'source' => 'VIEW',
  ),
)

2019-09-17 11:32:38 response :
------------

2019-09-17 11:34:13 trace :
------------
String:
<xml><ToUserName><![CDATA[gh_162fc9cda7ca]]></ToUserName>
<FromUserName><![CDATA[oYRrw0ysJJG-eWJ1l7yqzZrtEHws]]></FromUserName>
<CreateTime>1568691253</CreateTime>
<MsgType><![CDATA[event]]></MsgType>
<Event><![CDATA[LOCATION]]></Event>
<Latitude>34.232246</Latitude>
<Longitude>108.958862</Longitude>
<Precision>180.000000</Precision>
</xml>

2019-09-17 11:34:13 params :
------------
String:
array (
  'message' => 
  array (
    'tousername' => 'gh_162fc9cda7ca',
    'fromusername' => 'oYRrw0ysJJG-eWJ1l7yqzZrtEHws',
    'createtime' => '1568691253',
    'msgtype' => 'event',
    'event' => 'LOCATION',
    'latitude' => '34.232246',
    'longitude' => '108.958862',
    'precision' => '180.000000',
    'from' => 'oYRrw0ysJJG-eWJ1l7yqzZrtEHws',
    'to' => 'gh_162fc9cda7ca',
    'time' => '1568691253',
    'type' => 'trace',
    'location_x' => '34.232246',
    'location_y' => '108.958862',
  ),
  'module' => 'default',
  'rule' => '-1',
)

2019-09-17 11:34:13 response :
------------
Array:
errno : -1 ;
message : Invaild value ;

2019-09-17 11:34:17 trace :
------------
String:
<xml><ToUserName><![CDATA[gh_162fc9cda7ca]]></ToUserName>
<FromUserName><![CDATA[oYRrw0ysJJG-eWJ1l7yqzZrtEHws]]></FromUserName>
<CreateTime>1568691257</CreateTime>
<MsgType><![CDATA[event]]></MsgType>
<Event><![CDATA[VIEW]]></Event>
<EventKey><![CDATA[http://www.boyufengmao.com/app/index.php?i=5&c=entry&m=ewei_shopv2&do=mobile&r=diypage&id=34]]></EventKey>
<MenuId>431928873</MenuId>
</xml>

2019-09-17 11:34:17 params :
------------
String:
array (
  'rule' => -2,
  'module' => '',
  'message' => 
  array (
    'tousername' => 'gh_162fc9cda7ca',
    'fromusername' => 'oYRrw0ysJJG-eWJ1l7yqzZrtEHws',
    'createtime' => '1568691257',
    'msgtype' => 'event',
    'event' => 'VIEW',
    'eventkey' => 'http://www.boyufengmao.com/app/index.php?i=5&c=entry&m=ewei_shopv2&do=mobile&r=diypage&id=34',
    'menuid' => '431928873',
    'from' => 'oYRrw0ysJJG-eWJ1l7yqzZrtEHws',
    'to' => 'gh_162fc9cda7ca',
    'time' => '1568691257',
    'type' => 'text',
    'content' => 'http://www.boyufengmao.com/app/index.php?i=5&c=entry&m=ewei_shopv2&do=mobile&r=diypage&id=34',
    'redirection' => true,
    'source' => 'VIEW',
  ),
)

2019-09-17 11:34:17 response :
------------

2019-09-17 11:34:19 trace :
------------
String:
<xml><ToUserName><![CDATA[gh_162fc9cda7ca]]></ToUserName>
<FromUserName><![CDATA[oYRrw0ysJJG-eWJ1l7yqzZrtEHws]]></FromUserName>
<CreateTime>1568691259</CreateTime>
<MsgType><![CDATA[event]]></MsgType>
<Event><![CDATA[LOCATION]]></Event>
<Latitude>34.232246</Latitude>
<Longitude>108.958862</Longitude>
<Precision>180.000000</Precision>
</xml>

2019-09-17 11:34:19 params :
------------
String:
array (
  'message' => 
  array (
    'tousername' => 'gh_162fc9cda7ca',
    'fromusername' => 'oYRrw0ysJJG-eWJ1l7yqzZrtEHws',
    'createtime' => '1568691259',
    'msgtype' => 'event',
    'event' => 'LOCATION',
    'latitude' => '34.232246',
    'longitude' => '108.958862',
    'precision' => '180.000000',
    'from' => 'oYRrw0ysJJG-eWJ1l7yqzZrtEHws',
    'to' => 'gh_162fc9cda7ca',
    'time' => '1568691259',
    'type' => 'trace',
    'location_x' => '34.232246',
    'location_y' => '108.958862',
  ),
  'module' => 'default',
  'rule' => '-1',
)

2019-09-17 11:34:19 response :
------------
Array:
errno : -1 ;
message : Invaild value ;

2019-09-17 11:38:11 trace :
------------
String:
<xml><ToUserName><![CDATA[gh_f9b894563ef4]]></ToUserName>
<FromUserName><![CDATA[o5V8y1eUS6yEuz6vIa9Wxl7zna-g]]></FromUserName>
<CreateTime>1568691491</CreateTime>
<MsgType><![CDATA[event]]></MsgType>
<Event><![CDATA[subscribe]]></Event>
<EventKey><![CDATA[]]></EventKey>
</xml>

2019-09-17 11:38:11 params :
------------
String:
array (
  'rule' => -2,
  'module' => '',
  'message' => 
  array (
    'tousername' => 'gh_f9b894563ef4',
    'fromusername' => 'o5V8y1eUS6yEuz6vIa9Wxl7zna-g',
    'createtime' => '1568691491',
    'msgtype' => 'event',
    'event' => 'subscribe',
    'eventkey' => '',
    'from' => 'o5V8y1eUS6yEuz6vIa9Wxl7zna-g',
    'to' => 'gh_f9b894563ef4',
    'time' => '1568691491',
    'type' => 'text',
    'redirection' => true,
    'source' => 'subscribe',
  ),
)

2019-09-17 11:38:11 response :
------------

2019-09-17 11:38:12 trace :
------------
String:
<xml><ToUserName><![CDATA[gh_f9b894563ef4]]></ToUserName>
<FromUserName><![CDATA[o5V8y1eUS6yEuz6vIa9Wxl7zna-g]]></FromUserName>
<CreateTime>1568691492</CreateTime>
<MsgType><![CDATA[event]]></MsgType>
<Event><![CDATA[VIEW]]></Event>
<EventKey><![CDATA[http://www.boyufengmao.com/app/index.php?i=6&c=entry&m=ewei_shopv2&do=mobile&r=diypage&id=25]]></EventKey>
<MenuId>445219801</MenuId>
</xml>

2019-09-17 11:38:12 params :
------------
String:
array (
  'rule' => -2,
  'module' => '',
  'message' => 
  array (
    'tousername' => 'gh_f9b894563ef4',
    'fromusername' => 'o5V8y1eUS6yEuz6vIa9Wxl7zna-g',
    'createtime' => '1568691492',
    'msgtype' => 'event',
    'event' => 'VIEW',
    'eventkey' => 'http://www.boyufengmao.com/app/index.php?i=6&c=entry&m=ewei_shopv2&do=mobile&r=diypage&id=25',
    'menuid' => '445219801',
    'from' => 'o5V8y1eUS6yEuz6vIa9Wxl7zna-g',
    'to' => 'gh_f9b894563ef4',
    'time' => '1568691492',
    'type' => 'text',
    'content' => 'http://www.boyufengmao.com/app/index.php?i=6&c=entry&m=ewei_shopv2&do=mobile&r=diypage&id=25',
    'redirection' => true,
    'source' => 'VIEW',
  ),
)

2019-09-17 11:38:12 response :
------------

2019-09-17 11:38:45 trace :
------------
String:
<xml><ToUserName><![CDATA[gh_f9b894563ef4]]></ToUserName>
<FromUserName><![CDATA[o5V8y1eUS6yEuz6vIa9Wxl7zna-g]]></FromUserName>
<CreateTime>1568691525</CreateTime>
<MsgType><![CDATA[event]]></MsgType>
<Event><![CDATA[VIEW]]></Event>
<EventKey><![CDATA[http://www.boyufengmao.com/app/index.php?i=6&c=entry&m=ewei_shopv2&do=mobile&r=diypage&id=35]]></EventKey>
<MenuId>445219801</MenuId>
</xml>

2019-09-17 11:38:45 params :
------------
String:
array (
  'rule' => -2,
  'module' => '',
  'message' => 
  array (
    'tousername' => 'gh_f9b894563ef4',
    'fromusername' => 'o5V8y1eUS6yEuz6vIa9Wxl7zna-g',
    'createtime' => '1568691525',
    'msgtype' => 'event',
    'event' => 'VIEW',
    'eventkey' => 'http://www.boyufengmao.com/app/index.php?i=6&c=entry&m=ewei_shopv2&do=mobile&r=diypage&id=35',
    'menuid' => '445219801',
    'from' => 'o5V8y1eUS6yEuz6vIa9Wxl7zna-g',
    'to' => 'gh_f9b894563ef4',
    'time' => '1568691525',
    'type' => 'text',
    'content' => 'http://www.boyufengmao.com/app/index.php?i=6&c=entry&m=ewei_shopv2&do=mobile&r=diypage&id=35',
    'redirection' => true,
    'source' => 'VIEW',
  ),
)

2019-09-17 11:38:45 response :
------------

2019-09-17 11:38:52 trace :
------------
String:
<xml><ToUserName><![CDATA[gh_f9b894563ef4]]></ToUserName>
<FromUserName><![CDATA[o5V8y1eUS6yEuz6vIa9Wxl7zna-g]]></FromUserName>
<CreateTime>1568691532</CreateTime>
<MsgType><![CDATA[event]]></MsgType>
<Event><![CDATA[VIEW]]></Event>
<EventKey><![CDATA[http://www.boyufengmao.com/app/index.php?i=6&c=entry&m=ewei_shopv2&do=mobile&r=diypage&id=25]]></EventKey>
<MenuId>445219801</MenuId>
</xml>

2019-09-17 11:38:52 params :
------------
String:
array (
  'rule' => -2,
  'module' => '',
  'message' => 
  array (
    'tousername' => 'gh_f9b894563ef4',
    'fromusername' => 'o5V8y1eUS6yEuz6vIa9Wxl7zna-g',
    'createtime' => '1568691532',
    'msgtype' => 'event',
    'event' => 'VIEW',
    'eventkey' => 'http://www.boyufengmao.com/app/index.php?i=6&c=entry&m=ewei_shopv2&do=mobile&r=diypage&id=25',
    'menuid' => '445219801',
    'from' => 'o5V8y1eUS6yEuz6vIa9Wxl7zna-g',
    'to' => 'gh_f9b894563ef4',
    'time' => '1568691532',
    'type' => 'text',
    'content' => 'http://www.boyufengmao.com/app/index.php?i=6&c=entry&m=ewei_shopv2&do=mobile&r=diypage&id=25',
    'redirection' => true,
    'source' => 'VIEW',
  ),
)

2019-09-17 11:38:52 response :
------------

2019-09-17 11:39:06 trace :
------------
String:
<xml><ToUserName><![CDATA[gh_f9b894563ef4]]></ToUserName>
<FromUserName><![CDATA[o5V8y1eUS6yEuz6vIa9Wxl7zna-g]]></FromUserName>
<CreateTime>1568691546</CreateTime>
<MsgType><![CDATA[event]]></MsgType>
<Event><![CDATA[VIEW]]></Event>
<EventKey><![CDATA[http://www.boyufengmao.com/app/index.php?i=6&c=entry&m=ewei_shopv2&do=mobile&r=diypage&id=25]]></EventKey>
<MenuId>445219801</MenuId>
</xml>

2019-09-17 11:39:06 params :
------------
String:
array (
  'rule' => -2,
  'module' => '',
  'message' => 
  array (
    'tousername' => 'gh_f9b894563ef4',
    'fromusername' => 'o5V8y1eUS6yEuz6vIa9Wxl7zna-g',
    'createtime' => '1568691546',
    'msgtype' => 'event',
    'event' => 'VIEW',
    'eventkey' => 'http://www.boyufengmao.com/app/index.php?i=6&c=entry&m=ewei_shopv2&do=mobile&r=diypage&id=25',
    'menuid' => '445219801',
    'from' => 'o5V8y1eUS6yEuz6vIa9Wxl7zna-g',
    'to' => 'gh_f9b894563ef4',
    'time' => '1568691546',
    'type' => 'text',
    'content' => 'http://www.boyufengmao.com/app/index.php?i=6&c=entry&m=ewei_shopv2&do=mobile&r=diypage&id=25',
    'redirection' => true,
    'source' => 'VIEW',
  ),
)

2019-09-17 11:39:06 response :
------------

2019-09-17 11:39:30 trace :
------------
String:
<xml><ToUserName><![CDATA[gh_f9b894563ef4]]></ToUserName>
<FromUserName><![CDATA[o5V8y1eUS6yEuz6vIa9Wxl7zna-g]]></FromUserName>
<CreateTime>1568691570</CreateTime>
<MsgType><![CDATA[event]]></MsgType>
<Event><![CDATA[unsubscribe]]></Event>
<EventKey><![CDATA[]]></EventKey>
</xml>

2019-09-17 12:22:02 trace :
------------
String:
<xml><ToUserName><![CDATA[gh_f9b894563ef4]]></ToUserName>
<FromUserName><![CDATA[o5V8y1ZxczMIjifl52x4W8-M69MY]]></FromUserName>
<CreateTime>1568694122</CreateTime>
<MsgType><![CDATA[event]]></MsgType>
<Event><![CDATA[VIEW]]></Event>
<EventKey><![CDATA[http://www.boyufengmao.com/app/index.php?i=6&c=entry&m=ewei_shopv2&do=mobile&r=diypage&id=35]]></EventKey>
<MenuId>445219801</MenuId>
</xml>

2019-09-17 12:22:02 params :
------------
String:
array (
  'rule' => -2,
  'module' => '',
  'message' => 
  array (
    'tousername' => 'gh_f9b894563ef4',
    'fromusername' => 'o5V8y1ZxczMIjifl52x4W8-M69MY',
    'createtime' => '1568694122',
    'msgtype' => 'event',
    'event' => 'VIEW',
    'eventkey' => 'http://www.boyufengmao.com/app/index.php?i=6&c=entry&m=ewei_shopv2&do=mobile&r=diypage&id=35',
    'menuid' => '445219801',
    'from' => 'o5V8y1ZxczMIjifl52x4W8-M69MY',
    'to' => 'gh_f9b894563ef4',
    'time' => '1568694122',
    'type' => 'text',
    'content' => 'http://www.boyufengmao.com/app/index.php?i=6&c=entry&m=ewei_shopv2&do=mobile&r=diypage&id=35',
    'redirection' => true,
    'source' => 'VIEW',
  ),
)

2019-09-17 12:22:02 response :
------------

2019-09-17 13:05:02 trace :
------------
String:
<xml><ToUserName><![CDATA[gh_f9b894563ef4]]></ToUserName>
<FromUserName><![CDATA[o5V8y1SdGwUZQufY1vAj_YxXzDB0]]></FromUserName>
<CreateTime>1568696701</CreateTime>
<MsgType><![CDATA[event]]></MsgType>
<Event><![CDATA[VIEW]]></Event>
<EventKey><![CDATA[http://www.boyufengmao.com/app/index.php?i=6&c=entry&m=ewei_shopv2&do=mobile&r=diypage&id=35]]></EventKey>
<MenuId>445219801</MenuId>
</xml>

2019-09-17 13:05:02 params :
------------
String:
array (
  'rule' => -2,
  'module' => '',
  'message' => 
  array (
    'tousername' => 'gh_f9b894563ef4',
    'fromusername' => 'o5V8y1SdGwUZQufY1vAj_YxXzDB0',
    'createtime' => '1568696701',
    'msgtype' => 'event',
    'event' => 'VIEW',
    'eventkey' => 'http://www.boyufengmao.com/app/index.php?i=6&c=entry&m=ewei_shopv2&do=mobile&r=diypage&id=35',
    'menuid' => '445219801',
    'from' => 'o5V8y1SdGwUZQufY1vAj_YxXzDB0',
    'to' => 'gh_f9b894563ef4',
    'time' => '1568696701',
    'type' => 'text',
    'content' => 'http://www.boyufengmao.com/app/index.php?i=6&c=entry&m=ewei_shopv2&do=mobile&r=diypage&id=35',
    'redirection' => true,
    'source' => 'VIEW',
  ),
)

2019-09-17 13:05:02 response :
------------

2019-09-17 13:07:30 trace :
------------
String:
<xml><ToUserName><![CDATA[gh_f9b894563ef4]]></ToUserName>
<FromUserName><![CDATA[o5V8y1ZG_rLcNCcPjbotsapjnTx8]]></FromUserName>
<CreateTime>1568696850</CreateTime>
<MsgType><![CDATA[event]]></MsgType>
<Event><![CDATA[subscribe]]></Event>
<EventKey><![CDATA[qrscene_business:5864a01773794135a05fba69901b7199]]></EventKey>
<Ticket><![CDATA[gQGj8DwAAAAAAAAAAS5odHRwOi8vd2VpeGluLnFxLmNvbS9xLzAyZ3RQMXQ5QnZjT2wxMDAwMHcwN2oAAgQPhH9cAwQAAAAA]]></Ticket>
</xml>

2019-09-17 13:07:30 params :
------------
String:
array (
  'rule' => -2,
  'module' => '',
  'message' => 
  array (
    'tousername' => 'gh_f9b894563ef4',
    'fromusername' => 'o5V8y1ZG_rLcNCcPjbotsapjnTx8',
    'createtime' => '1568696850',
    'msgtype' => 'event',
    'event' => 'subscribe',
    'eventkey' => 'qrscene_business:5864a01773794135a05fba69901b7199',
    'ticket' => 'gQGj8DwAAAAAAAAAAS5odHRwOi8vd2VpeGluLnFxLmNvbS9xLzAyZ3RQMXQ5QnZjT2wxMDAwMHcwN2oAAgQPhH9cAwQAAAAA',
    'from' => 'o5V8y1ZG_rLcNCcPjbotsapjnTx8',
    'to' => 'gh_f9b894563ef4',
    'time' => '1568696850',
    'type' => 'text',
    'scene' => 'business:5864a01773794135a05fba69901b7199',
    'redirection' => true,
    'source' => 'subscribe',
  ),
)

2019-09-17 13:07:30 response :
------------

2019-09-17 13:07:33 trace :
------------
String:
<xml><ToUserName><![CDATA[gh_f9b894563ef4]]></ToUserName>
<FromUserName><![CDATA[o5V8y1ZG_rLcNCcPjbotsapjnTx8]]></FromUserName>
<CreateTime>1568696853</CreateTime>
<MsgType><![CDATA[event]]></MsgType>
<Event><![CDATA[VIEW]]></Event>
<EventKey><![CDATA[http://www.boyufengmao.com/app/index.php?i=6&c=entry&m=ewei_shopv2&do=mobile&r=diypage&id=35]]></EventKey>
<MenuId>445219801</MenuId>
</xml>

2019-09-17 13:07:33 params :
------------
String:
array (
  'rule' => -2,
  'module' => '',
  'message' => 
  array (
    'tousername' => 'gh_f9b894563ef4',
    'fromusername' => 'o5V8y1ZG_rLcNCcPjbotsapjnTx8',
    'createtime' => '1568696853',
    'msgtype' => 'event',
    'event' => 'VIEW',
    'eventkey' => 'http://www.boyufengmao.com/app/index.php?i=6&c=entry&m=ewei_shopv2&do=mobile&r=diypage&id=35',
    'menuid' => '445219801',
    'from' => 'o5V8y1ZG_rLcNCcPjbotsapjnTx8',
    'to' => 'gh_f9b894563ef4',
    'time' => '1568696853',
    'type' => 'text',
    'content' => 'http://www.boyufengmao.com/app/index.php?i=6&c=entry&m=ewei_shopv2&do=mobile&r=diypage&id=35',
    'redirection' => true,
    'source' => 'VIEW',
  ),
)

2019-09-17 13:07:33 response :
------------

2019-09-17 13:08:15 trace :
------------
String:
<xml><ToUserName><![CDATA[gh_f9b894563ef4]]></ToUserName>
<FromUserName><![CDATA[o5V8y1ZG_rLcNCcPjbotsapjnTx8]]></FromUserName>
<CreateTime>1568696895</CreateTime>
<MsgType><![CDATA[event]]></MsgType>
<Event><![CDATA[VIEW]]></Event>
<EventKey><![CDATA[http://www.boyufengmao.com/app/index.php?i=6&c=entry&m=ewei_shopv2&do=mobile&r=diypage&id=35]]></EventKey>
<MenuId>445219801</MenuId>
</xml>

2019-09-17 13:08:15 params :
------------
String:
array (
  'rule' => -2,
  'module' => '',
  'message' => 
  array (
    'tousername' => 'gh_f9b894563ef4',
    'fromusername' => 'o5V8y1ZG_rLcNCcPjbotsapjnTx8',
    'createtime' => '1568696895',
    'msgtype' => 'event',
    'event' => 'VIEW',
    'eventkey' => 'http://www.boyufengmao.com/app/index.php?i=6&c=entry&m=ewei_shopv2&do=mobile&r=diypage&id=35',
    'menuid' => '445219801',
    'from' => 'o5V8y1ZG_rLcNCcPjbotsapjnTx8',
    'to' => 'gh_f9b894563ef4',
    'time' => '1568696895',
    'type' => 'text',
    'content' => 'http://www.boyufengmao.com/app/index.php?i=6&c=entry&m=ewei_shopv2&do=mobile&r=diypage&id=35',
    'redirection' => true,
    'source' => 'VIEW',
  ),
)

2019-09-17 13:08:15 response :
------------

2019-09-17 14:18:44 trace :
------------
String:
<xml><ToUserName><![CDATA[gh_f9b894563ef4]]></ToUserName>
<FromUserName><![CDATA[o5V8y1cyPk9S-JX6p3ZyoDXB7L_E]]></FromUserName>
<CreateTime>1568701124</CreateTime>
<MsgType><![CDATA[event]]></MsgType>
<Event><![CDATA[SCAN]]></Event>
<EventKey><![CDATA[business:5864a01773794135a05fba69901b7199]]></EventKey>
<Ticket><![CDATA[gQGj8DwAAAAAAAAAAS5odHRwOi8vd2VpeGluLnFxLmNvbS9xLzAyZ3RQMXQ5QnZjT2wxMDAwMHcwN2oAAgQPhH9cAwQAAAAA]]></Ticket>
</xml>

2019-09-17 14:18:44 params :
------------
String:
array (
  'rule' => -2,
  'module' => '',
  'message' => 
  array (
    'tousername' => 'gh_f9b894563ef4',
    'fromusername' => 'o5V8y1cyPk9S-JX6p3ZyoDXB7L_E',
    'createtime' => '1568701124',
    'msgtype' => 'event',
    'event' => 'SCAN',
    'eventkey' => 'business:5864a01773794135a05fba69901b7199',
    'ticket' => 'gQGj8DwAAAAAAAAAAS5odHRwOi8vd2VpeGluLnFxLmNvbS9xLzAyZ3RQMXQ5QnZjT2wxMDAwMHcwN2oAAgQPhH9cAwQAAAAA',
    'from' => 'o5V8y1cyPk9S-JX6p3ZyoDXB7L_E',
    'to' => 'gh_f9b894563ef4',
    'time' => '1568701124',
    'type' => 'text',
    'scene' => 'business:5864a01773794135a05fba69901b7199',
    'redirection' => true,
    'source' => 'qr',
  ),
)

2019-09-17 14:18:44 response :
------------

2019-09-17 14:18:50 trace :
------------
String:
<xml><ToUserName><![CDATA[gh_f9b894563ef4]]></ToUserName>
<FromUserName><![CDATA[o5V8y1cyPk9S-JX6p3ZyoDXB7L_E]]></FromUserName>
<CreateTime>1568701130</CreateTime>
<MsgType><![CDATA[event]]></MsgType>
<Event><![CDATA[VIEW]]></Event>
<EventKey><![CDATA[http://www.boyufengmao.com/app/index.php?i=6&c=entry&m=ewei_shopv2&do=mobile&r=diypage&id=35]]></EventKey>
<MenuId>445219801</MenuId>
</xml>

2019-09-17 14:18:50 params :
------------
String:
array (
  'rule' => -2,
  'module' => '',
  'message' => 
  array (
    'tousername' => 'gh_f9b894563ef4',
    'fromusername' => 'o5V8y1cyPk9S-JX6p3ZyoDXB7L_E',
    'createtime' => '1568701130',
    'msgtype' => 'event',
    'event' => 'VIEW',
    'eventkey' => 'http://www.boyufengmao.com/app/index.php?i=6&c=entry&m=ewei_shopv2&do=mobile&r=diypage&id=35',
    'menuid' => '445219801',
    'from' => 'o5V8y1cyPk9S-JX6p3ZyoDXB7L_E',
    'to' => 'gh_f9b894563ef4',
    'time' => '1568701130',
    'type' => 'text',
    'content' => 'http://www.boyufengmao.com/app/index.php?i=6&c=entry&m=ewei_shopv2&do=mobile&r=diypage&id=35',
    'redirection' => true,
    'source' => 'VIEW',
  ),
)

2019-09-17 14:18:50 response :
------------

2019-09-17 17:13:08 trace :
------------
String:
<xml><ToUserName><![CDATA[gh_f9b894563ef4]]></ToUserName>
<FromUserName><![CDATA[o5V8y1aZ_R0sSEnPbKHhPR3p5JWU]]></FromUserName>
<CreateTime>1568711588</CreateTime>
<MsgType><![CDATA[event]]></MsgType>
<Event><![CDATA[VIEW]]></Event>
<EventKey><![CDATA[http://www.boyufengmao.com/app/index.php?i=6&c=entry&m=ewei_shopv2&do=mobile&r=diypage&id=35]]></EventKey>
<MenuId>445219801</MenuId>
</xml>

2019-09-17 17:13:08 params :
------------
String:
array (
  'rule' => -2,
  'module' => '',
  'message' => 
  array (
    'tousername' => 'gh_f9b894563ef4',
    'fromusername' => 'o5V8y1aZ_R0sSEnPbKHhPR3p5JWU',
    'createtime' => '1568711588',
    'msgtype' => 'event',
    'event' => 'VIEW',
    'eventkey' => 'http://www.boyufengmao.com/app/index.php?i=6&c=entry&m=ewei_shopv2&do=mobile&r=diypage&id=35',
    'menuid' => '445219801',
    'from' => 'o5V8y1aZ_R0sSEnPbKHhPR3p5JWU',
    'to' => 'gh_f9b894563ef4',
    'time' => '1568711588',
    'type' => 'text',
    'content' => 'http://www.boyufengmao.com/app/index.php?i=6&c=entry&m=ewei_shopv2&do=mobile&r=diypage&id=35',
    'redirection' => true,
    'source' => 'VIEW',
  ),
)

2019-09-17 17:13:08 response :
------------

2019-09-17 17:49:22 trace :
------------
String:
<xml><ToUserName><![CDATA[gh_f9b894563ef4]]></ToUserName>
<FromUserName><![CDATA[o5V8y1bhBN6hItE4P-u0NJ5BrC4U]]></FromUserName>
<CreateTime>1568713762</CreateTime>
<MsgType><![CDATA[event]]></MsgType>
<Event><![CDATA[VIEW]]></Event>
<EventKey><![CDATA[http://www.boyufengmao.com/app/index.php?i=6&c=entry&m=ewei_shopv2&do=mobile&r=diypage&id=35]]></EventKey>
<MenuId>445219801</MenuId>
</xml>

2019-09-17 17:49:22 params :
------------
String:
array (
  'rule' => -2,
  'module' => '',
  'message' => 
  array (
    'tousername' => 'gh_f9b894563ef4',
    'fromusername' => 'o5V8y1bhBN6hItE4P-u0NJ5BrC4U',
    'createtime' => '1568713762',
    'msgtype' => 'event',
    'event' => 'VIEW',
    'eventkey' => 'http://www.boyufengmao.com/app/index.php?i=6&c=entry&m=ewei_shopv2&do=mobile&r=diypage&id=35',
    'menuid' => '445219801',
    'from' => 'o5V8y1bhBN6hItE4P-u0NJ5BrC4U',
    'to' => 'gh_f9b894563ef4',
    'time' => '1568713762',
    'type' => 'text',
    'content' => 'http://www.boyufengmao.com/app/index.php?i=6&c=entry&m=ewei_shopv2&do=mobile&r=diypage&id=35',
    'redirection' => true,
    'source' => 'VIEW',
  ),
)

2019-09-17 17:49:22 response :
------------

2019-09-17 18:23:30 trace :
------------
String:
<xml><ToUserName><![CDATA[gh_f9b894563ef4]]></ToUserName>
<FromUserName><![CDATA[o5V8y1RpPdOdaTWC7KveRgUMmzrs]]></FromUserName>
<CreateTime>1568715810</CreateTime>
<MsgType><![CDATA[event]]></MsgType>
<Event><![CDATA[VIEW]]></Event>
<EventKey><![CDATA[http://www.boyufengmao.com/app/index.php?i=6&c=entry&m=ewei_shopv2&do=mobile&r=diypage&id=35]]></EventKey>
<MenuId>445219801</MenuId>
</xml>

2019-09-17 18:23:30 params :
------------
String:
array (
  'rule' => -2,
  'module' => '',
  'message' => 
  array (
    'tousername' => 'gh_f9b894563ef4',
    'fromusername' => 'o5V8y1RpPdOdaTWC7KveRgUMmzrs',
    'createtime' => '1568715810',
    'msgtype' => 'event',
    'event' => 'VIEW',
    'eventkey' => 'http://www.boyufengmao.com/app/index.php?i=6&c=entry&m=ewei_shopv2&do=mobile&r=diypage&id=35',
    'menuid' => '445219801',
    'from' => 'o5V8y1RpPdOdaTWC7KveRgUMmzrs',
    'to' => 'gh_f9b894563ef4',
    'time' => '1568715810',
    'type' => 'text',
    'content' => 'http://www.boyufengmao.com/app/index.php?i=6&c=entry&m=ewei_shopv2&do=mobile&r=diypage&id=35',
    'redirection' => true,
    'source' => 'VIEW',
  ),
)

2019-09-17 18:23:30 response :
------------

2019-09-17 18:49:32 trace :
------------
String:
<xml><ToUserName><![CDATA[gh_f9b894563ef4]]></ToUserName>
<FromUserName><![CDATA[o5V8y1WbhQFkv9j_mfmMtaK68Kqo]]></FromUserName>
<CreateTime>1568717372</CreateTime>
<MsgType><![CDATA[event]]></MsgType>
<Event><![CDATA[subscribe]]></Event>
<EventKey><![CDATA[qrscene_business:5864a01773794135a05fba69901b7199]]></EventKey>
<Ticket><![CDATA[gQGj8DwAAAAAAAAAAS5odHRwOi8vd2VpeGluLnFxLmNvbS9xLzAyZ3RQMXQ5QnZjT2wxMDAwMHcwN2oAAgQPhH9cAwQAAAAA]]></Ticket>
</xml>

2019-09-17 18:49:32 params :
------------
String:
array (
  'rule' => -2,
  'module' => '',
  'message' => 
  array (
    'tousername' => 'gh_f9b894563ef4',
    'fromusername' => 'o5V8y1WbhQFkv9j_mfmMtaK68Kqo',
    'createtime' => '1568717372',
    'msgtype' => 'event',
    'event' => 'subscribe',
    'eventkey' => 'qrscene_business:5864a01773794135a05fba69901b7199',
    'ticket' => 'gQGj8DwAAAAAAAAAAS5odHRwOi8vd2VpeGluLnFxLmNvbS9xLzAyZ3RQMXQ5QnZjT2wxMDAwMHcwN2oAAgQPhH9cAwQAAAAA',
    'from' => 'o5V8y1WbhQFkv9j_mfmMtaK68Kqo',
    'to' => 'gh_f9b894563ef4',
    'time' => '1568717372',
    'type' => 'text',
    'scene' => 'business:5864a01773794135a05fba69901b7199',
    'redirection' => true,
    'source' => 'subscribe',
  ),
)

2019-09-17 18:49:32 response :
------------

2019-09-17 18:49:35 trace :
------------
String:
<xml><ToUserName><![CDATA[gh_f9b894563ef4]]></ToUserName>
<FromUserName><![CDATA[o5V8y1WbhQFkv9j_mfmMtaK68Kqo]]></FromUserName>
<CreateTime>1568717375</CreateTime>
<MsgType><![CDATA[event]]></MsgType>
<Event><![CDATA[VIEW]]></Event>
<EventKey><![CDATA[http://www.boyufengmao.com/app/index.php?i=6&c=entry&m=ewei_shopv2&do=mobile&r=diypage&id=25]]></EventKey>
<MenuId>445219801</MenuId>
</xml>

2019-09-17 18:49:35 params :
------------
String:
array (
  'rule' => -2,
  'module' => '',
  'message' => 
  array (
    'tousername' => 'gh_f9b894563ef4',
    'fromusername' => 'o5V8y1WbhQFkv9j_mfmMtaK68Kqo',
    'createtime' => '1568717375',
    'msgtype' => 'event',
    'event' => 'VIEW',
    'eventkey' => 'http://www.boyufengmao.com/app/index.php?i=6&c=entry&m=ewei_shopv2&do=mobile&r=diypage&id=25',
    'menuid' => '445219801',
    'from' => 'o5V8y1WbhQFkv9j_mfmMtaK68Kqo',
    'to' => 'gh_f9b894563ef4',
    'time' => '1568717375',
    'type' => 'text',
    'content' => 'http://www.boyufengmao.com/app/index.php?i=6&c=entry&m=ewei_shopv2&do=mobile&r=diypage&id=25',
    'redirection' => true,
    'source' => 'VIEW',
  ),
)

2019-09-17 18:49:35 response :
------------

2019-09-17 18:49:40 trace :
------------
String:
<xml><ToUserName><![CDATA[gh_f9b894563ef4]]></ToUserName>
<FromUserName><![CDATA[o5V8y1WbhQFkv9j_mfmMtaK68Kqo]]></FromUserName>
<CreateTime>1568717380</CreateTime>
<MsgType><![CDATA[event]]></MsgType>
<Event><![CDATA[VIEW]]></Event>
<EventKey><![CDATA[http://www.boyufengmao.com/app/index.php?i=6&c=entry&m=ewei_shopv2&do=mobile&r=diypage&id=35]]></EventKey>
<MenuId>445219801</MenuId>
</xml>

2019-09-17 18:49:40 params :
------------
String:
array (
  'rule' => -2,
  'module' => '',
  'message' => 
  array (
    'tousername' => 'gh_f9b894563ef4',
    'fromusername' => 'o5V8y1WbhQFkv9j_mfmMtaK68Kqo',
    'createtime' => '1568717380',
    'msgtype' => 'event',
    'event' => 'VIEW',
    'eventkey' => 'http://www.boyufengmao.com/app/index.php?i=6&c=entry&m=ewei_shopv2&do=mobile&r=diypage&id=35',
    'menuid' => '445219801',
    'from' => 'o5V8y1WbhQFkv9j_mfmMtaK68Kqo',
    'to' => 'gh_f9b894563ef4',
    'time' => '1568717380',
    'type' => 'text',
    'content' => 'http://www.boyufengmao.com/app/index.php?i=6&c=entry&m=ewei_shopv2&do=mobile&r=diypage&id=35',
    'redirection' => true,
    'source' => 'VIEW',
  ),
)

2019-09-17 18:49:40 response :
------------

2019-09-17 18:49:56 trace :
------------
String:
<xml><ToUserName><![CDATA[gh_f9b894563ef4]]></ToUserName>
<FromUserName><![CDATA[o5V8y1WbhQFkv9j_mfmMtaK68Kqo]]></FromUserName>
<CreateTime>1568717396</CreateTime>
<MsgType><![CDATA[event]]></MsgType>
<Event><![CDATA[VIEW]]></Event>
<EventKey><![CDATA[http://www.boyufengmao.com/app/index.php?i=6&c=entry&m=ewei_shopv2&do=mobile&r=diypage&id=35]]></EventKey>
<MenuId>445219801</MenuId>
</xml>

2019-09-17 18:49:56 params :
------------
String:
array (
  'rule' => -2,
  'module' => '',
  'message' => 
  array (
    'tousername' => 'gh_f9b894563ef4',
    'fromusername' => 'o5V8y1WbhQFkv9j_mfmMtaK68Kqo',
    'createtime' => '1568717396',
    'msgtype' => 'event',
    'event' => 'VIEW',
    'eventkey' => 'http://www.boyufengmao.com/app/index.php?i=6&c=entry&m=ewei_shopv2&do=mobile&r=diypage&id=35',
    'menuid' => '445219801',
    'from' => 'o5V8y1WbhQFkv9j_mfmMtaK68Kqo',
    'to' => 'gh_f9b894563ef4',
    'time' => '1568717396',
    'type' => 'text',
    'content' => 'http://www.boyufengmao.com/app/index.php?i=6&c=entry&m=ewei_shopv2&do=mobile&r=diypage&id=35',
    'redirection' => true,
    'source' => 'VIEW',
  ),
)

2019-09-17 18:49:56 response :
------------

2019-09-17 18:58:41 trace :
------------
String:
<xml><ToUserName><![CDATA[gh_f9b894563ef4]]></ToUserName>
<FromUserName><![CDATA[o5V8y1V0BJ9HCd5dsBQl1CR4p4LI]]></FromUserName>
<CreateTime>1568717921</CreateTime>
<MsgType><![CDATA[event]]></MsgType>
<Event><![CDATA[subscribe]]></Event>
<EventKey><![CDATA[qrscene_business:5864a01773794135a05fba69901b7199]]></EventKey>
<Ticket><![CDATA[gQGj8DwAAAAAAAAAAS5odHRwOi8vd2VpeGluLnFxLmNvbS9xLzAyZ3RQMXQ5QnZjT2wxMDAwMHcwN2oAAgQPhH9cAwQAAAAA]]></Ticket>
</xml>

2019-09-17 18:58:41 params :
------------
String:
array (
  'rule' => -2,
  'module' => '',
  'message' => 
  array (
    'tousername' => 'gh_f9b894563ef4',
    'fromusername' => 'o5V8y1V0BJ9HCd5dsBQl1CR4p4LI',
    'createtime' => '1568717921',
    'msgtype' => 'event',
    'event' => 'subscribe',
    'eventkey' => 'qrscene_business:5864a01773794135a05fba69901b7199',
    'ticket' => 'gQGj8DwAAAAAAAAAAS5odHRwOi8vd2VpeGluLnFxLmNvbS9xLzAyZ3RQMXQ5QnZjT2wxMDAwMHcwN2oAAgQPhH9cAwQAAAAA',
    'from' => 'o5V8y1V0BJ9HCd5dsBQl1CR4p4LI',
    'to' => 'gh_f9b894563ef4',
    'time' => '1568717921',
    'type' => 'text',
    'scene' => 'business:5864a01773794135a05fba69901b7199',
    'redirection' => true,
    'source' => 'subscribe',
  ),
)

2019-09-17 18:58:41 response :
------------

2019-09-17 18:58:50 trace :
------------
String:
<xml><ToUserName><![CDATA[gh_f9b894563ef4]]></ToUserName>
<FromUserName><![CDATA[o5V8y1V0BJ9HCd5dsBQl1CR4p4LI]]></FromUserName>
<CreateTime>1568717930</CreateTime>
<MsgType><![CDATA[event]]></MsgType>
<Event><![CDATA[VIEW]]></Event>
<EventKey><![CDATA[http://www.boyufengmao.com/app/index.php?i=6&c=entry&m=ewei_shopv2&do=mobile&r=diypage&id=25]]></EventKey>
<MenuId>445219801</MenuId>
</xml>

2019-09-17 18:58:50 params :
------------
String:
array (
  'rule' => -2,
  'module' => '',
  'message' => 
  array (
    'tousername' => 'gh_f9b894563ef4',
    'fromusername' => 'o5V8y1V0BJ9HCd5dsBQl1CR4p4LI',
    'createtime' => '1568717930',
    'msgtype' => 'event',
    'event' => 'VIEW',
    'eventkey' => 'http://www.boyufengmao.com/app/index.php?i=6&c=entry&m=ewei_shopv2&do=mobile&r=diypage&id=25',
    'menuid' => '445219801',
    'from' => 'o5V8y1V0BJ9HCd5dsBQl1CR4p4LI',
    'to' => 'gh_f9b894563ef4',
    'time' => '1568717930',
    'type' => 'text',
    'content' => 'http://www.boyufengmao.com/app/index.php?i=6&c=entry&m=ewei_shopv2&do=mobile&r=diypage&id=25',
    'redirection' => true,
    'source' => 'VIEW',
  ),
)

2019-09-17 18:58:50 response :
------------

2019-09-17 19:02:30 trace :
------------
String:
<xml><ToUserName><![CDATA[gh_f9b894563ef4]]></ToUserName>
<FromUserName><![CDATA[o5V8y1XYC3FHcfekcLiaqpkL3zs0]]></FromUserName>
<CreateTime>1568718149</CreateTime>
<MsgType><![CDATA[event]]></MsgType>
<Event><![CDATA[CLICK]]></Event>
<EventKey><![CDATA[订餐电话]]></EventKey>
</xml>

2019-09-17 19:02:30 params :
------------
String:
array (
  'message' => 
  array (
    'tousername' => 'gh_f9b894563ef4',
    'fromusername' => 'o5V8y1XYC3FHcfekcLiaqpkL3zs0',
    'createtime' => '1568718149',
    'msgtype' => 'event',
    'event' => 'CLICK',
    'eventkey' => '订餐电话',
    'from' => 'o5V8y1XYC3FHcfekcLiaqpkL3zs0',
    'to' => 'gh_f9b894563ef4',
    'time' => '1568718149',
    'type' => 'text',
    'content' => '订餐电话',
    'redirection' => true,
    'source' => 'click',
  ),
  'module' => 'reply',
  'rule' => '19',
  'priority' => '0',
  'keyword' => 
  array (
    'id' => '27',
    'rid' => '19',
    'uniacid' => '6',
    'module' => 'reply',
    'content' => '订餐电话',
    'type' => '1',
    'displayorder' => '0',
    'status' => '1',
    'reply_type' => 
    array (
      0 => 'basic',
    ),
  ),
  'reply_type' => 
  array (
    0 => 'basic',
  ),
)

2019-09-17 19:02:30 response :
------------
Array:
FromUserName : gh_f9b894563ef4 ;
ToUserName : o5V8y1XYC3FHcfekcLiaqpkL3zs0 ;
MsgType : text ;
Content : 欢迎拨打电话：029-86357081 /  19909289055 订餐 ;

2019-09-17 19:25:07 trace :
------------
String:
<xml><ToUserName><![CDATA[gh_f9b894563ef4]]></ToUserName>
<FromUserName><![CDATA[o5V8y1XUY2TGQZMtlxob_Sklx4js]]></FromUserName>
<CreateTime>1568719507</CreateTime>
<MsgType><![CDATA[event]]></MsgType>
<Event><![CDATA[subscribe]]></Event>
<EventKey><![CDATA[qrscene_business:5864a01773794135a05fba69901b7199]]></EventKey>
<Ticket><![CDATA[gQGj8DwAAAAAAAAAAS5odHRwOi8vd2VpeGluLnFxLmNvbS9xLzAyZ3RQMXQ5QnZjT2wxMDAwMHcwN2oAAgQPhH9cAwQAAAAA]]></Ticket>
</xml>

2019-09-17 19:25:07 params :
------------
String:
array (
  'rule' => -2,
  'module' => '',
  'message' => 
  array (
    'tousername' => 'gh_f9b894563ef4',
    'fromusername' => 'o5V8y1XUY2TGQZMtlxob_Sklx4js',
    'createtime' => '1568719507',
    'msgtype' => 'event',
    'event' => 'subscribe',
    'eventkey' => 'qrscene_business:5864a01773794135a05fba69901b7199',
    'ticket' => 'gQGj8DwAAAAAAAAAAS5odHRwOi8vd2VpeGluLnFxLmNvbS9xLzAyZ3RQMXQ5QnZjT2wxMDAwMHcwN2oAAgQPhH9cAwQAAAAA',
    'from' => 'o5V8y1XUY2TGQZMtlxob_Sklx4js',
    'to' => 'gh_f9b894563ef4',
    'time' => '1568719507',
    'type' => 'text',
    'scene' => 'business:5864a01773794135a05fba69901b7199',
    'redirection' => true,
    'source' => 'subscribe',
  ),
)

2019-09-17 19:25:07 response :
------------

2019-09-17 19:25:10 trace :
------------
String:
<xml><ToUserName><![CDATA[gh_f9b894563ef4]]></ToUserName>
<FromUserName><![CDATA[o5V8y1XUY2TGQZMtlxob_Sklx4js]]></FromUserName>
<CreateTime>1568719510</CreateTime>
<MsgType><![CDATA[event]]></MsgType>
<Event><![CDATA[VIEW]]></Event>
<EventKey><![CDATA[http://www.boyufengmao.com/app/index.php?i=6&c=entry&m=ewei_shopv2&do=mobile&r=diypage&id=35]]></EventKey>
<MenuId>445219801</MenuId>
</xml>

2019-09-17 19:25:10 params :
------------
String:
array (
  'rule' => -2,
  'module' => '',
  'message' => 
  array (
    'tousername' => 'gh_f9b894563ef4',
    'fromusername' => 'o5V8y1XUY2TGQZMtlxob_Sklx4js',
    'createtime' => '1568719510',
    'msgtype' => 'event',
    'event' => 'VIEW',
    'eventkey' => 'http://www.boyufengmao.com/app/index.php?i=6&c=entry&m=ewei_shopv2&do=mobile&r=diypage&id=35',
    'menuid' => '445219801',
    'from' => 'o5V8y1XUY2TGQZMtlxob_Sklx4js',
    'to' => 'gh_f9b894563ef4',
    'time' => '1568719510',
    'type' => 'text',
    'content' => 'http://www.boyufengmao.com/app/index.php?i=6&c=entry&m=ewei_shopv2&do=mobile&r=diypage&id=35',
    'redirection' => true,
    'source' => 'VIEW',
  ),
)

2019-09-17 19:25:10 response :
------------

2019-09-17 19:25:32 trace :
------------
String:
<xml><ToUserName><![CDATA[gh_f9b894563ef4]]></ToUserName>
<FromUserName><![CDATA[o5V8y1XUY2TGQZMtlxob_Sklx4js]]></FromUserName>
<CreateTime>1568719532</CreateTime>
<MsgType><![CDATA[event]]></MsgType>
<Event><![CDATA[VIEW]]></Event>
<EventKey><![CDATA[http://www.boyufengmao.com/app/index.php?i=6&c=entry&m=ewei_shopv2&do=mobile&r=diypage&id=35]]></EventKey>
<MenuId>445219801</MenuId>
</xml>

2019-09-17 19:25:32 params :
------------
String:
array (
  'rule' => -2,
  'module' => '',
  'message' => 
  array (
    'tousername' => 'gh_f9b894563ef4',
    'fromusername' => 'o5V8y1XUY2TGQZMtlxob_Sklx4js',
    'createtime' => '1568719532',
    'msgtype' => 'event',
    'event' => 'VIEW',
    'eventkey' => 'http://www.boyufengmao.com/app/index.php?i=6&c=entry&m=ewei_shopv2&do=mobile&r=diypage&id=35',
    'menuid' => '445219801',
    'from' => 'o5V8y1XUY2TGQZMtlxob_Sklx4js',
    'to' => 'gh_f9b894563ef4',
    'time' => '1568719532',
    'type' => 'text',
    'content' => 'http://www.boyufengmao.com/app/index.php?i=6&c=entry&m=ewei_shopv2&do=mobile&r=diypage&id=35',
    'redirection' => true,
    'source' => 'VIEW',
  ),
)

2019-09-17 19:25:32 response :
------------

2019-09-17 19:27:06 trace :
------------
String:
<xml><ToUserName><![CDATA[gh_f9b894563ef4]]></ToUserName>
<FromUserName><![CDATA[o5V8y1S1qbdMIqoQkAPVQ6COq2OY]]></FromUserName>
<CreateTime>1568719626</CreateTime>
<MsgType><![CDATA[event]]></MsgType>
<Event><![CDATA[TEMPLATESENDJOBFINISH]]></Event>
<MsgID>991992413541498881</MsgID>
<Status><![CDATA[success]]></Status>
</xml>

2019-09-17 19:27:06 params :
------------
String:
array (
  'rule' => -2,
  'module' => '',
  'message' => 
  array (
    'tousername' => 'gh_f9b894563ef4',
    'fromusername' => 'o5V8y1S1qbdMIqoQkAPVQ6COq2OY',
    'createtime' => '1568719626',
    'msgtype' => 'event',
    'event' => 'TEMPLATESENDJOBFINISH',
    'msgid' => '991992413541498881',
    'status' => 'success',
    'from' => 'o5V8y1S1qbdMIqoQkAPVQ6COq2OY',
    'to' => 'gh_f9b894563ef4',
    'time' => '1568719626',
    'type' => 'event',
  ),
)

2019-09-17 19:27:06 response :
------------

2019-09-17 19:43:54 trace :
------------
String:
<xml><ToUserName><![CDATA[gh_f9b894563ef4]]></ToUserName>
<FromUserName><![CDATA[o5V8y1btw8Sp_2KDlp1zzv8jfS1Q]]></FromUserName>
<CreateTime>1568720634</CreateTime>
<MsgType><![CDATA[event]]></MsgType>
<Event><![CDATA[subscribe]]></Event>
<EventKey><![CDATA[qrscene_business:5864a01773794135a05fba69901b7199]]></EventKey>
<Ticket><![CDATA[gQGj8DwAAAAAAAAAAS5odHRwOi8vd2VpeGluLnFxLmNvbS9xLzAyZ3RQMXQ5QnZjT2wxMDAwMHcwN2oAAgQPhH9cAwQAAAAA]]></Ticket>
</xml>

2019-09-17 19:43:54 params :
------------
String:
array (
  'rule' => -2,
  'module' => '',
  'message' => 
  array (
    'tousername' => 'gh_f9b894563ef4',
    'fromusername' => 'o5V8y1btw8Sp_2KDlp1zzv8jfS1Q',
    'createtime' => '1568720634',
    'msgtype' => 'event',
    'event' => 'subscribe',
    'eventkey' => 'qrscene_business:5864a01773794135a05fba69901b7199',
    'ticket' => 'gQGj8DwAAAAAAAAAAS5odHRwOi8vd2VpeGluLnFxLmNvbS9xLzAyZ3RQMXQ5QnZjT2wxMDAwMHcwN2oAAgQPhH9cAwQAAAAA',
    'from' => 'o5V8y1btw8Sp_2KDlp1zzv8jfS1Q',
    'to' => 'gh_f9b894563ef4',
    'time' => '1568720634',
    'type' => 'text',
    'scene' => 'business:5864a01773794135a05fba69901b7199',
    'redirection' => true,
    'source' => 'subscribe',
  ),
)

2019-09-17 19:43:54 response :
------------

2019-09-17 19:43:59 trace :
------------
String:
<xml><ToUserName><![CDATA[gh_f9b894563ef4]]></ToUserName>
<FromUserName><![CDATA[o5V8y1btw8Sp_2KDlp1zzv8jfS1Q]]></FromUserName>
<CreateTime>1568720639</CreateTime>
<MsgType><![CDATA[event]]></MsgType>
<Event><![CDATA[VIEW]]></Event>
<EventKey><![CDATA[http://www.boyufengmao.com/app/index.php?i=6&c=entry&m=ewei_shopv2&do=mobile&r=diypage&id=35]]></EventKey>
<MenuId>445219801</MenuId>
</xml>

2019-09-17 19:43:59 params :
------------
String:
array (
  'rule' => -2,
  'module' => '',
  'message' => 
  array (
    'tousername' => 'gh_f9b894563ef4',
    'fromusername' => 'o5V8y1btw8Sp_2KDlp1zzv8jfS1Q',
    'createtime' => '1568720639',
    'msgtype' => 'event',
    'event' => 'VIEW',
    'eventkey' => 'http://www.boyufengmao.com/app/index.php?i=6&c=entry&m=ewei_shopv2&do=mobile&r=diypage&id=35',
    'menuid' => '445219801',
    'from' => 'o5V8y1btw8Sp_2KDlp1zzv8jfS1Q',
    'to' => 'gh_f9b894563ef4',
    'time' => '1568720639',
    'type' => 'text',
    'content' => 'http://www.boyufengmao.com/app/index.php?i=6&c=entry&m=ewei_shopv2&do=mobile&r=diypage&id=35',
    'redirection' => true,
    'source' => 'VIEW',
  ),
)

2019-09-17 19:43:59 response :
------------

2019-09-17 19:52:21 trace :
------------
String:
<xml><ToUserName><![CDATA[gh_f9b894563ef4]]></ToUserName>
<FromUserName><![CDATA[o5V8y1dMC2vUiZqYBlqIBZCdzlDw]]></FromUserName>
<CreateTime>1568721140</CreateTime>
<MsgType><![CDATA[event]]></MsgType>
<Event><![CDATA[VIEW]]></Event>
<EventKey><![CDATA[http://www.boyufengmao.com/app/index.php?i=6&c=entry&m=ewei_shopv2&do=mobile&r=diypage&id=35]]></EventKey>
<MenuId>445219801</MenuId>
</xml>

2019-09-17 19:52:21 params :
------------
String:
array (
  'rule' => -2,
  'module' => '',
  'message' => 
  array (
    'tousername' => 'gh_f9b894563ef4',
    'fromusername' => 'o5V8y1dMC2vUiZqYBlqIBZCdzlDw',
    'createtime' => '1568721140',
    'msgtype' => 'event',
    'event' => 'VIEW',
    'eventkey' => 'http://www.boyufengmao.com/app/index.php?i=6&c=entry&m=ewei_shopv2&do=mobile&r=diypage&id=35',
    'menuid' => '445219801',
    'from' => 'o5V8y1dMC2vUiZqYBlqIBZCdzlDw',
    'to' => 'gh_f9b894563ef4',
    'time' => '1568721140',
    'type' => 'text',
    'content' => 'http://www.boyufengmao.com/app/index.php?i=6&c=entry&m=ewei_shopv2&do=mobile&r=diypage&id=35',
    'redirection' => true,
    'source' => 'VIEW',
  ),
)

2019-09-17 19:52:21 response :
------------

2019-09-17 20:17:20 trace :
------------
String:
<xml><ToUserName><![CDATA[gh_f9b894563ef4]]></ToUserName>
<FromUserName><![CDATA[o5V8y1XGOsZ0nntyeP-_TG1fv4uo]]></FromUserName>
<CreateTime>1568722640</CreateTime>
<MsgType><![CDATA[event]]></MsgType>
<Event><![CDATA[subscribe]]></Event>
<EventKey><![CDATA[qrscene_business:5864a01773794135a05fba69901b7199]]></EventKey>
<Ticket><![CDATA[gQGj8DwAAAAAAAAAAS5odHRwOi8vd2VpeGluLnFxLmNvbS9xLzAyZ3RQMXQ5QnZjT2wxMDAwMHcwN2oAAgQPhH9cAwQAAAAA]]></Ticket>
</xml>

2019-09-17 20:17:20 params :
------------
String:
array (
  'rule' => -2,
  'module' => '',
  'message' => 
  array (
    'tousername' => 'gh_f9b894563ef4',
    'fromusername' => 'o5V8y1XGOsZ0nntyeP-_TG1fv4uo',
    'createtime' => '1568722640',
    'msgtype' => 'event',
    'event' => 'subscribe',
    'eventkey' => 'qrscene_business:5864a01773794135a05fba69901b7199',
    'ticket' => 'gQGj8DwAAAAAAAAAAS5odHRwOi8vd2VpeGluLnFxLmNvbS9xLzAyZ3RQMXQ5QnZjT2wxMDAwMHcwN2oAAgQPhH9cAwQAAAAA',
    'from' => 'o5V8y1XGOsZ0nntyeP-_TG1fv4uo',
    'to' => 'gh_f9b894563ef4',
    'time' => '1568722640',
    'type' => 'text',
    'scene' => 'business:5864a01773794135a05fba69901b7199',
    'redirection' => true,
    'source' => 'subscribe',
  ),
)

2019-09-17 20:17:20 response :
------------

2019-09-17 20:17:34 trace :
------------
String:
<xml><ToUserName><![CDATA[gh_f9b894563ef4]]></ToUserName>
<FromUserName><![CDATA[o5V8y1XGOsZ0nntyeP-_TG1fv4uo]]></FromUserName>
<CreateTime>1568722654</CreateTime>
<MsgType><![CDATA[event]]></MsgType>
<Event><![CDATA[VIEW]]></Event>
<EventKey><![CDATA[http://www.boyufengmao.com/app/index.php?i=6&c=entry&m=ewei_shopv2&do=mobile&r=diypage&id=35]]></EventKey>
<MenuId>445219801</MenuId>
</xml>

2019-09-17 20:17:34 params :
------------
String:
array (
  'rule' => -2,
  'module' => '',
  'message' => 
  array (
    'tousername' => 'gh_f9b894563ef4',
    'fromusername' => 'o5V8y1XGOsZ0nntyeP-_TG1fv4uo',
    'createtime' => '1568722654',
    'msgtype' => 'event',
    'event' => 'VIEW',
    'eventkey' => 'http://www.boyufengmao.com/app/index.php?i=6&c=entry&m=ewei_shopv2&do=mobile&r=diypage&id=35',
    'menuid' => '445219801',
    'from' => 'o5V8y1XGOsZ0nntyeP-_TG1fv4uo',
    'to' => 'gh_f9b894563ef4',
    'time' => '1568722654',
    'type' => 'text',
    'content' => 'http://www.boyufengmao.com/app/index.php?i=6&c=entry&m=ewei_shopv2&do=mobile&r=diypage&id=35',
    'redirection' => true,
    'source' => 'VIEW',
  ),
)

2019-09-17 20:17:34 response :
------------

2019-09-17 20:18:29 trace :
------------
String:
<xml><ToUserName><![CDATA[gh_7b3d37846b75]]></ToUserName>
<FromUserName><![CDATA[oZ5PY1Eg_8zInjNAnXqXO7IAihF4]]></FromUserName>
<CreateTime>1568722709</CreateTime>
<MsgType><![CDATA[event]]></MsgType>
<Event><![CDATA[VIEW]]></Event>
<EventKey><![CDATA[http://www.boyufengmao.com/app/index.php?i=7&c=entry&m=ewei_shopv2&do=mobile&r=member]]></EventKey>
<MenuId>516256345</MenuId>
</xml>

2019-09-17 20:18:29 params :
------------
String:
array (
  'rule' => -2,
  'module' => '',
  'message' => 
  array (
    'tousername' => 'gh_7b3d37846b75',
    'fromusername' => 'oZ5PY1Eg_8zInjNAnXqXO7IAihF4',
    'createtime' => '1568722709',
    'msgtype' => 'event',
    'event' => 'VIEW',
    'eventkey' => 'http://www.boyufengmao.com/app/index.php?i=7&c=entry&m=ewei_shopv2&do=mobile&r=member',
    'menuid' => '516256345',
    'from' => 'oZ5PY1Eg_8zInjNAnXqXO7IAihF4',
    'to' => 'gh_7b3d37846b75',
    'time' => '1568722709',
    'type' => 'text',
    'content' => 'http://www.boyufengmao.com/app/index.php?i=7&c=entry&m=ewei_shopv2&do=mobile&r=member',
    'redirection' => true,
    'source' => 'VIEW',
  ),
)

2019-09-17 20:18:29 response :
------------

2019-09-17 21:23:33 trace :
------------
String:
<xml><ToUserName><![CDATA[gh_f9b894563ef4]]></ToUserName>
<FromUserName><![CDATA[o5V8y1btw8Sp_2KDlp1zzv8jfS1Q]]></FromUserName>
<CreateTime>1568726613</CreateTime>
<MsgType><![CDATA[event]]></MsgType>
<Event><![CDATA[SCAN]]></Event>
<EventKey><![CDATA[business:5864a01773794135a05fba69901b7199]]></EventKey>
<Ticket><![CDATA[gQGj8DwAAAAAAAAAAS5odHRwOi8vd2VpeGluLnFxLmNvbS9xLzAyZ3RQMXQ5QnZjT2wxMDAwMHcwN2oAAgQPhH9cAwQAAAAA]]></Ticket>
</xml>

2019-09-17 21:23:33 params :
------------
String:
array (
  'rule' => -2,
  'module' => '',
  'message' => 
  array (
    'tousername' => 'gh_f9b894563ef4',
    'fromusername' => 'o5V8y1btw8Sp_2KDlp1zzv8jfS1Q',
    'createtime' => '1568726613',
    'msgtype' => 'event',
    'event' => 'SCAN',
    'eventkey' => 'business:5864a01773794135a05fba69901b7199',
    'ticket' => 'gQGj8DwAAAAAAAAAAS5odHRwOi8vd2VpeGluLnFxLmNvbS9xLzAyZ3RQMXQ5QnZjT2wxMDAwMHcwN2oAAgQPhH9cAwQAAAAA',
    'from' => 'o5V8y1btw8Sp_2KDlp1zzv8jfS1Q',
    'to' => 'gh_f9b894563ef4',
    'time' => '1568726613',
    'type' => 'text',
    'scene' => 'business:5864a01773794135a05fba69901b7199',
    'redirection' => true,
    'source' => 'qr',
  ),
)

2019-09-17 21:23:33 response :
------------

2019-09-17 21:23:41 trace :
------------
String:
<xml><ToUserName><![CDATA[gh_f9b894563ef4]]></ToUserName>
<FromUserName><![CDATA[o5V8y1btw8Sp_2KDlp1zzv8jfS1Q]]></FromUserName>
<CreateTime>1568726621</CreateTime>
<MsgType><![CDATA[event]]></MsgType>
<Event><![CDATA[VIEW]]></Event>
<EventKey><![CDATA[http://www.boyufengmao.com/app/index.php?i=6&c=entry&m=ewei_shopv2&do=mobile&r=diypage&id=35]]></EventKey>
<MenuId>445219801</MenuId>
</xml>

2019-09-17 21:23:41 params :
------------
String:
array (
  'rule' => -2,
  'module' => '',
  'message' => 
  array (
    'tousername' => 'gh_f9b894563ef4',
    'fromusername' => 'o5V8y1btw8Sp_2KDlp1zzv8jfS1Q',
    'createtime' => '1568726621',
    'msgtype' => 'event',
    'event' => 'VIEW',
    'eventkey' => 'http://www.boyufengmao.com/app/index.php?i=6&c=entry&m=ewei_shopv2&do=mobile&r=diypage&id=35',
    'menuid' => '445219801',
    'from' => 'o5V8y1btw8Sp_2KDlp1zzv8jfS1Q',
    'to' => 'gh_f9b894563ef4',
    'time' => '1568726621',
    'type' => 'text',
    'content' => 'http://www.boyufengmao.com/app/index.php?i=6&c=entry&m=ewei_shopv2&do=mobile&r=diypage&id=35',
    'redirection' => true,
    'source' => 'VIEW',
  ),
)

2019-09-17 21:23:41 response :
------------

2019-09-17 21:32:03 trace :
------------
String:
<xml><ToUserName><![CDATA[gh_f9b894563ef4]]></ToUserName>
<FromUserName><![CDATA[o5V8y1V0BJ9HCd5dsBQl1CR4p4LI]]></FromUserName>
<CreateTime>1568727123</CreateTime>
<MsgType><![CDATA[event]]></MsgType>
<Event><![CDATA[SCAN]]></Event>
<EventKey><![CDATA[business:5864a01773794135a05fba69901b7199]]></EventKey>
<Ticket><![CDATA[gQGj8DwAAAAAAAAAAS5odHRwOi8vd2VpeGluLnFxLmNvbS9xLzAyZ3RQMXQ5QnZjT2wxMDAwMHcwN2oAAgQPhH9cAwQAAAAA]]></Ticket>
</xml>

2019-09-17 21:32:03 params :
------------
String:
array (
  'rule' => -2,
  'module' => '',
  'message' => 
  array (
    'tousername' => 'gh_f9b894563ef4',
    'fromusername' => 'o5V8y1V0BJ9HCd5dsBQl1CR4p4LI',
    'createtime' => '1568727123',
    'msgtype' => 'event',
    'event' => 'SCAN',
    'eventkey' => 'business:5864a01773794135a05fba69901b7199',
    'ticket' => 'gQGj8DwAAAAAAAAAAS5odHRwOi8vd2VpeGluLnFxLmNvbS9xLzAyZ3RQMXQ5QnZjT2wxMDAwMHcwN2oAAgQPhH9cAwQAAAAA',
    'from' => 'o5V8y1V0BJ9HCd5dsBQl1CR4p4LI',
    'to' => 'gh_f9b894563ef4',
    'time' => '1568727123',
    'type' => 'text',
    'scene' => 'business:5864a01773794135a05fba69901b7199',
    'redirection' => true,
    'source' => 'qr',
  ),
)

2019-09-17 21:32:03 response :
------------

2019-09-17 21:32:10 trace :
------------
String:
<xml><ToUserName><![CDATA[gh_f9b894563ef4]]></ToUserName>
<FromUserName><![CDATA[o5V8y1V0BJ9HCd5dsBQl1CR4p4LI]]></FromUserName>
<CreateTime>1568727130</CreateTime>
<MsgType><![CDATA[event]]></MsgType>
<Event><![CDATA[VIEW]]></Event>
<EventKey><![CDATA[http://www.boyufengmao.com/app/index.php?i=6&c=entry&m=ewei_shopv2&do=mobile&r=diypage&id=35]]></EventKey>
<MenuId>445219801</MenuId>
</xml>

2019-09-17 21:32:10 params :
------------
String:
array (
  'rule' => -2,
  'module' => '',
  'message' => 
  array (
    'tousername' => 'gh_f9b894563ef4',
    'fromusername' => 'o5V8y1V0BJ9HCd5dsBQl1CR4p4LI',
    'createtime' => '1568727130',
    'msgtype' => 'event',
    'event' => 'VIEW',
    'eventkey' => 'http://www.boyufengmao.com/app/index.php?i=6&c=entry&m=ewei_shopv2&do=mobile&r=diypage&id=35',
    'menuid' => '445219801',
    'from' => 'o5V8y1V0BJ9HCd5dsBQl1CR4p4LI',
    'to' => 'gh_f9b894563ef4',
    'time' => '1568727130',
    'type' => 'text',
    'content' => 'http://www.boyufengmao.com/app/index.php?i=6&c=entry&m=ewei_shopv2&do=mobile&r=diypage&id=35',
    'redirection' => true,
    'source' => 'VIEW',
  ),
)

2019-09-17 21:32:10 response :
------------

2019-09-17 22:28:23 trace :
------------
String:
<xml><ToUserName><![CDATA[gh_f9b894563ef4]]></ToUserName>
<FromUserName><![CDATA[o5V8y1coK7pzi4REr-4v6ZmlDOLs]]></FromUserName>
<CreateTime>1568730503</CreateTime>
<MsgType><![CDATA[event]]></MsgType>
<Event><![CDATA[TEMPLATESENDJOBFINISH]]></Event>
<MsgID>992174890679746560</MsgID>
<Status><![CDATA[success]]></Status>
</xml>

2019-09-17 22:28:23 params :
------------
String:
array (
  'rule' => -2,
  'module' => '',
  'message' => 
  array (
    'tousername' => 'gh_f9b894563ef4',
    'fromusername' => 'o5V8y1coK7pzi4REr-4v6ZmlDOLs',
    'createtime' => '1568730503',
    'msgtype' => 'event',
    'event' => 'TEMPLATESENDJOBFINISH',
    'msgid' => '992174890679746560',
    'status' => 'success',
    'from' => 'o5V8y1coK7pzi4REr-4v6ZmlDOLs',
    'to' => 'gh_f9b894563ef4',
    'time' => '1568730503',
    'type' => 'event',
  ),
)

2019-09-17 22:28:23 response :
------------

2019-09-17 22:33:22 trace :
------------
String:
<xml><ToUserName><![CDATA[gh_f9b894563ef4]]></ToUserName>
<FromUserName><![CDATA[o5V8y1f7inkknXy6DLpj9QOJRW2I]]></FromUserName>
<CreateTime>1568730801</CreateTime>
<MsgType><![CDATA[event]]></MsgType>
<Event><![CDATA[TEMPLATESENDJOBFINISH]]></Event>
<MsgID>992179902990516224</MsgID>
<Status><![CDATA[success]]></Status>
</xml>

2019-09-17 22:33:22 params :
------------
String:
array (
  'rule' => -2,
  'module' => '',
  'message' => 
  array (
    'tousername' => 'gh_f9b894563ef4',
    'fromusername' => 'o5V8y1f7inkknXy6DLpj9QOJRW2I',
    'createtime' => '1568730801',
    'msgtype' => 'event',
    'event' => 'TEMPLATESENDJOBFINISH',
    'msgid' => '992179902990516224',
    'status' => 'success',
    'from' => 'o5V8y1f7inkknXy6DLpj9QOJRW2I',
    'to' => 'gh_f9b894563ef4',
    'time' => '1568730801',
    'type' => 'event',
  ),
)

2019-09-17 22:33:22 response :
------------

2019-09-17 22:35:17 trace :
------------
String:
<xml><ToUserName><![CDATA[gh_f9b894563ef4]]></ToUserName>
<FromUserName><![CDATA[o5V8y1SBSPmpQ22m6qigZAKU6B48]]></FromUserName>
<CreateTime>1568730917</CreateTime>
<MsgType><![CDATA[event]]></MsgType>
<Event><![CDATA[subscribe]]></Event>
<EventKey><![CDATA[qrscene_business:5864a01773794135a05fba69901b7199]]></EventKey>
<Ticket><![CDATA[gQGj8DwAAAAAAAAAAS5odHRwOi8vd2VpeGluLnFxLmNvbS9xLzAyZ3RQMXQ5QnZjT2wxMDAwMHcwN2oAAgQPhH9cAwQAAAAA]]></Ticket>
</xml>

2019-09-17 22:35:17 params :
------------
String:
array (
  'rule' => -2,
  'module' => '',
  'message' => 
  array (
    'tousername' => 'gh_f9b894563ef4',
    'fromusername' => 'o5V8y1SBSPmpQ22m6qigZAKU6B48',
    'createtime' => '1568730917',
    'msgtype' => 'event',
    'event' => 'subscribe',
    'eventkey' => 'qrscene_business:5864a01773794135a05fba69901b7199',
    'ticket' => 'gQGj8DwAAAAAAAAAAS5odHRwOi8vd2VpeGluLnFxLmNvbS9xLzAyZ3RQMXQ5QnZjT2wxMDAwMHcwN2oAAgQPhH9cAwQAAAAA',
    'from' => 'o5V8y1SBSPmpQ22m6qigZAKU6B48',
    'to' => 'gh_f9b894563ef4',
    'time' => '1568730917',
    'type' => 'text',
    'scene' => 'business:5864a01773794135a05fba69901b7199',
    'redirection' => true,
    'source' => 'subscribe',
  ),
)

2019-09-17 22:35:17 response :
------------

2019-09-17 22:35:22 trace :
------------
String:
<xml><ToUserName><![CDATA[gh_f9b894563ef4]]></ToUserName>
<FromUserName><![CDATA[o5V8y1SBSPmpQ22m6qigZAKU6B48]]></FromUserName>
<CreateTime>1568730922</CreateTime>
<MsgType><![CDATA[event]]></MsgType>
<Event><![CDATA[VIEW]]></Event>
<EventKey><![CDATA[http://www.boyufengmao.com/app/index.php?i=6&c=entry&m=ewei_shopv2&do=mobile&r=diypage&id=25]]></EventKey>
<MenuId>445219801</MenuId>
</xml>

2019-09-17 22:35:23 params :
------------
String:
array (
  'rule' => -2,
  'module' => '',
  'message' => 
  array (
    'tousername' => 'gh_f9b894563ef4',
    'fromusername' => 'o5V8y1SBSPmpQ22m6qigZAKU6B48',
    'createtime' => '1568730922',
    'msgtype' => 'event',
    'event' => 'VIEW',
    'eventkey' => 'http://www.boyufengmao.com/app/index.php?i=6&c=entry&m=ewei_shopv2&do=mobile&r=diypage&id=25',
    'menuid' => '445219801',
    'from' => 'o5V8y1SBSPmpQ22m6qigZAKU6B48',
    'to' => 'gh_f9b894563ef4',
    'time' => '1568730922',
    'type' => 'text',
    'content' => 'http://www.boyufengmao.com/app/index.php?i=6&c=entry&m=ewei_shopv2&do=mobile&r=diypage&id=25',
    'redirection' => true,
    'source' => 'VIEW',
  ),
)

2019-09-17 22:35:23 response :
------------

2019-09-17 22:35:30 trace :
------------
String:
<xml><ToUserName><![CDATA[gh_f9b894563ef4]]></ToUserName>
<FromUserName><![CDATA[o5V8y1SBSPmpQ22m6qigZAKU6B48]]></FromUserName>
<CreateTime>1568730930</CreateTime>
<MsgType><![CDATA[event]]></MsgType>
<Event><![CDATA[VIEW]]></Event>
<EventKey><![CDATA[http://www.boyufengmao.com/app/index.php?i=6&c=entry&m=ewei_shopv2&do=mobile&r=diypage&id=35]]></EventKey>
<MenuId>445219801</MenuId>
</xml>

2019-09-17 22:35:30 params :
------------
String:
array (
  'rule' => -2,
  'module' => '',
  'message' => 
  array (
    'tousername' => 'gh_f9b894563ef4',
    'fromusername' => 'o5V8y1SBSPmpQ22m6qigZAKU6B48',
    'createtime' => '1568730930',
    'msgtype' => 'event',
    'event' => 'VIEW',
    'eventkey' => 'http://www.boyufengmao.com/app/index.php?i=6&c=entry&m=ewei_shopv2&do=mobile&r=diypage&id=35',
    'menuid' => '445219801',
    'from' => 'o5V8y1SBSPmpQ22m6qigZAKU6B48',
    'to' => 'gh_f9b894563ef4',
    'time' => '1568730930',
    'type' => 'text',
    'content' => 'http://www.boyufengmao.com/app/index.php?i=6&c=entry&m=ewei_shopv2&do=mobile&r=diypage&id=35',
    'redirection' => true,
    'source' => 'VIEW',
  ),
)

2019-09-17 22:35:30 response :
------------

2019-09-17 23:05:28 trace :
------------
String:
<xml><ToUserName><![CDATA[gh_f9b894563ef4]]></ToUserName>
<FromUserName><![CDATA[o5V8y1ZelhaVhiuvzFJadjEoB3g4]]></FromUserName>
<CreateTime>1568732727</CreateTime>
<MsgType><![CDATA[event]]></MsgType>
<Event><![CDATA[SCAN]]></Event>
<EventKey><![CDATA[business:5864a01773794135a05fba69901b7199]]></EventKey>
<Ticket><![CDATA[gQGj8DwAAAAAAAAAAS5odHRwOi8vd2VpeGluLnFxLmNvbS9xLzAyZ3RQMXQ5QnZjT2wxMDAwMHcwN2oAAgQPhH9cAwQAAAAA]]></Ticket>
</xml>

2019-09-17 23:05:28 params :
------------
String:
array (
  'rule' => -2,
  'module' => '',
  'message' => 
  array (
    'tousername' => 'gh_f9b894563ef4',
    'fromusername' => 'o5V8y1ZelhaVhiuvzFJadjEoB3g4',
    'createtime' => '1568732727',
    'msgtype' => 'event',
    'event' => 'SCAN',
    'eventkey' => 'business:5864a01773794135a05fba69901b7199',
    'ticket' => 'gQGj8DwAAAAAAAAAAS5odHRwOi8vd2VpeGluLnFxLmNvbS9xLzAyZ3RQMXQ5QnZjT2wxMDAwMHcwN2oAAgQPhH9cAwQAAAAA',
    'from' => 'o5V8y1ZelhaVhiuvzFJadjEoB3g4',
    'to' => 'gh_f9b894563ef4',
    'time' => '1568732727',
    'type' => 'text',
    'scene' => 'business:5864a01773794135a05fba69901b7199',
    'redirection' => true,
    'source' => 'qr',
  ),
)

2019-09-17 23:05:28 response :
------------

2019-09-17 23:06:21 trace :
------------
String:
<xml><ToUserName><![CDATA[gh_f9b894563ef4]]></ToUserName>
<FromUserName><![CDATA[o5V8y1ZelhaVhiuvzFJadjEoB3g4]]></FromUserName>
<CreateTime>1568732781</CreateTime>
<MsgType><![CDATA[event]]></MsgType>
<Event><![CDATA[VIEW]]></Event>
<EventKey><![CDATA[http://www.boyufengmao.com/app/index.php?i=6&c=entry&m=ewei_shopv2&do=mobile&r=diypage&id=35]]></EventKey>
<MenuId>445219801</MenuId>
</xml>

2019-09-17 23:06:21 params :
------------
String:
array (
  'rule' => -2,
  'module' => '',
  'message' => 
  array (
    'tousername' => 'gh_f9b894563ef4',
    'fromusername' => 'o5V8y1ZelhaVhiuvzFJadjEoB3g4',
    'createtime' => '1568732781',
    'msgtype' => 'event',
    'event' => 'VIEW',
    'eventkey' => 'http://www.boyufengmao.com/app/index.php?i=6&c=entry&m=ewei_shopv2&do=mobile&r=diypage&id=35',
    'menuid' => '445219801',
    'from' => 'o5V8y1ZelhaVhiuvzFJadjEoB3g4',
    'to' => 'gh_f9b894563ef4',
    'time' => '1568732781',
    'type' => 'text',
    'content' => 'http://www.boyufengmao.com/app/index.php?i=6&c=entry&m=ewei_shopv2&do=mobile&r=diypage&id=35',
    'redirection' => true,
    'source' => 'VIEW',
  ),
)

2019-09-17 23:06:21 response :
------------

