2019-06-20 10:18:30 trace :
------------
String:
<xml><ToUserName><![CDATA[gh_c804ae748f89]]></ToUserName>
<FromUserName><![CDATA[o3lrB50Uq_2Lag6E8mlJajKLjUfg]]></FromUserName>
<CreateTime>1560997110</CreateTime>
<MsgType><![CDATA[event]]></MsgType>
<Event><![CDATA[VIEW]]></Event>
<EventKey><![CDATA[http://www.boyufengmao.com/app/index.php?i=2&c=entry&m=ewei_shopv2&do=mobile&r=diypage&id=19]]></EventKey>
<MenuId>444058172</MenuId>
</xml>

2019-06-20 10:18:30 params :
------------
String:
array (
  'rule' => -2,
  'module' => '',
  'message' => 
  array (
    'tousername' => 'gh_c804ae748f89',
    'fromusername' => 'o3lrB50Uq_2Lag6E8mlJajKLjUfg',
    'createtime' => '1560997110',
    'msgtype' => 'event',
    'event' => 'VIEW',
    'eventkey' => 'http://www.boyufengmao.com/app/index.php?i=2&c=entry&m=ewei_shopv2&do=mobile&r=diypage&id=19',
    'menuid' => '444058172',
    'from' => 'o3lrB50Uq_2Lag6E8mlJajKLjUfg',
    'to' => 'gh_c804ae748f89',
    'time' => '1560997110',
    'type' => 'text',
    'content' => 'http://www.boyufengmao.com/app/index.php?i=2&c=entry&m=ewei_shopv2&do=mobile&r=diypage&id=19',
    'redirection' => true,
    'source' => 'VIEW',
  ),
)

2019-06-20 10:18:30 response :
------------

2019-06-20 10:19:21 trace :
------------
String:
<xml><ToUserName><![CDATA[gh_c804ae748f89]]></ToUserName>
<FromUserName><![CDATA[o3lrB50Uq_2Lag6E8mlJajKLjUfg]]></FromUserName>
<CreateTime>1560997161</CreateTime>
<MsgType><![CDATA[event]]></MsgType>
<Event><![CDATA[VIEW]]></Event>
<EventKey><![CDATA[http://www.boyufengmao.com/app/index.php?i=2&c=entry&m=ewei_shopv2&do=mobile&r=diypage&id=19]]></EventKey>
<MenuId>444058172</MenuId>
</xml>

2019-06-20 10:19:21 params :
------------
String:
array (
  'rule' => -2,
  'module' => '',
  'message' => 
  array (
    'tousername' => 'gh_c804ae748f89',
    'fromusername' => 'o3lrB50Uq_2Lag6E8mlJajKLjUfg',
    'createtime' => '1560997161',
    'msgtype' => 'event',
    'event' => 'VIEW',
    'eventkey' => 'http://www.boyufengmao.com/app/index.php?i=2&c=entry&m=ewei_shopv2&do=mobile&r=diypage&id=19',
    'menuid' => '444058172',
    'from' => 'o3lrB50Uq_2Lag6E8mlJajKLjUfg',
    'to' => 'gh_c804ae748f89',
    'time' => '1560997161',
    'type' => 'text',
    'content' => 'http://www.boyufengmao.com/app/index.php?i=2&c=entry&m=ewei_shopv2&do=mobile&r=diypage&id=19',
    'redirection' => true,
    'source' => 'VIEW',
  ),
)

2019-06-20 10:19:21 response :
------------

2019-06-20 10:20:37 trace :
------------
String:
<xml><ToUserName><![CDATA[gh_c804ae748f89]]></ToUserName>
<FromUserName><![CDATA[o3lrB50Uq_2Lag6E8mlJajKLjUfg]]></FromUserName>
<CreateTime>1560997237</CreateTime>
<MsgType><![CDATA[event]]></MsgType>
<Event><![CDATA[VIEW]]></Event>
<EventKey><![CDATA[http://www.boyufengmao.com/app/index.php?i=2&c=entry&m=ewei_shopv2&do=mobile&r=diypage&id=19]]></EventKey>
<MenuId>444058172</MenuId>
</xml>

2019-06-20 10:20:38 params :
------------
String:
array (
  'rule' => -2,
  'module' => '',
  'message' => 
  array (
    'tousername' => 'gh_c804ae748f89',
    'fromusername' => 'o3lrB50Uq_2Lag6E8mlJajKLjUfg',
    'createtime' => '1560997237',
    'msgtype' => 'event',
    'event' => 'VIEW',
    'eventkey' => 'http://www.boyufengmao.com/app/index.php?i=2&c=entry&m=ewei_shopv2&do=mobile&r=diypage&id=19',
    'menuid' => '444058172',
    'from' => 'o3lrB50Uq_2Lag6E8mlJajKLjUfg',
    'to' => 'gh_c804ae748f89',
    'time' => '1560997237',
    'type' => 'text',
    'content' => 'http://www.boyufengmao.com/app/index.php?i=2&c=entry&m=ewei_shopv2&do=mobile&r=diypage&id=19',
    'redirection' => true,
    'source' => 'VIEW',
  ),
)

2019-06-20 10:20:38 response :
------------

2019-06-20 10:20:49 trace :
------------
String:
<xml><ToUserName><![CDATA[gh_c804ae748f89]]></ToUserName>
<FromUserName><![CDATA[o3lrB50Uq_2Lag6E8mlJajKLjUfg]]></FromUserName>
<CreateTime>1560997249</CreateTime>
<MsgType><![CDATA[event]]></MsgType>
<Event><![CDATA[VIEW]]></Event>
<EventKey><![CDATA[http://www.boyufengmao.com/app/index.php?i=2&c=entry&m=ewei_shopv2&do=mobile&r=diypage&id=19]]></EventKey>
<MenuId>444058172</MenuId>
</xml>

2019-06-20 10:20:49 params :
------------
String:
array (
  'rule' => -2,
  'module' => '',
  'message' => 
  array (
    'tousername' => 'gh_c804ae748f89',
    'fromusername' => 'o3lrB50Uq_2Lag6E8mlJajKLjUfg',
    'createtime' => '1560997249',
    'msgtype' => 'event',
    'event' => 'VIEW',
    'eventkey' => 'http://www.boyufengmao.com/app/index.php?i=2&c=entry&m=ewei_shopv2&do=mobile&r=diypage&id=19',
    'menuid' => '444058172',
    'from' => 'o3lrB50Uq_2Lag6E8mlJajKLjUfg',
    'to' => 'gh_c804ae748f89',
    'time' => '1560997249',
    'type' => 'text',
    'content' => 'http://www.boyufengmao.com/app/index.php?i=2&c=entry&m=ewei_shopv2&do=mobile&r=diypage&id=19',
    'redirection' => true,
    'source' => 'VIEW',
  ),
)

2019-06-20 10:20:49 response :
------------

2019-06-20 10:21:03 trace :
------------
String:
<xml><ToUserName><![CDATA[gh_c804ae748f89]]></ToUserName>
<FromUserName><![CDATA[o3lrB50Uq_2Lag6E8mlJajKLjUfg]]></FromUserName>
<CreateTime>1560997263</CreateTime>
<MsgType><![CDATA[event]]></MsgType>
<Event><![CDATA[VIEW]]></Event>
<EventKey><![CDATA[http://www.boyufengmao.com/app/index.php?i=2&c=entry&m=ewei_shopv2&do=mobile&r=diypage&id=19]]></EventKey>
<MenuId>444058172</MenuId>
</xml>

2019-06-20 10:21:03 params :
------------
String:
array (
  'rule' => -2,
  'module' => '',
  'message' => 
  array (
    'tousername' => 'gh_c804ae748f89',
    'fromusername' => 'o3lrB50Uq_2Lag6E8mlJajKLjUfg',
    'createtime' => '1560997263',
    'msgtype' => 'event',
    'event' => 'VIEW',
    'eventkey' => 'http://www.boyufengmao.com/app/index.php?i=2&c=entry&m=ewei_shopv2&do=mobile&r=diypage&id=19',
    'menuid' => '444058172',
    'from' => 'o3lrB50Uq_2Lag6E8mlJajKLjUfg',
    'to' => 'gh_c804ae748f89',
    'time' => '1560997263',
    'type' => 'text',
    'content' => 'http://www.boyufengmao.com/app/index.php?i=2&c=entry&m=ewei_shopv2&do=mobile&r=diypage&id=19',
    'redirection' => true,
    'source' => 'VIEW',
  ),
)

2019-06-20 10:21:03 response :
------------

2019-06-20 10:22:51 trace :
------------
String:
<xml><ToUserName><![CDATA[gh_c804ae748f89]]></ToUserName>
<FromUserName><![CDATA[o3lrB50Uq_2Lag6E8mlJajKLjUfg]]></FromUserName>
<CreateTime>1560997371</CreateTime>
<MsgType><![CDATA[event]]></MsgType>
<Event><![CDATA[VIEW]]></Event>
<EventKey><![CDATA[http://www.boyufengmao.com/app/index.php?i=2&c=entry&m=ewei_shopv2&do=mobile&r=diypage&id=19]]></EventKey>
<MenuId>444058172</MenuId>
</xml>

2019-06-20 10:22:51 params :
------------
String:
array (
  'rule' => -2,
  'module' => '',
  'message' => 
  array (
    'tousername' => 'gh_c804ae748f89',
    'fromusername' => 'o3lrB50Uq_2Lag6E8mlJajKLjUfg',
    'createtime' => '1560997371',
    'msgtype' => 'event',
    'event' => 'VIEW',
    'eventkey' => 'http://www.boyufengmao.com/app/index.php?i=2&c=entry&m=ewei_shopv2&do=mobile&r=diypage&id=19',
    'menuid' => '444058172',
    'from' => 'o3lrB50Uq_2Lag6E8mlJajKLjUfg',
    'to' => 'gh_c804ae748f89',
    'time' => '1560997371',
    'type' => 'text',
    'content' => 'http://www.boyufengmao.com/app/index.php?i=2&c=entry&m=ewei_shopv2&do=mobile&r=diypage&id=19',
    'redirection' => true,
    'source' => 'VIEW',
  ),
)

2019-06-20 10:22:51 response :
------------

2019-06-20 10:38:17 trace :
------------
String:
<xml><ToUserName><![CDATA[gh_c804ae748f89]]></ToUserName>
<FromUserName><![CDATA[o3lrB50Uq_2Lag6E8mlJajKLjUfg]]></FromUserName>
<CreateTime>1560998297</CreateTime>
<MsgType><![CDATA[event]]></MsgType>
<Event><![CDATA[VIEW]]></Event>
<EventKey><![CDATA[http://www.boyufengmao.com/app/index.php?i=2&c=entry&m=ewei_shopv2&do=mobile&r=diypage&id=19]]></EventKey>
<MenuId>444058172</MenuId>
</xml>

2019-06-20 10:38:17 params :
------------
String:
array (
  'rule' => -2,
  'module' => '',
  'message' => 
  array (
    'tousername' => 'gh_c804ae748f89',
    'fromusername' => 'o3lrB50Uq_2Lag6E8mlJajKLjUfg',
    'createtime' => '1560998297',
    'msgtype' => 'event',
    'event' => 'VIEW',
    'eventkey' => 'http://www.boyufengmao.com/app/index.php?i=2&c=entry&m=ewei_shopv2&do=mobile&r=diypage&id=19',
    'menuid' => '444058172',
    'from' => 'o3lrB50Uq_2Lag6E8mlJajKLjUfg',
    'to' => 'gh_c804ae748f89',
    'time' => '1560998297',
    'type' => 'text',
    'content' => 'http://www.boyufengmao.com/app/index.php?i=2&c=entry&m=ewei_shopv2&do=mobile&r=diypage&id=19',
    'redirection' => true,
    'source' => 'VIEW',
  ),
)

2019-06-20 10:38:17 response :
------------

2019-06-20 10:38:43 trace :
------------
String:
<xml><ToUserName><![CDATA[gh_c804ae748f89]]></ToUserName>
<FromUserName><![CDATA[o3lrB50Uq_2Lag6E8mlJajKLjUfg]]></FromUserName>
<CreateTime>1560998323</CreateTime>
<MsgType><![CDATA[event]]></MsgType>
<Event><![CDATA[VIEW]]></Event>
<EventKey><![CDATA[http://www.boyufengmao.com/app/index.php?i=2&c=entry&m=ewei_shopv2&do=mobile&r=diypage&id=19]]></EventKey>
<MenuId>444058172</MenuId>
</xml>

2019-06-20 10:38:43 params :
------------
String:
array (
  'rule' => -2,
  'module' => '',
  'message' => 
  array (
    'tousername' => 'gh_c804ae748f89',
    'fromusername' => 'o3lrB50Uq_2Lag6E8mlJajKLjUfg',
    'createtime' => '1560998323',
    'msgtype' => 'event',
    'event' => 'VIEW',
    'eventkey' => 'http://www.boyufengmao.com/app/index.php?i=2&c=entry&m=ewei_shopv2&do=mobile&r=diypage&id=19',
    'menuid' => '444058172',
    'from' => 'o3lrB50Uq_2Lag6E8mlJajKLjUfg',
    'to' => 'gh_c804ae748f89',
    'time' => '1560998323',
    'type' => 'text',
    'content' => 'http://www.boyufengmao.com/app/index.php?i=2&c=entry&m=ewei_shopv2&do=mobile&r=diypage&id=19',
    'redirection' => true,
    'source' => 'VIEW',
  ),
)

2019-06-20 10:38:43 response :
------------

2019-06-20 10:39:10 trace :
------------
String:
<xml><ToUserName><![CDATA[gh_c804ae748f89]]></ToUserName>
<FromUserName><![CDATA[o3lrB50Uq_2Lag6E8mlJajKLjUfg]]></FromUserName>
<CreateTime>1560998350</CreateTime>
<MsgType><![CDATA[event]]></MsgType>
<Event><![CDATA[VIEW]]></Event>
<EventKey><![CDATA[http://www.boyufengmao.com/app/index.php?i=2&c=entry&m=ewei_shopv2&do=mobile&r=diypage&id=19]]></EventKey>
<MenuId>444058172</MenuId>
</xml>

2019-06-20 10:39:10 params :
------------
String:
array (
  'rule' => -2,
  'module' => '',
  'message' => 
  array (
    'tousername' => 'gh_c804ae748f89',
    'fromusername' => 'o3lrB50Uq_2Lag6E8mlJajKLjUfg',
    'createtime' => '1560998350',
    'msgtype' => 'event',
    'event' => 'VIEW',
    'eventkey' => 'http://www.boyufengmao.com/app/index.php?i=2&c=entry&m=ewei_shopv2&do=mobile&r=diypage&id=19',
    'menuid' => '444058172',
    'from' => 'o3lrB50Uq_2Lag6E8mlJajKLjUfg',
    'to' => 'gh_c804ae748f89',
    'time' => '1560998350',
    'type' => 'text',
    'content' => 'http://www.boyufengmao.com/app/index.php?i=2&c=entry&m=ewei_shopv2&do=mobile&r=diypage&id=19',
    'redirection' => true,
    'source' => 'VIEW',
  ),
)

2019-06-20 10:39:10 response :
------------

2019-06-20 10:43:29 trace :
------------
String:
<xml><ToUserName><![CDATA[gh_c804ae748f89]]></ToUserName>
<FromUserName><![CDATA[o3lrB50Uq_2Lag6E8mlJajKLjUfg]]></FromUserName>
<CreateTime>1560998609</CreateTime>
<MsgType><![CDATA[event]]></MsgType>
<Event><![CDATA[VIEW]]></Event>
<EventKey><![CDATA[http://www.boyufengmao.com/app/index.php?i=2&c=entry&m=ewei_shopv2&do=mobile&r=diypage&id=19]]></EventKey>
<MenuId>444058172</MenuId>
</xml>

2019-06-20 10:43:29 params :
------------
String:
array (
  'rule' => -2,
  'module' => '',
  'message' => 
  array (
    'tousername' => 'gh_c804ae748f89',
    'fromusername' => 'o3lrB50Uq_2Lag6E8mlJajKLjUfg',
    'createtime' => '1560998609',
    'msgtype' => 'event',
    'event' => 'VIEW',
    'eventkey' => 'http://www.boyufengmao.com/app/index.php?i=2&c=entry&m=ewei_shopv2&do=mobile&r=diypage&id=19',
    'menuid' => '444058172',
    'from' => 'o3lrB50Uq_2Lag6E8mlJajKLjUfg',
    'to' => 'gh_c804ae748f89',
    'time' => '1560998609',
    'type' => 'text',
    'content' => 'http://www.boyufengmao.com/app/index.php?i=2&c=entry&m=ewei_shopv2&do=mobile&r=diypage&id=19',
    'redirection' => true,
    'source' => 'VIEW',
  ),
)

2019-06-20 10:43:29 response :
------------

2019-06-20 10:43:31 trace :
------------
String:
<xml><ToUserName><![CDATA[gh_c804ae748f89]]></ToUserName>
<FromUserName><![CDATA[o3lrB50Uq_2Lag6E8mlJajKLjUfg]]></FromUserName>
<CreateTime>1560998611</CreateTime>
<MsgType><![CDATA[event]]></MsgType>
<Event><![CDATA[VIEW]]></Event>
<EventKey><![CDATA[http://www.boyufengmao.com/app/index.php?i=2&c=entry&m=ewei_shopv2&do=mobile&r=diypage&id=19]]></EventKey>
<MenuId>444058172</MenuId>
</xml>

2019-06-20 10:43:31 params :
------------
String:
array (
  'rule' => -2,
  'module' => '',
  'message' => 
  array (
    'tousername' => 'gh_c804ae748f89',
    'fromusername' => 'o3lrB50Uq_2Lag6E8mlJajKLjUfg',
    'createtime' => '1560998611',
    'msgtype' => 'event',
    'event' => 'VIEW',
    'eventkey' => 'http://www.boyufengmao.com/app/index.php?i=2&c=entry&m=ewei_shopv2&do=mobile&r=diypage&id=19',
    'menuid' => '444058172',
    'from' => 'o3lrB50Uq_2Lag6E8mlJajKLjUfg',
    'to' => 'gh_c804ae748f89',
    'time' => '1560998611',
    'type' => 'text',
    'content' => 'http://www.boyufengmao.com/app/index.php?i=2&c=entry&m=ewei_shopv2&do=mobile&r=diypage&id=19',
    'redirection' => true,
    'source' => 'VIEW',
  ),
)

2019-06-20 10:43:31 response :
------------

2019-06-20 10:55:15 trace :
------------
String:
<xml><ToUserName><![CDATA[gh_c804ae748f89]]></ToUserName>
<FromUserName><![CDATA[o3lrB50Uq_2Lag6E8mlJajKLjUfg]]></FromUserName>
<CreateTime>1560999315</CreateTime>
<MsgType><![CDATA[event]]></MsgType>
<Event><![CDATA[VIEW]]></Event>
<EventKey><![CDATA[http://www.boyufengmao.com/app/index.php?i=2&c=entry&m=ewei_shopv2&do=mobile&r=diypage&id=19]]></EventKey>
<MenuId>444058172</MenuId>
</xml>

2019-06-20 10:55:15 params :
------------
String:
array (
  'rule' => -2,
  'module' => '',
  'message' => 
  array (
    'tousername' => 'gh_c804ae748f89',
    'fromusername' => 'o3lrB50Uq_2Lag6E8mlJajKLjUfg',
    'createtime' => '1560999315',
    'msgtype' => 'event',
    'event' => 'VIEW',
    'eventkey' => 'http://www.boyufengmao.com/app/index.php?i=2&c=entry&m=ewei_shopv2&do=mobile&r=diypage&id=19',
    'menuid' => '444058172',
    'from' => 'o3lrB50Uq_2Lag6E8mlJajKLjUfg',
    'to' => 'gh_c804ae748f89',
    'time' => '1560999315',
    'type' => 'text',
    'content' => 'http://www.boyufengmao.com/app/index.php?i=2&c=entry&m=ewei_shopv2&do=mobile&r=diypage&id=19',
    'redirection' => true,
    'source' => 'VIEW',
  ),
)

2019-06-20 10:55:15 response :
------------

2019-06-20 10:56:51 trace :
------------
String:
<xml><ToUserName><![CDATA[gh_c804ae748f89]]></ToUserName>
<FromUserName><![CDATA[o3lrB50Uq_2Lag6E8mlJajKLjUfg]]></FromUserName>
<CreateTime>1560999411</CreateTime>
<MsgType><![CDATA[event]]></MsgType>
<Event><![CDATA[VIEW]]></Event>
<EventKey><![CDATA[http://www.boyufengmao.com/app/index.php?i=2&c=entry&m=ewei_shopv2&do=mobile&r=diypage&id=19]]></EventKey>
<MenuId>444058172</MenuId>
</xml>

2019-06-20 10:56:51 params :
------------
String:
array (
  'rule' => -2,
  'module' => '',
  'message' => 
  array (
    'tousername' => 'gh_c804ae748f89',
    'fromusername' => 'o3lrB50Uq_2Lag6E8mlJajKLjUfg',
    'createtime' => '1560999411',
    'msgtype' => 'event',
    'event' => 'VIEW',
    'eventkey' => 'http://www.boyufengmao.com/app/index.php?i=2&c=entry&m=ewei_shopv2&do=mobile&r=diypage&id=19',
    'menuid' => '444058172',
    'from' => 'o3lrB50Uq_2Lag6E8mlJajKLjUfg',
    'to' => 'gh_c804ae748f89',
    'time' => '1560999411',
    'type' => 'text',
    'content' => 'http://www.boyufengmao.com/app/index.php?i=2&c=entry&m=ewei_shopv2&do=mobile&r=diypage&id=19',
    'redirection' => true,
    'source' => 'VIEW',
  ),
)

2019-06-20 10:56:51 response :
------------

2019-06-20 11:00:08 trace :
------------
String:
<xml><ToUserName><![CDATA[gh_c804ae748f89]]></ToUserName>
<FromUserName><![CDATA[o3lrB50Uq_2Lag6E8mlJajKLjUfg]]></FromUserName>
<CreateTime>1560999608</CreateTime>
<MsgType><![CDATA[event]]></MsgType>
<Event><![CDATA[VIEW]]></Event>
<EventKey><![CDATA[http://www.boyufengmao.com/app/index.php?i=2&c=entry&m=ewei_shopv2&do=mobile&r=diypage&id=19]]></EventKey>
<MenuId>444058172</MenuId>
</xml>

2019-06-20 11:00:08 params :
------------
String:
array (
  'rule' => -2,
  'module' => '',
  'message' => 
  array (
    'tousername' => 'gh_c804ae748f89',
    'fromusername' => 'o3lrB50Uq_2Lag6E8mlJajKLjUfg',
    'createtime' => '1560999608',
    'msgtype' => 'event',
    'event' => 'VIEW',
    'eventkey' => 'http://www.boyufengmao.com/app/index.php?i=2&c=entry&m=ewei_shopv2&do=mobile&r=diypage&id=19',
    'menuid' => '444058172',
    'from' => 'o3lrB50Uq_2Lag6E8mlJajKLjUfg',
    'to' => 'gh_c804ae748f89',
    'time' => '1560999608',
    'type' => 'text',
    'content' => 'http://www.boyufengmao.com/app/index.php?i=2&c=entry&m=ewei_shopv2&do=mobile&r=diypage&id=19',
    'redirection' => true,
    'source' => 'VIEW',
  ),
)

2019-06-20 11:00:08 response :
------------

2019-06-20 13:59:01 trace :
------------
String:
<xml><ToUserName><![CDATA[gh_c804ae748f89]]></ToUserName>
<FromUserName><![CDATA[o3lrB52OQe5owM1VXVuw4dyttQho]]></FromUserName>
<CreateTime>1561010341</CreateTime>
<MsgType><![CDATA[event]]></MsgType>
<Event><![CDATA[VIEW]]></Event>
<EventKey><![CDATA[http://www.boyufengmao.com/app/index.php?i=2&c=entry&m=ewei_shopv2&do=mobile&r=diypage&id=19]]></EventKey>
<MenuId>444058172</MenuId>
</xml>

2019-06-20 13:59:01 params :
------------
String:
array (
  'rule' => -2,
  'module' => '',
  'message' => 
  array (
    'tousername' => 'gh_c804ae748f89',
    'fromusername' => 'o3lrB52OQe5owM1VXVuw4dyttQho',
    'createtime' => '1561010341',
    'msgtype' => 'event',
    'event' => 'VIEW',
    'eventkey' => 'http://www.boyufengmao.com/app/index.php?i=2&c=entry&m=ewei_shopv2&do=mobile&r=diypage&id=19',
    'menuid' => '444058172',
    'from' => 'o3lrB52OQe5owM1VXVuw4dyttQho',
    'to' => 'gh_c804ae748f89',
    'time' => '1561010341',
    'type' => 'text',
    'content' => 'http://www.boyufengmao.com/app/index.php?i=2&c=entry&m=ewei_shopv2&do=mobile&r=diypage&id=19',
    'redirection' => true,
    'source' => 'VIEW',
  ),
)

2019-06-20 13:59:01 response :
------------

2019-06-20 13:59:22 trace :
------------
String:
<xml><ToUserName><![CDATA[gh_c804ae748f89]]></ToUserName>
<FromUserName><![CDATA[o3lrB52OQe5owM1VXVuw4dyttQho]]></FromUserName>
<CreateTime>1561010362</CreateTime>
<MsgType><![CDATA[event]]></MsgType>
<Event><![CDATA[VIEW]]></Event>
<EventKey><![CDATA[http://www.boyufengmao.com/app/index.php?i=2&c=entry&m=ewei_shopv2&do=mobile&r=diypage&id=23]]></EventKey>
<MenuId>444058172</MenuId>
</xml>

2019-06-20 13:59:22 params :
------------
String:
array (
  'rule' => -2,
  'module' => '',
  'message' => 
  array (
    'tousername' => 'gh_c804ae748f89',
    'fromusername' => 'o3lrB52OQe5owM1VXVuw4dyttQho',
    'createtime' => '1561010362',
    'msgtype' => 'event',
    'event' => 'VIEW',
    'eventkey' => 'http://www.boyufengmao.com/app/index.php?i=2&c=entry&m=ewei_shopv2&do=mobile&r=diypage&id=23',
    'menuid' => '444058172',
    'from' => 'o3lrB52OQe5owM1VXVuw4dyttQho',
    'to' => 'gh_c804ae748f89',
    'time' => '1561010362',
    'type' => 'text',
    'content' => 'http://www.boyufengmao.com/app/index.php?i=2&c=entry&m=ewei_shopv2&do=mobile&r=diypage&id=23',
    'redirection' => true,
    'source' => 'VIEW',
  ),
)

2019-06-20 13:59:22 response :
------------

2019-06-20 13:59:34 trace :
------------
String:
<xml><ToUserName><![CDATA[gh_c804ae748f89]]></ToUserName>
<FromUserName><![CDATA[o3lrB52OQe5owM1VXVuw4dyttQho]]></FromUserName>
<CreateTime>1561010374</CreateTime>
<MsgType><![CDATA[event]]></MsgType>
<Event><![CDATA[VIEW]]></Event>
<EventKey><![CDATA[http://www.boyufengmao.com/app/index.php?i=2&c=entry&m=ewei_shopv2&do=mobile&r=diypage&id=19]]></EventKey>
<MenuId>444058172</MenuId>
</xml>

2019-06-20 13:59:34 params :
------------
String:
array (
  'rule' => -2,
  'module' => '',
  'message' => 
  array (
    'tousername' => 'gh_c804ae748f89',
    'fromusername' => 'o3lrB52OQe5owM1VXVuw4dyttQho',
    'createtime' => '1561010374',
    'msgtype' => 'event',
    'event' => 'VIEW',
    'eventkey' => 'http://www.boyufengmao.com/app/index.php?i=2&c=entry&m=ewei_shopv2&do=mobile&r=diypage&id=19',
    'menuid' => '444058172',
    'from' => 'o3lrB52OQe5owM1VXVuw4dyttQho',
    'to' => 'gh_c804ae748f89',
    'time' => '1561010374',
    'type' => 'text',
    'content' => 'http://www.boyufengmao.com/app/index.php?i=2&c=entry&m=ewei_shopv2&do=mobile&r=diypage&id=19',
    'redirection' => true,
    'source' => 'VIEW',
  ),
)

2019-06-20 13:59:34 response :
------------

2019-06-20 14:01:29 trace :
------------
String:
<xml><ToUserName><![CDATA[gh_c804ae748f89]]></ToUserName>
<FromUserName><![CDATA[o3lrB52OQe5owM1VXVuw4dyttQho]]></FromUserName>
<CreateTime>1561010489</CreateTime>
<MsgType><![CDATA[event]]></MsgType>
<Event><![CDATA[VIEW]]></Event>
<EventKey><![CDATA[http://www.boyufengmao.com/app/index.php?i=2&c=entry&m=ewei_shopv2&do=mobile&r=member]]></EventKey>
<MenuId>444058172</MenuId>
</xml>

2019-06-20 14:01:29 params :
------------
String:
array (
  'rule' => -2,
  'module' => '',
  'message' => 
  array (
    'tousername' => 'gh_c804ae748f89',
    'fromusername' => 'o3lrB52OQe5owM1VXVuw4dyttQho',
    'createtime' => '1561010489',
    'msgtype' => 'event',
    'event' => 'VIEW',
    'eventkey' => 'http://www.boyufengmao.com/app/index.php?i=2&c=entry&m=ewei_shopv2&do=mobile&r=member',
    'menuid' => '444058172',
    'from' => 'o3lrB52OQe5owM1VXVuw4dyttQho',
    'to' => 'gh_c804ae748f89',
    'time' => '1561010489',
    'type' => 'text',
    'content' => 'http://www.boyufengmao.com/app/index.php?i=2&c=entry&m=ewei_shopv2&do=mobile&r=member',
    'redirection' => true,
    'source' => 'VIEW',
  ),
)

2019-06-20 14:01:29 response :
------------

2019-06-20 14:01:34 trace :
------------
String:
<xml><ToUserName><![CDATA[gh_c804ae748f89]]></ToUserName>
<FromUserName><![CDATA[o3lrB52OQe5owM1VXVuw4dyttQho]]></FromUserName>
<CreateTime>1561010494</CreateTime>
<MsgType><![CDATA[event]]></MsgType>
<Event><![CDATA[VIEW]]></Event>
<EventKey><![CDATA[http://www.boyufengmao.com/app/index.php?i=2&c=entry&m=ewei_shopv2&do=mobile&r=commission]]></EventKey>
<MenuId>444058172</MenuId>
</xml>

2019-06-20 14:01:34 params :
------------
String:
array (
  'rule' => -2,
  'module' => '',
  'message' => 
  array (
    'tousername' => 'gh_c804ae748f89',
    'fromusername' => 'o3lrB52OQe5owM1VXVuw4dyttQho',
    'createtime' => '1561010494',
    'msgtype' => 'event',
    'event' => 'VIEW',
    'eventkey' => 'http://www.boyufengmao.com/app/index.php?i=2&c=entry&m=ewei_shopv2&do=mobile&r=commission',
    'menuid' => '444058172',
    'from' => 'o3lrB52OQe5owM1VXVuw4dyttQho',
    'to' => 'gh_c804ae748f89',
    'time' => '1561010494',
    'type' => 'text',
    'content' => 'http://www.boyufengmao.com/app/index.php?i=2&c=entry&m=ewei_shopv2&do=mobile&r=commission',
    'redirection' => true,
    'source' => 'VIEW',
  ),
)

2019-06-20 14:01:34 response :
------------

2019-06-20 14:06:13 trace :
------------
String:
<xml><ToUserName><![CDATA[gh_c804ae748f89]]></ToUserName>
<FromUserName><![CDATA[o3lrB52OQe5owM1VXVuw4dyttQho]]></FromUserName>
<CreateTime>1561010773</CreateTime>
<MsgType><![CDATA[event]]></MsgType>
<Event><![CDATA[VIEW]]></Event>
<EventKey><![CDATA[http://www.boyufengmao.com/app/index.php?i=2&c=entry&m=ewei_shopv2&do=mobile&r=diypage&id=19]]></EventKey>
<MenuId>444058172</MenuId>
</xml>

2019-06-20 14:06:13 params :
------------
String:
array (
  'rule' => -2,
  'module' => '',
  'message' => 
  array (
    'tousername' => 'gh_c804ae748f89',
    'fromusername' => 'o3lrB52OQe5owM1VXVuw4dyttQho',
    'createtime' => '1561010773',
    'msgtype' => 'event',
    'event' => 'VIEW',
    'eventkey' => 'http://www.boyufengmao.com/app/index.php?i=2&c=entry&m=ewei_shopv2&do=mobile&r=diypage&id=19',
    'menuid' => '444058172',
    'from' => 'o3lrB52OQe5owM1VXVuw4dyttQho',
    'to' => 'gh_c804ae748f89',
    'time' => '1561010773',
    'type' => 'text',
    'content' => 'http://www.boyufengmao.com/app/index.php?i=2&c=entry&m=ewei_shopv2&do=mobile&r=diypage&id=19',
    'redirection' => true,
    'source' => 'VIEW',
  ),
)

2019-06-20 14:06:13 response :
------------

2019-06-20 14:17:03 trace :
------------
String:
<xml><ToUserName><![CDATA[gh_c804ae748f89]]></ToUserName>
<FromUserName><![CDATA[o3lrB5165_lby3v2XCLSVq2QhaNg]]></FromUserName>
<CreateTime>1561011423</CreateTime>
<MsgType><![CDATA[event]]></MsgType>
<Event><![CDATA[subscribe]]></Event>
<EventKey><![CDATA[]]></EventKey>
</xml>

2019-06-20 14:17:03 params :
------------
String:
array (
  'rule' => -2,
  'module' => '',
  'message' => 
  array (
    'tousername' => 'gh_c804ae748f89',
    'fromusername' => 'o3lrB5165_lby3v2XCLSVq2QhaNg',
    'createtime' => '1561011423',
    'msgtype' => 'event',
    'event' => 'subscribe',
    'eventkey' => '',
    'from' => 'o3lrB5165_lby3v2XCLSVq2QhaNg',
    'to' => 'gh_c804ae748f89',
    'time' => '1561011423',
    'type' => 'text',
    'redirection' => true,
    'source' => 'subscribe',
  ),
)

2019-06-20 14:17:03 response :
------------

2019-06-20 17:14:07 trace :
------------
String:
<xml><ToUserName><![CDATA[gh_f9b894563ef4]]></ToUserName>
<FromUserName><![CDATA[o5V8y1c7bRXvEeAGJWZrkuLasiX0]]></FromUserName>
<CreateTime>1561022047</CreateTime>
<MsgType><![CDATA[event]]></MsgType>
<Event><![CDATA[subscribe]]></Event>
<EventKey><![CDATA[]]></EventKey>
</xml>

2019-06-20 17:14:07 params :
------------
String:
array (
  'rule' => -2,
  'module' => '',
  'message' => 
  array (
    'tousername' => 'gh_f9b894563ef4',
    'fromusername' => 'o5V8y1c7bRXvEeAGJWZrkuLasiX0',
    'createtime' => '1561022047',
    'msgtype' => 'event',
    'event' => 'subscribe',
    'eventkey' => '',
    'from' => 'o5V8y1c7bRXvEeAGJWZrkuLasiX0',
    'to' => 'gh_f9b894563ef4',
    'time' => '1561022047',
    'type' => 'text',
    'redirection' => true,
    'source' => 'subscribe',
  ),
)

2019-06-20 17:14:07 response :
------------

2019-06-20 17:41:37 trace :
------------
String:
<xml><ToUserName><![CDATA[gh_f9b894563ef4]]></ToUserName>
<FromUserName><![CDATA[o5V8y1YPpkvS6gq1K0TToM54SDVI]]></FromUserName>
<CreateTime>1561023696</CreateTime>
<MsgType><![CDATA[event]]></MsgType>
<Event><![CDATA[subscribe]]></Event>
<EventKey><![CDATA[qrscene_business:5864a01773794135a05fba69901b7199]]></EventKey>
<Ticket><![CDATA[gQGj8DwAAAAAAAAAAS5odHRwOi8vd2VpeGluLnFxLmNvbS9xLzAyZ3RQMXQ5QnZjT2wxMDAwMHcwN2oAAgQPhH9cAwQAAAAA]]></Ticket>
</xml>

2019-06-20 17:41:37 params :
------------
String:
array (
  'rule' => -2,
  'module' => '',
  'message' => 
  array (
    'tousername' => 'gh_f9b894563ef4',
    'fromusername' => 'o5V8y1YPpkvS6gq1K0TToM54SDVI',
    'createtime' => '1561023696',
    'msgtype' => 'event',
    'event' => 'subscribe',
    'eventkey' => 'qrscene_business:5864a01773794135a05fba69901b7199',
    'ticket' => 'gQGj8DwAAAAAAAAAAS5odHRwOi8vd2VpeGluLnFxLmNvbS9xLzAyZ3RQMXQ5QnZjT2wxMDAwMHcwN2oAAgQPhH9cAwQAAAAA',
    'from' => 'o5V8y1YPpkvS6gq1K0TToM54SDVI',
    'to' => 'gh_f9b894563ef4',
    'time' => '1561023696',
    'type' => 'text',
    'scene' => 'business:5864a01773794135a05fba69901b7199',
    'redirection' => true,
    'source' => 'subscribe',
  ),
)

2019-06-20 17:41:37 response :
------------

2019-06-20 17:41:47 trace :
------------
String:
<xml><ToUserName><![CDATA[gh_f9b894563ef4]]></ToUserName>
<FromUserName><![CDATA[o5V8y1YPpkvS6gq1K0TToM54SDVI]]></FromUserName>
<CreateTime>1561023706</CreateTime>
<MsgType><![CDATA[text]]></MsgType>
<Content><![CDATA[17717428351]]></Content>
<MsgId>22348488442631938</MsgId>
</xml>

2019-06-20 17:41:47 params :
------------
String:
array (
  'rule' => -2,
  'module' => '',
  'message' => 
  array (
    'tousername' => 'gh_f9b894563ef4',
    'fromusername' => 'o5V8y1YPpkvS6gq1K0TToM54SDVI',
    'createtime' => '1561023706',
    'msgtype' => 'text',
    'content' => '17717428351',
    'msgid' => '22348488442631938',
    'from' => 'o5V8y1YPpkvS6gq1K0TToM54SDVI',
    'to' => 'gh_f9b894563ef4',
    'time' => '1561023706',
    'type' => 'text',
    'event' => NULL,
    'redirection' => false,
    'source' => NULL,
  ),
)

2019-06-20 17:41:47 response :
------------

2019-06-20 17:47:16 trace :
------------
String:
<xml><ToUserName><![CDATA[gh_c804ae748f89]]></ToUserName>
<FromUserName><![CDATA[o3lrB50Uq_2Lag6E8mlJajKLjUfg]]></FromUserName>
<CreateTime>1561024036</CreateTime>
<MsgType><![CDATA[event]]></MsgType>
<Event><![CDATA[VIEW]]></Event>
<EventKey><![CDATA[http://www.boyufengmao.com/app/index.php?i=2&c=entry&m=ewei_shopv2&do=mobile&r=diypage&id=19]]></EventKey>
<MenuId>444058172</MenuId>
</xml>

2019-06-20 17:47:16 params :
------------
String:
array (
  'rule' => -2,
  'module' => '',
  'message' => 
  array (
    'tousername' => 'gh_c804ae748f89',
    'fromusername' => 'o3lrB50Uq_2Lag6E8mlJajKLjUfg',
    'createtime' => '1561024036',
    'msgtype' => 'event',
    'event' => 'VIEW',
    'eventkey' => 'http://www.boyufengmao.com/app/index.php?i=2&c=entry&m=ewei_shopv2&do=mobile&r=diypage&id=19',
    'menuid' => '444058172',
    'from' => 'o3lrB50Uq_2Lag6E8mlJajKLjUfg',
    'to' => 'gh_c804ae748f89',
    'time' => '1561024036',
    'type' => 'text',
    'content' => 'http://www.boyufengmao.com/app/index.php?i=2&c=entry&m=ewei_shopv2&do=mobile&r=diypage&id=19',
    'redirection' => true,
    'source' => 'VIEW',
  ),
)

2019-06-20 17:47:16 response :
------------

2019-06-20 18:08:35 trace :
------------
String:
<xml><ToUserName><![CDATA[gh_f9b894563ef4]]></ToUserName>
<FromUserName><![CDATA[o5V8y1TKWB5--iaqxzxLVxMhC3VE]]></FromUserName>
<CreateTime>1561025315</CreateTime>
<MsgType><![CDATA[event]]></MsgType>
<Event><![CDATA[TEMPLATESENDJOBFINISH]]></Event>
<MsgID>862903293725589505</MsgID>
<Status><![CDATA[success]]></Status>
</xml>

2019-06-20 18:08:35 params :
------------
String:
array (
  'rule' => -2,
  'module' => '',
  'message' => 
  array (
    'tousername' => 'gh_f9b894563ef4',
    'fromusername' => 'o5V8y1TKWB5--iaqxzxLVxMhC3VE',
    'createtime' => '1561025315',
    'msgtype' => 'event',
    'event' => 'TEMPLATESENDJOBFINISH',
    'msgid' => '862903293725589505',
    'status' => 'success',
    'from' => 'o5V8y1TKWB5--iaqxzxLVxMhC3VE',
    'to' => 'gh_f9b894563ef4',
    'time' => '1561025315',
    'type' => 'event',
  ),
)

2019-06-20 18:08:35 response :
------------

2019-06-20 18:09:06 trace :
------------
String:
<xml><ToUserName><![CDATA[gh_f9b894563ef4]]></ToUserName>
<FromUserName><![CDATA[o5V8y1Y4-M9wh819rYwlI-BPG-tM]]></FromUserName>
<CreateTime>1561025335</CreateTime>
<MsgType><![CDATA[event]]></MsgType>
<Event><![CDATA[TEMPLATESENDJOBFINISH]]></Event>
<MsgID>862903635460718593</MsgID>
<Status><![CDATA[success]]></Status>
</xml>

2019-06-20 18:09:06 params :
------------
String:
array (
  'rule' => -2,
  'module' => '',
  'message' => 
  array (
    'tousername' => 'gh_f9b894563ef4',
    'fromusername' => 'o5V8y1Y4-M9wh819rYwlI-BPG-tM',
    'createtime' => '1561025335',
    'msgtype' => 'event',
    'event' => 'TEMPLATESENDJOBFINISH',
    'msgid' => '862903635460718593',
    'status' => 'success',
    'from' => 'o5V8y1Y4-M9wh819rYwlI-BPG-tM',
    'to' => 'gh_f9b894563ef4',
    'time' => '1561025335',
    'type' => 'event',
  ),
)

2019-06-20 18:09:06 response :
------------

2019-06-20 18:09:07 trace :
------------
String:
<xml><ToUserName><![CDATA[gh_f9b894563ef4]]></ToUserName>
<FromUserName><![CDATA[o5V8y1Y4-M9wh819rYwlI-BPG-tM]]></FromUserName>
<CreateTime>1561025347</CreateTime>
<MsgType><![CDATA[event]]></MsgType>
<Event><![CDATA[TEMPLATESENDJOBFINISH]]></Event>
<MsgID>862903825949229056</MsgID>
<Status><![CDATA[success]]></Status>
</xml>

2019-06-20 18:09:07 params :
------------
String:
array (
  'rule' => -2,
  'module' => '',
  'message' => 
  array (
    'tousername' => 'gh_f9b894563ef4',
    'fromusername' => 'o5V8y1Y4-M9wh819rYwlI-BPG-tM',
    'createtime' => '1561025347',
    'msgtype' => 'event',
    'event' => 'TEMPLATESENDJOBFINISH',
    'msgid' => '862903825949229056',
    'status' => 'success',
    'from' => 'o5V8y1Y4-M9wh819rYwlI-BPG-tM',
    'to' => 'gh_f9b894563ef4',
    'time' => '1561025347',
    'type' => 'event',
  ),
)

2019-06-20 18:09:07 response :
------------

2019-06-20 18:31:46 trace :
------------
String:
<xml><ToUserName><![CDATA[gh_f9b894563ef4]]></ToUserName>
<FromUserName><![CDATA[o5V8y1ZkXxULVPrWhBYbWBtpOIwE]]></FromUserName>
<CreateTime>1561026706</CreateTime>
<MsgType><![CDATA[text]]></MsgType>
<Content><![CDATA[在]]></Content>
<MsgId>22348531394423168</MsgId>
</xml>

2019-06-20 18:31:46 params :
------------
String:
array (
  'rule' => -2,
  'module' => '',
  'message' => 
  array (
    'tousername' => 'gh_f9b894563ef4',
    'fromusername' => 'o5V8y1ZkXxULVPrWhBYbWBtpOIwE',
    'createtime' => '1561026706',
    'msgtype' => 'text',
    'content' => '在',
    'msgid' => '22348531394423168',
    'from' => 'o5V8y1ZkXxULVPrWhBYbWBtpOIwE',
    'to' => 'gh_f9b894563ef4',
    'time' => '1561026706',
    'type' => 'text',
    'event' => NULL,
    'redirection' => false,
    'source' => NULL,
  ),
)

2019-06-20 18:31:46 response :
------------

2019-06-20 18:32:38 trace :
------------
String:
<xml><ToUserName><![CDATA[gh_f9b894563ef4]]></ToUserName>
<FromUserName><![CDATA[o5V8y1ZkXxULVPrWhBYbWBtpOIwE]]></FromUserName>
<CreateTime>1561026758</CreateTime>
<MsgType><![CDATA[text]]></MsgType>
<Content><![CDATA[订位子]]></Content>
<MsgId>22348531373532693</MsgId>
</xml>

2019-06-20 18:32:38 params :
------------
String:
array (
  'rule' => -2,
  'module' => '',
  'message' => 
  array (
    'tousername' => 'gh_f9b894563ef4',
    'fromusername' => 'o5V8y1ZkXxULVPrWhBYbWBtpOIwE',
    'createtime' => '1561026758',
    'msgtype' => 'text',
    'content' => '订位子',
    'msgid' => '22348531373532693',
    'from' => 'o5V8y1ZkXxULVPrWhBYbWBtpOIwE',
    'to' => 'gh_f9b894563ef4',
    'time' => '1561026758',
    'type' => 'text',
    'event' => NULL,
    'redirection' => false,
    'source' => NULL,
  ),
)

2019-06-20 18:32:38 response :
------------

2019-06-20 18:44:44 trace :
------------
String:
<xml><ToUserName><![CDATA[gh_f9b894563ef4]]></ToUserName>
<FromUserName><![CDATA[o5V8y1SzCNTmXG8JWXSHDqZ9dvB8]]></FromUserName>
<CreateTime>1561027484</CreateTime>
<MsgType><![CDATA[event]]></MsgType>
<Event><![CDATA[subscribe]]></Event>
<EventKey><![CDATA[qrscene_business:5864a01773794135a05fba69901b7199]]></EventKey>
<Ticket><![CDATA[gQGj8DwAAAAAAAAAAS5odHRwOi8vd2VpeGluLnFxLmNvbS9xLzAyZ3RQMXQ5QnZjT2wxMDAwMHcwN2oAAgQPhH9cAwQAAAAA]]></Ticket>
</xml>

2019-06-20 18:44:44 params :
------------
String:
array (
  'rule' => -2,
  'module' => '',
  'message' => 
  array (
    'tousername' => 'gh_f9b894563ef4',
    'fromusername' => 'o5V8y1SzCNTmXG8JWXSHDqZ9dvB8',
    'createtime' => '1561027484',
    'msgtype' => 'event',
    'event' => 'subscribe',
    'eventkey' => 'qrscene_business:5864a01773794135a05fba69901b7199',
    'ticket' => 'gQGj8DwAAAAAAAAAAS5odHRwOi8vd2VpeGluLnFxLmNvbS9xLzAyZ3RQMXQ5QnZjT2wxMDAwMHcwN2oAAgQPhH9cAwQAAAAA',
    'from' => 'o5V8y1SzCNTmXG8JWXSHDqZ9dvB8',
    'to' => 'gh_f9b894563ef4',
    'time' => '1561027484',
    'type' => 'text',
    'scene' => 'business:5864a01773794135a05fba69901b7199',
    'redirection' => true,
    'source' => 'subscribe',
  ),
)

2019-06-20 18:44:44 response :
------------

2019-06-20 18:44:51 trace :
------------
String:
<xml><ToUserName><![CDATA[gh_f9b894563ef4]]></ToUserName>
<FromUserName><![CDATA[o5V8y1SzCNTmXG8JWXSHDqZ9dvB8]]></FromUserName>
<CreateTime>1561027491</CreateTime>
<MsgType><![CDATA[text]]></MsgType>
<Content><![CDATA[18691598997]]></Content>
<MsgId>22348536274946917</MsgId>
</xml>

2019-06-20 18:44:51 params :
------------
String:
array (
  'rule' => -2,
  'module' => '',
  'message' => 
  array (
    'tousername' => 'gh_f9b894563ef4',
    'fromusername' => 'o5V8y1SzCNTmXG8JWXSHDqZ9dvB8',
    'createtime' => '1561027491',
    'msgtype' => 'text',
    'content' => '18691598997',
    'msgid' => '22348536274946917',
    'from' => 'o5V8y1SzCNTmXG8JWXSHDqZ9dvB8',
    'to' => 'gh_f9b894563ef4',
    'time' => '1561027491',
    'type' => 'text',
    'event' => NULL,
    'redirection' => false,
    'source' => NULL,
  ),
)

2019-06-20 18:44:51 response :
------------

2019-06-20 19:16:08 trace :
------------
String:
<xml><ToUserName><![CDATA[gh_f9b894563ef4]]></ToUserName>
<FromUserName><![CDATA[o5V8y1dqvqp8WXxUCmNwnmL9iW5Q]]></FromUserName>
<CreateTime>1561029368</CreateTime>
<MsgType><![CDATA[event]]></MsgType>
<Event><![CDATA[TEMPLATESENDJOBFINISH]]></Event>
<MsgID>862971290943111170</MsgID>
<Status><![CDATA[success]]></Status>
</xml>

2019-06-20 19:16:08 params :
------------
String:
array (
  'rule' => -2,
  'module' => '',
  'message' => 
  array (
    'tousername' => 'gh_f9b894563ef4',
    'fromusername' => 'o5V8y1dqvqp8WXxUCmNwnmL9iW5Q',
    'createtime' => '1561029368',
    'msgtype' => 'event',
    'event' => 'TEMPLATESENDJOBFINISH',
    'msgid' => '862971290943111170',
    'status' => 'success',
    'from' => 'o5V8y1dqvqp8WXxUCmNwnmL9iW5Q',
    'to' => 'gh_f9b894563ef4',
    'time' => '1561029368',
    'type' => 'event',
  ),
)

2019-06-20 19:16:08 response :
------------

2019-06-20 19:16:13 trace :
------------
String:
<xml><ToUserName><![CDATA[gh_f9b894563ef4]]></ToUserName>
<FromUserName><![CDATA[o5V8y1dqvqp8WXxUCmNwnmL9iW5Q]]></FromUserName>
<CreateTime>1561029373</CreateTime>
<MsgType><![CDATA[event]]></MsgType>
<Event><![CDATA[TEMPLATESENDJOBFINISH]]></Event>
<MsgID>862971371406639104</MsgID>
<Status><![CDATA[success]]></Status>
</xml>

2019-06-20 19:16:13 params :
------------
String:
array (
  'rule' => -2,
  'module' => '',
  'message' => 
  array (
    'tousername' => 'gh_f9b894563ef4',
    'fromusername' => 'o5V8y1dqvqp8WXxUCmNwnmL9iW5Q',
    'createtime' => '1561029373',
    'msgtype' => 'event',
    'event' => 'TEMPLATESENDJOBFINISH',
    'msgid' => '862971371406639104',
    'status' => 'success',
    'from' => 'o5V8y1dqvqp8WXxUCmNwnmL9iW5Q',
    'to' => 'gh_f9b894563ef4',
    'time' => '1561029373',
    'type' => 'event',
  ),
)

2019-06-20 19:16:13 response :
------------

2019-06-20 19:17:47 trace :
------------
String:
<xml><ToUserName><![CDATA[gh_f9b894563ef4]]></ToUserName>
<FromUserName><![CDATA[o5V8y1VIEMPDZWs0S4KR9cui-JBQ]]></FromUserName>
<CreateTime>1561029466</CreateTime>
<MsgType><![CDATA[event]]></MsgType>
<Event><![CDATA[SCAN]]></Event>
<EventKey><![CDATA[business:5864a01773794135a05fba69901b7199]]></EventKey>
<Ticket><![CDATA[gQGj8DwAAAAAAAAAAS5odHRwOi8vd2VpeGluLnFxLmNvbS9xLzAyZ3RQMXQ5QnZjT2wxMDAwMHcwN2oAAgQPhH9cAwQAAAAA]]></Ticket>
</xml>

2019-06-20 19:17:47 params :
------------
String:
array (
  'rule' => -2,
  'module' => '',
  'message' => 
  array (
    'tousername' => 'gh_f9b894563ef4',
    'fromusername' => 'o5V8y1VIEMPDZWs0S4KR9cui-JBQ',
    'createtime' => '1561029466',
    'msgtype' => 'event',
    'event' => 'SCAN',
    'eventkey' => 'business:5864a01773794135a05fba69901b7199',
    'ticket' => 'gQGj8DwAAAAAAAAAAS5odHRwOi8vd2VpeGluLnFxLmNvbS9xLzAyZ3RQMXQ5QnZjT2wxMDAwMHcwN2oAAgQPhH9cAwQAAAAA',
    'from' => 'o5V8y1VIEMPDZWs0S4KR9cui-JBQ',
    'to' => 'gh_f9b894563ef4',
    'time' => '1561029466',
    'type' => 'text',
    'scene' => 'business:5864a01773794135a05fba69901b7199',
    'redirection' => true,
    'source' => 'qr',
  ),
)

2019-06-20 19:17:47 response :
------------

2019-06-20 19:17:53 trace :
------------
String:
<xml><ToUserName><![CDATA[gh_f9b894563ef4]]></ToUserName>
<FromUserName><![CDATA[o5V8y1SCa6dV7xUE4ZSpTxWMpGZw]]></FromUserName>
<CreateTime>1561029473</CreateTime>
<MsgType><![CDATA[event]]></MsgType>
<Event><![CDATA[TEMPLATESENDJOBFINISH]]></Event>
<MsgID>862973057734934532</MsgID>
<Status><![CDATA[success]]></Status>
</xml>

2019-06-20 19:17:53 params :
------------
String:
array (
  'rule' => -2,
  'module' => '',
  'message' => 
  array (
    'tousername' => 'gh_f9b894563ef4',
    'fromusername' => 'o5V8y1SCa6dV7xUE4ZSpTxWMpGZw',
    'createtime' => '1561029473',
    'msgtype' => 'event',
    'event' => 'TEMPLATESENDJOBFINISH',
    'msgid' => '862973057734934532',
    'status' => 'success',
    'from' => 'o5V8y1SCa6dV7xUE4ZSpTxWMpGZw',
    'to' => 'gh_f9b894563ef4',
    'time' => '1561029473',
    'type' => 'event',
  ),
)

2019-06-20 19:17:53 response :
------------

2019-06-20 19:21:30 trace :
------------
String:
<xml><ToUserName><![CDATA[gh_f9b894563ef4]]></ToUserName>
<FromUserName><![CDATA[o5V8y1ax-RRg1mSrcDsfKMuPtEFA]]></FromUserName>
<CreateTime>1561029689</CreateTime>
<MsgType><![CDATA[event]]></MsgType>
<Event><![CDATA[TEMPLATESENDJOBFINISH]]></Event>
<MsgID>862976686428733441</MsgID>
<Status><![CDATA[success]]></Status>
</xml>

2019-06-20 19:21:30 params :
------------
String:
array (
  'rule' => -2,
  'module' => '',
  'message' => 
  array (
    'tousername' => 'gh_f9b894563ef4',
    'fromusername' => 'o5V8y1ax-RRg1mSrcDsfKMuPtEFA',
    'createtime' => '1561029689',
    'msgtype' => 'event',
    'event' => 'TEMPLATESENDJOBFINISH',
    'msgid' => '862976686428733441',
    'status' => 'success',
    'from' => 'o5V8y1ax-RRg1mSrcDsfKMuPtEFA',
    'to' => 'gh_f9b894563ef4',
    'time' => '1561029689',
    'type' => 'event',
  ),
)

2019-06-20 19:21:30 response :
------------

2019-06-20 19:22:14 trace :
------------
String:
<xml><ToUserName><![CDATA[gh_f9b894563ef4]]></ToUserName>
<FromUserName><![CDATA[o5V8y1ax-RRg1mSrcDsfKMuPtEFA]]></FromUserName>
<CreateTime>1561029734</CreateTime>
<MsgType><![CDATA[event]]></MsgType>
<Event><![CDATA[TEMPLATESENDJOBFINISH]]></Event>
<MsgID>862977436219293696</MsgID>
<Status><![CDATA[success]]></Status>
</xml>

2019-06-20 19:22:14 params :
------------
String:
array (
  'rule' => -2,
  'module' => '',
  'message' => 
  array (
    'tousername' => 'gh_f9b894563ef4',
    'fromusername' => 'o5V8y1ax-RRg1mSrcDsfKMuPtEFA',
    'createtime' => '1561029734',
    'msgtype' => 'event',
    'event' => 'TEMPLATESENDJOBFINISH',
    'msgid' => '862977436219293696',
    'status' => 'success',
    'from' => 'o5V8y1ax-RRg1mSrcDsfKMuPtEFA',
    'to' => 'gh_f9b894563ef4',
    'time' => '1561029734',
    'type' => 'event',
  ),
)

2019-06-20 19:22:14 response :
------------

2019-06-20 19:24:50 trace :
------------
String:
<xml><ToUserName><![CDATA[gh_f9b894563ef4]]></ToUserName>
<FromUserName><![CDATA[o5V8y1b6YFBQZeonewBGfKtBX5dc]]></FromUserName>
<CreateTime>1561029890</CreateTime>
<MsgType><![CDATA[event]]></MsgType>
<Event><![CDATA[subscribe]]></Event>
<EventKey><![CDATA[qrscene_business:5864a01773794135a05fba69901b7199]]></EventKey>
<Ticket><![CDATA[gQGj8DwAAAAAAAAAAS5odHRwOi8vd2VpeGluLnFxLmNvbS9xLzAyZ3RQMXQ5QnZjT2wxMDAwMHcwN2oAAgQPhH9cAwQAAAAA]]></Ticket>
</xml>

2019-06-20 19:24:50 params :
------------
String:
array (
  'rule' => -2,
  'module' => '',
  'message' => 
  array (
    'tousername' => 'gh_f9b894563ef4',
    'fromusername' => 'o5V8y1b6YFBQZeonewBGfKtBX5dc',
    'createtime' => '1561029890',
    'msgtype' => 'event',
    'event' => 'subscribe',
    'eventkey' => 'qrscene_business:5864a01773794135a05fba69901b7199',
    'ticket' => 'gQGj8DwAAAAAAAAAAS5odHRwOi8vd2VpeGluLnFxLmNvbS9xLzAyZ3RQMXQ5QnZjT2wxMDAwMHcwN2oAAgQPhH9cAwQAAAAA',
    'from' => 'o5V8y1b6YFBQZeonewBGfKtBX5dc',
    'to' => 'gh_f9b894563ef4',
    'time' => '1561029890',
    'type' => 'text',
    'scene' => 'business:5864a01773794135a05fba69901b7199',
    'redirection' => true,
    'source' => 'subscribe',
  ),
)

2019-06-20 19:24:50 response :
------------

2019-06-20 19:24:56 trace :
------------
String:
<xml><ToUserName><![CDATA[gh_f9b894563ef4]]></ToUserName>
<FromUserName><![CDATA[o5V8y1b6YFBQZeonewBGfKtBX5dc]]></FromUserName>
<CreateTime>1561029896</CreateTime>
<MsgType><![CDATA[text]]></MsgType>
<Content><![CDATA[17782575080]]></Content>
<MsgId>22348574291890087</MsgId>
</xml>

2019-06-20 19:24:56 params :
------------
String:
array (
  'rule' => -2,
  'module' => '',
  'message' => 
  array (
    'tousername' => 'gh_f9b894563ef4',
    'fromusername' => 'o5V8y1b6YFBQZeonewBGfKtBX5dc',
    'createtime' => '1561029896',
    'msgtype' => 'text',
    'content' => '17782575080',
    'msgid' => '22348574291890087',
    'from' => 'o5V8y1b6YFBQZeonewBGfKtBX5dc',
    'to' => 'gh_f9b894563ef4',
    'time' => '1561029896',
    'type' => 'text',
    'event' => NULL,
    'redirection' => false,
    'source' => NULL,
  ),
)

2019-06-20 19:24:56 response :
------------

2019-06-20 19:26:23 trace :
------------
String:
<xml><ToUserName><![CDATA[gh_f9b894563ef4]]></ToUserName>
<FromUserName><![CDATA[o5V8y1b6YFBQZeonewBGfKtBX5dc]]></FromUserName>
<CreateTime>1561029983</CreateTime>
<MsgType><![CDATA[event]]></MsgType>
<Event><![CDATA[SCAN]]></Event>
<EventKey><![CDATA[business:5864a01773794135a05fba69901b7199]]></EventKey>
<Ticket><![CDATA[gQGj8DwAAAAAAAAAAS5odHRwOi8vd2VpeGluLnFxLmNvbS9xLzAyZ3RQMXQ5QnZjT2wxMDAwMHcwN2oAAgQPhH9cAwQAAAAA]]></Ticket>
</xml>

2019-06-20 19:26:23 params :
------------
String:
array (
  'rule' => -2,
  'module' => '',
  'message' => 
  array (
    'tousername' => 'gh_f9b894563ef4',
    'fromusername' => 'o5V8y1b6YFBQZeonewBGfKtBX5dc',
    'createtime' => '1561029983',
    'msgtype' => 'event',
    'event' => 'SCAN',
    'eventkey' => 'business:5864a01773794135a05fba69901b7199',
    'ticket' => 'gQGj8DwAAAAAAAAAAS5odHRwOi8vd2VpeGluLnFxLmNvbS9xLzAyZ3RQMXQ5QnZjT2wxMDAwMHcwN2oAAgQPhH9cAwQAAAAA',
    'from' => 'o5V8y1b6YFBQZeonewBGfKtBX5dc',
    'to' => 'gh_f9b894563ef4',
    'time' => '1561029983',
    'type' => 'text',
    'scene' => 'business:5864a01773794135a05fba69901b7199',
    'redirection' => true,
    'source' => 'qr',
  ),
)

2019-06-20 19:26:23 response :
------------

2019-06-20 19:26:30 trace :
------------
String:
<xml><ToUserName><![CDATA[gh_f9b894563ef4]]></ToUserName>
<FromUserName><![CDATA[o5V8y1b6YFBQZeonewBGfKtBX5dc]]></FromUserName>
<CreateTime>1561029990</CreateTime>
<MsgType><![CDATA[event]]></MsgType>
<Event><![CDATA[TEMPLATESENDJOBFINISH]]></Event>
<MsgID>862981729810808832</MsgID>
<Status><![CDATA[success]]></Status>
</xml>

2019-06-20 19:26:30 params :
------------
String:
array (
  'rule' => -2,
  'module' => '',
  'message' => 
  array (
    'tousername' => 'gh_f9b894563ef4',
    'fromusername' => 'o5V8y1b6YFBQZeonewBGfKtBX5dc',
    'createtime' => '1561029990',
    'msgtype' => 'event',
    'event' => 'TEMPLATESENDJOBFINISH',
    'msgid' => '862981729810808832',
    'status' => 'success',
    'from' => 'o5V8y1b6YFBQZeonewBGfKtBX5dc',
    'to' => 'gh_f9b894563ef4',
    'time' => '1561029990',
    'type' => 'event',
  ),
)

2019-06-20 19:26:30 response :
------------

2019-06-20 19:51:58 trace :
------------
String:
<xml><ToUserName><![CDATA[gh_f9b894563ef4]]></ToUserName>
<FromUserName><![CDATA[o5V8y1avR7-PrZmOZtxqrP9MzW9Y]]></FromUserName>
<CreateTime>1561031518</CreateTime>
<MsgType><![CDATA[event]]></MsgType>
<Event><![CDATA[TEMPLATESENDJOBFINISH]]></Event>
<MsgID>863007366302892034</MsgID>
<Status><![CDATA[success]]></Status>
</xml>

2019-06-20 19:51:58 params :
------------
String:
array (
  'rule' => -2,
  'module' => '',
  'message' => 
  array (
    'tousername' => 'gh_f9b894563ef4',
    'fromusername' => 'o5V8y1avR7-PrZmOZtxqrP9MzW9Y',
    'createtime' => '1561031518',
    'msgtype' => 'event',
    'event' => 'TEMPLATESENDJOBFINISH',
    'msgid' => '863007366302892034',
    'status' => 'success',
    'from' => 'o5V8y1avR7-PrZmOZtxqrP9MzW9Y',
    'to' => 'gh_f9b894563ef4',
    'time' => '1561031518',
    'type' => 'event',
  ),
)

2019-06-20 19:51:58 response :
------------

2019-06-20 19:52:07 trace :
------------
String:
<xml><ToUserName><![CDATA[gh_f9b894563ef4]]></ToUserName>
<FromUserName><![CDATA[o5V8y1avR7-PrZmOZtxqrP9MzW9Y]]></FromUserName>
<CreateTime>1561031527</CreateTime>
<MsgType><![CDATA[event]]></MsgType>
<Event><![CDATA[TEMPLATESENDJOBFINISH]]></Event>
<MsgID>863007521441808385</MsgID>
<Status><![CDATA[success]]></Status>
</xml>

2019-06-20 19:52:08 params :
------------
String:
array (
  'rule' => -2,
  'module' => '',
  'message' => 
  array (
    'tousername' => 'gh_f9b894563ef4',
    'fromusername' => 'o5V8y1avR7-PrZmOZtxqrP9MzW9Y',
    'createtime' => '1561031527',
    'msgtype' => 'event',
    'event' => 'TEMPLATESENDJOBFINISH',
    'msgid' => '863007521441808385',
    'status' => 'success',
    'from' => 'o5V8y1avR7-PrZmOZtxqrP9MzW9Y',
    'to' => 'gh_f9b894563ef4',
    'time' => '1561031527',
    'type' => 'event',
  ),
)

2019-06-20 19:52:08 response :
------------

2019-06-20 20:04:22 trace :
------------
String:
<xml><ToUserName><![CDATA[gh_f9b894563ef4]]></ToUserName>
<FromUserName><![CDATA[o5V8y1WDL9C5qbCnK5UtUraq4De4]]></FromUserName>
<CreateTime>1561032262</CreateTime>
<MsgType><![CDATA[event]]></MsgType>
<Event><![CDATA[subscribe]]></Event>
<EventKey><![CDATA[qrscene_business:5864a01773794135a05fba69901b7199]]></EventKey>
<Ticket><![CDATA[gQGj8DwAAAAAAAAAAS5odHRwOi8vd2VpeGluLnFxLmNvbS9xLzAyZ3RQMXQ5QnZjT2wxMDAwMHcwN2oAAgQPhH9cAwQAAAAA]]></Ticket>
</xml>

2019-06-20 20:04:22 params :
------------
String:
array (
  'rule' => -2,
  'module' => '',
  'message' => 
  array (
    'tousername' => 'gh_f9b894563ef4',
    'fromusername' => 'o5V8y1WDL9C5qbCnK5UtUraq4De4',
    'createtime' => '1561032262',
    'msgtype' => 'event',
    'event' => 'subscribe',
    'eventkey' => 'qrscene_business:5864a01773794135a05fba69901b7199',
    'ticket' => 'gQGj8DwAAAAAAAAAAS5odHRwOi8vd2VpeGluLnFxLmNvbS9xLzAyZ3RQMXQ5QnZjT2wxMDAwMHcwN2oAAgQPhH9cAwQAAAAA',
    'from' => 'o5V8y1WDL9C5qbCnK5UtUraq4De4',
    'to' => 'gh_f9b894563ef4',
    'time' => '1561032262',
    'type' => 'text',
    'scene' => 'business:5864a01773794135a05fba69901b7199',
    'redirection' => true,
    'source' => 'subscribe',
  ),
)

2019-06-20 20:04:22 response :
------------

2019-06-20 20:04:36 trace :
------------
String:
<xml><ToUserName><![CDATA[gh_f9b894563ef4]]></ToUserName>
<FromUserName><![CDATA[o5V8y1WDL9C5qbCnK5UtUraq4De4]]></FromUserName>
<CreateTime>1561032275</CreateTime>
<MsgType><![CDATA[text]]></MsgType>
<Content><![CDATA[13709219695]]></Content>
<MsgId>22348604711647253</MsgId>
</xml>

2019-06-20 20:04:36 params :
------------
String:
array (
  'rule' => -2,
  'module' => '',
  'message' => 
  array (
    'tousername' => 'gh_f9b894563ef4',
    'fromusername' => 'o5V8y1WDL9C5qbCnK5UtUraq4De4',
    'createtime' => '1561032275',
    'msgtype' => 'text',
    'content' => '13709219695',
    'msgid' => '22348604711647253',
    'from' => 'o5V8y1WDL9C5qbCnK5UtUraq4De4',
    'to' => 'gh_f9b894563ef4',
    'time' => '1561032275',
    'type' => 'text',
    'event' => NULL,
    'redirection' => false,
    'source' => NULL,
  ),
)

2019-06-20 20:04:36 response :
------------

2019-06-20 20:05:13 trace :
------------
String:
<xml><ToUserName><![CDATA[gh_f9b894563ef4]]></ToUserName>
<FromUserName><![CDATA[o5V8y1ZLPm_U860TALDIyk814y1Q]]></FromUserName>
<CreateTime>1561032313</CreateTime>
<MsgType><![CDATA[event]]></MsgType>
<Event><![CDATA[subscribe]]></Event>
<EventKey><![CDATA[qrscene_business:5864a01773794135a05fba69901b7199]]></EventKey>
<Ticket><![CDATA[gQGj8DwAAAAAAAAAAS5odHRwOi8vd2VpeGluLnFxLmNvbS9xLzAyZ3RQMXQ5QnZjT2wxMDAwMHcwN2oAAgQPhH9cAwQAAAAA]]></Ticket>
</xml>

2019-06-20 20:05:13 params :
------------
String:
array (
  'rule' => -2,
  'module' => '',
  'message' => 
  array (
    'tousername' => 'gh_f9b894563ef4',
    'fromusername' => 'o5V8y1ZLPm_U860TALDIyk814y1Q',
    'createtime' => '1561032313',
    'msgtype' => 'event',
    'event' => 'subscribe',
    'eventkey' => 'qrscene_business:5864a01773794135a05fba69901b7199',
    'ticket' => 'gQGj8DwAAAAAAAAAAS5odHRwOi8vd2VpeGluLnFxLmNvbS9xLzAyZ3RQMXQ5QnZjT2wxMDAwMHcwN2oAAgQPhH9cAwQAAAAA',
    'from' => 'o5V8y1ZLPm_U860TALDIyk814y1Q',
    'to' => 'gh_f9b894563ef4',
    'time' => '1561032313',
    'type' => 'text',
    'scene' => 'business:5864a01773794135a05fba69901b7199',
    'redirection' => true,
    'source' => 'subscribe',
  ),
)

2019-06-20 20:05:13 response :
------------

2019-06-20 20:05:17 trace :
------------
String:
<xml><ToUserName><![CDATA[gh_f9b894563ef4]]></ToUserName>
<FromUserName><![CDATA[o5V8y1WDL9C5qbCnK5UtUraq4De4]]></FromUserName>
<CreateTime>1561032317</CreateTime>
<MsgType><![CDATA[event]]></MsgType>
<Event><![CDATA[TEMPLATESENDJOBFINISH]]></Event>
<MsgID>863020767943065600</MsgID>
<Status><![CDATA[success]]></Status>
</xml>

2019-06-20 20:05:17 params :
------------
String:
array (
  'rule' => -2,
  'module' => '',
  'message' => 
  array (
    'tousername' => 'gh_f9b894563ef4',
    'fromusername' => 'o5V8y1WDL9C5qbCnK5UtUraq4De4',
    'createtime' => '1561032317',
    'msgtype' => 'event',
    'event' => 'TEMPLATESENDJOBFINISH',
    'msgid' => '863020767943065600',
    'status' => 'success',
    'from' => 'o5V8y1WDL9C5qbCnK5UtUraq4De4',
    'to' => 'gh_f9b894563ef4',
    'time' => '1561032317',
    'type' => 'event',
  ),
)

2019-06-20 20:05:17 response :
------------

2019-06-20 20:06:05 trace :
------------
String:
<xml><ToUserName><![CDATA[gh_f9b894563ef4]]></ToUserName>
<FromUserName><![CDATA[o5V8y1VIEMPDZWs0S4KR9cui-JBQ]]></FromUserName>
<CreateTime>1561032365</CreateTime>
<MsgType><![CDATA[event]]></MsgType>
<Event><![CDATA[TEMPLATESENDJOBFINISH]]></Event>
<MsgID>863021578081255424</MsgID>
<Status><![CDATA[success]]></Status>
</xml>

2019-06-20 20:06:05 params :
------------
String:
array (
  'rule' => -2,
  'module' => '',
  'message' => 
  array (
    'tousername' => 'gh_f9b894563ef4',
    'fromusername' => 'o5V8y1VIEMPDZWs0S4KR9cui-JBQ',
    'createtime' => '1561032365',
    'msgtype' => 'event',
    'event' => 'TEMPLATESENDJOBFINISH',
    'msgid' => '863021578081255424',
    'status' => 'success',
    'from' => 'o5V8y1VIEMPDZWs0S4KR9cui-JBQ',
    'to' => 'gh_f9b894563ef4',
    'time' => '1561032365',
    'type' => 'event',
  ),
)

2019-06-20 20:06:05 response :
------------

2019-06-20 20:18:06 trace :
------------
String:
<xml><ToUserName><![CDATA[gh_f9b894563ef4]]></ToUserName>
<FromUserName><![CDATA[o5V8y1eWWlKCuJUb87XEMED0pYxU]]></FromUserName>
<CreateTime>1561033085</CreateTime>
<MsgType><![CDATA[event]]></MsgType>
<Event><![CDATA[subscribe]]></Event>
<EventKey><![CDATA[qrscene_business:5864a01773794135a05fba69901b7199]]></EventKey>
<Ticket><![CDATA[gQGj8DwAAAAAAAAAAS5odHRwOi8vd2VpeGluLnFxLmNvbS9xLzAyZ3RQMXQ5QnZjT2wxMDAwMHcwN2oAAgQPhH9cAwQAAAAA]]></Ticket>
</xml>

2019-06-20 20:18:06 params :
------------
String:
array (
  'rule' => -2,
  'module' => '',
  'message' => 
  array (
    'tousername' => 'gh_f9b894563ef4',
    'fromusername' => 'o5V8y1eWWlKCuJUb87XEMED0pYxU',
    'createtime' => '1561033085',
    'msgtype' => 'event',
    'event' => 'subscribe',
    'eventkey' => 'qrscene_business:5864a01773794135a05fba69901b7199',
    'ticket' => 'gQGj8DwAAAAAAAAAAS5odHRwOi8vd2VpeGluLnFxLmNvbS9xLzAyZ3RQMXQ5QnZjT2wxMDAwMHcwN2oAAgQPhH9cAwQAAAAA',
    'from' => 'o5V8y1eWWlKCuJUb87XEMED0pYxU',
    'to' => 'gh_f9b894563ef4',
    'time' => '1561033085',
    'type' => 'text',
    'scene' => 'business:5864a01773794135a05fba69901b7199',
    'redirection' => true,
    'source' => 'subscribe',
  ),
)

2019-06-20 20:18:06 response :
------------

2019-06-20 20:18:13 trace :
------------
String:
<xml><ToUserName><![CDATA[gh_f9b894563ef4]]></ToUserName>
<FromUserName><![CDATA[o5V8y1eWWlKCuJUb87XEMED0pYxU]]></FromUserName>
<CreateTime>1561033093</CreateTime>
<MsgType><![CDATA[text]]></MsgType>
<Content><![CDATA[13649206290]]></Content>
<MsgId>22348621192291313</MsgId>
</xml>

2019-06-20 20:18:13 params :
------------
String:
array (
  'rule' => -2,
  'module' => '',
  'message' => 
  array (
    'tousername' => 'gh_f9b894563ef4',
    'fromusername' => 'o5V8y1eWWlKCuJUb87XEMED0pYxU',
    'createtime' => '1561033093',
    'msgtype' => 'text',
    'content' => '13649206290',
    'msgid' => '22348621192291313',
    'from' => 'o5V8y1eWWlKCuJUb87XEMED0pYxU',
    'to' => 'gh_f9b894563ef4',
    'time' => '1561033093',
    'type' => 'text',
    'event' => NULL,
    'redirection' => false,
    'source' => NULL,
  ),
)

2019-06-20 20:18:13 response :
------------

2019-06-20 20:19:51 trace :
------------
String:
<xml><ToUserName><![CDATA[gh_f9b894563ef4]]></ToUserName>
<FromUserName><![CDATA[o5V8y1bGtPDtlE0L6Vwq5-h0rbB4]]></FromUserName>
<CreateTime>1561033191</CreateTime>
<MsgType><![CDATA[event]]></MsgType>
<Event><![CDATA[subscribe]]></Event>
<EventKey><![CDATA[qrscene_business:5864a01773794135a05fba69901b7199]]></EventKey>
<Ticket><![CDATA[gQGj8DwAAAAAAAAAAS5odHRwOi8vd2VpeGluLnFxLmNvbS9xLzAyZ3RQMXQ5QnZjT2wxMDAwMHcwN2oAAgQPhH9cAwQAAAAA]]></Ticket>
</xml>

2019-06-20 20:19:51 params :
------------
String:
array (
  'rule' => -2,
  'module' => '',
  'message' => 
  array (
    'tousername' => 'gh_f9b894563ef4',
    'fromusername' => 'o5V8y1bGtPDtlE0L6Vwq5-h0rbB4',
    'createtime' => '1561033191',
    'msgtype' => 'event',
    'event' => 'subscribe',
    'eventkey' => 'qrscene_business:5864a01773794135a05fba69901b7199',
    'ticket' => 'gQGj8DwAAAAAAAAAAS5odHRwOi8vd2VpeGluLnFxLmNvbS9xLzAyZ3RQMXQ5QnZjT2wxMDAwMHcwN2oAAgQPhH9cAwQAAAAA',
    'from' => 'o5V8y1bGtPDtlE0L6Vwq5-h0rbB4',
    'to' => 'gh_f9b894563ef4',
    'time' => '1561033191',
    'type' => 'text',
    'scene' => 'business:5864a01773794135a05fba69901b7199',
    'redirection' => true,
    'source' => 'subscribe',
  ),
)

2019-06-20 20:19:51 response :
------------

2019-06-20 20:19:57 trace :
------------
String:
<xml><ToUserName><![CDATA[gh_f9b894563ef4]]></ToUserName>
<FromUserName><![CDATA[o5V8y1bGtPDtlE0L6Vwq5-h0rbB4]]></FromUserName>
<CreateTime>1561033196</CreateTime>
<MsgType><![CDATA[text]]></MsgType>
<Content><![CDATA[18092396838]]></Content>
<MsgId>22348619967054099</MsgId>
</xml>

2019-06-20 20:19:57 params :
------------
String:
array (
  'rule' => -2,
  'module' => '',
  'message' => 
  array (
    'tousername' => 'gh_f9b894563ef4',
    'fromusername' => 'o5V8y1bGtPDtlE0L6Vwq5-h0rbB4',
    'createtime' => '1561033196',
    'msgtype' => 'text',
    'content' => '18092396838',
    'msgid' => '22348619967054099',
    'from' => 'o5V8y1bGtPDtlE0L6Vwq5-h0rbB4',
    'to' => 'gh_f9b894563ef4',
    'time' => '1561033196',
    'type' => 'text',
    'event' => NULL,
    'redirection' => false,
    'source' => NULL,
  ),
)

2019-06-20 20:19:57 response :
------------

2019-06-20 20:23:47 trace :
------------
String:
<xml><ToUserName><![CDATA[gh_f9b894563ef4]]></ToUserName>
<FromUserName><![CDATA[o5V8y1egKDpKU69E5-jrAttD30J4]]></FromUserName>
<CreateTime>1561033427</CreateTime>
<MsgType><![CDATA[event]]></MsgType>
<Event><![CDATA[subscribe]]></Event>
<EventKey><![CDATA[qrscene_business:5864a01773794135a05fba69901b7199]]></EventKey>
<Ticket><![CDATA[gQGj8DwAAAAAAAAAAS5odHRwOi8vd2VpeGluLnFxLmNvbS9xLzAyZ3RQMXQ5QnZjT2wxMDAwMHcwN2oAAgQPhH9cAwQAAAAA]]></Ticket>
</xml>

2019-06-20 20:23:47 params :
------------
String:
array (
  'rule' => -2,
  'module' => '',
  'message' => 
  array (
    'tousername' => 'gh_f9b894563ef4',
    'fromusername' => 'o5V8y1egKDpKU69E5-jrAttD30J4',
    'createtime' => '1561033427',
    'msgtype' => 'event',
    'event' => 'subscribe',
    'eventkey' => 'qrscene_business:5864a01773794135a05fba69901b7199',
    'ticket' => 'gQGj8DwAAAAAAAAAAS5odHRwOi8vd2VpeGluLnFxLmNvbS9xLzAyZ3RQMXQ5QnZjT2wxMDAwMHcwN2oAAgQPhH9cAwQAAAAA',
    'from' => 'o5V8y1egKDpKU69E5-jrAttD30J4',
    'to' => 'gh_f9b894563ef4',
    'time' => '1561033427',
    'type' => 'text',
    'scene' => 'business:5864a01773794135a05fba69901b7199',
    'redirection' => true,
    'source' => 'subscribe',
  ),
)

2019-06-20 20:23:47 response :
------------

2019-06-20 20:24:04 trace :
------------
String:
<xml><ToUserName><![CDATA[gh_f9b894563ef4]]></ToUserName>
<FromUserName><![CDATA[o5V8y1egKDpKU69E5-jrAttD30J4]]></FromUserName>
<CreateTime>1561033444</CreateTime>
<MsgType><![CDATA[text]]></MsgType>
<Content><![CDATA[15502906639]]></Content>
<MsgId>22348623872280716</MsgId>
</xml>

2019-06-20 20:24:04 params :
------------
String:
array (
  'rule' => -2,
  'module' => '',
  'message' => 
  array (
    'tousername' => 'gh_f9b894563ef4',
    'fromusername' => 'o5V8y1egKDpKU69E5-jrAttD30J4',
    'createtime' => '1561033444',
    'msgtype' => 'text',
    'content' => '15502906639',
    'msgid' => '22348623872280716',
    'from' => 'o5V8y1egKDpKU69E5-jrAttD30J4',
    'to' => 'gh_f9b894563ef4',
    'time' => '1561033444',
    'type' => 'text',
    'event' => NULL,
    'redirection' => false,
    'source' => NULL,
  ),
)

2019-06-20 20:24:04 response :
------------

2019-06-20 20:24:15 trace :
------------
String:
<xml><ToUserName><![CDATA[gh_f9b894563ef4]]></ToUserName>
<FromUserName><![CDATA[o5V8y1egKDpKU69E5-jrAttD30J4]]></FromUserName>
<CreateTime>1561033455</CreateTime>
<MsgType><![CDATA[event]]></MsgType>
<Event><![CDATA[TEMPLATESENDJOBFINISH]]></Event>
<MsgID>863039853955530753</MsgID>
<Status><![CDATA[success]]></Status>
</xml>

2019-06-20 20:24:15 params :
------------
String:
array (
  'rule' => -2,
  'module' => '',
  'message' => 
  array (
    'tousername' => 'gh_f9b894563ef4',
    'fromusername' => 'o5V8y1egKDpKU69E5-jrAttD30J4',
    'createtime' => '1561033455',
    'msgtype' => 'event',
    'event' => 'TEMPLATESENDJOBFINISH',
    'msgid' => '863039853955530753',
    'status' => 'success',
    'from' => 'o5V8y1egKDpKU69E5-jrAttD30J4',
    'to' => 'gh_f9b894563ef4',
    'time' => '1561033455',
    'type' => 'event',
  ),
)

2019-06-20 20:24:15 response :
------------

2019-06-20 20:28:04 trace :
------------
String:
<xml><ToUserName><![CDATA[gh_f9b894563ef4]]></ToUserName>
<FromUserName><![CDATA[o5V8y1V0QxFOmPjPaCtsZSmKi8WE]]></FromUserName>
<CreateTime>1561033684</CreateTime>
<MsgType><![CDATA[event]]></MsgType>
<Event><![CDATA[TEMPLATESENDJOBFINISH]]></Event>
<MsgID>863043707698806784</MsgID>
<Status><![CDATA[success]]></Status>
</xml>

2019-06-20 20:28:04 params :
------------
String:
array (
  'rule' => -2,
  'module' => '',
  'message' => 
  array (
    'tousername' => 'gh_f9b894563ef4',
    'fromusername' => 'o5V8y1V0QxFOmPjPaCtsZSmKi8WE',
    'createtime' => '1561033684',
    'msgtype' => 'event',
    'event' => 'TEMPLATESENDJOBFINISH',
    'msgid' => '863043707698806784',
    'status' => 'success',
    'from' => 'o5V8y1V0QxFOmPjPaCtsZSmKi8WE',
    'to' => 'gh_f9b894563ef4',
    'time' => '1561033684',
    'type' => 'event',
  ),
)

2019-06-20 20:28:04 response :
------------

2019-06-20 20:54:32 trace :
------------
String:
<xml><ToUserName><![CDATA[gh_f9b894563ef4]]></ToUserName>
<FromUserName><![CDATA[o5V8y1bspZPlmGKKK5yjiTSf5GKQ]]></FromUserName>
<CreateTime>1561035272</CreateTime>
<MsgType><![CDATA[event]]></MsgType>
<Event><![CDATA[subscribe]]></Event>
<EventKey><![CDATA[qrscene_business:5864a01773794135a05fba69901b7199]]></EventKey>
<Ticket><![CDATA[gQGj8DwAAAAAAAAAAS5odHRwOi8vd2VpeGluLnFxLmNvbS9xLzAyZ3RQMXQ5QnZjT2wxMDAwMHcwN2oAAgQPhH9cAwQAAAAA]]></Ticket>
</xml>

2019-06-20 20:54:32 params :
------------
String:
array (
  'rule' => -2,
  'module' => '',
  'message' => 
  array (
    'tousername' => 'gh_f9b894563ef4',
    'fromusername' => 'o5V8y1bspZPlmGKKK5yjiTSf5GKQ',
    'createtime' => '1561035272',
    'msgtype' => 'event',
    'event' => 'subscribe',
    'eventkey' => 'qrscene_business:5864a01773794135a05fba69901b7199',
    'ticket' => 'gQGj8DwAAAAAAAAAAS5odHRwOi8vd2VpeGluLnFxLmNvbS9xLzAyZ3RQMXQ5QnZjT2wxMDAwMHcwN2oAAgQPhH9cAwQAAAAA',
    'from' => 'o5V8y1bspZPlmGKKK5yjiTSf5GKQ',
    'to' => 'gh_f9b894563ef4',
    'time' => '1561035272',
    'type' => 'text',
    'scene' => 'business:5864a01773794135a05fba69901b7199',
    'redirection' => true,
    'source' => 'subscribe',
  ),
)

2019-06-20 20:54:32 response :
------------

2019-06-20 20:54:46 trace :
------------
String:
<xml><ToUserName><![CDATA[gh_f9b894563ef4]]></ToUserName>
<FromUserName><![CDATA[o5V8y1bspZPlmGKKK5yjiTSf5GKQ]]></FromUserName>
<CreateTime>1561035285</CreateTime>
<MsgType><![CDATA[text]]></MsgType>
<Content><![CDATA[16602905324]]></Content>
<MsgId>22348650042910343</MsgId>
</xml>

2019-06-20 20:54:46 params :
------------
String:
array (
  'rule' => -2,
  'module' => '',
  'message' => 
  array (
    'tousername' => 'gh_f9b894563ef4',
    'fromusername' => 'o5V8y1bspZPlmGKKK5yjiTSf5GKQ',
    'createtime' => '1561035285',
    'msgtype' => 'text',
    'content' => '16602905324',
    'msgid' => '22348650042910343',
    'from' => 'o5V8y1bspZPlmGKKK5yjiTSf5GKQ',
    'to' => 'gh_f9b894563ef4',
    'time' => '1561035285',
    'type' => 'text',
    'event' => NULL,
    'redirection' => false,
    'source' => NULL,
  ),
)

2019-06-20 20:54:46 response :
------------

2019-06-20 20:55:13 trace :
------------
String:
<xml><ToUserName><![CDATA[gh_f9b894563ef4]]></ToUserName>
<FromUserName><![CDATA[o5V8y1bspZPlmGKKK5yjiTSf5GKQ]]></FromUserName>
<CreateTime>1561035313</CreateTime>
<MsgType><![CDATA[event]]></MsgType>
<Event><![CDATA[TEMPLATESENDJOBFINISH]]></Event>
<MsgID>863071031005773824</MsgID>
<Status><![CDATA[success]]></Status>
</xml>

2019-06-20 20:55:13 params :
------------
String:
array (
  'rule' => -2,
  'module' => '',
  'message' => 
  array (
    'tousername' => 'gh_f9b894563ef4',
    'fromusername' => 'o5V8y1bspZPlmGKKK5yjiTSf5GKQ',
    'createtime' => '1561035313',
    'msgtype' => 'event',
    'event' => 'TEMPLATESENDJOBFINISH',
    'msgid' => '863071031005773824',
    'status' => 'success',
    'from' => 'o5V8y1bspZPlmGKKK5yjiTSf5GKQ',
    'to' => 'gh_f9b894563ef4',
    'time' => '1561035313',
    'type' => 'event',
  ),
)

2019-06-20 20:55:13 response :
------------

2019-06-20 20:58:35 trace :
------------
String:
<xml><ToUserName><![CDATA[gh_f9b894563ef4]]></ToUserName>
<FromUserName><![CDATA[o5V8y1VhKPNEcqdr5NfEAKAW7npQ]]></FromUserName>
<CreateTime>1561035515</CreateTime>
<MsgType><![CDATA[event]]></MsgType>
<Event><![CDATA[subscribe]]></Event>
<EventKey><![CDATA[qrscene_business:5864a01773794135a05fba69901b7199]]></EventKey>
<Ticket><![CDATA[gQGj8DwAAAAAAAAAAS5odHRwOi8vd2VpeGluLnFxLmNvbS9xLzAyZ3RQMXQ5QnZjT2wxMDAwMHcwN2oAAgQPhH9cAwQAAAAA]]></Ticket>
</xml>

2019-06-20 20:58:35 params :
------------
String:
array (
  'rule' => -2,
  'module' => '',
  'message' => 
  array (
    'tousername' => 'gh_f9b894563ef4',
    'fromusername' => 'o5V8y1VhKPNEcqdr5NfEAKAW7npQ',
    'createtime' => '1561035515',
    'msgtype' => 'event',
    'event' => 'subscribe',
    'eventkey' => 'qrscene_business:5864a01773794135a05fba69901b7199',
    'ticket' => 'gQGj8DwAAAAAAAAAAS5odHRwOi8vd2VpeGluLnFxLmNvbS9xLzAyZ3RQMXQ5QnZjT2wxMDAwMHcwN2oAAgQPhH9cAwQAAAAA',
    'from' => 'o5V8y1VhKPNEcqdr5NfEAKAW7npQ',
    'to' => 'gh_f9b894563ef4',
    'time' => '1561035515',
    'type' => 'text',
    'scene' => 'business:5864a01773794135a05fba69901b7199',
    'redirection' => true,
    'source' => 'subscribe',
  ),
)

2019-06-20 20:58:35 response :
------------

2019-06-20 20:58:47 trace :
------------
String:
<xml><ToUserName><![CDATA[gh_f9b894563ef4]]></ToUserName>
<FromUserName><![CDATA[o5V8y1VhKPNEcqdr5NfEAKAW7npQ]]></FromUserName>
<CreateTime>1561035526</CreateTime>
<MsgType><![CDATA[text]]></MsgType>
<Content><![CDATA[13892388247]]></Content>
<MsgId>22348655507527421</MsgId>
</xml>

2019-06-20 20:58:47 params :
------------
String:
array (
  'rule' => -2,
  'module' => '',
  'message' => 
  array (
    'tousername' => 'gh_f9b894563ef4',
    'fromusername' => 'o5V8y1VhKPNEcqdr5NfEAKAW7npQ',
    'createtime' => '1561035526',
    'msgtype' => 'text',
    'content' => '13892388247',
    'msgid' => '22348655507527421',
    'from' => 'o5V8y1VhKPNEcqdr5NfEAKAW7npQ',
    'to' => 'gh_f9b894563ef4',
    'time' => '1561035526',
    'type' => 'text',
    'event' => NULL,
    'redirection' => false,
    'source' => NULL,
  ),
)

2019-06-20 20:58:47 response :
------------

2019-06-20 21:02:53 trace :
------------
String:
<xml><ToUserName><![CDATA[gh_f9b894563ef4]]></ToUserName>
<FromUserName><![CDATA[o5V8y1W6idSE2UNUTwk9JOFFeULY]]></FromUserName>
<CreateTime>1561035773</CreateTime>
<MsgType><![CDATA[event]]></MsgType>
<Event><![CDATA[TEMPLATESENDJOBFINISH]]></Event>
<MsgID>863078746914553856</MsgID>
<Status><![CDATA[success]]></Status>
</xml>

2019-06-20 21:02:53 params :
------------
String:
array (
  'rule' => -2,
  'module' => '',
  'message' => 
  array (
    'tousername' => 'gh_f9b894563ef4',
    'fromusername' => 'o5V8y1W6idSE2UNUTwk9JOFFeULY',
    'createtime' => '1561035773',
    'msgtype' => 'event',
    'event' => 'TEMPLATESENDJOBFINISH',
    'msgid' => '863078746914553856',
    'status' => 'success',
    'from' => 'o5V8y1W6idSE2UNUTwk9JOFFeULY',
    'to' => 'gh_f9b894563ef4',
    'time' => '1561035773',
    'type' => 'event',
  ),
)

2019-06-20 21:02:53 response :
------------

2019-06-20 21:11:13 trace :
------------
String:
<xml><ToUserName><![CDATA[gh_f9b894563ef4]]></ToUserName>
<FromUserName><![CDATA[o5V8y1ZLPm_U860TALDIyk814y1Q]]></FromUserName>
<CreateTime>1561036272</CreateTime>
<MsgType><![CDATA[text]]></MsgType>
<Content><![CDATA[18729229206]]></Content>
<MsgId>22348668513578236</MsgId>
</xml>

2019-06-20 21:11:13 params :
------------
String:
array (
  'rule' => -2,
  'module' => '',
  'message' => 
  array (
    'tousername' => 'gh_f9b894563ef4',
    'fromusername' => 'o5V8y1ZLPm_U860TALDIyk814y1Q',
    'createtime' => '1561036272',
    'msgtype' => 'text',
    'content' => '18729229206',
    'msgid' => '22348668513578236',
    'from' => 'o5V8y1ZLPm_U860TALDIyk814y1Q',
    'to' => 'gh_f9b894563ef4',
    'time' => '1561036272',
    'type' => 'text',
    'event' => NULL,
    'redirection' => false,
    'source' => NULL,
  ),
)

2019-06-20 21:11:13 response :
------------

2019-06-20 21:11:29 trace :
------------
String:
<xml><ToUserName><![CDATA[gh_f9b894563ef4]]></ToUserName>
<FromUserName><![CDATA[o5V8y1ZLPm_U860TALDIyk814y1Q]]></FromUserName>
<CreateTime>1561036289</CreateTime>
<MsgType><![CDATA[event]]></MsgType>
<Event><![CDATA[TEMPLATESENDJOBFINISH]]></Event>
<MsgID>863087413571305472</MsgID>
<Status><![CDATA[success]]></Status>
</xml>

2019-06-20 21:11:29 params :
------------
String:
array (
  'rule' => -2,
  'module' => '',
  'message' => 
  array (
    'tousername' => 'gh_f9b894563ef4',
    'fromusername' => 'o5V8y1ZLPm_U860TALDIyk814y1Q',
    'createtime' => '1561036289',
    'msgtype' => 'event',
    'event' => 'TEMPLATESENDJOBFINISH',
    'msgid' => '863087413571305472',
    'status' => 'success',
    'from' => 'o5V8y1ZLPm_U860TALDIyk814y1Q',
    'to' => 'gh_f9b894563ef4',
    'time' => '1561036289',
    'type' => 'event',
  ),
)

2019-06-20 21:11:29 response :
------------

2019-06-20 21:12:27 trace :
------------
String:
<xml><ToUserName><![CDATA[gh_f9b894563ef4]]></ToUserName>
<FromUserName><![CDATA[o5V8y1Y1lTfGDXSd7oOXPkpx6l90]]></FromUserName>
<CreateTime>1561036347</CreateTime>
<MsgType><![CDATA[event]]></MsgType>
<Event><![CDATA[TEMPLATESENDJOBFINISH]]></Event>
<MsgID>863088384351305729</MsgID>
<Status><![CDATA[success]]></Status>
</xml>

2019-06-20 21:12:27 params :
------------
String:
array (
  'rule' => -2,
  'module' => '',
  'message' => 
  array (
    'tousername' => 'gh_f9b894563ef4',
    'fromusername' => 'o5V8y1Y1lTfGDXSd7oOXPkpx6l90',
    'createtime' => '1561036347',
    'msgtype' => 'event',
    'event' => 'TEMPLATESENDJOBFINISH',
    'msgid' => '863088384351305729',
    'status' => 'success',
    'from' => 'o5V8y1Y1lTfGDXSd7oOXPkpx6l90',
    'to' => 'gh_f9b894563ef4',
    'time' => '1561036347',
    'type' => 'event',
  ),
)

2019-06-20 21:12:27 response :
------------

2019-06-20 21:12:32 trace :
------------
String:
<xml><ToUserName><![CDATA[gh_f9b894563ef4]]></ToUserName>
<FromUserName><![CDATA[o5V8y1Y1lTfGDXSd7oOXPkpx6l90]]></FromUserName>
<CreateTime>1561036352</CreateTime>
<MsgType><![CDATA[event]]></MsgType>
<Event><![CDATA[TEMPLATESENDJOBFINISH]]></Event>
<MsgID>863088469982216192</MsgID>
<Status><![CDATA[success]]></Status>
</xml>

2019-06-20 21:12:32 params :
------------
String:
array (
  'rule' => -2,
  'module' => '',
  'message' => 
  array (
    'tousername' => 'gh_f9b894563ef4',
    'fromusername' => 'o5V8y1Y1lTfGDXSd7oOXPkpx6l90',
    'createtime' => '1561036352',
    'msgtype' => 'event',
    'event' => 'TEMPLATESENDJOBFINISH',
    'msgid' => '863088469982216192',
    'status' => 'success',
    'from' => 'o5V8y1Y1lTfGDXSd7oOXPkpx6l90',
    'to' => 'gh_f9b894563ef4',
    'time' => '1561036352',
    'type' => 'event',
  ),
)

2019-06-20 21:12:32 response :
------------

2019-06-20 21:16:12 trace :
------------
String:
<xml><ToUserName><![CDATA[gh_f9b894563ef4]]></ToUserName>
<FromUserName><![CDATA[o5V8y1Zcf-5ezaZ4ioC3F2vF2UMg]]></FromUserName>
<CreateTime>1561036572</CreateTime>
<MsgType><![CDATA[event]]></MsgType>
<Event><![CDATA[subscribe]]></Event>
<EventKey><![CDATA[qrscene_business:5864a01773794135a05fba69901b7199]]></EventKey>
<Ticket><![CDATA[gQGj8DwAAAAAAAAAAS5odHRwOi8vd2VpeGluLnFxLmNvbS9xLzAyZ3RQMXQ5QnZjT2wxMDAwMHcwN2oAAgQPhH9cAwQAAAAA]]></Ticket>
</xml>

2019-06-20 21:16:12 params :
------------
String:
array (
  'rule' => -2,
  'module' => '',
  'message' => 
  array (
    'tousername' => 'gh_f9b894563ef4',
    'fromusername' => 'o5V8y1Zcf-5ezaZ4ioC3F2vF2UMg',
    'createtime' => '1561036572',
    'msgtype' => 'event',
    'event' => 'subscribe',
    'eventkey' => 'qrscene_business:5864a01773794135a05fba69901b7199',
    'ticket' => 'gQGj8DwAAAAAAAAAAS5odHRwOi8vd2VpeGluLnFxLmNvbS9xLzAyZ3RQMXQ5QnZjT2wxMDAwMHcwN2oAAgQPhH9cAwQAAAAA',
    'from' => 'o5V8y1Zcf-5ezaZ4ioC3F2vF2UMg',
    'to' => 'gh_f9b894563ef4',
    'time' => '1561036572',
    'type' => 'text',
    'scene' => 'business:5864a01773794135a05fba69901b7199',
    'redirection' => true,
    'source' => 'subscribe',
  ),
)

2019-06-20 21:16:12 response :
------------

2019-06-20 21:16:22 trace :
------------
String:
<xml><ToUserName><![CDATA[gh_f9b894563ef4]]></ToUserName>
<FromUserName><![CDATA[o5V8y1Zcf-5ezaZ4ioC3F2vF2UMg]]></FromUserName>
<CreateTime>1561036582</CreateTime>
<MsgType><![CDATA[text]]></MsgType>
<Content><![CDATA[13227868983]]></Content>
<MsgId>22348671518714724</MsgId>
</xml>

2019-06-20 21:16:22 params :
------------
String:
array (
  'rule' => -2,
  'module' => '',
  'message' => 
  array (
    'tousername' => 'gh_f9b894563ef4',
    'fromusername' => 'o5V8y1Zcf-5ezaZ4ioC3F2vF2UMg',
    'createtime' => '1561036582',
    'msgtype' => 'text',
    'content' => '13227868983',
    'msgid' => '22348671518714724',
    'from' => 'o5V8y1Zcf-5ezaZ4ioC3F2vF2UMg',
    'to' => 'gh_f9b894563ef4',
    'time' => '1561036582',
    'type' => 'text',
    'event' => NULL,
    'redirection' => false,
    'source' => NULL,
  ),
)

2019-06-20 21:16:22 response :
------------

2019-06-20 21:17:02 trace :
------------
String:
<xml><ToUserName><![CDATA[gh_f9b894563ef4]]></ToUserName>
<FromUserName><![CDATA[o5V8y1Zcf-5ezaZ4ioC3F2vF2UMg]]></FromUserName>
<CreateTime>1561036622</CreateTime>
<MsgType><![CDATA[event]]></MsgType>
<Event><![CDATA[TEMPLATESENDJOBFINISH]]></Event>
<MsgID>863092999377534976</MsgID>
<Status><![CDATA[success]]></Status>
</xml>

2019-06-20 21:17:02 params :
------------
String:
array (
  'rule' => -2,
  'module' => '',
  'message' => 
  array (
    'tousername' => 'gh_f9b894563ef4',
    'fromusername' => 'o5V8y1Zcf-5ezaZ4ioC3F2vF2UMg',
    'createtime' => '1561036622',
    'msgtype' => 'event',
    'event' => 'TEMPLATESENDJOBFINISH',
    'msgid' => '863092999377534976',
    'status' => 'success',
    'from' => 'o5V8y1Zcf-5ezaZ4ioC3F2vF2UMg',
    'to' => 'gh_f9b894563ef4',
    'time' => '1561036622',
    'type' => 'event',
  ),
)

2019-06-20 21:17:02 response :
------------

2019-06-20 21:18:47 trace :
------------
String:
<xml><ToUserName><![CDATA[gh_f9b894563ef4]]></ToUserName>
<FromUserName><![CDATA[o5V8y1Zcf-5ezaZ4ioC3F2vF2UMg]]></FromUserName>
<CreateTime>1561036727</CreateTime>
<MsgType><![CDATA[event]]></MsgType>
<Event><![CDATA[TEMPLATESENDJOBFINISH]]></Event>
<MsgID>863094758653181953</MsgID>
<Status><![CDATA[success]]></Status>
</xml>

2019-06-20 21:18:47 params :
------------
String:
array (
  'rule' => -2,
  'module' => '',
  'message' => 
  array (
    'tousername' => 'gh_f9b894563ef4',
    'fromusername' => 'o5V8y1Zcf-5ezaZ4ioC3F2vF2UMg',
    'createtime' => '1561036727',
    'msgtype' => 'event',
    'event' => 'TEMPLATESENDJOBFINISH',
    'msgid' => '863094758653181953',
    'status' => 'success',
    'from' => 'o5V8y1Zcf-5ezaZ4ioC3F2vF2UMg',
    'to' => 'gh_f9b894563ef4',
    'time' => '1561036727',
    'type' => 'event',
  ),
)

2019-06-20 21:18:47 response :
------------

2019-06-20 21:21:55 trace :
------------
String:
<xml><ToUserName><![CDATA[gh_f9b894563ef4]]></ToUserName>
<FromUserName><![CDATA[o5V8y1cCJtRfhFC7OLipo6DCbxb0]]></FromUserName>
<CreateTime>1561036915</CreateTime>
<MsgType><![CDATA[event]]></MsgType>
<Event><![CDATA[TEMPLATESENDJOBFINISH]]></Event>
<MsgID>863097913189335044</MsgID>
<Status><![CDATA[success]]></Status>
</xml>

2019-06-20 21:21:55 params :
------------
String:
array (
  'rule' => -2,
  'module' => '',
  'message' => 
  array (
    'tousername' => 'gh_f9b894563ef4',
    'fromusername' => 'o5V8y1cCJtRfhFC7OLipo6DCbxb0',
    'createtime' => '1561036915',
    'msgtype' => 'event',
    'event' => 'TEMPLATESENDJOBFINISH',
    'msgid' => '863097913189335044',
    'status' => 'success',
    'from' => 'o5V8y1cCJtRfhFC7OLipo6DCbxb0',
    'to' => 'gh_f9b894563ef4',
    'time' => '1561036915',
    'type' => 'event',
  ),
)

2019-06-20 21:21:55 response :
------------

2019-06-20 21:32:31 trace :
------------
String:
<xml><ToUserName><![CDATA[gh_f9b894563ef4]]></ToUserName>
<FromUserName><![CDATA[o5V8y1dZZPt_C-uwnXWYLBkUXlKY]]></FromUserName>
<CreateTime>1561037551</CreateTime>
<MsgType><![CDATA[event]]></MsgType>
<Event><![CDATA[subscribe]]></Event>
<EventKey><![CDATA[qrscene_business:5864a01773794135a05fba69901b7199]]></EventKey>
<Ticket><![CDATA[gQGj8DwAAAAAAAAAAS5odHRwOi8vd2VpeGluLnFxLmNvbS9xLzAyZ3RQMXQ5QnZjT2wxMDAwMHcwN2oAAgQPhH9cAwQAAAAA]]></Ticket>
</xml>

2019-06-20 21:32:31 params :
------------
String:
array (
  'rule' => -2,
  'module' => '',
  'message' => 
  array (
    'tousername' => 'gh_f9b894563ef4',
    'fromusername' => 'o5V8y1dZZPt_C-uwnXWYLBkUXlKY',
    'createtime' => '1561037551',
    'msgtype' => 'event',
    'event' => 'subscribe',
    'eventkey' => 'qrscene_business:5864a01773794135a05fba69901b7199',
    'ticket' => 'gQGj8DwAAAAAAAAAAS5odHRwOi8vd2VpeGluLnFxLmNvbS9xLzAyZ3RQMXQ5QnZjT2wxMDAwMHcwN2oAAgQPhH9cAwQAAAAA',
    'from' => 'o5V8y1dZZPt_C-uwnXWYLBkUXlKY',
    'to' => 'gh_f9b894563ef4',
    'time' => '1561037551',
    'type' => 'text',
    'scene' => 'business:5864a01773794135a05fba69901b7199',
    'redirection' => true,
    'source' => 'subscribe',
  ),
)

2019-06-20 21:32:31 response :
------------

2019-06-20 21:32:41 trace :
------------
String:
<xml><ToUserName><![CDATA[gh_f9b894563ef4]]></ToUserName>
<FromUserName><![CDATA[o5V8y1dZZPt_C-uwnXWYLBkUXlKY]]></FromUserName>
<CreateTime>1561037561</CreateTime>
<MsgType><![CDATA[text]]></MsgType>
<Content><![CDATA[18700591365]]></Content>
<MsgId>22348685534454188</MsgId>
</xml>

2019-06-20 21:32:41 params :
------------
String:
array (
  'rule' => -2,
  'module' => '',
  'message' => 
  array (
    'tousername' => 'gh_f9b894563ef4',
    'fromusername' => 'o5V8y1dZZPt_C-uwnXWYLBkUXlKY',
    'createtime' => '1561037561',
    'msgtype' => 'text',
    'content' => '18700591365',
    'msgid' => '22348685534454188',
    'from' => 'o5V8y1dZZPt_C-uwnXWYLBkUXlKY',
    'to' => 'gh_f9b894563ef4',
    'time' => '1561037561',
    'type' => 'text',
    'event' => NULL,
    'redirection' => false,
    'source' => NULL,
  ),
)

2019-06-20 21:32:41 response :
------------

2019-06-20 21:33:07 trace :
------------
String:
<xml><ToUserName><![CDATA[gh_f9b894563ef4]]></ToUserName>
<FromUserName><![CDATA[o5V8y1dZZPt_C-uwnXWYLBkUXlKY]]></FromUserName>
<CreateTime>1561037587</CreateTime>
<MsgType><![CDATA[event]]></MsgType>
<Event><![CDATA[TEMPLATESENDJOBFINISH]]></Event>
<MsgID>863109177076596737</MsgID>
<Status><![CDATA[success]]></Status>
</xml>

2019-06-20 21:33:07 params :
------------
String:
array (
  'rule' => -2,
  'module' => '',
  'message' => 
  array (
    'tousername' => 'gh_f9b894563ef4',
    'fromusername' => 'o5V8y1dZZPt_C-uwnXWYLBkUXlKY',
    'createtime' => '1561037587',
    'msgtype' => 'event',
    'event' => 'TEMPLATESENDJOBFINISH',
    'msgid' => '863109177076596737',
    'status' => 'success',
    'from' => 'o5V8y1dZZPt_C-uwnXWYLBkUXlKY',
    'to' => 'gh_f9b894563ef4',
    'time' => '1561037587',
    'type' => 'event',
  ),
)

2019-06-20 21:33:07 response :
------------

2019-06-20 21:33:59 trace :
------------
String:
<xml><ToUserName><![CDATA[gh_f9b894563ef4]]></ToUserName>
<FromUserName><![CDATA[o5V8y1dZZPt_C-uwnXWYLBkUXlKY]]></FromUserName>
<CreateTime>1561037639</CreateTime>
<MsgType><![CDATA[event]]></MsgType>
<Event><![CDATA[TEMPLATESENDJOBFINISH]]></Event>
<MsgID>863110055179304962</MsgID>
<Status><![CDATA[success]]></Status>
</xml>

2019-06-20 21:33:59 params :
------------
String:
array (
  'rule' => -2,
  'module' => '',
  'message' => 
  array (
    'tousername' => 'gh_f9b894563ef4',
    'fromusername' => 'o5V8y1dZZPt_C-uwnXWYLBkUXlKY',
    'createtime' => '1561037639',
    'msgtype' => 'event',
    'event' => 'TEMPLATESENDJOBFINISH',
    'msgid' => '863110055179304962',
    'status' => 'success',
    'from' => 'o5V8y1dZZPt_C-uwnXWYLBkUXlKY',
    'to' => 'gh_f9b894563ef4',
    'time' => '1561037639',
    'type' => 'event',
  ),
)

2019-06-20 21:33:59 response :
------------

2019-06-20 21:38:16 trace :
------------
String:
<xml><ToUserName><![CDATA[gh_f9b894563ef4]]></ToUserName>
<FromUserName><![CDATA[o5V8y1eWWlKCuJUb87XEMED0pYxU]]></FromUserName>
<CreateTime>1561037896</CreateTime>
<MsgType><![CDATA[event]]></MsgType>
<Event><![CDATA[TEMPLATESENDJOBFINISH]]></Event>
<MsgID>863114372057530368</MsgID>
<Status><![CDATA[success]]></Status>
</xml>

2019-06-20 21:38:16 params :
------------
String:
array (
  'rule' => -2,
  'module' => '',
  'message' => 
  array (
    'tousername' => 'gh_f9b894563ef4',
    'fromusername' => 'o5V8y1eWWlKCuJUb87XEMED0pYxU',
    'createtime' => '1561037896',
    'msgtype' => 'event',
    'event' => 'TEMPLATESENDJOBFINISH',
    'msgid' => '863114372057530368',
    'status' => 'success',
    'from' => 'o5V8y1eWWlKCuJUb87XEMED0pYxU',
    'to' => 'gh_f9b894563ef4',
    'time' => '1561037896',
    'type' => 'event',
  ),
)

2019-06-20 21:38:16 response :
------------

2019-06-20 21:48:47 trace :
------------
String:
<xml><ToUserName><![CDATA[gh_c804ae748f89]]></ToUserName>
<FromUserName><![CDATA[o3lrB52OQe5owM1VXVuw4dyttQho]]></FromUserName>
<CreateTime>1561038527</CreateTime>
<MsgType><![CDATA[event]]></MsgType>
<Event><![CDATA[VIEW]]></Event>
<EventKey><![CDATA[http://www.boyufengmao.com/app/index.php?i=2&c=entry&m=ewei_shopv2&do=mobile&r=diypage&id=19]]></EventKey>
<MenuId>444058172</MenuId>
</xml>

2019-06-20 21:48:47 params :
------------
String:
array (
  'rule' => -2,
  'module' => '',
  'message' => 
  array (
    'tousername' => 'gh_c804ae748f89',
    'fromusername' => 'o3lrB52OQe5owM1VXVuw4dyttQho',
    'createtime' => '1561038527',
    'msgtype' => 'event',
    'event' => 'VIEW',
    'eventkey' => 'http://www.boyufengmao.com/app/index.php?i=2&c=entry&m=ewei_shopv2&do=mobile&r=diypage&id=19',
    'menuid' => '444058172',
    'from' => 'o3lrB52OQe5owM1VXVuw4dyttQho',
    'to' => 'gh_c804ae748f89',
    'time' => '1561038527',
    'type' => 'text',
    'content' => 'http://www.boyufengmao.com/app/index.php?i=2&c=entry&m=ewei_shopv2&do=mobile&r=diypage&id=19',
    'redirection' => true,
    'source' => 'VIEW',
  ),
)

2019-06-20 21:48:47 response :
------------

2019-06-20 21:56:01 trace :
------------
String:
<xml><ToUserName><![CDATA[gh_f9b894563ef4]]></ToUserName>
<FromUserName><![CDATA[o5V8y1VhKPNEcqdr5NfEAKAW7npQ]]></FromUserName>
<CreateTime>1561038961</CreateTime>
<MsgType><![CDATA[event]]></MsgType>
<Event><![CDATA[TEMPLATESENDJOBFINISH]]></Event>
<MsgID>863132240597958656</MsgID>
<Status><![CDATA[success]]></Status>
</xml>

2019-06-20 21:56:01 params :
------------
String:
array (
  'rule' => -2,
  'module' => '',
  'message' => 
  array (
    'tousername' => 'gh_f9b894563ef4',
    'fromusername' => 'o5V8y1VhKPNEcqdr5NfEAKAW7npQ',
    'createtime' => '1561038961',
    'msgtype' => 'event',
    'event' => 'TEMPLATESENDJOBFINISH',
    'msgid' => '863132240597958656',
    'status' => 'success',
    'from' => 'o5V8y1VhKPNEcqdr5NfEAKAW7npQ',
    'to' => 'gh_f9b894563ef4',
    'time' => '1561038961',
    'type' => 'event',
  ),
)

2019-06-20 21:56:01 response :
------------

2019-06-20 21:56:59 trace :
------------
String:
<xml><ToUserName><![CDATA[gh_f9b894563ef4]]></ToUserName>
<FromUserName><![CDATA[o5V8y1bQau_wE5pnbQbGB09ebqWU]]></FromUserName>
<CreateTime>1561039019</CreateTime>
<MsgType><![CDATA[event]]></MsgType>
<Event><![CDATA[TEMPLATESENDJOBFINISH]]></Event>
<MsgID>863133201932451841</MsgID>
<Status><![CDATA[success]]></Status>
</xml>

2019-06-20 21:56:59 params :
------------
String:
array (
  'rule' => -2,
  'module' => '',
  'message' => 
  array (
    'tousername' => 'gh_f9b894563ef4',
    'fromusername' => 'o5V8y1bQau_wE5pnbQbGB09ebqWU',
    'createtime' => '1561039019',
    'msgtype' => 'event',
    'event' => 'TEMPLATESENDJOBFINISH',
    'msgid' => '863133201932451841',
    'status' => 'success',
    'from' => 'o5V8y1bQau_wE5pnbQbGB09ebqWU',
    'to' => 'gh_f9b894563ef4',
    'time' => '1561039019',
    'type' => 'event',
  ),
)

2019-06-20 21:56:59 response :
------------

2019-06-20 21:57:12 trace :
------------
String:
<xml><ToUserName><![CDATA[gh_f9b894563ef4]]></ToUserName>
<FromUserName><![CDATA[o5V8y1dIrybMrrqIIA1Pxwr8t_Eg]]></FromUserName>
<CreateTime>1561039032</CreateTime>
<MsgType><![CDATA[event]]></MsgType>
<Event><![CDATA[unsubscribe]]></Event>
<EventKey><![CDATA[]]></EventKey>
</xml>

2019-06-20 22:18:39 trace :
------------
String:
<xml><ToUserName><![CDATA[gh_f9b894563ef4]]></ToUserName>
<FromUserName><![CDATA[o5V8y1R5NnlmoKrMgeRHriOVRJLo]]></FromUserName>
<CreateTime>1561040319</CreateTime>
<MsgType><![CDATA[event]]></MsgType>
<Event><![CDATA[subscribe]]></Event>
<EventKey><![CDATA[qrscene_business:5864a01773794135a05fba69901b7199]]></EventKey>
<Ticket><![CDATA[gQGj8DwAAAAAAAAAAS5odHRwOi8vd2VpeGluLnFxLmNvbS9xLzAyZ3RQMXQ5QnZjT2wxMDAwMHcwN2oAAgQPhH9cAwQAAAAA]]></Ticket>
</xml>

2019-06-20 22:18:39 params :
------------
String:
array (
  'rule' => -2,
  'module' => '',
  'message' => 
  array (
    'tousername' => 'gh_f9b894563ef4',
    'fromusername' => 'o5V8y1R5NnlmoKrMgeRHriOVRJLo',
    'createtime' => '1561040319',
    'msgtype' => 'event',
    'event' => 'subscribe',
    'eventkey' => 'qrscene_business:5864a01773794135a05fba69901b7199',
    'ticket' => 'gQGj8DwAAAAAAAAAAS5odHRwOi8vd2VpeGluLnFxLmNvbS9xLzAyZ3RQMXQ5QnZjT2wxMDAwMHcwN2oAAgQPhH9cAwQAAAAA',
    'from' => 'o5V8y1R5NnlmoKrMgeRHriOVRJLo',
    'to' => 'gh_f9b894563ef4',
    'time' => '1561040319',
    'type' => 'text',
    'scene' => 'business:5864a01773794135a05fba69901b7199',
    'redirection' => true,
    'source' => 'subscribe',
  ),
)

2019-06-20 22:18:39 response :
------------

2019-06-20 22:18:58 trace :
------------
String:
<xml><ToUserName><![CDATA[gh_f9b894563ef4]]></ToUserName>
<FromUserName><![CDATA[o5V8y1R5NnlmoKrMgeRHriOVRJLo]]></FromUserName>
<CreateTime>1561040338</CreateTime>
<MsgType><![CDATA[text]]></MsgType>
<Content><![CDATA[18049015565]]></Content>
<MsgId>22348721397106664</MsgId>
</xml>

2019-06-20 22:18:58 params :
------------
String:
array (
  'rule' => -2,
  'module' => '',
  'message' => 
  array (
    'tousername' => 'gh_f9b894563ef4',
    'fromusername' => 'o5V8y1R5NnlmoKrMgeRHriOVRJLo',
    'createtime' => '1561040338',
    'msgtype' => 'text',
    'content' => '18049015565',
    'msgid' => '22348721397106664',
    'from' => 'o5V8y1R5NnlmoKrMgeRHriOVRJLo',
    'to' => 'gh_f9b894563ef4',
    'time' => '1561040338',
    'type' => 'text',
    'event' => NULL,
    'redirection' => false,
    'source' => NULL,
  ),
)

2019-06-20 22:18:58 response :
------------

2019-06-20 22:19:20 trace :
------------
String:
<xml><ToUserName><![CDATA[gh_f9b894563ef4]]></ToUserName>
<FromUserName><![CDATA[o5V8y1R5NnlmoKrMgeRHriOVRJLo]]></FromUserName>
<CreateTime>1561040360</CreateTime>
<MsgType><![CDATA[event]]></MsgType>
<Event><![CDATA[TEMPLATESENDJOBFINISH]]></Event>
<MsgID>863155705145114625</MsgID>
<Status><![CDATA[success]]></Status>
</xml>

2019-06-20 22:19:20 params :
------------
String:
array (
  'rule' => -2,
  'module' => '',
  'message' => 
  array (
    'tousername' => 'gh_f9b894563ef4',
    'fromusername' => 'o5V8y1R5NnlmoKrMgeRHriOVRJLo',
    'createtime' => '1561040360',
    'msgtype' => 'event',
    'event' => 'TEMPLATESENDJOBFINISH',
    'msgid' => '863155705145114625',
    'status' => 'success',
    'from' => 'o5V8y1R5NnlmoKrMgeRHriOVRJLo',
    'to' => 'gh_f9b894563ef4',
    'time' => '1561040360',
    'type' => 'event',
  ),
)

2019-06-20 22:19:20 response :
------------

2019-06-20 22:23:48 trace :
------------
String:
<xml><ToUserName><![CDATA[gh_f9b894563ef4]]></ToUserName>
<FromUserName><![CDATA[o5V8y1XQM2im264oIn2APMLCIh54]]></FromUserName>
<CreateTime>1561040628</CreateTime>
<MsgType><![CDATA[event]]></MsgType>
<Event><![CDATA[unsubscribe]]></Event>
<EventKey><![CDATA[]]></EventKey>
</xml>

2019-06-20 22:35:49 trace :
------------
String:
<xml><ToUserName><![CDATA[gh_f9b894563ef4]]></ToUserName>
<FromUserName><![CDATA[o5V8y1bqS4MgrAvJOTw7TiWHLvX4]]></FromUserName>
<CreateTime>1561041348</CreateTime>
<MsgType><![CDATA[event]]></MsgType>
<Event><![CDATA[subscribe]]></Event>
<EventKey><![CDATA[qrscene_business:5864a01773794135a05fba69901b7199]]></EventKey>
<Ticket><![CDATA[gQGj8DwAAAAAAAAAAS5odHRwOi8vd2VpeGluLnFxLmNvbS9xLzAyZ3RQMXQ5QnZjT2wxMDAwMHcwN2oAAgQPhH9cAwQAAAAA]]></Ticket>
</xml>

2019-06-20 22:35:49 params :
------------
String:
array (
  'rule' => -2,
  'module' => '',
  'message' => 
  array (
    'tousername' => 'gh_f9b894563ef4',
    'fromusername' => 'o5V8y1bqS4MgrAvJOTw7TiWHLvX4',
    'createtime' => '1561041348',
    'msgtype' => 'event',
    'event' => 'subscribe',
    'eventkey' => 'qrscene_business:5864a01773794135a05fba69901b7199',
    'ticket' => 'gQGj8DwAAAAAAAAAAS5odHRwOi8vd2VpeGluLnFxLmNvbS9xLzAyZ3RQMXQ5QnZjT2wxMDAwMHcwN2oAAgQPhH9cAwQAAAAA',
    'from' => 'o5V8y1bqS4MgrAvJOTw7TiWHLvX4',
    'to' => 'gh_f9b894563ef4',
    'time' => '1561041348',
    'type' => 'text',
    'scene' => 'business:5864a01773794135a05fba69901b7199',
    'redirection' => true,
    'source' => 'subscribe',
  ),
)

2019-06-20 22:35:49 response :
------------

2019-06-20 22:35:57 trace :
------------
String:
<xml><ToUserName><![CDATA[gh_f9b894563ef4]]></ToUserName>
<FromUserName><![CDATA[o5V8y1bqS4MgrAvJOTw7TiWHLvX4]]></FromUserName>
<CreateTime>1561041357</CreateTime>
<MsgType><![CDATA[text]]></MsgType>
<Content><![CDATA[18629190463]]></Content>
<MsgId>22348738394034407</MsgId>
</xml>

2019-06-20 22:35:57 params :
------------
String:
array (
  'rule' => -2,
  'module' => '',
  'message' => 
  array (
    'tousername' => 'gh_f9b894563ef4',
    'fromusername' => 'o5V8y1bqS4MgrAvJOTw7TiWHLvX4',
    'createtime' => '1561041357',
    'msgtype' => 'text',
    'content' => '18629190463',
    'msgid' => '22348738394034407',
    'from' => 'o5V8y1bqS4MgrAvJOTw7TiWHLvX4',
    'to' => 'gh_f9b894563ef4',
    'time' => '1561041357',
    'type' => 'text',
    'event' => NULL,
    'redirection' => false,
    'source' => NULL,
  ),
)

2019-06-20 22:35:57 response :
------------

2019-06-20 22:36:11 trace :
------------
String:
<xml><ToUserName><![CDATA[gh_f9b894563ef4]]></ToUserName>
<FromUserName><![CDATA[o5V8y1bqS4MgrAvJOTw7TiWHLvX4]]></FromUserName>
<CreateTime>1561041371</CreateTime>
<MsgType><![CDATA[event]]></MsgType>
<Event><![CDATA[TEMPLATESENDJOBFINISH]]></Event>
<MsgID>863172673470365696</MsgID>
<Status><![CDATA[success]]></Status>
</xml>

2019-06-20 22:36:11 params :
------------
String:
array (
  'rule' => -2,
  'module' => '',
  'message' => 
  array (
    'tousername' => 'gh_f9b894563ef4',
    'fromusername' => 'o5V8y1bqS4MgrAvJOTw7TiWHLvX4',
    'createtime' => '1561041371',
    'msgtype' => 'event',
    'event' => 'TEMPLATESENDJOBFINISH',
    'msgid' => '863172673470365696',
    'status' => 'success',
    'from' => 'o5V8y1bqS4MgrAvJOTw7TiWHLvX4',
    'to' => 'gh_f9b894563ef4',
    'time' => '1561041371',
    'type' => 'event',
  ),
)

2019-06-20 22:36:11 response :
------------

2019-06-20 22:43:34 trace :
------------
String:
<xml><ToUserName><![CDATA[gh_c804ae748f89]]></ToUserName>
<FromUserName><![CDATA[o3lrB52OQe5owM1VXVuw4dyttQho]]></FromUserName>
<CreateTime>1561041814</CreateTime>
<MsgType><![CDATA[event]]></MsgType>
<Event><![CDATA[VIEW]]></Event>
<EventKey><![CDATA[http://www.boyufengmao.com/app/index.php?i=2&c=entry&m=ewei_shopv2&do=mobile&r=diypage&id=19]]></EventKey>
<MenuId>444058172</MenuId>
</xml>

2019-06-20 22:43:34 params :
------------
String:
array (
  'rule' => -2,
  'module' => '',
  'message' => 
  array (
    'tousername' => 'gh_c804ae748f89',
    'fromusername' => 'o3lrB52OQe5owM1VXVuw4dyttQho',
    'createtime' => '1561041814',
    'msgtype' => 'event',
    'event' => 'VIEW',
    'eventkey' => 'http://www.boyufengmao.com/app/index.php?i=2&c=entry&m=ewei_shopv2&do=mobile&r=diypage&id=19',
    'menuid' => '444058172',
    'from' => 'o3lrB52OQe5owM1VXVuw4dyttQho',
    'to' => 'gh_c804ae748f89',
    'time' => '1561041814',
    'type' => 'text',
    'content' => 'http://www.boyufengmao.com/app/index.php?i=2&c=entry&m=ewei_shopv2&do=mobile&r=diypage&id=19',
    'redirection' => true,
    'source' => 'VIEW',
  ),
)

2019-06-20 22:43:34 response :
------------

2019-06-20 22:56:54 trace :
------------
String:
<xml><ToUserName><![CDATA[gh_f9b894563ef4]]></ToUserName>
<FromUserName><![CDATA[o5V8y1dZVHfVhnGplt6N7K-gwFuY]]></FromUserName>
<CreateTime>1561042613</CreateTime>
<MsgType><![CDATA[event]]></MsgType>
<Event><![CDATA[TEMPLATESENDJOBFINISH]]></Event>
<MsgID>863193514245570560</MsgID>
<Status><![CDATA[success]]></Status>
</xml>

2019-06-20 22:56:54 params :
------------
String:
array (
  'rule' => -2,
  'module' => '',
  'message' => 
  array (
    'tousername' => 'gh_f9b894563ef4',
    'fromusername' => 'o5V8y1dZVHfVhnGplt6N7K-gwFuY',
    'createtime' => '1561042613',
    'msgtype' => 'event',
    'event' => 'TEMPLATESENDJOBFINISH',
    'msgid' => '863193514245570560',
    'status' => 'success',
    'from' => 'o5V8y1dZVHfVhnGplt6N7K-gwFuY',
    'to' => 'gh_f9b894563ef4',
    'time' => '1561042613',
    'type' => 'event',
  ),
)

2019-06-20 22:56:54 response :
------------

2019-06-20 22:57:10 trace :
------------
String:
<xml><ToUserName><![CDATA[gh_f9b894563ef4]]></ToUserName>
<FromUserName><![CDATA[o5V8y1SxihaRIs_jxi2_xZgcxxGo]]></FromUserName>
<CreateTime>1561042630</CreateTime>
<MsgType><![CDATA[event]]></MsgType>
<Event><![CDATA[TEMPLATESENDJOBFINISH]]></Event>
<MsgID>863193797092638720</MsgID>
<Status><![CDATA[success]]></Status>
</xml>

2019-06-20 22:57:10 params :
------------
String:
array (
  'rule' => -2,
  'module' => '',
  'message' => 
  array (
    'tousername' => 'gh_f9b894563ef4',
    'fromusername' => 'o5V8y1SxihaRIs_jxi2_xZgcxxGo',
    'createtime' => '1561042630',
    'msgtype' => 'event',
    'event' => 'TEMPLATESENDJOBFINISH',
    'msgid' => '863193797092638720',
    'status' => 'success',
    'from' => 'o5V8y1SxihaRIs_jxi2_xZgcxxGo',
    'to' => 'gh_f9b894563ef4',
    'time' => '1561042630',
    'type' => 'event',
  ),
)

2019-06-20 22:57:10 response :
------------

2019-06-20 23:07:25 trace :
------------
String:
<xml><ToUserName><![CDATA[gh_f9b894563ef4]]></ToUserName>
<FromUserName><![CDATA[o5V8y1XxDGgcm9lBO3NxeHZHCuYA]]></FromUserName>
<CreateTime>1561043245</CreateTime>
<MsgType><![CDATA[event]]></MsgType>
<Event><![CDATA[subscribe]]></Event>
<EventKey><![CDATA[qrscene_business:5864a01773794135a05fba69901b7199]]></EventKey>
<Ticket><![CDATA[gQGj8DwAAAAAAAAAAS5odHRwOi8vd2VpeGluLnFxLmNvbS9xLzAyZ3RQMXQ5QnZjT2wxMDAwMHcwN2oAAgQPhH9cAwQAAAAA]]></Ticket>
</xml>

2019-06-20 23:07:25 params :
------------
String:
array (
  'rule' => -2,
  'module' => '',
  'message' => 
  array (
    'tousername' => 'gh_f9b894563ef4',
    'fromusername' => 'o5V8y1XxDGgcm9lBO3NxeHZHCuYA',
    'createtime' => '1561043245',
    'msgtype' => 'event',
    'event' => 'subscribe',
    'eventkey' => 'qrscene_business:5864a01773794135a05fba69901b7199',
    'ticket' => 'gQGj8DwAAAAAAAAAAS5odHRwOi8vd2VpeGluLnFxLmNvbS9xLzAyZ3RQMXQ5QnZjT2wxMDAwMHcwN2oAAgQPhH9cAwQAAAAA',
    'from' => 'o5V8y1XxDGgcm9lBO3NxeHZHCuYA',
    'to' => 'gh_f9b894563ef4',
    'time' => '1561043245',
    'type' => 'text',
    'scene' => 'business:5864a01773794135a05fba69901b7199',
    'redirection' => true,
    'source' => 'subscribe',
  ),
)

2019-06-20 23:07:25 response :
------------

2019-06-20 23:07:41 trace :
------------
String:
<xml><ToUserName><![CDATA[gh_f9b894563ef4]]></ToUserName>
<FromUserName><![CDATA[o5V8y1XxDGgcm9lBO3NxeHZHCuYA]]></FromUserName>
<CreateTime>1561043261</CreateTime>
<MsgType><![CDATA[text]]></MsgType>
<Content><![CDATA[13227885946]]></Content>
<MsgId>22348767343558680</MsgId>
</xml>

2019-06-20 23:07:41 params :
------------
String:
array (
  'rule' => -2,
  'module' => '',
  'message' => 
  array (
    'tousername' => 'gh_f9b894563ef4',
    'fromusername' => 'o5V8y1XxDGgcm9lBO3NxeHZHCuYA',
    'createtime' => '1561043261',
    'msgtype' => 'text',
    'content' => '13227885946',
    'msgid' => '22348767343558680',
    'from' => 'o5V8y1XxDGgcm9lBO3NxeHZHCuYA',
    'to' => 'gh_f9b894563ef4',
    'time' => '1561043261',
    'type' => 'text',
    'event' => NULL,
    'redirection' => false,
    'source' => NULL,
  ),
)

2019-06-20 23:07:41 response :
------------

2019-06-20 23:10:58 trace :
------------
String:
<xml><ToUserName><![CDATA[gh_f9b894563ef4]]></ToUserName>
<FromUserName><![CDATA[o5V8y1XxDGgcm9lBO3NxeHZHCuYA]]></FromUserName>
<CreateTime>1561043458</CreateTime>
<MsgType><![CDATA[event]]></MsgType>
<Event><![CDATA[TEMPLATESENDJOBFINISH]]></Event>
<MsgID>863207686463275008</MsgID>
<Status><![CDATA[success]]></Status>
</xml>

2019-06-20 23:10:58 params :
------------
String:
array (
  'rule' => -2,
  'module' => '',
  'message' => 
  array (
    'tousername' => 'gh_f9b894563ef4',
    'fromusername' => 'o5V8y1XxDGgcm9lBO3NxeHZHCuYA',
    'createtime' => '1561043458',
    'msgtype' => 'event',
    'event' => 'TEMPLATESENDJOBFINISH',
    'msgid' => '863207686463275008',
    'status' => 'success',
    'from' => 'o5V8y1XxDGgcm9lBO3NxeHZHCuYA',
    'to' => 'gh_f9b894563ef4',
    'time' => '1561043458',
    'type' => 'event',
  ),
)

2019-06-20 23:10:58 response :
------------

2019-06-20 23:11:17 trace :
------------
String:
<xml><ToUserName><![CDATA[gh_f9b894563ef4]]></ToUserName>
<FromUserName><![CDATA[o5V8y1XxDGgcm9lBO3NxeHZHCuYA]]></FromUserName>
<CreateTime>1561043477</CreateTime>
<MsgType><![CDATA[event]]></MsgType>
<Event><![CDATA[TEMPLATESENDJOBFINISH]]></Event>
<MsgID>863207998100062209</MsgID>
<Status><![CDATA[success]]></Status>
</xml>

2019-06-20 23:11:17 params :
------------
String:
array (
  'rule' => -2,
  'module' => '',
  'message' => 
  array (
    'tousername' => 'gh_f9b894563ef4',
    'fromusername' => 'o5V8y1XxDGgcm9lBO3NxeHZHCuYA',
    'createtime' => '1561043477',
    'msgtype' => 'event',
    'event' => 'TEMPLATESENDJOBFINISH',
    'msgid' => '863207998100062209',
    'status' => 'success',
    'from' => 'o5V8y1XxDGgcm9lBO3NxeHZHCuYA',
    'to' => 'gh_f9b894563ef4',
    'time' => '1561043477',
    'type' => 'event',
  ),
)

2019-06-20 23:11:17 response :
------------

