2020-05-12 09:41:46 trace :
------------
String:
<xml><ToUserName><![CDATA[gh_f7c52ee3e5f7]]></ToUserName>
<FromUserName><![CDATA[oANN2v9Ba7-GzecDZEHOOoc4swtI]]></FromUserName>
<CreateTime>1589247705</CreateTime>
<MsgType><![CDATA[event]]></MsgType>
<Event><![CDATA[unsubscribe]]></Event>
<EventKey><![CDATA[]]></EventKey>
</xml>

2020-05-12 11:00:43 trace :
------------
String:
<xml><ToUserName><![CDATA[gh_c804ae748f89]]></ToUserName>
<FromUserName><![CDATA[o3lrB59v291sdh21_fNY9nh9VF1U]]></FromUserName>
<CreateTime>1589252443</CreateTime>
<MsgType><![CDATA[event]]></MsgType>
<Event><![CDATA[VIEW]]></Event>
<EventKey><![CDATA[http://www.boyufengmao.com/app/index.php?i=2&c=entry&m=ewei_shopv2&do=mobile]]></EventKey>
<MenuId>444488974</MenuId>
</xml>

2020-05-12 11:00:43 params :
------------
String:
array (
  'rule' => -2,
  'module' => '',
  'message' => 
  array (
    'tousername' => 'gh_c804ae748f89',
    'fromusername' => 'o3lrB59v291sdh21_fNY9nh9VF1U',
    'createtime' => '1589252443',
    'msgtype' => 'event',
    'event' => 'VIEW',
    'eventkey' => 'http://www.boyufengmao.com/app/index.php?i=2&c=entry&m=ewei_shopv2&do=mobile',
    'menuid' => '444488974',
    'from' => 'o3lrB59v291sdh21_fNY9nh9VF1U',
    'to' => 'gh_c804ae748f89',
    'time' => '1589252443',
    'type' => 'text',
    'content' => 'http://www.boyufengmao.com/app/index.php?i=2&c=entry&m=ewei_shopv2&do=mobile',
    'redirection' => true,
    'source' => 'VIEW',
  ),
)

2020-05-12 11:00:43 response :
------------

2020-05-12 11:00:56 trace :
------------
String:
<xml><ToUserName><![CDATA[gh_798963d6b623]]></ToUserName>
<FromUserName><![CDATA[oa1g_1Kd4M242UFgupkOkz_KFXVw]]></FromUserName>
<CreateTime>1589252456</CreateTime>
<MsgType><![CDATA[event]]></MsgType>
<Event><![CDATA[VIEW]]></Event>
<EventKey><![CDATA[http://www.boyufengmao.com/app/index.php?i=9&c=entry&m=ewei_shopv2&do=mobile]]></EventKey>
<MenuId>438278889</MenuId>
</xml>

2020-05-12 11:00:56 params :
------------
String:
array (
  'rule' => -2,
  'module' => '',
  'message' => 
  array (
    'tousername' => 'gh_798963d6b623',
    'fromusername' => 'oa1g_1Kd4M242UFgupkOkz_KFXVw',
    'createtime' => '1589252456',
    'msgtype' => 'event',
    'event' => 'VIEW',
    'eventkey' => 'http://www.boyufengmao.com/app/index.php?i=9&c=entry&m=ewei_shopv2&do=mobile',
    'menuid' => '438278889',
    'from' => 'oa1g_1Kd4M242UFgupkOkz_KFXVw',
    'to' => 'gh_798963d6b623',
    'time' => '1589252456',
    'type' => 'text',
    'content' => 'http://www.boyufengmao.com/app/index.php?i=9&c=entry&m=ewei_shopv2&do=mobile',
    'redirection' => true,
    'source' => 'VIEW',
  ),
)

2020-05-12 11:00:56 response :
------------

2020-05-12 11:55:53 trace :
------------
String:
<xml><ToUserName><![CDATA[gh_f9b894563ef4]]></ToUserName>
<FromUserName><![CDATA[o5V8y1e8NvRO268DTWZhmyl0xAYw]]></FromUserName>
<CreateTime>1589255753</CreateTime>
<MsgType><![CDATA[event]]></MsgType>
<Event><![CDATA[subscribe]]></Event>
<EventKey><![CDATA[]]></EventKey>
</xml>

2020-05-12 11:55:53 params :
------------
String:
array (
  'rule' => -2,
  'module' => '',
  'message' => 
  array (
    'tousername' => 'gh_f9b894563ef4',
    'fromusername' => 'o5V8y1e8NvRO268DTWZhmyl0xAYw',
    'createtime' => '1589255753',
    'msgtype' => 'event',
    'event' => 'subscribe',
    'eventkey' => '',
    'from' => 'o5V8y1e8NvRO268DTWZhmyl0xAYw',
    'to' => 'gh_f9b894563ef4',
    'time' => '1589255753',
    'type' => 'text',
    'redirection' => true,
    'source' => 'subscribe',
  ),
)

2020-05-12 11:55:53 response :
------------

2020-05-12 11:55:57 trace :
------------
String:
<xml><ToUserName><![CDATA[gh_f9b894563ef4]]></ToUserName>
<FromUserName><![CDATA[o5V8y1e8NvRO268DTWZhmyl0xAYw]]></FromUserName>
<CreateTime>1589255756</CreateTime>
<MsgType><![CDATA[event]]></MsgType>
<Event><![CDATA[VIEW]]></Event>
<EventKey><![CDATA[http://www.boyufengmao.com/app/index.php?i=6&c=entry&m=ewei_shopv2&do=mobile]]></EventKey>
<MenuId>445261982</MenuId>
</xml>

2020-05-12 11:55:57 params :
------------
String:
array (
  'rule' => -2,
  'module' => '',
  'message' => 
  array (
    'tousername' => 'gh_f9b894563ef4',
    'fromusername' => 'o5V8y1e8NvRO268DTWZhmyl0xAYw',
    'createtime' => '1589255756',
    'msgtype' => 'event',
    'event' => 'VIEW',
    'eventkey' => 'http://www.boyufengmao.com/app/index.php?i=6&c=entry&m=ewei_shopv2&do=mobile',
    'menuid' => '445261982',
    'from' => 'o5V8y1e8NvRO268DTWZhmyl0xAYw',
    'to' => 'gh_f9b894563ef4',
    'time' => '1589255756',
    'type' => 'text',
    'content' => 'http://www.boyufengmao.com/app/index.php?i=6&c=entry&m=ewei_shopv2&do=mobile',
    'redirection' => true,
    'source' => 'VIEW',
  ),
)

2020-05-12 11:55:57 response :
------------

2020-05-12 11:58:38 trace :
------------
String:
<xml><ToUserName><![CDATA[gh_f9b894563ef4]]></ToUserName>
<FromUserName><![CDATA[o5V8y1e8NvRO268DTWZhmyl0xAYw]]></FromUserName>
<CreateTime>1589255918</CreateTime>
<MsgType><![CDATA[event]]></MsgType>
<Event><![CDATA[VIEW]]></Event>
<EventKey><![CDATA[http://www.boyufengmao.com/app/index.php?i=6&c=entry&m=ewei_shopv2&do=mobile&r=diypage&id=35]]></EventKey>
<MenuId>445261982</MenuId>
</xml>

2020-05-12 11:58:38 params :
------------
String:
array (
  'rule' => -2,
  'module' => '',
  'message' => 
  array (
    'tousername' => 'gh_f9b894563ef4',
    'fromusername' => 'o5V8y1e8NvRO268DTWZhmyl0xAYw',
    'createtime' => '1589255918',
    'msgtype' => 'event',
    'event' => 'VIEW',
    'eventkey' => 'http://www.boyufengmao.com/app/index.php?i=6&c=entry&m=ewei_shopv2&do=mobile&r=diypage&id=35',
    'menuid' => '445261982',
    'from' => 'o5V8y1e8NvRO268DTWZhmyl0xAYw',
    'to' => 'gh_f9b894563ef4',
    'time' => '1589255918',
    'type' => 'text',
    'content' => 'http://www.boyufengmao.com/app/index.php?i=6&c=entry&m=ewei_shopv2&do=mobile&r=diypage&id=35',
    'redirection' => true,
    'source' => 'VIEW',
  ),
)

2020-05-12 11:58:38 response :
------------

2020-05-12 12:02:07 trace :
------------
String:
<xml><ToUserName><![CDATA[gh_f9b894563ef4]]></ToUserName>
<FromUserName><![CDATA[o5V8y1e8NvRO268DTWZhmyl0xAYw]]></FromUserName>
<CreateTime>1589256127</CreateTime>
<MsgType><![CDATA[event]]></MsgType>
<Event><![CDATA[VIEW]]></Event>
<EventKey><![CDATA[http://www.boyufengmao.com/app/index.php?i=6&c=entry&m=ewei_shopv2&do=mobile]]></EventKey>
<MenuId>445261982</MenuId>
</xml>

2020-05-12 12:02:07 params :
------------
String:
array (
  'rule' => -2,
  'module' => '',
  'message' => 
  array (
    'tousername' => 'gh_f9b894563ef4',
    'fromusername' => 'o5V8y1e8NvRO268DTWZhmyl0xAYw',
    'createtime' => '1589256127',
    'msgtype' => 'event',
    'event' => 'VIEW',
    'eventkey' => 'http://www.boyufengmao.com/app/index.php?i=6&c=entry&m=ewei_shopv2&do=mobile',
    'menuid' => '445261982',
    'from' => 'o5V8y1e8NvRO268DTWZhmyl0xAYw',
    'to' => 'gh_f9b894563ef4',
    'time' => '1589256127',
    'type' => 'text',
    'content' => 'http://www.boyufengmao.com/app/index.php?i=6&c=entry&m=ewei_shopv2&do=mobile',
    'redirection' => true,
    'source' => 'VIEW',
  ),
)

2020-05-12 12:02:07 response :
------------

2020-05-12 12:03:18 trace :
------------
String:
<xml><ToUserName><![CDATA[gh_f9b894563ef4]]></ToUserName>
<FromUserName><![CDATA[o5V8y1e8NvRO268DTWZhmyl0xAYw]]></FromUserName>
<CreateTime>1589256198</CreateTime>
<MsgType><![CDATA[event]]></MsgType>
<Event><![CDATA[VIEW]]></Event>
<EventKey><![CDATA[http://www.boyufengmao.com/app/index.php?i=6&c=entry&m=ewei_shopv2&do=mobile&r=diypage&id=35]]></EventKey>
<MenuId>445261982</MenuId>
</xml>

2020-05-12 12:03:18 params :
------------
String:
array (
  'rule' => -2,
  'module' => '',
  'message' => 
  array (
    'tousername' => 'gh_f9b894563ef4',
    'fromusername' => 'o5V8y1e8NvRO268DTWZhmyl0xAYw',
    'createtime' => '1589256198',
    'msgtype' => 'event',
    'event' => 'VIEW',
    'eventkey' => 'http://www.boyufengmao.com/app/index.php?i=6&c=entry&m=ewei_shopv2&do=mobile&r=diypage&id=35',
    'menuid' => '445261982',
    'from' => 'o5V8y1e8NvRO268DTWZhmyl0xAYw',
    'to' => 'gh_f9b894563ef4',
    'time' => '1589256198',
    'type' => 'text',
    'content' => 'http://www.boyufengmao.com/app/index.php?i=6&c=entry&m=ewei_shopv2&do=mobile&r=diypage&id=35',
    'redirection' => true,
    'source' => 'VIEW',
  ),
)

2020-05-12 12:03:18 response :
------------

2020-05-12 13:46:11 trace :
------------
String:
<xml><ToUserName><![CDATA[gh_f9b894563ef4]]></ToUserName>
<FromUserName><![CDATA[o5V8y1YJOXv5xrXO9Us6modEDm-E]]></FromUserName>
<CreateTime>1589262371</CreateTime>
<MsgType><![CDATA[event]]></MsgType>
<Event><![CDATA[VIEW]]></Event>
<EventKey><![CDATA[http://www.boyufengmao.com/app/index.php?i=6&c=entry&m=ewei_shopv2&do=mobile]]></EventKey>
<MenuId>445261982</MenuId>
</xml>

2020-05-12 13:46:11 params :
------------
String:
array (
  'rule' => -2,
  'module' => '',
  'message' => 
  array (
    'tousername' => 'gh_f9b894563ef4',
    'fromusername' => 'o5V8y1YJOXv5xrXO9Us6modEDm-E',
    'createtime' => '1589262371',
    'msgtype' => 'event',
    'event' => 'VIEW',
    'eventkey' => 'http://www.boyufengmao.com/app/index.php?i=6&c=entry&m=ewei_shopv2&do=mobile',
    'menuid' => '445261982',
    'from' => 'o5V8y1YJOXv5xrXO9Us6modEDm-E',
    'to' => 'gh_f9b894563ef4',
    'time' => '1589262371',
    'type' => 'text',
    'content' => 'http://www.boyufengmao.com/app/index.php?i=6&c=entry&m=ewei_shopv2&do=mobile',
    'redirection' => true,
    'source' => 'VIEW',
  ),
)

2020-05-12 13:46:11 response :
------------

2020-05-12 14:13:50 trace :
------------
String:
<xml><ToUserName><![CDATA[gh_f9b894563ef4]]></ToUserName>
<FromUserName><![CDATA[o5V8y1c_MbsQGX2DMsqpqOP5xPvI]]></FromUserName>
<CreateTime>1589264030</CreateTime>
<MsgType><![CDATA[event]]></MsgType>
<Event><![CDATA[VIEW]]></Event>
<EventKey><![CDATA[http://www.boyufengmao.com/app/index.php?i=6&c=entry&m=ewei_shopv2&do=mobile]]></EventKey>
<MenuId>445261982</MenuId>
</xml>

2020-05-12 14:13:50 params :
------------
String:
array (
  'rule' => -2,
  'module' => '',
  'message' => 
  array (
    'tousername' => 'gh_f9b894563ef4',
    'fromusername' => 'o5V8y1c_MbsQGX2DMsqpqOP5xPvI',
    'createtime' => '1589264030',
    'msgtype' => 'event',
    'event' => 'VIEW',
    'eventkey' => 'http://www.boyufengmao.com/app/index.php?i=6&c=entry&m=ewei_shopv2&do=mobile',
    'menuid' => '445261982',
    'from' => 'o5V8y1c_MbsQGX2DMsqpqOP5xPvI',
    'to' => 'gh_f9b894563ef4',
    'time' => '1589264030',
    'type' => 'text',
    'content' => 'http://www.boyufengmao.com/app/index.php?i=6&c=entry&m=ewei_shopv2&do=mobile',
    'redirection' => true,
    'source' => 'VIEW',
  ),
)

2020-05-12 14:13:50 response :
------------

2020-05-12 16:17:49 trace :
------------
String:
<xml><ToUserName><![CDATA[gh_f9b894563ef4]]></ToUserName>
<FromUserName><![CDATA[o5V8y1Z3dbm5jlREJaB7Ojfg-GmQ]]></FromUserName>
<CreateTime>1589271469</CreateTime>
<MsgType><![CDATA[event]]></MsgType>
<Event><![CDATA[subscribe]]></Event>
<EventKey><![CDATA[]]></EventKey>
</xml>

2020-05-12 16:17:49 params :
------------
String:
array (
  'rule' => -2,
  'module' => '',
  'message' => 
  array (
    'tousername' => 'gh_f9b894563ef4',
    'fromusername' => 'o5V8y1Z3dbm5jlREJaB7Ojfg-GmQ',
    'createtime' => '1589271469',
    'msgtype' => 'event',
    'event' => 'subscribe',
    'eventkey' => '',
    'from' => 'o5V8y1Z3dbm5jlREJaB7Ojfg-GmQ',
    'to' => 'gh_f9b894563ef4',
    'time' => '1589271469',
    'type' => 'text',
    'redirection' => true,
    'source' => 'subscribe',
  ),
)

2020-05-12 16:17:49 response :
------------

2020-05-12 16:17:50 trace :
------------
String:
<xml><ToUserName><![CDATA[gh_f9b894563ef4]]></ToUserName>
<FromUserName><![CDATA[o5V8y1Z3dbm5jlREJaB7Ojfg-GmQ]]></FromUserName>
<CreateTime>1589271470</CreateTime>
<MsgType><![CDATA[event]]></MsgType>
<Event><![CDATA[VIEW]]></Event>
<EventKey><![CDATA[http://www.boyufengmao.com/app/index.php?i=6&c=entry&m=ewei_shopv2&do=mobile&r=diypage&id=35]]></EventKey>
<MenuId>445261982</MenuId>
</xml>

2020-05-12 16:17:50 params :
------------
String:
array (
  'rule' => -2,
  'module' => '',
  'message' => 
  array (
    'tousername' => 'gh_f9b894563ef4',
    'fromusername' => 'o5V8y1Z3dbm5jlREJaB7Ojfg-GmQ',
    'createtime' => '1589271470',
    'msgtype' => 'event',
    'event' => 'VIEW',
    'eventkey' => 'http://www.boyufengmao.com/app/index.php?i=6&c=entry&m=ewei_shopv2&do=mobile&r=diypage&id=35',
    'menuid' => '445261982',
    'from' => 'o5V8y1Z3dbm5jlREJaB7Ojfg-GmQ',
    'to' => 'gh_f9b894563ef4',
    'time' => '1589271470',
    'type' => 'text',
    'content' => 'http://www.boyufengmao.com/app/index.php?i=6&c=entry&m=ewei_shopv2&do=mobile&r=diypage&id=35',
    'redirection' => true,
    'source' => 'VIEW',
  ),
)

2020-05-12 16:17:50 response :
------------

2020-05-12 16:18:11 trace :
------------
String:
<xml><ToUserName><![CDATA[gh_f9b894563ef4]]></ToUserName>
<FromUserName><![CDATA[o5V8y1Z3dbm5jlREJaB7Ojfg-GmQ]]></FromUserName>
<CreateTime>1589271491</CreateTime>
<MsgType><![CDATA[event]]></MsgType>
<Event><![CDATA[unsubscribe]]></Event>
<EventKey><![CDATA[]]></EventKey>
</xml>

2020-05-12 17:37:55 trace :
------------
String:
<xml><ToUserName><![CDATA[gh_f9b894563ef4]]></ToUserName>
<FromUserName><![CDATA[o5V8y1WD_YrVdIEgarIxkWcI-M4I]]></FromUserName>
<CreateTime>1589276275</CreateTime>
<MsgType><![CDATA[event]]></MsgType>
<Event><![CDATA[VIEW]]></Event>
<EventKey><![CDATA[http://www.boyufengmao.com/app/index.php?i=6&c=entry&m=ewei_shopv2&do=mobile&r=diypage&id=35]]></EventKey>
<MenuId>445261982</MenuId>
</xml>

2020-05-12 17:37:55 params :
------------
String:
array (
  'rule' => -2,
  'module' => '',
  'message' => 
  array (
    'tousername' => 'gh_f9b894563ef4',
    'fromusername' => 'o5V8y1WD_YrVdIEgarIxkWcI-M4I',
    'createtime' => '1589276275',
    'msgtype' => 'event',
    'event' => 'VIEW',
    'eventkey' => 'http://www.boyufengmao.com/app/index.php?i=6&c=entry&m=ewei_shopv2&do=mobile&r=diypage&id=35',
    'menuid' => '445261982',
    'from' => 'o5V8y1WD_YrVdIEgarIxkWcI-M4I',
    'to' => 'gh_f9b894563ef4',
    'time' => '1589276275',
    'type' => 'text',
    'content' => 'http://www.boyufengmao.com/app/index.php?i=6&c=entry&m=ewei_shopv2&do=mobile&r=diypage&id=35',
    'redirection' => true,
    'source' => 'VIEW',
  ),
)

2020-05-12 17:37:55 response :
------------

2020-05-12 18:01:38 trace :
------------
String:
<xml><ToUserName><![CDATA[gh_7b3d37846b75]]></ToUserName>
<FromUserName><![CDATA[oZ5PY1MEVxSihGpLsWA1anLwtKus]]></FromUserName>
<CreateTime>1589277698</CreateTime>
<MsgType><![CDATA[event]]></MsgType>
<Event><![CDATA[subscribe]]></Event>
<EventKey><![CDATA[]]></EventKey>
</xml>

2020-05-12 18:01:38 params :
------------
String:
array (
  'rule' => -2,
  'module' => '',
  'message' => 
  array (
    'tousername' => 'gh_7b3d37846b75',
    'fromusername' => 'oZ5PY1MEVxSihGpLsWA1anLwtKus',
    'createtime' => '1589277698',
    'msgtype' => 'event',
    'event' => 'subscribe',
    'eventkey' => '',
    'from' => 'oZ5PY1MEVxSihGpLsWA1anLwtKus',
    'to' => 'gh_7b3d37846b75',
    'time' => '1589277698',
    'type' => 'text',
    'redirection' => true,
    'source' => 'subscribe',
  ),
)

2020-05-12 18:01:38 response :
------------

2020-05-12 18:01:42 trace :
------------
String:
<xml><ToUserName><![CDATA[gh_7b3d37846b75]]></ToUserName>
<FromUserName><![CDATA[oZ5PY1MEVxSihGpLsWA1anLwtKus]]></FromUserName>
<CreateTime>1589277702</CreateTime>
<MsgType><![CDATA[event]]></MsgType>
<Event><![CDATA[VIEW]]></Event>
<EventKey><![CDATA[http://www.boyufengmao.com/app/index.php?i=7&c=entry&m=ewei_shopv2&do=mobile&r=diypage&id=30]]></EventKey>
<MenuId>516391862</MenuId>
</xml>

2020-05-12 18:01:42 params :
------------
String:
array (
  'rule' => -2,
  'module' => '',
  'message' => 
  array (
    'tousername' => 'gh_7b3d37846b75',
    'fromusername' => 'oZ5PY1MEVxSihGpLsWA1anLwtKus',
    'createtime' => '1589277702',
    'msgtype' => 'event',
    'event' => 'VIEW',
    'eventkey' => 'http://www.boyufengmao.com/app/index.php?i=7&c=entry&m=ewei_shopv2&do=mobile&r=diypage&id=30',
    'menuid' => '516391862',
    'from' => 'oZ5PY1MEVxSihGpLsWA1anLwtKus',
    'to' => 'gh_7b3d37846b75',
    'time' => '1589277702',
    'type' => 'text',
    'content' => 'http://www.boyufengmao.com/app/index.php?i=7&c=entry&m=ewei_shopv2&do=mobile&r=diypage&id=30',
    'redirection' => true,
    'source' => 'VIEW',
  ),
)

2020-05-12 18:01:42 response :
------------

2020-05-12 18:14:44 trace :
------------
String:
<xml><ToUserName><![CDATA[gh_f9b894563ef4]]></ToUserName>
<FromUserName><![CDATA[o5V8y1duggKICkILRbnlWqD5ECDQ]]></FromUserName>
<CreateTime>1589278484</CreateTime>
<MsgType><![CDATA[event]]></MsgType>
<Event><![CDATA[VIEW]]></Event>
<EventKey><![CDATA[http://www.boyufengmao.com/app/index.php?i=6&c=entry&m=ewei_shopv2&do=mobile]]></EventKey>
<MenuId>445261982</MenuId>
</xml>

2020-05-12 18:14:44 params :
------------
String:
array (
  'rule' => -2,
  'module' => '',
  'message' => 
  array (
    'tousername' => 'gh_f9b894563ef4',
    'fromusername' => 'o5V8y1duggKICkILRbnlWqD5ECDQ',
    'createtime' => '1589278484',
    'msgtype' => 'event',
    'event' => 'VIEW',
    'eventkey' => 'http://www.boyufengmao.com/app/index.php?i=6&c=entry&m=ewei_shopv2&do=mobile',
    'menuid' => '445261982',
    'from' => 'o5V8y1duggKICkILRbnlWqD5ECDQ',
    'to' => 'gh_f9b894563ef4',
    'time' => '1589278484',
    'type' => 'text',
    'content' => 'http://www.boyufengmao.com/app/index.php?i=6&c=entry&m=ewei_shopv2&do=mobile',
    'redirection' => true,
    'source' => 'VIEW',
  ),
)

2020-05-12 18:14:44 response :
------------

2020-05-12 18:15:02 trace :
------------
String:
<xml><ToUserName><![CDATA[gh_f9b894563ef4]]></ToUserName>
<FromUserName><![CDATA[o5V8y1duggKICkILRbnlWqD5ECDQ]]></FromUserName>
<CreateTime>1589278502</CreateTime>
<MsgType><![CDATA[event]]></MsgType>
<Event><![CDATA[VIEW]]></Event>
<EventKey><![CDATA[http://www.boyufengmao.com/app/index.php?i=6&c=entry&m=ewei_shopv2&do=mobile]]></EventKey>
<MenuId>445261982</MenuId>
</xml>

2020-05-12 18:15:02 params :
------------
String:
array (
  'rule' => -2,
  'module' => '',
  'message' => 
  array (
    'tousername' => 'gh_f9b894563ef4',
    'fromusername' => 'o5V8y1duggKICkILRbnlWqD5ECDQ',
    'createtime' => '1589278502',
    'msgtype' => 'event',
    'event' => 'VIEW',
    'eventkey' => 'http://www.boyufengmao.com/app/index.php?i=6&c=entry&m=ewei_shopv2&do=mobile',
    'menuid' => '445261982',
    'from' => 'o5V8y1duggKICkILRbnlWqD5ECDQ',
    'to' => 'gh_f9b894563ef4',
    'time' => '1589278502',
    'type' => 'text',
    'content' => 'http://www.boyufengmao.com/app/index.php?i=6&c=entry&m=ewei_shopv2&do=mobile',
    'redirection' => true,
    'source' => 'VIEW',
  ),
)

2020-05-12 18:15:02 response :
------------

2020-05-12 18:16:11 trace :
------------
String:
<xml><ToUserName><![CDATA[gh_f9b894563ef4]]></ToUserName>
<FromUserName><![CDATA[o5V8y1duggKICkILRbnlWqD5ECDQ]]></FromUserName>
<CreateTime>1589278571</CreateTime>
<MsgType><![CDATA[event]]></MsgType>
<Event><![CDATA[VIEW]]></Event>
<EventKey><![CDATA[http://www.boyufengmao.com/app/index.php?i=6&c=entry&m=ewei_shopv2&do=mobile]]></EventKey>
<MenuId>445261982</MenuId>
</xml>

2020-05-12 18:16:11 params :
------------
String:
array (
  'rule' => -2,
  'module' => '',
  'message' => 
  array (
    'tousername' => 'gh_f9b894563ef4',
    'fromusername' => 'o5V8y1duggKICkILRbnlWqD5ECDQ',
    'createtime' => '1589278571',
    'msgtype' => 'event',
    'event' => 'VIEW',
    'eventkey' => 'http://www.boyufengmao.com/app/index.php?i=6&c=entry&m=ewei_shopv2&do=mobile',
    'menuid' => '445261982',
    'from' => 'o5V8y1duggKICkILRbnlWqD5ECDQ',
    'to' => 'gh_f9b894563ef4',
    'time' => '1589278571',
    'type' => 'text',
    'content' => 'http://www.boyufengmao.com/app/index.php?i=6&c=entry&m=ewei_shopv2&do=mobile',
    'redirection' => true,
    'source' => 'VIEW',
  ),
)

2020-05-12 18:16:11 response :
------------

2020-05-12 18:28:10 trace :
------------
String:
<xml><ToUserName><![CDATA[gh_f9b894563ef4]]></ToUserName>
<FromUserName><![CDATA[o5V8y1eScot9ZuoSD-vZkPCCp694]]></FromUserName>
<CreateTime>1589279290</CreateTime>
<MsgType><![CDATA[event]]></MsgType>
<Event><![CDATA[VIEW]]></Event>
<EventKey><![CDATA[http://www.boyufengmao.com/app/index.php?i=6&c=entry&m=ewei_shopv2&do=mobile&r=diypage&id=35]]></EventKey>
<MenuId>445261982</MenuId>
</xml>

2020-05-12 18:28:10 params :
------------
String:
array (
  'rule' => -2,
  'module' => '',
  'message' => 
  array (
    'tousername' => 'gh_f9b894563ef4',
    'fromusername' => 'o5V8y1eScot9ZuoSD-vZkPCCp694',
    'createtime' => '1589279290',
    'msgtype' => 'event',
    'event' => 'VIEW',
    'eventkey' => 'http://www.boyufengmao.com/app/index.php?i=6&c=entry&m=ewei_shopv2&do=mobile&r=diypage&id=35',
    'menuid' => '445261982',
    'from' => 'o5V8y1eScot9ZuoSD-vZkPCCp694',
    'to' => 'gh_f9b894563ef4',
    'time' => '1589279290',
    'type' => 'text',
    'content' => 'http://www.boyufengmao.com/app/index.php?i=6&c=entry&m=ewei_shopv2&do=mobile&r=diypage&id=35',
    'redirection' => true,
    'source' => 'VIEW',
  ),
)

2020-05-12 18:28:10 response :
------------

2020-05-12 18:29:27 trace :
------------
String:
<xml><ToUserName><![CDATA[gh_f9b894563ef4]]></ToUserName>
<FromUserName><![CDATA[o5V8y1eScot9ZuoSD-vZkPCCp694]]></FromUserName>
<CreateTime>1589279367</CreateTime>
<MsgType><![CDATA[event]]></MsgType>
<Event><![CDATA[VIEW]]></Event>
<EventKey><![CDATA[http://www.boyufengmao.com/app/index.php?i=6&c=entry&m=ewei_shopv2&do=mobile]]></EventKey>
<MenuId>445261982</MenuId>
</xml>

2020-05-12 18:29:27 params :
------------
String:
array (
  'rule' => -2,
  'module' => '',
  'message' => 
  array (
    'tousername' => 'gh_f9b894563ef4',
    'fromusername' => 'o5V8y1eScot9ZuoSD-vZkPCCp694',
    'createtime' => '1589279367',
    'msgtype' => 'event',
    'event' => 'VIEW',
    'eventkey' => 'http://www.boyufengmao.com/app/index.php?i=6&c=entry&m=ewei_shopv2&do=mobile',
    'menuid' => '445261982',
    'from' => 'o5V8y1eScot9ZuoSD-vZkPCCp694',
    'to' => 'gh_f9b894563ef4',
    'time' => '1589279367',
    'type' => 'text',
    'content' => 'http://www.boyufengmao.com/app/index.php?i=6&c=entry&m=ewei_shopv2&do=mobile',
    'redirection' => true,
    'source' => 'VIEW',
  ),
)

2020-05-12 18:29:27 response :
------------

2020-05-12 18:58:03 trace :
------------
String:
<xml><ToUserName><![CDATA[gh_f9b894563ef4]]></ToUserName>
<FromUserName><![CDATA[o5V8y1dji53s91DVM9ypdRtebqRE]]></FromUserName>
<CreateTime>1589281083</CreateTime>
<MsgType><![CDATA[event]]></MsgType>
<Event><![CDATA[VIEW]]></Event>
<EventKey><![CDATA[http://www.boyufengmao.com/app/index.php?i=6&c=entry&m=ewei_shopv2&do=mobile&r=diypage&id=35]]></EventKey>
<MenuId>445261982</MenuId>
</xml>

2020-05-12 18:58:03 params :
------------
String:
array (
  'rule' => -2,
  'module' => '',
  'message' => 
  array (
    'tousername' => 'gh_f9b894563ef4',
    'fromusername' => 'o5V8y1dji53s91DVM9ypdRtebqRE',
    'createtime' => '1589281083',
    'msgtype' => 'event',
    'event' => 'VIEW',
    'eventkey' => 'http://www.boyufengmao.com/app/index.php?i=6&c=entry&m=ewei_shopv2&do=mobile&r=diypage&id=35',
    'menuid' => '445261982',
    'from' => 'o5V8y1dji53s91DVM9ypdRtebqRE',
    'to' => 'gh_f9b894563ef4',
    'time' => '1589281083',
    'type' => 'text',
    'content' => 'http://www.boyufengmao.com/app/index.php?i=6&c=entry&m=ewei_shopv2&do=mobile&r=diypage&id=35',
    'redirection' => true,
    'source' => 'VIEW',
  ),
)

2020-05-12 18:58:03 response :
------------

2020-05-12 19:01:59 trace :
------------
String:
<xml><ToUserName><![CDATA[gh_62bcc2f9639d]]></ToUserName>
<FromUserName><![CDATA[opjhUwGYoNgNeuZfGeyWDKO9RJZg]]></FromUserName>
<CreateTime>1589281319</CreateTime>
<MsgType><![CDATA[event]]></MsgType>
<Event><![CDATA[VIEW]]></Event>
<EventKey><![CDATA[http://www.boyufengmao.com/app/index.php?i=10&c=entry&m=ewei_shopv2&do=mobile]]></EventKey>
<MenuId>432207807</MenuId>
</xml>

2020-05-12 19:01:59 params :
------------
String:
array (
  'rule' => -2,
  'module' => '',
  'message' => 
  array (
    'tousername' => 'gh_62bcc2f9639d',
    'fromusername' => 'opjhUwGYoNgNeuZfGeyWDKO9RJZg',
    'createtime' => '1589281319',
    'msgtype' => 'event',
    'event' => 'VIEW',
    'eventkey' => 'http://www.boyufengmao.com/app/index.php?i=10&c=entry&m=ewei_shopv2&do=mobile',
    'menuid' => '432207807',
    'from' => 'opjhUwGYoNgNeuZfGeyWDKO9RJZg',
    'to' => 'gh_62bcc2f9639d',
    'time' => '1589281319',
    'type' => 'text',
    'content' => 'http://www.boyufengmao.com/app/index.php?i=10&c=entry&m=ewei_shopv2&do=mobile',
    'redirection' => true,
    'source' => 'VIEW',
  ),
)

2020-05-12 19:01:59 response :
------------

2020-05-12 19:02:01 trace :
------------
String:
<xml><ToUserName><![CDATA[gh_62bcc2f9639d]]></ToUserName>
<FromUserName><![CDATA[opjhUwGYoNgNeuZfGeyWDKO9RJZg]]></FromUserName>
<CreateTime>1589281321</CreateTime>
<MsgType><![CDATA[event]]></MsgType>
<Event><![CDATA[VIEW]]></Event>
<EventKey><![CDATA[http://www.boyufengmao.com/app/index.php?i=10&c=entry&m=ewei_shopv2&do=mobile]]></EventKey>
<MenuId>432207807</MenuId>
</xml>

2020-05-12 19:02:01 params :
------------
String:
array (
  'rule' => -2,
  'module' => '',
  'message' => 
  array (
    'tousername' => 'gh_62bcc2f9639d',
    'fromusername' => 'opjhUwGYoNgNeuZfGeyWDKO9RJZg',
    'createtime' => '1589281321',
    'msgtype' => 'event',
    'event' => 'VIEW',
    'eventkey' => 'http://www.boyufengmao.com/app/index.php?i=10&c=entry&m=ewei_shopv2&do=mobile',
    'menuid' => '432207807',
    'from' => 'opjhUwGYoNgNeuZfGeyWDKO9RJZg',
    'to' => 'gh_62bcc2f9639d',
    'time' => '1589281321',
    'type' => 'text',
    'content' => 'http://www.boyufengmao.com/app/index.php?i=10&c=entry&m=ewei_shopv2&do=mobile',
    'redirection' => true,
    'source' => 'VIEW',
  ),
)

2020-05-12 19:02:01 response :
------------

2020-05-12 19:13:37 trace :
------------
String:
<xml><ToUserName><![CDATA[gh_62bcc2f9639d]]></ToUserName>
<FromUserName><![CDATA[opjhUwN-kA9wd5W-fQBcl-1un6lw]]></FromUserName>
<CreateTime>1589282016</CreateTime>
<MsgType><![CDATA[event]]></MsgType>
<Event><![CDATA[unsubscribe]]></Event>
<EventKey><![CDATA[]]></EventKey>
</xml>

2020-05-12 19:14:49 trace :
------------
String:
<xml><ToUserName><![CDATA[gh_f9b894563ef4]]></ToUserName>
<FromUserName><![CDATA[o5V8y1UnVKWljIqljmLsrMUP2bUU]]></FromUserName>
<CreateTime>1589282089</CreateTime>
<MsgType><![CDATA[event]]></MsgType>
<Event><![CDATA[CLICK]]></Event>
<EventKey><![CDATA[订餐电话]]></EventKey>
</xml>

2020-05-12 19:14:49 params :
------------
String:
array (
  'message' => 
  array (
    'tousername' => 'gh_f9b894563ef4',
    'fromusername' => 'o5V8y1UnVKWljIqljmLsrMUP2bUU',
    'createtime' => '1589282089',
    'msgtype' => 'event',
    'event' => 'CLICK',
    'eventkey' => '订餐电话',
    'from' => 'o5V8y1UnVKWljIqljmLsrMUP2bUU',
    'to' => 'gh_f9b894563ef4',
    'time' => '1589282089',
    'type' => 'text',
    'content' => '订餐电话',
    'redirection' => true,
    'source' => 'click',
  ),
  'module' => 'reply',
  'rule' => '19',
  'priority' => '0',
  'keyword' => 
  array (
    'id' => '27',
    'rid' => '19',
    'uniacid' => '6',
    'module' => 'reply',
    'content' => '订餐电话',
    'type' => '1',
    'displayorder' => '0',
    'status' => '1',
    'reply_type' => 
    array (
      0 => 'basic',
    ),
  ),
  'reply_type' => 
  array (
    0 => 'basic',
  ),
)

2020-05-12 19:14:49 response :
------------
Array:
FromUserName : gh_f9b894563ef4 ;
ToUserName : o5V8y1UnVKWljIqljmLsrMUP2bUU ;
MsgType : text ;
Content : 欢迎拨打电话：029-86357081 /  19909289055 订餐 ;

2020-05-12 19:16:09 trace :
------------
String:
<xml><ToUserName><![CDATA[gh_162fc9cda7ca]]></ToUserName>
<FromUserName><![CDATA[oYRrw0xIGEXQ3PmCmjfzqZulWSHs]]></FromUserName>
<CreateTime>1589282169</CreateTime>
<MsgType><![CDATA[event]]></MsgType>
<Event><![CDATA[unsubscribe]]></Event>
<EventKey><![CDATA[]]></EventKey>
</xml>

2020-05-12 19:22:26 trace :
------------
String:
<xml><ToUserName><![CDATA[gh_62bcc2f9639d]]></ToUserName>
<FromUserName><![CDATA[opjhUwIeQR-okMDiSVwhS-KQYXnA]]></FromUserName>
<CreateTime>1589282545</CreateTime>
<MsgType><![CDATA[event]]></MsgType>
<Event><![CDATA[subscribe]]></Event>
<EventKey><![CDATA[]]></EventKey>
</xml>

2020-05-12 19:22:26 params :
------------
String:
array (
  'rule' => -2,
  'module' => '',
  'message' => 
  array (
    'tousername' => 'gh_62bcc2f9639d',
    'fromusername' => 'opjhUwIeQR-okMDiSVwhS-KQYXnA',
    'createtime' => '1589282545',
    'msgtype' => 'event',
    'event' => 'subscribe',
    'eventkey' => '',
    'from' => 'opjhUwIeQR-okMDiSVwhS-KQYXnA',
    'to' => 'gh_62bcc2f9639d',
    'time' => '1589282545',
    'type' => 'text',
    'redirection' => true,
    'source' => 'subscribe',
  ),
)

2020-05-12 19:22:26 response :
------------

2020-05-12 19:26:07 trace :
------------
String:
<xml><ToUserName><![CDATA[gh_f9b894563ef4]]></ToUserName>
<FromUserName><![CDATA[o5V8y1QI8l3ja_LKC0fF9J2KU28Q]]></FromUserName>
<CreateTime>1589282767</CreateTime>
<MsgType><![CDATA[event]]></MsgType>
<Event><![CDATA[subscribe]]></Event>
<EventKey><![CDATA[]]></EventKey>
</xml>

2020-05-12 19:26:07 params :
------------
String:
array (
  'rule' => -2,
  'module' => '',
  'message' => 
  array (
    'tousername' => 'gh_f9b894563ef4',
    'fromusername' => 'o5V8y1QI8l3ja_LKC0fF9J2KU28Q',
    'createtime' => '1589282767',
    'msgtype' => 'event',
    'event' => 'subscribe',
    'eventkey' => '',
    'from' => 'o5V8y1QI8l3ja_LKC0fF9J2KU28Q',
    'to' => 'gh_f9b894563ef4',
    'time' => '1589282767',
    'type' => 'text',
    'redirection' => true,
    'source' => 'subscribe',
  ),
)

2020-05-12 19:26:07 response :
------------

2020-05-12 19:26:09 trace :
------------
String:
<xml><ToUserName><![CDATA[gh_f9b894563ef4]]></ToUserName>
<FromUserName><![CDATA[o5V8y1QI8l3ja_LKC0fF9J2KU28Q]]></FromUserName>
<CreateTime>1589282769</CreateTime>
<MsgType><![CDATA[event]]></MsgType>
<Event><![CDATA[VIEW]]></Event>
<EventKey><![CDATA[http://www.boyufengmao.com/app/index.php?i=6&c=entry&m=ewei_shopv2&do=mobile]]></EventKey>
<MenuId>445261982</MenuId>
</xml>

2020-05-12 19:26:09 params :
------------
String:
array (
  'rule' => -2,
  'module' => '',
  'message' => 
  array (
    'tousername' => 'gh_f9b894563ef4',
    'fromusername' => 'o5V8y1QI8l3ja_LKC0fF9J2KU28Q',
    'createtime' => '1589282769',
    'msgtype' => 'event',
    'event' => 'VIEW',
    'eventkey' => 'http://www.boyufengmao.com/app/index.php?i=6&c=entry&m=ewei_shopv2&do=mobile',
    'menuid' => '445261982',
    'from' => 'o5V8y1QI8l3ja_LKC0fF9J2KU28Q',
    'to' => 'gh_f9b894563ef4',
    'time' => '1589282769',
    'type' => 'text',
    'content' => 'http://www.boyufengmao.com/app/index.php?i=6&c=entry&m=ewei_shopv2&do=mobile',
    'redirection' => true,
    'source' => 'VIEW',
  ),
)

2020-05-12 19:26:09 response :
------------

2020-05-12 19:30:18 trace :
------------
String:
<xml><ToUserName><![CDATA[gh_f9b894563ef4]]></ToUserName>
<FromUserName><![CDATA[o5V8y1eScot9ZuoSD-vZkPCCp694]]></FromUserName>
<CreateTime>1589283018</CreateTime>
<MsgType><![CDATA[event]]></MsgType>
<Event><![CDATA[VIEW]]></Event>
<EventKey><![CDATA[http://www.boyufengmao.com/app/index.php?i=6&c=entry&m=ewei_shopv2&do=mobile&r=diypage&id=35]]></EventKey>
<MenuId>445261982</MenuId>
</xml>

2020-05-12 19:30:18 params :
------------
String:
array (
  'rule' => -2,
  'module' => '',
  'message' => 
  array (
    'tousername' => 'gh_f9b894563ef4',
    'fromusername' => 'o5V8y1eScot9ZuoSD-vZkPCCp694',
    'createtime' => '1589283018',
    'msgtype' => 'event',
    'event' => 'VIEW',
    'eventkey' => 'http://www.boyufengmao.com/app/index.php?i=6&c=entry&m=ewei_shopv2&do=mobile&r=diypage&id=35',
    'menuid' => '445261982',
    'from' => 'o5V8y1eScot9ZuoSD-vZkPCCp694',
    'to' => 'gh_f9b894563ef4',
    'time' => '1589283018',
    'type' => 'text',
    'content' => 'http://www.boyufengmao.com/app/index.php?i=6&c=entry&m=ewei_shopv2&do=mobile&r=diypage&id=35',
    'redirection' => true,
    'source' => 'VIEW',
  ),
)

2020-05-12 19:30:18 response :
------------

2020-05-12 19:30:33 trace :
------------
String:
<xml><ToUserName><![CDATA[gh_f9b894563ef4]]></ToUserName>
<FromUserName><![CDATA[o5V8y1eScot9ZuoSD-vZkPCCp694]]></FromUserName>
<CreateTime>1589283032</CreateTime>
<MsgType><![CDATA[event]]></MsgType>
<Event><![CDATA[CLICK]]></Event>
<EventKey><![CDATA[订餐电话]]></EventKey>
</xml>

2020-05-12 19:30:33 params :
------------
String:
array (
  'message' => 
  array (
    'tousername' => 'gh_f9b894563ef4',
    'fromusername' => 'o5V8y1eScot9ZuoSD-vZkPCCp694',
    'createtime' => '1589283032',
    'msgtype' => 'event',
    'event' => 'CLICK',
    'eventkey' => '订餐电话',
    'from' => 'o5V8y1eScot9ZuoSD-vZkPCCp694',
    'to' => 'gh_f9b894563ef4',
    'time' => '1589283032',
    'type' => 'text',
    'content' => '订餐电话',
    'redirection' => true,
    'source' => 'click',
  ),
  'module' => 'reply',
  'rule' => '19',
  'priority' => '0',
  'keyword' => 
  array (
    'id' => '27',
    'rid' => '19',
    'uniacid' => '6',
    'module' => 'reply',
    'content' => '订餐电话',
    'type' => '1',
    'displayorder' => '0',
    'status' => '1',
    'reply_type' => 
    array (
      0 => 'basic',
    ),
  ),
  'reply_type' => 
  array (
    0 => 'basic',
  ),
)

2020-05-12 19:30:33 response :
------------
Array:
FromUserName : gh_f9b894563ef4 ;
ToUserName : o5V8y1eScot9ZuoSD-vZkPCCp694 ;
MsgType : text ;
Content : 欢迎拨打电话：029-86357081 /  19909289055 订餐 ;

2020-05-12 19:30:35 trace :
------------
String:
<xml><ToUserName><![CDATA[gh_f9b894563ef4]]></ToUserName>
<FromUserName><![CDATA[o5V8y1eScot9ZuoSD-vZkPCCp694]]></FromUserName>
<CreateTime>1589283035</CreateTime>
<MsgType><![CDATA[event]]></MsgType>
<Event><![CDATA[VIEW]]></Event>
<EventKey><![CDATA[http://www.boyufengmao.com/app/index.php?i=6&c=entry&m=ewei_shopv2&do=mobile&r=diypage&id=35]]></EventKey>
<MenuId>445261982</MenuId>
</xml>

2020-05-12 19:30:35 params :
------------
String:
array (
  'rule' => -2,
  'module' => '',
  'message' => 
  array (
    'tousername' => 'gh_f9b894563ef4',
    'fromusername' => 'o5V8y1eScot9ZuoSD-vZkPCCp694',
    'createtime' => '1589283035',
    'msgtype' => 'event',
    'event' => 'VIEW',
    'eventkey' => 'http://www.boyufengmao.com/app/index.php?i=6&c=entry&m=ewei_shopv2&do=mobile&r=diypage&id=35',
    'menuid' => '445261982',
    'from' => 'o5V8y1eScot9ZuoSD-vZkPCCp694',
    'to' => 'gh_f9b894563ef4',
    'time' => '1589283035',
    'type' => 'text',
    'content' => 'http://www.boyufengmao.com/app/index.php?i=6&c=entry&m=ewei_shopv2&do=mobile&r=diypage&id=35',
    'redirection' => true,
    'source' => 'VIEW',
  ),
)

2020-05-12 19:30:35 response :
------------

2020-05-12 20:09:01 trace :
------------
String:
<xml><ToUserName><![CDATA[gh_f9b894563ef4]]></ToUserName>
<FromUserName><![CDATA[o5V8y1Q0J_rMLJs3-Adpi2lDB04k]]></FromUserName>
<CreateTime>1589285341</CreateTime>
<MsgType><![CDATA[event]]></MsgType>
<Event><![CDATA[VIEW]]></Event>
<EventKey><![CDATA[http://www.boyufengmao.com/app/index.php?i=6&c=entry&m=ewei_shopv2&do=mobile]]></EventKey>
<MenuId>445261982</MenuId>
</xml>

2020-05-12 20:09:01 params :
------------
String:
array (
  'rule' => -2,
  'module' => '',
  'message' => 
  array (
    'tousername' => 'gh_f9b894563ef4',
    'fromusername' => 'o5V8y1Q0J_rMLJs3-Adpi2lDB04k',
    'createtime' => '1589285341',
    'msgtype' => 'event',
    'event' => 'VIEW',
    'eventkey' => 'http://www.boyufengmao.com/app/index.php?i=6&c=entry&m=ewei_shopv2&do=mobile',
    'menuid' => '445261982',
    'from' => 'o5V8y1Q0J_rMLJs3-Adpi2lDB04k',
    'to' => 'gh_f9b894563ef4',
    'time' => '1589285341',
    'type' => 'text',
    'content' => 'http://www.boyufengmao.com/app/index.php?i=6&c=entry&m=ewei_shopv2&do=mobile',
    'redirection' => true,
    'source' => 'VIEW',
  ),
)

2020-05-12 20:09:01 response :
------------

2020-05-12 20:09:09 trace :
------------
String:
<xml><ToUserName><![CDATA[gh_f9b894563ef4]]></ToUserName>
<FromUserName><![CDATA[o5V8y1Q0J_rMLJs3-Adpi2lDB04k]]></FromUserName>
<CreateTime>1589285349</CreateTime>
<MsgType><![CDATA[event]]></MsgType>
<Event><![CDATA[VIEW]]></Event>
<EventKey><![CDATA[http://www.boyufengmao.com/app/index.php?i=6&c=entry&m=ewei_shopv2&do=mobile]]></EventKey>
<MenuId>445261982</MenuId>
</xml>

2020-05-12 20:09:09 params :
------------
String:
array (
  'rule' => -2,
  'module' => '',
  'message' => 
  array (
    'tousername' => 'gh_f9b894563ef4',
    'fromusername' => 'o5V8y1Q0J_rMLJs3-Adpi2lDB04k',
    'createtime' => '1589285349',
    'msgtype' => 'event',
    'event' => 'VIEW',
    'eventkey' => 'http://www.boyufengmao.com/app/index.php?i=6&c=entry&m=ewei_shopv2&do=mobile',
    'menuid' => '445261982',
    'from' => 'o5V8y1Q0J_rMLJs3-Adpi2lDB04k',
    'to' => 'gh_f9b894563ef4',
    'time' => '1589285349',
    'type' => 'text',
    'content' => 'http://www.boyufengmao.com/app/index.php?i=6&c=entry&m=ewei_shopv2&do=mobile',
    'redirection' => true,
    'source' => 'VIEW',
  ),
)

2020-05-12 20:09:09 response :
------------

2020-05-12 21:04:37 trace :
------------
String:
<xml><ToUserName><![CDATA[gh_f9b894563ef4]]></ToUserName>
<FromUserName><![CDATA[o5V8y1QeMUR-ZbTVFylKd2WSuPJU]]></FromUserName>
<CreateTime>1589288676</CreateTime>
<MsgType><![CDATA[event]]></MsgType>
<Event><![CDATA[VIEW]]></Event>
<EventKey><![CDATA[http://www.boyufengmao.com/app/index.php?i=6&c=entry&m=ewei_shopv2&do=mobile&r=diypage&id=35]]></EventKey>
<MenuId>445261982</MenuId>
</xml>

2020-05-12 21:04:37 params :
------------
String:
array (
  'rule' => -2,
  'module' => '',
  'message' => 
  array (
    'tousername' => 'gh_f9b894563ef4',
    'fromusername' => 'o5V8y1QeMUR-ZbTVFylKd2WSuPJU',
    'createtime' => '1589288676',
    'msgtype' => 'event',
    'event' => 'VIEW',
    'eventkey' => 'http://www.boyufengmao.com/app/index.php?i=6&c=entry&m=ewei_shopv2&do=mobile&r=diypage&id=35',
    'menuid' => '445261982',
    'from' => 'o5V8y1QeMUR-ZbTVFylKd2WSuPJU',
    'to' => 'gh_f9b894563ef4',
    'time' => '1589288676',
    'type' => 'text',
    'content' => 'http://www.boyufengmao.com/app/index.php?i=6&c=entry&m=ewei_shopv2&do=mobile&r=diypage&id=35',
    'redirection' => true,
    'source' => 'VIEW',
  ),
)

2020-05-12 21:04:37 response :
------------

2020-05-12 21:42:27 trace :
------------
String:
<xml><ToUserName><![CDATA[gh_f9b894563ef4]]></ToUserName>
<FromUserName><![CDATA[o5V8y1UnVKWljIqljmLsrMUP2bUU]]></FromUserName>
<CreateTime>1589290947</CreateTime>
<MsgType><![CDATA[event]]></MsgType>
<Event><![CDATA[VIEW]]></Event>
<EventKey><![CDATA[http://www.boyufengmao.com/app/index.php?i=6&c=entry&m=ewei_shopv2&do=mobile&r=diypage&id=35]]></EventKey>
<MenuId>445261982</MenuId>
</xml>

2020-05-12 21:42:27 params :
------------
String:
array (
  'rule' => -2,
  'module' => '',
  'message' => 
  array (
    'tousername' => 'gh_f9b894563ef4',
    'fromusername' => 'o5V8y1UnVKWljIqljmLsrMUP2bUU',
    'createtime' => '1589290947',
    'msgtype' => 'event',
    'event' => 'VIEW',
    'eventkey' => 'http://www.boyufengmao.com/app/index.php?i=6&c=entry&m=ewei_shopv2&do=mobile&r=diypage&id=35',
    'menuid' => '445261982',
    'from' => 'o5V8y1UnVKWljIqljmLsrMUP2bUU',
    'to' => 'gh_f9b894563ef4',
    'time' => '1589290947',
    'type' => 'text',
    'content' => 'http://www.boyufengmao.com/app/index.php?i=6&c=entry&m=ewei_shopv2&do=mobile&r=diypage&id=35',
    'redirection' => true,
    'source' => 'VIEW',
  ),
)

2020-05-12 21:42:27 response :
------------

2020-05-12 21:43:10 trace :
------------
String:
<xml><ToUserName><![CDATA[gh_f9b894563ef4]]></ToUserName>
<FromUserName><![CDATA[o5V8y1UnVKWljIqljmLsrMUP2bUU]]></FromUserName>
<CreateTime>1589290989</CreateTime>
<MsgType><![CDATA[event]]></MsgType>
<Event><![CDATA[VIEW]]></Event>
<EventKey><![CDATA[http://www.boyufengmao.com/app/index.php?i=6&c=entry&m=ewei_shopv2&do=mobile&r=diypage&id=35]]></EventKey>
<MenuId>445261982</MenuId>
</xml>

2020-05-12 21:43:10 params :
------------
String:
array (
  'rule' => -2,
  'module' => '',
  'message' => 
  array (
    'tousername' => 'gh_f9b894563ef4',
    'fromusername' => 'o5V8y1UnVKWljIqljmLsrMUP2bUU',
    'createtime' => '1589290989',
    'msgtype' => 'event',
    'event' => 'VIEW',
    'eventkey' => 'http://www.boyufengmao.com/app/index.php?i=6&c=entry&m=ewei_shopv2&do=mobile&r=diypage&id=35',
    'menuid' => '445261982',
    'from' => 'o5V8y1UnVKWljIqljmLsrMUP2bUU',
    'to' => 'gh_f9b894563ef4',
    'time' => '1589290989',
    'type' => 'text',
    'content' => 'http://www.boyufengmao.com/app/index.php?i=6&c=entry&m=ewei_shopv2&do=mobile&r=diypage&id=35',
    'redirection' => true,
    'source' => 'VIEW',
  ),
)

2020-05-12 21:43:10 response :
------------

2020-05-12 21:45:51 trace :
------------
String:
<xml><ToUserName><![CDATA[gh_f9b894563ef4]]></ToUserName>
<FromUserName><![CDATA[o5V8y1QI8l3ja_LKC0fF9J2KU28Q]]></FromUserName>
<CreateTime>1589291151</CreateTime>
<MsgType><![CDATA[event]]></MsgType>
<Event><![CDATA[VIEW]]></Event>
<EventKey><![CDATA[http://www.boyufengmao.com/app/index.php?i=6&c=entry&m=ewei_shopv2&do=mobile]]></EventKey>
<MenuId>445261982</MenuId>
</xml>

2020-05-12 21:45:51 params :
------------
String:
array (
  'rule' => -2,
  'module' => '',
  'message' => 
  array (
    'tousername' => 'gh_f9b894563ef4',
    'fromusername' => 'o5V8y1QI8l3ja_LKC0fF9J2KU28Q',
    'createtime' => '1589291151',
    'msgtype' => 'event',
    'event' => 'VIEW',
    'eventkey' => 'http://www.boyufengmao.com/app/index.php?i=6&c=entry&m=ewei_shopv2&do=mobile',
    'menuid' => '445261982',
    'from' => 'o5V8y1QI8l3ja_LKC0fF9J2KU28Q',
    'to' => 'gh_f9b894563ef4',
    'time' => '1589291151',
    'type' => 'text',
    'content' => 'http://www.boyufengmao.com/app/index.php?i=6&c=entry&m=ewei_shopv2&do=mobile',
    'redirection' => true,
    'source' => 'VIEW',
  ),
)

2020-05-12 21:45:51 response :
------------

2020-05-12 21:46:50 trace :
------------
String:
<xml><ToUserName><![CDATA[gh_f9b894563ef4]]></ToUserName>
<FromUserName><![CDATA[o5V8y1QI8l3ja_LKC0fF9J2KU28Q]]></FromUserName>
<CreateTime>1589291210</CreateTime>
<MsgType><![CDATA[event]]></MsgType>
<Event><![CDATA[VIEW]]></Event>
<EventKey><![CDATA[http://www.boyufengmao.com/app/index.php?i=6&c=entry&m=ewei_shopv2&do=mobile&r=diypage&id=35]]></EventKey>
<MenuId>445261982</MenuId>
</xml>

2020-05-12 21:46:50 params :
------------
String:
array (
  'rule' => -2,
  'module' => '',
  'message' => 
  array (
    'tousername' => 'gh_f9b894563ef4',
    'fromusername' => 'o5V8y1QI8l3ja_LKC0fF9J2KU28Q',
    'createtime' => '1589291210',
    'msgtype' => 'event',
    'event' => 'VIEW',
    'eventkey' => 'http://www.boyufengmao.com/app/index.php?i=6&c=entry&m=ewei_shopv2&do=mobile&r=diypage&id=35',
    'menuid' => '445261982',
    'from' => 'o5V8y1QI8l3ja_LKC0fF9J2KU28Q',
    'to' => 'gh_f9b894563ef4',
    'time' => '1589291210',
    'type' => 'text',
    'content' => 'http://www.boyufengmao.com/app/index.php?i=6&c=entry&m=ewei_shopv2&do=mobile&r=diypage&id=35',
    'redirection' => true,
    'source' => 'VIEW',
  ),
)

2020-05-12 21:46:50 response :
------------

2020-05-12 21:47:25 trace :
------------
String:
<xml><ToUserName><![CDATA[gh_f9b894563ef4]]></ToUserName>
<FromUserName><![CDATA[o5V8y1QI8l3ja_LKC0fF9J2KU28Q]]></FromUserName>
<CreateTime>1589291244</CreateTime>
<MsgType><![CDATA[event]]></MsgType>
<Event><![CDATA[VIEW]]></Event>
<EventKey><![CDATA[http://www.boyufengmao.com/app/index.php?i=6&c=entry&m=ewei_shopv2&do=mobile&r=diypage&id=35]]></EventKey>
<MenuId>445261982</MenuId>
</xml>

2020-05-12 21:47:25 params :
------------
String:
array (
  'rule' => -2,
  'module' => '',
  'message' => 
  array (
    'tousername' => 'gh_f9b894563ef4',
    'fromusername' => 'o5V8y1QI8l3ja_LKC0fF9J2KU28Q',
    'createtime' => '1589291244',
    'msgtype' => 'event',
    'event' => 'VIEW',
    'eventkey' => 'http://www.boyufengmao.com/app/index.php?i=6&c=entry&m=ewei_shopv2&do=mobile&r=diypage&id=35',
    'menuid' => '445261982',
    'from' => 'o5V8y1QI8l3ja_LKC0fF9J2KU28Q',
    'to' => 'gh_f9b894563ef4',
    'time' => '1589291244',
    'type' => 'text',
    'content' => 'http://www.boyufengmao.com/app/index.php?i=6&c=entry&m=ewei_shopv2&do=mobile&r=diypage&id=35',
    'redirection' => true,
    'source' => 'VIEW',
  ),
)

2020-05-12 21:47:25 response :
------------

2020-05-12 22:07:12 trace :
------------
String:
<xml><ToUserName><![CDATA[gh_f9b894563ef4]]></ToUserName>
<FromUserName><![CDATA[o5V8y1bVFTegZUCqccbkOMFilzsk]]></FromUserName>
<CreateTime>1589292432</CreateTime>
<MsgType><![CDATA[event]]></MsgType>
<Event><![CDATA[VIEW]]></Event>
<EventKey><![CDATA[http://www.boyufengmao.com/app/index.php?i=6&c=entry&m=ewei_shopv2&do=mobile&r=diypage&id=35]]></EventKey>
<MenuId>445261982</MenuId>
</xml>

2020-05-12 22:07:12 params :
------------
String:
array (
  'rule' => -2,
  'module' => '',
  'message' => 
  array (
    'tousername' => 'gh_f9b894563ef4',
    'fromusername' => 'o5V8y1bVFTegZUCqccbkOMFilzsk',
    'createtime' => '1589292432',
    'msgtype' => 'event',
    'event' => 'VIEW',
    'eventkey' => 'http://www.boyufengmao.com/app/index.php?i=6&c=entry&m=ewei_shopv2&do=mobile&r=diypage&id=35',
    'menuid' => '445261982',
    'from' => 'o5V8y1bVFTegZUCqccbkOMFilzsk',
    'to' => 'gh_f9b894563ef4',
    'time' => '1589292432',
    'type' => 'text',
    'content' => 'http://www.boyufengmao.com/app/index.php?i=6&c=entry&m=ewei_shopv2&do=mobile&r=diypage&id=35',
    'redirection' => true,
    'source' => 'VIEW',
  ),
)

2020-05-12 22:07:12 response :
------------

