2020-02-26 08:37:00 trace :
------------
String:
<xml><ToUserName><![CDATA[gh_f9b894563ef4]]></ToUserName>
<FromUserName><![CDATA[o5V8y1X1tQUa0FqEeUj2B7sqAXRo]]></FromUserName>
<CreateTime>1582677420</CreateTime>
<MsgType><![CDATA[event]]></MsgType>
<Event><![CDATA[TEMPLATESENDJOBFINISH]]></Event>
<MsgID>1226165327625715713</MsgID>
<Status><![CDATA[success]]></Status>
</xml>

2020-02-26 08:37:00 params :
------------
String:
array (
  'rule' => -2,
  'module' => '',
  'message' => 
  array (
    'tousername' => 'gh_f9b894563ef4',
    'fromusername' => 'o5V8y1X1tQUa0FqEeUj2B7sqAXRo',
    'createtime' => '1582677420',
    'msgtype' => 'event',
    'event' => 'TEMPLATESENDJOBFINISH',
    'msgid' => '1226165327625715713',
    'status' => 'success',
    'from' => 'o5V8y1X1tQUa0FqEeUj2B7sqAXRo',
    'to' => 'gh_f9b894563ef4',
    'time' => '1582677420',
    'type' => 'event',
  ),
)

2020-02-26 08:37:00 response :
------------

2020-02-26 12:11:59 trace :
------------
String:
<xml><ToUserName><![CDATA[gh_7b3d37846b75]]></ToUserName>
<FromUserName><![CDATA[oZ5PY1POWo7k9MIg2IDhXmN_23uM]]></FromUserName>
<CreateTime>1582690319</CreateTime>
<MsgType><![CDATA[event]]></MsgType>
<Event><![CDATA[VIEW]]></Event>
<EventKey><![CDATA[http://www.boyufengmao.com/app/index.php?i=7&c=entry&m=ewei_shopv2&do=mobile&r=diypage&id=30]]></EventKey>
<MenuId>516312345</MenuId>
</xml>

2020-02-26 12:11:59 params :
------------
String:
array (
  'rule' => -2,
  'module' => '',
  'message' => 
  array (
    'tousername' => 'gh_7b3d37846b75',
    'fromusername' => 'oZ5PY1POWo7k9MIg2IDhXmN_23uM',
    'createtime' => '1582690319',
    'msgtype' => 'event',
    'event' => 'VIEW',
    'eventkey' => 'http://www.boyufengmao.com/app/index.php?i=7&c=entry&m=ewei_shopv2&do=mobile&r=diypage&id=30',
    'menuid' => '516312345',
    'from' => 'oZ5PY1POWo7k9MIg2IDhXmN_23uM',
    'to' => 'gh_7b3d37846b75',
    'time' => '1582690319',
    'type' => 'text',
    'content' => 'http://www.boyufengmao.com/app/index.php?i=7&c=entry&m=ewei_shopv2&do=mobile&r=diypage&id=30',
    'redirection' => true,
    'source' => 'VIEW',
  ),
)

2020-02-26 12:11:59 response :
------------

2020-02-26 12:13:02 trace :
------------
String:
<xml><ToUserName><![CDATA[gh_0140ea298741]]></ToUserName>
<FromUserName><![CDATA[oGQKz0jJRXpgtPM4dDDL7WPfjy4o]]></FromUserName>
<CreateTime>1582690381</CreateTime>
<MsgType><![CDATA[event]]></MsgType>
<Event><![CDATA[VIEW]]></Event>
<EventKey><![CDATA[http://www.boyufengmao.com/app/index.php?i=8&c=entry&m=ewei_shopv2&do=mobile]]></EventKey>
<MenuId>483437210</MenuId>
</xml>

2020-02-26 12:13:02 params :
------------
String:
array (
  'rule' => -2,
  'module' => '',
  'message' => 
  array (
    'tousername' => 'gh_0140ea298741',
    'fromusername' => 'oGQKz0jJRXpgtPM4dDDL7WPfjy4o',
    'createtime' => '1582690381',
    'msgtype' => 'event',
    'event' => 'VIEW',
    'eventkey' => 'http://www.boyufengmao.com/app/index.php?i=8&c=entry&m=ewei_shopv2&do=mobile',
    'menuid' => '483437210',
    'from' => 'oGQKz0jJRXpgtPM4dDDL7WPfjy4o',
    'to' => 'gh_0140ea298741',
    'time' => '1582690381',
    'type' => 'text',
    'content' => 'http://www.boyufengmao.com/app/index.php?i=8&c=entry&m=ewei_shopv2&do=mobile',
    'redirection' => true,
    'source' => 'VIEW',
  ),
)

2020-02-26 12:13:02 response :
------------

2020-02-26 12:13:05 trace :
------------
String:
<xml><ToUserName><![CDATA[gh_0140ea298741]]></ToUserName>
<FromUserName><![CDATA[oGQKz0jJRXpgtPM4dDDL7WPfjy4o]]></FromUserName>
<CreateTime>1582690385</CreateTime>
<MsgType><![CDATA[event]]></MsgType>
<Event><![CDATA[VIEW]]></Event>
<EventKey><![CDATA[http://www.boyufengmao.com/app/index.php?i=8&c=entry&m=ewei_shopv2&do=mobile&r=member]]></EventKey>
<MenuId>483437210</MenuId>
</xml>

2020-02-26 12:13:05 params :
------------
String:
array (
  'rule' => -2,
  'module' => '',
  'message' => 
  array (
    'tousername' => 'gh_0140ea298741',
    'fromusername' => 'oGQKz0jJRXpgtPM4dDDL7WPfjy4o',
    'createtime' => '1582690385',
    'msgtype' => 'event',
    'event' => 'VIEW',
    'eventkey' => 'http://www.boyufengmao.com/app/index.php?i=8&c=entry&m=ewei_shopv2&do=mobile&r=member',
    'menuid' => '483437210',
    'from' => 'oGQKz0jJRXpgtPM4dDDL7WPfjy4o',
    'to' => 'gh_0140ea298741',
    'time' => '1582690385',
    'type' => 'text',
    'content' => 'http://www.boyufengmao.com/app/index.php?i=8&c=entry&m=ewei_shopv2&do=mobile&r=member',
    'redirection' => true,
    'source' => 'VIEW',
  ),
)

2020-02-26 12:13:05 response :
------------

2020-02-26 12:13:08 trace :
------------
String:
<xml><ToUserName><![CDATA[gh_0140ea298741]]></ToUserName>
<FromUserName><![CDATA[oGQKz0jJRXpgtPM4dDDL7WPfjy4o]]></FromUserName>
<CreateTime>1582690388</CreateTime>
<MsgType><![CDATA[event]]></MsgType>
<Event><![CDATA[CLICK]]></Event>
<EventKey><![CDATA[商城首页]]></EventKey>
</xml>

2020-02-26 12:13:08 params :
------------
String:
array (
  'message' => 
  array (
    'tousername' => 'gh_0140ea298741',
    'fromusername' => 'oGQKz0jJRXpgtPM4dDDL7WPfjy4o',
    'createtime' => '1582690388',
    'msgtype' => 'event',
    'event' => 'CLICK',
    'eventkey' => '商城首页',
    'from' => 'oGQKz0jJRXpgtPM4dDDL7WPfjy4o',
    'to' => 'gh_0140ea298741',
    'time' => '1582690388',
    'type' => 'text',
    'content' => '商城首页',
    'redirection' => true,
    'source' => 'click',
  ),
  'module' => 'cover',
  'rule' => '31',
  'priority' => '0',
  'keyword' => 
  array (
    'id' => '41',
    'rid' => '31',
    'uniacid' => '8',
    'module' => 'cover',
    'content' => '商城首页',
    'type' => '1',
    'displayorder' => '0',
    'status' => '1',
    'reply_type' => 
    array (
    ),
  ),
  'reply_type' => 
  array (
  ),
)

2020-02-26 12:13:08 response :
------------
Array:
FromUserName : gh_0140ea298741 ;
ToUserName : oGQKz0jJRXpgtPM4dDDL7WPfjy4o ;
MsgType : news ;
ArticleCount : 1 ;
Articles : Array ;

2020-02-26 12:13:17 trace :
------------
String:
<xml><ToUserName><![CDATA[gh_0140ea298741]]></ToUserName>
<FromUserName><![CDATA[oGQKz0jJRXpgtPM4dDDL7WPfjy4o]]></FromUserName>
<CreateTime>1582690397</CreateTime>
<MsgType><![CDATA[event]]></MsgType>
<Event><![CDATA[VIEW]]></Event>
<EventKey><![CDATA[http://www.boyufengmao.com/app/index.php?i=8&c=entry&m=ewei_shopv2&do=mobile]]></EventKey>
<MenuId>483437210</MenuId>
</xml>

2020-02-26 12:13:17 params :
------------
String:
array (
  'rule' => -2,
  'module' => '',
  'message' => 
  array (
    'tousername' => 'gh_0140ea298741',
    'fromusername' => 'oGQKz0jJRXpgtPM4dDDL7WPfjy4o',
    'createtime' => '1582690397',
    'msgtype' => 'event',
    'event' => 'VIEW',
    'eventkey' => 'http://www.boyufengmao.com/app/index.php?i=8&c=entry&m=ewei_shopv2&do=mobile',
    'menuid' => '483437210',
    'from' => 'oGQKz0jJRXpgtPM4dDDL7WPfjy4o',
    'to' => 'gh_0140ea298741',
    'time' => '1582690397',
    'type' => 'text',
    'content' => 'http://www.boyufengmao.com/app/index.php?i=8&c=entry&m=ewei_shopv2&do=mobile',
    'redirection' => true,
    'source' => 'VIEW',
  ),
)

2020-02-26 12:13:17 response :
------------

2020-02-26 12:14:40 trace :
------------
String:
<xml><ToUserName><![CDATA[gh_7b3d37846b75]]></ToUserName>
<FromUserName><![CDATA[oZ5PY1POWo7k9MIg2IDhXmN_23uM]]></FromUserName>
<CreateTime>1582690479</CreateTime>
<MsgType><![CDATA[event]]></MsgType>
<Event><![CDATA[unsubscribe]]></Event>
<EventKey><![CDATA[]]></EventKey>
</xml>

2020-02-26 12:14:42 trace :
------------
String:
<xml><ToUserName><![CDATA[gh_0140ea298741]]></ToUserName>
<FromUserName><![CDATA[oGQKz0jJRXpgtPM4dDDL7WPfjy4o]]></FromUserName>
<CreateTime>1582690482</CreateTime>
<MsgType><![CDATA[event]]></MsgType>
<Event><![CDATA[unsubscribe]]></Event>
<EventKey><![CDATA[]]></EventKey>
</xml>

2020-02-26 12:55:22 trace :
------------
String:
<xml><ToUserName><![CDATA[gh_f9b894563ef4]]></ToUserName>
<FromUserName><![CDATA[o5V8y1fSRQUpdvlFmhzk04kVaK_M]]></FromUserName>
<CreateTime>1582692922</CreateTime>
<MsgType><![CDATA[event]]></MsgType>
<Event><![CDATA[unsubscribe]]></Event>
<EventKey><![CDATA[]]></EventKey>
</xml>

2020-02-26 15:07:47 trace :
------------
String:
<xml><ToUserName><![CDATA[gh_f9b894563ef4]]></ToUserName>
<FromUserName><![CDATA[o5V8y1Y4-M9wh819rYwlI-BPG-tM]]></FromUserName>
<CreateTime>1582700867</CreateTime>
<MsgType><![CDATA[event]]></MsgType>
<Event><![CDATA[VIEW]]></Event>
<EventKey><![CDATA[http://www.boyufengmao.com/app/index.php?i=6&c=entry&m=ewei_shopv2&do=mobile]]></EventKey>
<MenuId>445261982</MenuId>
</xml>

2020-02-26 15:07:47 params :
------------
String:
array (
  'rule' => -2,
  'module' => '',
  'message' => 
  array (
    'tousername' => 'gh_f9b894563ef4',
    'fromusername' => 'o5V8y1Y4-M9wh819rYwlI-BPG-tM',
    'createtime' => '1582700867',
    'msgtype' => 'event',
    'event' => 'VIEW',
    'eventkey' => 'http://www.boyufengmao.com/app/index.php?i=6&c=entry&m=ewei_shopv2&do=mobile',
    'menuid' => '445261982',
    'from' => 'o5V8y1Y4-M9wh819rYwlI-BPG-tM',
    'to' => 'gh_f9b894563ef4',
    'time' => '1582700867',
    'type' => 'text',
    'content' => 'http://www.boyufengmao.com/app/index.php?i=6&c=entry&m=ewei_shopv2&do=mobile',
    'redirection' => true,
    'source' => 'VIEW',
  ),
)

2020-02-26 15:07:47 response :
------------

2020-02-26 23:00:28 trace :
------------
String:
<xml><ToUserName><![CDATA[gh_f9b894563ef4]]></ToUserName>
<FromUserName><![CDATA[o5V8y1WI75uvK-YUaiwwOcffW9Ks]]></FromUserName>
<CreateTime>1582729228</CreateTime>
<MsgType><![CDATA[event]]></MsgType>
<Event><![CDATA[unsubscribe]]></Event>
<EventKey><![CDATA[]]></EventKey>
</xml>

