2020-03-31 09:30:19 trace :
------------
String:
<xml><ToUserName><![CDATA[gh_f9b894563ef4]]></ToUserName>
<FromUserName><![CDATA[o5V8y1bhruTEVaJ5kfRn4X3mL1ZA]]></FromUserName>
<CreateTime>1585618219</CreateTime>
<MsgType><![CDATA[event]]></MsgType>
<Event><![CDATA[unsubscribe]]></Event>
<EventKey><![CDATA[]]></EventKey>
</xml>

2020-03-31 11:35:19 trace :
------------
String:
<xml><ToUserName><![CDATA[gh_f9b894563ef4]]></ToUserName>
<FromUserName><![CDATA[o5V8y1dji53s91DVM9ypdRtebqRE]]></FromUserName>
<CreateTime>1585625719</CreateTime>
<MsgType><![CDATA[event]]></MsgType>
<Event><![CDATA[VIEW]]></Event>
<EventKey><![CDATA[http://www.boyufengmao.com/app/index.php?i=6&c=entry&m=ewei_shopv2&do=mobile&r=diypage&id=35]]></EventKey>
<MenuId>445261982</MenuId>
</xml>

2020-03-31 11:35:19 params :
------------
String:
array (
  'rule' => -2,
  'module' => '',
  'message' => 
  array (
    'tousername' => 'gh_f9b894563ef4',
    'fromusername' => 'o5V8y1dji53s91DVM9ypdRtebqRE',
    'createtime' => '1585625719',
    'msgtype' => 'event',
    'event' => 'VIEW',
    'eventkey' => 'http://www.boyufengmao.com/app/index.php?i=6&c=entry&m=ewei_shopv2&do=mobile&r=diypage&id=35',
    'menuid' => '445261982',
    'from' => 'o5V8y1dji53s91DVM9ypdRtebqRE',
    'to' => 'gh_f9b894563ef4',
    'time' => '1585625719',
    'type' => 'text',
    'content' => 'http://www.boyufengmao.com/app/index.php?i=6&c=entry&m=ewei_shopv2&do=mobile&r=diypage&id=35',
    'redirection' => true,
    'source' => 'VIEW',
  ),
)

2020-03-31 11:35:19 response :
------------

2020-03-31 11:35:57 trace :
------------
String:
<xml><ToUserName><![CDATA[gh_f9b894563ef4]]></ToUserName>
<FromUserName><![CDATA[o5V8y1dji53s91DVM9ypdRtebqRE]]></FromUserName>
<CreateTime>1585625757</CreateTime>
<MsgType><![CDATA[event]]></MsgType>
<Event><![CDATA[VIEW]]></Event>
<EventKey><![CDATA[http://www.boyufengmao.com/app/index.php?i=6&c=entry&m=ewei_shopv2&do=mobile]]></EventKey>
<MenuId>445261982</MenuId>
</xml>

2020-03-31 11:35:57 params :
------------
String:
array (
  'rule' => -2,
  'module' => '',
  'message' => 
  array (
    'tousername' => 'gh_f9b894563ef4',
    'fromusername' => 'o5V8y1dji53s91DVM9ypdRtebqRE',
    'createtime' => '1585625757',
    'msgtype' => 'event',
    'event' => 'VIEW',
    'eventkey' => 'http://www.boyufengmao.com/app/index.php?i=6&c=entry&m=ewei_shopv2&do=mobile',
    'menuid' => '445261982',
    'from' => 'o5V8y1dji53s91DVM9ypdRtebqRE',
    'to' => 'gh_f9b894563ef4',
    'time' => '1585625757',
    'type' => 'text',
    'content' => 'http://www.boyufengmao.com/app/index.php?i=6&c=entry&m=ewei_shopv2&do=mobile',
    'redirection' => true,
    'source' => 'VIEW',
  ),
)

2020-03-31 11:35:57 response :
------------

2020-03-31 11:38:28 trace :
------------
String:
<xml><ToUserName><![CDATA[gh_f9b894563ef4]]></ToUserName>
<FromUserName><![CDATA[o5V8y1Z0XkysmkdnbS0btBSVgWno]]></FromUserName>
<CreateTime>1585625907</CreateTime>
<MsgType><![CDATA[event]]></MsgType>
<Event><![CDATA[VIEW]]></Event>
<EventKey><![CDATA[http://www.boyufengmao.com/app/index.php?i=6&c=entry&m=ewei_shopv2&do=mobile&r=diypage&id=35]]></EventKey>
<MenuId>445261982</MenuId>
</xml>

2020-03-31 11:38:28 params :
------------
String:
array (
  'rule' => -2,
  'module' => '',
  'message' => 
  array (
    'tousername' => 'gh_f9b894563ef4',
    'fromusername' => 'o5V8y1Z0XkysmkdnbS0btBSVgWno',
    'createtime' => '1585625907',
    'msgtype' => 'event',
    'event' => 'VIEW',
    'eventkey' => 'http://www.boyufengmao.com/app/index.php?i=6&c=entry&m=ewei_shopv2&do=mobile&r=diypage&id=35',
    'menuid' => '445261982',
    'from' => 'o5V8y1Z0XkysmkdnbS0btBSVgWno',
    'to' => 'gh_f9b894563ef4',
    'time' => '1585625907',
    'type' => 'text',
    'content' => 'http://www.boyufengmao.com/app/index.php?i=6&c=entry&m=ewei_shopv2&do=mobile&r=diypage&id=35',
    'redirection' => true,
    'source' => 'VIEW',
  ),
)

2020-03-31 11:38:28 response :
------------

2020-03-31 11:38:50 trace :
------------
String:
<xml><ToUserName><![CDATA[gh_f9b894563ef4]]></ToUserName>
<FromUserName><![CDATA[o5V8y1Z0XkysmkdnbS0btBSVgWno]]></FromUserName>
<CreateTime>1585625930</CreateTime>
<MsgType><![CDATA[event]]></MsgType>
<Event><![CDATA[VIEW]]></Event>
<EventKey><![CDATA[http://www.boyufengmao.com/app/index.php?i=6&c=entry&m=ewei_shopv2&do=mobile]]></EventKey>
<MenuId>445261982</MenuId>
</xml>

2020-03-31 11:38:50 params :
------------
String:
array (
  'rule' => -2,
  'module' => '',
  'message' => 
  array (
    'tousername' => 'gh_f9b894563ef4',
    'fromusername' => 'o5V8y1Z0XkysmkdnbS0btBSVgWno',
    'createtime' => '1585625930',
    'msgtype' => 'event',
    'event' => 'VIEW',
    'eventkey' => 'http://www.boyufengmao.com/app/index.php?i=6&c=entry&m=ewei_shopv2&do=mobile',
    'menuid' => '445261982',
    'from' => 'o5V8y1Z0XkysmkdnbS0btBSVgWno',
    'to' => 'gh_f9b894563ef4',
    'time' => '1585625930',
    'type' => 'text',
    'content' => 'http://www.boyufengmao.com/app/index.php?i=6&c=entry&m=ewei_shopv2&do=mobile',
    'redirection' => true,
    'source' => 'VIEW',
  ),
)

2020-03-31 11:38:50 response :
------------

2020-03-31 12:02:14 trace :
------------
String:
<xml><ToUserName><![CDATA[gh_7b3d37846b75]]></ToUserName>
<FromUserName><![CDATA[oZ5PY1Jh2VkENVmJ3pwS3hLqVbBc]]></FromUserName>
<CreateTime>1585627334</CreateTime>
<MsgType><![CDATA[event]]></MsgType>
<Event><![CDATA[VIEW]]></Event>
<EventKey><![CDATA[http://www.boyufengmao.com/app/index.php?i=7&c=entry&m=ewei_shopv2&do=mobile&r=diypage&id=30]]></EventKey>
<MenuId>516391862</MenuId>
</xml>

2020-03-31 12:02:14 params :
------------
String:
array (
  'rule' => -2,
  'module' => '',
  'message' => 
  array (
    'tousername' => 'gh_7b3d37846b75',
    'fromusername' => 'oZ5PY1Jh2VkENVmJ3pwS3hLqVbBc',
    'createtime' => '1585627334',
    'msgtype' => 'event',
    'event' => 'VIEW',
    'eventkey' => 'http://www.boyufengmao.com/app/index.php?i=7&c=entry&m=ewei_shopv2&do=mobile&r=diypage&id=30',
    'menuid' => '516391862',
    'from' => 'oZ5PY1Jh2VkENVmJ3pwS3hLqVbBc',
    'to' => 'gh_7b3d37846b75',
    'time' => '1585627334',
    'type' => 'text',
    'content' => 'http://www.boyufengmao.com/app/index.php?i=7&c=entry&m=ewei_shopv2&do=mobile&r=diypage&id=30',
    'redirection' => true,
    'source' => 'VIEW',
  ),
)

2020-03-31 12:02:14 response :
------------

2020-03-31 12:19:46 trace :
------------
String:
<xml><ToUserName><![CDATA[gh_f7c52ee3e5f7]]></ToUserName>
<FromUserName><![CDATA[oANN2v3qdnGGgztm-z9AfR_bMFAE]]></FromUserName>
<CreateTime>1585628386</CreateTime>
<MsgType><![CDATA[event]]></MsgType>
<Event><![CDATA[unsubscribe]]></Event>
<EventKey><![CDATA[]]></EventKey>
</xml>

2020-03-31 12:53:21 trace :
------------
String:
<xml><ToUserName><![CDATA[gh_62bcc2f9639d]]></ToUserName>
<FromUserName><![CDATA[opjhUwGYoNgNeuZfGeyWDKO9RJZg]]></FromUserName>
<CreateTime>1585630400</CreateTime>
<MsgType><![CDATA[event]]></MsgType>
<Event><![CDATA[VIEW]]></Event>
<EventKey><![CDATA[http://www.boyufengmao.com/app/index.php?i=10&c=entry&m=ewei_shopv2&do=mobile]]></EventKey>
<MenuId>432207807</MenuId>
</xml>

2020-03-31 12:53:21 params :
------------
String:
array (
  'rule' => -2,
  'module' => '',
  'message' => 
  array (
    'tousername' => 'gh_62bcc2f9639d',
    'fromusername' => 'opjhUwGYoNgNeuZfGeyWDKO9RJZg',
    'createtime' => '1585630400',
    'msgtype' => 'event',
    'event' => 'VIEW',
    'eventkey' => 'http://www.boyufengmao.com/app/index.php?i=10&c=entry&m=ewei_shopv2&do=mobile',
    'menuid' => '432207807',
    'from' => 'opjhUwGYoNgNeuZfGeyWDKO9RJZg',
    'to' => 'gh_62bcc2f9639d',
    'time' => '1585630400',
    'type' => 'text',
    'content' => 'http://www.boyufengmao.com/app/index.php?i=10&c=entry&m=ewei_shopv2&do=mobile',
    'redirection' => true,
    'source' => 'VIEW',
  ),
)

2020-03-31 12:53:21 response :
------------

2020-03-31 13:08:22 trace :
------------
String:
<xml><ToUserName><![CDATA[gh_f9b894563ef4]]></ToUserName>
<FromUserName><![CDATA[o5V8y1SdehYiIfM6rirMCN03Ar4k]]></FromUserName>
<CreateTime>1585631302</CreateTime>
<MsgType><![CDATA[event]]></MsgType>
<Event><![CDATA[subscribe]]></Event>
<EventKey><![CDATA[qrscene_business:5864a01773794135a05fba69901b7199]]></EventKey>
<Ticket><![CDATA[gQGj8DwAAAAAAAAAAS5odHRwOi8vd2VpeGluLnFxLmNvbS9xLzAyZ3RQMXQ5QnZjT2wxMDAwMHcwN2oAAgQPhH9cAwQAAAAA]]></Ticket>
</xml>

2020-03-31 13:08:22 params :
------------
String:
array (
  'rule' => -2,
  'module' => '',
  'message' => 
  array (
    'tousername' => 'gh_f9b894563ef4',
    'fromusername' => 'o5V8y1SdehYiIfM6rirMCN03Ar4k',
    'createtime' => '1585631302',
    'msgtype' => 'event',
    'event' => 'subscribe',
    'eventkey' => 'qrscene_business:5864a01773794135a05fba69901b7199',
    'ticket' => 'gQGj8DwAAAAAAAAAAS5odHRwOi8vd2VpeGluLnFxLmNvbS9xLzAyZ3RQMXQ5QnZjT2wxMDAwMHcwN2oAAgQPhH9cAwQAAAAA',
    'from' => 'o5V8y1SdehYiIfM6rirMCN03Ar4k',
    'to' => 'gh_f9b894563ef4',
    'time' => '1585631302',
    'type' => 'text',
    'scene' => 'business:5864a01773794135a05fba69901b7199',
    'redirection' => true,
    'source' => 'subscribe',
  ),
)

2020-03-31 13:08:22 response :
------------

2020-03-31 13:08:24 trace :
------------
String:
<xml><ToUserName><![CDATA[gh_f9b894563ef4]]></ToUserName>
<FromUserName><![CDATA[o5V8y1SdehYiIfM6rirMCN03Ar4k]]></FromUserName>
<CreateTime>1585631304</CreateTime>
<MsgType><![CDATA[event]]></MsgType>
<Event><![CDATA[VIEW]]></Event>
<EventKey><![CDATA[http://www.boyufengmao.com/app/index.php?i=6&c=entry&m=ewei_shopv2&do=mobile&r=diypage&id=35]]></EventKey>
<MenuId>445261982</MenuId>
</xml>

2020-03-31 13:08:24 params :
------------
String:
array (
  'rule' => -2,
  'module' => '',
  'message' => 
  array (
    'tousername' => 'gh_f9b894563ef4',
    'fromusername' => 'o5V8y1SdehYiIfM6rirMCN03Ar4k',
    'createtime' => '1585631304',
    'msgtype' => 'event',
    'event' => 'VIEW',
    'eventkey' => 'http://www.boyufengmao.com/app/index.php?i=6&c=entry&m=ewei_shopv2&do=mobile&r=diypage&id=35',
    'menuid' => '445261982',
    'from' => 'o5V8y1SdehYiIfM6rirMCN03Ar4k',
    'to' => 'gh_f9b894563ef4',
    'time' => '1585631304',
    'type' => 'text',
    'content' => 'http://www.boyufengmao.com/app/index.php?i=6&c=entry&m=ewei_shopv2&do=mobile&r=diypage&id=35',
    'redirection' => true,
    'source' => 'VIEW',
  ),
)

2020-03-31 13:08:24 response :
------------

2020-03-31 13:09:06 trace :
------------
String:
<xml><ToUserName><![CDATA[gh_f9b894563ef4]]></ToUserName>
<FromUserName><![CDATA[o5V8y1UH7xjmMFWYtdFfaFf5FOGw]]></FromUserName>
<CreateTime>1585631346</CreateTime>
<MsgType><![CDATA[event]]></MsgType>
<Event><![CDATA[VIEW]]></Event>
<EventKey><![CDATA[http://www.boyufengmao.com/app/index.php?i=6&c=entry&m=ewei_shopv2&do=mobile]]></EventKey>
<MenuId>445261982</MenuId>
</xml>

2020-03-31 13:09:06 params :
------------
String:
array (
  'rule' => -2,
  'module' => '',
  'message' => 
  array (
    'tousername' => 'gh_f9b894563ef4',
    'fromusername' => 'o5V8y1UH7xjmMFWYtdFfaFf5FOGw',
    'createtime' => '1585631346',
    'msgtype' => 'event',
    'event' => 'VIEW',
    'eventkey' => 'http://www.boyufengmao.com/app/index.php?i=6&c=entry&m=ewei_shopv2&do=mobile',
    'menuid' => '445261982',
    'from' => 'o5V8y1UH7xjmMFWYtdFfaFf5FOGw',
    'to' => 'gh_f9b894563ef4',
    'time' => '1585631346',
    'type' => 'text',
    'content' => 'http://www.boyufengmao.com/app/index.php?i=6&c=entry&m=ewei_shopv2&do=mobile',
    'redirection' => true,
    'source' => 'VIEW',
  ),
)

2020-03-31 13:09:06 response :
------------

2020-03-31 13:58:15 trace :
------------
String:
<xml><ToUserName><![CDATA[gh_f9b894563ef4]]></ToUserName>
<FromUserName><![CDATA[o5V8y1XGOsZ0nntyeP-_TG1fv4uo]]></FromUserName>
<CreateTime>1585634295</CreateTime>
<MsgType><![CDATA[event]]></MsgType>
<Event><![CDATA[SCAN]]></Event>
<EventKey><![CDATA[business:5864a01773794135a05fba69901b7199]]></EventKey>
<Ticket><![CDATA[gQGj8DwAAAAAAAAAAS5odHRwOi8vd2VpeGluLnFxLmNvbS9xLzAyZ3RQMXQ5QnZjT2wxMDAwMHcwN2oAAgQPhH9cAwQAAAAA]]></Ticket>
</xml>

2020-03-31 13:58:15 params :
------------
String:
array (
  'rule' => -2,
  'module' => '',
  'message' => 
  array (
    'tousername' => 'gh_f9b894563ef4',
    'fromusername' => 'o5V8y1XGOsZ0nntyeP-_TG1fv4uo',
    'createtime' => '1585634295',
    'msgtype' => 'event',
    'event' => 'SCAN',
    'eventkey' => 'business:5864a01773794135a05fba69901b7199',
    'ticket' => 'gQGj8DwAAAAAAAAAAS5odHRwOi8vd2VpeGluLnFxLmNvbS9xLzAyZ3RQMXQ5QnZjT2wxMDAwMHcwN2oAAgQPhH9cAwQAAAAA',
    'from' => 'o5V8y1XGOsZ0nntyeP-_TG1fv4uo',
    'to' => 'gh_f9b894563ef4',
    'time' => '1585634295',
    'type' => 'text',
    'scene' => 'business:5864a01773794135a05fba69901b7199',
    'redirection' => true,
    'source' => 'qr',
  ),
)

2020-03-31 13:58:15 response :
------------

2020-03-31 16:33:36 trace :
------------
String:
<xml><ToUserName><![CDATA[gh_f9b894563ef4]]></ToUserName>
<FromUserName><![CDATA[o5V8y1XN6OBM4PxnLlTcocfPQLgQ]]></FromUserName>
<CreateTime>1585643616</CreateTime>
<MsgType><![CDATA[event]]></MsgType>
<Event><![CDATA[VIEW]]></Event>
<EventKey><![CDATA[http://www.boyufengmao.com/app/index.php?i=6&c=entry&m=ewei_shopv2&do=mobile]]></EventKey>
<MenuId>445261982</MenuId>
</xml>

2020-03-31 16:33:36 params :
------------
String:
array (
  'rule' => -2,
  'module' => '',
  'message' => 
  array (
    'tousername' => 'gh_f9b894563ef4',
    'fromusername' => 'o5V8y1XN6OBM4PxnLlTcocfPQLgQ',
    'createtime' => '1585643616',
    'msgtype' => 'event',
    'event' => 'VIEW',
    'eventkey' => 'http://www.boyufengmao.com/app/index.php?i=6&c=entry&m=ewei_shopv2&do=mobile',
    'menuid' => '445261982',
    'from' => 'o5V8y1XN6OBM4PxnLlTcocfPQLgQ',
    'to' => 'gh_f9b894563ef4',
    'time' => '1585643616',
    'type' => 'text',
    'content' => 'http://www.boyufengmao.com/app/index.php?i=6&c=entry&m=ewei_shopv2&do=mobile',
    'redirection' => true,
    'source' => 'VIEW',
  ),
)

2020-03-31 16:33:36 response :
------------

2020-03-31 16:42:44 trace :
------------
String:
<xml><ToUserName><![CDATA[gh_f7c52ee3e5f7]]></ToUserName>
<FromUserName><![CDATA[oANN2v6sTygCdMNCuRM8iKQ9rPcI]]></FromUserName>
<CreateTime>1585644164</CreateTime>
<MsgType><![CDATA[event]]></MsgType>
<Event><![CDATA[VIEW]]></Event>
<EventKey><![CDATA[http://www.boyufengmao.com/app/index.php?i=11&c=entry&m=ewei_shopv2&do=mobile&r=member]]></EventKey>
<MenuId>490658363</MenuId>
</xml>

2020-03-31 16:42:44 params :
------------
String:
array (
  'rule' => -2,
  'module' => '',
  'message' => 
  array (
    'tousername' => 'gh_f7c52ee3e5f7',
    'fromusername' => 'oANN2v6sTygCdMNCuRM8iKQ9rPcI',
    'createtime' => '1585644164',
    'msgtype' => 'event',
    'event' => 'VIEW',
    'eventkey' => 'http://www.boyufengmao.com/app/index.php?i=11&c=entry&m=ewei_shopv2&do=mobile&r=member',
    'menuid' => '490658363',
    'from' => 'oANN2v6sTygCdMNCuRM8iKQ9rPcI',
    'to' => 'gh_f7c52ee3e5f7',
    'time' => '1585644164',
    'type' => 'text',
    'content' => 'http://www.boyufengmao.com/app/index.php?i=11&c=entry&m=ewei_shopv2&do=mobile&r=member',
    'redirection' => true,
    'source' => 'VIEW',
  ),
)

2020-03-31 16:42:44 response :
------------

2020-03-31 16:42:47 trace :
------------
String:
<xml><ToUserName><![CDATA[gh_f7c52ee3e5f7]]></ToUserName>
<FromUserName><![CDATA[oANN2v6sTygCdMNCuRM8iKQ9rPcI]]></FromUserName>
<CreateTime>1585644167</CreateTime>
<MsgType><![CDATA[event]]></MsgType>
<Event><![CDATA[VIEW]]></Event>
<EventKey><![CDATA[http://www.boyufengmao.com/app/index.php?i=11&c=entry&m=ewei_shopv2&do=mobile]]></EventKey>
<MenuId>490658363</MenuId>
</xml>

2020-03-31 16:42:47 params :
------------
String:
array (
  'rule' => -2,
  'module' => '',
  'message' => 
  array (
    'tousername' => 'gh_f7c52ee3e5f7',
    'fromusername' => 'oANN2v6sTygCdMNCuRM8iKQ9rPcI',
    'createtime' => '1585644167',
    'msgtype' => 'event',
    'event' => 'VIEW',
    'eventkey' => 'http://www.boyufengmao.com/app/index.php?i=11&c=entry&m=ewei_shopv2&do=mobile',
    'menuid' => '490658363',
    'from' => 'oANN2v6sTygCdMNCuRM8iKQ9rPcI',
    'to' => 'gh_f7c52ee3e5f7',
    'time' => '1585644167',
    'type' => 'text',
    'content' => 'http://www.boyufengmao.com/app/index.php?i=11&c=entry&m=ewei_shopv2&do=mobile',
    'redirection' => true,
    'source' => 'VIEW',
  ),
)

2020-03-31 16:42:47 response :
------------

2020-03-31 16:43:12 trace :
------------
String:
<xml><ToUserName><![CDATA[gh_f7c52ee3e5f7]]></ToUserName>
<FromUserName><![CDATA[oANN2v6sTygCdMNCuRM8iKQ9rPcI]]></FromUserName>
<CreateTime>1585644192</CreateTime>
<MsgType><![CDATA[event]]></MsgType>
<Event><![CDATA[VIEW]]></Event>
<EventKey><![CDATA[http://www.boyufengmao.com/app/index.php?i=11&c=entry&m=ewei_shopv2&do=mobile&r=member]]></EventKey>
<MenuId>490658363</MenuId>
</xml>

2020-03-31 16:43:12 params :
------------
String:
array (
  'rule' => -2,
  'module' => '',
  'message' => 
  array (
    'tousername' => 'gh_f7c52ee3e5f7',
    'fromusername' => 'oANN2v6sTygCdMNCuRM8iKQ9rPcI',
    'createtime' => '1585644192',
    'msgtype' => 'event',
    'event' => 'VIEW',
    'eventkey' => 'http://www.boyufengmao.com/app/index.php?i=11&c=entry&m=ewei_shopv2&do=mobile&r=member',
    'menuid' => '490658363',
    'from' => 'oANN2v6sTygCdMNCuRM8iKQ9rPcI',
    'to' => 'gh_f7c52ee3e5f7',
    'time' => '1585644192',
    'type' => 'text',
    'content' => 'http://www.boyufengmao.com/app/index.php?i=11&c=entry&m=ewei_shopv2&do=mobile&r=member',
    'redirection' => true,
    'source' => 'VIEW',
  ),
)

2020-03-31 16:43:12 response :
------------

2020-03-31 16:48:19 trace :
------------
String:
<xml><ToUserName><![CDATA[gh_f9b894563ef4]]></ToUserName>
<FromUserName><![CDATA[o5V8y1XN6OBM4PxnLlTcocfPQLgQ]]></FromUserName>
<CreateTime>1585644499</CreateTime>
<MsgType><![CDATA[event]]></MsgType>
<Event><![CDATA[VIEW]]></Event>
<EventKey><![CDATA[http://www.boyufengmao.com/app/index.php?i=6&c=entry&m=ewei_shopv2&do=mobile]]></EventKey>
<MenuId>445261982</MenuId>
</xml>

2020-03-31 16:48:19 params :
------------
String:
array (
  'rule' => -2,
  'module' => '',
  'message' => 
  array (
    'tousername' => 'gh_f9b894563ef4',
    'fromusername' => 'o5V8y1XN6OBM4PxnLlTcocfPQLgQ',
    'createtime' => '1585644499',
    'msgtype' => 'event',
    'event' => 'VIEW',
    'eventkey' => 'http://www.boyufengmao.com/app/index.php?i=6&c=entry&m=ewei_shopv2&do=mobile',
    'menuid' => '445261982',
    'from' => 'o5V8y1XN6OBM4PxnLlTcocfPQLgQ',
    'to' => 'gh_f9b894563ef4',
    'time' => '1585644499',
    'type' => 'text',
    'content' => 'http://www.boyufengmao.com/app/index.php?i=6&c=entry&m=ewei_shopv2&do=mobile',
    'redirection' => true,
    'source' => 'VIEW',
  ),
)

2020-03-31 16:48:19 response :
------------

2020-03-31 16:48:25 trace :
------------
String:
<xml><ToUserName><![CDATA[gh_f9b894563ef4]]></ToUserName>
<FromUserName><![CDATA[o5V8y1XN6OBM4PxnLlTcocfPQLgQ]]></FromUserName>
<CreateTime>1585644505</CreateTime>
<MsgType><![CDATA[event]]></MsgType>
<Event><![CDATA[VIEW]]></Event>
<EventKey><![CDATA[http://www.boyufengmao.com/app/index.php?i=6&c=entry&m=ewei_shopv2&do=mobile]]></EventKey>
<MenuId>445261982</MenuId>
</xml>

2020-03-31 16:48:25 params :
------------
String:
array (
  'rule' => -2,
  'module' => '',
  'message' => 
  array (
    'tousername' => 'gh_f9b894563ef4',
    'fromusername' => 'o5V8y1XN6OBM4PxnLlTcocfPQLgQ',
    'createtime' => '1585644505',
    'msgtype' => 'event',
    'event' => 'VIEW',
    'eventkey' => 'http://www.boyufengmao.com/app/index.php?i=6&c=entry&m=ewei_shopv2&do=mobile',
    'menuid' => '445261982',
    'from' => 'o5V8y1XN6OBM4PxnLlTcocfPQLgQ',
    'to' => 'gh_f9b894563ef4',
    'time' => '1585644505',
    'type' => 'text',
    'content' => 'http://www.boyufengmao.com/app/index.php?i=6&c=entry&m=ewei_shopv2&do=mobile',
    'redirection' => true,
    'source' => 'VIEW',
  ),
)

2020-03-31 16:48:25 response :
------------

2020-03-31 18:19:47 trace :
------------
String:
<xml><ToUserName><![CDATA[gh_f9b894563ef4]]></ToUserName>
<FromUserName><![CDATA[o5V8y1X1fUCdtYJV84F0-w9o_bGc]]></FromUserName>
<CreateTime>1585649987</CreateTime>
<MsgType><![CDATA[event]]></MsgType>
<Event><![CDATA[VIEW]]></Event>
<EventKey><![CDATA[http://www.boyufengmao.com/app/index.php?i=6&c=entry&m=ewei_shopv2&do=mobile&r=diypage&id=35]]></EventKey>
<MenuId>445261982</MenuId>
</xml>

2020-03-31 18:19:47 params :
------------
String:
array (
  'rule' => -2,
  'module' => '',
  'message' => 
  array (
    'tousername' => 'gh_f9b894563ef4',
    'fromusername' => 'o5V8y1X1fUCdtYJV84F0-w9o_bGc',
    'createtime' => '1585649987',
    'msgtype' => 'event',
    'event' => 'VIEW',
    'eventkey' => 'http://www.boyufengmao.com/app/index.php?i=6&c=entry&m=ewei_shopv2&do=mobile&r=diypage&id=35',
    'menuid' => '445261982',
    'from' => 'o5V8y1X1fUCdtYJV84F0-w9o_bGc',
    'to' => 'gh_f9b894563ef4',
    'time' => '1585649987',
    'type' => 'text',
    'content' => 'http://www.boyufengmao.com/app/index.php?i=6&c=entry&m=ewei_shopv2&do=mobile&r=diypage&id=35',
    'redirection' => true,
    'source' => 'VIEW',
  ),
)

2020-03-31 18:19:47 response :
------------

2020-03-31 18:28:07 trace :
------------
String:
<xml><ToUserName><![CDATA[gh_f9b894563ef4]]></ToUserName>
<FromUserName><![CDATA[o5V8y1cQb5BeCQRR80wfD4LgVcv0]]></FromUserName>
<CreateTime>1585650487</CreateTime>
<MsgType><![CDATA[event]]></MsgType>
<Event><![CDATA[subscribe]]></Event>
<EventKey><![CDATA[qrscene_business:5864a01773794135a05fba69901b7199]]></EventKey>
<Ticket><![CDATA[gQGj8DwAAAAAAAAAAS5odHRwOi8vd2VpeGluLnFxLmNvbS9xLzAyZ3RQMXQ5QnZjT2wxMDAwMHcwN2oAAgQPhH9cAwQAAAAA]]></Ticket>
</xml>

2020-03-31 18:28:07 params :
------------
String:
array (
  'rule' => -2,
  'module' => '',
  'message' => 
  array (
    'tousername' => 'gh_f9b894563ef4',
    'fromusername' => 'o5V8y1cQb5BeCQRR80wfD4LgVcv0',
    'createtime' => '1585650487',
    'msgtype' => 'event',
    'event' => 'subscribe',
    'eventkey' => 'qrscene_business:5864a01773794135a05fba69901b7199',
    'ticket' => 'gQGj8DwAAAAAAAAAAS5odHRwOi8vd2VpeGluLnFxLmNvbS9xLzAyZ3RQMXQ5QnZjT2wxMDAwMHcwN2oAAgQPhH9cAwQAAAAA',
    'from' => 'o5V8y1cQb5BeCQRR80wfD4LgVcv0',
    'to' => 'gh_f9b894563ef4',
    'time' => '1585650487',
    'type' => 'text',
    'scene' => 'business:5864a01773794135a05fba69901b7199',
    'redirection' => true,
    'source' => 'subscribe',
  ),
)

2020-03-31 18:28:07 response :
------------

2020-03-31 18:28:22 trace :
------------
String:
<xml><ToUserName><![CDATA[gh_f9b894563ef4]]></ToUserName>
<FromUserName><![CDATA[o5V8y1cQb5BeCQRR80wfD4LgVcv0]]></FromUserName>
<CreateTime>1585650501</CreateTime>
<MsgType><![CDATA[text]]></MsgType>
<Content><![CDATA[18792701115]]></Content>
<MsgId>22701055032250975</MsgId>
</xml>

2020-03-31 18:28:22 params :
------------
String:
array (
  'rule' => -2,
  'module' => '',
  'message' => 
  array (
    'tousername' => 'gh_f9b894563ef4',
    'fromusername' => 'o5V8y1cQb5BeCQRR80wfD4LgVcv0',
    'createtime' => '1585650501',
    'msgtype' => 'text',
    'content' => '18792701115',
    'msgid' => '22701055032250975',
    'from' => 'o5V8y1cQb5BeCQRR80wfD4LgVcv0',
    'to' => 'gh_f9b894563ef4',
    'time' => '1585650501',
    'type' => 'text',
    'event' => NULL,
    'redirection' => false,
    'source' => NULL,
  ),
)

2020-03-31 18:28:22 response :
------------

2020-03-31 18:28:34 trace :
------------
String:
<xml><ToUserName><![CDATA[gh_f9b894563ef4]]></ToUserName>
<FromUserName><![CDATA[o5V8y1cQb5BeCQRR80wfD4LgVcv0]]></FromUserName>
<CreateTime>1585650514</CreateTime>
<MsgType><![CDATA[event]]></MsgType>
<Event><![CDATA[VIEW]]></Event>
<EventKey><![CDATA[http://www.boyufengmao.com/app/index.php?i=6&c=entry&m=ewei_shopv2&do=mobile&r=diypage&id=35]]></EventKey>
<MenuId>445261982</MenuId>
</xml>

2020-03-31 18:28:34 params :
------------
String:
array (
  'rule' => -2,
  'module' => '',
  'message' => 
  array (
    'tousername' => 'gh_f9b894563ef4',
    'fromusername' => 'o5V8y1cQb5BeCQRR80wfD4LgVcv0',
    'createtime' => '1585650514',
    'msgtype' => 'event',
    'event' => 'VIEW',
    'eventkey' => 'http://www.boyufengmao.com/app/index.php?i=6&c=entry&m=ewei_shopv2&do=mobile&r=diypage&id=35',
    'menuid' => '445261982',
    'from' => 'o5V8y1cQb5BeCQRR80wfD4LgVcv0',
    'to' => 'gh_f9b894563ef4',
    'time' => '1585650514',
    'type' => 'text',
    'content' => 'http://www.boyufengmao.com/app/index.php?i=6&c=entry&m=ewei_shopv2&do=mobile&r=diypage&id=35',
    'redirection' => true,
    'source' => 'VIEW',
  ),
)

2020-03-31 18:28:34 response :
------------

2020-03-31 19:00:04 trace :
------------
String:
<xml><ToUserName><![CDATA[gh_f9b894563ef4]]></ToUserName>
<FromUserName><![CDATA[o5V8y1UZOqWITLC1dn_juu08L73A]]></FromUserName>
<CreateTime>1585652404</CreateTime>
<MsgType><![CDATA[event]]></MsgType>
<Event><![CDATA[VIEW]]></Event>
<EventKey><![CDATA[http://www.boyufengmao.com/app/index.php?i=6&c=entry&m=ewei_shopv2&do=mobile]]></EventKey>
<MenuId>445261982</MenuId>
</xml>

2020-03-31 19:00:04 params :
------------
String:
array (
  'rule' => -2,
  'module' => '',
  'message' => 
  array (
    'tousername' => 'gh_f9b894563ef4',
    'fromusername' => 'o5V8y1UZOqWITLC1dn_juu08L73A',
    'createtime' => '1585652404',
    'msgtype' => 'event',
    'event' => 'VIEW',
    'eventkey' => 'http://www.boyufengmao.com/app/index.php?i=6&c=entry&m=ewei_shopv2&do=mobile',
    'menuid' => '445261982',
    'from' => 'o5V8y1UZOqWITLC1dn_juu08L73A',
    'to' => 'gh_f9b894563ef4',
    'time' => '1585652404',
    'type' => 'text',
    'content' => 'http://www.boyufengmao.com/app/index.php?i=6&c=entry&m=ewei_shopv2&do=mobile',
    'redirection' => true,
    'source' => 'VIEW',
  ),
)

2020-03-31 19:00:04 response :
------------

2020-03-31 19:00:11 trace :
------------
String:
<xml><ToUserName><![CDATA[gh_f9b894563ef4]]></ToUserName>
<FromUserName><![CDATA[o5V8y1UZOqWITLC1dn_juu08L73A]]></FromUserName>
<CreateTime>1585652411</CreateTime>
<MsgType><![CDATA[event]]></MsgType>
<Event><![CDATA[VIEW]]></Event>
<EventKey><![CDATA[http://www.boyufengmao.com/app/index.php?i=6&c=entry&m=ewei_shopv2&do=mobile&r=diypage&id=35]]></EventKey>
<MenuId>445261982</MenuId>
</xml>

2020-03-31 19:00:12 trace :
------------
String:
<xml><ToUserName><![CDATA[gh_f9b894563ef4]]></ToUserName>
<FromUserName><![CDATA[o5V8y1UZOqWITLC1dn_juu08L73A]]></FromUserName>
<CreateTime>1585652411</CreateTime>
<MsgType><![CDATA[event]]></MsgType>
<Event><![CDATA[VIEW]]></Event>
<EventKey><![CDATA[http://www.boyufengmao.com/app/index.php?i=6&c=entry&m=ewei_shopv2&do=mobile&r=diypage&id=35]]></EventKey>
<MenuId>445261982</MenuId>
</xml>

2020-03-31 19:00:12 params :
------------
String:
array (
  'rule' => -2,
  'module' => '',
  'message' => 
  array (
    'tousername' => 'gh_f9b894563ef4',
    'fromusername' => 'o5V8y1UZOqWITLC1dn_juu08L73A',
    'createtime' => '1585652411',
    'msgtype' => 'event',
    'event' => 'VIEW',
    'eventkey' => 'http://www.boyufengmao.com/app/index.php?i=6&c=entry&m=ewei_shopv2&do=mobile&r=diypage&id=35',
    'menuid' => '445261982',
    'from' => 'o5V8y1UZOqWITLC1dn_juu08L73A',
    'to' => 'gh_f9b894563ef4',
    'time' => '1585652411',
    'type' => 'text',
    'content' => 'http://www.boyufengmao.com/app/index.php?i=6&c=entry&m=ewei_shopv2&do=mobile&r=diypage&id=35',
    'redirection' => true,
    'source' => 'VIEW',
  ),
)

2020-03-31 19:00:12 response :
------------

2020-03-31 19:00:12 params :
------------
String:
array (
  'rule' => -2,
  'module' => '',
  'message' => 
  array (
    'tousername' => 'gh_f9b894563ef4',
    'fromusername' => 'o5V8y1UZOqWITLC1dn_juu08L73A',
    'createtime' => '1585652411',
    'msgtype' => 'event',
    'event' => 'VIEW',
    'eventkey' => 'http://www.boyufengmao.com/app/index.php?i=6&c=entry&m=ewei_shopv2&do=mobile&r=diypage&id=35',
    'menuid' => '445261982',
    'from' => 'o5V8y1UZOqWITLC1dn_juu08L73A',
    'to' => 'gh_f9b894563ef4',
    'time' => '1585652411',
    'type' => 'text',
    'content' => 'http://www.boyufengmao.com/app/index.php?i=6&c=entry&m=ewei_shopv2&do=mobile&r=diypage&id=35',
    'redirection' => true,
    'source' => 'VIEW',
  ),
)

2020-03-31 19:00:12 response :
------------

2020-03-31 19:01:10 trace :
------------
String:
<xml><ToUserName><![CDATA[gh_f9b894563ef4]]></ToUserName>
<FromUserName><![CDATA[o5V8y1UZOqWITLC1dn_juu08L73A]]></FromUserName>
<CreateTime>1585652470</CreateTime>
<MsgType><![CDATA[event]]></MsgType>
<Event><![CDATA[VIEW]]></Event>
<EventKey><![CDATA[http://www.boyufengmao.com/app/index.php?i=6&c=entry&m=ewei_shopv2&do=mobile&r=diypage&id=35]]></EventKey>
<MenuId>445261982</MenuId>
</xml>

2020-03-31 19:01:10 params :
------------
String:
array (
  'rule' => -2,
  'module' => '',
  'message' => 
  array (
    'tousername' => 'gh_f9b894563ef4',
    'fromusername' => 'o5V8y1UZOqWITLC1dn_juu08L73A',
    'createtime' => '1585652470',
    'msgtype' => 'event',
    'event' => 'VIEW',
    'eventkey' => 'http://www.boyufengmao.com/app/index.php?i=6&c=entry&m=ewei_shopv2&do=mobile&r=diypage&id=35',
    'menuid' => '445261982',
    'from' => 'o5V8y1UZOqWITLC1dn_juu08L73A',
    'to' => 'gh_f9b894563ef4',
    'time' => '1585652470',
    'type' => 'text',
    'content' => 'http://www.boyufengmao.com/app/index.php?i=6&c=entry&m=ewei_shopv2&do=mobile&r=diypage&id=35',
    'redirection' => true,
    'source' => 'VIEW',
  ),
)

2020-03-31 19:01:10 response :
------------

2020-03-31 19:01:34 trace :
------------
String:
<xml><ToUserName><![CDATA[gh_f9b894563ef4]]></ToUserName>
<FromUserName><![CDATA[o5V8y1UZOqWITLC1dn_juu08L73A]]></FromUserName>
<CreateTime>1585652494</CreateTime>
<MsgType><![CDATA[event]]></MsgType>
<Event><![CDATA[VIEW]]></Event>
<EventKey><![CDATA[http://www.boyufengmao.com/app/index.php?i=6&c=entry&m=ewei_shopv2&do=mobile]]></EventKey>
<MenuId>445261982</MenuId>
</xml>

2020-03-31 19:01:34 params :
------------
String:
array (
  'rule' => -2,
  'module' => '',
  'message' => 
  array (
    'tousername' => 'gh_f9b894563ef4',
    'fromusername' => 'o5V8y1UZOqWITLC1dn_juu08L73A',
    'createtime' => '1585652494',
    'msgtype' => 'event',
    'event' => 'VIEW',
    'eventkey' => 'http://www.boyufengmao.com/app/index.php?i=6&c=entry&m=ewei_shopv2&do=mobile',
    'menuid' => '445261982',
    'from' => 'o5V8y1UZOqWITLC1dn_juu08L73A',
    'to' => 'gh_f9b894563ef4',
    'time' => '1585652494',
    'type' => 'text',
    'content' => 'http://www.boyufengmao.com/app/index.php?i=6&c=entry&m=ewei_shopv2&do=mobile',
    'redirection' => true,
    'source' => 'VIEW',
  ),
)

2020-03-31 19:01:34 response :
------------

2020-03-31 19:02:53 trace :
------------
String:
<xml><ToUserName><![CDATA[gh_f9b894563ef4]]></ToUserName>
<FromUserName><![CDATA[o5V8y1X1fUCdtYJV84F0-w9o_bGc]]></FromUserName>
<CreateTime>1585652573</CreateTime>
<MsgType><![CDATA[event]]></MsgType>
<Event><![CDATA[VIEW]]></Event>
<EventKey><![CDATA[http://www.boyufengmao.com/app/index.php?i=6&c=entry&m=ewei_shopv2&do=mobile&r=diypage&id=35]]></EventKey>
<MenuId>445261982</MenuId>
</xml>

2020-03-31 19:02:53 params :
------------
String:
array (
  'rule' => -2,
  'module' => '',
  'message' => 
  array (
    'tousername' => 'gh_f9b894563ef4',
    'fromusername' => 'o5V8y1X1fUCdtYJV84F0-w9o_bGc',
    'createtime' => '1585652573',
    'msgtype' => 'event',
    'event' => 'VIEW',
    'eventkey' => 'http://www.boyufengmao.com/app/index.php?i=6&c=entry&m=ewei_shopv2&do=mobile&r=diypage&id=35',
    'menuid' => '445261982',
    'from' => 'o5V8y1X1fUCdtYJV84F0-w9o_bGc',
    'to' => 'gh_f9b894563ef4',
    'time' => '1585652573',
    'type' => 'text',
    'content' => 'http://www.boyufengmao.com/app/index.php?i=6&c=entry&m=ewei_shopv2&do=mobile&r=diypage&id=35',
    'redirection' => true,
    'source' => 'VIEW',
  ),
)

2020-03-31 19:02:53 response :
------------

2020-03-31 19:06:06 trace :
------------
String:
<xml><ToUserName><![CDATA[gh_f9b894563ef4]]></ToUserName>
<FromUserName><![CDATA[o5V8y1UZOqWITLC1dn_juu08L73A]]></FromUserName>
<CreateTime>1585652766</CreateTime>
<MsgType><![CDATA[event]]></MsgType>
<Event><![CDATA[VIEW]]></Event>
<EventKey><![CDATA[http://www.boyufengmao.com/app/index.php?i=6&c=entry&m=ewei_shopv2&do=mobile&r=diypage&id=35]]></EventKey>
<MenuId>445261982</MenuId>
</xml>

2020-03-31 19:06:06 params :
------------
String:
array (
  'rule' => -2,
  'module' => '',
  'message' => 
  array (
    'tousername' => 'gh_f9b894563ef4',
    'fromusername' => 'o5V8y1UZOqWITLC1dn_juu08L73A',
    'createtime' => '1585652766',
    'msgtype' => 'event',
    'event' => 'VIEW',
    'eventkey' => 'http://www.boyufengmao.com/app/index.php?i=6&c=entry&m=ewei_shopv2&do=mobile&r=diypage&id=35',
    'menuid' => '445261982',
    'from' => 'o5V8y1UZOqWITLC1dn_juu08L73A',
    'to' => 'gh_f9b894563ef4',
    'time' => '1585652766',
    'type' => 'text',
    'content' => 'http://www.boyufengmao.com/app/index.php?i=6&c=entry&m=ewei_shopv2&do=mobile&r=diypage&id=35',
    'redirection' => true,
    'source' => 'VIEW',
  ),
)

2020-03-31 19:06:06 response :
------------

2020-03-31 19:06:45 trace :
------------
String:
<xml><ToUserName><![CDATA[gh_f9b894563ef4]]></ToUserName>
<FromUserName><![CDATA[o5V8y1fImt_F92_5QQHIzbeZ3NNM]]></FromUserName>
<CreateTime>1585652805</CreateTime>
<MsgType><![CDATA[event]]></MsgType>
<Event><![CDATA[VIEW]]></Event>
<EventKey><![CDATA[http://www.boyufengmao.com/app/index.php?i=6&c=entry&m=ewei_shopv2&do=mobile&r=diypage&id=35]]></EventKey>
<MenuId>445261982</MenuId>
</xml>

2020-03-31 19:06:45 params :
------------
String:
array (
  'rule' => -2,
  'module' => '',
  'message' => 
  array (
    'tousername' => 'gh_f9b894563ef4',
    'fromusername' => 'o5V8y1fImt_F92_5QQHIzbeZ3NNM',
    'createtime' => '1585652805',
    'msgtype' => 'event',
    'event' => 'VIEW',
    'eventkey' => 'http://www.boyufengmao.com/app/index.php?i=6&c=entry&m=ewei_shopv2&do=mobile&r=diypage&id=35',
    'menuid' => '445261982',
    'from' => 'o5V8y1fImt_F92_5QQHIzbeZ3NNM',
    'to' => 'gh_f9b894563ef4',
    'time' => '1585652805',
    'type' => 'text',
    'content' => 'http://www.boyufengmao.com/app/index.php?i=6&c=entry&m=ewei_shopv2&do=mobile&r=diypage&id=35',
    'redirection' => true,
    'source' => 'VIEW',
  ),
)

2020-03-31 19:06:45 response :
------------

2020-03-31 19:06:52 trace :
------------
String:
<xml><ToUserName><![CDATA[gh_f9b894563ef4]]></ToUserName>
<FromUserName><![CDATA[o5V8y1fImt_F92_5QQHIzbeZ3NNM]]></FromUserName>
<CreateTime>1585652812</CreateTime>
<MsgType><![CDATA[event]]></MsgType>
<Event><![CDATA[CLICK]]></Event>
<EventKey><![CDATA[订餐电话]]></EventKey>
</xml>

2020-03-31 19:06:52 params :
------------
String:
array (
  'message' => 
  array (
    'tousername' => 'gh_f9b894563ef4',
    'fromusername' => 'o5V8y1fImt_F92_5QQHIzbeZ3NNM',
    'createtime' => '1585652812',
    'msgtype' => 'event',
    'event' => 'CLICK',
    'eventkey' => '订餐电话',
    'from' => 'o5V8y1fImt_F92_5QQHIzbeZ3NNM',
    'to' => 'gh_f9b894563ef4',
    'time' => '1585652812',
    'type' => 'text',
    'content' => '订餐电话',
    'redirection' => true,
    'source' => 'click',
  ),
  'module' => 'reply',
  'rule' => '19',
  'priority' => '0',
  'keyword' => 
  array (
    'id' => '27',
    'rid' => '19',
    'uniacid' => '6',
    'module' => 'reply',
    'content' => '订餐电话',
    'type' => '1',
    'displayorder' => '0',
    'status' => '1',
    'reply_type' => 
    array (
      0 => 'basic',
    ),
  ),
  'reply_type' => 
  array (
    0 => 'basic',
  ),
)

2020-03-31 19:06:52 response :
------------
Array:
FromUserName : gh_f9b894563ef4 ;
ToUserName : o5V8y1fImt_F92_5QQHIzbeZ3NNM ;
MsgType : text ;
Content : 欢迎拨打电话：029-86357081 /  19909289055 订餐 ;

2020-03-31 19:39:47 trace :
------------
String:
<xml><ToUserName><![CDATA[gh_62bcc2f9639d]]></ToUserName>
<FromUserName><![CDATA[opjhUwPVCTA-buHrPyQggCmmRags]]></FromUserName>
<CreateTime>1585654786</CreateTime>
<MsgType><![CDATA[event]]></MsgType>
<Event><![CDATA[subscribe]]></Event>
<EventKey><![CDATA[]]></EventKey>
</xml>

2020-03-31 19:39:47 params :
------------
String:
array (
  'rule' => -2,
  'module' => '',
  'message' => 
  array (
    'tousername' => 'gh_62bcc2f9639d',
    'fromusername' => 'opjhUwPVCTA-buHrPyQggCmmRags',
    'createtime' => '1585654786',
    'msgtype' => 'event',
    'event' => 'subscribe',
    'eventkey' => '',
    'from' => 'opjhUwPVCTA-buHrPyQggCmmRags',
    'to' => 'gh_62bcc2f9639d',
    'time' => '1585654786',
    'type' => 'text',
    'redirection' => true,
    'source' => 'subscribe',
  ),
)

2020-03-31 19:39:47 response :
------------

2020-03-31 19:39:53 trace :
------------
String:
<xml><ToUserName><![CDATA[gh_62bcc2f9639d]]></ToUserName>
<FromUserName><![CDATA[opjhUwPVCTA-buHrPyQggCmmRags]]></FromUserName>
<CreateTime>1585654792</CreateTime>
<MsgType><![CDATA[event]]></MsgType>
<Event><![CDATA[unsubscribe]]></Event>
<EventKey><![CDATA[]]></EventKey>
</xml>

2020-03-31 19:42:03 trace :
------------
String:
<xml><ToUserName><![CDATA[gh_f9b894563ef4]]></ToUserName>
<FromUserName><![CDATA[o5V8y1UZOqWITLC1dn_juu08L73A]]></FromUserName>
<CreateTime>1585654923</CreateTime>
<MsgType><![CDATA[event]]></MsgType>
<Event><![CDATA[SCAN]]></Event>
<EventKey><![CDATA[business:5864a01773794135a05fba69901b7199]]></EventKey>
<Ticket><![CDATA[gQGj8DwAAAAAAAAAAS5odHRwOi8vd2VpeGluLnFxLmNvbS9xLzAyZ3RQMXQ5QnZjT2wxMDAwMHcwN2oAAgQPhH9cAwQAAAAA]]></Ticket>
</xml>

2020-03-31 19:42:03 params :
------------
String:
array (
  'rule' => -2,
  'module' => '',
  'message' => 
  array (
    'tousername' => 'gh_f9b894563ef4',
    'fromusername' => 'o5V8y1UZOqWITLC1dn_juu08L73A',
    'createtime' => '1585654923',
    'msgtype' => 'event',
    'event' => 'SCAN',
    'eventkey' => 'business:5864a01773794135a05fba69901b7199',
    'ticket' => 'gQGj8DwAAAAAAAAAAS5odHRwOi8vd2VpeGluLnFxLmNvbS9xLzAyZ3RQMXQ5QnZjT2wxMDAwMHcwN2oAAgQPhH9cAwQAAAAA',
    'from' => 'o5V8y1UZOqWITLC1dn_juu08L73A',
    'to' => 'gh_f9b894563ef4',
    'time' => '1585654923',
    'type' => 'text',
    'scene' => 'business:5864a01773794135a05fba69901b7199',
    'redirection' => true,
    'source' => 'qr',
  ),
)

2020-03-31 19:42:03 response :
------------

2020-03-31 19:42:07 trace :
------------
String:
<xml><ToUserName><![CDATA[gh_f9b894563ef4]]></ToUserName>
<FromUserName><![CDATA[o5V8y1UZOqWITLC1dn_juu08L73A]]></FromUserName>
<CreateTime>1585654927</CreateTime>
<MsgType><![CDATA[event]]></MsgType>
<Event><![CDATA[VIEW]]></Event>
<EventKey><![CDATA[http://www.boyufengmao.com/app/index.php?i=6&c=entry&m=ewei_shopv2&do=mobile&r=diypage&id=35]]></EventKey>
<MenuId>445261982</MenuId>
</xml>

2020-03-31 19:42:07 params :
------------
String:
array (
  'rule' => -2,
  'module' => '',
  'message' => 
  array (
    'tousername' => 'gh_f9b894563ef4',
    'fromusername' => 'o5V8y1UZOqWITLC1dn_juu08L73A',
    'createtime' => '1585654927',
    'msgtype' => 'event',
    'event' => 'VIEW',
    'eventkey' => 'http://www.boyufengmao.com/app/index.php?i=6&c=entry&m=ewei_shopv2&do=mobile&r=diypage&id=35',
    'menuid' => '445261982',
    'from' => 'o5V8y1UZOqWITLC1dn_juu08L73A',
    'to' => 'gh_f9b894563ef4',
    'time' => '1585654927',
    'type' => 'text',
    'content' => 'http://www.boyufengmao.com/app/index.php?i=6&c=entry&m=ewei_shopv2&do=mobile&r=diypage&id=35',
    'redirection' => true,
    'source' => 'VIEW',
  ),
)

2020-03-31 19:42:07 response :
------------

2020-03-31 21:00:54 trace :
------------
String:
<xml><ToUserName><![CDATA[gh_f9b894563ef4]]></ToUserName>
<FromUserName><![CDATA[o5V8y1UV4aWd-8r3rAR0nk2XjiiI]]></FromUserName>
<CreateTime>1585659654</CreateTime>
<MsgType><![CDATA[event]]></MsgType>
<Event><![CDATA[VIEW]]></Event>
<EventKey><![CDATA[http://www.boyufengmao.com/app/index.php?i=6&c=entry&m=ewei_shopv2&do=mobile]]></EventKey>
<MenuId>445261982</MenuId>
</xml>

2020-03-31 21:00:54 params :
------------
String:
array (
  'rule' => -2,
  'module' => '',
  'message' => 
  array (
    'tousername' => 'gh_f9b894563ef4',
    'fromusername' => 'o5V8y1UV4aWd-8r3rAR0nk2XjiiI',
    'createtime' => '1585659654',
    'msgtype' => 'event',
    'event' => 'VIEW',
    'eventkey' => 'http://www.boyufengmao.com/app/index.php?i=6&c=entry&m=ewei_shopv2&do=mobile',
    'menuid' => '445261982',
    'from' => 'o5V8y1UV4aWd-8r3rAR0nk2XjiiI',
    'to' => 'gh_f9b894563ef4',
    'time' => '1585659654',
    'type' => 'text',
    'content' => 'http://www.boyufengmao.com/app/index.php?i=6&c=entry&m=ewei_shopv2&do=mobile',
    'redirection' => true,
    'source' => 'VIEW',
  ),
)

2020-03-31 21:00:54 response :
------------

2020-03-31 21:04:45 trace :
------------
String:
<xml><ToUserName><![CDATA[gh_f9b894563ef4]]></ToUserName>
<FromUserName><![CDATA[o5V8y1W6idSE2UNUTwk9JOFFeULY]]></FromUserName>
<CreateTime>1585659884</CreateTime>
<MsgType><![CDATA[event]]></MsgType>
<Event><![CDATA[TEMPLATESENDJOBFINISH]]></Event>
<MsgID>1276202786656616448</MsgID>
<Status><![CDATA[success]]></Status>
</xml>

2020-03-31 21:04:45 params :
------------
String:
array (
  'rule' => -2,
  'module' => '',
  'message' => 
  array (
    'tousername' => 'gh_f9b894563ef4',
    'fromusername' => 'o5V8y1W6idSE2UNUTwk9JOFFeULY',
    'createtime' => '1585659884',
    'msgtype' => 'event',
    'event' => 'TEMPLATESENDJOBFINISH',
    'msgid' => '1276202786656616448',
    'status' => 'success',
    'from' => 'o5V8y1W6idSE2UNUTwk9JOFFeULY',
    'to' => 'gh_f9b894563ef4',
    'time' => '1585659884',
    'type' => 'event',
  ),
)

2020-03-31 21:04:45 response :
------------

2020-03-31 21:51:55 trace :
------------
String:
<xml><ToUserName><![CDATA[gh_7b3d37846b75]]></ToUserName>
<FromUserName><![CDATA[oZ5PY1Jh2VkENVmJ3pwS3hLqVbBc]]></FromUserName>
<CreateTime>1585662714</CreateTime>
<MsgType><![CDATA[event]]></MsgType>
<Event><![CDATA[VIEW]]></Event>
<EventKey><![CDATA[http://www.boyufengmao.com/app/index.php?i=7&c=entry&m=ewei_shopv2&do=mobile&r=diypage&id=30]]></EventKey>
<MenuId>516391862</MenuId>
</xml>

2020-03-31 21:51:55 params :
------------
String:
array (
  'rule' => -2,
  'module' => '',
  'message' => 
  array (
    'tousername' => 'gh_7b3d37846b75',
    'fromusername' => 'oZ5PY1Jh2VkENVmJ3pwS3hLqVbBc',
    'createtime' => '1585662714',
    'msgtype' => 'event',
    'event' => 'VIEW',
    'eventkey' => 'http://www.boyufengmao.com/app/index.php?i=7&c=entry&m=ewei_shopv2&do=mobile&r=diypage&id=30',
    'menuid' => '516391862',
    'from' => 'oZ5PY1Jh2VkENVmJ3pwS3hLqVbBc',
    'to' => 'gh_7b3d37846b75',
    'time' => '1585662714',
    'type' => 'text',
    'content' => 'http://www.boyufengmao.com/app/index.php?i=7&c=entry&m=ewei_shopv2&do=mobile&r=diypage&id=30',
    'redirection' => true,
    'source' => 'VIEW',
  ),
)

2020-03-31 21:51:55 response :
------------

2020-03-31 22:04:57 trace :
------------
String:
<xml><ToUserName><![CDATA[gh_62bcc2f9639d]]></ToUserName>
<FromUserName><![CDATA[opjhUwIPjNLRskiRSijlZArL385M]]></FromUserName>
<CreateTime>1585663497</CreateTime>
<MsgType><![CDATA[event]]></MsgType>
<Event><![CDATA[subscribe]]></Event>
<EventKey><![CDATA[]]></EventKey>
</xml>

2020-03-31 22:04:57 params :
------------
String:
array (
  'rule' => -2,
  'module' => '',
  'message' => 
  array (
    'tousername' => 'gh_62bcc2f9639d',
    'fromusername' => 'opjhUwIPjNLRskiRSijlZArL385M',
    'createtime' => '1585663497',
    'msgtype' => 'event',
    'event' => 'subscribe',
    'eventkey' => '',
    'from' => 'opjhUwIPjNLRskiRSijlZArL385M',
    'to' => 'gh_62bcc2f9639d',
    'time' => '1585663497',
    'type' => 'text',
    'redirection' => true,
    'source' => 'subscribe',
  ),
)

2020-03-31 22:04:57 response :
------------

2020-03-31 22:05:01 trace :
------------
String:
<xml><ToUserName><![CDATA[gh_62bcc2f9639d]]></ToUserName>
<FromUserName><![CDATA[opjhUwIPjNLRskiRSijlZArL385M]]></FromUserName>
<CreateTime>1585663501</CreateTime>
<MsgType><![CDATA[event]]></MsgType>
<Event><![CDATA[VIEW]]></Event>
<EventKey><![CDATA[http://www.boyufengmao.com/app/index.php?i=10&c=entry&m=ewei_shopv2&do=mobile&r=member]]></EventKey>
<MenuId>432207807</MenuId>
</xml>

2020-03-31 22:05:01 params :
------------
String:
array (
  'rule' => -2,
  'module' => '',
  'message' => 
  array (
    'tousername' => 'gh_62bcc2f9639d',
    'fromusername' => 'opjhUwIPjNLRskiRSijlZArL385M',
    'createtime' => '1585663501',
    'msgtype' => 'event',
    'event' => 'VIEW',
    'eventkey' => 'http://www.boyufengmao.com/app/index.php?i=10&c=entry&m=ewei_shopv2&do=mobile&r=member',
    'menuid' => '432207807',
    'from' => 'opjhUwIPjNLRskiRSijlZArL385M',
    'to' => 'gh_62bcc2f9639d',
    'time' => '1585663501',
    'type' => 'text',
    'content' => 'http://www.boyufengmao.com/app/index.php?i=10&c=entry&m=ewei_shopv2&do=mobile&r=member',
    'redirection' => true,
    'source' => 'VIEW',
  ),
)

2020-03-31 22:05:01 response :
------------

2020-03-31 22:17:57 trace :
------------
String:
<xml><ToUserName><![CDATA[gh_f9b894563ef4]]></ToUserName>
<FromUserName><![CDATA[o5V8y1V5I9w73bUT7YoM5jOBzzCQ]]></FromUserName>
<CreateTime>1585664277</CreateTime>
<MsgType><![CDATA[event]]></MsgType>
<Event><![CDATA[SCAN]]></Event>
<EventKey><![CDATA[business:5864a01773794135a05fba69901b7199]]></EventKey>
<Ticket><![CDATA[gQGj8DwAAAAAAAAAAS5odHRwOi8vd2VpeGluLnFxLmNvbS9xLzAyZ3RQMXQ5QnZjT2wxMDAwMHcwN2oAAgQPhH9cAwQAAAAA]]></Ticket>
</xml>

2020-03-31 22:17:57 params :
------------
String:
array (
  'rule' => -2,
  'module' => '',
  'message' => 
  array (
    'tousername' => 'gh_f9b894563ef4',
    'fromusername' => 'o5V8y1V5I9w73bUT7YoM5jOBzzCQ',
    'createtime' => '1585664277',
    'msgtype' => 'event',
    'event' => 'SCAN',
    'eventkey' => 'business:5864a01773794135a05fba69901b7199',
    'ticket' => 'gQGj8DwAAAAAAAAAAS5odHRwOi8vd2VpeGluLnFxLmNvbS9xLzAyZ3RQMXQ5QnZjT2wxMDAwMHcwN2oAAgQPhH9cAwQAAAAA',
    'from' => 'o5V8y1V5I9w73bUT7YoM5jOBzzCQ',
    'to' => 'gh_f9b894563ef4',
    'time' => '1585664277',
    'type' => 'text',
    'scene' => 'business:5864a01773794135a05fba69901b7199',
    'redirection' => true,
    'source' => 'qr',
  ),
)

2020-03-31 22:17:57 response :
------------

2020-03-31 22:18:00 trace :
------------
String:
<xml><ToUserName><![CDATA[gh_f9b894563ef4]]></ToUserName>
<FromUserName><![CDATA[o5V8y1V5I9w73bUT7YoM5jOBzzCQ]]></FromUserName>
<CreateTime>1585664280</CreateTime>
<MsgType><![CDATA[event]]></MsgType>
<Event><![CDATA[SCAN]]></Event>
<EventKey><![CDATA[business:5864a01773794135a05fba69901b7199]]></EventKey>
<Ticket><![CDATA[gQGj8DwAAAAAAAAAAS5odHRwOi8vd2VpeGluLnFxLmNvbS9xLzAyZ3RQMXQ5QnZjT2wxMDAwMHcwN2oAAgQPhH9cAwQAAAAA]]></Ticket>
</xml>

2020-03-31 22:18:00 params :
------------
String:
array (
  'rule' => -2,
  'module' => '',
  'message' => 
  array (
    'tousername' => 'gh_f9b894563ef4',
    'fromusername' => 'o5V8y1V5I9w73bUT7YoM5jOBzzCQ',
    'createtime' => '1585664280',
    'msgtype' => 'event',
    'event' => 'SCAN',
    'eventkey' => 'business:5864a01773794135a05fba69901b7199',
    'ticket' => 'gQGj8DwAAAAAAAAAAS5odHRwOi8vd2VpeGluLnFxLmNvbS9xLzAyZ3RQMXQ5QnZjT2wxMDAwMHcwN2oAAgQPhH9cAwQAAAAA',
    'from' => 'o5V8y1V5I9w73bUT7YoM5jOBzzCQ',
    'to' => 'gh_f9b894563ef4',
    'time' => '1585664280',
    'type' => 'text',
    'scene' => 'business:5864a01773794135a05fba69901b7199',
    'redirection' => true,
    'source' => 'qr',
  ),
)

2020-03-31 22:18:00 response :
------------

2020-03-31 22:18:02 trace :
------------
String:
<xml><ToUserName><![CDATA[gh_f9b894563ef4]]></ToUserName>
<FromUserName><![CDATA[o5V8y1V5I9w73bUT7YoM5jOBzzCQ]]></FromUserName>
<CreateTime>1585664282</CreateTime>
<MsgType><![CDATA[event]]></MsgType>
<Event><![CDATA[VIEW]]></Event>
<EventKey><![CDATA[http://www.boyufengmao.com/app/index.php?i=6&c=entry&m=ewei_shopv2&do=mobile]]></EventKey>
<MenuId>445261982</MenuId>
</xml>

2020-03-31 22:18:02 params :
------------
String:
array (
  'rule' => -2,
  'module' => '',
  'message' => 
  array (
    'tousername' => 'gh_f9b894563ef4',
    'fromusername' => 'o5V8y1V5I9w73bUT7YoM5jOBzzCQ',
    'createtime' => '1585664282',
    'msgtype' => 'event',
    'event' => 'VIEW',
    'eventkey' => 'http://www.boyufengmao.com/app/index.php?i=6&c=entry&m=ewei_shopv2&do=mobile',
    'menuid' => '445261982',
    'from' => 'o5V8y1V5I9w73bUT7YoM5jOBzzCQ',
    'to' => 'gh_f9b894563ef4',
    'time' => '1585664282',
    'type' => 'text',
    'content' => 'http://www.boyufengmao.com/app/index.php?i=6&c=entry&m=ewei_shopv2&do=mobile',
    'redirection' => true,
    'source' => 'VIEW',
  ),
)

2020-03-31 22:18:02 response :
------------

