2020-05-18 03:37:46 trace :
------------
String:
<xml><ToUserName><![CDATA[gh_798963d6b623]]></ToUserName>
<FromUserName><![CDATA[oa1g_1NiMELb6QVNvpsY_yR4qICY]]></FromUserName>
<CreateTime>1589744266</CreateTime>
<MsgType><![CDATA[event]]></MsgType>
<Event><![CDATA[verify_expired]]></Event>
<ExpiredTime>1589613592</ExpiredTime>
</xml>

2020-05-18 03:37:46 params :
------------
String:
array (
  'rule' => -2,
  'module' => '',
  'message' => 
  array (
    'tousername' => 'gh_798963d6b623',
    'fromusername' => 'oa1g_1NiMELb6QVNvpsY_yR4qICY',
    'createtime' => '1589744266',
    'msgtype' => 'event',
    'event' => 'verify_expired',
    'expiredtime' => '1589613592',
    'from' => 'oa1g_1NiMELb6QVNvpsY_yR4qICY',
    'to' => 'gh_798963d6b623',
    'time' => '1589744266',
    'type' => 'event',
  ),
)

2020-05-18 03:37:46 response :
------------

2020-05-18 09:28:37 trace :
------------
String:
<xml><ToUserName><![CDATA[gh_f9b894563ef4]]></ToUserName>
<FromUserName><![CDATA[o5V8y1d6ssQNCNGZmTZGccDNy_kM]]></FromUserName>
<CreateTime>1589765317</CreateTime>
<MsgType><![CDATA[event]]></MsgType>
<Event><![CDATA[VIEW]]></Event>
<EventKey><![CDATA[http://www.boyufengmao.com/app/index.php?i=6&c=entry&m=ewei_shopv2&do=mobile&r=diypage&id=35]]></EventKey>
<MenuId>445261982</MenuId>
</xml>

2020-05-18 09:28:37 params :
------------
String:
array (
  'rule' => -2,
  'module' => '',
  'message' => 
  array (
    'tousername' => 'gh_f9b894563ef4',
    'fromusername' => 'o5V8y1d6ssQNCNGZmTZGccDNy_kM',
    'createtime' => '1589765317',
    'msgtype' => 'event',
    'event' => 'VIEW',
    'eventkey' => 'http://www.boyufengmao.com/app/index.php?i=6&c=entry&m=ewei_shopv2&do=mobile&r=diypage&id=35',
    'menuid' => '445261982',
    'from' => 'o5V8y1d6ssQNCNGZmTZGccDNy_kM',
    'to' => 'gh_f9b894563ef4',
    'time' => '1589765317',
    'type' => 'text',
    'content' => 'http://www.boyufengmao.com/app/index.php?i=6&c=entry&m=ewei_shopv2&do=mobile&r=diypage&id=35',
    'redirection' => true,
    'source' => 'VIEW',
  ),
)

2020-05-18 09:28:37 response :
------------

2020-05-18 09:29:01 trace :
------------
String:
<xml><ToUserName><![CDATA[gh_f9b894563ef4]]></ToUserName>
<FromUserName><![CDATA[o5V8y1d6ssQNCNGZmTZGccDNy_kM]]></FromUserName>
<CreateTime>1589765341</CreateTime>
<MsgType><![CDATA[event]]></MsgType>
<Event><![CDATA[VIEW]]></Event>
<EventKey><![CDATA[http://www.boyufengmao.com/app/index.php?i=6&c=entry&m=ewei_shopv2&do=mobile]]></EventKey>
<MenuId>445261982</MenuId>
</xml>

2020-05-18 09:29:01 params :
------------
String:
array (
  'rule' => -2,
  'module' => '',
  'message' => 
  array (
    'tousername' => 'gh_f9b894563ef4',
    'fromusername' => 'o5V8y1d6ssQNCNGZmTZGccDNy_kM',
    'createtime' => '1589765341',
    'msgtype' => 'event',
    'event' => 'VIEW',
    'eventkey' => 'http://www.boyufengmao.com/app/index.php?i=6&c=entry&m=ewei_shopv2&do=mobile',
    'menuid' => '445261982',
    'from' => 'o5V8y1d6ssQNCNGZmTZGccDNy_kM',
    'to' => 'gh_f9b894563ef4',
    'time' => '1589765341',
    'type' => 'text',
    'content' => 'http://www.boyufengmao.com/app/index.php?i=6&c=entry&m=ewei_shopv2&do=mobile',
    'redirection' => true,
    'source' => 'VIEW',
  ),
)

2020-05-18 09:29:01 response :
------------

2020-05-18 09:29:51 trace :
------------
String:
<xml><ToUserName><![CDATA[gh_f9b894563ef4]]></ToUserName>
<FromUserName><![CDATA[o5V8y1d6ssQNCNGZmTZGccDNy_kM]]></FromUserName>
<CreateTime>1589765391</CreateTime>
<MsgType><![CDATA[event]]></MsgType>
<Event><![CDATA[VIEW]]></Event>
<EventKey><![CDATA[http://www.boyufengmao.com/app/index.php?i=6&c=entry&m=ewei_shopv2&do=mobile&r=diypage&id=35]]></EventKey>
<MenuId>445261982</MenuId>
</xml>

2020-05-18 09:29:51 params :
------------
String:
array (
  'rule' => -2,
  'module' => '',
  'message' => 
  array (
    'tousername' => 'gh_f9b894563ef4',
    'fromusername' => 'o5V8y1d6ssQNCNGZmTZGccDNy_kM',
    'createtime' => '1589765391',
    'msgtype' => 'event',
    'event' => 'VIEW',
    'eventkey' => 'http://www.boyufengmao.com/app/index.php?i=6&c=entry&m=ewei_shopv2&do=mobile&r=diypage&id=35',
    'menuid' => '445261982',
    'from' => 'o5V8y1d6ssQNCNGZmTZGccDNy_kM',
    'to' => 'gh_f9b894563ef4',
    'time' => '1589765391',
    'type' => 'text',
    'content' => 'http://www.boyufengmao.com/app/index.php?i=6&c=entry&m=ewei_shopv2&do=mobile&r=diypage&id=35',
    'redirection' => true,
    'source' => 'VIEW',
  ),
)

2020-05-18 09:29:51 response :
------------

2020-05-18 10:44:03 trace :
------------
String:
<xml><ToUserName><![CDATA[gh_f9b894563ef4]]></ToUserName>
<FromUserName><![CDATA[o5V8y1T-7ZbpNk1QC_BdI3GoEaec]]></FromUserName>
<CreateTime>1589769843</CreateTime>
<MsgType><![CDATA[event]]></MsgType>
<Event><![CDATA[unsubscribe]]></Event>
<EventKey><![CDATA[]]></EventKey>
</xml>

2020-05-18 11:00:54 trace :
------------
String:
<xml><ToUserName><![CDATA[gh_8a7b6f3c4f59]]></ToUserName>
<FromUserName><![CDATA[oLJcswQEHNgqEmarlEH_c_NgWf3s]]></FromUserName>
<CreateTime>1589770854</CreateTime>
<MsgType><![CDATA[event]]></MsgType>
<Event><![CDATA[VIEW]]></Event>
<EventKey><![CDATA[http://www.boyufengmao.com/app/index.php?i=16&c=entry&m=ewei_shopv2&do=mobile]]></EventKey>
<MenuId>424557641</MenuId>
</xml>

2020-05-18 11:00:54 params :
------------
String:
array (
  'rule' => -2,
  'module' => '',
  'message' => 
  array (
    'tousername' => 'gh_8a7b6f3c4f59',
    'fromusername' => 'oLJcswQEHNgqEmarlEH_c_NgWf3s',
    'createtime' => '1589770854',
    'msgtype' => 'event',
    'event' => 'VIEW',
    'eventkey' => 'http://www.boyufengmao.com/app/index.php?i=16&c=entry&m=ewei_shopv2&do=mobile',
    'menuid' => '424557641',
    'from' => 'oLJcswQEHNgqEmarlEH_c_NgWf3s',
    'to' => 'gh_8a7b6f3c4f59',
    'time' => '1589770854',
    'type' => 'text',
    'content' => 'http://www.boyufengmao.com/app/index.php?i=16&c=entry&m=ewei_shopv2&do=mobile',
    'redirection' => true,
    'source' => 'VIEW',
  ),
)

2020-05-18 11:00:54 response :
------------

2020-05-18 11:42:43 trace :
------------
String:
<xml><ToUserName><![CDATA[gh_7b3d37846b75]]></ToUserName>
<FromUserName><![CDATA[oZ5PY1IewMBn3IQen1b8QquBwq8I]]></FromUserName>
<CreateTime>1589773363</CreateTime>
<MsgType><![CDATA[event]]></MsgType>
<Event><![CDATA[subscribe]]></Event>
<EventKey><![CDATA[]]></EventKey>
</xml>

2020-05-18 11:42:43 params :
------------
String:
array (
  'rule' => -2,
  'module' => '',
  'message' => 
  array (
    'tousername' => 'gh_7b3d37846b75',
    'fromusername' => 'oZ5PY1IewMBn3IQen1b8QquBwq8I',
    'createtime' => '1589773363',
    'msgtype' => 'event',
    'event' => 'subscribe',
    'eventkey' => '',
    'from' => 'oZ5PY1IewMBn3IQen1b8QquBwq8I',
    'to' => 'gh_7b3d37846b75',
    'time' => '1589773363',
    'type' => 'text',
    'redirection' => true,
    'source' => 'subscribe',
  ),
)

2020-05-18 11:42:43 response :
------------

2020-05-18 11:43:01 trace :
------------
String:
<xml><ToUserName><![CDATA[gh_7b3d37846b75]]></ToUserName>
<FromUserName><![CDATA[oZ5PY1IewMBn3IQen1b8QquBwq8I]]></FromUserName>
<CreateTime>1589773381</CreateTime>
<MsgType><![CDATA[event]]></MsgType>
<Event><![CDATA[VIEW]]></Event>
<EventKey><![CDATA[http://www.boyufengmao.com/app/index.php?i=7&c=entry&m=ewei_shopv2&do=mobile&r=member]]></EventKey>
<MenuId>516391862</MenuId>
</xml>

2020-05-18 11:43:01 params :
------------
String:
array (
  'rule' => -2,
  'module' => '',
  'message' => 
  array (
    'tousername' => 'gh_7b3d37846b75',
    'fromusername' => 'oZ5PY1IewMBn3IQen1b8QquBwq8I',
    'createtime' => '1589773381',
    'msgtype' => 'event',
    'event' => 'VIEW',
    'eventkey' => 'http://www.boyufengmao.com/app/index.php?i=7&c=entry&m=ewei_shopv2&do=mobile&r=member',
    'menuid' => '516391862',
    'from' => 'oZ5PY1IewMBn3IQen1b8QquBwq8I',
    'to' => 'gh_7b3d37846b75',
    'time' => '1589773381',
    'type' => 'text',
    'content' => 'http://www.boyufengmao.com/app/index.php?i=7&c=entry&m=ewei_shopv2&do=mobile&r=member',
    'redirection' => true,
    'source' => 'VIEW',
  ),
)

2020-05-18 11:43:01 response :
------------

2020-05-18 12:54:05 trace :
------------
String:
<xml><ToUserName><![CDATA[gh_f9b894563ef4]]></ToUserName>
<FromUserName><![CDATA[o5V8y1TBSjh2WyxpgFzArjOrFYmc]]></FromUserName>
<CreateTime>1589777645</CreateTime>
<MsgType><![CDATA[event]]></MsgType>
<Event><![CDATA[VIEW]]></Event>
<EventKey><![CDATA[http://www.boyufengmao.com/app/index.php?i=6&c=entry&m=ewei_shopv2&do=mobile]]></EventKey>
<MenuId>445261982</MenuId>
</xml>

2020-05-18 12:54:05 params :
------------
String:
array (
  'rule' => -2,
  'module' => '',
  'message' => 
  array (
    'tousername' => 'gh_f9b894563ef4',
    'fromusername' => 'o5V8y1TBSjh2WyxpgFzArjOrFYmc',
    'createtime' => '1589777645',
    'msgtype' => 'event',
    'event' => 'VIEW',
    'eventkey' => 'http://www.boyufengmao.com/app/index.php?i=6&c=entry&m=ewei_shopv2&do=mobile',
    'menuid' => '445261982',
    'from' => 'o5V8y1TBSjh2WyxpgFzArjOrFYmc',
    'to' => 'gh_f9b894563ef4',
    'time' => '1589777645',
    'type' => 'text',
    'content' => 'http://www.boyufengmao.com/app/index.php?i=6&c=entry&m=ewei_shopv2&do=mobile',
    'redirection' => true,
    'source' => 'VIEW',
  ),
)

2020-05-18 12:54:05 response :
------------

2020-05-18 12:54:07 trace :
------------
String:
<xml><ToUserName><![CDATA[gh_f9b894563ef4]]></ToUserName>
<FromUserName><![CDATA[o5V8y1TBSjh2WyxpgFzArjOrFYmc]]></FromUserName>
<CreateTime>1589777647</CreateTime>
<MsgType><![CDATA[event]]></MsgType>
<Event><![CDATA[VIEW]]></Event>
<EventKey><![CDATA[http://www.boyufengmao.com/app/index.php?i=6&c=entry&m=ewei_shopv2&do=mobile&r=diypage&id=35]]></EventKey>
<MenuId>445261982</MenuId>
</xml>

2020-05-18 12:54:07 params :
------------
String:
array (
  'rule' => -2,
  'module' => '',
  'message' => 
  array (
    'tousername' => 'gh_f9b894563ef4',
    'fromusername' => 'o5V8y1TBSjh2WyxpgFzArjOrFYmc',
    'createtime' => '1589777647',
    'msgtype' => 'event',
    'event' => 'VIEW',
    'eventkey' => 'http://www.boyufengmao.com/app/index.php?i=6&c=entry&m=ewei_shopv2&do=mobile&r=diypage&id=35',
    'menuid' => '445261982',
    'from' => 'o5V8y1TBSjh2WyxpgFzArjOrFYmc',
    'to' => 'gh_f9b894563ef4',
    'time' => '1589777647',
    'type' => 'text',
    'content' => 'http://www.boyufengmao.com/app/index.php?i=6&c=entry&m=ewei_shopv2&do=mobile&r=diypage&id=35',
    'redirection' => true,
    'source' => 'VIEW',
  ),
)

2020-05-18 12:54:07 response :
------------

2020-05-18 14:05:36 trace :
------------
String:
<xml><ToUserName><![CDATA[gh_162fc9cda7ca]]></ToUserName>
<FromUserName><![CDATA[oYRrw00gMhZHDGFwtqrJqaNEt7pY]]></FromUserName>
<CreateTime>1589781935</CreateTime>
<MsgType><![CDATA[event]]></MsgType>
<Event><![CDATA[unsubscribe]]></Event>
<EventKey><![CDATA[]]></EventKey>
</xml>

2020-05-18 14:42:59 trace :
------------
String:
<xml><ToUserName><![CDATA[gh_f9b894563ef4]]></ToUserName>
<FromUserName><![CDATA[o5V8y1SrZ77xMxKwdb6Ru1Y7VYrc]]></FromUserName>
<CreateTime>1589784179</CreateTime>
<MsgType><![CDATA[event]]></MsgType>
<Event><![CDATA[VIEW]]></Event>
<EventKey><![CDATA[http://www.boyufengmao.com/app/index.php?i=6&c=entry&m=ewei_shopv2&do=mobile&r=diypage&id=35]]></EventKey>
<MenuId>445261982</MenuId>
</xml>

2020-05-18 14:42:59 params :
------------
String:
array (
  'rule' => -2,
  'module' => '',
  'message' => 
  array (
    'tousername' => 'gh_f9b894563ef4',
    'fromusername' => 'o5V8y1SrZ77xMxKwdb6Ru1Y7VYrc',
    'createtime' => '1589784179',
    'msgtype' => 'event',
    'event' => 'VIEW',
    'eventkey' => 'http://www.boyufengmao.com/app/index.php?i=6&c=entry&m=ewei_shopv2&do=mobile&r=diypage&id=35',
    'menuid' => '445261982',
    'from' => 'o5V8y1SrZ77xMxKwdb6Ru1Y7VYrc',
    'to' => 'gh_f9b894563ef4',
    'time' => '1589784179',
    'type' => 'text',
    'content' => 'http://www.boyufengmao.com/app/index.php?i=6&c=entry&m=ewei_shopv2&do=mobile&r=diypage&id=35',
    'redirection' => true,
    'source' => 'VIEW',
  ),
)

2020-05-18 14:42:59 response :
------------

2020-05-18 14:43:33 trace :
------------
String:
<xml><ToUserName><![CDATA[gh_f9b894563ef4]]></ToUserName>
<FromUserName><![CDATA[o5V8y1QjI8pxPckWlnDKyMqgRL5M]]></FromUserName>
<CreateTime>1589784213</CreateTime>
<MsgType><![CDATA[event]]></MsgType>
<Event><![CDATA[VIEW]]></Event>
<EventKey><![CDATA[http://www.boyufengmao.com/app/index.php?i=6&c=entry&m=ewei_shopv2&do=mobile]]></EventKey>
<MenuId>445261982</MenuId>
</xml>

2020-05-18 14:43:33 params :
------------
String:
array (
  'rule' => -2,
  'module' => '',
  'message' => 
  array (
    'tousername' => 'gh_f9b894563ef4',
    'fromusername' => 'o5V8y1QjI8pxPckWlnDKyMqgRL5M',
    'createtime' => '1589784213',
    'msgtype' => 'event',
    'event' => 'VIEW',
    'eventkey' => 'http://www.boyufengmao.com/app/index.php?i=6&c=entry&m=ewei_shopv2&do=mobile',
    'menuid' => '445261982',
    'from' => 'o5V8y1QjI8pxPckWlnDKyMqgRL5M',
    'to' => 'gh_f9b894563ef4',
    'time' => '1589784213',
    'type' => 'text',
    'content' => 'http://www.boyufengmao.com/app/index.php?i=6&c=entry&m=ewei_shopv2&do=mobile',
    'redirection' => true,
    'source' => 'VIEW',
  ),
)

2020-05-18 14:43:33 response :
------------

2020-05-18 14:43:33 trace :
------------
String:
<xml><ToUserName><![CDATA[gh_f9b894563ef4]]></ToUserName>
<FromUserName><![CDATA[o5V8y1SrZ77xMxKwdb6Ru1Y7VYrc]]></FromUserName>
<CreateTime>1589784213</CreateTime>
<MsgType><![CDATA[event]]></MsgType>
<Event><![CDATA[CLICK]]></Event>
<EventKey><![CDATA[订餐电话]]></EventKey>
</xml>

2020-05-18 14:43:33 params :
------------
String:
array (
  'message' => 
  array (
    'tousername' => 'gh_f9b894563ef4',
    'fromusername' => 'o5V8y1SrZ77xMxKwdb6Ru1Y7VYrc',
    'createtime' => '1589784213',
    'msgtype' => 'event',
    'event' => 'CLICK',
    'eventkey' => '订餐电话',
    'from' => 'o5V8y1SrZ77xMxKwdb6Ru1Y7VYrc',
    'to' => 'gh_f9b894563ef4',
    'time' => '1589784213',
    'type' => 'text',
    'content' => '订餐电话',
    'redirection' => true,
    'source' => 'click',
  ),
  'module' => 'reply',
  'rule' => '19',
  'priority' => '0',
  'keyword' => 
  array (
    'id' => '27',
    'rid' => '19',
    'uniacid' => '6',
    'module' => 'reply',
    'content' => '订餐电话',
    'type' => '1',
    'displayorder' => '0',
    'status' => '1',
    'reply_type' => 
    array (
      0 => 'basic',
    ),
  ),
  'reply_type' => 
  array (
    0 => 'basic',
  ),
)

2020-05-18 14:43:33 response :
------------
Array:
FromUserName : gh_f9b894563ef4 ;
ToUserName : o5V8y1SrZ77xMxKwdb6Ru1Y7VYrc ;
MsgType : text ;
Content : 欢迎拨打电话：029-86357081 /  19909289055 订餐 ;

2020-05-18 14:59:09 trace :
------------
String:
<xml><ToUserName><![CDATA[gh_f9b894563ef4]]></ToUserName>
<FromUserName><![CDATA[o5V8y1QjI8pxPckWlnDKyMqgRL5M]]></FromUserName>
<CreateTime>1589785148</CreateTime>
<MsgType><![CDATA[event]]></MsgType>
<Event><![CDATA[VIEW]]></Event>
<EventKey><![CDATA[http://www.boyufengmao.com/app/index.php?i=6&c=entry&m=ewei_shopv2&do=mobile]]></EventKey>
<MenuId>445261982</MenuId>
</xml>

2020-05-18 14:59:09 params :
------------
String:
array (
  'rule' => -2,
  'module' => '',
  'message' => 
  array (
    'tousername' => 'gh_f9b894563ef4',
    'fromusername' => 'o5V8y1QjI8pxPckWlnDKyMqgRL5M',
    'createtime' => '1589785148',
    'msgtype' => 'event',
    'event' => 'VIEW',
    'eventkey' => 'http://www.boyufengmao.com/app/index.php?i=6&c=entry&m=ewei_shopv2&do=mobile',
    'menuid' => '445261982',
    'from' => 'o5V8y1QjI8pxPckWlnDKyMqgRL5M',
    'to' => 'gh_f9b894563ef4',
    'time' => '1589785148',
    'type' => 'text',
    'content' => 'http://www.boyufengmao.com/app/index.php?i=6&c=entry&m=ewei_shopv2&do=mobile',
    'redirection' => true,
    'source' => 'VIEW',
  ),
)

2020-05-18 14:59:09 response :
------------

2020-05-18 15:00:16 trace :
------------
String:
<xml><ToUserName><![CDATA[gh_f9b894563ef4]]></ToUserName>
<FromUserName><![CDATA[o5V8y1QjI8pxPckWlnDKyMqgRL5M]]></FromUserName>
<CreateTime>1589785215</CreateTime>
<MsgType><![CDATA[event]]></MsgType>
<Event><![CDATA[VIEW]]></Event>
<EventKey><![CDATA[http://www.boyufengmao.com/app/index.php?i=6&c=entry&m=ewei_shopv2&do=mobile&r=diypage&id=35]]></EventKey>
<MenuId>445261982</MenuId>
</xml>

2020-05-18 15:00:16 params :
------------
String:
array (
  'rule' => -2,
  'module' => '',
  'message' => 
  array (
    'tousername' => 'gh_f9b894563ef4',
    'fromusername' => 'o5V8y1QjI8pxPckWlnDKyMqgRL5M',
    'createtime' => '1589785215',
    'msgtype' => 'event',
    'event' => 'VIEW',
    'eventkey' => 'http://www.boyufengmao.com/app/index.php?i=6&c=entry&m=ewei_shopv2&do=mobile&r=diypage&id=35',
    'menuid' => '445261982',
    'from' => 'o5V8y1QjI8pxPckWlnDKyMqgRL5M',
    'to' => 'gh_f9b894563ef4',
    'time' => '1589785215',
    'type' => 'text',
    'content' => 'http://www.boyufengmao.com/app/index.php?i=6&c=entry&m=ewei_shopv2&do=mobile&r=diypage&id=35',
    'redirection' => true,
    'source' => 'VIEW',
  ),
)

2020-05-18 15:00:16 response :
------------

2020-05-18 15:00:41 trace :
------------
String:
<xml><ToUserName><![CDATA[gh_f9b894563ef4]]></ToUserName>
<FromUserName><![CDATA[o5V8y1QjI8pxPckWlnDKyMqgRL5M]]></FromUserName>
<CreateTime>1589785241</CreateTime>
<MsgType><![CDATA[event]]></MsgType>
<Event><![CDATA[VIEW]]></Event>
<EventKey><![CDATA[http://www.boyufengmao.com/app/index.php?i=6&c=entry&m=ewei_shopv2&do=mobile]]></EventKey>
<MenuId>445261982</MenuId>
</xml>

2020-05-18 15:00:41 params :
------------
String:
array (
  'rule' => -2,
  'module' => '',
  'message' => 
  array (
    'tousername' => 'gh_f9b894563ef4',
    'fromusername' => 'o5V8y1QjI8pxPckWlnDKyMqgRL5M',
    'createtime' => '1589785241',
    'msgtype' => 'event',
    'event' => 'VIEW',
    'eventkey' => 'http://www.boyufengmao.com/app/index.php?i=6&c=entry&m=ewei_shopv2&do=mobile',
    'menuid' => '445261982',
    'from' => 'o5V8y1QjI8pxPckWlnDKyMqgRL5M',
    'to' => 'gh_f9b894563ef4',
    'time' => '1589785241',
    'type' => 'text',
    'content' => 'http://www.boyufengmao.com/app/index.php?i=6&c=entry&m=ewei_shopv2&do=mobile',
    'redirection' => true,
    'source' => 'VIEW',
  ),
)

2020-05-18 15:00:41 response :
------------

2020-05-18 16:04:24 trace :
------------
String:
<xml><ToUserName><![CDATA[gh_7b3d37846b75]]></ToUserName>
<FromUserName><![CDATA[oZ5PY1E2rbpBXuNh7santBG7SkAA]]></FromUserName>
<CreateTime>1589789064</CreateTime>
<MsgType><![CDATA[event]]></MsgType>
<Event><![CDATA[VIEW]]></Event>
<EventKey><![CDATA[http://www.boyufengmao.com/app/index.php?i=7&c=entry&m=ewei_shopv2&do=mobile&r=member]]></EventKey>
<MenuId>516391862</MenuId>
</xml>

2020-05-18 16:04:24 params :
------------
String:
array (
  'rule' => -2,
  'module' => '',
  'message' => 
  array (
    'tousername' => 'gh_7b3d37846b75',
    'fromusername' => 'oZ5PY1E2rbpBXuNh7santBG7SkAA',
    'createtime' => '1589789064',
    'msgtype' => 'event',
    'event' => 'VIEW',
    'eventkey' => 'http://www.boyufengmao.com/app/index.php?i=7&c=entry&m=ewei_shopv2&do=mobile&r=member',
    'menuid' => '516391862',
    'from' => 'oZ5PY1E2rbpBXuNh7santBG7SkAA',
    'to' => 'gh_7b3d37846b75',
    'time' => '1589789064',
    'type' => 'text',
    'content' => 'http://www.boyufengmao.com/app/index.php?i=7&c=entry&m=ewei_shopv2&do=mobile&r=member',
    'redirection' => true,
    'source' => 'VIEW',
  ),
)

2020-05-18 16:04:24 response :
------------

2020-05-18 16:04:26 trace :
------------
String:
<xml><ToUserName><![CDATA[gh_7b3d37846b75]]></ToUserName>
<FromUserName><![CDATA[oZ5PY1E2rbpBXuNh7santBG7SkAA]]></FromUserName>
<CreateTime>1589789066</CreateTime>
<MsgType><![CDATA[event]]></MsgType>
<Event><![CDATA[VIEW]]></Event>
<EventKey><![CDATA[http://www.boyufengmao.com/app/index.php?i=7&c=entry&m=ewei_shopv2&do=mobile&r=member]]></EventKey>
<MenuId>516391862</MenuId>
</xml>

2020-05-18 16:04:26 params :
------------
String:
array (
  'rule' => -2,
  'module' => '',
  'message' => 
  array (
    'tousername' => 'gh_7b3d37846b75',
    'fromusername' => 'oZ5PY1E2rbpBXuNh7santBG7SkAA',
    'createtime' => '1589789066',
    'msgtype' => 'event',
    'event' => 'VIEW',
    'eventkey' => 'http://www.boyufengmao.com/app/index.php?i=7&c=entry&m=ewei_shopv2&do=mobile&r=member',
    'menuid' => '516391862',
    'from' => 'oZ5PY1E2rbpBXuNh7santBG7SkAA',
    'to' => 'gh_7b3d37846b75',
    'time' => '1589789066',
    'type' => 'text',
    'content' => 'http://www.boyufengmao.com/app/index.php?i=7&c=entry&m=ewei_shopv2&do=mobile&r=member',
    'redirection' => true,
    'source' => 'VIEW',
  ),
)

2020-05-18 16:04:26 response :
------------

2020-05-18 17:12:32 trace :
------------
String:
<xml><ToUserName><![CDATA[gh_f9b894563ef4]]></ToUserName>
<FromUserName><![CDATA[o5V8y1QjI8pxPckWlnDKyMqgRL5M]]></FromUserName>
<CreateTime>1589793152</CreateTime>
<MsgType><![CDATA[event]]></MsgType>
<Event><![CDATA[VIEW]]></Event>
<EventKey><![CDATA[http://www.boyufengmao.com/app/index.php?i=6&c=entry&m=ewei_shopv2&do=mobile]]></EventKey>
<MenuId>445261982</MenuId>
</xml>

2020-05-18 17:12:32 params :
------------
String:
array (
  'rule' => -2,
  'module' => '',
  'message' => 
  array (
    'tousername' => 'gh_f9b894563ef4',
    'fromusername' => 'o5V8y1QjI8pxPckWlnDKyMqgRL5M',
    'createtime' => '1589793152',
    'msgtype' => 'event',
    'event' => 'VIEW',
    'eventkey' => 'http://www.boyufengmao.com/app/index.php?i=6&c=entry&m=ewei_shopv2&do=mobile',
    'menuid' => '445261982',
    'from' => 'o5V8y1QjI8pxPckWlnDKyMqgRL5M',
    'to' => 'gh_f9b894563ef4',
    'time' => '1589793152',
    'type' => 'text',
    'content' => 'http://www.boyufengmao.com/app/index.php?i=6&c=entry&m=ewei_shopv2&do=mobile',
    'redirection' => true,
    'source' => 'VIEW',
  ),
)

2020-05-18 17:12:32 response :
------------

2020-05-18 17:12:38 trace :
------------
String:
<xml><ToUserName><![CDATA[gh_f9b894563ef4]]></ToUserName>
<FromUserName><![CDATA[o5V8y1QjI8pxPckWlnDKyMqgRL5M]]></FromUserName>
<CreateTime>1589793158</CreateTime>
<MsgType><![CDATA[event]]></MsgType>
<Event><![CDATA[VIEW]]></Event>
<EventKey><![CDATA[http://www.boyufengmao.com/app/index.php?i=6&c=entry&m=ewei_shopv2&do=mobile]]></EventKey>
<MenuId>445261982</MenuId>
</xml>

2020-05-18 17:12:38 params :
------------
String:
array (
  'rule' => -2,
  'module' => '',
  'message' => 
  array (
    'tousername' => 'gh_f9b894563ef4',
    'fromusername' => 'o5V8y1QjI8pxPckWlnDKyMqgRL5M',
    'createtime' => '1589793158',
    'msgtype' => 'event',
    'event' => 'VIEW',
    'eventkey' => 'http://www.boyufengmao.com/app/index.php?i=6&c=entry&m=ewei_shopv2&do=mobile',
    'menuid' => '445261982',
    'from' => 'o5V8y1QjI8pxPckWlnDKyMqgRL5M',
    'to' => 'gh_f9b894563ef4',
    'time' => '1589793158',
    'type' => 'text',
    'content' => 'http://www.boyufengmao.com/app/index.php?i=6&c=entry&m=ewei_shopv2&do=mobile',
    'redirection' => true,
    'source' => 'VIEW',
  ),
)

2020-05-18 17:12:38 response :
------------

2020-05-18 17:53:18 trace :
------------
String:
<xml><ToUserName><![CDATA[gh_f9b894563ef4]]></ToUserName>
<FromUserName><![CDATA[o5V8y1UQkZnaAzxQpg0ygOJ0XMXQ]]></FromUserName>
<CreateTime>1589795598</CreateTime>
<MsgType><![CDATA[event]]></MsgType>
<Event><![CDATA[VIEW]]></Event>
<EventKey><![CDATA[http://www.boyufengmao.com/app/index.php?i=6&c=entry&m=ewei_shopv2&do=mobile]]></EventKey>
<MenuId>445261982</MenuId>
</xml>

2020-05-18 17:53:18 params :
------------
String:
array (
  'rule' => -2,
  'module' => '',
  'message' => 
  array (
    'tousername' => 'gh_f9b894563ef4',
    'fromusername' => 'o5V8y1UQkZnaAzxQpg0ygOJ0XMXQ',
    'createtime' => '1589795598',
    'msgtype' => 'event',
    'event' => 'VIEW',
    'eventkey' => 'http://www.boyufengmao.com/app/index.php?i=6&c=entry&m=ewei_shopv2&do=mobile',
    'menuid' => '445261982',
    'from' => 'o5V8y1UQkZnaAzxQpg0ygOJ0XMXQ',
    'to' => 'gh_f9b894563ef4',
    'time' => '1589795598',
    'type' => 'text',
    'content' => 'http://www.boyufengmao.com/app/index.php?i=6&c=entry&m=ewei_shopv2&do=mobile',
    'redirection' => true,
    'source' => 'VIEW',
  ),
)

2020-05-18 17:53:18 response :
------------

2020-05-18 17:53:51 trace :
------------
String:
<xml><ToUserName><![CDATA[gh_f9b894563ef4]]></ToUserName>
<FromUserName><![CDATA[o5V8y1WsGA57MLW5qmW2mxtTHbPY]]></FromUserName>
<CreateTime>1589795631</CreateTime>
<MsgType><![CDATA[event]]></MsgType>
<Event><![CDATA[subscribe]]></Event>
<EventKey><![CDATA[]]></EventKey>
</xml>

2020-05-18 17:53:51 params :
------------
String:
array (
  'rule' => -2,
  'module' => '',
  'message' => 
  array (
    'tousername' => 'gh_f9b894563ef4',
    'fromusername' => 'o5V8y1WsGA57MLW5qmW2mxtTHbPY',
    'createtime' => '1589795631',
    'msgtype' => 'event',
    'event' => 'subscribe',
    'eventkey' => '',
    'from' => 'o5V8y1WsGA57MLW5qmW2mxtTHbPY',
    'to' => 'gh_f9b894563ef4',
    'time' => '1589795631',
    'type' => 'text',
    'redirection' => true,
    'source' => 'subscribe',
  ),
)

2020-05-18 17:53:51 response :
------------

2020-05-18 17:53:55 trace :
------------
String:
<xml><ToUserName><![CDATA[gh_f9b894563ef4]]></ToUserName>
<FromUserName><![CDATA[o5V8y1WsGA57MLW5qmW2mxtTHbPY]]></FromUserName>
<CreateTime>1589795635</CreateTime>
<MsgType><![CDATA[event]]></MsgType>
<Event><![CDATA[VIEW]]></Event>
<EventKey><![CDATA[http://www.boyufengmao.com/app/index.php?i=6&c=entry&m=ewei_shopv2&do=mobile]]></EventKey>
<MenuId>445261982</MenuId>
</xml>

2020-05-18 17:53:55 params :
------------
String:
array (
  'rule' => -2,
  'module' => '',
  'message' => 
  array (
    'tousername' => 'gh_f9b894563ef4',
    'fromusername' => 'o5V8y1WsGA57MLW5qmW2mxtTHbPY',
    'createtime' => '1589795635',
    'msgtype' => 'event',
    'event' => 'VIEW',
    'eventkey' => 'http://www.boyufengmao.com/app/index.php?i=6&c=entry&m=ewei_shopv2&do=mobile',
    'menuid' => '445261982',
    'from' => 'o5V8y1WsGA57MLW5qmW2mxtTHbPY',
    'to' => 'gh_f9b894563ef4',
    'time' => '1589795635',
    'type' => 'text',
    'content' => 'http://www.boyufengmao.com/app/index.php?i=6&c=entry&m=ewei_shopv2&do=mobile',
    'redirection' => true,
    'source' => 'VIEW',
  ),
)

2020-05-18 17:53:55 response :
------------

2020-05-18 17:53:57 trace :
------------
String:
<xml><ToUserName><![CDATA[gh_f9b894563ef4]]></ToUserName>
<FromUserName><![CDATA[o5V8y1UQkZnaAzxQpg0ygOJ0XMXQ]]></FromUserName>
<CreateTime>1589795637</CreateTime>
<MsgType><![CDATA[event]]></MsgType>
<Event><![CDATA[VIEW]]></Event>
<EventKey><![CDATA[http://www.boyufengmao.com/app/index.php?i=6&c=entry&m=ewei_shopv2&do=mobile&r=diypage&id=35]]></EventKey>
<MenuId>445261982</MenuId>
</xml>

2020-05-18 17:53:57 params :
------------
String:
array (
  'rule' => -2,
  'module' => '',
  'message' => 
  array (
    'tousername' => 'gh_f9b894563ef4',
    'fromusername' => 'o5V8y1UQkZnaAzxQpg0ygOJ0XMXQ',
    'createtime' => '1589795637',
    'msgtype' => 'event',
    'event' => 'VIEW',
    'eventkey' => 'http://www.boyufengmao.com/app/index.php?i=6&c=entry&m=ewei_shopv2&do=mobile&r=diypage&id=35',
    'menuid' => '445261982',
    'from' => 'o5V8y1UQkZnaAzxQpg0ygOJ0XMXQ',
    'to' => 'gh_f9b894563ef4',
    'time' => '1589795637',
    'type' => 'text',
    'content' => 'http://www.boyufengmao.com/app/index.php?i=6&c=entry&m=ewei_shopv2&do=mobile&r=diypage&id=35',
    'redirection' => true,
    'source' => 'VIEW',
  ),
)

2020-05-18 17:53:57 response :
------------

2020-05-18 17:54:44 trace :
------------
String:
<xml><ToUserName><![CDATA[gh_f9b894563ef4]]></ToUserName>
<FromUserName><![CDATA[o5V8y1WsGA57MLW5qmW2mxtTHbPY]]></FromUserName>
<CreateTime>1589795684</CreateTime>
<MsgType><![CDATA[event]]></MsgType>
<Event><![CDATA[VIEW]]></Event>
<EventKey><![CDATA[http://www.boyufengmao.com/app/index.php?i=6&c=entry&m=ewei_shopv2&do=mobile]]></EventKey>
<MenuId>445261982</MenuId>
</xml>

2020-05-18 17:54:44 params :
------------
String:
array (
  'rule' => -2,
  'module' => '',
  'message' => 
  array (
    'tousername' => 'gh_f9b894563ef4',
    'fromusername' => 'o5V8y1WsGA57MLW5qmW2mxtTHbPY',
    'createtime' => '1589795684',
    'msgtype' => 'event',
    'event' => 'VIEW',
    'eventkey' => 'http://www.boyufengmao.com/app/index.php?i=6&c=entry&m=ewei_shopv2&do=mobile',
    'menuid' => '445261982',
    'from' => 'o5V8y1WsGA57MLW5qmW2mxtTHbPY',
    'to' => 'gh_f9b894563ef4',
    'time' => '1589795684',
    'type' => 'text',
    'content' => 'http://www.boyufengmao.com/app/index.php?i=6&c=entry&m=ewei_shopv2&do=mobile',
    'redirection' => true,
    'source' => 'VIEW',
  ),
)

2020-05-18 17:54:44 response :
------------

2020-05-18 19:19:31 trace :
------------
String:
<xml><ToUserName><![CDATA[gh_f9b894563ef4]]></ToUserName>
<FromUserName><![CDATA[o5V8y1f-U7HCcmCduqlvO31638XU]]></FromUserName>
<CreateTime>1589800771</CreateTime>
<MsgType><![CDATA[event]]></MsgType>
<Event><![CDATA[VIEW]]></Event>
<EventKey><![CDATA[http://www.boyufengmao.com/app/index.php?i=6&c=entry&m=ewei_shopv2&do=mobile]]></EventKey>
<MenuId>445261982</MenuId>
</xml>

2020-05-18 19:19:31 params :
------------
String:
array (
  'rule' => -2,
  'module' => '',
  'message' => 
  array (
    'tousername' => 'gh_f9b894563ef4',
    'fromusername' => 'o5V8y1f-U7HCcmCduqlvO31638XU',
    'createtime' => '1589800771',
    'msgtype' => 'event',
    'event' => 'VIEW',
    'eventkey' => 'http://www.boyufengmao.com/app/index.php?i=6&c=entry&m=ewei_shopv2&do=mobile',
    'menuid' => '445261982',
    'from' => 'o5V8y1f-U7HCcmCduqlvO31638XU',
    'to' => 'gh_f9b894563ef4',
    'time' => '1589800771',
    'type' => 'text',
    'content' => 'http://www.boyufengmao.com/app/index.php?i=6&c=entry&m=ewei_shopv2&do=mobile',
    'redirection' => true,
    'source' => 'VIEW',
  ),
)

2020-05-18 19:19:31 response :
------------

2020-05-18 19:50:46 trace :
------------
String:
<xml><ToUserName><![CDATA[gh_f9b894563ef4]]></ToUserName>
<FromUserName><![CDATA[o5V8y1WtXszPmhzcPh-iOhjPJ_-M]]></FromUserName>
<CreateTime>1589802646</CreateTime>
<MsgType><![CDATA[event]]></MsgType>
<Event><![CDATA[subscribe]]></Event>
<EventKey><![CDATA[]]></EventKey>
</xml>

2020-05-18 19:50:46 params :
------------
String:
array (
  'rule' => -2,
  'module' => '',
  'message' => 
  array (
    'tousername' => 'gh_f9b894563ef4',
    'fromusername' => 'o5V8y1WtXszPmhzcPh-iOhjPJ_-M',
    'createtime' => '1589802646',
    'msgtype' => 'event',
    'event' => 'subscribe',
    'eventkey' => '',
    'from' => 'o5V8y1WtXszPmhzcPh-iOhjPJ_-M',
    'to' => 'gh_f9b894563ef4',
    'time' => '1589802646',
    'type' => 'text',
    'redirection' => true,
    'source' => 'subscribe',
  ),
)

2020-05-18 19:50:46 response :
------------

2020-05-18 19:50:48 trace :
------------
String:
<xml><ToUserName><![CDATA[gh_f9b894563ef4]]></ToUserName>
<FromUserName><![CDATA[o5V8y1WtXszPmhzcPh-iOhjPJ_-M]]></FromUserName>
<CreateTime>1589802647</CreateTime>
<MsgType><![CDATA[event]]></MsgType>
<Event><![CDATA[VIEW]]></Event>
<EventKey><![CDATA[http://www.boyufengmao.com/app/index.php?i=6&c=entry&m=ewei_shopv2&do=mobile]]></EventKey>
<MenuId>445261982</MenuId>
</xml>

2020-05-18 19:50:48 params :
------------
String:
array (
  'rule' => -2,
  'module' => '',
  'message' => 
  array (
    'tousername' => 'gh_f9b894563ef4',
    'fromusername' => 'o5V8y1WtXszPmhzcPh-iOhjPJ_-M',
    'createtime' => '1589802647',
    'msgtype' => 'event',
    'event' => 'VIEW',
    'eventkey' => 'http://www.boyufengmao.com/app/index.php?i=6&c=entry&m=ewei_shopv2&do=mobile',
    'menuid' => '445261982',
    'from' => 'o5V8y1WtXszPmhzcPh-iOhjPJ_-M',
    'to' => 'gh_f9b894563ef4',
    'time' => '1589802647',
    'type' => 'text',
    'content' => 'http://www.boyufengmao.com/app/index.php?i=6&c=entry&m=ewei_shopv2&do=mobile',
    'redirection' => true,
    'source' => 'VIEW',
  ),
)

2020-05-18 19:50:48 response :
------------

2020-05-18 19:50:49 trace :
------------
String:
<xml><ToUserName><![CDATA[gh_f9b894563ef4]]></ToUserName>
<FromUserName><![CDATA[o5V8y1WtXszPmhzcPh-iOhjPJ_-M]]></FromUserName>
<CreateTime>1589802649</CreateTime>
<MsgType><![CDATA[event]]></MsgType>
<Event><![CDATA[VIEW]]></Event>
<EventKey><![CDATA[http://www.boyufengmao.com/app/index.php?i=6&c=entry&m=ewei_shopv2&do=mobile&r=diypage&id=35]]></EventKey>
<MenuId>445261982</MenuId>
</xml>

2020-05-18 19:50:49 params :
------------
String:
array (
  'rule' => -2,
  'module' => '',
  'message' => 
  array (
    'tousername' => 'gh_f9b894563ef4',
    'fromusername' => 'o5V8y1WtXszPmhzcPh-iOhjPJ_-M',
    'createtime' => '1589802649',
    'msgtype' => 'event',
    'event' => 'VIEW',
    'eventkey' => 'http://www.boyufengmao.com/app/index.php?i=6&c=entry&m=ewei_shopv2&do=mobile&r=diypage&id=35',
    'menuid' => '445261982',
    'from' => 'o5V8y1WtXszPmhzcPh-iOhjPJ_-M',
    'to' => 'gh_f9b894563ef4',
    'time' => '1589802649',
    'type' => 'text',
    'content' => 'http://www.boyufengmao.com/app/index.php?i=6&c=entry&m=ewei_shopv2&do=mobile&r=diypage&id=35',
    'redirection' => true,
    'source' => 'VIEW',
  ),
)

2020-05-18 19:50:49 response :
------------

2020-05-18 20:04:27 trace :
------------
String:
<xml><ToUserName><![CDATA[gh_f9b894563ef4]]></ToUserName>
<FromUserName><![CDATA[o5V8y1Q5C2dDBPpaxrwXipRP0S9k]]></FromUserName>
<CreateTime>1589803466</CreateTime>
<MsgType><![CDATA[event]]></MsgType>
<Event><![CDATA[VIEW]]></Event>
<EventKey><![CDATA[http://www.boyufengmao.com/app/index.php?i=6&c=entry&m=ewei_shopv2&do=mobile&r=diypage&id=35]]></EventKey>
<MenuId>445261982</MenuId>
</xml>

2020-05-18 20:04:27 params :
------------
String:
array (
  'rule' => -2,
  'module' => '',
  'message' => 
  array (
    'tousername' => 'gh_f9b894563ef4',
    'fromusername' => 'o5V8y1Q5C2dDBPpaxrwXipRP0S9k',
    'createtime' => '1589803466',
    'msgtype' => 'event',
    'event' => 'VIEW',
    'eventkey' => 'http://www.boyufengmao.com/app/index.php?i=6&c=entry&m=ewei_shopv2&do=mobile&r=diypage&id=35',
    'menuid' => '445261982',
    'from' => 'o5V8y1Q5C2dDBPpaxrwXipRP0S9k',
    'to' => 'gh_f9b894563ef4',
    'time' => '1589803466',
    'type' => 'text',
    'content' => 'http://www.boyufengmao.com/app/index.php?i=6&c=entry&m=ewei_shopv2&do=mobile&r=diypage&id=35',
    'redirection' => true,
    'source' => 'VIEW',
  ),
)

2020-05-18 20:04:27 response :
------------

2020-05-18 20:33:46 trace :
------------
String:
<xml><ToUserName><![CDATA[gh_f9b894563ef4]]></ToUserName>
<FromUserName><![CDATA[o5V8y1TcNLEohP54pb9I5MwBSauM]]></FromUserName>
<CreateTime>1589805226</CreateTime>
<MsgType><![CDATA[event]]></MsgType>
<Event><![CDATA[VIEW]]></Event>
<EventKey><![CDATA[http://www.boyufengmao.com/app/index.php?i=6&c=entry&m=ewei_shopv2&do=mobile&r=diypage&id=35]]></EventKey>
<MenuId>445261982</MenuId>
</xml>

2020-05-18 20:33:46 params :
------------
String:
array (
  'rule' => -2,
  'module' => '',
  'message' => 
  array (
    'tousername' => 'gh_f9b894563ef4',
    'fromusername' => 'o5V8y1TcNLEohP54pb9I5MwBSauM',
    'createtime' => '1589805226',
    'msgtype' => 'event',
    'event' => 'VIEW',
    'eventkey' => 'http://www.boyufengmao.com/app/index.php?i=6&c=entry&m=ewei_shopv2&do=mobile&r=diypage&id=35',
    'menuid' => '445261982',
    'from' => 'o5V8y1TcNLEohP54pb9I5MwBSauM',
    'to' => 'gh_f9b894563ef4',
    'time' => '1589805226',
    'type' => 'text',
    'content' => 'http://www.boyufengmao.com/app/index.php?i=6&c=entry&m=ewei_shopv2&do=mobile&r=diypage&id=35',
    'redirection' => true,
    'source' => 'VIEW',
  ),
)

2020-05-18 20:33:46 response :
------------

2020-05-18 20:33:49 trace :
------------
String:
<xml><ToUserName><![CDATA[gh_f9b894563ef4]]></ToUserName>
<FromUserName><![CDATA[o5V8y1TcNLEohP54pb9I5MwBSauM]]></FromUserName>
<CreateTime>1589805229</CreateTime>
<MsgType><![CDATA[event]]></MsgType>
<Event><![CDATA[VIEW]]></Event>
<EventKey><![CDATA[http://www.boyufengmao.com/app/index.php?i=6&c=entry&m=ewei_shopv2&do=mobile]]></EventKey>
<MenuId>445261982</MenuId>
</xml>

2020-05-18 20:33:49 params :
------------
String:
array (
  'rule' => -2,
  'module' => '',
  'message' => 
  array (
    'tousername' => 'gh_f9b894563ef4',
    'fromusername' => 'o5V8y1TcNLEohP54pb9I5MwBSauM',
    'createtime' => '1589805229',
    'msgtype' => 'event',
    'event' => 'VIEW',
    'eventkey' => 'http://www.boyufengmao.com/app/index.php?i=6&c=entry&m=ewei_shopv2&do=mobile',
    'menuid' => '445261982',
    'from' => 'o5V8y1TcNLEohP54pb9I5MwBSauM',
    'to' => 'gh_f9b894563ef4',
    'time' => '1589805229',
    'type' => 'text',
    'content' => 'http://www.boyufengmao.com/app/index.php?i=6&c=entry&m=ewei_shopv2&do=mobile',
    'redirection' => true,
    'source' => 'VIEW',
  ),
)

2020-05-18 20:33:49 response :
------------

2020-05-18 20:37:13 trace :
------------
String:
<xml><ToUserName><![CDATA[gh_f9b894563ef4]]></ToUserName>
<FromUserName><![CDATA[o5V8y1WtXszPmhzcPh-iOhjPJ_-M]]></FromUserName>
<CreateTime>1589805433</CreateTime>
<MsgType><![CDATA[event]]></MsgType>
<Event><![CDATA[VIEW]]></Event>
<EventKey><![CDATA[http://www.boyufengmao.com/app/index.php?i=6&c=entry&m=ewei_shopv2&do=mobile&r=diypage&id=35]]></EventKey>
<MenuId>445261982</MenuId>
</xml>

2020-05-18 20:37:13 params :
------------
String:
array (
  'rule' => -2,
  'module' => '',
  'message' => 
  array (
    'tousername' => 'gh_f9b894563ef4',
    'fromusername' => 'o5V8y1WtXszPmhzcPh-iOhjPJ_-M',
    'createtime' => '1589805433',
    'msgtype' => 'event',
    'event' => 'VIEW',
    'eventkey' => 'http://www.boyufengmao.com/app/index.php?i=6&c=entry&m=ewei_shopv2&do=mobile&r=diypage&id=35',
    'menuid' => '445261982',
    'from' => 'o5V8y1WtXszPmhzcPh-iOhjPJ_-M',
    'to' => 'gh_f9b894563ef4',
    'time' => '1589805433',
    'type' => 'text',
    'content' => 'http://www.boyufengmao.com/app/index.php?i=6&c=entry&m=ewei_shopv2&do=mobile&r=diypage&id=35',
    'redirection' => true,
    'source' => 'VIEW',
  ),
)

2020-05-18 20:37:13 response :
------------

2020-05-18 20:38:31 trace :
------------
String:
<xml><ToUserName><![CDATA[gh_f9b894563ef4]]></ToUserName>
<FromUserName><![CDATA[o5V8y1WtXszPmhzcPh-iOhjPJ_-M]]></FromUserName>
<CreateTime>1589805510</CreateTime>
<MsgType><![CDATA[event]]></MsgType>
<Event><![CDATA[VIEW]]></Event>
<EventKey><![CDATA[http://www.boyufengmao.com/app/index.php?i=6&c=entry&m=ewei_shopv2&do=mobile&r=diypage&id=35]]></EventKey>
<MenuId>445261982</MenuId>
</xml>

2020-05-18 20:38:31 params :
------------
String:
array (
  'rule' => -2,
  'module' => '',
  'message' => 
  array (
    'tousername' => 'gh_f9b894563ef4',
    'fromusername' => 'o5V8y1WtXszPmhzcPh-iOhjPJ_-M',
    'createtime' => '1589805510',
    'msgtype' => 'event',
    'event' => 'VIEW',
    'eventkey' => 'http://www.boyufengmao.com/app/index.php?i=6&c=entry&m=ewei_shopv2&do=mobile&r=diypage&id=35',
    'menuid' => '445261982',
    'from' => 'o5V8y1WtXszPmhzcPh-iOhjPJ_-M',
    'to' => 'gh_f9b894563ef4',
    'time' => '1589805510',
    'type' => 'text',
    'content' => 'http://www.boyufengmao.com/app/index.php?i=6&c=entry&m=ewei_shopv2&do=mobile&r=diypage&id=35',
    'redirection' => true,
    'source' => 'VIEW',
  ),
)

2020-05-18 20:38:31 response :
------------

2020-05-18 20:49:12 trace :
------------
String:
<xml><ToUserName><![CDATA[gh_f9b894563ef4]]></ToUserName>
<FromUserName><![CDATA[o5V8y1QR7_5vjkoh2cHrscog404Q]]></FromUserName>
<CreateTime>1589806152</CreateTime>
<MsgType><![CDATA[event]]></MsgType>
<Event><![CDATA[VIEW]]></Event>
<EventKey><![CDATA[http://www.boyufengmao.com/app/index.php?i=6&c=entry&m=ewei_shopv2&do=mobile]]></EventKey>
<MenuId>445261982</MenuId>
</xml>

2020-05-18 20:49:12 params :
------------
String:
array (
  'rule' => -2,
  'module' => '',
  'message' => 
  array (
    'tousername' => 'gh_f9b894563ef4',
    'fromusername' => 'o5V8y1QR7_5vjkoh2cHrscog404Q',
    'createtime' => '1589806152',
    'msgtype' => 'event',
    'event' => 'VIEW',
    'eventkey' => 'http://www.boyufengmao.com/app/index.php?i=6&c=entry&m=ewei_shopv2&do=mobile',
    'menuid' => '445261982',
    'from' => 'o5V8y1QR7_5vjkoh2cHrscog404Q',
    'to' => 'gh_f9b894563ef4',
    'time' => '1589806152',
    'type' => 'text',
    'content' => 'http://www.boyufengmao.com/app/index.php?i=6&c=entry&m=ewei_shopv2&do=mobile',
    'redirection' => true,
    'source' => 'VIEW',
  ),
)

2020-05-18 20:49:12 response :
------------

2020-05-18 20:51:44 trace :
------------
String:
<xml><ToUserName><![CDATA[gh_f9b894563ef4]]></ToUserName>
<FromUserName><![CDATA[o5V8y1UHWZCWKPycyPHTQNWKa3-c]]></FromUserName>
<CreateTime>1589806304</CreateTime>
<MsgType><![CDATA[event]]></MsgType>
<Event><![CDATA[VIEW]]></Event>
<EventKey><![CDATA[http://www.boyufengmao.com/app/index.php?i=6&c=entry&m=ewei_shopv2&do=mobile]]></EventKey>
<MenuId>445261982</MenuId>
</xml>

2020-05-18 20:51:44 params :
------------
String:
array (
  'rule' => -2,
  'module' => '',
  'message' => 
  array (
    'tousername' => 'gh_f9b894563ef4',
    'fromusername' => 'o5V8y1UHWZCWKPycyPHTQNWKa3-c',
    'createtime' => '1589806304',
    'msgtype' => 'event',
    'event' => 'VIEW',
    'eventkey' => 'http://www.boyufengmao.com/app/index.php?i=6&c=entry&m=ewei_shopv2&do=mobile',
    'menuid' => '445261982',
    'from' => 'o5V8y1UHWZCWKPycyPHTQNWKa3-c',
    'to' => 'gh_f9b894563ef4',
    'time' => '1589806304',
    'type' => 'text',
    'content' => 'http://www.boyufengmao.com/app/index.php?i=6&c=entry&m=ewei_shopv2&do=mobile',
    'redirection' => true,
    'source' => 'VIEW',
  ),
)

2020-05-18 20:51:44 response :
------------

2020-05-18 21:39:46 trace :
------------
String:
<xml><ToUserName><![CDATA[gh_f9b894563ef4]]></ToUserName>
<FromUserName><![CDATA[o5V8y1fc5WuxpAxyqZ4HSmI-In8k]]></FromUserName>
<CreateTime>1589809186</CreateTime>
<MsgType><![CDATA[event]]></MsgType>
<Event><![CDATA[VIEW]]></Event>
<EventKey><![CDATA[http://www.boyufengmao.com/app/index.php?i=6&c=entry&m=ewei_shopv2&do=mobile]]></EventKey>
<MenuId>445261982</MenuId>
</xml>

2020-05-18 21:39:46 params :
------------
String:
array (
  'rule' => -2,
  'module' => '',
  'message' => 
  array (
    'tousername' => 'gh_f9b894563ef4',
    'fromusername' => 'o5V8y1fc5WuxpAxyqZ4HSmI-In8k',
    'createtime' => '1589809186',
    'msgtype' => 'event',
    'event' => 'VIEW',
    'eventkey' => 'http://www.boyufengmao.com/app/index.php?i=6&c=entry&m=ewei_shopv2&do=mobile',
    'menuid' => '445261982',
    'from' => 'o5V8y1fc5WuxpAxyqZ4HSmI-In8k',
    'to' => 'gh_f9b894563ef4',
    'time' => '1589809186',
    'type' => 'text',
    'content' => 'http://www.boyufengmao.com/app/index.php?i=6&c=entry&m=ewei_shopv2&do=mobile',
    'redirection' => true,
    'source' => 'VIEW',
  ),
)

2020-05-18 21:39:46 response :
------------

2020-05-18 21:49:23 trace :
------------
String:
<xml><ToUserName><![CDATA[gh_f9b894563ef4]]></ToUserName>
<FromUserName><![CDATA[o5V8y1X6IHpNlaq2caa8zyGx8GGc]]></FromUserName>
<CreateTime>1589809763</CreateTime>
<MsgType><![CDATA[event]]></MsgType>
<Event><![CDATA[VIEW]]></Event>
<EventKey><![CDATA[http://www.boyufengmao.com/app/index.php?i=6&c=entry&m=ewei_shopv2&do=mobile]]></EventKey>
<MenuId>445261982</MenuId>
</xml>

2020-05-18 21:49:23 params :
------------
String:
array (
  'rule' => -2,
  'module' => '',
  'message' => 
  array (
    'tousername' => 'gh_f9b894563ef4',
    'fromusername' => 'o5V8y1X6IHpNlaq2caa8zyGx8GGc',
    'createtime' => '1589809763',
    'msgtype' => 'event',
    'event' => 'VIEW',
    'eventkey' => 'http://www.boyufengmao.com/app/index.php?i=6&c=entry&m=ewei_shopv2&do=mobile',
    'menuid' => '445261982',
    'from' => 'o5V8y1X6IHpNlaq2caa8zyGx8GGc',
    'to' => 'gh_f9b894563ef4',
    'time' => '1589809763',
    'type' => 'text',
    'content' => 'http://www.boyufengmao.com/app/index.php?i=6&c=entry&m=ewei_shopv2&do=mobile',
    'redirection' => true,
    'source' => 'VIEW',
  ),
)

2020-05-18 21:49:23 response :
------------

2020-05-18 22:08:09 trace :
------------
String:
<xml><ToUserName><![CDATA[gh_f9b894563ef4]]></ToUserName>
<FromUserName><![CDATA[o5V8y1XH7R0M5jKnJ2AtEcjgD_Ts]]></FromUserName>
<CreateTime>1589810888</CreateTime>
<MsgType><![CDATA[event]]></MsgType>
<Event><![CDATA[subscribe]]></Event>
<EventKey><![CDATA[]]></EventKey>
</xml>

2020-05-18 22:08:09 params :
------------
String:
array (
  'rule' => -2,
  'module' => '',
  'message' => 
  array (
    'tousername' => 'gh_f9b894563ef4',
    'fromusername' => 'o5V8y1XH7R0M5jKnJ2AtEcjgD_Ts',
    'createtime' => '1589810888',
    'msgtype' => 'event',
    'event' => 'subscribe',
    'eventkey' => '',
    'from' => 'o5V8y1XH7R0M5jKnJ2AtEcjgD_Ts',
    'to' => 'gh_f9b894563ef4',
    'time' => '1589810888',
    'type' => 'text',
    'redirection' => true,
    'source' => 'subscribe',
  ),
)

2020-05-18 22:08:09 response :
------------

2020-05-18 22:08:14 trace :
------------
String:
<xml><ToUserName><![CDATA[gh_f9b894563ef4]]></ToUserName>
<FromUserName><![CDATA[o5V8y1XH7R0M5jKnJ2AtEcjgD_Ts]]></FromUserName>
<CreateTime>1589810893</CreateTime>
<MsgType><![CDATA[event]]></MsgType>
<Event><![CDATA[VIEW]]></Event>
<EventKey><![CDATA[http://www.boyufengmao.com/app/index.php?i=6&c=entry&m=ewei_shopv2&do=mobile]]></EventKey>
<MenuId>445261982</MenuId>
</xml>

2020-05-18 22:08:14 params :
------------
String:
array (
  'rule' => -2,
  'module' => '',
  'message' => 
  array (
    'tousername' => 'gh_f9b894563ef4',
    'fromusername' => 'o5V8y1XH7R0M5jKnJ2AtEcjgD_Ts',
    'createtime' => '1589810893',
    'msgtype' => 'event',
    'event' => 'VIEW',
    'eventkey' => 'http://www.boyufengmao.com/app/index.php?i=6&c=entry&m=ewei_shopv2&do=mobile',
    'menuid' => '445261982',
    'from' => 'o5V8y1XH7R0M5jKnJ2AtEcjgD_Ts',
    'to' => 'gh_f9b894563ef4',
    'time' => '1589810893',
    'type' => 'text',
    'content' => 'http://www.boyufengmao.com/app/index.php?i=6&c=entry&m=ewei_shopv2&do=mobile',
    'redirection' => true,
    'source' => 'VIEW',
  ),
)

2020-05-18 22:08:14 response :
------------

2020-05-18 22:08:18 trace :
------------
String:
<xml><ToUserName><![CDATA[gh_f9b894563ef4]]></ToUserName>
<FromUserName><![CDATA[o5V8y1XH7R0M5jKnJ2AtEcjgD_Ts]]></FromUserName>
<CreateTime>1589810897</CreateTime>
<MsgType><![CDATA[event]]></MsgType>
<Event><![CDATA[VIEW]]></Event>
<EventKey><![CDATA[http://www.boyufengmao.com/app/index.php?i=6&c=entry&m=ewei_shopv2&do=mobile&r=diypage&id=35]]></EventKey>
<MenuId>445261982</MenuId>
</xml>

2020-05-18 22:08:18 params :
------------
String:
array (
  'rule' => -2,
  'module' => '',
  'message' => 
  array (
    'tousername' => 'gh_f9b894563ef4',
    'fromusername' => 'o5V8y1XH7R0M5jKnJ2AtEcjgD_Ts',
    'createtime' => '1589810897',
    'msgtype' => 'event',
    'event' => 'VIEW',
    'eventkey' => 'http://www.boyufengmao.com/app/index.php?i=6&c=entry&m=ewei_shopv2&do=mobile&r=diypage&id=35',
    'menuid' => '445261982',
    'from' => 'o5V8y1XH7R0M5jKnJ2AtEcjgD_Ts',
    'to' => 'gh_f9b894563ef4',
    'time' => '1589810897',
    'type' => 'text',
    'content' => 'http://www.boyufengmao.com/app/index.php?i=6&c=entry&m=ewei_shopv2&do=mobile&r=diypage&id=35',
    'redirection' => true,
    'source' => 'VIEW',
  ),
)

2020-05-18 22:08:18 response :
------------

2020-05-18 22:09:14 trace :
------------
String:
<xml><ToUserName><![CDATA[gh_0140ea298741]]></ToUserName>
<FromUserName><![CDATA[oGQKz0n-OY2xpjMfTeyZgAB8nci8]]></FromUserName>
<CreateTime>1589810954</CreateTime>
<MsgType><![CDATA[event]]></MsgType>
<Event><![CDATA[VIEW]]></Event>
<EventKey><![CDATA[http://www.boyufengmao.com/app/index.php?i=8&c=entry&m=ewei_shopv2&do=mobile&r=member]]></EventKey>
<MenuId>483437210</MenuId>
</xml>

2020-05-18 22:09:14 params :
------------
String:
array (
  'rule' => -2,
  'module' => '',
  'message' => 
  array (
    'tousername' => 'gh_0140ea298741',
    'fromusername' => 'oGQKz0n-OY2xpjMfTeyZgAB8nci8',
    'createtime' => '1589810954',
    'msgtype' => 'event',
    'event' => 'VIEW',
    'eventkey' => 'http://www.boyufengmao.com/app/index.php?i=8&c=entry&m=ewei_shopv2&do=mobile&r=member',
    'menuid' => '483437210',
    'from' => 'oGQKz0n-OY2xpjMfTeyZgAB8nci8',
    'to' => 'gh_0140ea298741',
    'time' => '1589810954',
    'type' => 'text',
    'content' => 'http://www.boyufengmao.com/app/index.php?i=8&c=entry&m=ewei_shopv2&do=mobile&r=member',
    'redirection' => true,
    'source' => 'VIEW',
  ),
)

2020-05-18 22:09:14 response :
------------

2020-05-18 22:09:27 trace :
------------
String:
<xml><ToUserName><![CDATA[gh_0140ea298741]]></ToUserName>
<FromUserName><![CDATA[oGQKz0n-OY2xpjMfTeyZgAB8nci8]]></FromUserName>
<CreateTime>1589810967</CreateTime>
<MsgType><![CDATA[event]]></MsgType>
<Event><![CDATA[VIEW]]></Event>
<EventKey><![CDATA[http://www.boyufengmao.com/app/index.php?i=8&c=entry&m=ewei_shopv2&do=mobile]]></EventKey>
<MenuId>483437210</MenuId>
</xml>

2020-05-18 22:09:27 params :
------------
String:
array (
  'rule' => -2,
  'module' => '',
  'message' => 
  array (
    'tousername' => 'gh_0140ea298741',
    'fromusername' => 'oGQKz0n-OY2xpjMfTeyZgAB8nci8',
    'createtime' => '1589810967',
    'msgtype' => 'event',
    'event' => 'VIEW',
    'eventkey' => 'http://www.boyufengmao.com/app/index.php?i=8&c=entry&m=ewei_shopv2&do=mobile',
    'menuid' => '483437210',
    'from' => 'oGQKz0n-OY2xpjMfTeyZgAB8nci8',
    'to' => 'gh_0140ea298741',
    'time' => '1589810967',
    'type' => 'text',
    'content' => 'http://www.boyufengmao.com/app/index.php?i=8&c=entry&m=ewei_shopv2&do=mobile',
    'redirection' => true,
    'source' => 'VIEW',
  ),
)

2020-05-18 22:09:27 response :
------------

2020-05-18 22:38:00 trace :
------------
String:
<xml><ToUserName><![CDATA[gh_f9b894563ef4]]></ToUserName>
<FromUserName><![CDATA[o5V8y1XH7R0M5jKnJ2AtEcjgD_Ts]]></FromUserName>
<CreateTime>1589812680</CreateTime>
<MsgType><![CDATA[event]]></MsgType>
<Event><![CDATA[VIEW]]></Event>
<EventKey><![CDATA[http://www.boyufengmao.com/app/index.php?i=6&c=entry&m=ewei_shopv2&do=mobile&r=diypage&id=35]]></EventKey>
<MenuId>445261982</MenuId>
</xml>

2020-05-18 22:38:00 params :
------------
String:
array (
  'rule' => -2,
  'module' => '',
  'message' => 
  array (
    'tousername' => 'gh_f9b894563ef4',
    'fromusername' => 'o5V8y1XH7R0M5jKnJ2AtEcjgD_Ts',
    'createtime' => '1589812680',
    'msgtype' => 'event',
    'event' => 'VIEW',
    'eventkey' => 'http://www.boyufengmao.com/app/index.php?i=6&c=entry&m=ewei_shopv2&do=mobile&r=diypage&id=35',
    'menuid' => '445261982',
    'from' => 'o5V8y1XH7R0M5jKnJ2AtEcjgD_Ts',
    'to' => 'gh_f9b894563ef4',
    'time' => '1589812680',
    'type' => 'text',
    'content' => 'http://www.boyufengmao.com/app/index.php?i=6&c=entry&m=ewei_shopv2&do=mobile&r=diypage&id=35',
    'redirection' => true,
    'source' => 'VIEW',
  ),
)

2020-05-18 22:38:00 response :
------------

