2020-03-15 10:01:06 trace :
------------
String:
<xml><ToUserName><![CDATA[gh_f9b894563ef4]]></ToUserName>
<FromUserName><![CDATA[o5V8y1cp_LLEgvSXnduCZVmzBQqs]]></FromUserName>
<CreateTime>1584237666</CreateTime>
<MsgType><![CDATA[event]]></MsgType>
<Event><![CDATA[VIEW]]></Event>
<EventKey><![CDATA[http://www.boyufengmao.com/app/index.php?i=6&c=entry&m=ewei_shopv2&do=mobile]]></EventKey>
<MenuId>445261982</MenuId>
</xml>

2020-03-15 10:01:06 params :
------------
String:
array (
  'rule' => -2,
  'module' => '',
  'message' => 
  array (
    'tousername' => 'gh_f9b894563ef4',
    'fromusername' => 'o5V8y1cp_LLEgvSXnduCZVmzBQqs',
    'createtime' => '1584237666',
    'msgtype' => 'event',
    'event' => 'VIEW',
    'eventkey' => 'http://www.boyufengmao.com/app/index.php?i=6&c=entry&m=ewei_shopv2&do=mobile',
    'menuid' => '445261982',
    'from' => 'o5V8y1cp_LLEgvSXnduCZVmzBQqs',
    'to' => 'gh_f9b894563ef4',
    'time' => '1584237666',
    'type' => 'text',
    'content' => 'http://www.boyufengmao.com/app/index.php?i=6&c=entry&m=ewei_shopv2&do=mobile',
    'redirection' => true,
    'source' => 'VIEW',
  ),
)

2020-03-15 10:01:06 response :
------------

2020-03-15 10:01:13 trace :
------------
String:
<xml><ToUserName><![CDATA[gh_f9b894563ef4]]></ToUserName>
<FromUserName><![CDATA[o5V8y1cp_LLEgvSXnduCZVmzBQqs]]></FromUserName>
<CreateTime>1584237672</CreateTime>
<MsgType><![CDATA[event]]></MsgType>
<Event><![CDATA[VIEW]]></Event>
<EventKey><![CDATA[http://www.boyufengmao.com/app/index.php?i=6&c=entry&m=ewei_shopv2&do=mobile&r=diypage&id=35]]></EventKey>
<MenuId>445261982</MenuId>
</xml>

2020-03-15 10:01:13 params :
------------
String:
array (
  'rule' => -2,
  'module' => '',
  'message' => 
  array (
    'tousername' => 'gh_f9b894563ef4',
    'fromusername' => 'o5V8y1cp_LLEgvSXnduCZVmzBQqs',
    'createtime' => '1584237672',
    'msgtype' => 'event',
    'event' => 'VIEW',
    'eventkey' => 'http://www.boyufengmao.com/app/index.php?i=6&c=entry&m=ewei_shopv2&do=mobile&r=diypage&id=35',
    'menuid' => '445261982',
    'from' => 'o5V8y1cp_LLEgvSXnduCZVmzBQqs',
    'to' => 'gh_f9b894563ef4',
    'time' => '1584237672',
    'type' => 'text',
    'content' => 'http://www.boyufengmao.com/app/index.php?i=6&c=entry&m=ewei_shopv2&do=mobile&r=diypage&id=35',
    'redirection' => true,
    'source' => 'VIEW',
  ),
)

2020-03-15 10:01:13 response :
------------

2020-03-15 10:01:22 trace :
------------
String:
<xml><ToUserName><![CDATA[gh_f9b894563ef4]]></ToUserName>
<FromUserName><![CDATA[o5V8y1cp_LLEgvSXnduCZVmzBQqs]]></FromUserName>
<CreateTime>1584237682</CreateTime>
<MsgType><![CDATA[event]]></MsgType>
<Event><![CDATA[CLICK]]></Event>
<EventKey><![CDATA[订餐电话]]></EventKey>
</xml>

2020-03-15 10:01:22 params :
------------
String:
array (
  'message' => 
  array (
    'tousername' => 'gh_f9b894563ef4',
    'fromusername' => 'o5V8y1cp_LLEgvSXnduCZVmzBQqs',
    'createtime' => '1584237682',
    'msgtype' => 'event',
    'event' => 'CLICK',
    'eventkey' => '订餐电话',
    'from' => 'o5V8y1cp_LLEgvSXnduCZVmzBQqs',
    'to' => 'gh_f9b894563ef4',
    'time' => '1584237682',
    'type' => 'text',
    'content' => '订餐电话',
    'redirection' => true,
    'source' => 'click',
  ),
  'module' => 'reply',
  'rule' => '19',
  'priority' => '0',
  'keyword' => 
  array (
    'id' => '27',
    'rid' => '19',
    'uniacid' => '6',
    'module' => 'reply',
    'content' => '订餐电话',
    'type' => '1',
    'displayorder' => '0',
    'status' => '1',
    'reply_type' => 
    array (
      0 => 'basic',
    ),
  ),
  'reply_type' => 
  array (
    0 => 'basic',
  ),
)

2020-03-15 10:01:22 response :
------------
Array:
FromUserName : gh_f9b894563ef4 ;
ToUserName : o5V8y1cp_LLEgvSXnduCZVmzBQqs ;
MsgType : text ;
Content : 欢迎拨打电话：029-86357081 /  19909289055 订餐 ;

2020-03-15 12:06:31 trace :
------------
String:
<xml><ToUserName><![CDATA[gh_f9b894563ef4]]></ToUserName>
<FromUserName><![CDATA[o5V8y1RrZKpYFzoH2ip39E09rxcA]]></FromUserName>
<CreateTime>1584245191</CreateTime>
<MsgType><![CDATA[event]]></MsgType>
<Event><![CDATA[VIEW]]></Event>
<EventKey><![CDATA[http://www.boyufengmao.com/app/index.php?i=6&c=entry&m=ewei_shopv2&do=mobile]]></EventKey>
<MenuId>445261982</MenuId>
</xml>

2020-03-15 12:06:31 params :
------------
String:
array (
  'rule' => -2,
  'module' => '',
  'message' => 
  array (
    'tousername' => 'gh_f9b894563ef4',
    'fromusername' => 'o5V8y1RrZKpYFzoH2ip39E09rxcA',
    'createtime' => '1584245191',
    'msgtype' => 'event',
    'event' => 'VIEW',
    'eventkey' => 'http://www.boyufengmao.com/app/index.php?i=6&c=entry&m=ewei_shopv2&do=mobile',
    'menuid' => '445261982',
    'from' => 'o5V8y1RrZKpYFzoH2ip39E09rxcA',
    'to' => 'gh_f9b894563ef4',
    'time' => '1584245191',
    'type' => 'text',
    'content' => 'http://www.boyufengmao.com/app/index.php?i=6&c=entry&m=ewei_shopv2&do=mobile',
    'redirection' => true,
    'source' => 'VIEW',
  ),
)

2020-03-15 12:06:31 response :
------------

2020-03-15 16:07:28 trace :
------------
String:
<xml><ToUserName><![CDATA[gh_f9b894563ef4]]></ToUserName>
<FromUserName><![CDATA[o5V8y1aRH0h16UCK7KEoxRMOxkqc]]></FromUserName>
<CreateTime>1584259648</CreateTime>
<MsgType><![CDATA[text]]></MsgType>
<Content><![CDATA[开门了吗]]></Content>
<MsgId>22681145693946112</MsgId>
</xml>

2020-03-15 16:07:28 params :
------------
String:
array (
  'rule' => -2,
  'module' => '',
  'message' => 
  array (
    'tousername' => 'gh_f9b894563ef4',
    'fromusername' => 'o5V8y1aRH0h16UCK7KEoxRMOxkqc',
    'createtime' => '1584259648',
    'msgtype' => 'text',
    'content' => '开门了吗',
    'msgid' => '22681145693946112',
    'from' => 'o5V8y1aRH0h16UCK7KEoxRMOxkqc',
    'to' => 'gh_f9b894563ef4',
    'time' => '1584259648',
    'type' => 'text',
    'event' => NULL,
    'redirection' => false,
    'source' => NULL,
  ),
)

2020-03-15 16:07:28 response :
------------

2020-03-15 19:14:05 trace :
------------
String:
<xml><ToUserName><![CDATA[gh_0140ea298741]]></ToUserName>
<FromUserName><![CDATA[oGQKz0rNVJ0nW_9EXcbSfXLbB3UE]]></FromUserName>
<CreateTime>1584270844</CreateTime>
<MsgType><![CDATA[text]]></MsgType>
<Content><![CDATA[营业]]></Content>
<MsgId>22681304567208224</MsgId>
</xml>

2020-03-15 19:14:05 params :
------------
String:
array (
  'rule' => -2,
  'module' => '',
  'message' => 
  array (
    'tousername' => 'gh_0140ea298741',
    'fromusername' => 'oGQKz0rNVJ0nW_9EXcbSfXLbB3UE',
    'createtime' => '1584270844',
    'msgtype' => 'text',
    'content' => '营业',
    'msgid' => '22681304567208224',
    'from' => 'oGQKz0rNVJ0nW_9EXcbSfXLbB3UE',
    'to' => 'gh_0140ea298741',
    'time' => '1584270844',
    'type' => 'text',
    'event' => NULL,
    'redirection' => false,
    'source' => NULL,
  ),
)

2020-03-15 19:14:05 response :
------------

2020-03-15 19:43:32 trace :
------------
String:
<xml><ToUserName><![CDATA[gh_0140ea298741]]></ToUserName>
<FromUserName><![CDATA[oGQKz0rNVJ0nW_9EXcbSfXLbB3UE]]></FromUserName>
<CreateTime>1584272612</CreateTime>
<MsgType><![CDATA[event]]></MsgType>
<Event><![CDATA[unsubscribe]]></Event>
<EventKey><![CDATA[]]></EventKey>
</xml>

2020-03-15 19:59:43 trace :
------------
String:
<xml><ToUserName><![CDATA[gh_f9b894563ef4]]></ToUserName>
<FromUserName><![CDATA[o5V8y1TxiM-5Ws9IxAV5bmaelz7k]]></FromUserName>
<CreateTime>1584273583</CreateTime>
<MsgType><![CDATA[event]]></MsgType>
<Event><![CDATA[VIEW]]></Event>
<EventKey><![CDATA[http://www.boyufengmao.com/app/index.php?i=6&c=entry&m=ewei_shopv2&do=mobile]]></EventKey>
<MenuId>445261982</MenuId>
</xml>

2020-03-15 19:59:43 params :
------------
String:
array (
  'rule' => -2,
  'module' => '',
  'message' => 
  array (
    'tousername' => 'gh_f9b894563ef4',
    'fromusername' => 'o5V8y1TxiM-5Ws9IxAV5bmaelz7k',
    'createtime' => '1584273583',
    'msgtype' => 'event',
    'event' => 'VIEW',
    'eventkey' => 'http://www.boyufengmao.com/app/index.php?i=6&c=entry&m=ewei_shopv2&do=mobile',
    'menuid' => '445261982',
    'from' => 'o5V8y1TxiM-5Ws9IxAV5bmaelz7k',
    'to' => 'gh_f9b894563ef4',
    'time' => '1584273583',
    'type' => 'text',
    'content' => 'http://www.boyufengmao.com/app/index.php?i=6&c=entry&m=ewei_shopv2&do=mobile',
    'redirection' => true,
    'source' => 'VIEW',
  ),
)

2020-03-15 19:59:43 response :
------------

2020-03-15 19:59:52 trace :
------------
String:
<xml><ToUserName><![CDATA[gh_f9b894563ef4]]></ToUserName>
<FromUserName><![CDATA[o5V8y1TxiM-5Ws9IxAV5bmaelz7k]]></FromUserName>
<CreateTime>1584273591</CreateTime>
<MsgType><![CDATA[event]]></MsgType>
<Event><![CDATA[CLICK]]></Event>
<EventKey><![CDATA[订餐电话]]></EventKey>
</xml>

2020-03-15 19:59:52 params :
------------
String:
array (
  'message' => 
  array (
    'tousername' => 'gh_f9b894563ef4',
    'fromusername' => 'o5V8y1TxiM-5Ws9IxAV5bmaelz7k',
    'createtime' => '1584273591',
    'msgtype' => 'event',
    'event' => 'CLICK',
    'eventkey' => '订餐电话',
    'from' => 'o5V8y1TxiM-5Ws9IxAV5bmaelz7k',
    'to' => 'gh_f9b894563ef4',
    'time' => '1584273591',
    'type' => 'text',
    'content' => '订餐电话',
    'redirection' => true,
    'source' => 'click',
  ),
  'module' => 'reply',
  'rule' => '19',
  'priority' => '0',
  'keyword' => 
  array (
    'id' => '27',
    'rid' => '19',
    'uniacid' => '6',
    'module' => 'reply',
    'content' => '订餐电话',
    'type' => '1',
    'displayorder' => '0',
    'status' => '1',
    'reply_type' => 
    array (
      0 => 'basic',
    ),
  ),
  'reply_type' => 
  array (
    0 => 'basic',
  ),
)

2020-03-15 19:59:52 response :
------------
Array:
FromUserName : gh_f9b894563ef4 ;
ToUserName : o5V8y1TxiM-5Ws9IxAV5bmaelz7k ;
MsgType : text ;
Content : 欢迎拨打电话：029-86357081 /  19909289055 订餐 ;

2020-03-15 21:46:15 trace :
------------
String:
<xml><ToUserName><![CDATA[gh_c804ae748f89]]></ToUserName>
<FromUserName><![CDATA[o3lrB57ISd4ggQ8SPOaM83gMjstM]]></FromUserName>
<CreateTime>1584279975</CreateTime>
<MsgType><![CDATA[event]]></MsgType>
<Event><![CDATA[VIEW]]></Event>
<EventKey><![CDATA[http://www.boyufengmao.com/app/index.php?i=2&c=entry&m=ewei_shopv2&do=mobile]]></EventKey>
<MenuId>444488974</MenuId>
</xml>

2020-03-15 21:46:15 params :
------------
String:
array (
  'rule' => -2,
  'module' => '',
  'message' => 
  array (
    'tousername' => 'gh_c804ae748f89',
    'fromusername' => 'o3lrB57ISd4ggQ8SPOaM83gMjstM',
    'createtime' => '1584279975',
    'msgtype' => 'event',
    'event' => 'VIEW',
    'eventkey' => 'http://www.boyufengmao.com/app/index.php?i=2&c=entry&m=ewei_shopv2&do=mobile',
    'menuid' => '444488974',
    'from' => 'o3lrB57ISd4ggQ8SPOaM83gMjstM',
    'to' => 'gh_c804ae748f89',
    'time' => '1584279975',
    'type' => 'text',
    'content' => 'http://www.boyufengmao.com/app/index.php?i=2&c=entry&m=ewei_shopv2&do=mobile',
    'redirection' => true,
    'source' => 'VIEW',
  ),
)

2020-03-15 21:46:15 response :
------------

2020-03-15 21:46:37 trace :
------------
String:
<xml><ToUserName><![CDATA[gh_798963d6b623]]></ToUserName>
<FromUserName><![CDATA[oa1g_1H6fyBQ9nUZcHi2iBuTFY5M]]></FromUserName>
<CreateTime>1584279997</CreateTime>
<MsgType><![CDATA[event]]></MsgType>
<Event><![CDATA[VIEW]]></Event>
<EventKey><![CDATA[http://www.boyufengmao.com/app/index.php?i=9&c=entry&m=ewei_shopv2&do=mobile]]></EventKey>
<MenuId>438246249</MenuId>
</xml>

2020-03-15 21:46:37 params :
------------
String:
array (
  'rule' => -2,
  'module' => '',
  'message' => 
  array (
    'tousername' => 'gh_798963d6b623',
    'fromusername' => 'oa1g_1H6fyBQ9nUZcHi2iBuTFY5M',
    'createtime' => '1584279997',
    'msgtype' => 'event',
    'event' => 'VIEW',
    'eventkey' => 'http://www.boyufengmao.com/app/index.php?i=9&c=entry&m=ewei_shopv2&do=mobile',
    'menuid' => '438246249',
    'from' => 'oa1g_1H6fyBQ9nUZcHi2iBuTFY5M',
    'to' => 'gh_798963d6b623',
    'time' => '1584279997',
    'type' => 'text',
    'content' => 'http://www.boyufengmao.com/app/index.php?i=9&c=entry&m=ewei_shopv2&do=mobile',
    'redirection' => true,
    'source' => 'VIEW',
  ),
)

2020-03-15 21:46:37 response :
------------

2020-03-15 23:32:05 trace :
------------
String:
<xml><ToUserName><![CDATA[gh_f9b894563ef4]]></ToUserName>
<FromUserName><![CDATA[o5V8y1RrZKpYFzoH2ip39E09rxcA]]></FromUserName>
<CreateTime>1584286324</CreateTime>
<MsgType><![CDATA[event]]></MsgType>
<Event><![CDATA[VIEW]]></Event>
<EventKey><![CDATA[http://www.boyufengmao.com/app/index.php?i=6&c=entry&m=ewei_shopv2&do=mobile]]></EventKey>
<MenuId>445261982</MenuId>
</xml>

2020-03-15 23:32:05 params :
------------
String:
array (
  'rule' => -2,
  'module' => '',
  'message' => 
  array (
    'tousername' => 'gh_f9b894563ef4',
    'fromusername' => 'o5V8y1RrZKpYFzoH2ip39E09rxcA',
    'createtime' => '1584286324',
    'msgtype' => 'event',
    'event' => 'VIEW',
    'eventkey' => 'http://www.boyufengmao.com/app/index.php?i=6&c=entry&m=ewei_shopv2&do=mobile',
    'menuid' => '445261982',
    'from' => 'o5V8y1RrZKpYFzoH2ip39E09rxcA',
    'to' => 'gh_f9b894563ef4',
    'time' => '1584286324',
    'type' => 'text',
    'content' => 'http://www.boyufengmao.com/app/index.php?i=6&c=entry&m=ewei_shopv2&do=mobile',
    'redirection' => true,
    'source' => 'VIEW',
  ),
)

2020-03-15 23:32:05 response :
------------

2020-03-15 23:32:29 trace :
------------
String:
<xml><ToUserName><![CDATA[gh_f9b894563ef4]]></ToUserName>
<FromUserName><![CDATA[o5V8y1RrZKpYFzoH2ip39E09rxcA]]></FromUserName>
<CreateTime>1584286349</CreateTime>
<MsgType><![CDATA[event]]></MsgType>
<Event><![CDATA[VIEW]]></Event>
<EventKey><![CDATA[http://www.boyufengmao.com/app/index.php?i=6&c=entry&m=ewei_shopv2&do=mobile&r=diypage&id=35]]></EventKey>
<MenuId>445261982</MenuId>
</xml>

2020-03-15 23:32:29 params :
------------
String:
array (
  'rule' => -2,
  'module' => '',
  'message' => 
  array (
    'tousername' => 'gh_f9b894563ef4',
    'fromusername' => 'o5V8y1RrZKpYFzoH2ip39E09rxcA',
    'createtime' => '1584286349',
    'msgtype' => 'event',
    'event' => 'VIEW',
    'eventkey' => 'http://www.boyufengmao.com/app/index.php?i=6&c=entry&m=ewei_shopv2&do=mobile&r=diypage&id=35',
    'menuid' => '445261982',
    'from' => 'o5V8y1RrZKpYFzoH2ip39E09rxcA',
    'to' => 'gh_f9b894563ef4',
    'time' => '1584286349',
    'type' => 'text',
    'content' => 'http://www.boyufengmao.com/app/index.php?i=6&c=entry&m=ewei_shopv2&do=mobile&r=diypage&id=35',
    'redirection' => true,
    'source' => 'VIEW',
  ),
)

2020-03-15 23:32:29 response :
------------

2020-03-15 23:33:07 trace :
------------
String:
<xml><ToUserName><![CDATA[gh_f9b894563ef4]]></ToUserName>
<FromUserName><![CDATA[o5V8y1RrZKpYFzoH2ip39E09rxcA]]></FromUserName>
<CreateTime>1584286387</CreateTime>
<MsgType><![CDATA[event]]></MsgType>
<Event><![CDATA[VIEW]]></Event>
<EventKey><![CDATA[http://www.boyufengmao.com/app/index.php?i=6&c=entry&m=ewei_shopv2&do=mobile&r=diypage&id=35]]></EventKey>
<MenuId>445261982</MenuId>
</xml>

2020-03-15 23:33:07 params :
------------
String:
array (
  'rule' => -2,
  'module' => '',
  'message' => 
  array (
    'tousername' => 'gh_f9b894563ef4',
    'fromusername' => 'o5V8y1RrZKpYFzoH2ip39E09rxcA',
    'createtime' => '1584286387',
    'msgtype' => 'event',
    'event' => 'VIEW',
    'eventkey' => 'http://www.boyufengmao.com/app/index.php?i=6&c=entry&m=ewei_shopv2&do=mobile&r=diypage&id=35',
    'menuid' => '445261982',
    'from' => 'o5V8y1RrZKpYFzoH2ip39E09rxcA',
    'to' => 'gh_f9b894563ef4',
    'time' => '1584286387',
    'type' => 'text',
    'content' => 'http://www.boyufengmao.com/app/index.php?i=6&c=entry&m=ewei_shopv2&do=mobile&r=diypage&id=35',
    'redirection' => true,
    'source' => 'VIEW',
  ),
)

2020-03-15 23:33:07 response :
------------

2020-03-15 23:33:33 trace :
------------
String:
<xml><ToUserName><![CDATA[gh_f9b894563ef4]]></ToUserName>
<FromUserName><![CDATA[o5V8y1RrZKpYFzoH2ip39E09rxcA]]></FromUserName>
<CreateTime>1584286413</CreateTime>
<MsgType><![CDATA[event]]></MsgType>
<Event><![CDATA[CLICK]]></Event>
<EventKey><![CDATA[订餐电话]]></EventKey>
</xml>

2020-03-15 23:33:33 params :
------------
String:
array (
  'message' => 
  array (
    'tousername' => 'gh_f9b894563ef4',
    'fromusername' => 'o5V8y1RrZKpYFzoH2ip39E09rxcA',
    'createtime' => '1584286413',
    'msgtype' => 'event',
    'event' => 'CLICK',
    'eventkey' => '订餐电话',
    'from' => 'o5V8y1RrZKpYFzoH2ip39E09rxcA',
    'to' => 'gh_f9b894563ef4',
    'time' => '1584286413',
    'type' => 'text',
    'content' => '订餐电话',
    'redirection' => true,
    'source' => 'click',
  ),
  'module' => 'reply',
  'rule' => '19',
  'priority' => '0',
  'keyword' => 
  array (
    'id' => '27',
    'rid' => '19',
    'uniacid' => '6',
    'module' => 'reply',
    'content' => '订餐电话',
    'type' => '1',
    'displayorder' => '0',
    'status' => '1',
    'reply_type' => 
    array (
      0 => 'basic',
    ),
  ),
  'reply_type' => 
  array (
    0 => 'basic',
  ),
)

2020-03-15 23:33:33 response :
------------
Array:
FromUserName : gh_f9b894563ef4 ;
ToUserName : o5V8y1RrZKpYFzoH2ip39E09rxcA ;
MsgType : text ;
Content : 欢迎拨打电话：029-86357081 /  19909289055 订餐 ;

