2020-08-13 09:56:11 trace :
------------
String:
<xml><ToUserName><![CDATA[gh_f9b894563ef4]]></ToUserName>
<FromUserName><![CDATA[o5V8y1eqVxMMby5QoyzNjJ6npF_Y]]></FromUserName>
<CreateTime>1597283770</CreateTime>
<MsgType><![CDATA[event]]></MsgType>
<Event><![CDATA[VIEW]]></Event>
<EventKey><![CDATA[http://www.boyufengmao.com/app/index.php?i=6&c=entry&m=ewei_shopv2&do=mobile&r=diypage&id=35]]></EventKey>
<MenuId>445261982</MenuId>
</xml>

2020-08-13 09:56:11 params :
------------
String:
array (
  'rule' => -2,
  'module' => '',
  'message' => 
  array (
    'tousername' => 'gh_f9b894563ef4',
    'fromusername' => 'o5V8y1eqVxMMby5QoyzNjJ6npF_Y',
    'createtime' => '1597283770',
    'msgtype' => 'event',
    'event' => 'VIEW',
    'eventkey' => 'http://www.boyufengmao.com/app/index.php?i=6&c=entry&m=ewei_shopv2&do=mobile&r=diypage&id=35',
    'menuid' => '445261982',
    'from' => 'o5V8y1eqVxMMby5QoyzNjJ6npF_Y',
    'to' => 'gh_f9b894563ef4',
    'time' => '1597283770',
    'type' => 'text',
    'content' => 'http://www.boyufengmao.com/app/index.php?i=6&c=entry&m=ewei_shopv2&do=mobile&r=diypage&id=35',
    'redirection' => true,
    'source' => 'VIEW',
  ),
)

2020-08-13 09:56:11 response :
------------

2020-08-13 09:57:59 trace :
------------
String:
<xml><ToUserName><![CDATA[gh_f9b894563ef4]]></ToUserName>
<FromUserName><![CDATA[o5V8y1eqVxMMby5QoyzNjJ6npF_Y]]></FromUserName>
<CreateTime>1597283879</CreateTime>
<MsgType><![CDATA[event]]></MsgType>
<Event><![CDATA[VIEW]]></Event>
<EventKey><![CDATA[http://www.boyufengmao.com/app/index.php?i=6&c=entry&m=ewei_shopv2&do=mobile&r=diypage&id=35]]></EventKey>
<MenuId>445261982</MenuId>
</xml>

2020-08-13 09:57:59 params :
------------
String:
array (
  'rule' => -2,
  'module' => '',
  'message' => 
  array (
    'tousername' => 'gh_f9b894563ef4',
    'fromusername' => 'o5V8y1eqVxMMby5QoyzNjJ6npF_Y',
    'createtime' => '1597283879',
    'msgtype' => 'event',
    'event' => 'VIEW',
    'eventkey' => 'http://www.boyufengmao.com/app/index.php?i=6&c=entry&m=ewei_shopv2&do=mobile&r=diypage&id=35',
    'menuid' => '445261982',
    'from' => 'o5V8y1eqVxMMby5QoyzNjJ6npF_Y',
    'to' => 'gh_f9b894563ef4',
    'time' => '1597283879',
    'type' => 'text',
    'content' => 'http://www.boyufengmao.com/app/index.php?i=6&c=entry&m=ewei_shopv2&do=mobile&r=diypage&id=35',
    'redirection' => true,
    'source' => 'VIEW',
  ),
)

2020-08-13 09:57:59 response :
------------

2020-08-13 10:16:02 trace :
------------
String:
<xml><ToUserName><![CDATA[gh_17086d36008c]]></ToUserName>
<FromUserName><![CDATA[opLdn50Vhk44ipWhiaVkocvY5r4E]]></FromUserName>
<CreateTime>1597284962</CreateTime>
<MsgType><![CDATA[event]]></MsgType>
<Event><![CDATA[VIEW]]></Event>
<EventKey><![CDATA[http://www.boyufengmao.com/app/index.php?i=24&c=entry&m=ewei_shopv2&do=mobile]]></EventKey>
<MenuId>427383506</MenuId>
</xml>

2020-08-13 10:16:02 params :
------------
String:
array (
  'rule' => -2,
  'module' => '',
  'message' => 
  array (
    'tousername' => 'gh_17086d36008c',
    'fromusername' => 'opLdn50Vhk44ipWhiaVkocvY5r4E',
    'createtime' => '1597284962',
    'msgtype' => 'event',
    'event' => 'VIEW',
    'eventkey' => 'http://www.boyufengmao.com/app/index.php?i=24&c=entry&m=ewei_shopv2&do=mobile',
    'menuid' => '427383506',
    'from' => 'opLdn50Vhk44ipWhiaVkocvY5r4E',
    'to' => 'gh_17086d36008c',
    'time' => '1597284962',
    'type' => 'text',
    'content' => 'http://www.boyufengmao.com/app/index.php?i=24&c=entry&m=ewei_shopv2&do=mobile',
    'redirection' => true,
    'source' => 'VIEW',
  ),
)

2020-08-13 10:16:02 response :
------------

2020-08-13 10:16:04 trace :
------------
String:
<xml><ToUserName><![CDATA[gh_17086d36008c]]></ToUserName>
<FromUserName><![CDATA[opLdn50Vhk44ipWhiaVkocvY5r4E]]></FromUserName>
<CreateTime>1597284964</CreateTime>
<MsgType><![CDATA[event]]></MsgType>
<Event><![CDATA[VIEW]]></Event>
<EventKey><![CDATA[http://www.boyufengmao.com/app/index.php?i=24&c=entry&m=ewei_shopv2&do=mobile]]></EventKey>
<MenuId>427383506</MenuId>
</xml>

2020-08-13 10:16:04 params :
------------
String:
array (
  'rule' => -2,
  'module' => '',
  'message' => 
  array (
    'tousername' => 'gh_17086d36008c',
    'fromusername' => 'opLdn50Vhk44ipWhiaVkocvY5r4E',
    'createtime' => '1597284964',
    'msgtype' => 'event',
    'event' => 'VIEW',
    'eventkey' => 'http://www.boyufengmao.com/app/index.php?i=24&c=entry&m=ewei_shopv2&do=mobile',
    'menuid' => '427383506',
    'from' => 'opLdn50Vhk44ipWhiaVkocvY5r4E',
    'to' => 'gh_17086d36008c',
    'time' => '1597284964',
    'type' => 'text',
    'content' => 'http://www.boyufengmao.com/app/index.php?i=24&c=entry&m=ewei_shopv2&do=mobile',
    'redirection' => true,
    'source' => 'VIEW',
  ),
)

2020-08-13 10:16:04 response :
------------

2020-08-13 10:16:06 trace :
------------
String:
<xml><ToUserName><![CDATA[gh_17086d36008c]]></ToUserName>
<FromUserName><![CDATA[opLdn50Vhk44ipWhiaVkocvY5r4E]]></FromUserName>
<CreateTime>1597284966</CreateTime>
<MsgType><![CDATA[event]]></MsgType>
<Event><![CDATA[VIEW]]></Event>
<EventKey><![CDATA[http://www.boyufengmao.com/app/index.php?i=24&c=entry&m=ewei_shopv2&do=mobile]]></EventKey>
<MenuId>427383506</MenuId>
</xml>

2020-08-13 10:16:06 params :
------------
String:
array (
  'rule' => -2,
  'module' => '',
  'message' => 
  array (
    'tousername' => 'gh_17086d36008c',
    'fromusername' => 'opLdn50Vhk44ipWhiaVkocvY5r4E',
    'createtime' => '1597284966',
    'msgtype' => 'event',
    'event' => 'VIEW',
    'eventkey' => 'http://www.boyufengmao.com/app/index.php?i=24&c=entry&m=ewei_shopv2&do=mobile',
    'menuid' => '427383506',
    'from' => 'opLdn50Vhk44ipWhiaVkocvY5r4E',
    'to' => 'gh_17086d36008c',
    'time' => '1597284966',
    'type' => 'text',
    'content' => 'http://www.boyufengmao.com/app/index.php?i=24&c=entry&m=ewei_shopv2&do=mobile',
    'redirection' => true,
    'source' => 'VIEW',
  ),
)

2020-08-13 10:16:06 response :
------------

2020-08-13 10:18:52 trace :
------------
String:
<xml><ToUserName><![CDATA[gh_17086d36008c]]></ToUserName>
<FromUserName><![CDATA[opLdn50Vhk44ipWhiaVkocvY5r4E]]></FromUserName>
<CreateTime>1597285132</CreateTime>
<MsgType><![CDATA[event]]></MsgType>
<Event><![CDATA[VIEW]]></Event>
<EventKey><![CDATA[http://www.boyufengmao.com/app/index.php?i=24&c=entry&m=ewei_shopv2&do=mobile]]></EventKey>
<MenuId>427383506</MenuId>
</xml>

2020-08-13 10:18:52 params :
------------
String:
array (
  'rule' => -2,
  'module' => '',
  'message' => 
  array (
    'tousername' => 'gh_17086d36008c',
    'fromusername' => 'opLdn50Vhk44ipWhiaVkocvY5r4E',
    'createtime' => '1597285132',
    'msgtype' => 'event',
    'event' => 'VIEW',
    'eventkey' => 'http://www.boyufengmao.com/app/index.php?i=24&c=entry&m=ewei_shopv2&do=mobile',
    'menuid' => '427383506',
    'from' => 'opLdn50Vhk44ipWhiaVkocvY5r4E',
    'to' => 'gh_17086d36008c',
    'time' => '1597285132',
    'type' => 'text',
    'content' => 'http://www.boyufengmao.com/app/index.php?i=24&c=entry&m=ewei_shopv2&do=mobile',
    'redirection' => true,
    'source' => 'VIEW',
  ),
)

2020-08-13 10:18:52 response :
------------

2020-08-13 10:22:37 trace :
------------
String:
<xml><ToUserName><![CDATA[gh_17086d36008c]]></ToUserName>
<FromUserName><![CDATA[opLdn50Vhk44ipWhiaVkocvY5r4E]]></FromUserName>
<CreateTime>1597285357</CreateTime>
<MsgType><![CDATA[event]]></MsgType>
<Event><![CDATA[VIEW]]></Event>
<EventKey><![CDATA[http://www.boyufengmao.com/app/index.php?i=24&c=entry&m=ewei_shopv2&do=mobile]]></EventKey>
<MenuId>427383506</MenuId>
</xml>

2020-08-13 10:22:37 params :
------------
String:
array (
  'rule' => -2,
  'module' => '',
  'message' => 
  array (
    'tousername' => 'gh_17086d36008c',
    'fromusername' => 'opLdn50Vhk44ipWhiaVkocvY5r4E',
    'createtime' => '1597285357',
    'msgtype' => 'event',
    'event' => 'VIEW',
    'eventkey' => 'http://www.boyufengmao.com/app/index.php?i=24&c=entry&m=ewei_shopv2&do=mobile',
    'menuid' => '427383506',
    'from' => 'opLdn50Vhk44ipWhiaVkocvY5r4E',
    'to' => 'gh_17086d36008c',
    'time' => '1597285357',
    'type' => 'text',
    'content' => 'http://www.boyufengmao.com/app/index.php?i=24&c=entry&m=ewei_shopv2&do=mobile',
    'redirection' => true,
    'source' => 'VIEW',
  ),
)

2020-08-13 10:22:37 response :
------------

2020-08-13 10:23:30 trace :
------------
String:
<xml><ToUserName><![CDATA[gh_17086d36008c]]></ToUserName>
<FromUserName><![CDATA[opLdn50Vhk44ipWhiaVkocvY5r4E]]></FromUserName>
<CreateTime>1597285409</CreateTime>
<MsgType><![CDATA[event]]></MsgType>
<Event><![CDATA[VIEW]]></Event>
<EventKey><![CDATA[http://www.boyufengmao.com/app/index.php?i=24&c=entry&m=ewei_shopv2&do=mobile]]></EventKey>
<MenuId>427383506</MenuId>
</xml>

2020-08-13 10:23:30 params :
------------
String:
array (
  'rule' => -2,
  'module' => '',
  'message' => 
  array (
    'tousername' => 'gh_17086d36008c',
    'fromusername' => 'opLdn50Vhk44ipWhiaVkocvY5r4E',
    'createtime' => '1597285409',
    'msgtype' => 'event',
    'event' => 'VIEW',
    'eventkey' => 'http://www.boyufengmao.com/app/index.php?i=24&c=entry&m=ewei_shopv2&do=mobile',
    'menuid' => '427383506',
    'from' => 'opLdn50Vhk44ipWhiaVkocvY5r4E',
    'to' => 'gh_17086d36008c',
    'time' => '1597285409',
    'type' => 'text',
    'content' => 'http://www.boyufengmao.com/app/index.php?i=24&c=entry&m=ewei_shopv2&do=mobile',
    'redirection' => true,
    'source' => 'VIEW',
  ),
)

2020-08-13 10:23:30 response :
------------

2020-08-13 11:11:22 trace :
------------
String:
<xml><ToUserName><![CDATA[gh_be85a89af525]]></ToUserName>
<FromUserName><![CDATA[oLBiNwCLrPuHERqUGuWkVUCJswcY]]></FromUserName>
<CreateTime>1597288281</CreateTime>
<MsgType><![CDATA[event]]></MsgType>
<Event><![CDATA[subscribe]]></Event>
<EventKey><![CDATA[]]></EventKey>
</xml>

2020-08-13 11:11:22 params :
------------
String:
array (
  'rule' => -2,
  'module' => '',
  'message' => 
  array (
    'tousername' => 'gh_be85a89af525',
    'fromusername' => 'oLBiNwCLrPuHERqUGuWkVUCJswcY',
    'createtime' => '1597288281',
    'msgtype' => 'event',
    'event' => 'subscribe',
    'eventkey' => '',
    'from' => 'oLBiNwCLrPuHERqUGuWkVUCJswcY',
    'to' => 'gh_be85a89af525',
    'time' => '1597288281',
    'type' => 'text',
    'redirection' => true,
    'source' => 'subscribe',
  ),
)

2020-08-13 11:11:22 response :
------------

2020-08-13 11:26:44 trace :
------------
String:
<xml><ToUserName><![CDATA[gh_f84627c82e27]]></ToUserName>
<FromUserName><![CDATA[oLL3KwRIizHyt_dwZmC5EzWUYblM]]></FromUserName>
<CreateTime>1597289203</CreateTime>
<MsgType><![CDATA[event]]></MsgType>
<Event><![CDATA[subscribe]]></Event>
<EventKey><![CDATA[]]></EventKey>
</xml>

2020-08-13 11:26:44 params :
------------
String:
array (
  'message' => 
  array (
    'tousername' => 'gh_f84627c82e27',
    'fromusername' => 'oLL3KwRIizHyt_dwZmC5EzWUYblM',
    'createtime' => '1597289203',
    'msgtype' => 'event',
    'event' => 'subscribe',
    'eventkey' => '',
    'from' => 'oLL3KwRIizHyt_dwZmC5EzWUYblM',
    'to' => 'gh_f84627c82e27',
    'time' => '1597289203',
    'type' => 'text',
    'redirection' => true,
    'source' => 'subscribe',
    'content' => '关注',
  ),
  'module' => 'reply',
  'rule' => '304',
  'priority' => '0',
  'keyword' => 
  array (
    'id' => '329',
    'rid' => '304',
    'uniacid' => '20',
    'module' => 'reply',
    'content' => '关注',
    'type' => '1',
    'displayorder' => '0',
    'status' => '1',
    'reply_type' => 
    array (
      0 => 'basic',
    ),
  ),
  'reply_type' => 
  array (
    0 => 'basic',
  ),
)

2020-08-13 11:26:44 response :
------------
Array:
FromUserName : gh_f84627c82e27 ;
ToUserName : oLL3KwRIizHyt_dwZmC5EzWUYblM ;
MsgType : text ;
Content :        关注公众号送饮料一瓶
    关注并转发朋友圈再送一瓶
           雪花勇闯买二送一
         充值满1000元永享9折
        充值满2000元永享8折

 ;

2020-08-13 11:26:48 trace :
------------
String:
<xml><ToUserName><![CDATA[gh_f84627c82e27]]></ToUserName>
<FromUserName><![CDATA[oLL3KwRIizHyt_dwZmC5EzWUYblM]]></FromUserName>
<CreateTime>1597289208</CreateTime>
<MsgType><![CDATA[event]]></MsgType>
<Event><![CDATA[TEMPLATESENDJOBFINISH]]></Event>
<MsgID>1471310456316329987</MsgID>
<Status><![CDATA[success]]></Status>
</xml>

2020-08-13 11:26:48 params :
------------
String:
array (
  'rule' => -2,
  'module' => '',
  'message' => 
  array (
    'tousername' => 'gh_f84627c82e27',
    'fromusername' => 'oLL3KwRIizHyt_dwZmC5EzWUYblM',
    'createtime' => '1597289208',
    'msgtype' => 'event',
    'event' => 'TEMPLATESENDJOBFINISH',
    'msgid' => '1471310456316329987',
    'status' => 'success',
    'from' => 'oLL3KwRIizHyt_dwZmC5EzWUYblM',
    'to' => 'gh_f84627c82e27',
    'time' => '1597289208',
    'type' => 'event',
  ),
)

2020-08-13 11:26:48 response :
------------

2020-08-13 11:52:25 trace :
------------
String:
<xml><ToUserName><![CDATA[gh_17086d36008c]]></ToUserName>
<FromUserName><![CDATA[opLdn50Vhk44ipWhiaVkocvY5r4E]]></FromUserName>
<CreateTime>1597290744</CreateTime>
<MsgType><![CDATA[event]]></MsgType>
<Event><![CDATA[VIEW]]></Event>
<EventKey><![CDATA[http://www.boyufengmao.com/app/index.php?i=24&c=entry&m=ewei_shopv2&do=mobile]]></EventKey>
<MenuId>427383506</MenuId>
</xml>

2020-08-13 11:52:25 params :
------------
String:
array (
  'rule' => -2,
  'module' => '',
  'message' => 
  array (
    'tousername' => 'gh_17086d36008c',
    'fromusername' => 'opLdn50Vhk44ipWhiaVkocvY5r4E',
    'createtime' => '1597290744',
    'msgtype' => 'event',
    'event' => 'VIEW',
    'eventkey' => 'http://www.boyufengmao.com/app/index.php?i=24&c=entry&m=ewei_shopv2&do=mobile',
    'menuid' => '427383506',
    'from' => 'opLdn50Vhk44ipWhiaVkocvY5r4E',
    'to' => 'gh_17086d36008c',
    'time' => '1597290744',
    'type' => 'text',
    'content' => 'http://www.boyufengmao.com/app/index.php?i=24&c=entry&m=ewei_shopv2&do=mobile',
    'redirection' => true,
    'source' => 'VIEW',
  ),
)

2020-08-13 11:52:25 response :
------------

2020-08-13 11:56:30 trace :
------------
String:
<xml><ToUserName><![CDATA[gh_17086d36008c]]></ToUserName>
<FromUserName><![CDATA[opLdn50Vhk44ipWhiaVkocvY5r4E]]></FromUserName>
<CreateTime>1597290989</CreateTime>
<MsgType><![CDATA[event]]></MsgType>
<Event><![CDATA[VIEW]]></Event>
<EventKey><![CDATA[http://www.boyufengmao.com/app/index.php?i=24&c=entry&m=ewei_shopv2&do=mobile]]></EventKey>
<MenuId>427383506</MenuId>
</xml>

2020-08-13 11:56:30 params :
------------
String:
array (
  'rule' => -2,
  'module' => '',
  'message' => 
  array (
    'tousername' => 'gh_17086d36008c',
    'fromusername' => 'opLdn50Vhk44ipWhiaVkocvY5r4E',
    'createtime' => '1597290989',
    'msgtype' => 'event',
    'event' => 'VIEW',
    'eventkey' => 'http://www.boyufengmao.com/app/index.php?i=24&c=entry&m=ewei_shopv2&do=mobile',
    'menuid' => '427383506',
    'from' => 'opLdn50Vhk44ipWhiaVkocvY5r4E',
    'to' => 'gh_17086d36008c',
    'time' => '1597290989',
    'type' => 'text',
    'content' => 'http://www.boyufengmao.com/app/index.php?i=24&c=entry&m=ewei_shopv2&do=mobile',
    'redirection' => true,
    'source' => 'VIEW',
  ),
)

2020-08-13 11:56:30 response :
------------

2020-08-13 12:05:52 trace :
------------
String:
<xml><ToUserName><![CDATA[gh_17086d36008c]]></ToUserName>
<FromUserName><![CDATA[opLdn50Vhk44ipWhiaVkocvY5r4E]]></FromUserName>
<CreateTime>1597291551</CreateTime>
<MsgType><![CDATA[event]]></MsgType>
<Event><![CDATA[VIEW]]></Event>
<EventKey><![CDATA[http://www.boyufengmao.com/app/index.php?i=24&c=entry&m=ewei_shopv2&do=mobile]]></EventKey>
<MenuId>427383506</MenuId>
</xml>

2020-08-13 12:05:52 params :
------------
String:
array (
  'rule' => -2,
  'module' => '',
  'message' => 
  array (
    'tousername' => 'gh_17086d36008c',
    'fromusername' => 'opLdn50Vhk44ipWhiaVkocvY5r4E',
    'createtime' => '1597291551',
    'msgtype' => 'event',
    'event' => 'VIEW',
    'eventkey' => 'http://www.boyufengmao.com/app/index.php?i=24&c=entry&m=ewei_shopv2&do=mobile',
    'menuid' => '427383506',
    'from' => 'opLdn50Vhk44ipWhiaVkocvY5r4E',
    'to' => 'gh_17086d36008c',
    'time' => '1597291551',
    'type' => 'text',
    'content' => 'http://www.boyufengmao.com/app/index.php?i=24&c=entry&m=ewei_shopv2&do=mobile',
    'redirection' => true,
    'source' => 'VIEW',
  ),
)

2020-08-13 12:05:52 response :
------------

2020-08-13 12:06:52 trace :
------------
String:
<xml><ToUserName><![CDATA[gh_17086d36008c]]></ToUserName>
<FromUserName><![CDATA[opLdn50Vhk44ipWhiaVkocvY5r4E]]></FromUserName>
<CreateTime>1597291612</CreateTime>
<MsgType><![CDATA[event]]></MsgType>
<Event><![CDATA[VIEW]]></Event>
<EventKey><![CDATA[http://www.boyufengmao.com/app/index.php?i=24&c=entry&m=ewei_shopv2&do=mobile]]></EventKey>
<MenuId>427383506</MenuId>
</xml>

2020-08-13 12:06:52 params :
------------
String:
array (
  'rule' => -2,
  'module' => '',
  'message' => 
  array (
    'tousername' => 'gh_17086d36008c',
    'fromusername' => 'opLdn50Vhk44ipWhiaVkocvY5r4E',
    'createtime' => '1597291612',
    'msgtype' => 'event',
    'event' => 'VIEW',
    'eventkey' => 'http://www.boyufengmao.com/app/index.php?i=24&c=entry&m=ewei_shopv2&do=mobile',
    'menuid' => '427383506',
    'from' => 'opLdn50Vhk44ipWhiaVkocvY5r4E',
    'to' => 'gh_17086d36008c',
    'time' => '1597291612',
    'type' => 'text',
    'content' => 'http://www.boyufengmao.com/app/index.php?i=24&c=entry&m=ewei_shopv2&do=mobile',
    'redirection' => true,
    'source' => 'VIEW',
  ),
)

2020-08-13 12:06:52 response :
------------

2020-08-13 12:30:59 trace :
------------
String:
<xml><ToUserName><![CDATA[gh_f9b894563ef4]]></ToUserName>
<FromUserName><![CDATA[o5V8y1UD0RgxqIb--ME9BOBVo6iA]]></FromUserName>
<CreateTime>1597293059</CreateTime>
<MsgType><![CDATA[event]]></MsgType>
<Event><![CDATA[subscribe]]></Event>
<EventKey><![CDATA[]]></EventKey>
</xml>

2020-08-13 12:30:59 params :
------------
String:
array (
  'rule' => -2,
  'module' => '',
  'message' => 
  array (
    'tousername' => 'gh_f9b894563ef4',
    'fromusername' => 'o5V8y1UD0RgxqIb--ME9BOBVo6iA',
    'createtime' => '1597293059',
    'msgtype' => 'event',
    'event' => 'subscribe',
    'eventkey' => '',
    'from' => 'o5V8y1UD0RgxqIb--ME9BOBVo6iA',
    'to' => 'gh_f9b894563ef4',
    'time' => '1597293059',
    'type' => 'text',
    'redirection' => true,
    'source' => 'subscribe',
  ),
)

2020-08-13 12:30:59 response :
------------

2020-08-13 12:31:01 trace :
------------
String:
<xml><ToUserName><![CDATA[gh_f9b894563ef4]]></ToUserName>
<FromUserName><![CDATA[o5V8y1UD0RgxqIb--ME9BOBVo6iA]]></FromUserName>
<CreateTime>1597293061</CreateTime>
<MsgType><![CDATA[event]]></MsgType>
<Event><![CDATA[VIEW]]></Event>
<EventKey><![CDATA[http://www.boyufengmao.com/app/index.php?i=6&c=entry&m=ewei_shopv2&do=mobile&r=diypage&id=35]]></EventKey>
<MenuId>445261982</MenuId>
</xml>

2020-08-13 12:31:01 params :
------------
String:
array (
  'rule' => -2,
  'module' => '',
  'message' => 
  array (
    'tousername' => 'gh_f9b894563ef4',
    'fromusername' => 'o5V8y1UD0RgxqIb--ME9BOBVo6iA',
    'createtime' => '1597293061',
    'msgtype' => 'event',
    'event' => 'VIEW',
    'eventkey' => 'http://www.boyufengmao.com/app/index.php?i=6&c=entry&m=ewei_shopv2&do=mobile&r=diypage&id=35',
    'menuid' => '445261982',
    'from' => 'o5V8y1UD0RgxqIb--ME9BOBVo6iA',
    'to' => 'gh_f9b894563ef4',
    'time' => '1597293061',
    'type' => 'text',
    'content' => 'http://www.boyufengmao.com/app/index.php?i=6&c=entry&m=ewei_shopv2&do=mobile&r=diypage&id=35',
    'redirection' => true,
    'source' => 'VIEW',
  ),
)

2020-08-13 12:31:01 response :
------------

2020-08-13 12:31:15 trace :
------------
String:
<xml><ToUserName><![CDATA[gh_f9b894563ef4]]></ToUserName>
<FromUserName><![CDATA[o5V8y1UD0RgxqIb--ME9BOBVo6iA]]></FromUserName>
<CreateTime>1597293075</CreateTime>
<MsgType><![CDATA[text]]></MsgType>
<Content><![CDATA[18292067241]]></Content>
<MsgId>22867740324512483</MsgId>
</xml>

2020-08-13 12:31:15 params :
------------
String:
array (
  'rule' => -2,
  'module' => '',
  'message' => 
  array (
    'tousername' => 'gh_f9b894563ef4',
    'fromusername' => 'o5V8y1UD0RgxqIb--ME9BOBVo6iA',
    'createtime' => '1597293075',
    'msgtype' => 'text',
    'content' => '18292067241',
    'msgid' => '22867740324512483',
    'from' => 'o5V8y1UD0RgxqIb--ME9BOBVo6iA',
    'to' => 'gh_f9b894563ef4',
    'time' => '1597293075',
    'type' => 'text',
    'event' => NULL,
    'redirection' => false,
    'source' => NULL,
  ),
)

2020-08-13 12:31:15 response :
------------

2020-08-13 12:31:33 trace :
------------
String:
<xml><ToUserName><![CDATA[gh_f9b894563ef4]]></ToUserName>
<FromUserName><![CDATA[o5V8y1UD0RgxqIb--ME9BOBVo6iA]]></FromUserName>
<CreateTime>1597293092</CreateTime>
<MsgType><![CDATA[event]]></MsgType>
<Event><![CDATA[VIEW]]></Event>
<EventKey><![CDATA[http://www.boyufengmao.com/app/index.php?i=6&c=entry&m=ewei_shopv2&do=mobile]]></EventKey>
<MenuId>445261982</MenuId>
</xml>

2020-08-13 12:31:33 params :
------------
String:
array (
  'rule' => -2,
  'module' => '',
  'message' => 
  array (
    'tousername' => 'gh_f9b894563ef4',
    'fromusername' => 'o5V8y1UD0RgxqIb--ME9BOBVo6iA',
    'createtime' => '1597293092',
    'msgtype' => 'event',
    'event' => 'VIEW',
    'eventkey' => 'http://www.boyufengmao.com/app/index.php?i=6&c=entry&m=ewei_shopv2&do=mobile',
    'menuid' => '445261982',
    'from' => 'o5V8y1UD0RgxqIb--ME9BOBVo6iA',
    'to' => 'gh_f9b894563ef4',
    'time' => '1597293092',
    'type' => 'text',
    'content' => 'http://www.boyufengmao.com/app/index.php?i=6&c=entry&m=ewei_shopv2&do=mobile',
    'redirection' => true,
    'source' => 'VIEW',
  ),
)

2020-08-13 12:31:33 response :
------------

2020-08-13 12:31:36 trace :
------------
String:
<xml><ToUserName><![CDATA[gh_f9b894563ef4]]></ToUserName>
<FromUserName><![CDATA[o5V8y1UD0RgxqIb--ME9BOBVo6iA]]></FromUserName>
<CreateTime>1597293096</CreateTime>
<MsgType><![CDATA[event]]></MsgType>
<Event><![CDATA[VIEW]]></Event>
<EventKey><![CDATA[http://www.boyufengmao.com/app/index.php?i=6&c=entry&m=ewei_shopv2&do=mobile&r=diypage&id=35]]></EventKey>
<MenuId>445261982</MenuId>
</xml>

2020-08-13 12:31:36 params :
------------
String:
array (
  'rule' => -2,
  'module' => '',
  'message' => 
  array (
    'tousername' => 'gh_f9b894563ef4',
    'fromusername' => 'o5V8y1UD0RgxqIb--ME9BOBVo6iA',
    'createtime' => '1597293096',
    'msgtype' => 'event',
    'event' => 'VIEW',
    'eventkey' => 'http://www.boyufengmao.com/app/index.php?i=6&c=entry&m=ewei_shopv2&do=mobile&r=diypage&id=35',
    'menuid' => '445261982',
    'from' => 'o5V8y1UD0RgxqIb--ME9BOBVo6iA',
    'to' => 'gh_f9b894563ef4',
    'time' => '1597293096',
    'type' => 'text',
    'content' => 'http://www.boyufengmao.com/app/index.php?i=6&c=entry&m=ewei_shopv2&do=mobile&r=diypage&id=35',
    'redirection' => true,
    'source' => 'VIEW',
  ),
)

2020-08-13 12:31:36 response :
------------

2020-08-13 12:35:25 trace :
------------
String:
<xml><ToUserName><![CDATA[gh_62bcc2f9639d]]></ToUserName>
<FromUserName><![CDATA[opjhUwJV_pNL4kFI9yJYtU1-SEO4]]></FromUserName>
<CreateTime>1597293324</CreateTime>
<MsgType><![CDATA[event]]></MsgType>
<Event><![CDATA[unsubscribe]]></Event>
<EventKey><![CDATA[]]></EventKey>
</xml>

2020-08-13 13:32:59 trace :
------------
String:
<xml><ToUserName><![CDATA[gh_f9b894563ef4]]></ToUserName>
<FromUserName><![CDATA[o5V8y1SbXfYOOP6tU3zqBinUagUk]]></FromUserName>
<CreateTime>1597296779</CreateTime>
<MsgType><![CDATA[event]]></MsgType>
<Event><![CDATA[subscribe]]></Event>
<EventKey><![CDATA[]]></EventKey>
</xml>

2020-08-13 13:32:59 params :
------------
String:
array (
  'rule' => -2,
  'module' => '',
  'message' => 
  array (
    'tousername' => 'gh_f9b894563ef4',
    'fromusername' => 'o5V8y1SbXfYOOP6tU3zqBinUagUk',
    'createtime' => '1597296779',
    'msgtype' => 'event',
    'event' => 'subscribe',
    'eventkey' => '',
    'from' => 'o5V8y1SbXfYOOP6tU3zqBinUagUk',
    'to' => 'gh_f9b894563ef4',
    'time' => '1597296779',
    'type' => 'text',
    'redirection' => true,
    'source' => 'subscribe',
  ),
)

2020-08-13 13:32:59 response :
------------

2020-08-13 13:33:03 trace :
------------
String:
<xml><ToUserName><![CDATA[gh_f9b894563ef4]]></ToUserName>
<FromUserName><![CDATA[o5V8y1SbXfYOOP6tU3zqBinUagUk]]></FromUserName>
<CreateTime>1597296783</CreateTime>
<MsgType><![CDATA[event]]></MsgType>
<Event><![CDATA[VIEW]]></Event>
<EventKey><![CDATA[http://www.boyufengmao.com/app/index.php?i=6&c=entry&m=ewei_shopv2&do=mobile&r=diypage&id=35]]></EventKey>
<MenuId>445261982</MenuId>
</xml>

2020-08-13 13:33:03 params :
------------
String:
array (
  'rule' => -2,
  'module' => '',
  'message' => 
  array (
    'tousername' => 'gh_f9b894563ef4',
    'fromusername' => 'o5V8y1SbXfYOOP6tU3zqBinUagUk',
    'createtime' => '1597296783',
    'msgtype' => 'event',
    'event' => 'VIEW',
    'eventkey' => 'http://www.boyufengmao.com/app/index.php?i=6&c=entry&m=ewei_shopv2&do=mobile&r=diypage&id=35',
    'menuid' => '445261982',
    'from' => 'o5V8y1SbXfYOOP6tU3zqBinUagUk',
    'to' => 'gh_f9b894563ef4',
    'time' => '1597296783',
    'type' => 'text',
    'content' => 'http://www.boyufengmao.com/app/index.php?i=6&c=entry&m=ewei_shopv2&do=mobile&r=diypage&id=35',
    'redirection' => true,
    'source' => 'VIEW',
  ),
)

2020-08-13 13:33:03 response :
------------

2020-08-13 13:37:42 trace :
------------
String:
<xml><ToUserName><![CDATA[gh_f9b894563ef4]]></ToUserName>
<FromUserName><![CDATA[o5V8y1Y3D-fAMfF1cR5NrkVyilPE]]></FromUserName>
<CreateTime>1597297062</CreateTime>
<MsgType><![CDATA[event]]></MsgType>
<Event><![CDATA[subscribe]]></Event>
<EventKey><![CDATA[]]></EventKey>
</xml>

2020-08-13 13:37:42 params :
------------
String:
array (
  'rule' => -2,
  'module' => '',
  'message' => 
  array (
    'tousername' => 'gh_f9b894563ef4',
    'fromusername' => 'o5V8y1Y3D-fAMfF1cR5NrkVyilPE',
    'createtime' => '1597297062',
    'msgtype' => 'event',
    'event' => 'subscribe',
    'eventkey' => '',
    'from' => 'o5V8y1Y3D-fAMfF1cR5NrkVyilPE',
    'to' => 'gh_f9b894563ef4',
    'time' => '1597297062',
    'type' => 'text',
    'redirection' => true,
    'source' => 'subscribe',
  ),
)

2020-08-13 13:37:42 response :
------------

2020-08-13 13:37:46 trace :
------------
String:
<xml><ToUserName><![CDATA[gh_f9b894563ef4]]></ToUserName>
<FromUserName><![CDATA[o5V8y1Y3D-fAMfF1cR5NrkVyilPE]]></FromUserName>
<CreateTime>1597297066</CreateTime>
<MsgType><![CDATA[event]]></MsgType>
<Event><![CDATA[VIEW]]></Event>
<EventKey><![CDATA[http://www.boyufengmao.com/app/index.php?i=6&c=entry&m=ewei_shopv2&do=mobile&r=diypage&id=35]]></EventKey>
<MenuId>445261982</MenuId>
</xml>

2020-08-13 13:37:46 params :
------------
String:
array (
  'rule' => -2,
  'module' => '',
  'message' => 
  array (
    'tousername' => 'gh_f9b894563ef4',
    'fromusername' => 'o5V8y1Y3D-fAMfF1cR5NrkVyilPE',
    'createtime' => '1597297066',
    'msgtype' => 'event',
    'event' => 'VIEW',
    'eventkey' => 'http://www.boyufengmao.com/app/index.php?i=6&c=entry&m=ewei_shopv2&do=mobile&r=diypage&id=35',
    'menuid' => '445261982',
    'from' => 'o5V8y1Y3D-fAMfF1cR5NrkVyilPE',
    'to' => 'gh_f9b894563ef4',
    'time' => '1597297066',
    'type' => 'text',
    'content' => 'http://www.boyufengmao.com/app/index.php?i=6&c=entry&m=ewei_shopv2&do=mobile&r=diypage&id=35',
    'redirection' => true,
    'source' => 'VIEW',
  ),
)

2020-08-13 13:37:46 response :
------------

2020-08-13 13:37:47 trace :
------------
String:
<xml><ToUserName><![CDATA[gh_f9b894563ef4]]></ToUserName>
<FromUserName><![CDATA[o5V8y1Y3D-fAMfF1cR5NrkVyilPE]]></FromUserName>
<CreateTime>1597297067</CreateTime>
<MsgType><![CDATA[event]]></MsgType>
<Event><![CDATA[VIEW]]></Event>
<EventKey><![CDATA[http://www.boyufengmao.com/app/index.php?i=6&c=entry&m=ewei_shopv2&do=mobile&r=diypage&id=35]]></EventKey>
<MenuId>445261982</MenuId>
</xml>

2020-08-13 13:37:47 params :
------------
String:
array (
  'rule' => -2,
  'module' => '',
  'message' => 
  array (
    'tousername' => 'gh_f9b894563ef4',
    'fromusername' => 'o5V8y1Y3D-fAMfF1cR5NrkVyilPE',
    'createtime' => '1597297067',
    'msgtype' => 'event',
    'event' => 'VIEW',
    'eventkey' => 'http://www.boyufengmao.com/app/index.php?i=6&c=entry&m=ewei_shopv2&do=mobile&r=diypage&id=35',
    'menuid' => '445261982',
    'from' => 'o5V8y1Y3D-fAMfF1cR5NrkVyilPE',
    'to' => 'gh_f9b894563ef4',
    'time' => '1597297067',
    'type' => 'text',
    'content' => 'http://www.boyufengmao.com/app/index.php?i=6&c=entry&m=ewei_shopv2&do=mobile&r=diypage&id=35',
    'redirection' => true,
    'source' => 'VIEW',
  ),
)

2020-08-13 13:37:47 response :
------------

2020-08-13 13:41:03 trace :
------------
String:
<xml><ToUserName><![CDATA[gh_be85a89af525]]></ToUserName>
<FromUserName><![CDATA[oLBiNwAOgenTGzxxrP0Z69xBIHyE]]></FromUserName>
<CreateTime>1597297262</CreateTime>
<MsgType><![CDATA[event]]></MsgType>
<Event><![CDATA[VIEW]]></Event>
<EventKey><![CDATA[http://www.boyufengmao.com/app/index.php?i=23&c=entry&m=ewei_shopv2&do=mobile]]></EventKey>
<MenuId>445414319</MenuId>
</xml>

2020-08-13 13:41:03 params :
------------
String:
array (
  'rule' => -2,
  'module' => '',
  'message' => 
  array (
    'tousername' => 'gh_be85a89af525',
    'fromusername' => 'oLBiNwAOgenTGzxxrP0Z69xBIHyE',
    'createtime' => '1597297262',
    'msgtype' => 'event',
    'event' => 'VIEW',
    'eventkey' => 'http://www.boyufengmao.com/app/index.php?i=23&c=entry&m=ewei_shopv2&do=mobile',
    'menuid' => '445414319',
    'from' => 'oLBiNwAOgenTGzxxrP0Z69xBIHyE',
    'to' => 'gh_be85a89af525',
    'time' => '1597297262',
    'type' => 'text',
    'content' => 'http://www.boyufengmao.com/app/index.php?i=23&c=entry&m=ewei_shopv2&do=mobile',
    'redirection' => true,
    'source' => 'VIEW',
  ),
)

2020-08-13 13:41:03 response :
------------

2020-08-13 13:50:27 trace :
------------
String:
<xml><ToUserName><![CDATA[gh_f9b894563ef4]]></ToUserName>
<FromUserName><![CDATA[o5V8y1fvty5XRHPurshzetF16ngM]]></FromUserName>
<CreateTime>1597297827</CreateTime>
<MsgType><![CDATA[event]]></MsgType>
<Event><![CDATA[VIEW]]></Event>
<EventKey><![CDATA[http://www.boyufengmao.com/app/index.php?i=6&c=entry&m=ewei_shopv2&do=mobile]]></EventKey>
<MenuId>445261982</MenuId>
</xml>

2020-08-13 13:50:27 params :
------------
String:
array (
  'rule' => -2,
  'module' => '',
  'message' => 
  array (
    'tousername' => 'gh_f9b894563ef4',
    'fromusername' => 'o5V8y1fvty5XRHPurshzetF16ngM',
    'createtime' => '1597297827',
    'msgtype' => 'event',
    'event' => 'VIEW',
    'eventkey' => 'http://www.boyufengmao.com/app/index.php?i=6&c=entry&m=ewei_shopv2&do=mobile',
    'menuid' => '445261982',
    'from' => 'o5V8y1fvty5XRHPurshzetF16ngM',
    'to' => 'gh_f9b894563ef4',
    'time' => '1597297827',
    'type' => 'text',
    'content' => 'http://www.boyufengmao.com/app/index.php?i=6&c=entry&m=ewei_shopv2&do=mobile',
    'redirection' => true,
    'source' => 'VIEW',
  ),
)

2020-08-13 13:50:27 response :
------------

2020-08-13 14:52:13 trace :
------------
String:
<xml><ToUserName><![CDATA[gh_f9b894563ef4]]></ToUserName>
<FromUserName><![CDATA[o5V8y1SuZLaWdMSsYKJT6Vubj6Ms]]></FromUserName>
<CreateTime>1597301533</CreateTime>
<MsgType><![CDATA[event]]></MsgType>
<Event><![CDATA[subscribe]]></Event>
<EventKey><![CDATA[]]></EventKey>
</xml>

2020-08-13 14:52:13 params :
------------
String:
array (
  'rule' => -2,
  'module' => '',
  'message' => 
  array (
    'tousername' => 'gh_f9b894563ef4',
    'fromusername' => 'o5V8y1SuZLaWdMSsYKJT6Vubj6Ms',
    'createtime' => '1597301533',
    'msgtype' => 'event',
    'event' => 'subscribe',
    'eventkey' => '',
    'from' => 'o5V8y1SuZLaWdMSsYKJT6Vubj6Ms',
    'to' => 'gh_f9b894563ef4',
    'time' => '1597301533',
    'type' => 'text',
    'redirection' => true,
    'source' => 'subscribe',
  ),
)

2020-08-13 14:52:13 response :
------------

2020-08-13 14:52:15 trace :
------------
String:
<xml><ToUserName><![CDATA[gh_f9b894563ef4]]></ToUserName>
<FromUserName><![CDATA[o5V8y1SuZLaWdMSsYKJT6Vubj6Ms]]></FromUserName>
<CreateTime>1597301535</CreateTime>
<MsgType><![CDATA[event]]></MsgType>
<Event><![CDATA[VIEW]]></Event>
<EventKey><![CDATA[http://www.boyufengmao.com/app/index.php?i=6&c=entry&m=ewei_shopv2&do=mobile&r=diypage&id=35]]></EventKey>
<MenuId>445261982</MenuId>
</xml>

2020-08-13 14:52:15 params :
------------
String:
array (
  'rule' => -2,
  'module' => '',
  'message' => 
  array (
    'tousername' => 'gh_f9b894563ef4',
    'fromusername' => 'o5V8y1SuZLaWdMSsYKJT6Vubj6Ms',
    'createtime' => '1597301535',
    'msgtype' => 'event',
    'event' => 'VIEW',
    'eventkey' => 'http://www.boyufengmao.com/app/index.php?i=6&c=entry&m=ewei_shopv2&do=mobile&r=diypage&id=35',
    'menuid' => '445261982',
    'from' => 'o5V8y1SuZLaWdMSsYKJT6Vubj6Ms',
    'to' => 'gh_f9b894563ef4',
    'time' => '1597301535',
    'type' => 'text',
    'content' => 'http://www.boyufengmao.com/app/index.php?i=6&c=entry&m=ewei_shopv2&do=mobile&r=diypage&id=35',
    'redirection' => true,
    'source' => 'VIEW',
  ),
)

2020-08-13 14:52:15 response :
------------

2020-08-13 14:52:30 trace :
------------
String:
<xml><ToUserName><![CDATA[gh_f9b894563ef4]]></ToUserName>
<FromUserName><![CDATA[o5V8y1SuZLaWdMSsYKJT6Vubj6Ms]]></FromUserName>
<CreateTime>1597301550</CreateTime>
<MsgType><![CDATA[event]]></MsgType>
<Event><![CDATA[VIEW]]></Event>
<EventKey><![CDATA[http://www.boyufengmao.com/app/index.php?i=6&c=entry&m=ewei_shopv2&do=mobile]]></EventKey>
<MenuId>445261982</MenuId>
</xml>

2020-08-13 14:52:30 params :
------------
String:
array (
  'rule' => -2,
  'module' => '',
  'message' => 
  array (
    'tousername' => 'gh_f9b894563ef4',
    'fromusername' => 'o5V8y1SuZLaWdMSsYKJT6Vubj6Ms',
    'createtime' => '1597301550',
    'msgtype' => 'event',
    'event' => 'VIEW',
    'eventkey' => 'http://www.boyufengmao.com/app/index.php?i=6&c=entry&m=ewei_shopv2&do=mobile',
    'menuid' => '445261982',
    'from' => 'o5V8y1SuZLaWdMSsYKJT6Vubj6Ms',
    'to' => 'gh_f9b894563ef4',
    'time' => '1597301550',
    'type' => 'text',
    'content' => 'http://www.boyufengmao.com/app/index.php?i=6&c=entry&m=ewei_shopv2&do=mobile',
    'redirection' => true,
    'source' => 'VIEW',
  ),
)

2020-08-13 14:52:30 response :
------------

2020-08-13 14:52:44 trace :
------------
String:
<xml><ToUserName><![CDATA[gh_f9b894563ef4]]></ToUserName>
<FromUserName><![CDATA[o5V8y1eIxMeaupQJW_VFwl29Kq5E]]></FromUserName>
<CreateTime>1597301564</CreateTime>
<MsgType><![CDATA[event]]></MsgType>
<Event><![CDATA[VIEW]]></Event>
<EventKey><![CDATA[http://www.boyufengmao.com/app/index.php?i=6&c=entry&m=ewei_shopv2&do=mobile&r=diypage&id=35]]></EventKey>
<MenuId>445261982</MenuId>
</xml>

2020-08-13 14:52:44 params :
------------
String:
array (
  'rule' => -2,
  'module' => '',
  'message' => 
  array (
    'tousername' => 'gh_f9b894563ef4',
    'fromusername' => 'o5V8y1eIxMeaupQJW_VFwl29Kq5E',
    'createtime' => '1597301564',
    'msgtype' => 'event',
    'event' => 'VIEW',
    'eventkey' => 'http://www.boyufengmao.com/app/index.php?i=6&c=entry&m=ewei_shopv2&do=mobile&r=diypage&id=35',
    'menuid' => '445261982',
    'from' => 'o5V8y1eIxMeaupQJW_VFwl29Kq5E',
    'to' => 'gh_f9b894563ef4',
    'time' => '1597301564',
    'type' => 'text',
    'content' => 'http://www.boyufengmao.com/app/index.php?i=6&c=entry&m=ewei_shopv2&do=mobile&r=diypage&id=35',
    'redirection' => true,
    'source' => 'VIEW',
  ),
)

2020-08-13 14:52:44 response :
------------

2020-08-13 14:52:47 trace :
------------
String:
<xml><ToUserName><![CDATA[gh_f9b894563ef4]]></ToUserName>
<FromUserName><![CDATA[o5V8y1SuZLaWdMSsYKJT6Vubj6Ms]]></FromUserName>
<CreateTime>1597301567</CreateTime>
<MsgType><![CDATA[event]]></MsgType>
<Event><![CDATA[VIEW]]></Event>
<EventKey><![CDATA[http://www.boyufengmao.com/app/index.php?i=6&c=entry&m=ewei_shopv2&do=mobile&r=diypage&id=35]]></EventKey>
<MenuId>445261982</MenuId>
</xml>

2020-08-13 14:52:47 params :
------------
String:
array (
  'rule' => -2,
  'module' => '',
  'message' => 
  array (
    'tousername' => 'gh_f9b894563ef4',
    'fromusername' => 'o5V8y1SuZLaWdMSsYKJT6Vubj6Ms',
    'createtime' => '1597301567',
    'msgtype' => 'event',
    'event' => 'VIEW',
    'eventkey' => 'http://www.boyufengmao.com/app/index.php?i=6&c=entry&m=ewei_shopv2&do=mobile&r=diypage&id=35',
    'menuid' => '445261982',
    'from' => 'o5V8y1SuZLaWdMSsYKJT6Vubj6Ms',
    'to' => 'gh_f9b894563ef4',
    'time' => '1597301567',
    'type' => 'text',
    'content' => 'http://www.boyufengmao.com/app/index.php?i=6&c=entry&m=ewei_shopv2&do=mobile&r=diypage&id=35',
    'redirection' => true,
    'source' => 'VIEW',
  ),
)

2020-08-13 14:52:47 response :
------------

2020-08-13 14:52:57 trace :
------------
String:
<xml><ToUserName><![CDATA[gh_f9b894563ef4]]></ToUserName>
<FromUserName><![CDATA[o5V8y1eIxMeaupQJW_VFwl29Kq5E]]></FromUserName>
<CreateTime>1597301577</CreateTime>
<MsgType><![CDATA[event]]></MsgType>
<Event><![CDATA[VIEW]]></Event>
<EventKey><![CDATA[http://www.boyufengmao.com/app/index.php?i=6&c=entry&m=ewei_shopv2&do=mobile&r=diypage&id=35]]></EventKey>
<MenuId>445261982</MenuId>
</xml>

2020-08-13 14:52:57 params :
------------
String:
array (
  'rule' => -2,
  'module' => '',
  'message' => 
  array (
    'tousername' => 'gh_f9b894563ef4',
    'fromusername' => 'o5V8y1eIxMeaupQJW_VFwl29Kq5E',
    'createtime' => '1597301577',
    'msgtype' => 'event',
    'event' => 'VIEW',
    'eventkey' => 'http://www.boyufengmao.com/app/index.php?i=6&c=entry&m=ewei_shopv2&do=mobile&r=diypage&id=35',
    'menuid' => '445261982',
    'from' => 'o5V8y1eIxMeaupQJW_VFwl29Kq5E',
    'to' => 'gh_f9b894563ef4',
    'time' => '1597301577',
    'type' => 'text',
    'content' => 'http://www.boyufengmao.com/app/index.php?i=6&c=entry&m=ewei_shopv2&do=mobile&r=diypage&id=35',
    'redirection' => true,
    'source' => 'VIEW',
  ),
)

2020-08-13 14:52:57 response :
------------

2020-08-13 15:30:26 trace :
------------
String:
<xml><ToUserName><![CDATA[gh_f9b894563ef4]]></ToUserName>
<FromUserName><![CDATA[o5V8y1SuZLaWdMSsYKJT6Vubj6Ms]]></FromUserName>
<CreateTime>1597303826</CreateTime>
<MsgType><![CDATA[event]]></MsgType>
<Event><![CDATA[VIEW]]></Event>
<EventKey><![CDATA[http://www.boyufengmao.com/app/index.php?i=6&c=entry&m=ewei_shopv2&do=mobile&r=diypage&id=35]]></EventKey>
<MenuId>445261982</MenuId>
</xml>

2020-08-13 15:30:26 params :
------------
String:
array (
  'rule' => -2,
  'module' => '',
  'message' => 
  array (
    'tousername' => 'gh_f9b894563ef4',
    'fromusername' => 'o5V8y1SuZLaWdMSsYKJT6Vubj6Ms',
    'createtime' => '1597303826',
    'msgtype' => 'event',
    'event' => 'VIEW',
    'eventkey' => 'http://www.boyufengmao.com/app/index.php?i=6&c=entry&m=ewei_shopv2&do=mobile&r=diypage&id=35',
    'menuid' => '445261982',
    'from' => 'o5V8y1SuZLaWdMSsYKJT6Vubj6Ms',
    'to' => 'gh_f9b894563ef4',
    'time' => '1597303826',
    'type' => 'text',
    'content' => 'http://www.boyufengmao.com/app/index.php?i=6&c=entry&m=ewei_shopv2&do=mobile&r=diypage&id=35',
    'redirection' => true,
    'source' => 'VIEW',
  ),
)

2020-08-13 15:30:26 response :
------------

2020-08-13 15:41:12 trace :
------------
String:
<xml><ToUserName><![CDATA[gh_17086d36008c]]></ToUserName>
<FromUserName><![CDATA[opLdn50Vhk44ipWhiaVkocvY5r4E]]></FromUserName>
<CreateTime>1597304472</CreateTime>
<MsgType><![CDATA[event]]></MsgType>
<Event><![CDATA[VIEW]]></Event>
<EventKey><![CDATA[http://www.boyufengmao.com/app/index.php?i=24&c=entry&m=ewei_shopv2&do=mobile]]></EventKey>
<MenuId>427383506</MenuId>
</xml>

2020-08-13 15:41:12 params :
------------
String:
array (
  'rule' => -2,
  'module' => '',
  'message' => 
  array (
    'tousername' => 'gh_17086d36008c',
    'fromusername' => 'opLdn50Vhk44ipWhiaVkocvY5r4E',
    'createtime' => '1597304472',
    'msgtype' => 'event',
    'event' => 'VIEW',
    'eventkey' => 'http://www.boyufengmao.com/app/index.php?i=24&c=entry&m=ewei_shopv2&do=mobile',
    'menuid' => '427383506',
    'from' => 'opLdn50Vhk44ipWhiaVkocvY5r4E',
    'to' => 'gh_17086d36008c',
    'time' => '1597304472',
    'type' => 'text',
    'content' => 'http://www.boyufengmao.com/app/index.php?i=24&c=entry&m=ewei_shopv2&do=mobile',
    'redirection' => true,
    'source' => 'VIEW',
  ),
)

2020-08-13 15:41:12 response :
------------

2020-08-13 15:41:57 trace :
------------
String:
<xml><ToUserName><![CDATA[gh_17086d36008c]]></ToUserName>
<FromUserName><![CDATA[opLdn50Vhk44ipWhiaVkocvY5r4E]]></FromUserName>
<CreateTime>1597304517</CreateTime>
<MsgType><![CDATA[event]]></MsgType>
<Event><![CDATA[VIEW]]></Event>
<EventKey><![CDATA[http://www.boyufengmao.com/app/index.php?i=24&c=entry&m=ewei_shopv2&do=mobile]]></EventKey>
<MenuId>427383506</MenuId>
</xml>

2020-08-13 15:41:57 params :
------------
String:
array (
  'rule' => -2,
  'module' => '',
  'message' => 
  array (
    'tousername' => 'gh_17086d36008c',
    'fromusername' => 'opLdn50Vhk44ipWhiaVkocvY5r4E',
    'createtime' => '1597304517',
    'msgtype' => 'event',
    'event' => 'VIEW',
    'eventkey' => 'http://www.boyufengmao.com/app/index.php?i=24&c=entry&m=ewei_shopv2&do=mobile',
    'menuid' => '427383506',
    'from' => 'opLdn50Vhk44ipWhiaVkocvY5r4E',
    'to' => 'gh_17086d36008c',
    'time' => '1597304517',
    'type' => 'text',
    'content' => 'http://www.boyufengmao.com/app/index.php?i=24&c=entry&m=ewei_shopv2&do=mobile',
    'redirection' => true,
    'source' => 'VIEW',
  ),
)

2020-08-13 15:41:57 response :
------------

2020-08-13 15:45:06 trace :
------------
String:
<xml><ToUserName><![CDATA[gh_be85a89af525]]></ToUserName>
<FromUserName><![CDATA[oLBiNwGCmMw1W_GxCHLMY-T9pvDU]]></FromUserName>
<CreateTime>1597304706</CreateTime>
<MsgType><![CDATA[event]]></MsgType>
<Event><![CDATA[VIEW]]></Event>
<EventKey><![CDATA[http://www.boyufengmao.com/app/index.php?i=23&c=entry&m=ewei_shopv2&do=mobile]]></EventKey>
<MenuId>445414319</MenuId>
</xml>

2020-08-13 15:45:06 params :
------------
String:
array (
  'rule' => -2,
  'module' => '',
  'message' => 
  array (
    'tousername' => 'gh_be85a89af525',
    'fromusername' => 'oLBiNwGCmMw1W_GxCHLMY-T9pvDU',
    'createtime' => '1597304706',
    'msgtype' => 'event',
    'event' => 'VIEW',
    'eventkey' => 'http://www.boyufengmao.com/app/index.php?i=23&c=entry&m=ewei_shopv2&do=mobile',
    'menuid' => '445414319',
    'from' => 'oLBiNwGCmMw1W_GxCHLMY-T9pvDU',
    'to' => 'gh_be85a89af525',
    'time' => '1597304706',
    'type' => 'text',
    'content' => 'http://www.boyufengmao.com/app/index.php?i=23&c=entry&m=ewei_shopv2&do=mobile',
    'redirection' => true,
    'source' => 'VIEW',
  ),
)

2020-08-13 15:45:06 response :
------------

2020-08-13 15:45:38 trace :
------------
String:
<xml><ToUserName><![CDATA[gh_f84627c82e27]]></ToUserName>
<FromUserName><![CDATA[oLL3KwVhyvZI1RnY5C1rHYORxols]]></FromUserName>
<CreateTime>1597304737</CreateTime>
<MsgType><![CDATA[event]]></MsgType>
<Event><![CDATA[VIEW]]></Event>
<EventKey><![CDATA[http://www.boyufengmao.com/app/index.php?i=20&c=entry&eid=1]]></EventKey>
<MenuId>465330721</MenuId>
</xml>

2020-08-13 15:45:38 params :
------------
String:
array (
  'rule' => -2,
  'module' => '',
  'message' => 
  array (
    'tousername' => 'gh_f84627c82e27',
    'fromusername' => 'oLL3KwVhyvZI1RnY5C1rHYORxols',
    'createtime' => '1597304737',
    'msgtype' => 'event',
    'event' => 'VIEW',
    'eventkey' => 'http://www.boyufengmao.com/app/index.php?i=20&c=entry&eid=1',
    'menuid' => '465330721',
    'from' => 'oLL3KwVhyvZI1RnY5C1rHYORxols',
    'to' => 'gh_f84627c82e27',
    'time' => '1597304737',
    'type' => 'text',
    'content' => 'http://www.boyufengmao.com/app/index.php?i=20&c=entry&eid=1',
    'redirection' => true,
    'source' => 'VIEW',
  ),
)

2020-08-13 15:45:38 response :
------------

2020-08-13 17:46:52 trace :
------------
String:
<xml><ToUserName><![CDATA[gh_f9b894563ef4]]></ToUserName>
<FromUserName><![CDATA[o5V8y1Yg26CIGtOtt7831amXejss]]></FromUserName>
<CreateTime>1597312012</CreateTime>
<MsgType><![CDATA[event]]></MsgType>
<Event><![CDATA[unsubscribe]]></Event>
<EventKey><![CDATA[]]></EventKey>
</xml>

2020-08-13 18:53:33 trace :
------------
String:
<xml><ToUserName><![CDATA[gh_f9b894563ef4]]></ToUserName>
<FromUserName><![CDATA[o5V8y1ezTvpmA3UlT9ZAgwSYoDhs]]></FromUserName>
<CreateTime>1597316013</CreateTime>
<MsgType><![CDATA[event]]></MsgType>
<Event><![CDATA[subscribe]]></Event>
<EventKey><![CDATA[]]></EventKey>
</xml>

2020-08-13 18:53:33 params :
------------
String:
array (
  'rule' => -2,
  'module' => '',
  'message' => 
  array (
    'tousername' => 'gh_f9b894563ef4',
    'fromusername' => 'o5V8y1ezTvpmA3UlT9ZAgwSYoDhs',
    'createtime' => '1597316013',
    'msgtype' => 'event',
    'event' => 'subscribe',
    'eventkey' => '',
    'from' => 'o5V8y1ezTvpmA3UlT9ZAgwSYoDhs',
    'to' => 'gh_f9b894563ef4',
    'time' => '1597316013',
    'type' => 'text',
    'redirection' => true,
    'source' => 'subscribe',
  ),
)

2020-08-13 18:53:33 response :
------------

2020-08-13 18:53:37 trace :
------------
String:
<xml><ToUserName><![CDATA[gh_f9b894563ef4]]></ToUserName>
<FromUserName><![CDATA[o5V8y1ezTvpmA3UlT9ZAgwSYoDhs]]></FromUserName>
<CreateTime>1597316017</CreateTime>
<MsgType><![CDATA[event]]></MsgType>
<Event><![CDATA[VIEW]]></Event>
<EventKey><![CDATA[http://www.boyufengmao.com/app/index.php?i=6&c=entry&m=ewei_shopv2&do=mobile&r=diypage&id=35]]></EventKey>
<MenuId>445261982</MenuId>
</xml>

2020-08-13 18:53:37 params :
------------
String:
array (
  'rule' => -2,
  'module' => '',
  'message' => 
  array (
    'tousername' => 'gh_f9b894563ef4',
    'fromusername' => 'o5V8y1ezTvpmA3UlT9ZAgwSYoDhs',
    'createtime' => '1597316017',
    'msgtype' => 'event',
    'event' => 'VIEW',
    'eventkey' => 'http://www.boyufengmao.com/app/index.php?i=6&c=entry&m=ewei_shopv2&do=mobile&r=diypage&id=35',
    'menuid' => '445261982',
    'from' => 'o5V8y1ezTvpmA3UlT9ZAgwSYoDhs',
    'to' => 'gh_f9b894563ef4',
    'time' => '1597316017',
    'type' => 'text',
    'content' => 'http://www.boyufengmao.com/app/index.php?i=6&c=entry&m=ewei_shopv2&do=mobile&r=diypage&id=35',
    'redirection' => true,
    'source' => 'VIEW',
  ),
)

2020-08-13 18:53:37 response :
------------

2020-08-13 18:53:55 trace :
------------
String:
<xml><ToUserName><![CDATA[gh_f9b894563ef4]]></ToUserName>
<FromUserName><![CDATA[o5V8y1ezTvpmA3UlT9ZAgwSYoDhs]]></FromUserName>
<CreateTime>1597316035</CreateTime>
<MsgType><![CDATA[text]]></MsgType>
<Content><![CDATA[18220542704]]></Content>
<MsgId>22868065677880793</MsgId>
</xml>

2020-08-13 18:53:55 params :
------------
String:
array (
  'rule' => -2,
  'module' => '',
  'message' => 
  array (
    'tousername' => 'gh_f9b894563ef4',
    'fromusername' => 'o5V8y1ezTvpmA3UlT9ZAgwSYoDhs',
    'createtime' => '1597316035',
    'msgtype' => 'text',
    'content' => '18220542704',
    'msgid' => '22868065677880793',
    'from' => 'o5V8y1ezTvpmA3UlT9ZAgwSYoDhs',
    'to' => 'gh_f9b894563ef4',
    'time' => '1597316035',
    'type' => 'text',
    'event' => NULL,
    'redirection' => false,
    'source' => NULL,
  ),
)

2020-08-13 18:53:55 response :
------------

2020-08-13 18:54:04 trace :
------------
String:
<xml><ToUserName><![CDATA[gh_f9b894563ef4]]></ToUserName>
<FromUserName><![CDATA[o5V8y1ezTvpmA3UlT9ZAgwSYoDhs]]></FromUserName>
<CreateTime>1597316044</CreateTime>
<MsgType><![CDATA[event]]></MsgType>
<Event><![CDATA[VIEW]]></Event>
<EventKey><![CDATA[http://www.boyufengmao.com/app/index.php?i=6&c=entry&m=ewei_shopv2&do=mobile&r=diypage&id=35]]></EventKey>
<MenuId>445261982</MenuId>
</xml>

2020-08-13 18:54:04 params :
------------
String:
array (
  'rule' => -2,
  'module' => '',
  'message' => 
  array (
    'tousername' => 'gh_f9b894563ef4',
    'fromusername' => 'o5V8y1ezTvpmA3UlT9ZAgwSYoDhs',
    'createtime' => '1597316044',
    'msgtype' => 'event',
    'event' => 'VIEW',
    'eventkey' => 'http://www.boyufengmao.com/app/index.php?i=6&c=entry&m=ewei_shopv2&do=mobile&r=diypage&id=35',
    'menuid' => '445261982',
    'from' => 'o5V8y1ezTvpmA3UlT9ZAgwSYoDhs',
    'to' => 'gh_f9b894563ef4',
    'time' => '1597316044',
    'type' => 'text',
    'content' => 'http://www.boyufengmao.com/app/index.php?i=6&c=entry&m=ewei_shopv2&do=mobile&r=diypage&id=35',
    'redirection' => true,
    'source' => 'VIEW',
  ),
)

2020-08-13 18:54:04 response :
------------

2020-08-13 19:11:55 trace :
------------
String:
<xml><ToUserName><![CDATA[gh_f9b894563ef4]]></ToUserName>
<FromUserName><![CDATA[o5V8y1Yugo0-SoPsec4akyBATX4w]]></FromUserName>
<CreateTime>1597317115</CreateTime>
<MsgType><![CDATA[event]]></MsgType>
<Event><![CDATA[subscribe]]></Event>
<EventKey><![CDATA[]]></EventKey>
</xml>

2020-08-13 19:11:55 params :
------------
String:
array (
  'rule' => -2,
  'module' => '',
  'message' => 
  array (
    'tousername' => 'gh_f9b894563ef4',
    'fromusername' => 'o5V8y1Yugo0-SoPsec4akyBATX4w',
    'createtime' => '1597317115',
    'msgtype' => 'event',
    'event' => 'subscribe',
    'eventkey' => '',
    'from' => 'o5V8y1Yugo0-SoPsec4akyBATX4w',
    'to' => 'gh_f9b894563ef4',
    'time' => '1597317115',
    'type' => 'text',
    'redirection' => true,
    'source' => 'subscribe',
  ),
)

2020-08-13 19:11:55 response :
------------

2020-08-13 19:11:57 trace :
------------
String:
<xml><ToUserName><![CDATA[gh_f9b894563ef4]]></ToUserName>
<FromUserName><![CDATA[o5V8y1Yugo0-SoPsec4akyBATX4w]]></FromUserName>
<CreateTime>1597317116</CreateTime>
<MsgType><![CDATA[event]]></MsgType>
<Event><![CDATA[VIEW]]></Event>
<EventKey><![CDATA[http://www.boyufengmao.com/app/index.php?i=6&c=entry&m=ewei_shopv2&do=mobile&r=diypage&id=35]]></EventKey>
<MenuId>445261982</MenuId>
</xml>

2020-08-13 19:11:57 params :
------------
String:
array (
  'rule' => -2,
  'module' => '',
  'message' => 
  array (
    'tousername' => 'gh_f9b894563ef4',
    'fromusername' => 'o5V8y1Yugo0-SoPsec4akyBATX4w',
    'createtime' => '1597317116',
    'msgtype' => 'event',
    'event' => 'VIEW',
    'eventkey' => 'http://www.boyufengmao.com/app/index.php?i=6&c=entry&m=ewei_shopv2&do=mobile&r=diypage&id=35',
    'menuid' => '445261982',
    'from' => 'o5V8y1Yugo0-SoPsec4akyBATX4w',
    'to' => 'gh_f9b894563ef4',
    'time' => '1597317116',
    'type' => 'text',
    'content' => 'http://www.boyufengmao.com/app/index.php?i=6&c=entry&m=ewei_shopv2&do=mobile&r=diypage&id=35',
    'redirection' => true,
    'source' => 'VIEW',
  ),
)

2020-08-13 19:11:57 response :
------------

2020-08-13 19:12:10 trace :
------------
String:
<xml><ToUserName><![CDATA[gh_f9b894563ef4]]></ToUserName>
<FromUserName><![CDATA[o5V8y1Yugo0-SoPsec4akyBATX4w]]></FromUserName>
<CreateTime>1597317130</CreateTime>
<MsgType><![CDATA[event]]></MsgType>
<Event><![CDATA[VIEW]]></Event>
<EventKey><![CDATA[http://www.boyufengmao.com/app/index.php?i=6&c=entry&m=ewei_shopv2&do=mobile&r=diypage&id=35]]></EventKey>
<MenuId>445261982</MenuId>
</xml>

2020-08-13 19:12:10 params :
------------
String:
array (
  'rule' => -2,
  'module' => '',
  'message' => 
  array (
    'tousername' => 'gh_f9b894563ef4',
    'fromusername' => 'o5V8y1Yugo0-SoPsec4akyBATX4w',
    'createtime' => '1597317130',
    'msgtype' => 'event',
    'event' => 'VIEW',
    'eventkey' => 'http://www.boyufengmao.com/app/index.php?i=6&c=entry&m=ewei_shopv2&do=mobile&r=diypage&id=35',
    'menuid' => '445261982',
    'from' => 'o5V8y1Yugo0-SoPsec4akyBATX4w',
    'to' => 'gh_f9b894563ef4',
    'time' => '1597317130',
    'type' => 'text',
    'content' => 'http://www.boyufengmao.com/app/index.php?i=6&c=entry&m=ewei_shopv2&do=mobile&r=diypage&id=35',
    'redirection' => true,
    'source' => 'VIEW',
  ),
)

2020-08-13 19:12:10 response :
------------

2020-08-13 19:16:52 trace :
------------
String:
<xml><ToUserName><![CDATA[gh_f9b894563ef4]]></ToUserName>
<FromUserName><![CDATA[o5V8y1QL-Bdwm5BTtM-7M3TwvQZg]]></FromUserName>
<CreateTime>1597317412</CreateTime>
<MsgType><![CDATA[event]]></MsgType>
<Event><![CDATA[VIEW]]></Event>
<EventKey><![CDATA[http://www.boyufengmao.com/app/index.php?i=6&c=entry&m=ewei_shopv2&do=mobile&r=diypage&id=35]]></EventKey>
<MenuId>445261982</MenuId>
</xml>

2020-08-13 19:16:52 params :
------------
String:
array (
  'rule' => -2,
  'module' => '',
  'message' => 
  array (
    'tousername' => 'gh_f9b894563ef4',
    'fromusername' => 'o5V8y1QL-Bdwm5BTtM-7M3TwvQZg',
    'createtime' => '1597317412',
    'msgtype' => 'event',
    'event' => 'VIEW',
    'eventkey' => 'http://www.boyufengmao.com/app/index.php?i=6&c=entry&m=ewei_shopv2&do=mobile&r=diypage&id=35',
    'menuid' => '445261982',
    'from' => 'o5V8y1QL-Bdwm5BTtM-7M3TwvQZg',
    'to' => 'gh_f9b894563ef4',
    'time' => '1597317412',
    'type' => 'text',
    'content' => 'http://www.boyufengmao.com/app/index.php?i=6&c=entry&m=ewei_shopv2&do=mobile&r=diypage&id=35',
    'redirection' => true,
    'source' => 'VIEW',
  ),
)

2020-08-13 19:16:52 response :
------------

2020-08-13 19:17:50 trace :
------------
String:
<xml><ToUserName><![CDATA[gh_f9b894563ef4]]></ToUserName>
<FromUserName><![CDATA[o5V8y1VTS0bzPk3rLEzXCLaO3ahc]]></FromUserName>
<CreateTime>1597317470</CreateTime>
<MsgType><![CDATA[event]]></MsgType>
<Event><![CDATA[VIEW]]></Event>
<EventKey><![CDATA[http://www.boyufengmao.com/app/index.php?i=6&c=entry&m=ewei_shopv2&do=mobile]]></EventKey>
<MenuId>445261982</MenuId>
</xml>

2020-08-13 19:17:50 params :
------------
String:
array (
  'rule' => -2,
  'module' => '',
  'message' => 
  array (
    'tousername' => 'gh_f9b894563ef4',
    'fromusername' => 'o5V8y1VTS0bzPk3rLEzXCLaO3ahc',
    'createtime' => '1597317470',
    'msgtype' => 'event',
    'event' => 'VIEW',
    'eventkey' => 'http://www.boyufengmao.com/app/index.php?i=6&c=entry&m=ewei_shopv2&do=mobile',
    'menuid' => '445261982',
    'from' => 'o5V8y1VTS0bzPk3rLEzXCLaO3ahc',
    'to' => 'gh_f9b894563ef4',
    'time' => '1597317470',
    'type' => 'text',
    'content' => 'http://www.boyufengmao.com/app/index.php?i=6&c=entry&m=ewei_shopv2&do=mobile',
    'redirection' => true,
    'source' => 'VIEW',
  ),
)

2020-08-13 19:17:50 response :
------------

2020-08-13 19:41:11 trace :
------------
String:
<xml><ToUserName><![CDATA[gh_be85a89af525]]></ToUserName>
<FromUserName><![CDATA[oLBiNwGCmMw1W_GxCHLMY-T9pvDU]]></FromUserName>
<CreateTime>1597318871</CreateTime>
<MsgType><![CDATA[event]]></MsgType>
<Event><![CDATA[VIEW]]></Event>
<EventKey><![CDATA[http://www.boyufengmao.com/app/index.php?i=23&c=entry&m=ewei_shopv2&do=mobile]]></EventKey>
<MenuId>445414319</MenuId>
</xml>

2020-08-13 19:41:11 params :
------------
String:
array (
  'rule' => -2,
  'module' => '',
  'message' => 
  array (
    'tousername' => 'gh_be85a89af525',
    'fromusername' => 'oLBiNwGCmMw1W_GxCHLMY-T9pvDU',
    'createtime' => '1597318871',
    'msgtype' => 'event',
    'event' => 'VIEW',
    'eventkey' => 'http://www.boyufengmao.com/app/index.php?i=23&c=entry&m=ewei_shopv2&do=mobile',
    'menuid' => '445414319',
    'from' => 'oLBiNwGCmMw1W_GxCHLMY-T9pvDU',
    'to' => 'gh_be85a89af525',
    'time' => '1597318871',
    'type' => 'text',
    'content' => 'http://www.boyufengmao.com/app/index.php?i=23&c=entry&m=ewei_shopv2&do=mobile',
    'redirection' => true,
    'source' => 'VIEW',
  ),
)

2020-08-13 19:41:11 response :
------------

2020-08-13 19:42:32 trace :
------------
String:
<xml><ToUserName><![CDATA[gh_f9b894563ef4]]></ToUserName>
<FromUserName><![CDATA[o5V8y1SzME__6b40TXT-IMvtRMvw]]></FromUserName>
<CreateTime>1597318951</CreateTime>
<MsgType><![CDATA[event]]></MsgType>
<Event><![CDATA[subscribe]]></Event>
<EventKey><![CDATA[]]></EventKey>
</xml>

2020-08-13 19:42:32 params :
------------
String:
array (
  'rule' => -2,
  'module' => '',
  'message' => 
  array (
    'tousername' => 'gh_f9b894563ef4',
    'fromusername' => 'o5V8y1SzME__6b40TXT-IMvtRMvw',
    'createtime' => '1597318951',
    'msgtype' => 'event',
    'event' => 'subscribe',
    'eventkey' => '',
    'from' => 'o5V8y1SzME__6b40TXT-IMvtRMvw',
    'to' => 'gh_f9b894563ef4',
    'time' => '1597318951',
    'type' => 'text',
    'redirection' => true,
    'source' => 'subscribe',
  ),
)

2020-08-13 19:42:32 response :
------------

2020-08-13 19:42:35 trace :
------------
String:
<xml><ToUserName><![CDATA[gh_f9b894563ef4]]></ToUserName>
<FromUserName><![CDATA[o5V8y1SzME__6b40TXT-IMvtRMvw]]></FromUserName>
<CreateTime>1597318955</CreateTime>
<MsgType><![CDATA[event]]></MsgType>
<Event><![CDATA[VIEW]]></Event>
<EventKey><![CDATA[http://www.boyufengmao.com/app/index.php?i=6&c=entry&m=ewei_shopv2&do=mobile&r=diypage&id=35]]></EventKey>
<MenuId>445261982</MenuId>
</xml>

2020-08-13 19:42:35 params :
------------
String:
array (
  'rule' => -2,
  'module' => '',
  'message' => 
  array (
    'tousername' => 'gh_f9b894563ef4',
    'fromusername' => 'o5V8y1SzME__6b40TXT-IMvtRMvw',
    'createtime' => '1597318955',
    'msgtype' => 'event',
    'event' => 'VIEW',
    'eventkey' => 'http://www.boyufengmao.com/app/index.php?i=6&c=entry&m=ewei_shopv2&do=mobile&r=diypage&id=35',
    'menuid' => '445261982',
    'from' => 'o5V8y1SzME__6b40TXT-IMvtRMvw',
    'to' => 'gh_f9b894563ef4',
    'time' => '1597318955',
    'type' => 'text',
    'content' => 'http://www.boyufengmao.com/app/index.php?i=6&c=entry&m=ewei_shopv2&do=mobile&r=diypage&id=35',
    'redirection' => true,
    'source' => 'VIEW',
  ),
)

2020-08-13 19:42:35 response :
------------

2020-08-13 19:42:47 trace :
------------
String:
<xml><ToUserName><![CDATA[gh_be85a89af525]]></ToUserName>
<FromUserName><![CDATA[oLBiNwGCmMw1W_GxCHLMY-T9pvDU]]></FromUserName>
<CreateTime>1597318967</CreateTime>
<MsgType><![CDATA[event]]></MsgType>
<Event><![CDATA[VIEW]]></Event>
<EventKey><![CDATA[http://www.boyufengmao.com/app/index.php?i=23&c=entry&m=ewei_shopv2&do=mobile]]></EventKey>
<MenuId>445414319</MenuId>
</xml>

2020-08-13 19:42:47 params :
------------
String:
array (
  'rule' => -2,
  'module' => '',
  'message' => 
  array (
    'tousername' => 'gh_be85a89af525',
    'fromusername' => 'oLBiNwGCmMw1W_GxCHLMY-T9pvDU',
    'createtime' => '1597318967',
    'msgtype' => 'event',
    'event' => 'VIEW',
    'eventkey' => 'http://www.boyufengmao.com/app/index.php?i=23&c=entry&m=ewei_shopv2&do=mobile',
    'menuid' => '445414319',
    'from' => 'oLBiNwGCmMw1W_GxCHLMY-T9pvDU',
    'to' => 'gh_be85a89af525',
    'time' => '1597318967',
    'type' => 'text',
    'content' => 'http://www.boyufengmao.com/app/index.php?i=23&c=entry&m=ewei_shopv2&do=mobile',
    'redirection' => true,
    'source' => 'VIEW',
  ),
)

2020-08-13 19:42:47 response :
------------

2020-08-13 19:43:42 trace :
------------
String:
<xml><ToUserName><![CDATA[gh_be85a89af525]]></ToUserName>
<FromUserName><![CDATA[oLBiNwGCmMw1W_GxCHLMY-T9pvDU]]></FromUserName>
<CreateTime>1597319022</CreateTime>
<MsgType><![CDATA[event]]></MsgType>
<Event><![CDATA[VIEW]]></Event>
<EventKey><![CDATA[http://www.boyufengmao.com/app/index.php?i=23&c=entry&m=ewei_shopv2&do=mobile]]></EventKey>
<MenuId>445414319</MenuId>
</xml>

2020-08-13 19:43:42 params :
------------
String:
array (
  'rule' => -2,
  'module' => '',
  'message' => 
  array (
    'tousername' => 'gh_be85a89af525',
    'fromusername' => 'oLBiNwGCmMw1W_GxCHLMY-T9pvDU',
    'createtime' => '1597319022',
    'msgtype' => 'event',
    'event' => 'VIEW',
    'eventkey' => 'http://www.boyufengmao.com/app/index.php?i=23&c=entry&m=ewei_shopv2&do=mobile',
    'menuid' => '445414319',
    'from' => 'oLBiNwGCmMw1W_GxCHLMY-T9pvDU',
    'to' => 'gh_be85a89af525',
    'time' => '1597319022',
    'type' => 'text',
    'content' => 'http://www.boyufengmao.com/app/index.php?i=23&c=entry&m=ewei_shopv2&do=mobile',
    'redirection' => true,
    'source' => 'VIEW',
  ),
)

2020-08-13 19:43:42 response :
------------

2020-08-13 19:44:56 trace :
------------
String:
<xml><ToUserName><![CDATA[gh_be85a89af525]]></ToUserName>
<FromUserName><![CDATA[oLBiNwGCmMw1W_GxCHLMY-T9pvDU]]></FromUserName>
<CreateTime>1597319096</CreateTime>
<MsgType><![CDATA[event]]></MsgType>
<Event><![CDATA[VIEW]]></Event>
<EventKey><![CDATA[http://www.boyufengmao.com/app/index.php?i=23&c=entry&m=ewei_shopv2&do=mobile]]></EventKey>
<MenuId>445414319</MenuId>
</xml>

2020-08-13 19:44:56 params :
------------
String:
array (
  'rule' => -2,
  'module' => '',
  'message' => 
  array (
    'tousername' => 'gh_be85a89af525',
    'fromusername' => 'oLBiNwGCmMw1W_GxCHLMY-T9pvDU',
    'createtime' => '1597319096',
    'msgtype' => 'event',
    'event' => 'VIEW',
    'eventkey' => 'http://www.boyufengmao.com/app/index.php?i=23&c=entry&m=ewei_shopv2&do=mobile',
    'menuid' => '445414319',
    'from' => 'oLBiNwGCmMw1W_GxCHLMY-T9pvDU',
    'to' => 'gh_be85a89af525',
    'time' => '1597319096',
    'type' => 'text',
    'content' => 'http://www.boyufengmao.com/app/index.php?i=23&c=entry&m=ewei_shopv2&do=mobile',
    'redirection' => true,
    'source' => 'VIEW',
  ),
)

2020-08-13 19:44:56 response :
------------

2020-08-13 19:57:17 trace :
------------
String:
<xml><ToUserName><![CDATA[gh_f9b894563ef4]]></ToUserName>
<FromUserName><![CDATA[o5V8y1Z-cbd22zLx76J61nx7xZZ0]]></FromUserName>
<CreateTime>1597319837</CreateTime>
<MsgType><![CDATA[event]]></MsgType>
<Event><![CDATA[unsubscribe]]></Event>
<EventKey><![CDATA[]]></EventKey>
</xml>

2020-08-13 20:06:44 trace :
------------
String:
<xml><ToUserName><![CDATA[gh_f9b894563ef4]]></ToUserName>
<FromUserName><![CDATA[o5V8y1dMFj4W83amxFVJSbiv-E0Y]]></FromUserName>
<CreateTime>1597320404</CreateTime>
<MsgType><![CDATA[event]]></MsgType>
<Event><![CDATA[VIEW]]></Event>
<EventKey><![CDATA[http://www.boyufengmao.com/app/index.php?i=6&c=entry&m=ewei_shopv2&do=mobile]]></EventKey>
<MenuId>445261982</MenuId>
</xml>

2020-08-13 20:06:44 params :
------------
String:
array (
  'rule' => -2,
  'module' => '',
  'message' => 
  array (
    'tousername' => 'gh_f9b894563ef4',
    'fromusername' => 'o5V8y1dMFj4W83amxFVJSbiv-E0Y',
    'createtime' => '1597320404',
    'msgtype' => 'event',
    'event' => 'VIEW',
    'eventkey' => 'http://www.boyufengmao.com/app/index.php?i=6&c=entry&m=ewei_shopv2&do=mobile',
    'menuid' => '445261982',
    'from' => 'o5V8y1dMFj4W83amxFVJSbiv-E0Y',
    'to' => 'gh_f9b894563ef4',
    'time' => '1597320404',
    'type' => 'text',
    'content' => 'http://www.boyufengmao.com/app/index.php?i=6&c=entry&m=ewei_shopv2&do=mobile',
    'redirection' => true,
    'source' => 'VIEW',
  ),
)

2020-08-13 20:06:44 response :
------------

2020-08-13 20:10:52 trace :
------------
String:
<xml><ToUserName><![CDATA[gh_c804ae748f89]]></ToUserName>
<FromUserName><![CDATA[o3lrB59v291sdh21_fNY9nh9VF1U]]></FromUserName>
<CreateTime>1597320652</CreateTime>
<MsgType><![CDATA[event]]></MsgType>
<Event><![CDATA[VIEW]]></Event>
<EventKey><![CDATA[http://www.boyufengmao.com/app/index.php?i=2&c=entry&m=ewei_shopv2&do=mobile]]></EventKey>
<MenuId>444488974</MenuId>
</xml>

2020-08-13 20:10:52 params :
------------
String:
array (
  'rule' => -2,
  'module' => '',
  'message' => 
  array (
    'tousername' => 'gh_c804ae748f89',
    'fromusername' => 'o3lrB59v291sdh21_fNY9nh9VF1U',
    'createtime' => '1597320652',
    'msgtype' => 'event',
    'event' => 'VIEW',
    'eventkey' => 'http://www.boyufengmao.com/app/index.php?i=2&c=entry&m=ewei_shopv2&do=mobile',
    'menuid' => '444488974',
    'from' => 'o3lrB59v291sdh21_fNY9nh9VF1U',
    'to' => 'gh_c804ae748f89',
    'time' => '1597320652',
    'type' => 'text',
    'content' => 'http://www.boyufengmao.com/app/index.php?i=2&c=entry&m=ewei_shopv2&do=mobile',
    'redirection' => true,
    'source' => 'VIEW',
  ),
)

2020-08-13 20:10:52 response :
------------

2020-08-13 20:11:18 trace :
------------
String:
<xml><ToUserName><![CDATA[gh_c804ae748f89]]></ToUserName>
<FromUserName><![CDATA[o3lrB59v291sdh21_fNY9nh9VF1U]]></FromUserName>
<CreateTime>1597320678</CreateTime>
<MsgType><![CDATA[text]]></MsgType>
<Content><![CDATA[商城海报]]></Content>
<MsgId>22868133944194410</MsgId>
</xml>

2020-08-13 20:14:52 trace :
------------
String:
<xml><ToUserName><![CDATA[gh_c804ae748f89]]></ToUserName>
<FromUserName><![CDATA[o3lrB52OQe5owM1VXVuw4dyttQho]]></FromUserName>
<CreateTime>1597320892</CreateTime>
<MsgType><![CDATA[event]]></MsgType>
<Event><![CDATA[VIEW]]></Event>
<EventKey><![CDATA[http://www.boyufengmao.com/app/index.php?i=2&c=entry&m=ewei_shopv2&do=mobile]]></EventKey>
<MenuId>444488974</MenuId>
</xml>

2020-08-13 20:14:52 params :
------------
String:
array (
  'rule' => -2,
  'module' => '',
  'message' => 
  array (
    'tousername' => 'gh_c804ae748f89',
    'fromusername' => 'o3lrB52OQe5owM1VXVuw4dyttQho',
    'createtime' => '1597320892',
    'msgtype' => 'event',
    'event' => 'VIEW',
    'eventkey' => 'http://www.boyufengmao.com/app/index.php?i=2&c=entry&m=ewei_shopv2&do=mobile',
    'menuid' => '444488974',
    'from' => 'o3lrB52OQe5owM1VXVuw4dyttQho',
    'to' => 'gh_c804ae748f89',
    'time' => '1597320892',
    'type' => 'text',
    'content' => 'http://www.boyufengmao.com/app/index.php?i=2&c=entry&m=ewei_shopv2&do=mobile',
    'redirection' => true,
    'source' => 'VIEW',
  ),
)

2020-08-13 20:14:52 response :
------------

2020-08-13 20:15:02 trace :
------------
String:
<xml><ToUserName><![CDATA[gh_798963d6b623]]></ToUserName>
<FromUserName><![CDATA[oa1g_1BJILlPcwG21gkjgk2p4_co]]></FromUserName>
<CreateTime>1597320902</CreateTime>
<MsgType><![CDATA[event]]></MsgType>
<Event><![CDATA[VIEW]]></Event>
<EventKey><![CDATA[http://www.boyufengmao.com/app/index.php?i=2&c=entry&m=ewei_shopv2&do=mobile&r=diypage&id=19&mid=2193]]></EventKey>
<MenuId>438321789</MenuId>
</xml>

2020-08-13 20:15:02 params :
------------
String:
array (
  'rule' => -2,
  'module' => '',
  'message' => 
  array (
    'tousername' => 'gh_798963d6b623',
    'fromusername' => 'oa1g_1BJILlPcwG21gkjgk2p4_co',
    'createtime' => '1597320902',
    'msgtype' => 'event',
    'event' => 'VIEW',
    'eventkey' => 'http://www.boyufengmao.com/app/index.php?i=2&c=entry&m=ewei_shopv2&do=mobile&r=diypage&id=19&mid=2193',
    'menuid' => '438321789',
    'from' => 'oa1g_1BJILlPcwG21gkjgk2p4_co',
    'to' => 'gh_798963d6b623',
    'time' => '1597320902',
    'type' => 'text',
    'content' => 'http://www.boyufengmao.com/app/index.php?i=2&c=entry&m=ewei_shopv2&do=mobile&r=diypage&id=19&mid=2193',
    'redirection' => true,
    'source' => 'VIEW',
  ),
)

2020-08-13 20:15:02 response :
------------

2020-08-13 20:15:44 trace :
------------
String:
<xml><ToUserName><![CDATA[gh_798963d6b623]]></ToUserName>
<FromUserName><![CDATA[oa1g_1BJILlPcwG21gkjgk2p4_co]]></FromUserName>
<CreateTime>1597320944</CreateTime>
<MsgType><![CDATA[event]]></MsgType>
<Event><![CDATA[VIEW]]></Event>
<EventKey><![CDATA[http://www.boyufengmao.com/app/index.php?i=9&c=entry&m=ewei_shopv2&do=mobile]]></EventKey>
<MenuId>438321789</MenuId>
</xml>

2020-08-13 20:15:44 params :
------------
String:
array (
  'rule' => -2,
  'module' => '',
  'message' => 
  array (
    'tousername' => 'gh_798963d6b623',
    'fromusername' => 'oa1g_1BJILlPcwG21gkjgk2p4_co',
    'createtime' => '1597320944',
    'msgtype' => 'event',
    'event' => 'VIEW',
    'eventkey' => 'http://www.boyufengmao.com/app/index.php?i=9&c=entry&m=ewei_shopv2&do=mobile',
    'menuid' => '438321789',
    'from' => 'oa1g_1BJILlPcwG21gkjgk2p4_co',
    'to' => 'gh_798963d6b623',
    'time' => '1597320944',
    'type' => 'text',
    'content' => 'http://www.boyufengmao.com/app/index.php?i=9&c=entry&m=ewei_shopv2&do=mobile',
    'redirection' => true,
    'source' => 'VIEW',
  ),
)

2020-08-13 20:15:44 response :
------------

2020-08-13 20:16:45 trace :
------------
String:
<xml><ToUserName><![CDATA[gh_798963d6b623]]></ToUserName>
<FromUserName><![CDATA[oa1g_1BJILlPcwG21gkjgk2p4_co]]></FromUserName>
<CreateTime>1597321005</CreateTime>
<MsgType><![CDATA[event]]></MsgType>
<Event><![CDATA[VIEW]]></Event>
<EventKey><![CDATA[http://www.boyufengmao.com/app/index.php?i=9&c=entry&m=ewei_shopv2&do=mobile]]></EventKey>
<MenuId>438321789</MenuId>
</xml>

2020-08-13 20:16:45 params :
------------
String:
array (
  'rule' => -2,
  'module' => '',
  'message' => 
  array (
    'tousername' => 'gh_798963d6b623',
    'fromusername' => 'oa1g_1BJILlPcwG21gkjgk2p4_co',
    'createtime' => '1597321005',
    'msgtype' => 'event',
    'event' => 'VIEW',
    'eventkey' => 'http://www.boyufengmao.com/app/index.php?i=9&c=entry&m=ewei_shopv2&do=mobile',
    'menuid' => '438321789',
    'from' => 'oa1g_1BJILlPcwG21gkjgk2p4_co',
    'to' => 'gh_798963d6b623',
    'time' => '1597321005',
    'type' => 'text',
    'content' => 'http://www.boyufengmao.com/app/index.php?i=9&c=entry&m=ewei_shopv2&do=mobile',
    'redirection' => true,
    'source' => 'VIEW',
  ),
)

2020-08-13 20:16:45 response :
------------

2020-08-13 20:27:58 trace :
------------
String:
<xml><ToUserName><![CDATA[gh_f9b894563ef4]]></ToUserName>
<FromUserName><![CDATA[o5V8y1aZNrshtzcOxdOPyOCUFZwA]]></FromUserName>
<CreateTime>1597321678</CreateTime>
<MsgType><![CDATA[event]]></MsgType>
<Event><![CDATA[VIEW]]></Event>
<EventKey><![CDATA[http://www.boyufengmao.com/app/index.php?i=6&c=entry&m=ewei_shopv2&do=mobile]]></EventKey>
<MenuId>445261982</MenuId>
</xml>

2020-08-13 20:27:58 params :
------------
String:
array (
  'rule' => -2,
  'module' => '',
  'message' => 
  array (
    'tousername' => 'gh_f9b894563ef4',
    'fromusername' => 'o5V8y1aZNrshtzcOxdOPyOCUFZwA',
    'createtime' => '1597321678',
    'msgtype' => 'event',
    'event' => 'VIEW',
    'eventkey' => 'http://www.boyufengmao.com/app/index.php?i=6&c=entry&m=ewei_shopv2&do=mobile',
    'menuid' => '445261982',
    'from' => 'o5V8y1aZNrshtzcOxdOPyOCUFZwA',
    'to' => 'gh_f9b894563ef4',
    'time' => '1597321678',
    'type' => 'text',
    'content' => 'http://www.boyufengmao.com/app/index.php?i=6&c=entry&m=ewei_shopv2&do=mobile',
    'redirection' => true,
    'source' => 'VIEW',
  ),
)

2020-08-13 20:27:58 response :
------------

2020-08-13 20:30:06 trace :
------------
String:
<xml><ToUserName><![CDATA[gh_f9b894563ef4]]></ToUserName>
<FromUserName><![CDATA[o5V8y1aZNrshtzcOxdOPyOCUFZwA]]></FromUserName>
<CreateTime>1597321806</CreateTime>
<MsgType><![CDATA[event]]></MsgType>
<Event><![CDATA[CLICK]]></Event>
<EventKey><![CDATA[订餐电话]]></EventKey>
</xml>

2020-08-13 20:30:06 params :
------------
String:
array (
  'message' => 
  array (
    'tousername' => 'gh_f9b894563ef4',
    'fromusername' => 'o5V8y1aZNrshtzcOxdOPyOCUFZwA',
    'createtime' => '1597321806',
    'msgtype' => 'event',
    'event' => 'CLICK',
    'eventkey' => '订餐电话',
    'from' => 'o5V8y1aZNrshtzcOxdOPyOCUFZwA',
    'to' => 'gh_f9b894563ef4',
    'time' => '1597321806',
    'type' => 'text',
    'content' => '订餐电话',
    'redirection' => true,
    'source' => 'click',
  ),
  'module' => 'reply',
  'rule' => '19',
  'priority' => '0',
  'keyword' => 
  array (
    'id' => '27',
    'rid' => '19',
    'uniacid' => '6',
    'module' => 'reply',
    'content' => '订餐电话',
    'type' => '1',
    'displayorder' => '0',
    'status' => '1',
    'reply_type' => 
    array (
      0 => 'basic',
    ),
  ),
  'reply_type' => 
  array (
    0 => 'basic',
  ),
)

2020-08-13 20:30:06 response :
------------
Array:
FromUserName : gh_f9b894563ef4 ;
ToUserName : o5V8y1aZNrshtzcOxdOPyOCUFZwA ;
MsgType : text ;
Content : 欢迎拨打电话：029-86357081 /  19909289055 订餐 ;

2020-08-13 20:44:50 trace :
------------
String:
<xml><ToUserName><![CDATA[gh_f9b894563ef4]]></ToUserName>
<FromUserName><![CDATA[o5V8y1ZSos_QLtG2wZ06Q_jfiTLs]]></FromUserName>
<CreateTime>1597322690</CreateTime>
<MsgType><![CDATA[event]]></MsgType>
<Event><![CDATA[VIEW]]></Event>
<EventKey><![CDATA[http://www.boyufengmao.com/app/index.php?i=6&c=entry&m=ewei_shopv2&do=mobile]]></EventKey>
<MenuId>445261982</MenuId>
</xml>

2020-08-13 20:44:50 params :
------------
String:
array (
  'rule' => -2,
  'module' => '',
  'message' => 
  array (
    'tousername' => 'gh_f9b894563ef4',
    'fromusername' => 'o5V8y1ZSos_QLtG2wZ06Q_jfiTLs',
    'createtime' => '1597322690',
    'msgtype' => 'event',
    'event' => 'VIEW',
    'eventkey' => 'http://www.boyufengmao.com/app/index.php?i=6&c=entry&m=ewei_shopv2&do=mobile',
    'menuid' => '445261982',
    'from' => 'o5V8y1ZSos_QLtG2wZ06Q_jfiTLs',
    'to' => 'gh_f9b894563ef4',
    'time' => '1597322690',
    'type' => 'text',
    'content' => 'http://www.boyufengmao.com/app/index.php?i=6&c=entry&m=ewei_shopv2&do=mobile',
    'redirection' => true,
    'source' => 'VIEW',
  ),
)

2020-08-13 20:44:50 response :
------------

2020-08-13 20:44:59 trace :
------------
String:
<xml><ToUserName><![CDATA[gh_f9b894563ef4]]></ToUserName>
<FromUserName><![CDATA[o5V8y1ZSos_QLtG2wZ06Q_jfiTLs]]></FromUserName>
<CreateTime>1597322699</CreateTime>
<MsgType><![CDATA[event]]></MsgType>
<Event><![CDATA[VIEW]]></Event>
<EventKey><![CDATA[http://www.boyufengmao.com/app/index.php?i=6&c=entry&m=ewei_shopv2&do=mobile&r=diypage&id=35]]></EventKey>
<MenuId>445261982</MenuId>
</xml>

2020-08-13 20:44:59 params :
------------
String:
array (
  'rule' => -2,
  'module' => '',
  'message' => 
  array (
    'tousername' => 'gh_f9b894563ef4',
    'fromusername' => 'o5V8y1ZSos_QLtG2wZ06Q_jfiTLs',
    'createtime' => '1597322699',
    'msgtype' => 'event',
    'event' => 'VIEW',
    'eventkey' => 'http://www.boyufengmao.com/app/index.php?i=6&c=entry&m=ewei_shopv2&do=mobile&r=diypage&id=35',
    'menuid' => '445261982',
    'from' => 'o5V8y1ZSos_QLtG2wZ06Q_jfiTLs',
    'to' => 'gh_f9b894563ef4',
    'time' => '1597322699',
    'type' => 'text',
    'content' => 'http://www.boyufengmao.com/app/index.php?i=6&c=entry&m=ewei_shopv2&do=mobile&r=diypage&id=35',
    'redirection' => true,
    'source' => 'VIEW',
  ),
)

2020-08-13 20:44:59 response :
------------

2020-08-13 20:46:53 trace :
------------
String:
<xml><ToUserName><![CDATA[gh_f9b894563ef4]]></ToUserName>
<FromUserName><![CDATA[o5V8y1U7LBIZgK3tLiB5A7DVUeNo]]></FromUserName>
<CreateTime>1597322813</CreateTime>
<MsgType><![CDATA[event]]></MsgType>
<Event><![CDATA[VIEW]]></Event>
<EventKey><![CDATA[http://www.boyufengmao.com/app/index.php?i=6&c=entry&m=ewei_shopv2&do=mobile&r=diypage&id=35]]></EventKey>
<MenuId>445261982</MenuId>
</xml>

2020-08-13 20:46:53 params :
------------
String:
array (
  'rule' => -2,
  'module' => '',
  'message' => 
  array (
    'tousername' => 'gh_f9b894563ef4',
    'fromusername' => 'o5V8y1U7LBIZgK3tLiB5A7DVUeNo',
    'createtime' => '1597322813',
    'msgtype' => 'event',
    'event' => 'VIEW',
    'eventkey' => 'http://www.boyufengmao.com/app/index.php?i=6&c=entry&m=ewei_shopv2&do=mobile&r=diypage&id=35',
    'menuid' => '445261982',
    'from' => 'o5V8y1U7LBIZgK3tLiB5A7DVUeNo',
    'to' => 'gh_f9b894563ef4',
    'time' => '1597322813',
    'type' => 'text',
    'content' => 'http://www.boyufengmao.com/app/index.php?i=6&c=entry&m=ewei_shopv2&do=mobile&r=diypage&id=35',
    'redirection' => true,
    'source' => 'VIEW',
  ),
)

2020-08-13 20:46:53 response :
------------

2020-08-13 21:14:47 trace :
------------
String:
<xml><ToUserName><![CDATA[gh_f9b894563ef4]]></ToUserName>
<FromUserName><![CDATA[o5V8y1To4-sNSOvgiY5DK2EBWFVk]]></FromUserName>
<CreateTime>1597324487</CreateTime>
<MsgType><![CDATA[event]]></MsgType>
<Event><![CDATA[subscribe]]></Event>
<EventKey><![CDATA[]]></EventKey>
</xml>

2020-08-13 21:14:47 params :
------------
String:
array (
  'rule' => -2,
  'module' => '',
  'message' => 
  array (
    'tousername' => 'gh_f9b894563ef4',
    'fromusername' => 'o5V8y1To4-sNSOvgiY5DK2EBWFVk',
    'createtime' => '1597324487',
    'msgtype' => 'event',
    'event' => 'subscribe',
    'eventkey' => '',
    'from' => 'o5V8y1To4-sNSOvgiY5DK2EBWFVk',
    'to' => 'gh_f9b894563ef4',
    'time' => '1597324487',
    'type' => 'text',
    'redirection' => true,
    'source' => 'subscribe',
  ),
)

2020-08-13 21:14:47 response :
------------

2020-08-13 21:14:52 trace :
------------
String:
<xml><ToUserName><![CDATA[gh_f9b894563ef4]]></ToUserName>
<FromUserName><![CDATA[o5V8y1To4-sNSOvgiY5DK2EBWFVk]]></FromUserName>
<CreateTime>1597324492</CreateTime>
<MsgType><![CDATA[event]]></MsgType>
<Event><![CDATA[VIEW]]></Event>
<EventKey><![CDATA[http://www.boyufengmao.com/app/index.php?i=6&c=entry&m=ewei_shopv2&do=mobile&r=diypage&id=35]]></EventKey>
<MenuId>445261982</MenuId>
</xml>

2020-08-13 21:14:52 params :
------------
String:
array (
  'rule' => -2,
  'module' => '',
  'message' => 
  array (
    'tousername' => 'gh_f9b894563ef4',
    'fromusername' => 'o5V8y1To4-sNSOvgiY5DK2EBWFVk',
    'createtime' => '1597324492',
    'msgtype' => 'event',
    'event' => 'VIEW',
    'eventkey' => 'http://www.boyufengmao.com/app/index.php?i=6&c=entry&m=ewei_shopv2&do=mobile&r=diypage&id=35',
    'menuid' => '445261982',
    'from' => 'o5V8y1To4-sNSOvgiY5DK2EBWFVk',
    'to' => 'gh_f9b894563ef4',
    'time' => '1597324492',
    'type' => 'text',
    'content' => 'http://www.boyufengmao.com/app/index.php?i=6&c=entry&m=ewei_shopv2&do=mobile&r=diypage&id=35',
    'redirection' => true,
    'source' => 'VIEW',
  ),
)

2020-08-13 21:14:52 response :
------------

2020-08-13 21:30:26 trace :
------------
String:
<xml><ToUserName><![CDATA[gh_f9b894563ef4]]></ToUserName>
<FromUserName><![CDATA[o5V8y1Yugo0-SoPsec4akyBATX4w]]></FromUserName>
<CreateTime>1597325425</CreateTime>
<MsgType><![CDATA[event]]></MsgType>
<Event><![CDATA[VIEW]]></Event>
<EventKey><![CDATA[http://www.boyufengmao.com/app/index.php?i=6&c=entry&m=ewei_shopv2&do=mobile&r=diypage&id=35]]></EventKey>
<MenuId>445261982</MenuId>
</xml>

2020-08-13 21:30:26 params :
------------
String:
array (
  'rule' => -2,
  'module' => '',
  'message' => 
  array (
    'tousername' => 'gh_f9b894563ef4',
    'fromusername' => 'o5V8y1Yugo0-SoPsec4akyBATX4w',
    'createtime' => '1597325425',
    'msgtype' => 'event',
    'event' => 'VIEW',
    'eventkey' => 'http://www.boyufengmao.com/app/index.php?i=6&c=entry&m=ewei_shopv2&do=mobile&r=diypage&id=35',
    'menuid' => '445261982',
    'from' => 'o5V8y1Yugo0-SoPsec4akyBATX4w',
    'to' => 'gh_f9b894563ef4',
    'time' => '1597325425',
    'type' => 'text',
    'content' => 'http://www.boyufengmao.com/app/index.php?i=6&c=entry&m=ewei_shopv2&do=mobile&r=diypage&id=35',
    'redirection' => true,
    'source' => 'VIEW',
  ),
)

2020-08-13 21:30:26 response :
------------

2020-08-13 21:30:38 trace :
------------
String:
<xml><ToUserName><![CDATA[gh_f9b894563ef4]]></ToUserName>
<FromUserName><![CDATA[o5V8y1Yugo0-SoPsec4akyBATX4w]]></FromUserName>
<CreateTime>1597325437</CreateTime>
<MsgType><![CDATA[event]]></MsgType>
<Event><![CDATA[VIEW]]></Event>
<EventKey><![CDATA[http://www.boyufengmao.com/app/index.php?i=6&c=entry&m=ewei_shopv2&do=mobile]]></EventKey>
<MenuId>445261982</MenuId>
</xml>

2020-08-13 21:30:38 params :
------------
String:
array (
  'rule' => -2,
  'module' => '',
  'message' => 
  array (
    'tousername' => 'gh_f9b894563ef4',
    'fromusername' => 'o5V8y1Yugo0-SoPsec4akyBATX4w',
    'createtime' => '1597325437',
    'msgtype' => 'event',
    'event' => 'VIEW',
    'eventkey' => 'http://www.boyufengmao.com/app/index.php?i=6&c=entry&m=ewei_shopv2&do=mobile',
    'menuid' => '445261982',
    'from' => 'o5V8y1Yugo0-SoPsec4akyBATX4w',
    'to' => 'gh_f9b894563ef4',
    'time' => '1597325437',
    'type' => 'text',
    'content' => 'http://www.boyufengmao.com/app/index.php?i=6&c=entry&m=ewei_shopv2&do=mobile',
    'redirection' => true,
    'source' => 'VIEW',
  ),
)

2020-08-13 21:30:38 response :
------------

2020-08-13 21:30:39 trace :
------------
String:
<xml><ToUserName><![CDATA[gh_f9b894563ef4]]></ToUserName>
<FromUserName><![CDATA[o5V8y1Yugo0-SoPsec4akyBATX4w]]></FromUserName>
<CreateTime>1597325439</CreateTime>
<MsgType><![CDATA[event]]></MsgType>
<Event><![CDATA[VIEW]]></Event>
<EventKey><![CDATA[http://www.boyufengmao.com/app/index.php?i=6&c=entry&m=ewei_shopv2&do=mobile]]></EventKey>
<MenuId>445261982</MenuId>
</xml>

2020-08-13 21:30:39 params :
------------
String:
array (
  'rule' => -2,
  'module' => '',
  'message' => 
  array (
    'tousername' => 'gh_f9b894563ef4',
    'fromusername' => 'o5V8y1Yugo0-SoPsec4akyBATX4w',
    'createtime' => '1597325439',
    'msgtype' => 'event',
    'event' => 'VIEW',
    'eventkey' => 'http://www.boyufengmao.com/app/index.php?i=6&c=entry&m=ewei_shopv2&do=mobile',
    'menuid' => '445261982',
    'from' => 'o5V8y1Yugo0-SoPsec4akyBATX4w',
    'to' => 'gh_f9b894563ef4',
    'time' => '1597325439',
    'type' => 'text',
    'content' => 'http://www.boyufengmao.com/app/index.php?i=6&c=entry&m=ewei_shopv2&do=mobile',
    'redirection' => true,
    'source' => 'VIEW',
  ),
)

2020-08-13 21:30:39 response :
------------

2020-08-13 21:31:00 trace :
------------
String:
<xml><ToUserName><![CDATA[gh_f9b894563ef4]]></ToUserName>
<FromUserName><![CDATA[o5V8y1Yugo0-SoPsec4akyBATX4w]]></FromUserName>
<CreateTime>1597325460</CreateTime>
<MsgType><![CDATA[event]]></MsgType>
<Event><![CDATA[VIEW]]></Event>
<EventKey><![CDATA[http://www.boyufengmao.com/app/index.php?i=6&c=entry&m=ewei_shopv2&do=mobile]]></EventKey>
<MenuId>445261982</MenuId>
</xml>

2020-08-13 21:31:00 params :
------------
String:
array (
  'rule' => -2,
  'module' => '',
  'message' => 
  array (
    'tousername' => 'gh_f9b894563ef4',
    'fromusername' => 'o5V8y1Yugo0-SoPsec4akyBATX4w',
    'createtime' => '1597325460',
    'msgtype' => 'event',
    'event' => 'VIEW',
    'eventkey' => 'http://www.boyufengmao.com/app/index.php?i=6&c=entry&m=ewei_shopv2&do=mobile',
    'menuid' => '445261982',
    'from' => 'o5V8y1Yugo0-SoPsec4akyBATX4w',
    'to' => 'gh_f9b894563ef4',
    'time' => '1597325460',
    'type' => 'text',
    'content' => 'http://www.boyufengmao.com/app/index.php?i=6&c=entry&m=ewei_shopv2&do=mobile',
    'redirection' => true,
    'source' => 'VIEW',
  ),
)

2020-08-13 21:31:00 response :
------------

2020-08-13 21:31:24 trace :
------------
String:
<xml><ToUserName><![CDATA[gh_f9b894563ef4]]></ToUserName>
<FromUserName><![CDATA[o5V8y1Yugo0-SoPsec4akyBATX4w]]></FromUserName>
<CreateTime>1597325484</CreateTime>
<MsgType><![CDATA[event]]></MsgType>
<Event><![CDATA[VIEW]]></Event>
<EventKey><![CDATA[http://www.boyufengmao.com/app/index.php?i=6&c=entry&m=ewei_shopv2&do=mobile&r=diypage&id=35]]></EventKey>
<MenuId>445261982</MenuId>
</xml>

2020-08-13 21:31:24 params :
------------
String:
array (
  'rule' => -2,
  'module' => '',
  'message' => 
  array (
    'tousername' => 'gh_f9b894563ef4',
    'fromusername' => 'o5V8y1Yugo0-SoPsec4akyBATX4w',
    'createtime' => '1597325484',
    'msgtype' => 'event',
    'event' => 'VIEW',
    'eventkey' => 'http://www.boyufengmao.com/app/index.php?i=6&c=entry&m=ewei_shopv2&do=mobile&r=diypage&id=35',
    'menuid' => '445261982',
    'from' => 'o5V8y1Yugo0-SoPsec4akyBATX4w',
    'to' => 'gh_f9b894563ef4',
    'time' => '1597325484',
    'type' => 'text',
    'content' => 'http://www.boyufengmao.com/app/index.php?i=6&c=entry&m=ewei_shopv2&do=mobile&r=diypage&id=35',
    'redirection' => true,
    'source' => 'VIEW',
  ),
)

2020-08-13 21:31:24 response :
------------

2020-08-13 21:49:45 trace :
------------
String:
<xml><ToUserName><![CDATA[gh_62bcc2f9639d]]></ToUserName>
<FromUserName><![CDATA[opjhUwJgtlumezqrAAut6lq6Eq1I]]></FromUserName>
<CreateTime>1597326584</CreateTime>
<MsgType><![CDATA[event]]></MsgType>
<Event><![CDATA[subscribe]]></Event>
<EventKey><![CDATA[]]></EventKey>
</xml>

2020-08-13 21:49:45 params :
------------
String:
array (
  'message' => 
  array (
    'tousername' => 'gh_62bcc2f9639d',
    'fromusername' => 'opjhUwJgtlumezqrAAut6lq6Eq1I',
    'createtime' => '1597326584',
    'msgtype' => 'event',
    'event' => 'subscribe',
    'eventkey' => '',
    'from' => 'opjhUwJgtlumezqrAAut6lq6Eq1I',
    'to' => 'gh_62bcc2f9639d',
    'time' => '1597326584',
    'type' => 'text',
    'redirection' => true,
    'source' => 'subscribe',
    'content' => '关注',
  ),
  'module' => 'reply',
  'rule' => '300',
  'priority' => '0',
  'keyword' => 
  array (
    'id' => '327',
    'rid' => '300',
    'uniacid' => '10',
    'module' => 'reply',
    'content' => '关注',
    'type' => '1',
    'displayorder' => '0',
    'status' => '1',
    'reply_type' => 
    array (
      0 => 'basic',
    ),
  ),
  'reply_type' => 
  array (
    0 => 'basic',
  ),
)

2020-08-13 21:49:45 response :
------------
Array:
FromUserName : gh_62bcc2f9639d ;
ToUserName : opjhUwJgtlumezqrAAut6lq6Eq1I ;
MsgType : text ;
Content : 感谢亲这么好看还关注我~
         关注公众号送饮料一瓶
  关注公众号并转发额外再得一瓶
     上午11点至下午2点29元/位
             其他时间36元/位
1.2米以下神兽在大人陪同下免费
   酱龙骨不限量 任性啃 无限吃
        充值满500元永享9折
       充值满2000元永享8折

 ;

2020-08-13 21:55:26 trace :
------------
String:
<xml><ToUserName><![CDATA[gh_f9b894563ef4]]></ToUserName>
<FromUserName><![CDATA[o5V8y1bKK6rkSLtdGXfkcvBTg3Rc]]></FromUserName>
<CreateTime>1597326926</CreateTime>
<MsgType><![CDATA[event]]></MsgType>
<Event><![CDATA[unsubscribe]]></Event>
<EventKey><![CDATA[]]></EventKey>
</xml>

2020-08-13 22:16:59 trace :
------------
String:
<xml><ToUserName><![CDATA[gh_f9b894563ef4]]></ToUserName>
<FromUserName><![CDATA[o5V8y1efaEXM35EeLxOopN9PkjA4]]></FromUserName>
<CreateTime>1597328219</CreateTime>
<MsgType><![CDATA[event]]></MsgType>
<Event><![CDATA[VIEW]]></Event>
<EventKey><![CDATA[http://www.boyufengmao.com/app/index.php?i=6&c=entry&m=ewei_shopv2&do=mobile&r=diypage&id=35]]></EventKey>
<MenuId>445261982</MenuId>
</xml>

2020-08-13 22:16:59 params :
------------
String:
array (
  'rule' => -2,
  'module' => '',
  'message' => 
  array (
    'tousername' => 'gh_f9b894563ef4',
    'fromusername' => 'o5V8y1efaEXM35EeLxOopN9PkjA4',
    'createtime' => '1597328219',
    'msgtype' => 'event',
    'event' => 'VIEW',
    'eventkey' => 'http://www.boyufengmao.com/app/index.php?i=6&c=entry&m=ewei_shopv2&do=mobile&r=diypage&id=35',
    'menuid' => '445261982',
    'from' => 'o5V8y1efaEXM35EeLxOopN9PkjA4',
    'to' => 'gh_f9b894563ef4',
    'time' => '1597328219',
    'type' => 'text',
    'content' => 'http://www.boyufengmao.com/app/index.php?i=6&c=entry&m=ewei_shopv2&do=mobile&r=diypage&id=35',
    'redirection' => true,
    'source' => 'VIEW',
  ),
)

2020-08-13 22:16:59 response :
------------

2020-08-13 22:28:40 trace :
------------
String:
<xml><ToUserName><![CDATA[gh_be85a89af525]]></ToUserName>
<FromUserName><![CDATA[oLBiNwAOgenTGzxxrP0Z69xBIHyE]]></FromUserName>
<CreateTime>1597328920</CreateTime>
<MsgType><![CDATA[event]]></MsgType>
<Event><![CDATA[VIEW]]></Event>
<EventKey><![CDATA[http://www.boyufengmao.com/app/index.php?i=23&c=entry&m=ewei_shopv2&do=mobile]]></EventKey>
<MenuId>445414319</MenuId>
</xml>

2020-08-13 22:28:40 params :
------------
String:
array (
  'rule' => -2,
  'module' => '',
  'message' => 
  array (
    'tousername' => 'gh_be85a89af525',
    'fromusername' => 'oLBiNwAOgenTGzxxrP0Z69xBIHyE',
    'createtime' => '1597328920',
    'msgtype' => 'event',
    'event' => 'VIEW',
    'eventkey' => 'http://www.boyufengmao.com/app/index.php?i=23&c=entry&m=ewei_shopv2&do=mobile',
    'menuid' => '445414319',
    'from' => 'oLBiNwAOgenTGzxxrP0Z69xBIHyE',
    'to' => 'gh_be85a89af525',
    'time' => '1597328920',
    'type' => 'text',
    'content' => 'http://www.boyufengmao.com/app/index.php?i=23&c=entry&m=ewei_shopv2&do=mobile',
    'redirection' => true,
    'source' => 'VIEW',
  ),
)

2020-08-13 22:28:40 response :
------------

