2020-06-04 05:48:36 trace :
------------
String:
<xml><ToUserName><![CDATA[gh_7b3d37846b75]]></ToUserName>
<FromUserName><![CDATA[oZ5PY1KgRq3wI5I7EmNI8TKgv7oY]]></FromUserName>
<CreateTime>1591220916</CreateTime>
<MsgType><![CDATA[event]]></MsgType>
<Event><![CDATA[subscribe]]></Event>
<EventKey><![CDATA[]]></EventKey>
</xml>

2020-06-04 05:48:36 params :
------------
String:
array (
  'rule' => -2,
  'module' => '',
  'message' => 
  array (
    'tousername' => 'gh_7b3d37846b75',
    'fromusername' => 'oZ5PY1KgRq3wI5I7EmNI8TKgv7oY',
    'createtime' => '1591220916',
    'msgtype' => 'event',
    'event' => 'subscribe',
    'eventkey' => '',
    'from' => 'oZ5PY1KgRq3wI5I7EmNI8TKgv7oY',
    'to' => 'gh_7b3d37846b75',
    'time' => '1591220916',
    'type' => 'text',
    'redirection' => true,
    'source' => 'subscribe',
  ),
)

2020-06-04 05:48:36 response :
------------

2020-06-04 05:48:47 trace :
------------
String:
<xml><ToUserName><![CDATA[gh_7b3d37846b75]]></ToUserName>
<FromUserName><![CDATA[oZ5PY1KgRq3wI5I7EmNI8TKgv7oY]]></FromUserName>
<CreateTime>1591220926</CreateTime>
<MsgType><![CDATA[event]]></MsgType>
<Event><![CDATA[VIEW]]></Event>
<EventKey><![CDATA[http://www.boyufengmao.com/app/index.php?i=7&c=entry&m=ewei_shopv2&do=mobile&r=member]]></EventKey>
<MenuId>516391862</MenuId>
</xml>

2020-06-04 05:48:47 params :
------------
String:
array (
  'rule' => -2,
  'module' => '',
  'message' => 
  array (
    'tousername' => 'gh_7b3d37846b75',
    'fromusername' => 'oZ5PY1KgRq3wI5I7EmNI8TKgv7oY',
    'createtime' => '1591220926',
    'msgtype' => 'event',
    'event' => 'VIEW',
    'eventkey' => 'http://www.boyufengmao.com/app/index.php?i=7&c=entry&m=ewei_shopv2&do=mobile&r=member',
    'menuid' => '516391862',
    'from' => 'oZ5PY1KgRq3wI5I7EmNI8TKgv7oY',
    'to' => 'gh_7b3d37846b75',
    'time' => '1591220926',
    'type' => 'text',
    'content' => 'http://www.boyufengmao.com/app/index.php?i=7&c=entry&m=ewei_shopv2&do=mobile&r=member',
    'redirection' => true,
    'source' => 'VIEW',
  ),
)

2020-06-04 05:48:47 response :
------------

2020-06-04 05:49:52 trace :
------------
String:
<xml><ToUserName><![CDATA[gh_7b3d37846b75]]></ToUserName>
<FromUserName><![CDATA[oZ5PY1KgRq3wI5I7EmNI8TKgv7oY]]></FromUserName>
<CreateTime>1591220992</CreateTime>
<MsgType><![CDATA[event]]></MsgType>
<Event><![CDATA[VIEW]]></Event>
<EventKey><![CDATA[http://www.boyufengmao.com/app/index.php?i=7&c=entry&m=ewei_shopv2&do=mobile&r=diypage&id=30]]></EventKey>
<MenuId>516391862</MenuId>
</xml>

2020-06-04 05:49:52 params :
------------
String:
array (
  'rule' => -2,
  'module' => '',
  'message' => 
  array (
    'tousername' => 'gh_7b3d37846b75',
    'fromusername' => 'oZ5PY1KgRq3wI5I7EmNI8TKgv7oY',
    'createtime' => '1591220992',
    'msgtype' => 'event',
    'event' => 'VIEW',
    'eventkey' => 'http://www.boyufengmao.com/app/index.php?i=7&c=entry&m=ewei_shopv2&do=mobile&r=diypage&id=30',
    'menuid' => '516391862',
    'from' => 'oZ5PY1KgRq3wI5I7EmNI8TKgv7oY',
    'to' => 'gh_7b3d37846b75',
    'time' => '1591220992',
    'type' => 'text',
    'content' => 'http://www.boyufengmao.com/app/index.php?i=7&c=entry&m=ewei_shopv2&do=mobile&r=diypage&id=30',
    'redirection' => true,
    'source' => 'VIEW',
  ),
)

2020-06-04 05:49:52 response :
------------

2020-06-04 08:57:23 trace :
------------
String:
<xml><ToUserName><![CDATA[gh_48cc1f7b50f4]]></ToUserName>
<FromUserName><![CDATA[olz_3vov8mGEfbDZgCKH-LB71IRY]]></FromUserName>
<CreateTime>1591232243</CreateTime>
<MsgType><![CDATA[event]]></MsgType>
<Event><![CDATA[VIEW]]></Event>
<EventKey><![CDATA[http://www.boyufengmao.com/app/index.php?i=14&c=entry&m=ewei_shopv2&do=mobile]]></EventKey>
<MenuId>429196825</MenuId>
</xml>

2020-06-04 08:57:23 params :
------------
String:
array (
  'rule' => -2,
  'module' => '',
  'message' => 
  array (
    'tousername' => 'gh_48cc1f7b50f4',
    'fromusername' => 'olz_3vov8mGEfbDZgCKH-LB71IRY',
    'createtime' => '1591232243',
    'msgtype' => 'event',
    'event' => 'VIEW',
    'eventkey' => 'http://www.boyufengmao.com/app/index.php?i=14&c=entry&m=ewei_shopv2&do=mobile',
    'menuid' => '429196825',
    'from' => 'olz_3vov8mGEfbDZgCKH-LB71IRY',
    'to' => 'gh_48cc1f7b50f4',
    'time' => '1591232243',
    'type' => 'text',
    'content' => 'http://www.boyufengmao.com/app/index.php?i=14&c=entry&m=ewei_shopv2&do=mobile',
    'redirection' => true,
    'source' => 'VIEW',
  ),
)

2020-06-04 08:57:23 response :
------------

2020-06-04 09:03:50 trace :
------------
String:
<xml><ToUserName><![CDATA[gh_48cc1f7b50f4]]></ToUserName>
<FromUserName><![CDATA[olz_3vov8mGEfbDZgCKH-LB71IRY]]></FromUserName>
<CreateTime>1591232630</CreateTime>
<MsgType><![CDATA[event]]></MsgType>
<Event><![CDATA[VIEW]]></Event>
<EventKey><![CDATA[http://www.boyufengmao.com/app/index.php?i=14&c=entry&m=ewei_shopv2&do=mobile]]></EventKey>
<MenuId>429196825</MenuId>
</xml>

2020-06-04 09:03:50 params :
------------
String:
array (
  'rule' => -2,
  'module' => '',
  'message' => 
  array (
    'tousername' => 'gh_48cc1f7b50f4',
    'fromusername' => 'olz_3vov8mGEfbDZgCKH-LB71IRY',
    'createtime' => '1591232630',
    'msgtype' => 'event',
    'event' => 'VIEW',
    'eventkey' => 'http://www.boyufengmao.com/app/index.php?i=14&c=entry&m=ewei_shopv2&do=mobile',
    'menuid' => '429196825',
    'from' => 'olz_3vov8mGEfbDZgCKH-LB71IRY',
    'to' => 'gh_48cc1f7b50f4',
    'time' => '1591232630',
    'type' => 'text',
    'content' => 'http://www.boyufengmao.com/app/index.php?i=14&c=entry&m=ewei_shopv2&do=mobile',
    'redirection' => true,
    'source' => 'VIEW',
  ),
)

2020-06-04 09:03:50 response :
------------

2020-06-04 09:04:27 trace :
------------
String:
<xml><ToUserName><![CDATA[gh_48cc1f7b50f4]]></ToUserName>
<FromUserName><![CDATA[olz_3vov8mGEfbDZgCKH-LB71IRY]]></FromUserName>
<CreateTime>1591232667</CreateTime>
<MsgType><![CDATA[event]]></MsgType>
<Event><![CDATA[VIEW]]></Event>
<EventKey><![CDATA[http://www.boyufengmao.com/app/index.php?i=14&c=entry&m=ewei_shopv2&do=mobile]]></EventKey>
<MenuId>429196825</MenuId>
</xml>

2020-06-04 09:04:27 params :
------------
String:
array (
  'rule' => -2,
  'module' => '',
  'message' => 
  array (
    'tousername' => 'gh_48cc1f7b50f4',
    'fromusername' => 'olz_3vov8mGEfbDZgCKH-LB71IRY',
    'createtime' => '1591232667',
    'msgtype' => 'event',
    'event' => 'VIEW',
    'eventkey' => 'http://www.boyufengmao.com/app/index.php?i=14&c=entry&m=ewei_shopv2&do=mobile',
    'menuid' => '429196825',
    'from' => 'olz_3vov8mGEfbDZgCKH-LB71IRY',
    'to' => 'gh_48cc1f7b50f4',
    'time' => '1591232667',
    'type' => 'text',
    'content' => 'http://www.boyufengmao.com/app/index.php?i=14&c=entry&m=ewei_shopv2&do=mobile',
    'redirection' => true,
    'source' => 'VIEW',
  ),
)

2020-06-04 09:04:27 response :
------------

2020-06-04 10:05:46 trace :
------------
String:
<xml><ToUserName><![CDATA[gh_48cc1f7b50f4]]></ToUserName>
<FromUserName><![CDATA[olz_3vov8mGEfbDZgCKH-LB71IRY]]></FromUserName>
<CreateTime>1591236346</CreateTime>
<MsgType><![CDATA[event]]></MsgType>
<Event><![CDATA[VIEW]]></Event>
<EventKey><![CDATA[http://www.boyufengmao.com/app/index.php?i=14&c=entry&m=ewei_shopv2&do=mobile]]></EventKey>
<MenuId>429196825</MenuId>
</xml>

2020-06-04 10:05:46 params :
------------
String:
array (
  'rule' => -2,
  'module' => '',
  'message' => 
  array (
    'tousername' => 'gh_48cc1f7b50f4',
    'fromusername' => 'olz_3vov8mGEfbDZgCKH-LB71IRY',
    'createtime' => '1591236346',
    'msgtype' => 'event',
    'event' => 'VIEW',
    'eventkey' => 'http://www.boyufengmao.com/app/index.php?i=14&c=entry&m=ewei_shopv2&do=mobile',
    'menuid' => '429196825',
    'from' => 'olz_3vov8mGEfbDZgCKH-LB71IRY',
    'to' => 'gh_48cc1f7b50f4',
    'time' => '1591236346',
    'type' => 'text',
    'content' => 'http://www.boyufengmao.com/app/index.php?i=14&c=entry&m=ewei_shopv2&do=mobile',
    'redirection' => true,
    'source' => 'VIEW',
  ),
)

2020-06-04 10:05:46 response :
------------

2020-06-04 10:20:29 trace :
------------
String:
<xml><ToUserName><![CDATA[gh_f84627c82e27]]></ToUserName>
<FromUserName><![CDATA[oLL3Kwd7xmVHXM--cxWMM4afrYrY]]></FromUserName>
<CreateTime>1591237229</CreateTime>
<MsgType><![CDATA[event]]></MsgType>
<Event><![CDATA[VIEW]]></Event>
<EventKey><![CDATA[http://www.boyufengmao.com/app/index.php?i=20&c=entry&eid=1]]></EventKey>
<MenuId>465296285</MenuId>
</xml>

2020-06-04 10:20:29 params :
------------
String:
array (
  'rule' => -2,
  'module' => '',
  'message' => 
  array (
    'tousername' => 'gh_f84627c82e27',
    'fromusername' => 'oLL3Kwd7xmVHXM--cxWMM4afrYrY',
    'createtime' => '1591237229',
    'msgtype' => 'event',
    'event' => 'VIEW',
    'eventkey' => 'http://www.boyufengmao.com/app/index.php?i=20&c=entry&eid=1',
    'menuid' => '465296285',
    'from' => 'oLL3Kwd7xmVHXM--cxWMM4afrYrY',
    'to' => 'gh_f84627c82e27',
    'time' => '1591237229',
    'type' => 'text',
    'content' => 'http://www.boyufengmao.com/app/index.php?i=20&c=entry&eid=1',
    'redirection' => true,
    'source' => 'VIEW',
  ),
)

2020-06-04 10:20:29 response :
------------

2020-06-04 10:25:00 trace :
------------
String:
<xml><ToUserName><![CDATA[gh_48cc1f7b50f4]]></ToUserName>
<FromUserName><![CDATA[olz_3vov8mGEfbDZgCKH-LB71IRY]]></FromUserName>
<CreateTime>1591237500</CreateTime>
<MsgType><![CDATA[event]]></MsgType>
<Event><![CDATA[VIEW]]></Event>
<EventKey><![CDATA[http://www.boyufengmao.com/app/index.php?i=14&c=entry&m=ewei_shopv2&do=mobile]]></EventKey>
<MenuId>429196825</MenuId>
</xml>

2020-06-04 10:25:00 params :
------------
String:
array (
  'rule' => -2,
  'module' => '',
  'message' => 
  array (
    'tousername' => 'gh_48cc1f7b50f4',
    'fromusername' => 'olz_3vov8mGEfbDZgCKH-LB71IRY',
    'createtime' => '1591237500',
    'msgtype' => 'event',
    'event' => 'VIEW',
    'eventkey' => 'http://www.boyufengmao.com/app/index.php?i=14&c=entry&m=ewei_shopv2&do=mobile',
    'menuid' => '429196825',
    'from' => 'olz_3vov8mGEfbDZgCKH-LB71IRY',
    'to' => 'gh_48cc1f7b50f4',
    'time' => '1591237500',
    'type' => 'text',
    'content' => 'http://www.boyufengmao.com/app/index.php?i=14&c=entry&m=ewei_shopv2&do=mobile',
    'redirection' => true,
    'source' => 'VIEW',
  ),
)

2020-06-04 10:25:00 response :
------------

2020-06-04 10:29:31 trace :
------------
String:
<xml><ToUserName><![CDATA[gh_48cc1f7b50f4]]></ToUserName>
<FromUserName><![CDATA[olz_3vov8mGEfbDZgCKH-LB71IRY]]></FromUserName>
<CreateTime>1591237771</CreateTime>
<MsgType><![CDATA[event]]></MsgType>
<Event><![CDATA[VIEW]]></Event>
<EventKey><![CDATA[http://www.boyufengmao.com/app/index.php?i=14&c=entry&m=ewei_shopv2&do=mobile]]></EventKey>
<MenuId>429196825</MenuId>
</xml>

2020-06-04 10:29:31 params :
------------
String:
array (
  'rule' => -2,
  'module' => '',
  'message' => 
  array (
    'tousername' => 'gh_48cc1f7b50f4',
    'fromusername' => 'olz_3vov8mGEfbDZgCKH-LB71IRY',
    'createtime' => '1591237771',
    'msgtype' => 'event',
    'event' => 'VIEW',
    'eventkey' => 'http://www.boyufengmao.com/app/index.php?i=14&c=entry&m=ewei_shopv2&do=mobile',
    'menuid' => '429196825',
    'from' => 'olz_3vov8mGEfbDZgCKH-LB71IRY',
    'to' => 'gh_48cc1f7b50f4',
    'time' => '1591237771',
    'type' => 'text',
    'content' => 'http://www.boyufengmao.com/app/index.php?i=14&c=entry&m=ewei_shopv2&do=mobile',
    'redirection' => true,
    'source' => 'VIEW',
  ),
)

2020-06-04 10:29:31 response :
------------

2020-06-04 10:29:40 trace :
------------
String:
<xml><ToUserName><![CDATA[gh_ad9809bc437f]]></ToUserName>
<FromUserName><![CDATA[or3iRt7kXoeG5BLmyzK5X9r4nlD0]]></FromUserName>
<CreateTime>1591237780</CreateTime>
<MsgType><![CDATA[event]]></MsgType>
<Event><![CDATA[VIEW]]></Event>
<EventKey><![CDATA[http://www.boyufengmao.com/app/index.php?i=18&c=entry&m=ewei_shopv2&do=mobile]]></EventKey>
<MenuId>445163204</MenuId>
</xml>

2020-06-04 10:29:40 params :
------------
String:
array (
  'rule' => -2,
  'module' => '',
  'message' => 
  array (
    'tousername' => 'gh_ad9809bc437f',
    'fromusername' => 'or3iRt7kXoeG5BLmyzK5X9r4nlD0',
    'createtime' => '1591237780',
    'msgtype' => 'event',
    'event' => 'VIEW',
    'eventkey' => 'http://www.boyufengmao.com/app/index.php?i=18&c=entry&m=ewei_shopv2&do=mobile',
    'menuid' => '445163204',
    'from' => 'or3iRt7kXoeG5BLmyzK5X9r4nlD0',
    'to' => 'gh_ad9809bc437f',
    'time' => '1591237780',
    'type' => 'text',
    'content' => 'http://www.boyufengmao.com/app/index.php?i=18&c=entry&m=ewei_shopv2&do=mobile',
    'redirection' => true,
    'source' => 'VIEW',
  ),
)

2020-06-04 10:29:40 response :
------------

2020-06-04 10:30:35 trace :
------------
String:
<xml><ToUserName><![CDATA[gh_f9b894563ef4]]></ToUserName>
<FromUserName><![CDATA[o5V8y1drBfHfrzOlIkp1PWtAux6k]]></FromUserName>
<CreateTime>1591237835</CreateTime>
<MsgType><![CDATA[event]]></MsgType>
<Event><![CDATA[VIEW]]></Event>
<EventKey><![CDATA[http://www.boyufengmao.com/app/index.php?i=6&c=entry&m=ewei_shopv2&do=mobile&r=diypage&id=35]]></EventKey>
<MenuId>445261982</MenuId>
</xml>

2020-06-04 10:30:35 params :
------------
String:
array (
  'rule' => -2,
  'module' => '',
  'message' => 
  array (
    'tousername' => 'gh_f9b894563ef4',
    'fromusername' => 'o5V8y1drBfHfrzOlIkp1PWtAux6k',
    'createtime' => '1591237835',
    'msgtype' => 'event',
    'event' => 'VIEW',
    'eventkey' => 'http://www.boyufengmao.com/app/index.php?i=6&c=entry&m=ewei_shopv2&do=mobile&r=diypage&id=35',
    'menuid' => '445261982',
    'from' => 'o5V8y1drBfHfrzOlIkp1PWtAux6k',
    'to' => 'gh_f9b894563ef4',
    'time' => '1591237835',
    'type' => 'text',
    'content' => 'http://www.boyufengmao.com/app/index.php?i=6&c=entry&m=ewei_shopv2&do=mobile&r=diypage&id=35',
    'redirection' => true,
    'source' => 'VIEW',
  ),
)

2020-06-04 10:30:35 response :
------------

2020-06-04 10:36:57 trace :
------------
String:
<xml><ToUserName><![CDATA[gh_48cc1f7b50f4]]></ToUserName>
<FromUserName><![CDATA[olz_3vs_wBYBI9HbzFKDHrk-RqGk]]></FromUserName>
<CreateTime>1591238217</CreateTime>
<MsgType><![CDATA[event]]></MsgType>
<Event><![CDATA[VIEW]]></Event>
<EventKey><![CDATA[http://www.boyufengmao.com/app/index.php?i=14&c=entry&m=ewei_shopv2&do=mobile]]></EventKey>
<MenuId>429196825</MenuId>
</xml>

2020-06-04 10:36:57 params :
------------
String:
array (
  'rule' => -2,
  'module' => '',
  'message' => 
  array (
    'tousername' => 'gh_48cc1f7b50f4',
    'fromusername' => 'olz_3vs_wBYBI9HbzFKDHrk-RqGk',
    'createtime' => '1591238217',
    'msgtype' => 'event',
    'event' => 'VIEW',
    'eventkey' => 'http://www.boyufengmao.com/app/index.php?i=14&c=entry&m=ewei_shopv2&do=mobile',
    'menuid' => '429196825',
    'from' => 'olz_3vs_wBYBI9HbzFKDHrk-RqGk',
    'to' => 'gh_48cc1f7b50f4',
    'time' => '1591238217',
    'type' => 'text',
    'content' => 'http://www.boyufengmao.com/app/index.php?i=14&c=entry&m=ewei_shopv2&do=mobile',
    'redirection' => true,
    'source' => 'VIEW',
  ),
)

2020-06-04 10:36:57 response :
------------

2020-06-04 10:37:33 trace :
------------
String:
<xml><ToUserName><![CDATA[gh_f9b894563ef4]]></ToUserName>
<FromUserName><![CDATA[o5V8y1dji53s91DVM9ypdRtebqRE]]></FromUserName>
<CreateTime>1591238253</CreateTime>
<MsgType><![CDATA[event]]></MsgType>
<Event><![CDATA[VIEW]]></Event>
<EventKey><![CDATA[http://www.boyufengmao.com/app/index.php?i=6&c=entry&m=ewei_shopv2&do=mobile]]></EventKey>
<MenuId>445261982</MenuId>
</xml>

2020-06-04 10:37:33 params :
------------
String:
array (
  'rule' => -2,
  'module' => '',
  'message' => 
  array (
    'tousername' => 'gh_f9b894563ef4',
    'fromusername' => 'o5V8y1dji53s91DVM9ypdRtebqRE',
    'createtime' => '1591238253',
    'msgtype' => 'event',
    'event' => 'VIEW',
    'eventkey' => 'http://www.boyufengmao.com/app/index.php?i=6&c=entry&m=ewei_shopv2&do=mobile',
    'menuid' => '445261982',
    'from' => 'o5V8y1dji53s91DVM9ypdRtebqRE',
    'to' => 'gh_f9b894563ef4',
    'time' => '1591238253',
    'type' => 'text',
    'content' => 'http://www.boyufengmao.com/app/index.php?i=6&c=entry&m=ewei_shopv2&do=mobile',
    'redirection' => true,
    'source' => 'VIEW',
  ),
)

2020-06-04 10:37:33 response :
------------

2020-06-04 10:53:27 trace :
------------
String:
<xml><ToUserName><![CDATA[gh_5e8fd633e50f]]></ToUserName>
<FromUserName><![CDATA[o0qljuJ7H70l9e7lxDEndVYWptLE]]></FromUserName>
<CreateTime>1591239207</CreateTime>
<MsgType><![CDATA[event]]></MsgType>
<Event><![CDATA[VIEW]]></Event>
<EventKey><![CDATA[http://www.boyufengmao.com/app/index.php?i=17&c=entry&eid=1]]></EventKey>
<MenuId>488228312</MenuId>
</xml>

2020-06-04 10:53:27 params :
------------
String:
array (
  'rule' => -2,
  'module' => '',
  'message' => 
  array (
    'tousername' => 'gh_5e8fd633e50f',
    'fromusername' => 'o0qljuJ7H70l9e7lxDEndVYWptLE',
    'createtime' => '1591239207',
    'msgtype' => 'event',
    'event' => 'VIEW',
    'eventkey' => 'http://www.boyufengmao.com/app/index.php?i=17&c=entry&eid=1',
    'menuid' => '488228312',
    'from' => 'o0qljuJ7H70l9e7lxDEndVYWptLE',
    'to' => 'gh_5e8fd633e50f',
    'time' => '1591239207',
    'type' => 'text',
    'content' => 'http://www.boyufengmao.com/app/index.php?i=17&c=entry&eid=1',
    'redirection' => true,
    'source' => 'VIEW',
  ),
)

2020-06-04 10:53:27 response :
------------

2020-06-04 11:01:24 trace :
------------
String:
<xml><ToUserName><![CDATA[gh_8a7b6f3c4f59]]></ToUserName>
<FromUserName><![CDATA[oLJcswZQhDHaN62go02gdlsQczVc]]></FromUserName>
<CreateTime>1591239684</CreateTime>
<MsgType><![CDATA[event]]></MsgType>
<Event><![CDATA[VIEW]]></Event>
<EventKey><![CDATA[http://www.boyufengmao.com/app/index.php?i=16&c=entry&m=ewei_shopv2&do=mobile]]></EventKey>
<MenuId>424562707</MenuId>
</xml>

2020-06-04 11:01:24 params :
------------
String:
array (
  'rule' => -2,
  'module' => '',
  'message' => 
  array (
    'tousername' => 'gh_8a7b6f3c4f59',
    'fromusername' => 'oLJcswZQhDHaN62go02gdlsQczVc',
    'createtime' => '1591239684',
    'msgtype' => 'event',
    'event' => 'VIEW',
    'eventkey' => 'http://www.boyufengmao.com/app/index.php?i=16&c=entry&m=ewei_shopv2&do=mobile',
    'menuid' => '424562707',
    'from' => 'oLJcswZQhDHaN62go02gdlsQczVc',
    'to' => 'gh_8a7b6f3c4f59',
    'time' => '1591239684',
    'type' => 'text',
    'content' => 'http://www.boyufengmao.com/app/index.php?i=16&c=entry&m=ewei_shopv2&do=mobile',
    'redirection' => true,
    'source' => 'VIEW',
  ),
)

2020-06-04 11:01:24 response :
------------

2020-06-04 11:02:48 trace :
------------
String:
<xml><ToUserName><![CDATA[gh_8a7b6f3c4f59]]></ToUserName>
<FromUserName><![CDATA[oLJcswdlGMumYW7x1cZLpu29o-IU]]></FromUserName>
<CreateTime>1591239768</CreateTime>
<MsgType><![CDATA[event]]></MsgType>
<Event><![CDATA[VIEW]]></Event>
<EventKey><![CDATA[http://www.boyufengmao.com/app/index.php?i=16&c=entry&m=ewei_shopv2&do=mobile]]></EventKey>
<MenuId>424562707</MenuId>
</xml>

2020-06-04 11:02:48 params :
------------
String:
array (
  'rule' => -2,
  'module' => '',
  'message' => 
  array (
    'tousername' => 'gh_8a7b6f3c4f59',
    'fromusername' => 'oLJcswdlGMumYW7x1cZLpu29o-IU',
    'createtime' => '1591239768',
    'msgtype' => 'event',
    'event' => 'VIEW',
    'eventkey' => 'http://www.boyufengmao.com/app/index.php?i=16&c=entry&m=ewei_shopv2&do=mobile',
    'menuid' => '424562707',
    'from' => 'oLJcswdlGMumYW7x1cZLpu29o-IU',
    'to' => 'gh_8a7b6f3c4f59',
    'time' => '1591239768',
    'type' => 'text',
    'content' => 'http://www.boyufengmao.com/app/index.php?i=16&c=entry&m=ewei_shopv2&do=mobile',
    'redirection' => true,
    'source' => 'VIEW',
  ),
)

2020-06-04 11:02:48 response :
------------

2020-06-04 11:03:42 trace :
------------
String:
<xml><ToUserName><![CDATA[gh_f84627c82e27]]></ToUserName>
<FromUserName><![CDATA[oLL3Kwd7xmVHXM--cxWMM4afrYrY]]></FromUserName>
<CreateTime>1591239822</CreateTime>
<MsgType><![CDATA[event]]></MsgType>
<Event><![CDATA[VIEW]]></Event>
<EventKey><![CDATA[http://www.boyufengmao.com/app/index.php?i=20&c=entry&eid=1]]></EventKey>
<MenuId>465296285</MenuId>
</xml>

2020-06-04 11:03:42 params :
------------
String:
array (
  'rule' => -2,
  'module' => '',
  'message' => 
  array (
    'tousername' => 'gh_f84627c82e27',
    'fromusername' => 'oLL3Kwd7xmVHXM--cxWMM4afrYrY',
    'createtime' => '1591239822',
    'msgtype' => 'event',
    'event' => 'VIEW',
    'eventkey' => 'http://www.boyufengmao.com/app/index.php?i=20&c=entry&eid=1',
    'menuid' => '465296285',
    'from' => 'oLL3Kwd7xmVHXM--cxWMM4afrYrY',
    'to' => 'gh_f84627c82e27',
    'time' => '1591239822',
    'type' => 'text',
    'content' => 'http://www.boyufengmao.com/app/index.php?i=20&c=entry&eid=1',
    'redirection' => true,
    'source' => 'VIEW',
  ),
)

2020-06-04 11:03:42 response :
------------

2020-06-04 11:03:44 trace :
------------
String:
<xml><ToUserName><![CDATA[gh_f84627c82e27]]></ToUserName>
<FromUserName><![CDATA[oLL3Kwd7xmVHXM--cxWMM4afrYrY]]></FromUserName>
<CreateTime>1591239824</CreateTime>
<MsgType><![CDATA[event]]></MsgType>
<Event><![CDATA[VIEW]]></Event>
<EventKey><![CDATA[http://www.boyufengmao.com/app/index.php?i=20&c=entry&eid=1]]></EventKey>
<MenuId>465296285</MenuId>
</xml>

2020-06-04 11:03:44 params :
------------
String:
array (
  'rule' => -2,
  'module' => '',
  'message' => 
  array (
    'tousername' => 'gh_f84627c82e27',
    'fromusername' => 'oLL3Kwd7xmVHXM--cxWMM4afrYrY',
    'createtime' => '1591239824',
    'msgtype' => 'event',
    'event' => 'VIEW',
    'eventkey' => 'http://www.boyufengmao.com/app/index.php?i=20&c=entry&eid=1',
    'menuid' => '465296285',
    'from' => 'oLL3Kwd7xmVHXM--cxWMM4afrYrY',
    'to' => 'gh_f84627c82e27',
    'time' => '1591239824',
    'type' => 'text',
    'content' => 'http://www.boyufengmao.com/app/index.php?i=20&c=entry&eid=1',
    'redirection' => true,
    'source' => 'VIEW',
  ),
)

2020-06-04 11:03:44 response :
------------

2020-06-04 11:12:13 trace :
------------
String:
<xml><ToUserName><![CDATA[gh_f84627c82e27]]></ToUserName>
<FromUserName><![CDATA[oLL3Kwd7xmVHXM--cxWMM4afrYrY]]></FromUserName>
<CreateTime>1591240332</CreateTime>
<MsgType><![CDATA[event]]></MsgType>
<Event><![CDATA[VIEW]]></Event>
<EventKey><![CDATA[http://www.boyufengmao.com/app/index.php?i=20&c=entry&eid=1]]></EventKey>
<MenuId>465296285</MenuId>
</xml>

2020-06-04 11:12:13 params :
------------
String:
array (
  'rule' => -2,
  'module' => '',
  'message' => 
  array (
    'tousername' => 'gh_f84627c82e27',
    'fromusername' => 'oLL3Kwd7xmVHXM--cxWMM4afrYrY',
    'createtime' => '1591240332',
    'msgtype' => 'event',
    'event' => 'VIEW',
    'eventkey' => 'http://www.boyufengmao.com/app/index.php?i=20&c=entry&eid=1',
    'menuid' => '465296285',
    'from' => 'oLL3Kwd7xmVHXM--cxWMM4afrYrY',
    'to' => 'gh_f84627c82e27',
    'time' => '1591240332',
    'type' => 'text',
    'content' => 'http://www.boyufengmao.com/app/index.php?i=20&c=entry&eid=1',
    'redirection' => true,
    'source' => 'VIEW',
  ),
)

2020-06-04 11:12:13 response :
------------

2020-06-04 11:12:17 trace :
------------
String:
<xml><ToUserName><![CDATA[gh_f84627c82e27]]></ToUserName>
<FromUserName><![CDATA[oLL3Kwd7xmVHXM--cxWMM4afrYrY]]></FromUserName>
<CreateTime>1591240337</CreateTime>
<MsgType><![CDATA[event]]></MsgType>
<Event><![CDATA[VIEW]]></Event>
<EventKey><![CDATA[http://www.boyufengmao.com/app/index.php?i=20&c=entry&eid=1]]></EventKey>
<MenuId>465296285</MenuId>
</xml>

2020-06-04 11:12:17 params :
------------
String:
array (
  'rule' => -2,
  'module' => '',
  'message' => 
  array (
    'tousername' => 'gh_f84627c82e27',
    'fromusername' => 'oLL3Kwd7xmVHXM--cxWMM4afrYrY',
    'createtime' => '1591240337',
    'msgtype' => 'event',
    'event' => 'VIEW',
    'eventkey' => 'http://www.boyufengmao.com/app/index.php?i=20&c=entry&eid=1',
    'menuid' => '465296285',
    'from' => 'oLL3Kwd7xmVHXM--cxWMM4afrYrY',
    'to' => 'gh_f84627c82e27',
    'time' => '1591240337',
    'type' => 'text',
    'content' => 'http://www.boyufengmao.com/app/index.php?i=20&c=entry&eid=1',
    'redirection' => true,
    'source' => 'VIEW',
  ),
)

2020-06-04 11:12:17 response :
------------

2020-06-04 11:12:44 trace :
------------
String:
<xml><ToUserName><![CDATA[gh_f84627c82e27]]></ToUserName>
<FromUserName><![CDATA[oLL3Kwd7xmVHXM--cxWMM4afrYrY]]></FromUserName>
<CreateTime>1591240364</CreateTime>
<MsgType><![CDATA[event]]></MsgType>
<Event><![CDATA[VIEW]]></Event>
<EventKey><![CDATA[http://www.boyufengmao.com/app/index.php?i=20&c=entry&eid=1]]></EventKey>
<MenuId>465296285</MenuId>
</xml>

2020-06-04 11:12:44 params :
------------
String:
array (
  'rule' => -2,
  'module' => '',
  'message' => 
  array (
    'tousername' => 'gh_f84627c82e27',
    'fromusername' => 'oLL3Kwd7xmVHXM--cxWMM4afrYrY',
    'createtime' => '1591240364',
    'msgtype' => 'event',
    'event' => 'VIEW',
    'eventkey' => 'http://www.boyufengmao.com/app/index.php?i=20&c=entry&eid=1',
    'menuid' => '465296285',
    'from' => 'oLL3Kwd7xmVHXM--cxWMM4afrYrY',
    'to' => 'gh_f84627c82e27',
    'time' => '1591240364',
    'type' => 'text',
    'content' => 'http://www.boyufengmao.com/app/index.php?i=20&c=entry&eid=1',
    'redirection' => true,
    'source' => 'VIEW',
  ),
)

2020-06-04 11:12:44 response :
------------

2020-06-04 11:13:08 trace :
------------
String:
<xml><ToUserName><![CDATA[gh_ad9809bc437f]]></ToUserName>
<FromUserName><![CDATA[or3iRt5id91IqAheSjXU6xfXvmNo]]></FromUserName>
<CreateTime>1591240388</CreateTime>
<MsgType><![CDATA[event]]></MsgType>
<Event><![CDATA[MASSSENDJOBFINISH]]></Event>
<MsgID>1000000001</MsgID>
<Status><![CDATA[send success]]></Status>
<TotalCount>7</TotalCount>
<FilterCount>7</FilterCount>
<SentCount>7</SentCount>
<ErrorCount>0</ErrorCount>
<CopyrightCheckResult><Count>0</Count>
<ResultList></ResultList>
<CheckState>0</CheckState>
</CopyrightCheckResult>
<ArticleUrlResult><Count>1</Count>
<ResultList><item><ArticleIdx>1</ArticleIdx>
<ArticleUrl><![CDATA[http://mp.weixin.qq.com/s/fg2kkZi5RTd7EUFics-xJA]]></ArticleUrl>
</item>
</ResultList>
</ArticleUrlResult>
</xml>

2020-06-04 11:13:08 params :
------------
String:
array (
  'rule' => -2,
  'module' => '',
  'message' => 
  array (
    'tousername' => 'gh_ad9809bc437f',
    'fromusername' => 'or3iRt5id91IqAheSjXU6xfXvmNo',
    'createtime' => '1591240388',
    'msgtype' => 'event',
    'event' => 'MASSSENDJOBFINISH',
    'msgid' => '1000000001',
    'status' => 'send success',
    'totalcount' => '7',
    'filtercount' => '7',
    'sentcount' => '7',
    'errorcount' => '0',
    'copyrightcheckresult' => 
    array (
      'count' => '0',
      'resultlist' => '',
      'checkstate' => '0',
    ),
    'articleurlresult' => 
    array (
      'count' => '1',
      'resultlist' => 
      array (
        'item' => 
        array (
          'articleidx' => '1',
          'articleurl' => 'http://mp.weixin.qq.com/s/fg2kkZi5RTd7EUFics-xJA',
        ),
      ),
    ),
    'from' => 'or3iRt5id91IqAheSjXU6xfXvmNo',
    'to' => 'gh_ad9809bc437f',
    'time' => '1591240388',
    'type' => 'event',
  ),
)

2020-06-04 11:13:08 response :
------------

2020-06-04 11:25:04 trace :
------------
String:
<xml><ToUserName><![CDATA[gh_5e8fd633e50f]]></ToUserName>
<FromUserName><![CDATA[o0qljuJ7H70l9e7lxDEndVYWptLE]]></FromUserName>
<CreateTime>1591241104</CreateTime>
<MsgType><![CDATA[event]]></MsgType>
<Event><![CDATA[VIEW]]></Event>
<EventKey><![CDATA[http://www.boyufengmao.com/app/index.php?i=17&c=entry&m=ewei_shopv2&do=mobile&r=diypage&id=117]]></EventKey>
<MenuId>488228312</MenuId>
</xml>

2020-06-04 11:25:04 params :
------------
String:
array (
  'rule' => -2,
  'module' => '',
  'message' => 
  array (
    'tousername' => 'gh_5e8fd633e50f',
    'fromusername' => 'o0qljuJ7H70l9e7lxDEndVYWptLE',
    'createtime' => '1591241104',
    'msgtype' => 'event',
    'event' => 'VIEW',
    'eventkey' => 'http://www.boyufengmao.com/app/index.php?i=17&c=entry&m=ewei_shopv2&do=mobile&r=diypage&id=117',
    'menuid' => '488228312',
    'from' => 'o0qljuJ7H70l9e7lxDEndVYWptLE',
    'to' => 'gh_5e8fd633e50f',
    'time' => '1591241104',
    'type' => 'text',
    'content' => 'http://www.boyufengmao.com/app/index.php?i=17&c=entry&m=ewei_shopv2&do=mobile&r=diypage&id=117',
    'redirection' => true,
    'source' => 'VIEW',
  ),
)

2020-06-04 11:25:04 response :
------------

2020-06-04 11:38:36 trace :
------------
String:
<xml><ToUserName><![CDATA[gh_48cc1f7b50f4]]></ToUserName>
<FromUserName><![CDATA[olz_3vov8mGEfbDZgCKH-LB71IRY]]></FromUserName>
<CreateTime>1591241916</CreateTime>
<MsgType><![CDATA[event]]></MsgType>
<Event><![CDATA[VIEW]]></Event>
<EventKey><![CDATA[http://www.boyufengmao.com/app/index.php?i=14&c=entry&m=ewei_shopv2&do=mobile]]></EventKey>
<MenuId>429196825</MenuId>
</xml>

2020-06-04 11:38:36 params :
------------
String:
array (
  'rule' => -2,
  'module' => '',
  'message' => 
  array (
    'tousername' => 'gh_48cc1f7b50f4',
    'fromusername' => 'olz_3vov8mGEfbDZgCKH-LB71IRY',
    'createtime' => '1591241916',
    'msgtype' => 'event',
    'event' => 'VIEW',
    'eventkey' => 'http://www.boyufengmao.com/app/index.php?i=14&c=entry&m=ewei_shopv2&do=mobile',
    'menuid' => '429196825',
    'from' => 'olz_3vov8mGEfbDZgCKH-LB71IRY',
    'to' => 'gh_48cc1f7b50f4',
    'time' => '1591241916',
    'type' => 'text',
    'content' => 'http://www.boyufengmao.com/app/index.php?i=14&c=entry&m=ewei_shopv2&do=mobile',
    'redirection' => true,
    'source' => 'VIEW',
  ),
)

2020-06-04 11:38:36 response :
------------

2020-06-04 12:54:51 trace :
------------
String:
<xml><ToUserName><![CDATA[gh_f9b894563ef4]]></ToUserName>
<FromUserName><![CDATA[o5V8y1dji53s91DVM9ypdRtebqRE]]></FromUserName>
<CreateTime>1591246490</CreateTime>
<MsgType><![CDATA[event]]></MsgType>
<Event><![CDATA[VIEW]]></Event>
<EventKey><![CDATA[http://www.boyufengmao.com/app/index.php?i=6&c=entry&m=ewei_shopv2&do=mobile&r=diypage&id=35]]></EventKey>
<MenuId>445261982</MenuId>
</xml>

2020-06-04 12:54:51 params :
------------
String:
array (
  'rule' => -2,
  'module' => '',
  'message' => 
  array (
    'tousername' => 'gh_f9b894563ef4',
    'fromusername' => 'o5V8y1dji53s91DVM9ypdRtebqRE',
    'createtime' => '1591246490',
    'msgtype' => 'event',
    'event' => 'VIEW',
    'eventkey' => 'http://www.boyufengmao.com/app/index.php?i=6&c=entry&m=ewei_shopv2&do=mobile&r=diypage&id=35',
    'menuid' => '445261982',
    'from' => 'o5V8y1dji53s91DVM9ypdRtebqRE',
    'to' => 'gh_f9b894563ef4',
    'time' => '1591246490',
    'type' => 'text',
    'content' => 'http://www.boyufengmao.com/app/index.php?i=6&c=entry&m=ewei_shopv2&do=mobile&r=diypage&id=35',
    'redirection' => true,
    'source' => 'VIEW',
  ),
)

2020-06-04 12:54:51 response :
------------

2020-06-04 12:57:46 trace :
------------
String:
<xml><ToUserName><![CDATA[gh_f9b894563ef4]]></ToUserName>
<FromUserName><![CDATA[o5V8y1drBfHfrzOlIkp1PWtAux6k]]></FromUserName>
<CreateTime>1591246666</CreateTime>
<MsgType><![CDATA[event]]></MsgType>
<Event><![CDATA[VIEW]]></Event>
<EventKey><![CDATA[http://www.boyufengmao.com/app/index.php?i=6&c=entry&m=ewei_shopv2&do=mobile&r=diypage&id=35]]></EventKey>
<MenuId>445261982</MenuId>
</xml>

2020-06-04 12:57:46 params :
------------
String:
array (
  'rule' => -2,
  'module' => '',
  'message' => 
  array (
    'tousername' => 'gh_f9b894563ef4',
    'fromusername' => 'o5V8y1drBfHfrzOlIkp1PWtAux6k',
    'createtime' => '1591246666',
    'msgtype' => 'event',
    'event' => 'VIEW',
    'eventkey' => 'http://www.boyufengmao.com/app/index.php?i=6&c=entry&m=ewei_shopv2&do=mobile&r=diypage&id=35',
    'menuid' => '445261982',
    'from' => 'o5V8y1drBfHfrzOlIkp1PWtAux6k',
    'to' => 'gh_f9b894563ef4',
    'time' => '1591246666',
    'type' => 'text',
    'content' => 'http://www.boyufengmao.com/app/index.php?i=6&c=entry&m=ewei_shopv2&do=mobile&r=diypage&id=35',
    'redirection' => true,
    'source' => 'VIEW',
  ),
)

2020-06-04 12:57:46 response :
------------

2020-06-04 13:19:50 trace :
------------
String:
<xml><ToUserName><![CDATA[gh_f9b894563ef4]]></ToUserName>
<FromUserName><![CDATA[o5V8y1dM2pvrVE1HOtmQcJWHpJf8]]></FromUserName>
<CreateTime>1591247990</CreateTime>
<MsgType><![CDATA[event]]></MsgType>
<Event><![CDATA[VIEW]]></Event>
<EventKey><![CDATA[http://www.boyufengmao.com/app/index.php?i=6&c=entry&m=ewei_shopv2&do=mobile]]></EventKey>
<MenuId>445261982</MenuId>
</xml>

2020-06-04 13:19:50 params :
------------
String:
array (
  'rule' => -2,
  'module' => '',
  'message' => 
  array (
    'tousername' => 'gh_f9b894563ef4',
    'fromusername' => 'o5V8y1dM2pvrVE1HOtmQcJWHpJf8',
    'createtime' => '1591247990',
    'msgtype' => 'event',
    'event' => 'VIEW',
    'eventkey' => 'http://www.boyufengmao.com/app/index.php?i=6&c=entry&m=ewei_shopv2&do=mobile',
    'menuid' => '445261982',
    'from' => 'o5V8y1dM2pvrVE1HOtmQcJWHpJf8',
    'to' => 'gh_f9b894563ef4',
    'time' => '1591247990',
    'type' => 'text',
    'content' => 'http://www.boyufengmao.com/app/index.php?i=6&c=entry&m=ewei_shopv2&do=mobile',
    'redirection' => true,
    'source' => 'VIEW',
  ),
)

2020-06-04 13:19:50 response :
------------

2020-06-04 13:33:02 trace :
------------
String:
<xml><ToUserName><![CDATA[gh_f9b894563ef4]]></ToUserName>
<FromUserName><![CDATA[o5V8y1WycM8uUUljkklCIKTJYHdk]]></FromUserName>
<CreateTime>1591248782</CreateTime>
<MsgType><![CDATA[event]]></MsgType>
<Event><![CDATA[VIEW]]></Event>
<EventKey><![CDATA[http://www.boyufengmao.com/app/index.php?i=6&c=entry&m=ewei_shopv2&do=mobile&r=diypage&id=35]]></EventKey>
<MenuId>445261982</MenuId>
</xml>

2020-06-04 13:33:02 params :
------------
String:
array (
  'rule' => -2,
  'module' => '',
  'message' => 
  array (
    'tousername' => 'gh_f9b894563ef4',
    'fromusername' => 'o5V8y1WycM8uUUljkklCIKTJYHdk',
    'createtime' => '1591248782',
    'msgtype' => 'event',
    'event' => 'VIEW',
    'eventkey' => 'http://www.boyufengmao.com/app/index.php?i=6&c=entry&m=ewei_shopv2&do=mobile&r=diypage&id=35',
    'menuid' => '445261982',
    'from' => 'o5V8y1WycM8uUUljkklCIKTJYHdk',
    'to' => 'gh_f9b894563ef4',
    'time' => '1591248782',
    'type' => 'text',
    'content' => 'http://www.boyufengmao.com/app/index.php?i=6&c=entry&m=ewei_shopv2&do=mobile&r=diypage&id=35',
    'redirection' => true,
    'source' => 'VIEW',
  ),
)

2020-06-04 13:33:02 response :
------------

2020-06-04 13:33:31 trace :
------------
String:
<xml><ToUserName><![CDATA[gh_f9b894563ef4]]></ToUserName>
<FromUserName><![CDATA[o5V8y1WycM8uUUljkklCIKTJYHdk]]></FromUserName>
<CreateTime>1591248811</CreateTime>
<MsgType><![CDATA[event]]></MsgType>
<Event><![CDATA[VIEW]]></Event>
<EventKey><![CDATA[http://www.boyufengmao.com/app/index.php?i=6&c=entry&m=ewei_shopv2&do=mobile]]></EventKey>
<MenuId>445261982</MenuId>
</xml>

2020-06-04 13:33:31 params :
------------
String:
array (
  'rule' => -2,
  'module' => '',
  'message' => 
  array (
    'tousername' => 'gh_f9b894563ef4',
    'fromusername' => 'o5V8y1WycM8uUUljkklCIKTJYHdk',
    'createtime' => '1591248811',
    'msgtype' => 'event',
    'event' => 'VIEW',
    'eventkey' => 'http://www.boyufengmao.com/app/index.php?i=6&c=entry&m=ewei_shopv2&do=mobile',
    'menuid' => '445261982',
    'from' => 'o5V8y1WycM8uUUljkklCIKTJYHdk',
    'to' => 'gh_f9b894563ef4',
    'time' => '1591248811',
    'type' => 'text',
    'content' => 'http://www.boyufengmao.com/app/index.php?i=6&c=entry&m=ewei_shopv2&do=mobile',
    'redirection' => true,
    'source' => 'VIEW',
  ),
)

2020-06-04 13:33:31 response :
------------

2020-06-04 13:40:13 trace :
------------
String:
<xml><ToUserName><![CDATA[gh_5e8fd633e50f]]></ToUserName>
<FromUserName><![CDATA[o0qljuGZ7Am5qfLXMNgFQ7HXHNuM]]></FromUserName>
<CreateTime>1591249212</CreateTime>
<MsgType><![CDATA[event]]></MsgType>
<Event><![CDATA[subscribe]]></Event>
<EventKey><![CDATA[]]></EventKey>
</xml>

2020-06-04 13:40:13 params :
------------
String:
array (
  'rule' => -2,
  'module' => '',
  'message' => 
  array (
    'tousername' => 'gh_5e8fd633e50f',
    'fromusername' => 'o0qljuGZ7Am5qfLXMNgFQ7HXHNuM',
    'createtime' => '1591249212',
    'msgtype' => 'event',
    'event' => 'subscribe',
    'eventkey' => '',
    'from' => 'o0qljuGZ7Am5qfLXMNgFQ7HXHNuM',
    'to' => 'gh_5e8fd633e50f',
    'time' => '1591249212',
    'type' => 'text',
    'redirection' => true,
    'source' => 'subscribe',
  ),
)

2020-06-04 13:40:13 response :
------------

2020-06-04 13:41:20 trace :
------------
String:
<xml><ToUserName><![CDATA[gh_5e8fd633e50f]]></ToUserName>
<FromUserName><![CDATA[o0qljuGZ7Am5qfLXMNgFQ7HXHNuM]]></FromUserName>
<CreateTime>1591249280</CreateTime>
<MsgType><![CDATA[event]]></MsgType>
<Event><![CDATA[VIEW]]></Event>
<EventKey><![CDATA[http://www.boyufengmao.com/app/index.php?i=17&c=entry&m=ewei_shopv2&do=mobile&r=diypage&id=117]]></EventKey>
<MenuId>488228312</MenuId>
</xml>

2020-06-04 13:41:20 params :
------------
String:
array (
  'rule' => -2,
  'module' => '',
  'message' => 
  array (
    'tousername' => 'gh_5e8fd633e50f',
    'fromusername' => 'o0qljuGZ7Am5qfLXMNgFQ7HXHNuM',
    'createtime' => '1591249280',
    'msgtype' => 'event',
    'event' => 'VIEW',
    'eventkey' => 'http://www.boyufengmao.com/app/index.php?i=17&c=entry&m=ewei_shopv2&do=mobile&r=diypage&id=117',
    'menuid' => '488228312',
    'from' => 'o0qljuGZ7Am5qfLXMNgFQ7HXHNuM',
    'to' => 'gh_5e8fd633e50f',
    'time' => '1591249280',
    'type' => 'text',
    'content' => 'http://www.boyufengmao.com/app/index.php?i=17&c=entry&m=ewei_shopv2&do=mobile&r=diypage&id=117',
    'redirection' => true,
    'source' => 'VIEW',
  ),
)

2020-06-04 13:41:20 response :
------------

2020-06-04 13:45:11 trace :
------------
String:
<xml><ToUserName><![CDATA[gh_5e8fd633e50f]]></ToUserName>
<FromUserName><![CDATA[o0qljuKXYdL8e-D5gUXzjzFuWI6k]]></FromUserName>
<CreateTime>1591249511</CreateTime>
<MsgType><![CDATA[event]]></MsgType>
<Event><![CDATA[subscribe]]></Event>
<EventKey><![CDATA[]]></EventKey>
</xml>

2020-06-04 13:45:11 params :
------------
String:
array (
  'rule' => -2,
  'module' => '',
  'message' => 
  array (
    'tousername' => 'gh_5e8fd633e50f',
    'fromusername' => 'o0qljuKXYdL8e-D5gUXzjzFuWI6k',
    'createtime' => '1591249511',
    'msgtype' => 'event',
    'event' => 'subscribe',
    'eventkey' => '',
    'from' => 'o0qljuKXYdL8e-D5gUXzjzFuWI6k',
    'to' => 'gh_5e8fd633e50f',
    'time' => '1591249511',
    'type' => 'text',
    'redirection' => true,
    'source' => 'subscribe',
  ),
)

2020-06-04 13:45:11 response :
------------

2020-06-04 13:58:52 trace :
------------
String:
<xml><ToUserName><![CDATA[gh_f9b894563ef4]]></ToUserName>
<FromUserName><![CDATA[o5V8y1WbY-TscAhHcTM3GobSmq9c]]></FromUserName>
<CreateTime>1591250331</CreateTime>
<MsgType><![CDATA[event]]></MsgType>
<Event><![CDATA[VIEW]]></Event>
<EventKey><![CDATA[http://www.boyufengmao.com/app/index.php?i=6&c=entry&m=ewei_shopv2&do=mobile]]></EventKey>
<MenuId>445261982</MenuId>
</xml>

2020-06-04 13:58:52 params :
------------
String:
array (
  'rule' => -2,
  'module' => '',
  'message' => 
  array (
    'tousername' => 'gh_f9b894563ef4',
    'fromusername' => 'o5V8y1WbY-TscAhHcTM3GobSmq9c',
    'createtime' => '1591250331',
    'msgtype' => 'event',
    'event' => 'VIEW',
    'eventkey' => 'http://www.boyufengmao.com/app/index.php?i=6&c=entry&m=ewei_shopv2&do=mobile',
    'menuid' => '445261982',
    'from' => 'o5V8y1WbY-TscAhHcTM3GobSmq9c',
    'to' => 'gh_f9b894563ef4',
    'time' => '1591250331',
    'type' => 'text',
    'content' => 'http://www.boyufengmao.com/app/index.php?i=6&c=entry&m=ewei_shopv2&do=mobile',
    'redirection' => true,
    'source' => 'VIEW',
  ),
)

2020-06-04 13:58:52 response :
------------

2020-06-04 14:18:05 trace :
------------
String:
<xml><ToUserName><![CDATA[gh_7b3d37846b75]]></ToUserName>
<FromUserName><![CDATA[oZ5PY1EN-q6sYmrKEbgin420PotQ]]></FromUserName>
<CreateTime>1591251485</CreateTime>
<MsgType><![CDATA[event]]></MsgType>
<Event><![CDATA[VIEW]]></Event>
<EventKey><![CDATA[http://www.boyufengmao.com/app/index.php?i=7&c=entry&m=ewei_shopv2&do=mobile&r=diypage&id=30]]></EventKey>
<MenuId>516391862</MenuId>
</xml>

2020-06-04 14:18:05 params :
------------
String:
array (
  'rule' => -2,
  'module' => '',
  'message' => 
  array (
    'tousername' => 'gh_7b3d37846b75',
    'fromusername' => 'oZ5PY1EN-q6sYmrKEbgin420PotQ',
    'createtime' => '1591251485',
    'msgtype' => 'event',
    'event' => 'VIEW',
    'eventkey' => 'http://www.boyufengmao.com/app/index.php?i=7&c=entry&m=ewei_shopv2&do=mobile&r=diypage&id=30',
    'menuid' => '516391862',
    'from' => 'oZ5PY1EN-q6sYmrKEbgin420PotQ',
    'to' => 'gh_7b3d37846b75',
    'time' => '1591251485',
    'type' => 'text',
    'content' => 'http://www.boyufengmao.com/app/index.php?i=7&c=entry&m=ewei_shopv2&do=mobile&r=diypage&id=30',
    'redirection' => true,
    'source' => 'VIEW',
  ),
)

2020-06-04 14:18:05 response :
------------

2020-06-04 14:18:47 trace :
------------
String:
<xml><ToUserName><![CDATA[gh_7b3d37846b75]]></ToUserName>
<FromUserName><![CDATA[oZ5PY1EN-q6sYmrKEbgin420PotQ]]></FromUserName>
<CreateTime>1591251527</CreateTime>
<MsgType><![CDATA[event]]></MsgType>
<Event><![CDATA[VIEW]]></Event>
<EventKey><![CDATA[http://www.boyufengmao.com/app/index.php?i=7&c=entry&m=ewei_shopv2&do=mobile&r=diypage&id=30]]></EventKey>
<MenuId>516391862</MenuId>
</xml>

2020-06-04 14:18:47 params :
------------
String:
array (
  'rule' => -2,
  'module' => '',
  'message' => 
  array (
    'tousername' => 'gh_7b3d37846b75',
    'fromusername' => 'oZ5PY1EN-q6sYmrKEbgin420PotQ',
    'createtime' => '1591251527',
    'msgtype' => 'event',
    'event' => 'VIEW',
    'eventkey' => 'http://www.boyufengmao.com/app/index.php?i=7&c=entry&m=ewei_shopv2&do=mobile&r=diypage&id=30',
    'menuid' => '516391862',
    'from' => 'oZ5PY1EN-q6sYmrKEbgin420PotQ',
    'to' => 'gh_7b3d37846b75',
    'time' => '1591251527',
    'type' => 'text',
    'content' => 'http://www.boyufengmao.com/app/index.php?i=7&c=entry&m=ewei_shopv2&do=mobile&r=diypage&id=30',
    'redirection' => true,
    'source' => 'VIEW',
  ),
)

2020-06-04 14:18:47 response :
------------

2020-06-04 14:20:21 trace :
------------
String:
<xml><ToUserName><![CDATA[gh_f9b894563ef4]]></ToUserName>
<FromUserName><![CDATA[o5V8y1QLOrdVGGPRqd535Agi7gAE]]></FromUserName>
<CreateTime>1591251621</CreateTime>
<MsgType><![CDATA[event]]></MsgType>
<Event><![CDATA[VIEW]]></Event>
<EventKey><![CDATA[http://www.boyufengmao.com/app/index.php?i=6&c=entry&m=ewei_shopv2&do=mobile&r=diypage&id=35]]></EventKey>
<MenuId>445261982</MenuId>
</xml>

2020-06-04 14:20:21 params :
------------
String:
array (
  'rule' => -2,
  'module' => '',
  'message' => 
  array (
    'tousername' => 'gh_f9b894563ef4',
    'fromusername' => 'o5V8y1QLOrdVGGPRqd535Agi7gAE',
    'createtime' => '1591251621',
    'msgtype' => 'event',
    'event' => 'VIEW',
    'eventkey' => 'http://www.boyufengmao.com/app/index.php?i=6&c=entry&m=ewei_shopv2&do=mobile&r=diypage&id=35',
    'menuid' => '445261982',
    'from' => 'o5V8y1QLOrdVGGPRqd535Agi7gAE',
    'to' => 'gh_f9b894563ef4',
    'time' => '1591251621',
    'type' => 'text',
    'content' => 'http://www.boyufengmao.com/app/index.php?i=6&c=entry&m=ewei_shopv2&do=mobile&r=diypage&id=35',
    'redirection' => true,
    'source' => 'VIEW',
  ),
)

2020-06-04 14:20:21 response :
------------

2020-06-04 14:20:57 trace :
------------
String:
<xml><ToUserName><![CDATA[gh_5e8fd633e50f]]></ToUserName>
<FromUserName><![CDATA[o0qljuJ7H70l9e7lxDEndVYWptLE]]></FromUserName>
<CreateTime>1591251657</CreateTime>
<MsgType><![CDATA[event]]></MsgType>
<Event><![CDATA[VIEW]]></Event>
<EventKey><![CDATA[http://www.boyufengmao.com/app/index.php?i=17&c=entry&eid=1]]></EventKey>
<MenuId>488228312</MenuId>
</xml>

2020-06-04 14:20:57 params :
------------
String:
array (
  'rule' => -2,
  'module' => '',
  'message' => 
  array (
    'tousername' => 'gh_5e8fd633e50f',
    'fromusername' => 'o0qljuJ7H70l9e7lxDEndVYWptLE',
    'createtime' => '1591251657',
    'msgtype' => 'event',
    'event' => 'VIEW',
    'eventkey' => 'http://www.boyufengmao.com/app/index.php?i=17&c=entry&eid=1',
    'menuid' => '488228312',
    'from' => 'o0qljuJ7H70l9e7lxDEndVYWptLE',
    'to' => 'gh_5e8fd633e50f',
    'time' => '1591251657',
    'type' => 'text',
    'content' => 'http://www.boyufengmao.com/app/index.php?i=17&c=entry&eid=1',
    'redirection' => true,
    'source' => 'VIEW',
  ),
)

2020-06-04 14:20:57 response :
------------

2020-06-04 14:22:37 trace :
------------
String:
<xml><ToUserName><![CDATA[gh_5e8fd633e50f]]></ToUserName>
<FromUserName><![CDATA[o0qljuJ7H70l9e7lxDEndVYWptLE]]></FromUserName>
<CreateTime>1591251757</CreateTime>
<MsgType><![CDATA[event]]></MsgType>
<Event><![CDATA[VIEW]]></Event>
<EventKey><![CDATA[http://www.boyufengmao.com/app/index.php?i=17&c=entry&eid=1]]></EventKey>
<MenuId>488228312</MenuId>
</xml>

2020-06-04 14:22:37 params :
------------
String:
array (
  'rule' => -2,
  'module' => '',
  'message' => 
  array (
    'tousername' => 'gh_5e8fd633e50f',
    'fromusername' => 'o0qljuJ7H70l9e7lxDEndVYWptLE',
    'createtime' => '1591251757',
    'msgtype' => 'event',
    'event' => 'VIEW',
    'eventkey' => 'http://www.boyufengmao.com/app/index.php?i=17&c=entry&eid=1',
    'menuid' => '488228312',
    'from' => 'o0qljuJ7H70l9e7lxDEndVYWptLE',
    'to' => 'gh_5e8fd633e50f',
    'time' => '1591251757',
    'type' => 'text',
    'content' => 'http://www.boyufengmao.com/app/index.php?i=17&c=entry&eid=1',
    'redirection' => true,
    'source' => 'VIEW',
  ),
)

2020-06-04 14:22:37 response :
------------

2020-06-04 14:24:26 trace :
------------
String:
<xml><ToUserName><![CDATA[gh_f84627c82e27]]></ToUserName>
<FromUserName><![CDATA[oLL3Kwd7xmVHXM--cxWMM4afrYrY]]></FromUserName>
<CreateTime>1591251866</CreateTime>
<MsgType><![CDATA[event]]></MsgType>
<Event><![CDATA[VIEW]]></Event>
<EventKey><![CDATA[http://www.boyufengmao.com/app/index.php?i=20&c=entry&eid=1]]></EventKey>
<MenuId>465296285</MenuId>
</xml>

2020-06-04 14:24:26 params :
------------
String:
array (
  'rule' => -2,
  'module' => '',
  'message' => 
  array (
    'tousername' => 'gh_f84627c82e27',
    'fromusername' => 'oLL3Kwd7xmVHXM--cxWMM4afrYrY',
    'createtime' => '1591251866',
    'msgtype' => 'event',
    'event' => 'VIEW',
    'eventkey' => 'http://www.boyufengmao.com/app/index.php?i=20&c=entry&eid=1',
    'menuid' => '465296285',
    'from' => 'oLL3Kwd7xmVHXM--cxWMM4afrYrY',
    'to' => 'gh_f84627c82e27',
    'time' => '1591251866',
    'type' => 'text',
    'content' => 'http://www.boyufengmao.com/app/index.php?i=20&c=entry&eid=1',
    'redirection' => true,
    'source' => 'VIEW',
  ),
)

2020-06-04 14:24:26 response :
------------

2020-06-04 14:25:17 trace :
------------
String:
<xml><ToUserName><![CDATA[gh_48cc1f7b50f4]]></ToUserName>
<FromUserName><![CDATA[olz_3vov8mGEfbDZgCKH-LB71IRY]]></FromUserName>
<CreateTime>1591251917</CreateTime>
<MsgType><![CDATA[event]]></MsgType>
<Event><![CDATA[VIEW]]></Event>
<EventKey><![CDATA[http://www.boyufengmao.com/app/index.php?i=14&c=entry&m=ewei_shopv2&do=mobile]]></EventKey>
<MenuId>429196825</MenuId>
</xml>

2020-06-04 14:25:17 params :
------------
String:
array (
  'rule' => -2,
  'module' => '',
  'message' => 
  array (
    'tousername' => 'gh_48cc1f7b50f4',
    'fromusername' => 'olz_3vov8mGEfbDZgCKH-LB71IRY',
    'createtime' => '1591251917',
    'msgtype' => 'event',
    'event' => 'VIEW',
    'eventkey' => 'http://www.boyufengmao.com/app/index.php?i=14&c=entry&m=ewei_shopv2&do=mobile',
    'menuid' => '429196825',
    'from' => 'olz_3vov8mGEfbDZgCKH-LB71IRY',
    'to' => 'gh_48cc1f7b50f4',
    'time' => '1591251917',
    'type' => 'text',
    'content' => 'http://www.boyufengmao.com/app/index.php?i=14&c=entry&m=ewei_shopv2&do=mobile',
    'redirection' => true,
    'source' => 'VIEW',
  ),
)

2020-06-04 14:25:17 response :
------------

2020-06-04 14:26:09 trace :
------------
String:
<xml><ToUserName><![CDATA[gh_48cc1f7b50f4]]></ToUserName>
<FromUserName><![CDATA[olz_3vov8mGEfbDZgCKH-LB71IRY]]></FromUserName>
<CreateTime>1591251969</CreateTime>
<MsgType><![CDATA[event]]></MsgType>
<Event><![CDATA[VIEW]]></Event>
<EventKey><![CDATA[http://www.boyufengmao.com/app/index.php?i=14&c=entry&m=ewei_shopv2&do=mobile]]></EventKey>
<MenuId>429196825</MenuId>
</xml>

2020-06-04 14:26:09 params :
------------
String:
array (
  'rule' => -2,
  'module' => '',
  'message' => 
  array (
    'tousername' => 'gh_48cc1f7b50f4',
    'fromusername' => 'olz_3vov8mGEfbDZgCKH-LB71IRY',
    'createtime' => '1591251969',
    'msgtype' => 'event',
    'event' => 'VIEW',
    'eventkey' => 'http://www.boyufengmao.com/app/index.php?i=14&c=entry&m=ewei_shopv2&do=mobile',
    'menuid' => '429196825',
    'from' => 'olz_3vov8mGEfbDZgCKH-LB71IRY',
    'to' => 'gh_48cc1f7b50f4',
    'time' => '1591251969',
    'type' => 'text',
    'content' => 'http://www.boyufengmao.com/app/index.php?i=14&c=entry&m=ewei_shopv2&do=mobile',
    'redirection' => true,
    'source' => 'VIEW',
  ),
)

2020-06-04 14:26:09 response :
------------

2020-06-04 14:28:41 trace :
------------
String:
<xml><ToUserName><![CDATA[gh_f84627c82e27]]></ToUserName>
<FromUserName><![CDATA[oLL3Kwd7xmVHXM--cxWMM4afrYrY]]></FromUserName>
<CreateTime>1591252121</CreateTime>
<MsgType><![CDATA[event]]></MsgType>
<Event><![CDATA[VIEW]]></Event>
<EventKey><![CDATA[http://www.boyufengmao.com/app/index.php?i=20&c=entry&eid=1]]></EventKey>
<MenuId>465296285</MenuId>
</xml>

2020-06-04 14:28:41 params :
------------
String:
array (
  'rule' => -2,
  'module' => '',
  'message' => 
  array (
    'tousername' => 'gh_f84627c82e27',
    'fromusername' => 'oLL3Kwd7xmVHXM--cxWMM4afrYrY',
    'createtime' => '1591252121',
    'msgtype' => 'event',
    'event' => 'VIEW',
    'eventkey' => 'http://www.boyufengmao.com/app/index.php?i=20&c=entry&eid=1',
    'menuid' => '465296285',
    'from' => 'oLL3Kwd7xmVHXM--cxWMM4afrYrY',
    'to' => 'gh_f84627c82e27',
    'time' => '1591252121',
    'type' => 'text',
    'content' => 'http://www.boyufengmao.com/app/index.php?i=20&c=entry&eid=1',
    'redirection' => true,
    'source' => 'VIEW',
  ),
)

2020-06-04 14:28:41 response :
------------

2020-06-04 14:28:42 trace :
------------
String:
<xml><ToUserName><![CDATA[gh_f84627c82e27]]></ToUserName>
<FromUserName><![CDATA[oLL3Kwd7xmVHXM--cxWMM4afrYrY]]></FromUserName>
<CreateTime>1591252122</CreateTime>
<MsgType><![CDATA[event]]></MsgType>
<Event><![CDATA[VIEW]]></Event>
<EventKey><![CDATA[http://www.boyufengmao.com/app/index.php?i=20&c=entry&eid=1]]></EventKey>
<MenuId>465296285</MenuId>
</xml>

2020-06-04 14:28:42 params :
------------
String:
array (
  'rule' => -2,
  'module' => '',
  'message' => 
  array (
    'tousername' => 'gh_f84627c82e27',
    'fromusername' => 'oLL3Kwd7xmVHXM--cxWMM4afrYrY',
    'createtime' => '1591252122',
    'msgtype' => 'event',
    'event' => 'VIEW',
    'eventkey' => 'http://www.boyufengmao.com/app/index.php?i=20&c=entry&eid=1',
    'menuid' => '465296285',
    'from' => 'oLL3Kwd7xmVHXM--cxWMM4afrYrY',
    'to' => 'gh_f84627c82e27',
    'time' => '1591252122',
    'type' => 'text',
    'content' => 'http://www.boyufengmao.com/app/index.php?i=20&c=entry&eid=1',
    'redirection' => true,
    'source' => 'VIEW',
  ),
)

2020-06-04 14:28:42 response :
------------

2020-06-04 14:29:29 trace :
------------
String:
<xml><ToUserName><![CDATA[gh_f84627c82e27]]></ToUserName>
<FromUserName><![CDATA[oLL3Kwd7xmVHXM--cxWMM4afrYrY]]></FromUserName>
<CreateTime>1591252169</CreateTime>
<MsgType><![CDATA[event]]></MsgType>
<Event><![CDATA[VIEW]]></Event>
<EventKey><![CDATA[http://www.boyufengmao.com/app/index.php?i=20&c=entry&eid=1]]></EventKey>
<MenuId>465296285</MenuId>
</xml>

2020-06-04 14:29:29 params :
------------
String:
array (
  'rule' => -2,
  'module' => '',
  'message' => 
  array (
    'tousername' => 'gh_f84627c82e27',
    'fromusername' => 'oLL3Kwd7xmVHXM--cxWMM4afrYrY',
    'createtime' => '1591252169',
    'msgtype' => 'event',
    'event' => 'VIEW',
    'eventkey' => 'http://www.boyufengmao.com/app/index.php?i=20&c=entry&eid=1',
    'menuid' => '465296285',
    'from' => 'oLL3Kwd7xmVHXM--cxWMM4afrYrY',
    'to' => 'gh_f84627c82e27',
    'time' => '1591252169',
    'type' => 'text',
    'content' => 'http://www.boyufengmao.com/app/index.php?i=20&c=entry&eid=1',
    'redirection' => true,
    'source' => 'VIEW',
  ),
)

2020-06-04 14:29:29 response :
------------

2020-06-04 14:34:42 trace :
------------
String:
<xml><ToUserName><![CDATA[gh_5e8fd633e50f]]></ToUserName>
<FromUserName><![CDATA[o0qljuFXaZXGzdSnKTPAm5nL2-ic]]></FromUserName>
<CreateTime>1591252482</CreateTime>
<MsgType><![CDATA[event]]></MsgType>
<Event><![CDATA[unsubscribe]]></Event>
<EventKey><![CDATA[]]></EventKey>
</xml>

2020-06-04 14:35:46 trace :
------------
String:
<xml><ToUserName><![CDATA[gh_5e8fd633e50f]]></ToUserName>
<FromUserName><![CDATA[o0qljuJ7H70l9e7lxDEndVYWptLE]]></FromUserName>
<CreateTime>1591252545</CreateTime>
<MsgType><![CDATA[event]]></MsgType>
<Event><![CDATA[VIEW]]></Event>
<EventKey><![CDATA[http://www.boyufengmao.com/app/index.php?i=17&c=entry&m=ewei_shopv2&do=mobile&r=diypage&id=117]]></EventKey>
<MenuId>488228312</MenuId>
</xml>

2020-06-04 14:35:46 params :
------------
String:
array (
  'rule' => -2,
  'module' => '',
  'message' => 
  array (
    'tousername' => 'gh_5e8fd633e50f',
    'fromusername' => 'o0qljuJ7H70l9e7lxDEndVYWptLE',
    'createtime' => '1591252545',
    'msgtype' => 'event',
    'event' => 'VIEW',
    'eventkey' => 'http://www.boyufengmao.com/app/index.php?i=17&c=entry&m=ewei_shopv2&do=mobile&r=diypage&id=117',
    'menuid' => '488228312',
    'from' => 'o0qljuJ7H70l9e7lxDEndVYWptLE',
    'to' => 'gh_5e8fd633e50f',
    'time' => '1591252545',
    'type' => 'text',
    'content' => 'http://www.boyufengmao.com/app/index.php?i=17&c=entry&m=ewei_shopv2&do=mobile&r=diypage&id=117',
    'redirection' => true,
    'source' => 'VIEW',
  ),
)

2020-06-04 14:35:46 response :
------------

2020-06-04 14:35:53 trace :
------------
String:
<xml><ToUserName><![CDATA[gh_5e8fd633e50f]]></ToUserName>
<FromUserName><![CDATA[o0qljuJ7H70l9e7lxDEndVYWptLE]]></FromUserName>
<CreateTime>1591252553</CreateTime>
<MsgType><![CDATA[event]]></MsgType>
<Event><![CDATA[VIEW]]></Event>
<EventKey><![CDATA[http://www.boyufengmao.com/app/index.php?i=17&c=entry&eid=1]]></EventKey>
<MenuId>488228312</MenuId>
</xml>

2020-06-04 14:35:53 params :
------------
String:
array (
  'rule' => -2,
  'module' => '',
  'message' => 
  array (
    'tousername' => 'gh_5e8fd633e50f',
    'fromusername' => 'o0qljuJ7H70l9e7lxDEndVYWptLE',
    'createtime' => '1591252553',
    'msgtype' => 'event',
    'event' => 'VIEW',
    'eventkey' => 'http://www.boyufengmao.com/app/index.php?i=17&c=entry&eid=1',
    'menuid' => '488228312',
    'from' => 'o0qljuJ7H70l9e7lxDEndVYWptLE',
    'to' => 'gh_5e8fd633e50f',
    'time' => '1591252553',
    'type' => 'text',
    'content' => 'http://www.boyufengmao.com/app/index.php?i=17&c=entry&eid=1',
    'redirection' => true,
    'source' => 'VIEW',
  ),
)

2020-06-04 14:35:53 response :
------------

2020-06-04 14:48:05 trace :
------------
String:
<xml><ToUserName><![CDATA[gh_5e8fd633e50f]]></ToUserName>
<FromUserName><![CDATA[o0qljuJ7H70l9e7lxDEndVYWptLE]]></FromUserName>
<CreateTime>1591253285</CreateTime>
<MsgType><![CDATA[event]]></MsgType>
<Event><![CDATA[VIEW]]></Event>
<EventKey><![CDATA[http://www.boyufengmao.com/app/index.php?i=17&c=entry&eid=1]]></EventKey>
<MenuId>488228312</MenuId>
</xml>

2020-06-04 14:48:05 params :
------------
String:
array (
  'rule' => -2,
  'module' => '',
  'message' => 
  array (
    'tousername' => 'gh_5e8fd633e50f',
    'fromusername' => 'o0qljuJ7H70l9e7lxDEndVYWptLE',
    'createtime' => '1591253285',
    'msgtype' => 'event',
    'event' => 'VIEW',
    'eventkey' => 'http://www.boyufengmao.com/app/index.php?i=17&c=entry&eid=1',
    'menuid' => '488228312',
    'from' => 'o0qljuJ7H70l9e7lxDEndVYWptLE',
    'to' => 'gh_5e8fd633e50f',
    'time' => '1591253285',
    'type' => 'text',
    'content' => 'http://www.boyufengmao.com/app/index.php?i=17&c=entry&eid=1',
    'redirection' => true,
    'source' => 'VIEW',
  ),
)

2020-06-04 14:48:05 response :
------------

2020-06-04 14:58:11 trace :
------------
String:
<xml><ToUserName><![CDATA[gh_ad9809bc437f]]></ToUserName>
<FromUserName><![CDATA[or3iRt7kXoeG5BLmyzK5X9r4nlD0]]></FromUserName>
<CreateTime>1591253891</CreateTime>
<MsgType><![CDATA[event]]></MsgType>
<Event><![CDATA[VIEW]]></Event>
<EventKey><![CDATA[http://www.boyufengmao.com/app/index.php?i=18&c=entry&m=ewei_shopv2&do=mobile]]></EventKey>
<MenuId>445163204</MenuId>
</xml>

2020-06-04 14:58:11 params :
------------
String:
array (
  'rule' => -2,
  'module' => '',
  'message' => 
  array (
    'tousername' => 'gh_ad9809bc437f',
    'fromusername' => 'or3iRt7kXoeG5BLmyzK5X9r4nlD0',
    'createtime' => '1591253891',
    'msgtype' => 'event',
    'event' => 'VIEW',
    'eventkey' => 'http://www.boyufengmao.com/app/index.php?i=18&c=entry&m=ewei_shopv2&do=mobile',
    'menuid' => '445163204',
    'from' => 'or3iRt7kXoeG5BLmyzK5X9r4nlD0',
    'to' => 'gh_ad9809bc437f',
    'time' => '1591253891',
    'type' => 'text',
    'content' => 'http://www.boyufengmao.com/app/index.php?i=18&c=entry&m=ewei_shopv2&do=mobile',
    'redirection' => true,
    'source' => 'VIEW',
  ),
)

2020-06-04 14:58:11 response :
------------

2020-06-04 15:12:27 trace :
------------
String:
<xml><ToUserName><![CDATA[gh_5e8fd633e50f]]></ToUserName>
<FromUserName><![CDATA[o0qljuJBlhV0QQc8xeNyNvC43tmY]]></FromUserName>
<CreateTime>1591254747</CreateTime>
<MsgType><![CDATA[event]]></MsgType>
<Event><![CDATA[VIEW]]></Event>
<EventKey><![CDATA[http://www.boyufengmao.com/app/index.php?i=17&c=entry&eid=1]]></EventKey>
<MenuId>488228312</MenuId>
</xml>

2020-06-04 15:12:27 params :
------------
String:
array (
  'rule' => -2,
  'module' => '',
  'message' => 
  array (
    'tousername' => 'gh_5e8fd633e50f',
    'fromusername' => 'o0qljuJBlhV0QQc8xeNyNvC43tmY',
    'createtime' => '1591254747',
    'msgtype' => 'event',
    'event' => 'VIEW',
    'eventkey' => 'http://www.boyufengmao.com/app/index.php?i=17&c=entry&eid=1',
    'menuid' => '488228312',
    'from' => 'o0qljuJBlhV0QQc8xeNyNvC43tmY',
    'to' => 'gh_5e8fd633e50f',
    'time' => '1591254747',
    'type' => 'text',
    'content' => 'http://www.boyufengmao.com/app/index.php?i=17&c=entry&eid=1',
    'redirection' => true,
    'source' => 'VIEW',
  ),
)

2020-06-04 15:12:27 response :
------------

2020-06-04 15:13:43 trace :
------------
String:
<xml><ToUserName><![CDATA[gh_5e8fd633e50f]]></ToUserName>
<FromUserName><![CDATA[o0qljuJBlhV0QQc8xeNyNvC43tmY]]></FromUserName>
<CreateTime>1591254823</CreateTime>
<MsgType><![CDATA[event]]></MsgType>
<Event><![CDATA[VIEW]]></Event>
<EventKey><![CDATA[http://www.boyufengmao.com/app/index.php?i=17&c=entry&m=ewei_shopv2&do=mobile&r=member]]></EventKey>
<MenuId>488228312</MenuId>
</xml>

2020-06-04 15:13:43 params :
------------
String:
array (
  'rule' => -2,
  'module' => '',
  'message' => 
  array (
    'tousername' => 'gh_5e8fd633e50f',
    'fromusername' => 'o0qljuJBlhV0QQc8xeNyNvC43tmY',
    'createtime' => '1591254823',
    'msgtype' => 'event',
    'event' => 'VIEW',
    'eventkey' => 'http://www.boyufengmao.com/app/index.php?i=17&c=entry&m=ewei_shopv2&do=mobile&r=member',
    'menuid' => '488228312',
    'from' => 'o0qljuJBlhV0QQc8xeNyNvC43tmY',
    'to' => 'gh_5e8fd633e50f',
    'time' => '1591254823',
    'type' => 'text',
    'content' => 'http://www.boyufengmao.com/app/index.php?i=17&c=entry&m=ewei_shopv2&do=mobile&r=member',
    'redirection' => true,
    'source' => 'VIEW',
  ),
)

2020-06-04 15:13:43 response :
------------

2020-06-04 17:31:32 trace :
------------
String:
<xml><ToUserName><![CDATA[gh_f9b894563ef4]]></ToUserName>
<FromUserName><![CDATA[o5V8y1ZFGtMFRAcTORw7qS0H_jVo]]></FromUserName>
<CreateTime>1591263091</CreateTime>
<MsgType><![CDATA[event]]></MsgType>
<Event><![CDATA[VIEW]]></Event>
<EventKey><![CDATA[http://www.boyufengmao.com/app/index.php?i=6&c=entry&m=ewei_shopv2&do=mobile&r=diypage&id=35]]></EventKey>
<MenuId>445261982</MenuId>
</xml>

2020-06-04 17:31:32 params :
------------
String:
array (
  'rule' => -2,
  'module' => '',
  'message' => 
  array (
    'tousername' => 'gh_f9b894563ef4',
    'fromusername' => 'o5V8y1ZFGtMFRAcTORw7qS0H_jVo',
    'createtime' => '1591263091',
    'msgtype' => 'event',
    'event' => 'VIEW',
    'eventkey' => 'http://www.boyufengmao.com/app/index.php?i=6&c=entry&m=ewei_shopv2&do=mobile&r=diypage&id=35',
    'menuid' => '445261982',
    'from' => 'o5V8y1ZFGtMFRAcTORw7qS0H_jVo',
    'to' => 'gh_f9b894563ef4',
    'time' => '1591263091',
    'type' => 'text',
    'content' => 'http://www.boyufengmao.com/app/index.php?i=6&c=entry&m=ewei_shopv2&do=mobile&r=diypage&id=35',
    'redirection' => true,
    'source' => 'VIEW',
  ),
)

2020-06-04 17:31:32 response :
------------

2020-06-04 17:32:14 trace :
------------
String:
<xml><ToUserName><![CDATA[gh_f9b894563ef4]]></ToUserName>
<FromUserName><![CDATA[o5V8y1ZFGtMFRAcTORw7qS0H_jVo]]></FromUserName>
<CreateTime>1591263134</CreateTime>
<MsgType><![CDATA[event]]></MsgType>
<Event><![CDATA[VIEW]]></Event>
<EventKey><![CDATA[http://www.boyufengmao.com/app/index.php?i=6&c=entry&m=ewei_shopv2&do=mobile]]></EventKey>
<MenuId>445261982</MenuId>
</xml>

2020-06-04 17:32:14 params :
------------
String:
array (
  'rule' => -2,
  'module' => '',
  'message' => 
  array (
    'tousername' => 'gh_f9b894563ef4',
    'fromusername' => 'o5V8y1ZFGtMFRAcTORw7qS0H_jVo',
    'createtime' => '1591263134',
    'msgtype' => 'event',
    'event' => 'VIEW',
    'eventkey' => 'http://www.boyufengmao.com/app/index.php?i=6&c=entry&m=ewei_shopv2&do=mobile',
    'menuid' => '445261982',
    'from' => 'o5V8y1ZFGtMFRAcTORw7qS0H_jVo',
    'to' => 'gh_f9b894563ef4',
    'time' => '1591263134',
    'type' => 'text',
    'content' => 'http://www.boyufengmao.com/app/index.php?i=6&c=entry&m=ewei_shopv2&do=mobile',
    'redirection' => true,
    'source' => 'VIEW',
  ),
)

2020-06-04 17:32:14 response :
------------

2020-06-04 17:32:49 trace :
------------
String:
<xml><ToUserName><![CDATA[gh_f9b894563ef4]]></ToUserName>
<FromUserName><![CDATA[o5V8y1ZFGtMFRAcTORw7qS0H_jVo]]></FromUserName>
<CreateTime>1591263169</CreateTime>
<MsgType><![CDATA[event]]></MsgType>
<Event><![CDATA[VIEW]]></Event>
<EventKey><![CDATA[http://www.boyufengmao.com/app/index.php?i=6&c=entry&m=ewei_shopv2&do=mobile&r=diypage&id=35]]></EventKey>
<MenuId>445261982</MenuId>
</xml>

2020-06-04 17:32:49 params :
------------
String:
array (
  'rule' => -2,
  'module' => '',
  'message' => 
  array (
    'tousername' => 'gh_f9b894563ef4',
    'fromusername' => 'o5V8y1ZFGtMFRAcTORw7qS0H_jVo',
    'createtime' => '1591263169',
    'msgtype' => 'event',
    'event' => 'VIEW',
    'eventkey' => 'http://www.boyufengmao.com/app/index.php?i=6&c=entry&m=ewei_shopv2&do=mobile&r=diypage&id=35',
    'menuid' => '445261982',
    'from' => 'o5V8y1ZFGtMFRAcTORw7qS0H_jVo',
    'to' => 'gh_f9b894563ef4',
    'time' => '1591263169',
    'type' => 'text',
    'content' => 'http://www.boyufengmao.com/app/index.php?i=6&c=entry&m=ewei_shopv2&do=mobile&r=diypage&id=35',
    'redirection' => true,
    'source' => 'VIEW',
  ),
)

2020-06-04 17:32:49 response :
------------

2020-06-04 17:54:04 trace :
------------
String:
<xml><ToUserName><![CDATA[gh_f9b894563ef4]]></ToUserName>
<FromUserName><![CDATA[o5V8y1Rz0PE1BqIzDBHBcR9nRkEc]]></FromUserName>
<CreateTime>1591264444</CreateTime>
<MsgType><![CDATA[event]]></MsgType>
<Event><![CDATA[VIEW]]></Event>
<EventKey><![CDATA[http://www.boyufengmao.com/app/index.php?i=6&c=entry&m=ewei_shopv2&do=mobile]]></EventKey>
<MenuId>445261982</MenuId>
</xml>

2020-06-04 17:54:04 params :
------------
String:
array (
  'rule' => -2,
  'module' => '',
  'message' => 
  array (
    'tousername' => 'gh_f9b894563ef4',
    'fromusername' => 'o5V8y1Rz0PE1BqIzDBHBcR9nRkEc',
    'createtime' => '1591264444',
    'msgtype' => 'event',
    'event' => 'VIEW',
    'eventkey' => 'http://www.boyufengmao.com/app/index.php?i=6&c=entry&m=ewei_shopv2&do=mobile',
    'menuid' => '445261982',
    'from' => 'o5V8y1Rz0PE1BqIzDBHBcR9nRkEc',
    'to' => 'gh_f9b894563ef4',
    'time' => '1591264444',
    'type' => 'text',
    'content' => 'http://www.boyufengmao.com/app/index.php?i=6&c=entry&m=ewei_shopv2&do=mobile',
    'redirection' => true,
    'source' => 'VIEW',
  ),
)

2020-06-04 17:54:04 response :
------------

2020-06-04 17:54:15 trace :
------------
String:
<xml><ToUserName><![CDATA[gh_f9b894563ef4]]></ToUserName>
<FromUserName><![CDATA[o5V8y1Rz0PE1BqIzDBHBcR9nRkEc]]></FromUserName>
<CreateTime>1591264455</CreateTime>
<MsgType><![CDATA[event]]></MsgType>
<Event><![CDATA[VIEW]]></Event>
<EventKey><![CDATA[http://www.boyufengmao.com/app/index.php?i=6&c=entry&m=ewei_shopv2&do=mobile&r=diypage&id=35]]></EventKey>
<MenuId>445261982</MenuId>
</xml>

2020-06-04 17:54:15 params :
------------
String:
array (
  'rule' => -2,
  'module' => '',
  'message' => 
  array (
    'tousername' => 'gh_f9b894563ef4',
    'fromusername' => 'o5V8y1Rz0PE1BqIzDBHBcR9nRkEc',
    'createtime' => '1591264455',
    'msgtype' => 'event',
    'event' => 'VIEW',
    'eventkey' => 'http://www.boyufengmao.com/app/index.php?i=6&c=entry&m=ewei_shopv2&do=mobile&r=diypage&id=35',
    'menuid' => '445261982',
    'from' => 'o5V8y1Rz0PE1BqIzDBHBcR9nRkEc',
    'to' => 'gh_f9b894563ef4',
    'time' => '1591264455',
    'type' => 'text',
    'content' => 'http://www.boyufengmao.com/app/index.php?i=6&c=entry&m=ewei_shopv2&do=mobile&r=diypage&id=35',
    'redirection' => true,
    'source' => 'VIEW',
  ),
)

2020-06-04 17:54:15 response :
------------

2020-06-04 18:50:53 trace :
------------
String:
<xml><ToUserName><![CDATA[gh_f9b894563ef4]]></ToUserName>
<FromUserName><![CDATA[o5V8y1c_8arM9kB-fzVVfd9j0TEs]]></FromUserName>
<CreateTime>1591267853</CreateTime>
<MsgType><![CDATA[event]]></MsgType>
<Event><![CDATA[subscribe]]></Event>
<EventKey><![CDATA[]]></EventKey>
</xml>

2020-06-04 18:50:53 params :
------------
String:
array (
  'rule' => -2,
  'module' => '',
  'message' => 
  array (
    'tousername' => 'gh_f9b894563ef4',
    'fromusername' => 'o5V8y1c_8arM9kB-fzVVfd9j0TEs',
    'createtime' => '1591267853',
    'msgtype' => 'event',
    'event' => 'subscribe',
    'eventkey' => '',
    'from' => 'o5V8y1c_8arM9kB-fzVVfd9j0TEs',
    'to' => 'gh_f9b894563ef4',
    'time' => '1591267853',
    'type' => 'text',
    'redirection' => true,
    'source' => 'subscribe',
  ),
)

2020-06-04 18:50:53 response :
------------

2020-06-04 18:50:55 trace :
------------
String:
<xml><ToUserName><![CDATA[gh_f9b894563ef4]]></ToUserName>
<FromUserName><![CDATA[o5V8y1c_8arM9kB-fzVVfd9j0TEs]]></FromUserName>
<CreateTime>1591267855</CreateTime>
<MsgType><![CDATA[event]]></MsgType>
<Event><![CDATA[VIEW]]></Event>
<EventKey><![CDATA[http://www.boyufengmao.com/app/index.php?i=6&c=entry&m=ewei_shopv2&do=mobile&r=diypage&id=35]]></EventKey>
<MenuId>445261982</MenuId>
</xml>

2020-06-04 18:50:55 params :
------------
String:
array (
  'rule' => -2,
  'module' => '',
  'message' => 
  array (
    'tousername' => 'gh_f9b894563ef4',
    'fromusername' => 'o5V8y1c_8arM9kB-fzVVfd9j0TEs',
    'createtime' => '1591267855',
    'msgtype' => 'event',
    'event' => 'VIEW',
    'eventkey' => 'http://www.boyufengmao.com/app/index.php?i=6&c=entry&m=ewei_shopv2&do=mobile&r=diypage&id=35',
    'menuid' => '445261982',
    'from' => 'o5V8y1c_8arM9kB-fzVVfd9j0TEs',
    'to' => 'gh_f9b894563ef4',
    'time' => '1591267855',
    'type' => 'text',
    'content' => 'http://www.boyufengmao.com/app/index.php?i=6&c=entry&m=ewei_shopv2&do=mobile&r=diypage&id=35',
    'redirection' => true,
    'source' => 'VIEW',
  ),
)

2020-06-04 18:50:55 response :
------------

2020-06-04 20:11:55 trace :
------------
String:
<xml><ToUserName><![CDATA[gh_f9b894563ef4]]></ToUserName>
<FromUserName><![CDATA[o5V8y1akArPt8uAwMlXGOOkkNQ40]]></FromUserName>
<CreateTime>1591272715</CreateTime>
<MsgType><![CDATA[event]]></MsgType>
<Event><![CDATA[subscribe]]></Event>
<EventKey><![CDATA[]]></EventKey>
</xml>

2020-06-04 20:11:55 params :
------------
String:
array (
  'rule' => -2,
  'module' => '',
  'message' => 
  array (
    'tousername' => 'gh_f9b894563ef4',
    'fromusername' => 'o5V8y1akArPt8uAwMlXGOOkkNQ40',
    'createtime' => '1591272715',
    'msgtype' => 'event',
    'event' => 'subscribe',
    'eventkey' => '',
    'from' => 'o5V8y1akArPt8uAwMlXGOOkkNQ40',
    'to' => 'gh_f9b894563ef4',
    'time' => '1591272715',
    'type' => 'text',
    'redirection' => true,
    'source' => 'subscribe',
  ),
)

2020-06-04 20:11:55 response :
------------

2020-06-04 20:12:01 trace :
------------
String:
<xml><ToUserName><![CDATA[gh_f9b894563ef4]]></ToUserName>
<FromUserName><![CDATA[o5V8y1akArPt8uAwMlXGOOkkNQ40]]></FromUserName>
<CreateTime>1591272721</CreateTime>
<MsgType><![CDATA[event]]></MsgType>
<Event><![CDATA[VIEW]]></Event>
<EventKey><![CDATA[http://www.boyufengmao.com/app/index.php?i=6&c=entry&m=ewei_shopv2&do=mobile&r=diypage&id=35]]></EventKey>
<MenuId>445261982</MenuId>
</xml>

2020-06-04 20:12:01 params :
------------
String:
array (
  'rule' => -2,
  'module' => '',
  'message' => 
  array (
    'tousername' => 'gh_f9b894563ef4',
    'fromusername' => 'o5V8y1akArPt8uAwMlXGOOkkNQ40',
    'createtime' => '1591272721',
    'msgtype' => 'event',
    'event' => 'VIEW',
    'eventkey' => 'http://www.boyufengmao.com/app/index.php?i=6&c=entry&m=ewei_shopv2&do=mobile&r=diypage&id=35',
    'menuid' => '445261982',
    'from' => 'o5V8y1akArPt8uAwMlXGOOkkNQ40',
    'to' => 'gh_f9b894563ef4',
    'time' => '1591272721',
    'type' => 'text',
    'content' => 'http://www.boyufengmao.com/app/index.php?i=6&c=entry&m=ewei_shopv2&do=mobile&r=diypage&id=35',
    'redirection' => true,
    'source' => 'VIEW',
  ),
)

2020-06-04 20:12:01 response :
------------

2020-06-04 20:24:31 trace :
------------
String:
<xml><ToUserName><![CDATA[gh_62bcc2f9639d]]></ToUserName>
<FromUserName><![CDATA[opjhUwF51EJkO1VRhLXhFGcHV_is]]></FromUserName>
<CreateTime>1591273471</CreateTime>
<MsgType><![CDATA[event]]></MsgType>
<Event><![CDATA[subscribe]]></Event>
<EventKey><![CDATA[]]></EventKey>
</xml>

2020-06-04 20:24:31 params :
------------
String:
array (
  'rule' => -2,
  'module' => '',
  'message' => 
  array (
    'tousername' => 'gh_62bcc2f9639d',
    'fromusername' => 'opjhUwF51EJkO1VRhLXhFGcHV_is',
    'createtime' => '1591273471',
    'msgtype' => 'event',
    'event' => 'subscribe',
    'eventkey' => '',
    'from' => 'opjhUwF51EJkO1VRhLXhFGcHV_is',
    'to' => 'gh_62bcc2f9639d',
    'time' => '1591273471',
    'type' => 'text',
    'redirection' => true,
    'source' => 'subscribe',
  ),
)

2020-06-04 20:24:31 response :
------------

2020-06-04 20:34:40 trace :
------------
String:
<xml><ToUserName><![CDATA[gh_5e8fd633e50f]]></ToUserName>
<FromUserName><![CDATA[o0qljuKXYdL8e-D5gUXzjzFuWI6k]]></FromUserName>
<CreateTime>1591274080</CreateTime>
<MsgType><![CDATA[event]]></MsgType>
<Event><![CDATA[VIEW]]></Event>
<EventKey><![CDATA[http://www.boyufengmao.com/app/index.php?i=17&c=entry&m=ewei_shopv2&do=mobile&r=diypage&id=117]]></EventKey>
<MenuId>488228312</MenuId>
</xml>

2020-06-04 20:34:40 params :
------------
String:
array (
  'rule' => -2,
  'module' => '',
  'message' => 
  array (
    'tousername' => 'gh_5e8fd633e50f',
    'fromusername' => 'o0qljuKXYdL8e-D5gUXzjzFuWI6k',
    'createtime' => '1591274080',
    'msgtype' => 'event',
    'event' => 'VIEW',
    'eventkey' => 'http://www.boyufengmao.com/app/index.php?i=17&c=entry&m=ewei_shopv2&do=mobile&r=diypage&id=117',
    'menuid' => '488228312',
    'from' => 'o0qljuKXYdL8e-D5gUXzjzFuWI6k',
    'to' => 'gh_5e8fd633e50f',
    'time' => '1591274080',
    'type' => 'text',
    'content' => 'http://www.boyufengmao.com/app/index.php?i=17&c=entry&m=ewei_shopv2&do=mobile&r=diypage&id=117',
    'redirection' => true,
    'source' => 'VIEW',
  ),
)

2020-06-04 20:34:40 response :
------------

2020-06-04 20:46:57 trace :
------------
String:
<xml><ToUserName><![CDATA[gh_f9b894563ef4]]></ToUserName>
<FromUserName><![CDATA[o5V8y1WS2sKB_Hr_S7X1xtyM71Ds]]></FromUserName>
<CreateTime>1591274817</CreateTime>
<MsgType><![CDATA[event]]></MsgType>
<Event><![CDATA[subscribe]]></Event>
<EventKey><![CDATA[]]></EventKey>
</xml>

2020-06-04 20:46:57 params :
------------
String:
array (
  'rule' => -2,
  'module' => '',
  'message' => 
  array (
    'tousername' => 'gh_f9b894563ef4',
    'fromusername' => 'o5V8y1WS2sKB_Hr_S7X1xtyM71Ds',
    'createtime' => '1591274817',
    'msgtype' => 'event',
    'event' => 'subscribe',
    'eventkey' => '',
    'from' => 'o5V8y1WS2sKB_Hr_S7X1xtyM71Ds',
    'to' => 'gh_f9b894563ef4',
    'time' => '1591274817',
    'type' => 'text',
    'redirection' => true,
    'source' => 'subscribe',
  ),
)

2020-06-04 20:46:57 response :
------------

2020-06-04 20:46:59 trace :
------------
String:
<xml><ToUserName><![CDATA[gh_f9b894563ef4]]></ToUserName>
<FromUserName><![CDATA[o5V8y1WS2sKB_Hr_S7X1xtyM71Ds]]></FromUserName>
<CreateTime>1591274819</CreateTime>
<MsgType><![CDATA[event]]></MsgType>
<Event><![CDATA[VIEW]]></Event>
<EventKey><![CDATA[http://www.boyufengmao.com/app/index.php?i=6&c=entry&m=ewei_shopv2&do=mobile&r=diypage&id=35]]></EventKey>
<MenuId>445261982</MenuId>
</xml>

2020-06-04 20:46:59 params :
------------
String:
array (
  'rule' => -2,
  'module' => '',
  'message' => 
  array (
    'tousername' => 'gh_f9b894563ef4',
    'fromusername' => 'o5V8y1WS2sKB_Hr_S7X1xtyM71Ds',
    'createtime' => '1591274819',
    'msgtype' => 'event',
    'event' => 'VIEW',
    'eventkey' => 'http://www.boyufengmao.com/app/index.php?i=6&c=entry&m=ewei_shopv2&do=mobile&r=diypage&id=35',
    'menuid' => '445261982',
    'from' => 'o5V8y1WS2sKB_Hr_S7X1xtyM71Ds',
    'to' => 'gh_f9b894563ef4',
    'time' => '1591274819',
    'type' => 'text',
    'content' => 'http://www.boyufengmao.com/app/index.php?i=6&c=entry&m=ewei_shopv2&do=mobile&r=diypage&id=35',
    'redirection' => true,
    'source' => 'VIEW',
  ),
)

2020-06-04 20:46:59 response :
------------

2020-06-04 20:50:54 trace :
------------
String:
<xml><ToUserName><![CDATA[gh_f9b894563ef4]]></ToUserName>
<FromUserName><![CDATA[o5V8y1T4WzanOKEWB5k3k78qmGF4]]></FromUserName>
<CreateTime>1591275054</CreateTime>
<MsgType><![CDATA[event]]></MsgType>
<Event><![CDATA[subscribe]]></Event>
<EventKey><![CDATA[]]></EventKey>
</xml>

2020-06-04 20:50:54 params :
------------
String:
array (
  'rule' => -2,
  'module' => '',
  'message' => 
  array (
    'tousername' => 'gh_f9b894563ef4',
    'fromusername' => 'o5V8y1T4WzanOKEWB5k3k78qmGF4',
    'createtime' => '1591275054',
    'msgtype' => 'event',
    'event' => 'subscribe',
    'eventkey' => '',
    'from' => 'o5V8y1T4WzanOKEWB5k3k78qmGF4',
    'to' => 'gh_f9b894563ef4',
    'time' => '1591275054',
    'type' => 'text',
    'redirection' => true,
    'source' => 'subscribe',
  ),
)

2020-06-04 20:50:54 response :
------------

2020-06-04 20:50:56 trace :
------------
String:
<xml><ToUserName><![CDATA[gh_f9b894563ef4]]></ToUserName>
<FromUserName><![CDATA[o5V8y1T4WzanOKEWB5k3k78qmGF4]]></FromUserName>
<CreateTime>1591275056</CreateTime>
<MsgType><![CDATA[event]]></MsgType>
<Event><![CDATA[VIEW]]></Event>
<EventKey><![CDATA[http://www.boyufengmao.com/app/index.php?i=6&c=entry&m=ewei_shopv2&do=mobile&r=diypage&id=35]]></EventKey>
<MenuId>445261982</MenuId>
</xml>

2020-06-04 20:50:56 params :
------------
String:
array (
  'rule' => -2,
  'module' => '',
  'message' => 
  array (
    'tousername' => 'gh_f9b894563ef4',
    'fromusername' => 'o5V8y1T4WzanOKEWB5k3k78qmGF4',
    'createtime' => '1591275056',
    'msgtype' => 'event',
    'event' => 'VIEW',
    'eventkey' => 'http://www.boyufengmao.com/app/index.php?i=6&c=entry&m=ewei_shopv2&do=mobile&r=diypage&id=35',
    'menuid' => '445261982',
    'from' => 'o5V8y1T4WzanOKEWB5k3k78qmGF4',
    'to' => 'gh_f9b894563ef4',
    'time' => '1591275056',
    'type' => 'text',
    'content' => 'http://www.boyufengmao.com/app/index.php?i=6&c=entry&m=ewei_shopv2&do=mobile&r=diypage&id=35',
    'redirection' => true,
    'source' => 'VIEW',
  ),
)

2020-06-04 20:50:56 response :
------------

2020-06-04 20:52:56 trace :
------------
String:
<xml><ToUserName><![CDATA[gh_f9b894563ef4]]></ToUserName>
<FromUserName><![CDATA[o5V8y1WS2sKB_Hr_S7X1xtyM71Ds]]></FromUserName>
<CreateTime>1591275176</CreateTime>
<MsgType><![CDATA[event]]></MsgType>
<Event><![CDATA[VIEW]]></Event>
<EventKey><![CDATA[http://www.boyufengmao.com/app/index.php?i=6&c=entry&m=ewei_shopv2&do=mobile&r=diypage&id=35]]></EventKey>
<MenuId>445261982</MenuId>
</xml>

2020-06-04 20:52:56 params :
------------
String:
array (
  'rule' => -2,
  'module' => '',
  'message' => 
  array (
    'tousername' => 'gh_f9b894563ef4',
    'fromusername' => 'o5V8y1WS2sKB_Hr_S7X1xtyM71Ds',
    'createtime' => '1591275176',
    'msgtype' => 'event',
    'event' => 'VIEW',
    'eventkey' => 'http://www.boyufengmao.com/app/index.php?i=6&c=entry&m=ewei_shopv2&do=mobile&r=diypage&id=35',
    'menuid' => '445261982',
    'from' => 'o5V8y1WS2sKB_Hr_S7X1xtyM71Ds',
    'to' => 'gh_f9b894563ef4',
    'time' => '1591275176',
    'type' => 'text',
    'content' => 'http://www.boyufengmao.com/app/index.php?i=6&c=entry&m=ewei_shopv2&do=mobile&r=diypage&id=35',
    'redirection' => true,
    'source' => 'VIEW',
  ),
)

2020-06-04 20:52:56 response :
------------

2020-06-04 20:56:03 trace :
------------
String:
<xml><ToUserName><![CDATA[gh_f9b894563ef4]]></ToUserName>
<FromUserName><![CDATA[o5V8y1T4WzanOKEWB5k3k78qmGF4]]></FromUserName>
<CreateTime>1591275363</CreateTime>
<MsgType><![CDATA[event]]></MsgType>
<Event><![CDATA[VIEW]]></Event>
<EventKey><![CDATA[http://www.boyufengmao.com/app/index.php?i=6&c=entry&m=ewei_shopv2&do=mobile]]></EventKey>
<MenuId>445261982</MenuId>
</xml>

2020-06-04 20:56:03 params :
------------
String:
array (
  'rule' => -2,
  'module' => '',
  'message' => 
  array (
    'tousername' => 'gh_f9b894563ef4',
    'fromusername' => 'o5V8y1T4WzanOKEWB5k3k78qmGF4',
    'createtime' => '1591275363',
    'msgtype' => 'event',
    'event' => 'VIEW',
    'eventkey' => 'http://www.boyufengmao.com/app/index.php?i=6&c=entry&m=ewei_shopv2&do=mobile',
    'menuid' => '445261982',
    'from' => 'o5V8y1T4WzanOKEWB5k3k78qmGF4',
    'to' => 'gh_f9b894563ef4',
    'time' => '1591275363',
    'type' => 'text',
    'content' => 'http://www.boyufengmao.com/app/index.php?i=6&c=entry&m=ewei_shopv2&do=mobile',
    'redirection' => true,
    'source' => 'VIEW',
  ),
)

2020-06-04 20:56:03 response :
------------

2020-06-04 21:00:11 trace :
------------
String:
<xml><ToUserName><![CDATA[gh_f9b894563ef4]]></ToUserName>
<FromUserName><![CDATA[o5V8y1T4WzanOKEWB5k3k78qmGF4]]></FromUserName>
<CreateTime>1591275611</CreateTime>
<MsgType><![CDATA[event]]></MsgType>
<Event><![CDATA[VIEW]]></Event>
<EventKey><![CDATA[http://www.boyufengmao.com/app/index.php?i=6&c=entry&m=ewei_shopv2&do=mobile&r=diypage&id=35]]></EventKey>
<MenuId>445261982</MenuId>
</xml>

2020-06-04 21:00:11 params :
------------
String:
array (
  'rule' => -2,
  'module' => '',
  'message' => 
  array (
    'tousername' => 'gh_f9b894563ef4',
    'fromusername' => 'o5V8y1T4WzanOKEWB5k3k78qmGF4',
    'createtime' => '1591275611',
    'msgtype' => 'event',
    'event' => 'VIEW',
    'eventkey' => 'http://www.boyufengmao.com/app/index.php?i=6&c=entry&m=ewei_shopv2&do=mobile&r=diypage&id=35',
    'menuid' => '445261982',
    'from' => 'o5V8y1T4WzanOKEWB5k3k78qmGF4',
    'to' => 'gh_f9b894563ef4',
    'time' => '1591275611',
    'type' => 'text',
    'content' => 'http://www.boyufengmao.com/app/index.php?i=6&c=entry&m=ewei_shopv2&do=mobile&r=diypage&id=35',
    'redirection' => true,
    'source' => 'VIEW',
  ),
)

2020-06-04 21:00:11 response :
------------

2020-06-04 21:00:22 trace :
------------
String:
<xml><ToUserName><![CDATA[gh_f9b894563ef4]]></ToUserName>
<FromUserName><![CDATA[o5V8y1T4WzanOKEWB5k3k78qmGF4]]></FromUserName>
<CreateTime>1591275622</CreateTime>
<MsgType><![CDATA[event]]></MsgType>
<Event><![CDATA[VIEW]]></Event>
<EventKey><![CDATA[http://www.boyufengmao.com/app/index.php?i=6&c=entry&m=ewei_shopv2&do=mobile&r=diypage&id=35]]></EventKey>
<MenuId>445261982</MenuId>
</xml>

2020-06-04 21:00:22 params :
------------
String:
array (
  'rule' => -2,
  'module' => '',
  'message' => 
  array (
    'tousername' => 'gh_f9b894563ef4',
    'fromusername' => 'o5V8y1T4WzanOKEWB5k3k78qmGF4',
    'createtime' => '1591275622',
    'msgtype' => 'event',
    'event' => 'VIEW',
    'eventkey' => 'http://www.boyufengmao.com/app/index.php?i=6&c=entry&m=ewei_shopv2&do=mobile&r=diypage&id=35',
    'menuid' => '445261982',
    'from' => 'o5V8y1T4WzanOKEWB5k3k78qmGF4',
    'to' => 'gh_f9b894563ef4',
    'time' => '1591275622',
    'type' => 'text',
    'content' => 'http://www.boyufengmao.com/app/index.php?i=6&c=entry&m=ewei_shopv2&do=mobile&r=diypage&id=35',
    'redirection' => true,
    'source' => 'VIEW',
  ),
)

2020-06-04 21:00:22 response :
------------

2020-06-04 21:00:26 trace :
------------
String:
<xml><ToUserName><![CDATA[gh_f9b894563ef4]]></ToUserName>
<FromUserName><![CDATA[o5V8y1T4WzanOKEWB5k3k78qmGF4]]></FromUserName>
<CreateTime>1591275625</CreateTime>
<MsgType><![CDATA[event]]></MsgType>
<Event><![CDATA[VIEW]]></Event>
<EventKey><![CDATA[http://www.boyufengmao.com/app/index.php?i=6&c=entry&m=ewei_shopv2&do=mobile&r=diypage&id=35]]></EventKey>
<MenuId>445261982</MenuId>
</xml>

2020-06-04 21:00:26 params :
------------
String:
array (
  'rule' => -2,
  'module' => '',
  'message' => 
  array (
    'tousername' => 'gh_f9b894563ef4',
    'fromusername' => 'o5V8y1T4WzanOKEWB5k3k78qmGF4',
    'createtime' => '1591275625',
    'msgtype' => 'event',
    'event' => 'VIEW',
    'eventkey' => 'http://www.boyufengmao.com/app/index.php?i=6&c=entry&m=ewei_shopv2&do=mobile&r=diypage&id=35',
    'menuid' => '445261982',
    'from' => 'o5V8y1T4WzanOKEWB5k3k78qmGF4',
    'to' => 'gh_f9b894563ef4',
    'time' => '1591275625',
    'type' => 'text',
    'content' => 'http://www.boyufengmao.com/app/index.php?i=6&c=entry&m=ewei_shopv2&do=mobile&r=diypage&id=35',
    'redirection' => true,
    'source' => 'VIEW',
  ),
)

2020-06-04 21:00:26 response :
------------

2020-06-04 21:39:55 trace :
------------
String:
<xml><ToUserName><![CDATA[gh_f9b894563ef4]]></ToUserName>
<FromUserName><![CDATA[o5V8y1Yz1X6h65HLOvMiHJ8P_Tmw]]></FromUserName>
<CreateTime>1591277995</CreateTime>
<MsgType><![CDATA[event]]></MsgType>
<Event><![CDATA[VIEW]]></Event>
<EventKey><![CDATA[http://www.boyufengmao.com/app/index.php?i=6&c=entry&m=ewei_shopv2&do=mobile]]></EventKey>
<MenuId>445261982</MenuId>
</xml>

2020-06-04 21:39:55 params :
------------
String:
array (
  'rule' => -2,
  'module' => '',
  'message' => 
  array (
    'tousername' => 'gh_f9b894563ef4',
    'fromusername' => 'o5V8y1Yz1X6h65HLOvMiHJ8P_Tmw',
    'createtime' => '1591277995',
    'msgtype' => 'event',
    'event' => 'VIEW',
    'eventkey' => 'http://www.boyufengmao.com/app/index.php?i=6&c=entry&m=ewei_shopv2&do=mobile',
    'menuid' => '445261982',
    'from' => 'o5V8y1Yz1X6h65HLOvMiHJ8P_Tmw',
    'to' => 'gh_f9b894563ef4',
    'time' => '1591277995',
    'type' => 'text',
    'content' => 'http://www.boyufengmao.com/app/index.php?i=6&c=entry&m=ewei_shopv2&do=mobile',
    'redirection' => true,
    'source' => 'VIEW',
  ),
)

2020-06-04 21:39:55 response :
------------

2020-06-04 21:40:01 trace :
------------
String:
<xml><ToUserName><![CDATA[gh_f9b894563ef4]]></ToUserName>
<FromUserName><![CDATA[o5V8y1Yz1X6h65HLOvMiHJ8P_Tmw]]></FromUserName>
<CreateTime>1591278001</CreateTime>
<MsgType><![CDATA[event]]></MsgType>
<Event><![CDATA[VIEW]]></Event>
<EventKey><![CDATA[http://www.boyufengmao.com/app/index.php?i=6&c=entry&m=ewei_shopv2&do=mobile&r=diypage&id=35]]></EventKey>
<MenuId>445261982</MenuId>
</xml>

2020-06-04 21:40:01 params :
------------
String:
array (
  'rule' => -2,
  'module' => '',
  'message' => 
  array (
    'tousername' => 'gh_f9b894563ef4',
    'fromusername' => 'o5V8y1Yz1X6h65HLOvMiHJ8P_Tmw',
    'createtime' => '1591278001',
    'msgtype' => 'event',
    'event' => 'VIEW',
    'eventkey' => 'http://www.boyufengmao.com/app/index.php?i=6&c=entry&m=ewei_shopv2&do=mobile&r=diypage&id=35',
    'menuid' => '445261982',
    'from' => 'o5V8y1Yz1X6h65HLOvMiHJ8P_Tmw',
    'to' => 'gh_f9b894563ef4',
    'time' => '1591278001',
    'type' => 'text',
    'content' => 'http://www.boyufengmao.com/app/index.php?i=6&c=entry&m=ewei_shopv2&do=mobile&r=diypage&id=35',
    'redirection' => true,
    'source' => 'VIEW',
  ),
)

2020-06-04 21:40:01 response :
------------

2020-06-04 22:41:11 trace :
------------
String:
<xml><ToUserName><![CDATA[gh_7a07c49cada8]]></ToUserName>
<FromUserName><![CDATA[o2LXc5nyAIKO4f9uKZ8YAkhB0zGs]]></FromUserName>
<CreateTime>1591281670</CreateTime>
<MsgType><![CDATA[event]]></MsgType>
<Event><![CDATA[unsubscribe]]></Event>
<EventKey><![CDATA[]]></EventKey>
</xml>

