2020-06-28 10:43:23 trace :
------------
String:
<xml><ToUserName><![CDATA[gh_f9b894563ef4]]></ToUserName>
<FromUserName><![CDATA[o5V8y1WFO0DaWwlboHdlxgy0D8T8]]></FromUserName>
<CreateTime>1593312202</CreateTime>
<MsgType><![CDATA[event]]></MsgType>
<Event><![CDATA[VIEW]]></Event>
<EventKey><![CDATA[http://www.boyufengmao.com/app/index.php?i=6&c=entry&m=ewei_shopv2&do=mobile]]></EventKey>
<MenuId>445261982</MenuId>
</xml>

2020-06-28 10:43:23 params :
------------
String:
array (
  'rule' => -2,
  'module' => '',
  'message' => 
  array (
    'tousername' => 'gh_f9b894563ef4',
    'fromusername' => 'o5V8y1WFO0DaWwlboHdlxgy0D8T8',
    'createtime' => '1593312202',
    'msgtype' => 'event',
    'event' => 'VIEW',
    'eventkey' => 'http://www.boyufengmao.com/app/index.php?i=6&c=entry&m=ewei_shopv2&do=mobile',
    'menuid' => '445261982',
    'from' => 'o5V8y1WFO0DaWwlboHdlxgy0D8T8',
    'to' => 'gh_f9b894563ef4',
    'time' => '1593312202',
    'type' => 'text',
    'content' => 'http://www.boyufengmao.com/app/index.php?i=6&c=entry&m=ewei_shopv2&do=mobile',
    'redirection' => true,
    'source' => 'VIEW',
  ),
)

2020-06-28 10:43:23 response :
------------

2020-06-28 11:36:13 trace :
------------
String:
<xml><ToUserName><![CDATA[gh_798963d6b623]]></ToUserName>
<FromUserName><![CDATA[oa1g_1H6fyBQ9nUZcHi2iBuTFY5M]]></FromUserName>
<CreateTime>1593315373</CreateTime>
<MsgType><![CDATA[event]]></MsgType>
<Event><![CDATA[VIEW]]></Event>
<EventKey><![CDATA[http://www.boyufengmao.com/app/index.php?i=9&c=entry&m=ewei_shopv2&do=mobile]]></EventKey>
<MenuId>438278889</MenuId>
</xml>

2020-06-28 11:36:13 params :
------------
String:
array (
  'rule' => -2,
  'module' => '',
  'message' => 
  array (
    'tousername' => 'gh_798963d6b623',
    'fromusername' => 'oa1g_1H6fyBQ9nUZcHi2iBuTFY5M',
    'createtime' => '1593315373',
    'msgtype' => 'event',
    'event' => 'VIEW',
    'eventkey' => 'http://www.boyufengmao.com/app/index.php?i=9&c=entry&m=ewei_shopv2&do=mobile',
    'menuid' => '438278889',
    'from' => 'oa1g_1H6fyBQ9nUZcHi2iBuTFY5M',
    'to' => 'gh_798963d6b623',
    'time' => '1593315373',
    'type' => 'text',
    'content' => 'http://www.boyufengmao.com/app/index.php?i=9&c=entry&m=ewei_shopv2&do=mobile',
    'redirection' => true,
    'source' => 'VIEW',
  ),
)

2020-06-28 11:36:13 response :
------------

2020-06-28 11:47:40 trace :
------------
String:
<xml><ToUserName><![CDATA[gh_f9b894563ef4]]></ToUserName>
<FromUserName><![CDATA[o5V8y1TKWB5--iaqxzxLVxMhC3VE]]></FromUserName>
<CreateTime>1593316060</CreateTime>
<MsgType><![CDATA[event]]></MsgType>
<Event><![CDATA[VIEW]]></Event>
<EventKey><![CDATA[http://www.boyufengmao.com/app/index.php?i=6&c=entry&m=ewei_shopv2&do=mobile&r=diypage&id=35]]></EventKey>
<MenuId>445261982</MenuId>
</xml>

2020-06-28 11:47:40 params :
------------
String:
array (
  'rule' => -2,
  'module' => '',
  'message' => 
  array (
    'tousername' => 'gh_f9b894563ef4',
    'fromusername' => 'o5V8y1TKWB5--iaqxzxLVxMhC3VE',
    'createtime' => '1593316060',
    'msgtype' => 'event',
    'event' => 'VIEW',
    'eventkey' => 'http://www.boyufengmao.com/app/index.php?i=6&c=entry&m=ewei_shopv2&do=mobile&r=diypage&id=35',
    'menuid' => '445261982',
    'from' => 'o5V8y1TKWB5--iaqxzxLVxMhC3VE',
    'to' => 'gh_f9b894563ef4',
    'time' => '1593316060',
    'type' => 'text',
    'content' => 'http://www.boyufengmao.com/app/index.php?i=6&c=entry&m=ewei_shopv2&do=mobile&r=diypage&id=35',
    'redirection' => true,
    'source' => 'VIEW',
  ),
)

2020-06-28 11:47:40 response :
------------

2020-06-28 12:00:19 trace :
------------
String:
<xml><ToUserName><![CDATA[gh_f84627c82e27]]></ToUserName>
<FromUserName><![CDATA[oLL3KwdwmQgLmh9b6qZrL9eMJr5g]]></FromUserName>
<CreateTime>1593316819</CreateTime>
<MsgType><![CDATA[event]]></MsgType>
<Event><![CDATA[VIEW]]></Event>
<EventKey><![CDATA[http://www.boyufengmao.com/app/index.php?i=20&c=entry&eid=1]]></EventKey>
<MenuId>465296285</MenuId>
</xml>

2020-06-28 12:00:19 params :
------------
String:
array (
  'rule' => -2,
  'module' => '',
  'message' => 
  array (
    'tousername' => 'gh_f84627c82e27',
    'fromusername' => 'oLL3KwdwmQgLmh9b6qZrL9eMJr5g',
    'createtime' => '1593316819',
    'msgtype' => 'event',
    'event' => 'VIEW',
    'eventkey' => 'http://www.boyufengmao.com/app/index.php?i=20&c=entry&eid=1',
    'menuid' => '465296285',
    'from' => 'oLL3KwdwmQgLmh9b6qZrL9eMJr5g',
    'to' => 'gh_f84627c82e27',
    'time' => '1593316819',
    'type' => 'text',
    'content' => 'http://www.boyufengmao.com/app/index.php?i=20&c=entry&eid=1',
    'redirection' => true,
    'source' => 'VIEW',
  ),
)

2020-06-28 12:00:19 response :
------------

2020-06-28 12:43:32 trace :
------------
String:
<xml><ToUserName><![CDATA[gh_c804ae748f89]]></ToUserName>
<FromUserName><![CDATA[o3lrB5-tSRB4TRcnFv6XLoaKD3Ww]]></FromUserName>
<CreateTime>1593319412</CreateTime>
<MsgType><![CDATA[event]]></MsgType>
<Event><![CDATA[VIEW]]></Event>
<EventKey><![CDATA[http://www.boyufengmao.com/app/index.php?i=2&c=entry&m=ewei_shopv2&do=mobile]]></EventKey>
<MenuId>444488974</MenuId>
</xml>

2020-06-28 12:43:32 params :
------------
String:
array (
  'rule' => -2,
  'module' => '',
  'message' => 
  array (
    'tousername' => 'gh_c804ae748f89',
    'fromusername' => 'o3lrB5-tSRB4TRcnFv6XLoaKD3Ww',
    'createtime' => '1593319412',
    'msgtype' => 'event',
    'event' => 'VIEW',
    'eventkey' => 'http://www.boyufengmao.com/app/index.php?i=2&c=entry&m=ewei_shopv2&do=mobile',
    'menuid' => '444488974',
    'from' => 'o3lrB5-tSRB4TRcnFv6XLoaKD3Ww',
    'to' => 'gh_c804ae748f89',
    'time' => '1593319412',
    'type' => 'text',
    'content' => 'http://www.boyufengmao.com/app/index.php?i=2&c=entry&m=ewei_shopv2&do=mobile',
    'redirection' => true,
    'source' => 'VIEW',
  ),
)

2020-06-28 12:43:32 response :
------------

2020-06-28 12:58:19 trace :
------------
String:
<xml><ToUserName><![CDATA[gh_f9b894563ef4]]></ToUserName>
<FromUserName><![CDATA[o5V8y1TKWB5--iaqxzxLVxMhC3VE]]></FromUserName>
<CreateTime>1593320299</CreateTime>
<MsgType><![CDATA[event]]></MsgType>
<Event><![CDATA[VIEW]]></Event>
<EventKey><![CDATA[http://www.boyufengmao.com/app/index.php?i=6&c=entry&m=ewei_shopv2&do=mobile&r=diypage&id=35]]></EventKey>
<MenuId>445261982</MenuId>
</xml>

2020-06-28 12:58:19 params :
------------
String:
array (
  'rule' => -2,
  'module' => '',
  'message' => 
  array (
    'tousername' => 'gh_f9b894563ef4',
    'fromusername' => 'o5V8y1TKWB5--iaqxzxLVxMhC3VE',
    'createtime' => '1593320299',
    'msgtype' => 'event',
    'event' => 'VIEW',
    'eventkey' => 'http://www.boyufengmao.com/app/index.php?i=6&c=entry&m=ewei_shopv2&do=mobile&r=diypage&id=35',
    'menuid' => '445261982',
    'from' => 'o5V8y1TKWB5--iaqxzxLVxMhC3VE',
    'to' => 'gh_f9b894563ef4',
    'time' => '1593320299',
    'type' => 'text',
    'content' => 'http://www.boyufengmao.com/app/index.php?i=6&c=entry&m=ewei_shopv2&do=mobile&r=diypage&id=35',
    'redirection' => true,
    'source' => 'VIEW',
  ),
)

2020-06-28 12:58:19 response :
------------

2020-06-28 12:58:26 trace :
------------
String:
<xml><ToUserName><![CDATA[gh_f9b894563ef4]]></ToUserName>
<FromUserName><![CDATA[o5V8y1TKWB5--iaqxzxLVxMhC3VE]]></FromUserName>
<CreateTime>1593320306</CreateTime>
<MsgType><![CDATA[event]]></MsgType>
<Event><![CDATA[VIEW]]></Event>
<EventKey><![CDATA[http://www.boyufengmao.com/app/index.php?i=6&c=entry&m=ewei_shopv2&do=mobile]]></EventKey>
<MenuId>445261982</MenuId>
</xml>

2020-06-28 12:58:26 params :
------------
String:
array (
  'rule' => -2,
  'module' => '',
  'message' => 
  array (
    'tousername' => 'gh_f9b894563ef4',
    'fromusername' => 'o5V8y1TKWB5--iaqxzxLVxMhC3VE',
    'createtime' => '1593320306',
    'msgtype' => 'event',
    'event' => 'VIEW',
    'eventkey' => 'http://www.boyufengmao.com/app/index.php?i=6&c=entry&m=ewei_shopv2&do=mobile',
    'menuid' => '445261982',
    'from' => 'o5V8y1TKWB5--iaqxzxLVxMhC3VE',
    'to' => 'gh_f9b894563ef4',
    'time' => '1593320306',
    'type' => 'text',
    'content' => 'http://www.boyufengmao.com/app/index.php?i=6&c=entry&m=ewei_shopv2&do=mobile',
    'redirection' => true,
    'source' => 'VIEW',
  ),
)

2020-06-28 12:58:26 response :
------------

2020-06-28 12:59:32 trace :
------------
String:
<xml><ToUserName><![CDATA[gh_f9b894563ef4]]></ToUserName>
<FromUserName><![CDATA[o5V8y1VfllEfbtNWNwWsG8eIEY4A]]></FromUserName>
<CreateTime>1593320371</CreateTime>
<MsgType><![CDATA[event]]></MsgType>
<Event><![CDATA[VIEW]]></Event>
<EventKey><![CDATA[http://www.boyufengmao.com/app/index.php?i=6&c=entry&m=ewei_shopv2&do=mobile&r=diypage&id=35]]></EventKey>
<MenuId>445261982</MenuId>
</xml>

2020-06-28 12:59:32 params :
------------
String:
array (
  'rule' => -2,
  'module' => '',
  'message' => 
  array (
    'tousername' => 'gh_f9b894563ef4',
    'fromusername' => 'o5V8y1VfllEfbtNWNwWsG8eIEY4A',
    'createtime' => '1593320371',
    'msgtype' => 'event',
    'event' => 'VIEW',
    'eventkey' => 'http://www.boyufengmao.com/app/index.php?i=6&c=entry&m=ewei_shopv2&do=mobile&r=diypage&id=35',
    'menuid' => '445261982',
    'from' => 'o5V8y1VfllEfbtNWNwWsG8eIEY4A',
    'to' => 'gh_f9b894563ef4',
    'time' => '1593320371',
    'type' => 'text',
    'content' => 'http://www.boyufengmao.com/app/index.php?i=6&c=entry&m=ewei_shopv2&do=mobile&r=diypage&id=35',
    'redirection' => true,
    'source' => 'VIEW',
  ),
)

2020-06-28 12:59:32 response :
------------

2020-06-28 13:03:27 trace :
------------
String:
<xml><ToUserName><![CDATA[gh_f9b894563ef4]]></ToUserName>
<FromUserName><![CDATA[o5V8y1bYLqhmHhysCV8bjAKnCBxc]]></FromUserName>
<CreateTime>1593320607</CreateTime>
<MsgType><![CDATA[event]]></MsgType>
<Event><![CDATA[subscribe]]></Event>
<EventKey><![CDATA[]]></EventKey>
</xml>

2020-06-28 13:03:27 params :
------------
String:
array (
  'rule' => -2,
  'module' => '',
  'message' => 
  array (
    'tousername' => 'gh_f9b894563ef4',
    'fromusername' => 'o5V8y1bYLqhmHhysCV8bjAKnCBxc',
    'createtime' => '1593320607',
    'msgtype' => 'event',
    'event' => 'subscribe',
    'eventkey' => '',
    'from' => 'o5V8y1bYLqhmHhysCV8bjAKnCBxc',
    'to' => 'gh_f9b894563ef4',
    'time' => '1593320607',
    'type' => 'text',
    'redirection' => true,
    'source' => 'subscribe',
  ),
)

2020-06-28 13:03:27 response :
------------

2020-06-28 13:03:29 trace :
------------
String:
<xml><ToUserName><![CDATA[gh_f9b894563ef4]]></ToUserName>
<FromUserName><![CDATA[o5V8y1bYLqhmHhysCV8bjAKnCBxc]]></FromUserName>
<CreateTime>1593320609</CreateTime>
<MsgType><![CDATA[event]]></MsgType>
<Event><![CDATA[VIEW]]></Event>
<EventKey><![CDATA[http://www.boyufengmao.com/app/index.php?i=6&c=entry&m=ewei_shopv2&do=mobile&r=diypage&id=35]]></EventKey>
<MenuId>445261982</MenuId>
</xml>

2020-06-28 13:03:29 params :
------------
String:
array (
  'rule' => -2,
  'module' => '',
  'message' => 
  array (
    'tousername' => 'gh_f9b894563ef4',
    'fromusername' => 'o5V8y1bYLqhmHhysCV8bjAKnCBxc',
    'createtime' => '1593320609',
    'msgtype' => 'event',
    'event' => 'VIEW',
    'eventkey' => 'http://www.boyufengmao.com/app/index.php?i=6&c=entry&m=ewei_shopv2&do=mobile&r=diypage&id=35',
    'menuid' => '445261982',
    'from' => 'o5V8y1bYLqhmHhysCV8bjAKnCBxc',
    'to' => 'gh_f9b894563ef4',
    'time' => '1593320609',
    'type' => 'text',
    'content' => 'http://www.boyufengmao.com/app/index.php?i=6&c=entry&m=ewei_shopv2&do=mobile&r=diypage&id=35',
    'redirection' => true,
    'source' => 'VIEW',
  ),
)

2020-06-28 13:03:29 response :
------------

2020-06-28 13:04:45 trace :
------------
String:
<xml><ToUserName><![CDATA[gh_f9b894563ef4]]></ToUserName>
<FromUserName><![CDATA[o5V8y1bDGPUyWuFfPjh8D8kVYrzc]]></FromUserName>
<CreateTime>1593320685</CreateTime>
<MsgType><![CDATA[event]]></MsgType>
<Event><![CDATA[VIEW]]></Event>
<EventKey><![CDATA[http://www.boyufengmao.com/app/index.php?i=6&c=entry&m=ewei_shopv2&do=mobile]]></EventKey>
<MenuId>445261982</MenuId>
</xml>

2020-06-28 13:04:45 params :
------------
String:
array (
  'rule' => -2,
  'module' => '',
  'message' => 
  array (
    'tousername' => 'gh_f9b894563ef4',
    'fromusername' => 'o5V8y1bDGPUyWuFfPjh8D8kVYrzc',
    'createtime' => '1593320685',
    'msgtype' => 'event',
    'event' => 'VIEW',
    'eventkey' => 'http://www.boyufengmao.com/app/index.php?i=6&c=entry&m=ewei_shopv2&do=mobile',
    'menuid' => '445261982',
    'from' => 'o5V8y1bDGPUyWuFfPjh8D8kVYrzc',
    'to' => 'gh_f9b894563ef4',
    'time' => '1593320685',
    'type' => 'text',
    'content' => 'http://www.boyufengmao.com/app/index.php?i=6&c=entry&m=ewei_shopv2&do=mobile',
    'redirection' => true,
    'source' => 'VIEW',
  ),
)

2020-06-28 13:04:45 response :
------------

2020-06-28 13:31:22 trace :
------------
String:
<xml><ToUserName><![CDATA[gh_f84627c82e27]]></ToUserName>
<FromUserName><![CDATA[oLL3KwdwmQgLmh9b6qZrL9eMJr5g]]></FromUserName>
<CreateTime>1593322282</CreateTime>
<MsgType><![CDATA[event]]></MsgType>
<Event><![CDATA[VIEW]]></Event>
<EventKey><![CDATA[http://www.boyufengmao.com/app/index.php?i=20&c=entry&eid=1]]></EventKey>
<MenuId>465296285</MenuId>
</xml>

2020-06-28 13:31:22 params :
------------
String:
array (
  'rule' => -2,
  'module' => '',
  'message' => 
  array (
    'tousername' => 'gh_f84627c82e27',
    'fromusername' => 'oLL3KwdwmQgLmh9b6qZrL9eMJr5g',
    'createtime' => '1593322282',
    'msgtype' => 'event',
    'event' => 'VIEW',
    'eventkey' => 'http://www.boyufengmao.com/app/index.php?i=20&c=entry&eid=1',
    'menuid' => '465296285',
    'from' => 'oLL3KwdwmQgLmh9b6qZrL9eMJr5g',
    'to' => 'gh_f84627c82e27',
    'time' => '1593322282',
    'type' => 'text',
    'content' => 'http://www.boyufengmao.com/app/index.php?i=20&c=entry&eid=1',
    'redirection' => true,
    'source' => 'VIEW',
  ),
)

2020-06-28 13:31:22 response :
------------

2020-06-28 13:34:04 trace :
------------
String:
<xml><ToUserName><![CDATA[gh_f84627c82e27]]></ToUserName>
<FromUserName><![CDATA[oLL3KwdwmQgLmh9b6qZrL9eMJr5g]]></FromUserName>
<CreateTime>1593322444</CreateTime>
<MsgType><![CDATA[event]]></MsgType>
<Event><![CDATA[VIEW]]></Event>
<EventKey><![CDATA[http://www.boyufengmao.com/app/index.php?i=20&c=entry&eid=1]]></EventKey>
<MenuId>465296285</MenuId>
</xml>

2020-06-28 13:34:04 params :
------------
String:
array (
  'rule' => -2,
  'module' => '',
  'message' => 
  array (
    'tousername' => 'gh_f84627c82e27',
    'fromusername' => 'oLL3KwdwmQgLmh9b6qZrL9eMJr5g',
    'createtime' => '1593322444',
    'msgtype' => 'event',
    'event' => 'VIEW',
    'eventkey' => 'http://www.boyufengmao.com/app/index.php?i=20&c=entry&eid=1',
    'menuid' => '465296285',
    'from' => 'oLL3KwdwmQgLmh9b6qZrL9eMJr5g',
    'to' => 'gh_f84627c82e27',
    'time' => '1593322444',
    'type' => 'text',
    'content' => 'http://www.boyufengmao.com/app/index.php?i=20&c=entry&eid=1',
    'redirection' => true,
    'source' => 'VIEW',
  ),
)

2020-06-28 13:34:04 response :
------------

2020-06-28 13:35:04 trace :
------------
String:
<xml><ToUserName><![CDATA[gh_f84627c82e27]]></ToUserName>
<FromUserName><![CDATA[oLL3KwRdwaweK-A1NXIhN1YWw9Yw]]></FromUserName>
<CreateTime>1593322504</CreateTime>
<MsgType><![CDATA[event]]></MsgType>
<Event><![CDATA[subscribe]]></Event>
<EventKey><![CDATA[qrscene_0e27050b71f4a42cf16203824ab21673]]></EventKey>
<Ticket><![CDATA[gQG08DwAAAAAAAAAAS5odHRwOi8vd2VpeGluLnFxLmNvbS9xLzAyOUdPU3d0SVpmYTExMDAwMHcwN0IAAgRjCPNeAwQAAAAA]]></Ticket>
</xml>

2020-06-28 13:35:07 trace :
------------
String:
<xml><ToUserName><![CDATA[gh_f84627c82e27]]></ToUserName>
<FromUserName><![CDATA[oLL3KwRdwaweK-A1NXIhN1YWw9Yw]]></FromUserName>
<CreateTime>1593322506</CreateTime>
<MsgType><![CDATA[event]]></MsgType>
<Event><![CDATA[VIEW]]></Event>
<EventKey><![CDATA[http://www.boyufengmao.com/app/index.php?i=20&c=entry&eid=1]]></EventKey>
<MenuId>465296285</MenuId>
</xml>

2020-06-28 13:35:07 params :
------------
String:
array (
  'rule' => -2,
  'module' => '',
  'message' => 
  array (
    'tousername' => 'gh_f84627c82e27',
    'fromusername' => 'oLL3KwRdwaweK-A1NXIhN1YWw9Yw',
    'createtime' => '1593322506',
    'msgtype' => 'event',
    'event' => 'VIEW',
    'eventkey' => 'http://www.boyufengmao.com/app/index.php?i=20&c=entry&eid=1',
    'menuid' => '465296285',
    'from' => 'oLL3KwRdwaweK-A1NXIhN1YWw9Yw',
    'to' => 'gh_f84627c82e27',
    'time' => '1593322506',
    'type' => 'text',
    'content' => 'http://www.boyufengmao.com/app/index.php?i=20&c=entry&eid=1',
    'redirection' => true,
    'source' => 'VIEW',
  ),
)

2020-06-28 13:35:07 response :
------------

2020-06-28 13:35:08 trace :
------------
String:
<xml><ToUserName><![CDATA[gh_f84627c82e27]]></ToUserName>
<FromUserName><![CDATA[oLL3KwRdwaweK-A1NXIhN1YWw9Yw]]></FromUserName>
<CreateTime>1593322508</CreateTime>
<MsgType><![CDATA[event]]></MsgType>
<Event><![CDATA[TEMPLATESENDJOBFINISH]]></Event>
<MsgID>1404760275135627264</MsgID>
<Status><![CDATA[success]]></Status>
</xml>

2020-06-28 13:35:08 params :
------------
String:
array (
  'rule' => -2,
  'module' => '',
  'message' => 
  array (
    'tousername' => 'gh_f84627c82e27',
    'fromusername' => 'oLL3KwRdwaweK-A1NXIhN1YWw9Yw',
    'createtime' => '1593322508',
    'msgtype' => 'event',
    'event' => 'TEMPLATESENDJOBFINISH',
    'msgid' => '1404760275135627264',
    'status' => 'success',
    'from' => 'oLL3KwRdwaweK-A1NXIhN1YWw9Yw',
    'to' => 'gh_f84627c82e27',
    'time' => '1593322508',
    'type' => 'event',
  ),
)

2020-06-28 13:35:08 response :
------------

2020-06-28 13:46:39 trace :
------------
String:
<xml><ToUserName><![CDATA[gh_f9b894563ef4]]></ToUserName>
<FromUserName><![CDATA[o5V8y1S8i9zvIYdOoi8mFp27__9Y]]></FromUserName>
<CreateTime>1593323199</CreateTime>
<MsgType><![CDATA[event]]></MsgType>
<Event><![CDATA[VIEW]]></Event>
<EventKey><![CDATA[http://www.boyufengmao.com/app/index.php?i=6&c=entry&m=ewei_shopv2&do=mobile&r=diypage&id=35]]></EventKey>
<MenuId>445261982</MenuId>
</xml>

2020-06-28 13:46:39 params :
------------
String:
array (
  'rule' => -2,
  'module' => '',
  'message' => 
  array (
    'tousername' => 'gh_f9b894563ef4',
    'fromusername' => 'o5V8y1S8i9zvIYdOoi8mFp27__9Y',
    'createtime' => '1593323199',
    'msgtype' => 'event',
    'event' => 'VIEW',
    'eventkey' => 'http://www.boyufengmao.com/app/index.php?i=6&c=entry&m=ewei_shopv2&do=mobile&r=diypage&id=35',
    'menuid' => '445261982',
    'from' => 'o5V8y1S8i9zvIYdOoi8mFp27__9Y',
    'to' => 'gh_f9b894563ef4',
    'time' => '1593323199',
    'type' => 'text',
    'content' => 'http://www.boyufengmao.com/app/index.php?i=6&c=entry&m=ewei_shopv2&do=mobile&r=diypage&id=35',
    'redirection' => true,
    'source' => 'VIEW',
  ),
)

2020-06-28 13:46:39 response :
------------

2020-06-28 13:46:44 trace :
------------
String:
<xml><ToUserName><![CDATA[gh_f9b894563ef4]]></ToUserName>
<FromUserName><![CDATA[o5V8y1S8i9zvIYdOoi8mFp27__9Y]]></FromUserName>
<CreateTime>1593323204</CreateTime>
<MsgType><![CDATA[event]]></MsgType>
<Event><![CDATA[VIEW]]></Event>
<EventKey><![CDATA[http://www.boyufengmao.com/app/index.php?i=6&c=entry&m=ewei_shopv2&do=mobile]]></EventKey>
<MenuId>445261982</MenuId>
</xml>

2020-06-28 13:46:44 params :
------------
String:
array (
  'rule' => -2,
  'module' => '',
  'message' => 
  array (
    'tousername' => 'gh_f9b894563ef4',
    'fromusername' => 'o5V8y1S8i9zvIYdOoi8mFp27__9Y',
    'createtime' => '1593323204',
    'msgtype' => 'event',
    'event' => 'VIEW',
    'eventkey' => 'http://www.boyufengmao.com/app/index.php?i=6&c=entry&m=ewei_shopv2&do=mobile',
    'menuid' => '445261982',
    'from' => 'o5V8y1S8i9zvIYdOoi8mFp27__9Y',
    'to' => 'gh_f9b894563ef4',
    'time' => '1593323204',
    'type' => 'text',
    'content' => 'http://www.boyufengmao.com/app/index.php?i=6&c=entry&m=ewei_shopv2&do=mobile',
    'redirection' => true,
    'source' => 'VIEW',
  ),
)

2020-06-28 13:46:44 response :
------------

2020-06-28 13:47:24 trace :
------------
String:
<xml><ToUserName><![CDATA[gh_f9b894563ef4]]></ToUserName>
<FromUserName><![CDATA[o5V8y1eYb6RKuOM4E_G7pkt7Onew]]></FromUserName>
<CreateTime>1593323244</CreateTime>
<MsgType><![CDATA[event]]></MsgType>
<Event><![CDATA[VIEW]]></Event>
<EventKey><![CDATA[http://www.boyufengmao.com/app/index.php?i=6&c=entry&m=ewei_shopv2&do=mobile&r=diypage&id=35]]></EventKey>
<MenuId>445261982</MenuId>
</xml>

2020-06-28 13:47:24 params :
------------
String:
array (
  'rule' => -2,
  'module' => '',
  'message' => 
  array (
    'tousername' => 'gh_f9b894563ef4',
    'fromusername' => 'o5V8y1eYb6RKuOM4E_G7pkt7Onew',
    'createtime' => '1593323244',
    'msgtype' => 'event',
    'event' => 'VIEW',
    'eventkey' => 'http://www.boyufengmao.com/app/index.php?i=6&c=entry&m=ewei_shopv2&do=mobile&r=diypage&id=35',
    'menuid' => '445261982',
    'from' => 'o5V8y1eYb6RKuOM4E_G7pkt7Onew',
    'to' => 'gh_f9b894563ef4',
    'time' => '1593323244',
    'type' => 'text',
    'content' => 'http://www.boyufengmao.com/app/index.php?i=6&c=entry&m=ewei_shopv2&do=mobile&r=diypage&id=35',
    'redirection' => true,
    'source' => 'VIEW',
  ),
)

2020-06-28 13:47:24 response :
------------

2020-06-28 13:47:28 trace :
------------
String:
<xml><ToUserName><![CDATA[gh_798963d6b623]]></ToUserName>
<FromUserName><![CDATA[oa1g_1H6fyBQ9nUZcHi2iBuTFY5M]]></FromUserName>
<CreateTime>1593323248</CreateTime>
<MsgType><![CDATA[event]]></MsgType>
<Event><![CDATA[VIEW]]></Event>
<EventKey><![CDATA[http://www.boyufengmao.com/app/index.php?i=9&c=entry&m=ewei_shopv2&do=mobile]]></EventKey>
<MenuId>438278889</MenuId>
</xml>

2020-06-28 13:47:28 params :
------------
String:
array (
  'rule' => -2,
  'module' => '',
  'message' => 
  array (
    'tousername' => 'gh_798963d6b623',
    'fromusername' => 'oa1g_1H6fyBQ9nUZcHi2iBuTFY5M',
    'createtime' => '1593323248',
    'msgtype' => 'event',
    'event' => 'VIEW',
    'eventkey' => 'http://www.boyufengmao.com/app/index.php?i=9&c=entry&m=ewei_shopv2&do=mobile',
    'menuid' => '438278889',
    'from' => 'oa1g_1H6fyBQ9nUZcHi2iBuTFY5M',
    'to' => 'gh_798963d6b623',
    'time' => '1593323248',
    'type' => 'text',
    'content' => 'http://www.boyufengmao.com/app/index.php?i=9&c=entry&m=ewei_shopv2&do=mobile',
    'redirection' => true,
    'source' => 'VIEW',
  ),
)

2020-06-28 13:47:28 response :
------------

2020-06-28 13:47:31 trace :
------------
String:
<xml><ToUserName><![CDATA[gh_f9b894563ef4]]></ToUserName>
<FromUserName><![CDATA[o5V8y1eYb6RKuOM4E_G7pkt7Onew]]></FromUserName>
<CreateTime>1593323251</CreateTime>
<MsgType><![CDATA[event]]></MsgType>
<Event><![CDATA[VIEW]]></Event>
<EventKey><![CDATA[http://www.boyufengmao.com/app/index.php?i=6&c=entry&m=ewei_shopv2&do=mobile]]></EventKey>
<MenuId>445261982</MenuId>
</xml>

2020-06-28 13:47:31 params :
------------
String:
array (
  'rule' => -2,
  'module' => '',
  'message' => 
  array (
    'tousername' => 'gh_f9b894563ef4',
    'fromusername' => 'o5V8y1eYb6RKuOM4E_G7pkt7Onew',
    'createtime' => '1593323251',
    'msgtype' => 'event',
    'event' => 'VIEW',
    'eventkey' => 'http://www.boyufengmao.com/app/index.php?i=6&c=entry&m=ewei_shopv2&do=mobile',
    'menuid' => '445261982',
    'from' => 'o5V8y1eYb6RKuOM4E_G7pkt7Onew',
    'to' => 'gh_f9b894563ef4',
    'time' => '1593323251',
    'type' => 'text',
    'content' => 'http://www.boyufengmao.com/app/index.php?i=6&c=entry&m=ewei_shopv2&do=mobile',
    'redirection' => true,
    'source' => 'VIEW',
  ),
)

2020-06-28 13:47:31 response :
------------

2020-06-28 15:44:22 trace :
------------
String:
<xml><ToUserName><![CDATA[gh_f9b894563ef4]]></ToUserName>
<FromUserName><![CDATA[o5V8y1avR7-PrZmOZtxqrP9MzW9Y]]></FromUserName>
<CreateTime>1593330262</CreateTime>
<MsgType><![CDATA[event]]></MsgType>
<Event><![CDATA[VIEW]]></Event>
<EventKey><![CDATA[http://www.boyufengmao.com/app/index.php?i=6&c=entry&m=ewei_shopv2&do=mobile]]></EventKey>
<MenuId>445261982</MenuId>
</xml>

2020-06-28 15:44:22 params :
------------
String:
array (
  'rule' => -2,
  'module' => '',
  'message' => 
  array (
    'tousername' => 'gh_f9b894563ef4',
    'fromusername' => 'o5V8y1avR7-PrZmOZtxqrP9MzW9Y',
    'createtime' => '1593330262',
    'msgtype' => 'event',
    'event' => 'VIEW',
    'eventkey' => 'http://www.boyufengmao.com/app/index.php?i=6&c=entry&m=ewei_shopv2&do=mobile',
    'menuid' => '445261982',
    'from' => 'o5V8y1avR7-PrZmOZtxqrP9MzW9Y',
    'to' => 'gh_f9b894563ef4',
    'time' => '1593330262',
    'type' => 'text',
    'content' => 'http://www.boyufengmao.com/app/index.php?i=6&c=entry&m=ewei_shopv2&do=mobile',
    'redirection' => true,
    'source' => 'VIEW',
  ),
)

2020-06-28 15:44:22 response :
------------

2020-06-28 16:16:42 trace :
------------
String:
<xml><ToUserName><![CDATA[gh_f9b894563ef4]]></ToUserName>
<FromUserName><![CDATA[o5V8y1TKWB5--iaqxzxLVxMhC3VE]]></FromUserName>
<CreateTime>1593332202</CreateTime>
<MsgType><![CDATA[event]]></MsgType>
<Event><![CDATA[VIEW]]></Event>
<EventKey><![CDATA[http://www.boyufengmao.com/app/index.php?i=6&c=entry&m=ewei_shopv2&do=mobile&r=diypage&id=35]]></EventKey>
<MenuId>445261982</MenuId>
</xml>

2020-06-28 16:16:42 params :
------------
String:
array (
  'rule' => -2,
  'module' => '',
  'message' => 
  array (
    'tousername' => 'gh_f9b894563ef4',
    'fromusername' => 'o5V8y1TKWB5--iaqxzxLVxMhC3VE',
    'createtime' => '1593332202',
    'msgtype' => 'event',
    'event' => 'VIEW',
    'eventkey' => 'http://www.boyufengmao.com/app/index.php?i=6&c=entry&m=ewei_shopv2&do=mobile&r=diypage&id=35',
    'menuid' => '445261982',
    'from' => 'o5V8y1TKWB5--iaqxzxLVxMhC3VE',
    'to' => 'gh_f9b894563ef4',
    'time' => '1593332202',
    'type' => 'text',
    'content' => 'http://www.boyufengmao.com/app/index.php?i=6&c=entry&m=ewei_shopv2&do=mobile&r=diypage&id=35',
    'redirection' => true,
    'source' => 'VIEW',
  ),
)

2020-06-28 16:16:42 response :
------------

2020-06-28 16:19:26 trace :
------------
String:
<xml><ToUserName><![CDATA[gh_f9b894563ef4]]></ToUserName>
<FromUserName><![CDATA[o5V8y1TKWB5--iaqxzxLVxMhC3VE]]></FromUserName>
<CreateTime>1593332366</CreateTime>
<MsgType><![CDATA[event]]></MsgType>
<Event><![CDATA[VIEW]]></Event>
<EventKey><![CDATA[http://www.boyufengmao.com/app/index.php?i=6&c=entry&m=ewei_shopv2&do=mobile]]></EventKey>
<MenuId>445261982</MenuId>
</xml>

2020-06-28 16:19:26 params :
------------
String:
array (
  'rule' => -2,
  'module' => '',
  'message' => 
  array (
    'tousername' => 'gh_f9b894563ef4',
    'fromusername' => 'o5V8y1TKWB5--iaqxzxLVxMhC3VE',
    'createtime' => '1593332366',
    'msgtype' => 'event',
    'event' => 'VIEW',
    'eventkey' => 'http://www.boyufengmao.com/app/index.php?i=6&c=entry&m=ewei_shopv2&do=mobile',
    'menuid' => '445261982',
    'from' => 'o5V8y1TKWB5--iaqxzxLVxMhC3VE',
    'to' => 'gh_f9b894563ef4',
    'time' => '1593332366',
    'type' => 'text',
    'content' => 'http://www.boyufengmao.com/app/index.php?i=6&c=entry&m=ewei_shopv2&do=mobile',
    'redirection' => true,
    'source' => 'VIEW',
  ),
)

2020-06-28 16:19:26 response :
------------

2020-06-28 17:22:59 trace :
------------
String:
<xml><ToUserName><![CDATA[gh_f9b894563ef4]]></ToUserName>
<FromUserName><![CDATA[o5V8y1S9Y8IIaH10x3H_V7OOkUms]]></FromUserName>
<CreateTime>1593336179</CreateTime>
<MsgType><![CDATA[event]]></MsgType>
<Event><![CDATA[VIEW]]></Event>
<EventKey><![CDATA[http://www.boyufengmao.com/app/index.php?i=6&c=entry&m=ewei_shopv2&do=mobile&r=diypage&id=35]]></EventKey>
<MenuId>445261982</MenuId>
</xml>

2020-06-28 17:22:59 params :
------------
String:
array (
  'rule' => -2,
  'module' => '',
  'message' => 
  array (
    'tousername' => 'gh_f9b894563ef4',
    'fromusername' => 'o5V8y1S9Y8IIaH10x3H_V7OOkUms',
    'createtime' => '1593336179',
    'msgtype' => 'event',
    'event' => 'VIEW',
    'eventkey' => 'http://www.boyufengmao.com/app/index.php?i=6&c=entry&m=ewei_shopv2&do=mobile&r=diypage&id=35',
    'menuid' => '445261982',
    'from' => 'o5V8y1S9Y8IIaH10x3H_V7OOkUms',
    'to' => 'gh_f9b894563ef4',
    'time' => '1593336179',
    'type' => 'text',
    'content' => 'http://www.boyufengmao.com/app/index.php?i=6&c=entry&m=ewei_shopv2&do=mobile&r=diypage&id=35',
    'redirection' => true,
    'source' => 'VIEW',
  ),
)

2020-06-28 17:22:59 response :
------------

2020-06-28 17:23:19 trace :
------------
String:
<xml><ToUserName><![CDATA[gh_f9b894563ef4]]></ToUserName>
<FromUserName><![CDATA[o5V8y1S9Y8IIaH10x3H_V7OOkUms]]></FromUserName>
<CreateTime>1593336199</CreateTime>
<MsgType><![CDATA[event]]></MsgType>
<Event><![CDATA[VIEW]]></Event>
<EventKey><![CDATA[http://www.boyufengmao.com/app/index.php?i=6&c=entry&m=ewei_shopv2&do=mobile&r=diypage&id=35]]></EventKey>
<MenuId>445261982</MenuId>
</xml>

2020-06-28 17:23:19 params :
------------
String:
array (
  'rule' => -2,
  'module' => '',
  'message' => 
  array (
    'tousername' => 'gh_f9b894563ef4',
    'fromusername' => 'o5V8y1S9Y8IIaH10x3H_V7OOkUms',
    'createtime' => '1593336199',
    'msgtype' => 'event',
    'event' => 'VIEW',
    'eventkey' => 'http://www.boyufengmao.com/app/index.php?i=6&c=entry&m=ewei_shopv2&do=mobile&r=diypage&id=35',
    'menuid' => '445261982',
    'from' => 'o5V8y1S9Y8IIaH10x3H_V7OOkUms',
    'to' => 'gh_f9b894563ef4',
    'time' => '1593336199',
    'type' => 'text',
    'content' => 'http://www.boyufengmao.com/app/index.php?i=6&c=entry&m=ewei_shopv2&do=mobile&r=diypage&id=35',
    'redirection' => true,
    'source' => 'VIEW',
  ),
)

2020-06-28 17:23:19 response :
------------

2020-06-28 17:24:52 trace :
------------
String:
<xml><ToUserName><![CDATA[gh_f9b894563ef4]]></ToUserName>
<FromUserName><![CDATA[o5V8y1S9Y8IIaH10x3H_V7OOkUms]]></FromUserName>
<CreateTime>1593336292</CreateTime>
<MsgType><![CDATA[event]]></MsgType>
<Event><![CDATA[VIEW]]></Event>
<EventKey><![CDATA[http://www.boyufengmao.com/app/index.php?i=6&c=entry&m=ewei_shopv2&do=mobile&r=diypage&id=35]]></EventKey>
<MenuId>445261982</MenuId>
</xml>

2020-06-28 17:24:52 params :
------------
String:
array (
  'rule' => -2,
  'module' => '',
  'message' => 
  array (
    'tousername' => 'gh_f9b894563ef4',
    'fromusername' => 'o5V8y1S9Y8IIaH10x3H_V7OOkUms',
    'createtime' => '1593336292',
    'msgtype' => 'event',
    'event' => 'VIEW',
    'eventkey' => 'http://www.boyufengmao.com/app/index.php?i=6&c=entry&m=ewei_shopv2&do=mobile&r=diypage&id=35',
    'menuid' => '445261982',
    'from' => 'o5V8y1S9Y8IIaH10x3H_V7OOkUms',
    'to' => 'gh_f9b894563ef4',
    'time' => '1593336292',
    'type' => 'text',
    'content' => 'http://www.boyufengmao.com/app/index.php?i=6&c=entry&m=ewei_shopv2&do=mobile&r=diypage&id=35',
    'redirection' => true,
    'source' => 'VIEW',
  ),
)

2020-06-28 17:24:52 response :
------------

2020-06-28 17:38:55 trace :
------------
String:
<xml><ToUserName><![CDATA[gh_f84627c82e27]]></ToUserName>
<FromUserName><![CDATA[oLL3KwdwmQgLmh9b6qZrL9eMJr5g]]></FromUserName>
<CreateTime>1593337134</CreateTime>
<MsgType><![CDATA[event]]></MsgType>
<Event><![CDATA[VIEW]]></Event>
<EventKey><![CDATA[http://www.boyufengmao.com/app/index.php?i=20&c=entry&eid=1]]></EventKey>
<MenuId>465296285</MenuId>
</xml>

2020-06-28 17:38:55 params :
------------
String:
array (
  'rule' => -2,
  'module' => '',
  'message' => 
  array (
    'tousername' => 'gh_f84627c82e27',
    'fromusername' => 'oLL3KwdwmQgLmh9b6qZrL9eMJr5g',
    'createtime' => '1593337134',
    'msgtype' => 'event',
    'event' => 'VIEW',
    'eventkey' => 'http://www.boyufengmao.com/app/index.php?i=20&c=entry&eid=1',
    'menuid' => '465296285',
    'from' => 'oLL3KwdwmQgLmh9b6qZrL9eMJr5g',
    'to' => 'gh_f84627c82e27',
    'time' => '1593337134',
    'type' => 'text',
    'content' => 'http://www.boyufengmao.com/app/index.php?i=20&c=entry&eid=1',
    'redirection' => true,
    'source' => 'VIEW',
  ),
)

2020-06-28 17:38:55 response :
------------

2020-06-28 17:40:31 trace :
------------
String:
<xml><ToUserName><![CDATA[gh_f84627c82e27]]></ToUserName>
<FromUserName><![CDATA[oLL3KwVhyvZI1RnY5C1rHYORxols]]></FromUserName>
<CreateTime>1593337231</CreateTime>
<MsgType><![CDATA[event]]></MsgType>
<Event><![CDATA[SCAN]]></Event>
<EventKey><![CDATA[0e27050b71f4a42cf16203824ab21673]]></EventKey>
<Ticket><![CDATA[gQG08DwAAAAAAAAAAS5odHRwOi8vd2VpeGluLnFxLmNvbS9xLzAyOUdPU3d0SVpmYTExMDAwMHcwN0IAAgRjCPNeAwQAAAAA]]></Ticket>
</xml>

2020-06-28 17:41:07 trace :
------------
String:
<xml><ToUserName><![CDATA[gh_f84627c82e27]]></ToUserName>
<FromUserName><![CDATA[oLL3KwZhzLQxjT_sUxB_qW10VAzc]]></FromUserName>
<CreateTime>1593337267</CreateTime>
<MsgType><![CDATA[event]]></MsgType>
<Event><![CDATA[subscribe]]></Event>
<EventKey><![CDATA[qrscene_0e27050b71f4a42cf16203824ab21673]]></EventKey>
<Ticket><![CDATA[gQG08DwAAAAAAAAAAS5odHRwOi8vd2VpeGluLnFxLmNvbS9xLzAyOUdPU3d0SVpmYTExMDAwMHcwN0IAAgRjCPNeAwQAAAAA]]></Ticket>
</xml>

2020-06-28 17:41:11 trace :
------------
String:
<xml><ToUserName><![CDATA[gh_f84627c82e27]]></ToUserName>
<FromUserName><![CDATA[oLL3KwZhzLQxjT_sUxB_qW10VAzc]]></FromUserName>
<CreateTime>1593337271</CreateTime>
<MsgType><![CDATA[event]]></MsgType>
<Event><![CDATA[TEMPLATESENDJOBFINISH]]></Event>
<MsgID>1405007953601888258</MsgID>
<Status><![CDATA[success]]></Status>
</xml>

2020-06-28 17:41:11 params :
------------
String:
array (
  'rule' => -2,
  'module' => '',
  'message' => 
  array (
    'tousername' => 'gh_f84627c82e27',
    'fromusername' => 'oLL3KwZhzLQxjT_sUxB_qW10VAzc',
    'createtime' => '1593337271',
    'msgtype' => 'event',
    'event' => 'TEMPLATESENDJOBFINISH',
    'msgid' => '1405007953601888258',
    'status' => 'success',
    'from' => 'oLL3KwZhzLQxjT_sUxB_qW10VAzc',
    'to' => 'gh_f84627c82e27',
    'time' => '1593337271',
    'type' => 'event',
  ),
)

2020-06-28 17:41:11 response :
------------

2020-06-28 17:41:20 trace :
------------
String:
<xml><ToUserName><![CDATA[gh_f84627c82e27]]></ToUserName>
<FromUserName><![CDATA[oLL3KwdwmQgLmh9b6qZrL9eMJr5g]]></FromUserName>
<CreateTime>1593337280</CreateTime>
<MsgType><![CDATA[event]]></MsgType>
<Event><![CDATA[VIEW]]></Event>
<EventKey><![CDATA[http://www.boyufengmao.com/app/index.php?i=20&c=entry&m=ewei_shopv2&do=mobile&r=member]]></EventKey>
<MenuId>465296285</MenuId>
</xml>

2020-06-28 17:41:20 params :
------------
String:
array (
  'rule' => -2,
  'module' => '',
  'message' => 
  array (
    'tousername' => 'gh_f84627c82e27',
    'fromusername' => 'oLL3KwdwmQgLmh9b6qZrL9eMJr5g',
    'createtime' => '1593337280',
    'msgtype' => 'event',
    'event' => 'VIEW',
    'eventkey' => 'http://www.boyufengmao.com/app/index.php?i=20&c=entry&m=ewei_shopv2&do=mobile&r=member',
    'menuid' => '465296285',
    'from' => 'oLL3KwdwmQgLmh9b6qZrL9eMJr5g',
    'to' => 'gh_f84627c82e27',
    'time' => '1593337280',
    'type' => 'text',
    'content' => 'http://www.boyufengmao.com/app/index.php?i=20&c=entry&m=ewei_shopv2&do=mobile&r=member',
    'redirection' => true,
    'source' => 'VIEW',
  ),
)

2020-06-28 17:41:20 response :
------------

2020-06-28 17:42:07 trace :
------------
String:
<xml><ToUserName><![CDATA[gh_f84627c82e27]]></ToUserName>
<FromUserName><![CDATA[oLL3KwZhzLQxjT_sUxB_qW10VAzc]]></FromUserName>
<CreateTime>1593337327</CreateTime>
<MsgType><![CDATA[event]]></MsgType>
<Event><![CDATA[VIEW]]></Event>
<EventKey><![CDATA[http://www.boyufengmao.com/app/index.php?i=20&c=entry&eid=1]]></EventKey>
<MenuId>465296285</MenuId>
</xml>

2020-06-28 17:42:07 params :
------------
String:
array (
  'rule' => -2,
  'module' => '',
  'message' => 
  array (
    'tousername' => 'gh_f84627c82e27',
    'fromusername' => 'oLL3KwZhzLQxjT_sUxB_qW10VAzc',
    'createtime' => '1593337327',
    'msgtype' => 'event',
    'event' => 'VIEW',
    'eventkey' => 'http://www.boyufengmao.com/app/index.php?i=20&c=entry&eid=1',
    'menuid' => '465296285',
    'from' => 'oLL3KwZhzLQxjT_sUxB_qW10VAzc',
    'to' => 'gh_f84627c82e27',
    'time' => '1593337327',
    'type' => 'text',
    'content' => 'http://www.boyufengmao.com/app/index.php?i=20&c=entry&eid=1',
    'redirection' => true,
    'source' => 'VIEW',
  ),
)

2020-06-28 17:42:07 response :
------------

2020-06-28 17:42:56 trace :
------------
String:
<xml><ToUserName><![CDATA[gh_f84627c82e27]]></ToUserName>
<FromUserName><![CDATA[oLL3KwZhzLQxjT_sUxB_qW10VAzc]]></FromUserName>
<CreateTime>1593337376</CreateTime>
<MsgType><![CDATA[event]]></MsgType>
<Event><![CDATA[VIEW]]></Event>
<EventKey><![CDATA[http://www.boyufengmao.com/app/index.php?i=20&c=entry&m=ewei_shopv2&do=mobile&r=member]]></EventKey>
<MenuId>465296285</MenuId>
</xml>

2020-06-28 17:42:56 params :
------------
String:
array (
  'rule' => -2,
  'module' => '',
  'message' => 
  array (
    'tousername' => 'gh_f84627c82e27',
    'fromusername' => 'oLL3KwZhzLQxjT_sUxB_qW10VAzc',
    'createtime' => '1593337376',
    'msgtype' => 'event',
    'event' => 'VIEW',
    'eventkey' => 'http://www.boyufengmao.com/app/index.php?i=20&c=entry&m=ewei_shopv2&do=mobile&r=member',
    'menuid' => '465296285',
    'from' => 'oLL3KwZhzLQxjT_sUxB_qW10VAzc',
    'to' => 'gh_f84627c82e27',
    'time' => '1593337376',
    'type' => 'text',
    'content' => 'http://www.boyufengmao.com/app/index.php?i=20&c=entry&m=ewei_shopv2&do=mobile&r=member',
    'redirection' => true,
    'source' => 'VIEW',
  ),
)

2020-06-28 17:42:56 response :
------------

2020-06-28 17:43:05 trace :
------------
String:
<xml><ToUserName><![CDATA[gh_f84627c82e27]]></ToUserName>
<FromUserName><![CDATA[oLL3KwZhzLQxjT_sUxB_qW10VAzc]]></FromUserName>
<CreateTime>1593337385</CreateTime>
<MsgType><![CDATA[event]]></MsgType>
<Event><![CDATA[CLICK]]></Event>
<EventKey><![CDATA[电话]]></EventKey>
</xml>

2020-06-28 17:43:05 params :
------------
String:
array (
  'message' => 
  array (
    'tousername' => 'gh_f84627c82e27',
    'fromusername' => 'oLL3KwZhzLQxjT_sUxB_qW10VAzc',
    'createtime' => '1593337385',
    'msgtype' => 'event',
    'event' => 'CLICK',
    'eventkey' => '电话',
    'from' => 'oLL3KwZhzLQxjT_sUxB_qW10VAzc',
    'to' => 'gh_f84627c82e27',
    'time' => '1593337385',
    'type' => 'text',
    'content' => '电话',
    'redirection' => true,
    'source' => 'click',
  ),
  'module' => 'reply',
  'rule' => '258',
  'priority' => '0',
  'keyword' => 
  array (
    'id' => '280',
    'rid' => '258',
    'uniacid' => '20',
    'module' => 'reply',
    'content' => '电话',
    'type' => '1',
    'displayorder' => '0',
    'status' => '1',
    'reply_type' => 
    array (
      0 => 'basic',
    ),
  ),
  'reply_type' => 
  array (
    0 => 'basic',
  ),
)

2020-06-28 17:43:05 response :
------------
Array:
FromUserName : gh_f84627c82e27 ;
ToUserName : oLL3KwZhzLQxjT_sUxB_qW10VAzc ;
MsgType : text ;
Content : 联系电话：18992833387 ;

2020-06-28 17:45:37 trace :
------------
String:
<xml><ToUserName><![CDATA[gh_f9b894563ef4]]></ToUserName>
<FromUserName><![CDATA[o5V8y1ZPdhGvkh37uc_ETFCkQZ98]]></FromUserName>
<CreateTime>1593337537</CreateTime>
<MsgType><![CDATA[event]]></MsgType>
<Event><![CDATA[subscribe]]></Event>
<EventKey><![CDATA[]]></EventKey>
</xml>

2020-06-28 17:45:37 params :
------------
String:
array (
  'rule' => -2,
  'module' => '',
  'message' => 
  array (
    'tousername' => 'gh_f9b894563ef4',
    'fromusername' => 'o5V8y1ZPdhGvkh37uc_ETFCkQZ98',
    'createtime' => '1593337537',
    'msgtype' => 'event',
    'event' => 'subscribe',
    'eventkey' => '',
    'from' => 'o5V8y1ZPdhGvkh37uc_ETFCkQZ98',
    'to' => 'gh_f9b894563ef4',
    'time' => '1593337537',
    'type' => 'text',
    'redirection' => true,
    'source' => 'subscribe',
  ),
)

2020-06-28 17:45:37 response :
------------

2020-06-28 17:52:51 trace :
------------
String:
<xml><ToUserName><![CDATA[gh_f9b894563ef4]]></ToUserName>
<FromUserName><![CDATA[o5V8y1UnIjlhRI2tBRxyFI9WI90E]]></FromUserName>
<CreateTime>1593337971</CreateTime>
<MsgType><![CDATA[event]]></MsgType>
<Event><![CDATA[subscribe]]></Event>
<EventKey><![CDATA[]]></EventKey>
</xml>

2020-06-28 17:52:51 params :
------------
String:
array (
  'rule' => -2,
  'module' => '',
  'message' => 
  array (
    'tousername' => 'gh_f9b894563ef4',
    'fromusername' => 'o5V8y1UnIjlhRI2tBRxyFI9WI90E',
    'createtime' => '1593337971',
    'msgtype' => 'event',
    'event' => 'subscribe',
    'eventkey' => '',
    'from' => 'o5V8y1UnIjlhRI2tBRxyFI9WI90E',
    'to' => 'gh_f9b894563ef4',
    'time' => '1593337971',
    'type' => 'text',
    'redirection' => true,
    'source' => 'subscribe',
  ),
)

2020-06-28 17:52:51 response :
------------

2020-06-28 17:52:53 trace :
------------
String:
<xml><ToUserName><![CDATA[gh_f9b894563ef4]]></ToUserName>
<FromUserName><![CDATA[o5V8y1UnIjlhRI2tBRxyFI9WI90E]]></FromUserName>
<CreateTime>1593337973</CreateTime>
<MsgType><![CDATA[event]]></MsgType>
<Event><![CDATA[VIEW]]></Event>
<EventKey><![CDATA[http://www.boyufengmao.com/app/index.php?i=6&c=entry&m=ewei_shopv2&do=mobile&r=diypage&id=35]]></EventKey>
<MenuId>445261982</MenuId>
</xml>

2020-06-28 17:52:53 params :
------------
String:
array (
  'rule' => -2,
  'module' => '',
  'message' => 
  array (
    'tousername' => 'gh_f9b894563ef4',
    'fromusername' => 'o5V8y1UnIjlhRI2tBRxyFI9WI90E',
    'createtime' => '1593337973',
    'msgtype' => 'event',
    'event' => 'VIEW',
    'eventkey' => 'http://www.boyufengmao.com/app/index.php?i=6&c=entry&m=ewei_shopv2&do=mobile&r=diypage&id=35',
    'menuid' => '445261982',
    'from' => 'o5V8y1UnIjlhRI2tBRxyFI9WI90E',
    'to' => 'gh_f9b894563ef4',
    'time' => '1593337973',
    'type' => 'text',
    'content' => 'http://www.boyufengmao.com/app/index.php?i=6&c=entry&m=ewei_shopv2&do=mobile&r=diypage&id=35',
    'redirection' => true,
    'source' => 'VIEW',
  ),
)

2020-06-28 17:52:53 response :
------------

2020-06-28 17:53:37 trace :
------------
String:
<xml><ToUserName><![CDATA[gh_f9b894563ef4]]></ToUserName>
<FromUserName><![CDATA[o5V8y1UnIjlhRI2tBRxyFI9WI90E]]></FromUserName>
<CreateTime>1593338017</CreateTime>
<MsgType><![CDATA[event]]></MsgType>
<Event><![CDATA[VIEW]]></Event>
<EventKey><![CDATA[http://www.boyufengmao.com/app/index.php?i=6&c=entry&m=ewei_shopv2&do=mobile&r=diypage&id=35]]></EventKey>
<MenuId>445261982</MenuId>
</xml>

2020-06-28 17:53:37 params :
------------
String:
array (
  'rule' => -2,
  'module' => '',
  'message' => 
  array (
    'tousername' => 'gh_f9b894563ef4',
    'fromusername' => 'o5V8y1UnIjlhRI2tBRxyFI9WI90E',
    'createtime' => '1593338017',
    'msgtype' => 'event',
    'event' => 'VIEW',
    'eventkey' => 'http://www.boyufengmao.com/app/index.php?i=6&c=entry&m=ewei_shopv2&do=mobile&r=diypage&id=35',
    'menuid' => '445261982',
    'from' => 'o5V8y1UnIjlhRI2tBRxyFI9WI90E',
    'to' => 'gh_f9b894563ef4',
    'time' => '1593338017',
    'type' => 'text',
    'content' => 'http://www.boyufengmao.com/app/index.php?i=6&c=entry&m=ewei_shopv2&do=mobile&r=diypage&id=35',
    'redirection' => true,
    'source' => 'VIEW',
  ),
)

2020-06-28 17:53:37 response :
------------

2020-06-28 18:01:20 trace :
------------
String:
<xml><ToUserName><![CDATA[gh_f84627c82e27]]></ToUserName>
<FromUserName><![CDATA[oLL3KwbmISQdSZFxb5pUOpALylO4]]></FromUserName>
<CreateTime>1593338480</CreateTime>
<MsgType><![CDATA[event]]></MsgType>
<Event><![CDATA[SCAN]]></Event>
<EventKey><![CDATA[0e27050b71f4a42cf16203824ab21673]]></EventKey>
<Ticket><![CDATA[gQG08DwAAAAAAAAAAS5odHRwOi8vd2VpeGluLnFxLmNvbS9xLzAyOUdPU3d0SVpmYTExMDAwMHcwN0IAAgRjCPNeAwQAAAAA]]></Ticket>
</xml>

2020-06-28 18:01:24 trace :
------------
String:
<xml><ToUserName><![CDATA[gh_f84627c82e27]]></ToUserName>
<FromUserName><![CDATA[oLL3KwbmISQdSZFxb5pUOpALylO4]]></FromUserName>
<CreateTime>1593338484</CreateTime>
<MsgType><![CDATA[event]]></MsgType>
<Event><![CDATA[VIEW]]></Event>
<EventKey><![CDATA[http://www.boyufengmao.com/app/index.php?i=20&c=entry&eid=1]]></EventKey>
<MenuId>465296285</MenuId>
</xml>

2020-06-28 18:01:24 params :
------------
String:
array (
  'rule' => -2,
  'module' => '',
  'message' => 
  array (
    'tousername' => 'gh_f84627c82e27',
    'fromusername' => 'oLL3KwbmISQdSZFxb5pUOpALylO4',
    'createtime' => '1593338484',
    'msgtype' => 'event',
    'event' => 'VIEW',
    'eventkey' => 'http://www.boyufengmao.com/app/index.php?i=20&c=entry&eid=1',
    'menuid' => '465296285',
    'from' => 'oLL3KwbmISQdSZFxb5pUOpALylO4',
    'to' => 'gh_f84627c82e27',
    'time' => '1593338484',
    'type' => 'text',
    'content' => 'http://www.boyufengmao.com/app/index.php?i=20&c=entry&eid=1',
    'redirection' => true,
    'source' => 'VIEW',
  ),
)

2020-06-28 18:01:24 response :
------------

2020-06-28 18:01:57 trace :
------------
String:
<xml><ToUserName><![CDATA[gh_f84627c82e27]]></ToUserName>
<FromUserName><![CDATA[oLL3KwbmISQdSZFxb5pUOpALylO4]]></FromUserName>
<CreateTime>1593338517</CreateTime>
<MsgType><![CDATA[event]]></MsgType>
<Event><![CDATA[VIEW]]></Event>
<EventKey><![CDATA[http://www.boyufengmao.com/app/index.php?i=20&c=entry&m=ewei_shopv2&do=mobile&r=member]]></EventKey>
<MenuId>465296285</MenuId>
</xml>

2020-06-28 18:01:57 params :
------------
String:
array (
  'rule' => -2,
  'module' => '',
  'message' => 
  array (
    'tousername' => 'gh_f84627c82e27',
    'fromusername' => 'oLL3KwbmISQdSZFxb5pUOpALylO4',
    'createtime' => '1593338517',
    'msgtype' => 'event',
    'event' => 'VIEW',
    'eventkey' => 'http://www.boyufengmao.com/app/index.php?i=20&c=entry&m=ewei_shopv2&do=mobile&r=member',
    'menuid' => '465296285',
    'from' => 'oLL3KwbmISQdSZFxb5pUOpALylO4',
    'to' => 'gh_f84627c82e27',
    'time' => '1593338517',
    'type' => 'text',
    'content' => 'http://www.boyufengmao.com/app/index.php?i=20&c=entry&m=ewei_shopv2&do=mobile&r=member',
    'redirection' => true,
    'source' => 'VIEW',
  ),
)

2020-06-28 18:01:57 response :
------------

2020-06-28 18:02:05 trace :
------------
String:
<xml><ToUserName><![CDATA[gh_f84627c82e27]]></ToUserName>
<FromUserName><![CDATA[oLL3KwbmISQdSZFxb5pUOpALylO4]]></FromUserName>
<CreateTime>1593338525</CreateTime>
<MsgType><![CDATA[event]]></MsgType>
<Event><![CDATA[CLICK]]></Event>
<EventKey><![CDATA[电话]]></EventKey>
</xml>

2020-06-28 18:02:05 params :
------------
String:
array (
  'message' => 
  array (
    'tousername' => 'gh_f84627c82e27',
    'fromusername' => 'oLL3KwbmISQdSZFxb5pUOpALylO4',
    'createtime' => '1593338525',
    'msgtype' => 'event',
    'event' => 'CLICK',
    'eventkey' => '电话',
    'from' => 'oLL3KwbmISQdSZFxb5pUOpALylO4',
    'to' => 'gh_f84627c82e27',
    'time' => '1593338525',
    'type' => 'text',
    'content' => '电话',
    'redirection' => true,
    'source' => 'click',
  ),
  'module' => 'reply',
  'rule' => '258',
  'priority' => '0',
  'keyword' => 
  array (
    'id' => '280',
    'rid' => '258',
    'uniacid' => '20',
    'module' => 'reply',
    'content' => '电话',
    'type' => '1',
    'displayorder' => '0',
    'status' => '1',
    'reply_type' => 
    array (
      0 => 'basic',
    ),
  ),
  'reply_type' => 
  array (
    0 => 'basic',
  ),
)

2020-06-28 18:02:05 response :
------------
Array:
FromUserName : gh_f84627c82e27 ;
ToUserName : oLL3KwbmISQdSZFxb5pUOpALylO4 ;
MsgType : text ;
Content : 联系电话：18992833387 ;

2020-06-28 19:31:02 trace :
------------
String:
<xml><ToUserName><![CDATA[gh_f9b894563ef4]]></ToUserName>
<FromUserName><![CDATA[o5V8y1TlxXSdsFnBunfuyyFzLh6s]]></FromUserName>
<CreateTime>1593343862</CreateTime>
<MsgType><![CDATA[event]]></MsgType>
<Event><![CDATA[VIEW]]></Event>
<EventKey><![CDATA[http://www.boyufengmao.com/app/index.php?i=6&c=entry&m=ewei_shopv2&do=mobile]]></EventKey>
<MenuId>445261982</MenuId>
</xml>

2020-06-28 19:31:02 params :
------------
String:
array (
  'rule' => -2,
  'module' => '',
  'message' => 
  array (
    'tousername' => 'gh_f9b894563ef4',
    'fromusername' => 'o5V8y1TlxXSdsFnBunfuyyFzLh6s',
    'createtime' => '1593343862',
    'msgtype' => 'event',
    'event' => 'VIEW',
    'eventkey' => 'http://www.boyufengmao.com/app/index.php?i=6&c=entry&m=ewei_shopv2&do=mobile',
    'menuid' => '445261982',
    'from' => 'o5V8y1TlxXSdsFnBunfuyyFzLh6s',
    'to' => 'gh_f9b894563ef4',
    'time' => '1593343862',
    'type' => 'text',
    'content' => 'http://www.boyufengmao.com/app/index.php?i=6&c=entry&m=ewei_shopv2&do=mobile',
    'redirection' => true,
    'source' => 'VIEW',
  ),
)

2020-06-28 19:31:02 response :
------------

2020-06-28 19:53:37 trace :
------------
String:
<xml><ToUserName><![CDATA[gh_f9b894563ef4]]></ToUserName>
<FromUserName><![CDATA[o5V8y1YUtBzOMJgKPMmN-t5xj9h4]]></FromUserName>
<CreateTime>1593345217</CreateTime>
<MsgType><![CDATA[event]]></MsgType>
<Event><![CDATA[VIEW]]></Event>
<EventKey><![CDATA[http://www.boyufengmao.com/app/index.php?i=6&c=entry&m=ewei_shopv2&do=mobile&r=diypage&id=35]]></EventKey>
<MenuId>445261982</MenuId>
</xml>

2020-06-28 19:53:37 params :
------------
String:
array (
  'rule' => -2,
  'module' => '',
  'message' => 
  array (
    'tousername' => 'gh_f9b894563ef4',
    'fromusername' => 'o5V8y1YUtBzOMJgKPMmN-t5xj9h4',
    'createtime' => '1593345217',
    'msgtype' => 'event',
    'event' => 'VIEW',
    'eventkey' => 'http://www.boyufengmao.com/app/index.php?i=6&c=entry&m=ewei_shopv2&do=mobile&r=diypage&id=35',
    'menuid' => '445261982',
    'from' => 'o5V8y1YUtBzOMJgKPMmN-t5xj9h4',
    'to' => 'gh_f9b894563ef4',
    'time' => '1593345217',
    'type' => 'text',
    'content' => 'http://www.boyufengmao.com/app/index.php?i=6&c=entry&m=ewei_shopv2&do=mobile&r=diypage&id=35',
    'redirection' => true,
    'source' => 'VIEW',
  ),
)

2020-06-28 19:53:37 response :
------------

2020-06-28 19:54:32 trace :
------------
String:
<xml><ToUserName><![CDATA[gh_f9b894563ef4]]></ToUserName>
<FromUserName><![CDATA[o5V8y1YUtBzOMJgKPMmN-t5xj9h4]]></FromUserName>
<CreateTime>1593345272</CreateTime>
<MsgType><![CDATA[event]]></MsgType>
<Event><![CDATA[VIEW]]></Event>
<EventKey><![CDATA[http://www.boyufengmao.com/app/index.php?i=6&c=entry&m=ewei_shopv2&do=mobile]]></EventKey>
<MenuId>445261982</MenuId>
</xml>

2020-06-28 19:54:32 params :
------------
String:
array (
  'rule' => -2,
  'module' => '',
  'message' => 
  array (
    'tousername' => 'gh_f9b894563ef4',
    'fromusername' => 'o5V8y1YUtBzOMJgKPMmN-t5xj9h4',
    'createtime' => '1593345272',
    'msgtype' => 'event',
    'event' => 'VIEW',
    'eventkey' => 'http://www.boyufengmao.com/app/index.php?i=6&c=entry&m=ewei_shopv2&do=mobile',
    'menuid' => '445261982',
    'from' => 'o5V8y1YUtBzOMJgKPMmN-t5xj9h4',
    'to' => 'gh_f9b894563ef4',
    'time' => '1593345272',
    'type' => 'text',
    'content' => 'http://www.boyufengmao.com/app/index.php?i=6&c=entry&m=ewei_shopv2&do=mobile',
    'redirection' => true,
    'source' => 'VIEW',
  ),
)

2020-06-28 19:54:32 response :
------------

2020-06-28 19:54:34 trace :
------------
String:
<xml><ToUserName><![CDATA[gh_f9b894563ef4]]></ToUserName>
<FromUserName><![CDATA[o5V8y1YUtBzOMJgKPMmN-t5xj9h4]]></FromUserName>
<CreateTime>1593345274</CreateTime>
<MsgType><![CDATA[event]]></MsgType>
<Event><![CDATA[VIEW]]></Event>
<EventKey><![CDATA[http://www.boyufengmao.com/app/index.php?i=6&c=entry&m=ewei_shopv2&do=mobile&r=diypage&id=35]]></EventKey>
<MenuId>445261982</MenuId>
</xml>

2020-06-28 19:54:34 params :
------------
String:
array (
  'rule' => -2,
  'module' => '',
  'message' => 
  array (
    'tousername' => 'gh_f9b894563ef4',
    'fromusername' => 'o5V8y1YUtBzOMJgKPMmN-t5xj9h4',
    'createtime' => '1593345274',
    'msgtype' => 'event',
    'event' => 'VIEW',
    'eventkey' => 'http://www.boyufengmao.com/app/index.php?i=6&c=entry&m=ewei_shopv2&do=mobile&r=diypage&id=35',
    'menuid' => '445261982',
    'from' => 'o5V8y1YUtBzOMJgKPMmN-t5xj9h4',
    'to' => 'gh_f9b894563ef4',
    'time' => '1593345274',
    'type' => 'text',
    'content' => 'http://www.boyufengmao.com/app/index.php?i=6&c=entry&m=ewei_shopv2&do=mobile&r=diypage&id=35',
    'redirection' => true,
    'source' => 'VIEW',
  ),
)

2020-06-28 19:54:34 response :
------------

2020-06-28 20:05:34 trace :
------------
String:
<xml><ToUserName><![CDATA[gh_f9b894563ef4]]></ToUserName>
<FromUserName><![CDATA[o5V8y1VldVn_l52QSVQdI6TPEPKc]]></FromUserName>
<CreateTime>1593345933</CreateTime>
<MsgType><![CDATA[event]]></MsgType>
<Event><![CDATA[VIEW]]></Event>
<EventKey><![CDATA[http://www.boyufengmao.com/app/index.php?i=6&c=entry&m=ewei_shopv2&do=mobile]]></EventKey>
<MenuId>445261982</MenuId>
</xml>

2020-06-28 20:05:34 params :
------------
String:
array (
  'rule' => -2,
  'module' => '',
  'message' => 
  array (
    'tousername' => 'gh_f9b894563ef4',
    'fromusername' => 'o5V8y1VldVn_l52QSVQdI6TPEPKc',
    'createtime' => '1593345933',
    'msgtype' => 'event',
    'event' => 'VIEW',
    'eventkey' => 'http://www.boyufengmao.com/app/index.php?i=6&c=entry&m=ewei_shopv2&do=mobile',
    'menuid' => '445261982',
    'from' => 'o5V8y1VldVn_l52QSVQdI6TPEPKc',
    'to' => 'gh_f9b894563ef4',
    'time' => '1593345933',
    'type' => 'text',
    'content' => 'http://www.boyufengmao.com/app/index.php?i=6&c=entry&m=ewei_shopv2&do=mobile',
    'redirection' => true,
    'source' => 'VIEW',
  ),
)

2020-06-28 20:05:34 response :
------------

2020-06-28 20:25:29 trace :
------------
String:
<xml><ToUserName><![CDATA[gh_f9b894563ef4]]></ToUserName>
<FromUserName><![CDATA[o5V8y1bl2jESIlQt0kzRufXm1pFk]]></FromUserName>
<CreateTime>1593347129</CreateTime>
<MsgType><![CDATA[event]]></MsgType>
<Event><![CDATA[VIEW]]></Event>
<EventKey><![CDATA[http://www.boyufengmao.com/app/index.php?i=6&c=entry&m=ewei_shopv2&do=mobile&r=diypage&id=35]]></EventKey>
<MenuId>445261982</MenuId>
</xml>

2020-06-28 20:25:29 params :
------------
String:
array (
  'rule' => -2,
  'module' => '',
  'message' => 
  array (
    'tousername' => 'gh_f9b894563ef4',
    'fromusername' => 'o5V8y1bl2jESIlQt0kzRufXm1pFk',
    'createtime' => '1593347129',
    'msgtype' => 'event',
    'event' => 'VIEW',
    'eventkey' => 'http://www.boyufengmao.com/app/index.php?i=6&c=entry&m=ewei_shopv2&do=mobile&r=diypage&id=35',
    'menuid' => '445261982',
    'from' => 'o5V8y1bl2jESIlQt0kzRufXm1pFk',
    'to' => 'gh_f9b894563ef4',
    'time' => '1593347129',
    'type' => 'text',
    'content' => 'http://www.boyufengmao.com/app/index.php?i=6&c=entry&m=ewei_shopv2&do=mobile&r=diypage&id=35',
    'redirection' => true,
    'source' => 'VIEW',
  ),
)

2020-06-28 20:25:29 response :
------------

2020-06-28 20:25:43 trace :
------------
String:
<xml><ToUserName><![CDATA[gh_f9b894563ef4]]></ToUserName>
<FromUserName><![CDATA[o5V8y1bl2jESIlQt0kzRufXm1pFk]]></FromUserName>
<CreateTime>1593347143</CreateTime>
<MsgType><![CDATA[event]]></MsgType>
<Event><![CDATA[VIEW]]></Event>
<EventKey><![CDATA[http://www.boyufengmao.com/app/index.php?i=6&c=entry&m=ewei_shopv2&do=mobile]]></EventKey>
<MenuId>445261982</MenuId>
</xml>

2020-06-28 20:25:43 params :
------------
String:
array (
  'rule' => -2,
  'module' => '',
  'message' => 
  array (
    'tousername' => 'gh_f9b894563ef4',
    'fromusername' => 'o5V8y1bl2jESIlQt0kzRufXm1pFk',
    'createtime' => '1593347143',
    'msgtype' => 'event',
    'event' => 'VIEW',
    'eventkey' => 'http://www.boyufengmao.com/app/index.php?i=6&c=entry&m=ewei_shopv2&do=mobile',
    'menuid' => '445261982',
    'from' => 'o5V8y1bl2jESIlQt0kzRufXm1pFk',
    'to' => 'gh_f9b894563ef4',
    'time' => '1593347143',
    'type' => 'text',
    'content' => 'http://www.boyufengmao.com/app/index.php?i=6&c=entry&m=ewei_shopv2&do=mobile',
    'redirection' => true,
    'source' => 'VIEW',
  ),
)

2020-06-28 20:25:43 response :
------------

2020-06-28 20:27:58 trace :
------------
String:
<xml><ToUserName><![CDATA[gh_f9b894563ef4]]></ToUserName>
<FromUserName><![CDATA[o5V8y1b6sLwNxq-ZQZVRiVMgVbLk]]></FromUserName>
<CreateTime>1593347278</CreateTime>
<MsgType><![CDATA[event]]></MsgType>
<Event><![CDATA[subscribe]]></Event>
<EventKey><![CDATA[]]></EventKey>
</xml>

2020-06-28 20:27:58 params :
------------
String:
array (
  'rule' => -2,
  'module' => '',
  'message' => 
  array (
    'tousername' => 'gh_f9b894563ef4',
    'fromusername' => 'o5V8y1b6sLwNxq-ZQZVRiVMgVbLk',
    'createtime' => '1593347278',
    'msgtype' => 'event',
    'event' => 'subscribe',
    'eventkey' => '',
    'from' => 'o5V8y1b6sLwNxq-ZQZVRiVMgVbLk',
    'to' => 'gh_f9b894563ef4',
    'time' => '1593347278',
    'type' => 'text',
    'redirection' => true,
    'source' => 'subscribe',
  ),
)

2020-06-28 20:27:58 response :
------------

2020-06-28 20:28:00 trace :
------------
String:
<xml><ToUserName><![CDATA[gh_f9b894563ef4]]></ToUserName>
<FromUserName><![CDATA[o5V8y1b6sLwNxq-ZQZVRiVMgVbLk]]></FromUserName>
<CreateTime>1593347280</CreateTime>
<MsgType><![CDATA[event]]></MsgType>
<Event><![CDATA[VIEW]]></Event>
<EventKey><![CDATA[http://www.boyufengmao.com/app/index.php?i=6&c=entry&m=ewei_shopv2&do=mobile&r=diypage&id=35]]></EventKey>
<MenuId>445261982</MenuId>
</xml>

2020-06-28 20:28:00 params :
------------
String:
array (
  'rule' => -2,
  'module' => '',
  'message' => 
  array (
    'tousername' => 'gh_f9b894563ef4',
    'fromusername' => 'o5V8y1b6sLwNxq-ZQZVRiVMgVbLk',
    'createtime' => '1593347280',
    'msgtype' => 'event',
    'event' => 'VIEW',
    'eventkey' => 'http://www.boyufengmao.com/app/index.php?i=6&c=entry&m=ewei_shopv2&do=mobile&r=diypage&id=35',
    'menuid' => '445261982',
    'from' => 'o5V8y1b6sLwNxq-ZQZVRiVMgVbLk',
    'to' => 'gh_f9b894563ef4',
    'time' => '1593347280',
    'type' => 'text',
    'content' => 'http://www.boyufengmao.com/app/index.php?i=6&c=entry&m=ewei_shopv2&do=mobile&r=diypage&id=35',
    'redirection' => true,
    'source' => 'VIEW',
  ),
)

2020-06-28 20:28:00 response :
------------

2020-06-28 20:55:31 trace :
------------
String:
<xml><ToUserName><![CDATA[gh_f9b894563ef4]]></ToUserName>
<FromUserName><![CDATA[o5V8y1cF4a5YCsF4pDkfGXDsy6F0]]></FromUserName>
<CreateTime>1593348930</CreateTime>
<MsgType><![CDATA[event]]></MsgType>
<Event><![CDATA[VIEW]]></Event>
<EventKey><![CDATA[http://www.boyufengmao.com/app/index.php?i=6&c=entry&m=ewei_shopv2&do=mobile&r=diypage&id=35]]></EventKey>
<MenuId>445261982</MenuId>
</xml>

2020-06-28 20:55:31 params :
------------
String:
array (
  'rule' => -2,
  'module' => '',
  'message' => 
  array (
    'tousername' => 'gh_f9b894563ef4',
    'fromusername' => 'o5V8y1cF4a5YCsF4pDkfGXDsy6F0',
    'createtime' => '1593348930',
    'msgtype' => 'event',
    'event' => 'VIEW',
    'eventkey' => 'http://www.boyufengmao.com/app/index.php?i=6&c=entry&m=ewei_shopv2&do=mobile&r=diypage&id=35',
    'menuid' => '445261982',
    'from' => 'o5V8y1cF4a5YCsF4pDkfGXDsy6F0',
    'to' => 'gh_f9b894563ef4',
    'time' => '1593348930',
    'type' => 'text',
    'content' => 'http://www.boyufengmao.com/app/index.php?i=6&c=entry&m=ewei_shopv2&do=mobile&r=diypage&id=35',
    'redirection' => true,
    'source' => 'VIEW',
  ),
)

2020-06-28 20:55:31 response :
------------

2020-06-28 21:22:14 trace :
------------
String:
<xml><ToUserName><![CDATA[gh_f9b894563ef4]]></ToUserName>
<FromUserName><![CDATA[o5V8y1X6IHpNlaq2caa8zyGx8GGc]]></FromUserName>
<CreateTime>1593350534</CreateTime>
<MsgType><![CDATA[event]]></MsgType>
<Event><![CDATA[VIEW]]></Event>
<EventKey><![CDATA[http://www.boyufengmao.com/app/index.php?i=6&c=entry&m=ewei_shopv2&do=mobile]]></EventKey>
<MenuId>445261982</MenuId>
</xml>

2020-06-28 21:22:14 params :
------------
String:
array (
  'rule' => -2,
  'module' => '',
  'message' => 
  array (
    'tousername' => 'gh_f9b894563ef4',
    'fromusername' => 'o5V8y1X6IHpNlaq2caa8zyGx8GGc',
    'createtime' => '1593350534',
    'msgtype' => 'event',
    'event' => 'VIEW',
    'eventkey' => 'http://www.boyufengmao.com/app/index.php?i=6&c=entry&m=ewei_shopv2&do=mobile',
    'menuid' => '445261982',
    'from' => 'o5V8y1X6IHpNlaq2caa8zyGx8GGc',
    'to' => 'gh_f9b894563ef4',
    'time' => '1593350534',
    'type' => 'text',
    'content' => 'http://www.boyufengmao.com/app/index.php?i=6&c=entry&m=ewei_shopv2&do=mobile',
    'redirection' => true,
    'source' => 'VIEW',
  ),
)

2020-06-28 21:22:14 response :
------------

2020-06-28 21:23:32 trace :
------------
String:
<xml><ToUserName><![CDATA[gh_f9b894563ef4]]></ToUserName>
<FromUserName><![CDATA[o5V8y1YRieLfgROWAuV009lTALXw]]></FromUserName>
<CreateTime>1593350611</CreateTime>
<MsgType><![CDATA[event]]></MsgType>
<Event><![CDATA[VIEW]]></Event>
<EventKey><![CDATA[http://www.boyufengmao.com/app/index.php?i=6&c=entry&m=ewei_shopv2&do=mobile&r=diypage&id=35]]></EventKey>
<MenuId>445261982</MenuId>
</xml>

2020-06-28 21:23:32 params :
------------
String:
array (
  'rule' => -2,
  'module' => '',
  'message' => 
  array (
    'tousername' => 'gh_f9b894563ef4',
    'fromusername' => 'o5V8y1YRieLfgROWAuV009lTALXw',
    'createtime' => '1593350611',
    'msgtype' => 'event',
    'event' => 'VIEW',
    'eventkey' => 'http://www.boyufengmao.com/app/index.php?i=6&c=entry&m=ewei_shopv2&do=mobile&r=diypage&id=35',
    'menuid' => '445261982',
    'from' => 'o5V8y1YRieLfgROWAuV009lTALXw',
    'to' => 'gh_f9b894563ef4',
    'time' => '1593350611',
    'type' => 'text',
    'content' => 'http://www.boyufengmao.com/app/index.php?i=6&c=entry&m=ewei_shopv2&do=mobile&r=diypage&id=35',
    'redirection' => true,
    'source' => 'VIEW',
  ),
)

2020-06-28 21:23:32 response :
------------

2020-06-28 21:29:22 trace :
------------
String:
<xml><ToUserName><![CDATA[gh_8a7b6f3c4f59]]></ToUserName>
<FromUserName><![CDATA[oLJcswfckGhv6IxG8sRMusAxSwGk]]></FromUserName>
<CreateTime>1593350961</CreateTime>
<MsgType><![CDATA[event]]></MsgType>
<Event><![CDATA[unsubscribe]]></Event>
<EventKey><![CDATA[]]></EventKey>
</xml>

2020-06-28 21:37:33 trace :
------------
String:
<xml><ToUserName><![CDATA[gh_f9b894563ef4]]></ToUserName>
<FromUserName><![CDATA[o5V8y1dd3FmvRKHbBM3yFDPbbdi4]]></FromUserName>
<CreateTime>1593351452</CreateTime>
<MsgType><![CDATA[event]]></MsgType>
<Event><![CDATA[unsubscribe]]></Event>
<EventKey><![CDATA[]]></EventKey>
</xml>

2020-06-28 21:37:42 trace :
------------
String:
<xml><ToUserName><![CDATA[gh_f9b894563ef4]]></ToUserName>
<FromUserName><![CDATA[o5V8y1ejlFbRVN-SA4osYkgoSm2M]]></FromUserName>
<CreateTime>1593351462</CreateTime>
<MsgType><![CDATA[event]]></MsgType>
<Event><![CDATA[VIEW]]></Event>
<EventKey><![CDATA[http://www.boyufengmao.com/app/index.php?i=6&c=entry&m=ewei_shopv2&do=mobile]]></EventKey>
<MenuId>445261982</MenuId>
</xml>

2020-06-28 21:37:42 params :
------------
String:
array (
  'rule' => -2,
  'module' => '',
  'message' => 
  array (
    'tousername' => 'gh_f9b894563ef4',
    'fromusername' => 'o5V8y1ejlFbRVN-SA4osYkgoSm2M',
    'createtime' => '1593351462',
    'msgtype' => 'event',
    'event' => 'VIEW',
    'eventkey' => 'http://www.boyufengmao.com/app/index.php?i=6&c=entry&m=ewei_shopv2&do=mobile',
    'menuid' => '445261982',
    'from' => 'o5V8y1ejlFbRVN-SA4osYkgoSm2M',
    'to' => 'gh_f9b894563ef4',
    'time' => '1593351462',
    'type' => 'text',
    'content' => 'http://www.boyufengmao.com/app/index.php?i=6&c=entry&m=ewei_shopv2&do=mobile',
    'redirection' => true,
    'source' => 'VIEW',
  ),
)

2020-06-28 21:37:42 response :
------------

2020-06-28 21:49:54 trace :
------------
String:
<xml><ToUserName><![CDATA[gh_f9b894563ef4]]></ToUserName>
<FromUserName><![CDATA[o5V8y1dplY8LQrDSdi8UzXjT6qSM]]></FromUserName>
<CreateTime>1593352194</CreateTime>
<MsgType><![CDATA[event]]></MsgType>
<Event><![CDATA[VIEW]]></Event>
<EventKey><![CDATA[http://www.boyufengmao.com/app/index.php?i=6&c=entry&m=ewei_shopv2&do=mobile&r=diypage&id=35]]></EventKey>
<MenuId>445261982</MenuId>
</xml>

2020-06-28 21:49:54 params :
------------
String:
array (
  'rule' => -2,
  'module' => '',
  'message' => 
  array (
    'tousername' => 'gh_f9b894563ef4',
    'fromusername' => 'o5V8y1dplY8LQrDSdi8UzXjT6qSM',
    'createtime' => '1593352194',
    'msgtype' => 'event',
    'event' => 'VIEW',
    'eventkey' => 'http://www.boyufengmao.com/app/index.php?i=6&c=entry&m=ewei_shopv2&do=mobile&r=diypage&id=35',
    'menuid' => '445261982',
    'from' => 'o5V8y1dplY8LQrDSdi8UzXjT6qSM',
    'to' => 'gh_f9b894563ef4',
    'time' => '1593352194',
    'type' => 'text',
    'content' => 'http://www.boyufengmao.com/app/index.php?i=6&c=entry&m=ewei_shopv2&do=mobile&r=diypage&id=35',
    'redirection' => true,
    'source' => 'VIEW',
  ),
)

2020-06-28 21:49:54 response :
------------

2020-06-28 21:56:25 trace :
------------
String:
<xml><ToUserName><![CDATA[gh_f9b894563ef4]]></ToUserName>
<FromUserName><![CDATA[o5V8y1RiONE7joYUEeShoanqwSuI]]></FromUserName>
<CreateTime>1593352585</CreateTime>
<MsgType><![CDATA[event]]></MsgType>
<Event><![CDATA[VIEW]]></Event>
<EventKey><![CDATA[http://www.boyufengmao.com/app/index.php?i=6&c=entry&m=ewei_shopv2&do=mobile&r=diypage&id=35]]></EventKey>
<MenuId>445261982</MenuId>
</xml>

2020-06-28 21:56:25 params :
------------
String:
array (
  'rule' => -2,
  'module' => '',
  'message' => 
  array (
    'tousername' => 'gh_f9b894563ef4',
    'fromusername' => 'o5V8y1RiONE7joYUEeShoanqwSuI',
    'createtime' => '1593352585',
    'msgtype' => 'event',
    'event' => 'VIEW',
    'eventkey' => 'http://www.boyufengmao.com/app/index.php?i=6&c=entry&m=ewei_shopv2&do=mobile&r=diypage&id=35',
    'menuid' => '445261982',
    'from' => 'o5V8y1RiONE7joYUEeShoanqwSuI',
    'to' => 'gh_f9b894563ef4',
    'time' => '1593352585',
    'type' => 'text',
    'content' => 'http://www.boyufengmao.com/app/index.php?i=6&c=entry&m=ewei_shopv2&do=mobile&r=diypage&id=35',
    'redirection' => true,
    'source' => 'VIEW',
  ),
)

2020-06-28 21:56:25 response :
------------

2020-06-28 22:06:54 trace :
------------
String:
<xml><ToUserName><![CDATA[gh_c804ae748f89]]></ToUserName>
<FromUserName><![CDATA[o3lrB5x5GLLrrTphrrf5JFhfzlhY]]></FromUserName>
<CreateTime>1593353214</CreateTime>
<MsgType><![CDATA[event]]></MsgType>
<Event><![CDATA[subscribe]]></Event>
<EventKey><![CDATA[]]></EventKey>
</xml>

2020-06-28 22:06:54 params :
------------
String:
array (
  'message' => 
  array (
    'tousername' => 'gh_c804ae748f89',
    'fromusername' => 'o3lrB5x5GLLrrTphrrf5JFhfzlhY',
    'createtime' => '1593353214',
    'msgtype' => 'event',
    'event' => 'subscribe',
    'eventkey' => '',
    'from' => 'o3lrB5x5GLLrrTphrrf5JFhfzlhY',
    'to' => 'gh_c804ae748f89',
    'time' => '1593353214',
    'type' => 'text',
    'redirection' => true,
    'source' => 'subscribe',
    'content' => '关注',
  ),
  'module' => 'reply',
  'rule' => '303',
  'priority' => '0',
  'keyword' => 
  array (
    'id' => '328',
    'rid' => '303',
    'uniacid' => '2',
    'module' => 'reply',
    'content' => '关注',
    'type' => '1',
    'displayorder' => '0',
    'status' => '1',
    'reply_type' => 
    array (
      0 => 'basic',
    ),
  ),
  'reply_type' => 
  array (
    0 => 'basic',
  ),
)

2020-06-28 22:06:54 response :
------------
Array:
FromUserName : gh_c804ae748f89 ;
ToUserName : o3lrB5x5GLLrrTphrrf5JFhfzlhY ;
MsgType : text ;
Content : 感谢亲这么好看还关注我~

福利食客，不止满足吃货哦！ ;

2020-06-28 22:06:59 trace :
------------
String:
<xml><ToUserName><![CDATA[gh_c804ae748f89]]></ToUserName>
<FromUserName><![CDATA[o3lrB5x5GLLrrTphrrf5JFhfzlhY]]></FromUserName>
<CreateTime>1593353219</CreateTime>
<MsgType><![CDATA[event]]></MsgType>
<Event><![CDATA[VIEW]]></Event>
<EventKey><![CDATA[http://www.boyufengmao.com/app/index.php?i=2&c=entry&m=ewei_shopv2&do=mobile]]></EventKey>
<MenuId>444488974</MenuId>
</xml>

2020-06-28 22:06:59 params :
------------
String:
array (
  'rule' => -2,
  'module' => '',
  'message' => 
  array (
    'tousername' => 'gh_c804ae748f89',
    'fromusername' => 'o3lrB5x5GLLrrTphrrf5JFhfzlhY',
    'createtime' => '1593353219',
    'msgtype' => 'event',
    'event' => 'VIEW',
    'eventkey' => 'http://www.boyufengmao.com/app/index.php?i=2&c=entry&m=ewei_shopv2&do=mobile',
    'menuid' => '444488974',
    'from' => 'o3lrB5x5GLLrrTphrrf5JFhfzlhY',
    'to' => 'gh_c804ae748f89',
    'time' => '1593353219',
    'type' => 'text',
    'content' => 'http://www.boyufengmao.com/app/index.php?i=2&c=entry&m=ewei_shopv2&do=mobile',
    'redirection' => true,
    'source' => 'VIEW',
  ),
)

2020-06-28 22:06:59 response :
------------

2020-06-28 22:07:26 trace :
------------
String:
<xml><ToUserName><![CDATA[gh_c804ae748f89]]></ToUserName>
<FromUserName><![CDATA[o3lrB53O8_bwMB_UX7n7WDloaps8]]></FromUserName>
<CreateTime>1593353245</CreateTime>
<MsgType><![CDATA[event]]></MsgType>
<Event><![CDATA[subscribe]]></Event>
<EventKey><![CDATA[]]></EventKey>
</xml>

2020-06-28 22:07:26 params :
------------
String:
array (
  'message' => 
  array (
    'tousername' => 'gh_c804ae748f89',
    'fromusername' => 'o3lrB53O8_bwMB_UX7n7WDloaps8',
    'createtime' => '1593353245',
    'msgtype' => 'event',
    'event' => 'subscribe',
    'eventkey' => '',
    'from' => 'o3lrB53O8_bwMB_UX7n7WDloaps8',
    'to' => 'gh_c804ae748f89',
    'time' => '1593353245',
    'type' => 'text',
    'redirection' => true,
    'source' => 'subscribe',
    'content' => '关注',
  ),
  'module' => 'reply',
  'rule' => '303',
  'priority' => '0',
  'keyword' => 
  array (
    'id' => '328',
    'rid' => '303',
    'uniacid' => '2',
    'module' => 'reply',
    'content' => '关注',
    'type' => '1',
    'displayorder' => '0',
    'status' => '1',
    'reply_type' => 
    array (
      0 => 'basic',
    ),
  ),
  'reply_type' => 
  array (
    0 => 'basic',
  ),
)

2020-06-28 22:07:26 response :
------------
Array:
FromUserName : gh_c804ae748f89 ;
ToUserName : o3lrB53O8_bwMB_UX7n7WDloaps8 ;
MsgType : text ;
Content : 感谢亲这么好看还关注我~

福利食客，不止满足吃货哦！ ;

2020-06-28 22:07:52 trace :
------------
String:
<xml><ToUserName><![CDATA[gh_f9b894563ef4]]></ToUserName>
<FromUserName><![CDATA[o5V8y1Z3X7gVlJHjbINAlFeo1H0c]]></FromUserName>
<CreateTime>1593353272</CreateTime>
<MsgType><![CDATA[event]]></MsgType>
<Event><![CDATA[VIEW]]></Event>
<EventKey><![CDATA[http://www.boyufengmao.com/app/index.php?i=6&c=entry&m=ewei_shopv2&do=mobile&r=diypage&id=35]]></EventKey>
<MenuId>445261982</MenuId>
</xml>

2020-06-28 22:07:52 params :
------------
String:
array (
  'rule' => -2,
  'module' => '',
  'message' => 
  array (
    'tousername' => 'gh_f9b894563ef4',
    'fromusername' => 'o5V8y1Z3X7gVlJHjbINAlFeo1H0c',
    'createtime' => '1593353272',
    'msgtype' => 'event',
    'event' => 'VIEW',
    'eventkey' => 'http://www.boyufengmao.com/app/index.php?i=6&c=entry&m=ewei_shopv2&do=mobile&r=diypage&id=35',
    'menuid' => '445261982',
    'from' => 'o5V8y1Z3X7gVlJHjbINAlFeo1H0c',
    'to' => 'gh_f9b894563ef4',
    'time' => '1593353272',
    'type' => 'text',
    'content' => 'http://www.boyufengmao.com/app/index.php?i=6&c=entry&m=ewei_shopv2&do=mobile&r=diypage&id=35',
    'redirection' => true,
    'source' => 'VIEW',
  ),
)

2020-06-28 22:07:52 response :
------------

2020-06-28 22:30:39 trace :
------------
String:
<xml><ToUserName><![CDATA[gh_f9b894563ef4]]></ToUserName>
<FromUserName><![CDATA[o5V8y1Ya0i3yIuUhzR0051qhuiP0]]></FromUserName>
<CreateTime>1593354638</CreateTime>
<MsgType><![CDATA[event]]></MsgType>
<Event><![CDATA[VIEW]]></Event>
<EventKey><![CDATA[http://www.boyufengmao.com/app/index.php?i=6&c=entry&m=ewei_shopv2&do=mobile]]></EventKey>
<MenuId>445261982</MenuId>
</xml>

2020-06-28 22:30:39 params :
------------
String:
array (
  'rule' => -2,
  'module' => '',
  'message' => 
  array (
    'tousername' => 'gh_f9b894563ef4',
    'fromusername' => 'o5V8y1Ya0i3yIuUhzR0051qhuiP0',
    'createtime' => '1593354638',
    'msgtype' => 'event',
    'event' => 'VIEW',
    'eventkey' => 'http://www.boyufengmao.com/app/index.php?i=6&c=entry&m=ewei_shopv2&do=mobile',
    'menuid' => '445261982',
    'from' => 'o5V8y1Ya0i3yIuUhzR0051qhuiP0',
    'to' => 'gh_f9b894563ef4',
    'time' => '1593354638',
    'type' => 'text',
    'content' => 'http://www.boyufengmao.com/app/index.php?i=6&c=entry&m=ewei_shopv2&do=mobile',
    'redirection' => true,
    'source' => 'VIEW',
  ),
)

2020-06-28 22:30:39 response :
------------

2020-06-28 22:52:20 trace :
------------
String:
<xml><ToUserName><![CDATA[gh_62bcc2f9639d]]></ToUserName>
<FromUserName><![CDATA[opjhUwO_nj3b6tVl8jbvO9G2v-i8]]></FromUserName>
<CreateTime>1593355939</CreateTime>
<MsgType><![CDATA[event]]></MsgType>
<Event><![CDATA[VIEW]]></Event>
<EventKey><![CDATA[http://www.boyufengmao.com/app/index.php?i=10&c=entry&m=ewei_shopv2&do=mobile&r=member]]></EventKey>
<MenuId>432207807</MenuId>
</xml>

2020-06-28 22:52:20 params :
------------
String:
array (
  'rule' => -2,
  'module' => '',
  'message' => 
  array (
    'tousername' => 'gh_62bcc2f9639d',
    'fromusername' => 'opjhUwO_nj3b6tVl8jbvO9G2v-i8',
    'createtime' => '1593355939',
    'msgtype' => 'event',
    'event' => 'VIEW',
    'eventkey' => 'http://www.boyufengmao.com/app/index.php?i=10&c=entry&m=ewei_shopv2&do=mobile&r=member',
    'menuid' => '432207807',
    'from' => 'opjhUwO_nj3b6tVl8jbvO9G2v-i8',
    'to' => 'gh_62bcc2f9639d',
    'time' => '1593355939',
    'type' => 'text',
    'content' => 'http://www.boyufengmao.com/app/index.php?i=10&c=entry&m=ewei_shopv2&do=mobile&r=member',
    'redirection' => true,
    'source' => 'VIEW',
  ),
)

2020-06-28 22:52:20 response :
------------

2020-06-28 22:54:11 trace :
------------
String:
<xml><ToUserName><![CDATA[gh_f9b894563ef4]]></ToUserName>
<FromUserName><![CDATA[o5V8y1bFZSVleqC8hC6dkkj8pV2g]]></FromUserName>
<CreateTime>1593356051</CreateTime>
<MsgType><![CDATA[event]]></MsgType>
<Event><![CDATA[VIEW]]></Event>
<EventKey><![CDATA[http://www.boyufengmao.com/app/index.php?i=6&c=entry&m=ewei_shopv2&do=mobile&r=diypage&id=35]]></EventKey>
<MenuId>445261982</MenuId>
</xml>

2020-06-28 22:54:11 params :
------------
String:
array (
  'rule' => -2,
  'module' => '',
  'message' => 
  array (
    'tousername' => 'gh_f9b894563ef4',
    'fromusername' => 'o5V8y1bFZSVleqC8hC6dkkj8pV2g',
    'createtime' => '1593356051',
    'msgtype' => 'event',
    'event' => 'VIEW',
    'eventkey' => 'http://www.boyufengmao.com/app/index.php?i=6&c=entry&m=ewei_shopv2&do=mobile&r=diypage&id=35',
    'menuid' => '445261982',
    'from' => 'o5V8y1bFZSVleqC8hC6dkkj8pV2g',
    'to' => 'gh_f9b894563ef4',
    'time' => '1593356051',
    'type' => 'text',
    'content' => 'http://www.boyufengmao.com/app/index.php?i=6&c=entry&m=ewei_shopv2&do=mobile&r=diypage&id=35',
    'redirection' => true,
    'source' => 'VIEW',
  ),
)

2020-06-28 22:54:11 response :
------------

