2020-01-30 08:37:05 trace :
------------
String:
<xml><ToUserName><![CDATA[gh_f9b894563ef4]]></ToUserName>
<FromUserName><![CDATA[o5V8y1fZ3Egeit68bohUyfGMv8jA]]></FromUserName>
<CreateTime>1580344625</CreateTime>
<MsgType><![CDATA[event]]></MsgType>
<Event><![CDATA[TEMPLATESENDJOBFINISH]]></Event>
<MsgID>1187027535096463360</MsgID>
<Status><![CDATA[success]]></Status>
</xml>

2020-01-30 08:37:05 params :
------------
String:
array (
  'rule' => -2,
  'module' => '',
  'message' => 
  array (
    'tousername' => 'gh_f9b894563ef4',
    'fromusername' => 'o5V8y1fZ3Egeit68bohUyfGMv8jA',
    'createtime' => '1580344625',
    'msgtype' => 'event',
    'event' => 'TEMPLATESENDJOBFINISH',
    'msgid' => '1187027535096463360',
    'status' => 'success',
    'from' => 'o5V8y1fZ3Egeit68bohUyfGMv8jA',
    'to' => 'gh_f9b894563ef4',
    'time' => '1580344625',
    'type' => 'event',
  ),
)

2020-01-30 08:37:05 response :
------------

2020-01-30 08:37:05 trace :
------------
String:
<xml><ToUserName><![CDATA[gh_f9b894563ef4]]></ToUserName>
<FromUserName><![CDATA[o5V8y1ZZCMfs_OQAK1m_GcMYJqAk]]></FromUserName>
<CreateTime>1580344625</CreateTime>
<MsgType><![CDATA[event]]></MsgType>
<Event><![CDATA[TEMPLATESENDJOBFINISH]]></Event>
<MsgID>1187027535499116545</MsgID>
<Status><![CDATA[success]]></Status>
</xml>

2020-01-30 08:37:05 params :
------------
String:
array (
  'rule' => -2,
  'module' => '',
  'message' => 
  array (
    'tousername' => 'gh_f9b894563ef4',
    'fromusername' => 'o5V8y1ZZCMfs_OQAK1m_GcMYJqAk',
    'createtime' => '1580344625',
    'msgtype' => 'event',
    'event' => 'TEMPLATESENDJOBFINISH',
    'msgid' => '1187027535499116545',
    'status' => 'success',
    'from' => 'o5V8y1ZZCMfs_OQAK1m_GcMYJqAk',
    'to' => 'gh_f9b894563ef4',
    'time' => '1580344625',
    'type' => 'event',
  ),
)

2020-01-30 08:37:05 response :
------------

2020-01-30 08:37:05 trace :
------------
String:
<xml><ToUserName><![CDATA[gh_f9b894563ef4]]></ToUserName>
<FromUserName><![CDATA[o5V8y1QePZwNaoDcFOlm6wTAlNgI]]></FromUserName>
<CreateTime>1580344625</CreateTime>
<MsgType><![CDATA[event]]></MsgType>
<Event><![CDATA[TEMPLATESENDJOBFINISH]]></Event>
<MsgID>1187027535381544960</MsgID>
<Status><![CDATA[success]]></Status>
</xml>

2020-01-30 08:37:05 params :
------------
String:
array (
  'rule' => -2,
  'module' => '',
  'message' => 
  array (
    'tousername' => 'gh_f9b894563ef4',
    'fromusername' => 'o5V8y1QePZwNaoDcFOlm6wTAlNgI',
    'createtime' => '1580344625',
    'msgtype' => 'event',
    'event' => 'TEMPLATESENDJOBFINISH',
    'msgid' => '1187027535381544960',
    'status' => 'success',
    'from' => 'o5V8y1QePZwNaoDcFOlm6wTAlNgI',
    'to' => 'gh_f9b894563ef4',
    'time' => '1580344625',
    'type' => 'event',
  ),
)

2020-01-30 08:37:05 response :
------------

2020-01-30 09:11:18 trace :
------------
String:
<xml><ToUserName><![CDATA[gh_f9b894563ef4]]></ToUserName>
<FromUserName><![CDATA[o5V8y1YBMaMWI4Y3ihcZeVdL7y3M]]></FromUserName>
<CreateTime>1580346678</CreateTime>
<MsgType><![CDATA[event]]></MsgType>
<Event><![CDATA[unsubscribe]]></Event>
<EventKey><![CDATA[]]></EventKey>
</xml>

2020-01-30 10:09:27 trace :
------------
String:
<xml><ToUserName><![CDATA[gh_f9b894563ef4]]></ToUserName>
<FromUserName><![CDATA[o5V8y1bNz8HCV8vFQRnWQ0_k7ulc]]></FromUserName>
<CreateTime>1580350167</CreateTime>
<MsgType><![CDATA[event]]></MsgType>
<Event><![CDATA[VIEW]]></Event>
<EventKey><![CDATA[http://www.boyufengmao.com/app/index.php?i=6&c=entry&m=ewei_shopv2&do=mobile]]></EventKey>
<MenuId>445261982</MenuId>
</xml>

2020-01-30 10:09:27 params :
------------
String:
array (
  'rule' => -2,
  'module' => '',
  'message' => 
  array (
    'tousername' => 'gh_f9b894563ef4',
    'fromusername' => 'o5V8y1bNz8HCV8vFQRnWQ0_k7ulc',
    'createtime' => '1580350167',
    'msgtype' => 'event',
    'event' => 'VIEW',
    'eventkey' => 'http://www.boyufengmao.com/app/index.php?i=6&c=entry&m=ewei_shopv2&do=mobile',
    'menuid' => '445261982',
    'from' => 'o5V8y1bNz8HCV8vFQRnWQ0_k7ulc',
    'to' => 'gh_f9b894563ef4',
    'time' => '1580350167',
    'type' => 'text',
    'content' => 'http://www.boyufengmao.com/app/index.php?i=6&c=entry&m=ewei_shopv2&do=mobile',
    'redirection' => true,
    'source' => 'VIEW',
  ),
)

2020-01-30 10:09:27 response :
------------

2020-01-30 10:09:52 trace :
------------
String:
<xml><ToUserName><![CDATA[gh_f9b894563ef4]]></ToUserName>
<FromUserName><![CDATA[o5V8y1bNz8HCV8vFQRnWQ0_k7ulc]]></FromUserName>
<CreateTime>1580350192</CreateTime>
<MsgType><![CDATA[text]]></MsgType>
<Content><![CDATA[您好。开始营业了吗]]></Content>
<MsgId>22625170901348757</MsgId>
</xml>

2020-01-30 10:09:52 params :
------------
String:
array (
  'rule' => -2,
  'module' => '',
  'message' => 
  array (
    'tousername' => 'gh_f9b894563ef4',
    'fromusername' => 'o5V8y1bNz8HCV8vFQRnWQ0_k7ulc',
    'createtime' => '1580350192',
    'msgtype' => 'text',
    'content' => '您好。开始营业了吗',
    'msgid' => '22625170901348757',
    'from' => 'o5V8y1bNz8HCV8vFQRnWQ0_k7ulc',
    'to' => 'gh_f9b894563ef4',
    'time' => '1580350192',
    'type' => 'text',
    'event' => NULL,
    'redirection' => false,
    'source' => NULL,
  ),
)

2020-01-30 10:09:52 response :
------------

2020-01-30 17:24:04 trace :
------------
String:
<xml><ToUserName><![CDATA[gh_f9b894563ef4]]></ToUserName>
<FromUserName><![CDATA[o5V8y1bfQzsKeIFNly4bvP69xFqo]]></FromUserName>
<CreateTime>1580376244</CreateTime>
<MsgType><![CDATA[event]]></MsgType>
<Event><![CDATA[VIEW]]></Event>
<EventKey><![CDATA[http://www.boyufengmao.com/app/index.php?i=6&c=entry&m=ewei_shopv2&do=mobile]]></EventKey>
<MenuId>445261982</MenuId>
</xml>

2020-01-30 17:24:04 params :
------------
String:
array (
  'rule' => -2,
  'module' => '',
  'message' => 
  array (
    'tousername' => 'gh_f9b894563ef4',
    'fromusername' => 'o5V8y1bfQzsKeIFNly4bvP69xFqo',
    'createtime' => '1580376244',
    'msgtype' => 'event',
    'event' => 'VIEW',
    'eventkey' => 'http://www.boyufengmao.com/app/index.php?i=6&c=entry&m=ewei_shopv2&do=mobile',
    'menuid' => '445261982',
    'from' => 'o5V8y1bfQzsKeIFNly4bvP69xFqo',
    'to' => 'gh_f9b894563ef4',
    'time' => '1580376244',
    'type' => 'text',
    'content' => 'http://www.boyufengmao.com/app/index.php?i=6&c=entry&m=ewei_shopv2&do=mobile',
    'redirection' => true,
    'source' => 'VIEW',
  ),
)

2020-01-30 17:24:04 response :
------------

2020-01-30 18:01:03 trace :
------------
String:
<xml><ToUserName><![CDATA[gh_0140ea298741]]></ToUserName>
<FromUserName><![CDATA[oGQKz0n_rB8usIhkm0wXLFwf9XDI]]></FromUserName>
<CreateTime>1580378463</CreateTime>
<MsgType><![CDATA[event]]></MsgType>
<Event><![CDATA[unsubscribe]]></Event>
<EventKey><![CDATA[]]></EventKey>
</xml>

2020-01-30 19:53:59 trace :
------------
String:
<xml><ToUserName><![CDATA[gh_62bcc2f9639d]]></ToUserName>
<FromUserName><![CDATA[opjhUwOzbsrOsfXh98yAj-E0v4pk]]></FromUserName>
<CreateTime>1580385239</CreateTime>
<MsgType><![CDATA[event]]></MsgType>
<Event><![CDATA[unsubscribe]]></Event>
<EventKey><![CDATA[]]></EventKey>
</xml>

