2020-01-20 01:08:13 trace :
------------
String:
<xml><ToUserName><![CDATA[gh_f9b894563ef4]]></ToUserName>
<FromUserName><![CDATA[o5V8y1WrfDYw88Dt0zmh5pVU6tHQ]]></FromUserName>
<CreateTime>1579453693</CreateTime>
<MsgType><![CDATA[event]]></MsgType>
<Event><![CDATA[VIEW]]></Event>
<EventKey><![CDATA[http://www.boyufengmao.com/app/index.php?i=6&c=entry&m=ewei_shopv2&do=mobile&r=diypage&id=35]]></EventKey>
<MenuId>445261982</MenuId>
</xml>

2020-01-20 01:08:13 params :
------------
String:
array (
  'rule' => -2,
  'module' => '',
  'message' => 
  array (
    'tousername' => 'gh_f9b894563ef4',
    'fromusername' => 'o5V8y1WrfDYw88Dt0zmh5pVU6tHQ',
    'createtime' => '1579453693',
    'msgtype' => 'event',
    'event' => 'VIEW',
    'eventkey' => 'http://www.boyufengmao.com/app/index.php?i=6&c=entry&m=ewei_shopv2&do=mobile&r=diypage&id=35',
    'menuid' => '445261982',
    'from' => 'o5V8y1WrfDYw88Dt0zmh5pVU6tHQ',
    'to' => 'gh_f9b894563ef4',
    'time' => '1579453693',
    'type' => 'text',
    'content' => 'http://www.boyufengmao.com/app/index.php?i=6&c=entry&m=ewei_shopv2&do=mobile&r=diypage&id=35',
    'redirection' => true,
    'source' => 'VIEW',
  ),
)

2020-01-20 01:08:13 response :
------------

2020-01-20 02:30:46 trace :
------------
String:
<xml><ToUserName><![CDATA[gh_162fc9cda7ca]]></ToUserName>
<FromUserName><![CDATA[oYRrw0wQTxf6l0fMk1wSmyprSlbc]]></FromUserName>
<CreateTime>1579458646</CreateTime>
<MsgType><![CDATA[event]]></MsgType>
<Event><![CDATA[unsubscribe]]></Event>
<EventKey><![CDATA[]]></EventKey>
</xml>

2020-01-20 03:16:45 trace :
------------
String:
<xml><ToUserName><![CDATA[gh_f9b894563ef4]]></ToUserName>
<FromUserName><![CDATA[o5V8y1WvRtW2Jay75IDxaW7MRLko]]></FromUserName>
<CreateTime>1579461405</CreateTime>
<MsgType><![CDATA[event]]></MsgType>
<Event><![CDATA[VIEW]]></Event>
<EventKey><![CDATA[http://www.boyufengmao.com/app/index.php?i=6&c=entry&m=ewei_shopv2&do=mobile]]></EventKey>
<MenuId>445261982</MenuId>
</xml>

2020-01-20 03:16:45 params :
------------
String:
array (
  'rule' => -2,
  'module' => '',
  'message' => 
  array (
    'tousername' => 'gh_f9b894563ef4',
    'fromusername' => 'o5V8y1WvRtW2Jay75IDxaW7MRLko',
    'createtime' => '1579461405',
    'msgtype' => 'event',
    'event' => 'VIEW',
    'eventkey' => 'http://www.boyufengmao.com/app/index.php?i=6&c=entry&m=ewei_shopv2&do=mobile',
    'menuid' => '445261982',
    'from' => 'o5V8y1WvRtW2Jay75IDxaW7MRLko',
    'to' => 'gh_f9b894563ef4',
    'time' => '1579461405',
    'type' => 'text',
    'content' => 'http://www.boyufengmao.com/app/index.php?i=6&c=entry&m=ewei_shopv2&do=mobile',
    'redirection' => true,
    'source' => 'VIEW',
  ),
)

2020-01-20 03:16:45 response :
------------

2020-01-20 07:34:42 trace :
------------
String:
<xml><ToUserName><![CDATA[gh_f7c52ee3e5f7]]></ToUserName>
<FromUserName><![CDATA[oANN2v4tT-CPAGLzzLh6EFkSLYic]]></FromUserName>
<CreateTime>1579476881</CreateTime>
<MsgType><![CDATA[event]]></MsgType>
<Event><![CDATA[VIEW]]></Event>
<EventKey><![CDATA[http://www.boyufengmao.com/app/index.php?i=11&c=entry&m=ewei_shopv2&do=mobile]]></EventKey>
<MenuId>490658363</MenuId>
</xml>

2020-01-20 07:34:42 params :
------------
String:
array (
  'rule' => -2,
  'module' => '',
  'message' => 
  array (
    'tousername' => 'gh_f7c52ee3e5f7',
    'fromusername' => 'oANN2v4tT-CPAGLzzLh6EFkSLYic',
    'createtime' => '1579476881',
    'msgtype' => 'event',
    'event' => 'VIEW',
    'eventkey' => 'http://www.boyufengmao.com/app/index.php?i=11&c=entry&m=ewei_shopv2&do=mobile',
    'menuid' => '490658363',
    'from' => 'oANN2v4tT-CPAGLzzLh6EFkSLYic',
    'to' => 'gh_f7c52ee3e5f7',
    'time' => '1579476881',
    'type' => 'text',
    'content' => 'http://www.boyufengmao.com/app/index.php?i=11&c=entry&m=ewei_shopv2&do=mobile',
    'redirection' => true,
    'source' => 'VIEW',
  ),
)

2020-01-20 07:34:42 response :
------------

2020-01-20 10:04:02 trace :
------------
String:
<xml><ToUserName><![CDATA[gh_f9b894563ef4]]></ToUserName>
<FromUserName><![CDATA[o5V8y1TOWjwU11jG0Vkk4xbrBpNs]]></FromUserName>
<CreateTime>1579485842</CreateTime>
<MsgType><![CDATA[event]]></MsgType>
<Event><![CDATA[unsubscribe]]></Event>
<EventKey><![CDATA[]]></EventKey>
</xml>

2020-01-20 10:30:16 trace :
------------
String:
<xml><ToUserName><![CDATA[gh_f9b894563ef4]]></ToUserName>
<FromUserName><![CDATA[o5V8y1dWsMRNIT2lVXsMemWYLEoM]]></FromUserName>
<CreateTime>1579487416</CreateTime>
<MsgType><![CDATA[event]]></MsgType>
<Event><![CDATA[subscribe]]></Event>
<EventKey><![CDATA[]]></EventKey>
</xml>

2020-01-20 10:30:16 params :
------------
String:
array (
  'rule' => -2,
  'module' => '',
  'message' => 
  array (
    'tousername' => 'gh_f9b894563ef4',
    'fromusername' => 'o5V8y1dWsMRNIT2lVXsMemWYLEoM',
    'createtime' => '1579487416',
    'msgtype' => 'event',
    'event' => 'subscribe',
    'eventkey' => '',
    'from' => 'o5V8y1dWsMRNIT2lVXsMemWYLEoM',
    'to' => 'gh_f9b894563ef4',
    'time' => '1579487416',
    'type' => 'text',
    'redirection' => true,
    'source' => 'subscribe',
  ),
)

2020-01-20 10:30:16 response :
------------

2020-01-20 10:42:26 trace :
------------
String:
<xml><ToUserName><![CDATA[gh_f7c52ee3e5f7]]></ToUserName>
<FromUserName><![CDATA[oANN2v-RvkRM1ZO0LAKLR7fih7Hk]]></FromUserName>
<CreateTime>1579488146</CreateTime>
<MsgType><![CDATA[event]]></MsgType>
<Event><![CDATA[VIEW]]></Event>
<EventKey><![CDATA[http://www.boyufengmao.com/app/index.php?i=11&c=entry&m=ewei_shopv2&do=mobile]]></EventKey>
<MenuId>490658363</MenuId>
</xml>

2020-01-20 10:42:26 params :
------------
String:
array (
  'rule' => -2,
  'module' => '',
  'message' => 
  array (
    'tousername' => 'gh_f7c52ee3e5f7',
    'fromusername' => 'oANN2v-RvkRM1ZO0LAKLR7fih7Hk',
    'createtime' => '1579488146',
    'msgtype' => 'event',
    'event' => 'VIEW',
    'eventkey' => 'http://www.boyufengmao.com/app/index.php?i=11&c=entry&m=ewei_shopv2&do=mobile',
    'menuid' => '490658363',
    'from' => 'oANN2v-RvkRM1ZO0LAKLR7fih7Hk',
    'to' => 'gh_f7c52ee3e5f7',
    'time' => '1579488146',
    'type' => 'text',
    'content' => 'http://www.boyufengmao.com/app/index.php?i=11&c=entry&m=ewei_shopv2&do=mobile',
    'redirection' => true,
    'source' => 'VIEW',
  ),
)

2020-01-20 10:42:26 response :
------------

2020-01-20 10:42:29 trace :
------------
String:
<xml><ToUserName><![CDATA[gh_f7c52ee3e5f7]]></ToUserName>
<FromUserName><![CDATA[oANN2v-RvkRM1ZO0LAKLR7fih7Hk]]></FromUserName>
<CreateTime>1579488149</CreateTime>
<MsgType><![CDATA[event]]></MsgType>
<Event><![CDATA[VIEW]]></Event>
<EventKey><![CDATA[http://www.boyufengmao.com/app/index.php?i=11&c=entry&m=ewei_shopv2&do=mobile&r=member]]></EventKey>
<MenuId>490658363</MenuId>
</xml>

2020-01-20 10:42:29 params :
------------
String:
array (
  'rule' => -2,
  'module' => '',
  'message' => 
  array (
    'tousername' => 'gh_f7c52ee3e5f7',
    'fromusername' => 'oANN2v-RvkRM1ZO0LAKLR7fih7Hk',
    'createtime' => '1579488149',
    'msgtype' => 'event',
    'event' => 'VIEW',
    'eventkey' => 'http://www.boyufengmao.com/app/index.php?i=11&c=entry&m=ewei_shopv2&do=mobile&r=member',
    'menuid' => '490658363',
    'from' => 'oANN2v-RvkRM1ZO0LAKLR7fih7Hk',
    'to' => 'gh_f7c52ee3e5f7',
    'time' => '1579488149',
    'type' => 'text',
    'content' => 'http://www.boyufengmao.com/app/index.php?i=11&c=entry&m=ewei_shopv2&do=mobile&r=member',
    'redirection' => true,
    'source' => 'VIEW',
  ),
)

2020-01-20 10:42:29 response :
------------

2020-01-20 11:48:23 trace :
------------
String:
<xml><ToUserName><![CDATA[gh_f7c52ee3e5f7]]></ToUserName>
<FromUserName><![CDATA[oANN2v-RvkRM1ZO0LAKLR7fih7Hk]]></FromUserName>
<CreateTime>1579492103</CreateTime>
<MsgType><![CDATA[event]]></MsgType>
<Event><![CDATA[SCAN]]></Event>
<EventKey><![CDATA[4cfcb1a3955e39edad6c4a5879c0f6e2]]></EventKey>
<Ticket><![CDATA[gQGW8DwAAAAAAAAAAS5odHRwOi8vd2VpeGluLnFxLmNvbS9xLzAyeEkzU05KMGo5U18xMDAwMDAwN3cAAgRTcA9eAwQAAAAA]]></Ticket>
</xml>

2020-01-20 11:48:25 trace :
------------
String:
<xml><ToUserName><![CDATA[gh_f7c52ee3e5f7]]></ToUserName>
<FromUserName><![CDATA[oANN2v-RvkRM1ZO0LAKLR7fih7Hk]]></FromUserName>
<CreateTime>1579492105</CreateTime>
<MsgType><![CDATA[event]]></MsgType>
<Event><![CDATA[VIEW]]></Event>
<EventKey><![CDATA[http://www.boyufengmao.com/app/index.php?i=11&c=entry&m=ewei_shopv2&do=mobile]]></EventKey>
<MenuId>490658363</MenuId>
</xml>

2020-01-20 11:48:25 params :
------------
String:
array (
  'rule' => -2,
  'module' => '',
  'message' => 
  array (
    'tousername' => 'gh_f7c52ee3e5f7',
    'fromusername' => 'oANN2v-RvkRM1ZO0LAKLR7fih7Hk',
    'createtime' => '1579492105',
    'msgtype' => 'event',
    'event' => 'VIEW',
    'eventkey' => 'http://www.boyufengmao.com/app/index.php?i=11&c=entry&m=ewei_shopv2&do=mobile',
    'menuid' => '490658363',
    'from' => 'oANN2v-RvkRM1ZO0LAKLR7fih7Hk',
    'to' => 'gh_f7c52ee3e5f7',
    'time' => '1579492105',
    'type' => 'text',
    'content' => 'http://www.boyufengmao.com/app/index.php?i=11&c=entry&m=ewei_shopv2&do=mobile',
    'redirection' => true,
    'source' => 'VIEW',
  ),
)

2020-01-20 11:48:25 response :
------------

2020-01-20 11:48:27 trace :
------------
String:
<xml><ToUserName><![CDATA[gh_f7c52ee3e5f7]]></ToUserName>
<FromUserName><![CDATA[oANN2v-RvkRM1ZO0LAKLR7fih7Hk]]></FromUserName>
<CreateTime>1579492107</CreateTime>
<MsgType><![CDATA[event]]></MsgType>
<Event><![CDATA[VIEW]]></Event>
<EventKey><![CDATA[http://www.boyufengmao.com/app/index.php?i=11&c=entry&m=ewei_shopv2&do=mobile&r=member]]></EventKey>
<MenuId>490658363</MenuId>
</xml>

2020-01-20 11:48:27 params :
------------
String:
array (
  'rule' => -2,
  'module' => '',
  'message' => 
  array (
    'tousername' => 'gh_f7c52ee3e5f7',
    'fromusername' => 'oANN2v-RvkRM1ZO0LAKLR7fih7Hk',
    'createtime' => '1579492107',
    'msgtype' => 'event',
    'event' => 'VIEW',
    'eventkey' => 'http://www.boyufengmao.com/app/index.php?i=11&c=entry&m=ewei_shopv2&do=mobile&r=member',
    'menuid' => '490658363',
    'from' => 'oANN2v-RvkRM1ZO0LAKLR7fih7Hk',
    'to' => 'gh_f7c52ee3e5f7',
    'time' => '1579492107',
    'type' => 'text',
    'content' => 'http://www.boyufengmao.com/app/index.php?i=11&c=entry&m=ewei_shopv2&do=mobile&r=member',
    'redirection' => true,
    'source' => 'VIEW',
  ),
)

2020-01-20 11:48:27 response :
------------

2020-01-20 11:50:23 trace :
------------
String:
<xml><ToUserName><![CDATA[gh_f9b894563ef4]]></ToUserName>
<FromUserName><![CDATA[o5V8y1RFFRdwf7AiXjlUmNiS_ySA]]></FromUserName>
<CreateTime>1579492223</CreateTime>
<MsgType><![CDATA[event]]></MsgType>
<Event><![CDATA[unsubscribe]]></Event>
<EventKey><![CDATA[]]></EventKey>
</xml>

2020-01-20 11:57:53 trace :
------------
String:
<xml><ToUserName><![CDATA[gh_f7c52ee3e5f7]]></ToUserName>
<FromUserName><![CDATA[oANN2v27senfF6U_2vIJEVQOGWDA]]></FromUserName>
<CreateTime>1579492673</CreateTime>
<MsgType><![CDATA[event]]></MsgType>
<Event><![CDATA[subscribe]]></Event>
<EventKey><![CDATA[qrscene_4cfcb1a3955e39edad6c4a5879c0f6e2]]></EventKey>
<Ticket><![CDATA[gQGW8DwAAAAAAAAAAS5odHRwOi8vd2VpeGluLnFxLmNvbS9xLzAyeEkzU05KMGo5U18xMDAwMDAwN3cAAgRTcA9eAwQAAAAA]]></Ticket>
</xml>

2020-01-20 12:11:44 trace :
------------
String:
<xml><ToUserName><![CDATA[gh_62bcc2f9639d]]></ToUserName>
<FromUserName><![CDATA[opjhUwMBssqXNz5XHBleFOXP6uWg]]></FromUserName>
<CreateTime>1579493504</CreateTime>
<MsgType><![CDATA[event]]></MsgType>
<Event><![CDATA[subscribe]]></Event>
<EventKey><![CDATA[]]></EventKey>
</xml>

2020-01-20 12:11:44 params :
------------
String:
array (
  'rule' => -2,
  'module' => '',
  'message' => 
  array (
    'tousername' => 'gh_62bcc2f9639d',
    'fromusername' => 'opjhUwMBssqXNz5XHBleFOXP6uWg',
    'createtime' => '1579493504',
    'msgtype' => 'event',
    'event' => 'subscribe',
    'eventkey' => '',
    'from' => 'opjhUwMBssqXNz5XHBleFOXP6uWg',
    'to' => 'gh_62bcc2f9639d',
    'time' => '1579493504',
    'type' => 'text',
    'redirection' => true,
    'source' => 'subscribe',
  ),
)

2020-01-20 12:11:44 response :
------------

2020-01-20 12:26:29 trace :
------------
String:
<xml><ToUserName><![CDATA[gh_62bcc2f9639d]]></ToUserName>
<FromUserName><![CDATA[opjhUwEy8w-1lL2JqKHN5pybPjHs]]></FromUserName>
<CreateTime>1579494388</CreateTime>
<MsgType><![CDATA[text]]></MsgType>
<Content><![CDATA[各位新老顾客:
    您们好！今日大寒，天气越来越冷，请大家注意保暖。 
   今天是本店年前最后一天营业，节后正月初六正式营业，希周知。
   感恩2019年有您们一路光临惠顾，2020年我们在一起出发，共创美好未来。顺祝新春愉快，阖家欢乐！]]></Content>
<MsgId>22612924548268002</MsgId>
</xml>

2020-01-20 12:26:29 params :
------------
String:
array (
  'rule' => -2,
  'module' => '',
  'message' => 
  array (
    'tousername' => 'gh_62bcc2f9639d',
    'fromusername' => 'opjhUwEy8w-1lL2JqKHN5pybPjHs',
    'createtime' => '1579494388',
    'msgtype' => 'text',
    'content' => '各位新老顾客:
    您们好！今日大寒，天气越来越冷，请大家注意保暖。 
   今天是本店年前最后一天营业，节后正月初六正式营业，希周知。
   感恩2019年有您们一路光临惠顾，2020年我们在一起出发，共创美好未来。顺祝新春愉快，阖家欢乐！',
    'msgid' => '22612924548268002',
    'from' => 'opjhUwEy8w-1lL2JqKHN5pybPjHs',
    'to' => 'gh_62bcc2f9639d',
    'time' => '1579494388',
    'type' => 'text',
    'event' => NULL,
    'redirection' => false,
    'source' => NULL,
  ),
)

2020-01-20 12:26:29 response :
------------

2020-01-20 12:28:57 trace :
------------
String:
<xml><ToUserName><![CDATA[gh_62bcc2f9639d]]></ToUserName>
<FromUserName><![CDATA[opjhUwEy8w-1lL2JqKHN5pybPjHs]]></FromUserName>
<CreateTime>1579494537</CreateTime>
<MsgType><![CDATA[text]]></MsgType>
<Content><![CDATA[m]]></Content>
<MsgId>22612922379058307</MsgId>
</xml>

2020-01-20 12:28:57 params :
------------
String:
array (
  'rule' => -2,
  'module' => '',
  'message' => 
  array (
    'tousername' => 'gh_62bcc2f9639d',
    'fromusername' => 'opjhUwEy8w-1lL2JqKHN5pybPjHs',
    'createtime' => '1579494537',
    'msgtype' => 'text',
    'content' => 'm',
    'msgid' => '22612922379058307',
    'from' => 'opjhUwEy8w-1lL2JqKHN5pybPjHs',
    'to' => 'gh_62bcc2f9639d',
    'time' => '1579494537',
    'type' => 'text',
    'event' => NULL,
    'redirection' => false,
    'source' => NULL,
  ),
)

2020-01-20 12:28:57 response :
------------

2020-01-20 12:29:35 trace :
------------
String:
<xml><ToUserName><![CDATA[gh_62bcc2f9639d]]></ToUserName>
<FromUserName><![CDATA[opjhUwIqyJaL34PaajfM7ClezsBw]]></FromUserName>
<CreateTime>1579494574</CreateTime>
<MsgType><![CDATA[text]]></MsgType>
<Content><![CDATA[各位新老顾客:
    您们好！今日大寒，天气越来越冷，请大家注意保暖。 
   今天是本店年前最后一天营业，节后正月初六正式营业，希周知。
   感恩2019年有您们一路光临惠顾，2020年我们在一起出发，共创美好未来。顺祝新春愉快，阖家欢乐！]]></Content>
<MsgId>22612923496508145</MsgId>
</xml>

2020-01-20 12:29:35 params :
------------
String:
array (
  'rule' => -2,
  'module' => '',
  'message' => 
  array (
    'tousername' => 'gh_62bcc2f9639d',
    'fromusername' => 'opjhUwIqyJaL34PaajfM7ClezsBw',
    'createtime' => '1579494574',
    'msgtype' => 'text',
    'content' => '各位新老顾客:
    您们好！今日大寒，天气越来越冷，请大家注意保暖。 
   今天是本店年前最后一天营业，节后正月初六正式营业，希周知。
   感恩2019年有您们一路光临惠顾，2020年我们在一起出发，共创美好未来。顺祝新春愉快，阖家欢乐！',
    'msgid' => '22612923496508145',
    'from' => 'opjhUwIqyJaL34PaajfM7ClezsBw',
    'to' => 'gh_62bcc2f9639d',
    'time' => '1579494574',
    'type' => 'text',
    'event' => NULL,
    'redirection' => false,
    'source' => NULL,
  ),
)

2020-01-20 12:29:35 response :
------------

2020-01-20 12:29:50 trace :
------------
String:
<xml><ToUserName><![CDATA[gh_62bcc2f9639d]]></ToUserName>
<FromUserName><![CDATA[opjhUwIqyJaL34PaajfM7ClezsBw]]></FromUserName>
<CreateTime>1579494589</CreateTime>
<MsgType><![CDATA[text]]></MsgType>
<Content><![CDATA[m]]></Content>
<MsgId>22612923450640701</MsgId>
</xml>

2020-01-20 12:29:50 params :
------------
String:
array (
  'rule' => -2,
  'module' => '',
  'message' => 
  array (
    'tousername' => 'gh_62bcc2f9639d',
    'fromusername' => 'opjhUwIqyJaL34PaajfM7ClezsBw',
    'createtime' => '1579494589',
    'msgtype' => 'text',
    'content' => 'm',
    'msgid' => '22612923450640701',
    'from' => 'opjhUwIqyJaL34PaajfM7ClezsBw',
    'to' => 'gh_62bcc2f9639d',
    'time' => '1579494589',
    'type' => 'text',
    'event' => NULL,
    'redirection' => false,
    'source' => NULL,
  ),
)

2020-01-20 12:29:50 response :
------------

2020-01-20 12:45:02 trace :
------------
String:
<xml><ToUserName><![CDATA[gh_f9b894563ef4]]></ToUserName>
<FromUserName><![CDATA[o5V8y1WH80EcWagWxm5wq-XC3HQk]]></FromUserName>
<CreateTime>1579495502</CreateTime>
<MsgType><![CDATA[event]]></MsgType>
<Event><![CDATA[VIEW]]></Event>
<EventKey><![CDATA[http://www.boyufengmao.com/app/index.php?i=6&c=entry&m=ewei_shopv2&do=mobile&r=diypage&id=35]]></EventKey>
<MenuId>445261982</MenuId>
</xml>

2020-01-20 12:45:02 trace :
------------
String:
<xml><ToUserName><![CDATA[gh_f9b894563ef4]]></ToUserName>
<FromUserName><![CDATA[o5V8y1WH80EcWagWxm5wq-XC3HQk]]></FromUserName>
<CreateTime>1579495502</CreateTime>
<MsgType><![CDATA[event]]></MsgType>
<Event><![CDATA[VIEW]]></Event>
<EventKey><![CDATA[http://www.boyufengmao.com/app/index.php?i=6&c=entry&m=ewei_shopv2&do=mobile&r=diypage&id=35]]></EventKey>
<MenuId>445261982</MenuId>
</xml>

2020-01-20 12:45:02 params :
------------
String:
array (
  'rule' => -2,
  'module' => '',
  'message' => 
  array (
    'tousername' => 'gh_f9b894563ef4',
    'fromusername' => 'o5V8y1WH80EcWagWxm5wq-XC3HQk',
    'createtime' => '1579495502',
    'msgtype' => 'event',
    'event' => 'VIEW',
    'eventkey' => 'http://www.boyufengmao.com/app/index.php?i=6&c=entry&m=ewei_shopv2&do=mobile&r=diypage&id=35',
    'menuid' => '445261982',
    'from' => 'o5V8y1WH80EcWagWxm5wq-XC3HQk',
    'to' => 'gh_f9b894563ef4',
    'time' => '1579495502',
    'type' => 'text',
    'content' => 'http://www.boyufengmao.com/app/index.php?i=6&c=entry&m=ewei_shopv2&do=mobile&r=diypage&id=35',
    'redirection' => true,
    'source' => 'VIEW',
  ),
)

2020-01-20 12:45:02 response :
------------

2020-01-20 12:45:02 params :
------------
String:
array (
  'rule' => -2,
  'module' => '',
  'message' => 
  array (
    'tousername' => 'gh_f9b894563ef4',
    'fromusername' => 'o5V8y1WH80EcWagWxm5wq-XC3HQk',
    'createtime' => '1579495502',
    'msgtype' => 'event',
    'event' => 'VIEW',
    'eventkey' => 'http://www.boyufengmao.com/app/index.php?i=6&c=entry&m=ewei_shopv2&do=mobile&r=diypage&id=35',
    'menuid' => '445261982',
    'from' => 'o5V8y1WH80EcWagWxm5wq-XC3HQk',
    'to' => 'gh_f9b894563ef4',
    'time' => '1579495502',
    'type' => 'text',
    'content' => 'http://www.boyufengmao.com/app/index.php?i=6&c=entry&m=ewei_shopv2&do=mobile&r=diypage&id=35',
    'redirection' => true,
    'source' => 'VIEW',
  ),
)

2020-01-20 12:45:02 response :
------------

2020-01-20 13:21:20 trace :
------------
String:
<xml><ToUserName><![CDATA[gh_f9b894563ef4]]></ToUserName>
<FromUserName><![CDATA[o5V8y1SMahGoLMOm5nW_hz2PPzFE]]></FromUserName>
<CreateTime>1579497680</CreateTime>
<MsgType><![CDATA[event]]></MsgType>
<Event><![CDATA[VIEW]]></Event>
<EventKey><![CDATA[http://www.boyufengmao.com/app/index.php?i=6&c=entry&m=ewei_shopv2&do=mobile&r=diypage&id=35]]></EventKey>
<MenuId>445261982</MenuId>
</xml>

2020-01-20 13:21:20 params :
------------
String:
array (
  'rule' => -2,
  'module' => '',
  'message' => 
  array (
    'tousername' => 'gh_f9b894563ef4',
    'fromusername' => 'o5V8y1SMahGoLMOm5nW_hz2PPzFE',
    'createtime' => '1579497680',
    'msgtype' => 'event',
    'event' => 'VIEW',
    'eventkey' => 'http://www.boyufengmao.com/app/index.php?i=6&c=entry&m=ewei_shopv2&do=mobile&r=diypage&id=35',
    'menuid' => '445261982',
    'from' => 'o5V8y1SMahGoLMOm5nW_hz2PPzFE',
    'to' => 'gh_f9b894563ef4',
    'time' => '1579497680',
    'type' => 'text',
    'content' => 'http://www.boyufengmao.com/app/index.php?i=6&c=entry&m=ewei_shopv2&do=mobile&r=diypage&id=35',
    'redirection' => true,
    'source' => 'VIEW',
  ),
)

2020-01-20 13:21:20 response :
------------

2020-01-20 13:33:13 trace :
------------
String:
<xml><ToUserName><![CDATA[gh_f9b894563ef4]]></ToUserName>
<FromUserName><![CDATA[o5V8y1V1h_xEMsDZVejVm_ga0mV8]]></FromUserName>
<CreateTime>1579498392</CreateTime>
<MsgType><![CDATA[event]]></MsgType>
<Event><![CDATA[SCAN]]></Event>
<EventKey><![CDATA[business:5864a01773794135a05fba69901b7199]]></EventKey>
<Ticket><![CDATA[gQGj8DwAAAAAAAAAAS5odHRwOi8vd2VpeGluLnFxLmNvbS9xLzAyZ3RQMXQ5QnZjT2wxMDAwMHcwN2oAAgQPhH9cAwQAAAAA]]></Ticket>
</xml>

2020-01-20 13:33:13 params :
------------
String:
array (
  'rule' => -2,
  'module' => '',
  'message' => 
  array (
    'tousername' => 'gh_f9b894563ef4',
    'fromusername' => 'o5V8y1V1h_xEMsDZVejVm_ga0mV8',
    'createtime' => '1579498392',
    'msgtype' => 'event',
    'event' => 'SCAN',
    'eventkey' => 'business:5864a01773794135a05fba69901b7199',
    'ticket' => 'gQGj8DwAAAAAAAAAAS5odHRwOi8vd2VpeGluLnFxLmNvbS9xLzAyZ3RQMXQ5QnZjT2wxMDAwMHcwN2oAAgQPhH9cAwQAAAAA',
    'from' => 'o5V8y1V1h_xEMsDZVejVm_ga0mV8',
    'to' => 'gh_f9b894563ef4',
    'time' => '1579498392',
    'type' => 'text',
    'scene' => 'business:5864a01773794135a05fba69901b7199',
    'redirection' => true,
    'source' => 'qr',
  ),
)

2020-01-20 13:33:13 response :
------------

2020-01-20 13:33:17 trace :
------------
String:
<xml><ToUserName><![CDATA[gh_f9b894563ef4]]></ToUserName>
<FromUserName><![CDATA[o5V8y1V1h_xEMsDZVejVm_ga0mV8]]></FromUserName>
<CreateTime>1579498397</CreateTime>
<MsgType><![CDATA[event]]></MsgType>
<Event><![CDATA[VIEW]]></Event>
<EventKey><![CDATA[http://www.boyufengmao.com/app/index.php?i=6&c=entry&m=ewei_shopv2&do=mobile]]></EventKey>
<MenuId>445261982</MenuId>
</xml>

2020-01-20 13:33:17 params :
------------
String:
array (
  'rule' => -2,
  'module' => '',
  'message' => 
  array (
    'tousername' => 'gh_f9b894563ef4',
    'fromusername' => 'o5V8y1V1h_xEMsDZVejVm_ga0mV8',
    'createtime' => '1579498397',
    'msgtype' => 'event',
    'event' => 'VIEW',
    'eventkey' => 'http://www.boyufengmao.com/app/index.php?i=6&c=entry&m=ewei_shopv2&do=mobile',
    'menuid' => '445261982',
    'from' => 'o5V8y1V1h_xEMsDZVejVm_ga0mV8',
    'to' => 'gh_f9b894563ef4',
    'time' => '1579498397',
    'type' => 'text',
    'content' => 'http://www.boyufengmao.com/app/index.php?i=6&c=entry&m=ewei_shopv2&do=mobile',
    'redirection' => true,
    'source' => 'VIEW',
  ),
)

2020-01-20 13:33:17 response :
------------

2020-01-20 13:34:36 trace :
------------
String:
<xml><ToUserName><![CDATA[gh_f9b894563ef4]]></ToUserName>
<FromUserName><![CDATA[o5V8y1V1h_xEMsDZVejVm_ga0mV8]]></FromUserName>
<CreateTime>1579498476</CreateTime>
<MsgType><![CDATA[event]]></MsgType>
<Event><![CDATA[unsubscribe]]></Event>
<EventKey><![CDATA[]]></EventKey>
</xml>

2020-01-20 13:37:02 trace :
------------
String:
<xml><ToUserName><![CDATA[gh_f7c52ee3e5f7]]></ToUserName>
<FromUserName><![CDATA[oANN2vyvmOP8wVXB6HmD_3clApW4]]></FromUserName>
<CreateTime>1579498622</CreateTime>
<MsgType><![CDATA[event]]></MsgType>
<Event><![CDATA[SCAN]]></Event>
<EventKey><![CDATA[4cfcb1a3955e39edad6c4a5879c0f6e2]]></EventKey>
<Ticket><![CDATA[gQGW8DwAAAAAAAAAAS5odHRwOi8vd2VpeGluLnFxLmNvbS9xLzAyeEkzU05KMGo5U18xMDAwMDAwN3cAAgRTcA9eAwQAAAAA]]></Ticket>
</xml>

2020-01-20 13:37:06 trace :
------------
String:
<xml><ToUserName><![CDATA[gh_f7c52ee3e5f7]]></ToUserName>
<FromUserName><![CDATA[oANN2vyvmOP8wVXB6HmD_3clApW4]]></FromUserName>
<CreateTime>1579498626</CreateTime>
<MsgType><![CDATA[event]]></MsgType>
<Event><![CDATA[VIEW]]></Event>
<EventKey><![CDATA[http://www.boyufengmao.com/app/index.php?i=11&c=entry&m=ewei_shopv2&do=mobile&r=member]]></EventKey>
<MenuId>490658363</MenuId>
</xml>

2020-01-20 13:37:06 params :
------------
String:
array (
  'rule' => -2,
  'module' => '',
  'message' => 
  array (
    'tousername' => 'gh_f7c52ee3e5f7',
    'fromusername' => 'oANN2vyvmOP8wVXB6HmD_3clApW4',
    'createtime' => '1579498626',
    'msgtype' => 'event',
    'event' => 'VIEW',
    'eventkey' => 'http://www.boyufengmao.com/app/index.php?i=11&c=entry&m=ewei_shopv2&do=mobile&r=member',
    'menuid' => '490658363',
    'from' => 'oANN2vyvmOP8wVXB6HmD_3clApW4',
    'to' => 'gh_f7c52ee3e5f7',
    'time' => '1579498626',
    'type' => 'text',
    'content' => 'http://www.boyufengmao.com/app/index.php?i=11&c=entry&m=ewei_shopv2&do=mobile&r=member',
    'redirection' => true,
    'source' => 'VIEW',
  ),
)

2020-01-20 13:37:06 response :
------------

2020-01-20 13:49:10 trace :
------------
String:
<xml><ToUserName><![CDATA[gh_f9b894563ef4]]></ToUserName>
<FromUserName><![CDATA[o5V8y1VasAeyavw6vhPjF3pkq7sg]]></FromUserName>
<CreateTime>1579499350</CreateTime>
<MsgType><![CDATA[event]]></MsgType>
<Event><![CDATA[subscribe]]></Event>
<EventKey><![CDATA[qrscene_business:5864a01773794135a05fba69901b7199]]></EventKey>
<Ticket><![CDATA[gQGj8DwAAAAAAAAAAS5odHRwOi8vd2VpeGluLnFxLmNvbS9xLzAyZ3RQMXQ5QnZjT2wxMDAwMHcwN2oAAgQPhH9cAwQAAAAA]]></Ticket>
</xml>

2020-01-20 13:49:10 params :
------------
String:
array (
  'rule' => -2,
  'module' => '',
  'message' => 
  array (
    'tousername' => 'gh_f9b894563ef4',
    'fromusername' => 'o5V8y1VasAeyavw6vhPjF3pkq7sg',
    'createtime' => '1579499350',
    'msgtype' => 'event',
    'event' => 'subscribe',
    'eventkey' => 'qrscene_business:5864a01773794135a05fba69901b7199',
    'ticket' => 'gQGj8DwAAAAAAAAAAS5odHRwOi8vd2VpeGluLnFxLmNvbS9xLzAyZ3RQMXQ5QnZjT2wxMDAwMHcwN2oAAgQPhH9cAwQAAAAA',
    'from' => 'o5V8y1VasAeyavw6vhPjF3pkq7sg',
    'to' => 'gh_f9b894563ef4',
    'time' => '1579499350',
    'type' => 'text',
    'scene' => 'business:5864a01773794135a05fba69901b7199',
    'redirection' => true,
    'source' => 'subscribe',
  ),
)

2020-01-20 13:49:10 response :
------------

2020-01-20 13:49:13 trace :
------------
String:
<xml><ToUserName><![CDATA[gh_f9b894563ef4]]></ToUserName>
<FromUserName><![CDATA[o5V8y1VasAeyavw6vhPjF3pkq7sg]]></FromUserName>
<CreateTime>1579499353</CreateTime>
<MsgType><![CDATA[event]]></MsgType>
<Event><![CDATA[VIEW]]></Event>
<EventKey><![CDATA[http://www.boyufengmao.com/app/index.php?i=6&c=entry&m=ewei_shopv2&do=mobile&r=diypage&id=35]]></EventKey>
<MenuId>445261982</MenuId>
</xml>

2020-01-20 13:49:13 params :
------------
String:
array (
  'rule' => -2,
  'module' => '',
  'message' => 
  array (
    'tousername' => 'gh_f9b894563ef4',
    'fromusername' => 'o5V8y1VasAeyavw6vhPjF3pkq7sg',
    'createtime' => '1579499353',
    'msgtype' => 'event',
    'event' => 'VIEW',
    'eventkey' => 'http://www.boyufengmao.com/app/index.php?i=6&c=entry&m=ewei_shopv2&do=mobile&r=diypage&id=35',
    'menuid' => '445261982',
    'from' => 'o5V8y1VasAeyavw6vhPjF3pkq7sg',
    'to' => 'gh_f9b894563ef4',
    'time' => '1579499353',
    'type' => 'text',
    'content' => 'http://www.boyufengmao.com/app/index.php?i=6&c=entry&m=ewei_shopv2&do=mobile&r=diypage&id=35',
    'redirection' => true,
    'source' => 'VIEW',
  ),
)

2020-01-20 13:49:13 response :
------------

2020-01-20 14:21:41 trace :
------------
String:
<xml><ToUserName><![CDATA[gh_f7c52ee3e5f7]]></ToUserName>
<FromUserName><![CDATA[oANN2v-75r6k3G9MvIf5HADQRupc]]></FromUserName>
<CreateTime>1579501300</CreateTime>
<MsgType><![CDATA[event]]></MsgType>
<Event><![CDATA[subscribe]]></Event>
<EventKey><![CDATA[qrscene_4cfcb1a3955e39edad6c4a5879c0f6e2]]></EventKey>
<Ticket><![CDATA[gQGW8DwAAAAAAAAAAS5odHRwOi8vd2VpeGluLnFxLmNvbS9xLzAyeEkzU05KMGo5U18xMDAwMDAwN3cAAgRTcA9eAwQAAAAA]]></Ticket>
</xml>

2020-01-20 14:21:43 trace :
------------
String:
<xml><ToUserName><![CDATA[gh_f7c52ee3e5f7]]></ToUserName>
<FromUserName><![CDATA[oANN2v-75r6k3G9MvIf5HADQRupc]]></FromUserName>
<CreateTime>1579501303</CreateTime>
<MsgType><![CDATA[event]]></MsgType>
<Event><![CDATA[VIEW]]></Event>
<EventKey><![CDATA[http://www.boyufengmao.com/app/index.php?i=11&c=entry&m=ewei_shopv2&do=mobile&r=member]]></EventKey>
<MenuId>490658363</MenuId>
</xml>

2020-01-20 14:21:43 params :
------------
String:
array (
  'rule' => -2,
  'module' => '',
  'message' => 
  array (
    'tousername' => 'gh_f7c52ee3e5f7',
    'fromusername' => 'oANN2v-75r6k3G9MvIf5HADQRupc',
    'createtime' => '1579501303',
    'msgtype' => 'event',
    'event' => 'VIEW',
    'eventkey' => 'http://www.boyufengmao.com/app/index.php?i=11&c=entry&m=ewei_shopv2&do=mobile&r=member',
    'menuid' => '490658363',
    'from' => 'oANN2v-75r6k3G9MvIf5HADQRupc',
    'to' => 'gh_f7c52ee3e5f7',
    'time' => '1579501303',
    'type' => 'text',
    'content' => 'http://www.boyufengmao.com/app/index.php?i=11&c=entry&m=ewei_shopv2&do=mobile&r=member',
    'redirection' => true,
    'source' => 'VIEW',
  ),
)

2020-01-20 14:21:43 response :
------------

2020-01-20 14:28:01 trace :
------------
String:
<xml><ToUserName><![CDATA[gh_f9b894563ef4]]></ToUserName>
<FromUserName><![CDATA[o5V8y1c0_t26UmlLXUGF5HFvJXDo]]></FromUserName>
<CreateTime>1579501681</CreateTime>
<MsgType><![CDATA[event]]></MsgType>
<Event><![CDATA[SCAN]]></Event>
<EventKey><![CDATA[business:5864a01773794135a05fba69901b7199]]></EventKey>
<Ticket><![CDATA[gQGj8DwAAAAAAAAAAS5odHRwOi8vd2VpeGluLnFxLmNvbS9xLzAyZ3RQMXQ5QnZjT2wxMDAwMHcwN2oAAgQPhH9cAwQAAAAA]]></Ticket>
</xml>

2020-01-20 14:28:01 params :
------------
String:
array (
  'rule' => -2,
  'module' => '',
  'message' => 
  array (
    'tousername' => 'gh_f9b894563ef4',
    'fromusername' => 'o5V8y1c0_t26UmlLXUGF5HFvJXDo',
    'createtime' => '1579501681',
    'msgtype' => 'event',
    'event' => 'SCAN',
    'eventkey' => 'business:5864a01773794135a05fba69901b7199',
    'ticket' => 'gQGj8DwAAAAAAAAAAS5odHRwOi8vd2VpeGluLnFxLmNvbS9xLzAyZ3RQMXQ5QnZjT2wxMDAwMHcwN2oAAgQPhH9cAwQAAAAA',
    'from' => 'o5V8y1c0_t26UmlLXUGF5HFvJXDo',
    'to' => 'gh_f9b894563ef4',
    'time' => '1579501681',
    'type' => 'text',
    'scene' => 'business:5864a01773794135a05fba69901b7199',
    'redirection' => true,
    'source' => 'qr',
  ),
)

2020-01-20 14:28:01 response :
------------

2020-01-20 15:28:29 trace :
------------
String:
<xml><ToUserName><![CDATA[gh_f7c52ee3e5f7]]></ToUserName>
<FromUserName><![CDATA[oANN2vyawVG1ya4v1o_ZCoOwtA4E]]></FromUserName>
<CreateTime>1579505309</CreateTime>
<MsgType><![CDATA[event]]></MsgType>
<Event><![CDATA[unsubscribe]]></Event>
<EventKey><![CDATA[]]></EventKey>
</xml>

2020-01-20 15:51:29 trace :
------------
String:
<xml><ToUserName><![CDATA[gh_f9b894563ef4]]></ToUserName>
<FromUserName><![CDATA[o5V8y1QzuTpyF07djDrS2IMi1T-Y]]></FromUserName>
<CreateTime>1579506688</CreateTime>
<MsgType><![CDATA[event]]></MsgType>
<Event><![CDATA[VIEW]]></Event>
<EventKey><![CDATA[http://www.boyufengmao.com/app/index.php?i=6&c=entry&m=ewei_shopv2&do=mobile&r=diypage&id=35]]></EventKey>
<MenuId>445261982</MenuId>
</xml>

2020-01-20 15:51:29 params :
------------
String:
array (
  'rule' => -2,
  'module' => '',
  'message' => 
  array (
    'tousername' => 'gh_f9b894563ef4',
    'fromusername' => 'o5V8y1QzuTpyF07djDrS2IMi1T-Y',
    'createtime' => '1579506688',
    'msgtype' => 'event',
    'event' => 'VIEW',
    'eventkey' => 'http://www.boyufengmao.com/app/index.php?i=6&c=entry&m=ewei_shopv2&do=mobile&r=diypage&id=35',
    'menuid' => '445261982',
    'from' => 'o5V8y1QzuTpyF07djDrS2IMi1T-Y',
    'to' => 'gh_f9b894563ef4',
    'time' => '1579506688',
    'type' => 'text',
    'content' => 'http://www.boyufengmao.com/app/index.php?i=6&c=entry&m=ewei_shopv2&do=mobile&r=diypage&id=35',
    'redirection' => true,
    'source' => 'VIEW',
  ),
)

2020-01-20 15:51:29 response :
------------

2020-01-20 15:51:59 trace :
------------
String:
<xml><ToUserName><![CDATA[gh_f9b894563ef4]]></ToUserName>
<FromUserName><![CDATA[o5V8y1QzuTpyF07djDrS2IMi1T-Y]]></FromUserName>
<CreateTime>1579506718</CreateTime>
<MsgType><![CDATA[event]]></MsgType>
<Event><![CDATA[VIEW]]></Event>
<EventKey><![CDATA[http://www.boyufengmao.com/app/index.php?i=6&c=entry&m=ewei_shopv2&do=mobile]]></EventKey>
<MenuId>445261982</MenuId>
</xml>

2020-01-20 15:51:59 params :
------------
String:
array (
  'rule' => -2,
  'module' => '',
  'message' => 
  array (
    'tousername' => 'gh_f9b894563ef4',
    'fromusername' => 'o5V8y1QzuTpyF07djDrS2IMi1T-Y',
    'createtime' => '1579506718',
    'msgtype' => 'event',
    'event' => 'VIEW',
    'eventkey' => 'http://www.boyufengmao.com/app/index.php?i=6&c=entry&m=ewei_shopv2&do=mobile',
    'menuid' => '445261982',
    'from' => 'o5V8y1QzuTpyF07djDrS2IMi1T-Y',
    'to' => 'gh_f9b894563ef4',
    'time' => '1579506718',
    'type' => 'text',
    'content' => 'http://www.boyufengmao.com/app/index.php?i=6&c=entry&m=ewei_shopv2&do=mobile',
    'redirection' => true,
    'source' => 'VIEW',
  ),
)

2020-01-20 15:51:59 response :
------------

2020-01-20 17:22:20 trace :
------------
String:
<xml><ToUserName><![CDATA[gh_f7c52ee3e5f7]]></ToUserName>
<FromUserName><![CDATA[oANN2vzqJsUlBJeuhd060aVEud-c]]></FromUserName>
<CreateTime>1579512140</CreateTime>
<MsgType><![CDATA[event]]></MsgType>
<Event><![CDATA[subscribe]]></Event>
<EventKey><![CDATA[qrscene_4cfcb1a3955e39edad6c4a5879c0f6e2]]></EventKey>
<Ticket><![CDATA[gQGW8DwAAAAAAAAAAS5odHRwOi8vd2VpeGluLnFxLmNvbS9xLzAyeEkzU05KMGo5U18xMDAwMDAwN3cAAgRTcA9eAwQAAAAA]]></Ticket>
</xml>

2020-01-20 17:22:28 trace :
------------
String:
<xml><ToUserName><![CDATA[gh_f7c52ee3e5f7]]></ToUserName>
<FromUserName><![CDATA[oANN2vzqJsUlBJeuhd060aVEud-c]]></FromUserName>
<CreateTime>1579512148</CreateTime>
<MsgType><![CDATA[event]]></MsgType>
<Event><![CDATA[VIEW]]></Event>
<EventKey><![CDATA[http://www.boyufengmao.com/app/index.php?i=11&c=entry&m=ewei_shopv2&do=mobile]]></EventKey>
<MenuId>490658363</MenuId>
</xml>

2020-01-20 17:22:28 params :
------------
String:
array (
  'rule' => -2,
  'module' => '',
  'message' => 
  array (
    'tousername' => 'gh_f7c52ee3e5f7',
    'fromusername' => 'oANN2vzqJsUlBJeuhd060aVEud-c',
    'createtime' => '1579512148',
    'msgtype' => 'event',
    'event' => 'VIEW',
    'eventkey' => 'http://www.boyufengmao.com/app/index.php?i=11&c=entry&m=ewei_shopv2&do=mobile',
    'menuid' => '490658363',
    'from' => 'oANN2vzqJsUlBJeuhd060aVEud-c',
    'to' => 'gh_f7c52ee3e5f7',
    'time' => '1579512148',
    'type' => 'text',
    'content' => 'http://www.boyufengmao.com/app/index.php?i=11&c=entry&m=ewei_shopv2&do=mobile',
    'redirection' => true,
    'source' => 'VIEW',
  ),
)

2020-01-20 17:22:28 response :
------------

2020-01-20 17:22:41 trace :
------------
String:
<xml><ToUserName><![CDATA[gh_f7c52ee3e5f7]]></ToUserName>
<FromUserName><![CDATA[oANN2vzqJsUlBJeuhd060aVEud-c]]></FromUserName>
<CreateTime>1579512161</CreateTime>
<MsgType><![CDATA[event]]></MsgType>
<Event><![CDATA[VIEW]]></Event>
<EventKey><![CDATA[http://www.boyufengmao.com/app/index.php?i=11&c=entry&m=ewei_shopv2&do=mobile]]></EventKey>
<MenuId>490658363</MenuId>
</xml>

2020-01-20 17:22:41 params :
------------
String:
array (
  'rule' => -2,
  'module' => '',
  'message' => 
  array (
    'tousername' => 'gh_f7c52ee3e5f7',
    'fromusername' => 'oANN2vzqJsUlBJeuhd060aVEud-c',
    'createtime' => '1579512161',
    'msgtype' => 'event',
    'event' => 'VIEW',
    'eventkey' => 'http://www.boyufengmao.com/app/index.php?i=11&c=entry&m=ewei_shopv2&do=mobile',
    'menuid' => '490658363',
    'from' => 'oANN2vzqJsUlBJeuhd060aVEud-c',
    'to' => 'gh_f7c52ee3e5f7',
    'time' => '1579512161',
    'type' => 'text',
    'content' => 'http://www.boyufengmao.com/app/index.php?i=11&c=entry&m=ewei_shopv2&do=mobile',
    'redirection' => true,
    'source' => 'VIEW',
  ),
)

2020-01-20 17:22:41 response :
------------

2020-01-20 18:43:18 trace :
------------
String:
<xml><ToUserName><![CDATA[gh_f9b894563ef4]]></ToUserName>
<FromUserName><![CDATA[o5V8y1UiQusNDtRGC2EFojVFPe7U]]></FromUserName>
<CreateTime>1579516998</CreateTime>
<MsgType><![CDATA[event]]></MsgType>
<Event><![CDATA[VIEW]]></Event>
<EventKey><![CDATA[http://www.boyufengmao.com/app/index.php?i=6&c=entry&m=ewei_shopv2&do=mobile]]></EventKey>
<MenuId>445261982</MenuId>
</xml>

2020-01-20 18:43:18 params :
------------
String:
array (
  'rule' => -2,
  'module' => '',
  'message' => 
  array (
    'tousername' => 'gh_f9b894563ef4',
    'fromusername' => 'o5V8y1UiQusNDtRGC2EFojVFPe7U',
    'createtime' => '1579516998',
    'msgtype' => 'event',
    'event' => 'VIEW',
    'eventkey' => 'http://www.boyufengmao.com/app/index.php?i=6&c=entry&m=ewei_shopv2&do=mobile',
    'menuid' => '445261982',
    'from' => 'o5V8y1UiQusNDtRGC2EFojVFPe7U',
    'to' => 'gh_f9b894563ef4',
    'time' => '1579516998',
    'type' => 'text',
    'content' => 'http://www.boyufengmao.com/app/index.php?i=6&c=entry&m=ewei_shopv2&do=mobile',
    'redirection' => true,
    'source' => 'VIEW',
  ),
)

2020-01-20 18:43:18 response :
------------

2020-01-20 18:49:34 trace :
------------
String:
<xml><ToUserName><![CDATA[gh_f9b894563ef4]]></ToUserName>
<FromUserName><![CDATA[o5V8y1cniBENKdHo4OWNrwb5uj9c]]></FromUserName>
<CreateTime>1579517374</CreateTime>
<MsgType><![CDATA[event]]></MsgType>
<Event><![CDATA[VIEW]]></Event>
<EventKey><![CDATA[http://www.boyufengmao.com/app/index.php?i=6&c=entry&m=ewei_shopv2&do=mobile&r=diypage&id=35]]></EventKey>
<MenuId>445261982</MenuId>
</xml>

2020-01-20 18:49:34 params :
------------
String:
array (
  'rule' => -2,
  'module' => '',
  'message' => 
  array (
    'tousername' => 'gh_f9b894563ef4',
    'fromusername' => 'o5V8y1cniBENKdHo4OWNrwb5uj9c',
    'createtime' => '1579517374',
    'msgtype' => 'event',
    'event' => 'VIEW',
    'eventkey' => 'http://www.boyufengmao.com/app/index.php?i=6&c=entry&m=ewei_shopv2&do=mobile&r=diypage&id=35',
    'menuid' => '445261982',
    'from' => 'o5V8y1cniBENKdHo4OWNrwb5uj9c',
    'to' => 'gh_f9b894563ef4',
    'time' => '1579517374',
    'type' => 'text',
    'content' => 'http://www.boyufengmao.com/app/index.php?i=6&c=entry&m=ewei_shopv2&do=mobile&r=diypage&id=35',
    'redirection' => true,
    'source' => 'VIEW',
  ),
)

2020-01-20 18:49:34 response :
------------

2020-01-20 19:25:03 trace :
------------
String:
<xml><ToUserName><![CDATA[gh_f9b894563ef4]]></ToUserName>
<FromUserName><![CDATA[o5V8y1ZN5QMvLZmUf7B3mg9dE41w]]></FromUserName>
<CreateTime>1579519503</CreateTime>
<MsgType><![CDATA[event]]></MsgType>
<Event><![CDATA[SCAN]]></Event>
<EventKey><![CDATA[business:5864a01773794135a05fba69901b7199]]></EventKey>
<Ticket><![CDATA[gQGj8DwAAAAAAAAAAS5odHRwOi8vd2VpeGluLnFxLmNvbS9xLzAyZ3RQMXQ5QnZjT2wxMDAwMHcwN2oAAgQPhH9cAwQAAAAA]]></Ticket>
</xml>

2020-01-20 19:25:03 params :
------------
String:
array (
  'rule' => -2,
  'module' => '',
  'message' => 
  array (
    'tousername' => 'gh_f9b894563ef4',
    'fromusername' => 'o5V8y1ZN5QMvLZmUf7B3mg9dE41w',
    'createtime' => '1579519503',
    'msgtype' => 'event',
    'event' => 'SCAN',
    'eventkey' => 'business:5864a01773794135a05fba69901b7199',
    'ticket' => 'gQGj8DwAAAAAAAAAAS5odHRwOi8vd2VpeGluLnFxLmNvbS9xLzAyZ3RQMXQ5QnZjT2wxMDAwMHcwN2oAAgQPhH9cAwQAAAAA',
    'from' => 'o5V8y1ZN5QMvLZmUf7B3mg9dE41w',
    'to' => 'gh_f9b894563ef4',
    'time' => '1579519503',
    'type' => 'text',
    'scene' => 'business:5864a01773794135a05fba69901b7199',
    'redirection' => true,
    'source' => 'qr',
  ),
)

2020-01-20 19:25:03 response :
------------

2020-01-20 19:25:10 trace :
------------
String:
<xml><ToUserName><![CDATA[gh_f9b894563ef4]]></ToUserName>
<FromUserName><![CDATA[o5V8y1ZN5QMvLZmUf7B3mg9dE41w]]></FromUserName>
<CreateTime>1579519510</CreateTime>
<MsgType><![CDATA[event]]></MsgType>
<Event><![CDATA[VIEW]]></Event>
<EventKey><![CDATA[http://www.boyufengmao.com/app/index.php?i=6&c=entry&m=ewei_shopv2&do=mobile]]></EventKey>
<MenuId>445261982</MenuId>
</xml>

2020-01-20 19:25:10 params :
------------
String:
array (
  'rule' => -2,
  'module' => '',
  'message' => 
  array (
    'tousername' => 'gh_f9b894563ef4',
    'fromusername' => 'o5V8y1ZN5QMvLZmUf7B3mg9dE41w',
    'createtime' => '1579519510',
    'msgtype' => 'event',
    'event' => 'VIEW',
    'eventkey' => 'http://www.boyufengmao.com/app/index.php?i=6&c=entry&m=ewei_shopv2&do=mobile',
    'menuid' => '445261982',
    'from' => 'o5V8y1ZN5QMvLZmUf7B3mg9dE41w',
    'to' => 'gh_f9b894563ef4',
    'time' => '1579519510',
    'type' => 'text',
    'content' => 'http://www.boyufengmao.com/app/index.php?i=6&c=entry&m=ewei_shopv2&do=mobile',
    'redirection' => true,
    'source' => 'VIEW',
  ),
)

2020-01-20 19:25:10 response :
------------

2020-01-20 19:25:32 trace :
------------
String:
<xml><ToUserName><![CDATA[gh_f9b894563ef4]]></ToUserName>
<FromUserName><![CDATA[o5V8y1b0nD5TZrRYhqNVvv6o_T1A]]></FromUserName>
<CreateTime>1579519532</CreateTime>
<MsgType><![CDATA[event]]></MsgType>
<Event><![CDATA[VIEW]]></Event>
<EventKey><![CDATA[http://www.boyufengmao.com/app/index.php?i=6&c=entry&m=ewei_shopv2&do=mobile&r=diypage&id=35]]></EventKey>
<MenuId>445261982</MenuId>
</xml>

2020-01-20 19:25:32 params :
------------
String:
array (
  'rule' => -2,
  'module' => '',
  'message' => 
  array (
    'tousername' => 'gh_f9b894563ef4',
    'fromusername' => 'o5V8y1b0nD5TZrRYhqNVvv6o_T1A',
    'createtime' => '1579519532',
    'msgtype' => 'event',
    'event' => 'VIEW',
    'eventkey' => 'http://www.boyufengmao.com/app/index.php?i=6&c=entry&m=ewei_shopv2&do=mobile&r=diypage&id=35',
    'menuid' => '445261982',
    'from' => 'o5V8y1b0nD5TZrRYhqNVvv6o_T1A',
    'to' => 'gh_f9b894563ef4',
    'time' => '1579519532',
    'type' => 'text',
    'content' => 'http://www.boyufengmao.com/app/index.php?i=6&c=entry&m=ewei_shopv2&do=mobile&r=diypage&id=35',
    'redirection' => true,
    'source' => 'VIEW',
  ),
)

2020-01-20 19:25:32 response :
------------

2020-01-20 19:25:47 trace :
------------
String:
<xml><ToUserName><![CDATA[gh_f9b894563ef4]]></ToUserName>
<FromUserName><![CDATA[o5V8y1b0nD5TZrRYhqNVvv6o_T1A]]></FromUserName>
<CreateTime>1579519547</CreateTime>
<MsgType><![CDATA[event]]></MsgType>
<Event><![CDATA[VIEW]]></Event>
<EventKey><![CDATA[http://www.boyufengmao.com/app/index.php?i=6&c=entry&m=ewei_shopv2&do=mobile&r=diypage&id=35]]></EventKey>
<MenuId>445261982</MenuId>
</xml>

2020-01-20 19:25:47 params :
------------
String:
array (
  'rule' => -2,
  'module' => '',
  'message' => 
  array (
    'tousername' => 'gh_f9b894563ef4',
    'fromusername' => 'o5V8y1b0nD5TZrRYhqNVvv6o_T1A',
    'createtime' => '1579519547',
    'msgtype' => 'event',
    'event' => 'VIEW',
    'eventkey' => 'http://www.boyufengmao.com/app/index.php?i=6&c=entry&m=ewei_shopv2&do=mobile&r=diypage&id=35',
    'menuid' => '445261982',
    'from' => 'o5V8y1b0nD5TZrRYhqNVvv6o_T1A',
    'to' => 'gh_f9b894563ef4',
    'time' => '1579519547',
    'type' => 'text',
    'content' => 'http://www.boyufengmao.com/app/index.php?i=6&c=entry&m=ewei_shopv2&do=mobile&r=diypage&id=35',
    'redirection' => true,
    'source' => 'VIEW',
  ),
)

2020-01-20 19:25:47 response :
------------

2020-01-20 19:32:18 trace :
------------
String:
<xml><ToUserName><![CDATA[gh_7b3d37846b75]]></ToUserName>
<FromUserName><![CDATA[oZ5PY1Jh2VkENVmJ3pwS3hLqVbBc]]></FromUserName>
<CreateTime>1579519938</CreateTime>
<MsgType><![CDATA[event]]></MsgType>
<Event><![CDATA[VIEW]]></Event>
<EventKey><![CDATA[http://www.boyufengmao.com/app/index.php?i=7&c=entry&m=ewei_shopv2&do=mobile&r=diypage&id=30]]></EventKey>
<MenuId>516312345</MenuId>
</xml>

2020-01-20 19:32:18 params :
------------
String:
array (
  'rule' => -2,
  'module' => '',
  'message' => 
  array (
    'tousername' => 'gh_7b3d37846b75',
    'fromusername' => 'oZ5PY1Jh2VkENVmJ3pwS3hLqVbBc',
    'createtime' => '1579519938',
    'msgtype' => 'event',
    'event' => 'VIEW',
    'eventkey' => 'http://www.boyufengmao.com/app/index.php?i=7&c=entry&m=ewei_shopv2&do=mobile&r=diypage&id=30',
    'menuid' => '516312345',
    'from' => 'oZ5PY1Jh2VkENVmJ3pwS3hLqVbBc',
    'to' => 'gh_7b3d37846b75',
    'time' => '1579519938',
    'type' => 'text',
    'content' => 'http://www.boyufengmao.com/app/index.php?i=7&c=entry&m=ewei_shopv2&do=mobile&r=diypage&id=30',
    'redirection' => true,
    'source' => 'VIEW',
  ),
)

2020-01-20 19:32:18 response :
------------

2020-01-20 19:44:17 trace :
------------
String:
<xml><ToUserName><![CDATA[gh_f9b894563ef4]]></ToUserName>
<FromUserName><![CDATA[o5V8y1Z5td7Dc96a-M3Fy9LtMwEY]]></FromUserName>
<CreateTime>1579520656</CreateTime>
<MsgType><![CDATA[event]]></MsgType>
<Event><![CDATA[VIEW]]></Event>
<EventKey><![CDATA[http://www.boyufengmao.com/app/index.php?i=6&c=entry&m=ewei_shopv2&do=mobile&r=diypage&id=35]]></EventKey>
<MenuId>445261982</MenuId>
</xml>

2020-01-20 19:44:17 params :
------------
String:
array (
  'rule' => -2,
  'module' => '',
  'message' => 
  array (
    'tousername' => 'gh_f9b894563ef4',
    'fromusername' => 'o5V8y1Z5td7Dc96a-M3Fy9LtMwEY',
    'createtime' => '1579520656',
    'msgtype' => 'event',
    'event' => 'VIEW',
    'eventkey' => 'http://www.boyufengmao.com/app/index.php?i=6&c=entry&m=ewei_shopv2&do=mobile&r=diypage&id=35',
    'menuid' => '445261982',
    'from' => 'o5V8y1Z5td7Dc96a-M3Fy9LtMwEY',
    'to' => 'gh_f9b894563ef4',
    'time' => '1579520656',
    'type' => 'text',
    'content' => 'http://www.boyufengmao.com/app/index.php?i=6&c=entry&m=ewei_shopv2&do=mobile&r=diypage&id=35',
    'redirection' => true,
    'source' => 'VIEW',
  ),
)

2020-01-20 19:44:17 response :
------------

2020-01-20 19:45:27 trace :
------------
String:
<xml><ToUserName><![CDATA[gh_f9b894563ef4]]></ToUserName>
<FromUserName><![CDATA[o5V8y1Z5td7Dc96a-M3Fy9LtMwEY]]></FromUserName>
<CreateTime>1579520727</CreateTime>
<MsgType><![CDATA[event]]></MsgType>
<Event><![CDATA[VIEW]]></Event>
<EventKey><![CDATA[http://www.boyufengmao.com/app/index.php?i=6&c=entry&m=ewei_shopv2&do=mobile&r=diypage&id=35]]></EventKey>
<MenuId>445261982</MenuId>
</xml>

2020-01-20 19:45:27 params :
------------
String:
array (
  'rule' => -2,
  'module' => '',
  'message' => 
  array (
    'tousername' => 'gh_f9b894563ef4',
    'fromusername' => 'o5V8y1Z5td7Dc96a-M3Fy9LtMwEY',
    'createtime' => '1579520727',
    'msgtype' => 'event',
    'event' => 'VIEW',
    'eventkey' => 'http://www.boyufengmao.com/app/index.php?i=6&c=entry&m=ewei_shopv2&do=mobile&r=diypage&id=35',
    'menuid' => '445261982',
    'from' => 'o5V8y1Z5td7Dc96a-M3Fy9LtMwEY',
    'to' => 'gh_f9b894563ef4',
    'time' => '1579520727',
    'type' => 'text',
    'content' => 'http://www.boyufengmao.com/app/index.php?i=6&c=entry&m=ewei_shopv2&do=mobile&r=diypage&id=35',
    'redirection' => true,
    'source' => 'VIEW',
  ),
)

2020-01-20 19:45:27 response :
------------

2020-01-20 19:46:19 trace :
------------
String:
<xml><ToUserName><![CDATA[gh_f9b894563ef4]]></ToUserName>
<FromUserName><![CDATA[o5V8y1Z5td7Dc96a-M3Fy9LtMwEY]]></FromUserName>
<CreateTime>1579520779</CreateTime>
<MsgType><![CDATA[event]]></MsgType>
<Event><![CDATA[VIEW]]></Event>
<EventKey><![CDATA[http://www.boyufengmao.com/app/index.php?i=6&c=entry&m=ewei_shopv2&do=mobile]]></EventKey>
<MenuId>445261982</MenuId>
</xml>

2020-01-20 19:46:19 params :
------------
String:
array (
  'rule' => -2,
  'module' => '',
  'message' => 
  array (
    'tousername' => 'gh_f9b894563ef4',
    'fromusername' => 'o5V8y1Z5td7Dc96a-M3Fy9LtMwEY',
    'createtime' => '1579520779',
    'msgtype' => 'event',
    'event' => 'VIEW',
    'eventkey' => 'http://www.boyufengmao.com/app/index.php?i=6&c=entry&m=ewei_shopv2&do=mobile',
    'menuid' => '445261982',
    'from' => 'o5V8y1Z5td7Dc96a-M3Fy9LtMwEY',
    'to' => 'gh_f9b894563ef4',
    'time' => '1579520779',
    'type' => 'text',
    'content' => 'http://www.boyufengmao.com/app/index.php?i=6&c=entry&m=ewei_shopv2&do=mobile',
    'redirection' => true,
    'source' => 'VIEW',
  ),
)

2020-01-20 19:46:19 response :
------------

2020-01-20 19:47:57 trace :
------------
String:
<xml><ToUserName><![CDATA[gh_f9b894563ef4]]></ToUserName>
<FromUserName><![CDATA[o5V8y1Z5td7Dc96a-M3Fy9LtMwEY]]></FromUserName>
<CreateTime>1579520877</CreateTime>
<MsgType><![CDATA[event]]></MsgType>
<Event><![CDATA[VIEW]]></Event>
<EventKey><![CDATA[http://www.boyufengmao.com/app/index.php?i=6&c=entry&m=ewei_shopv2&do=mobile]]></EventKey>
<MenuId>445261982</MenuId>
</xml>

2020-01-20 19:47:57 params :
------------
String:
array (
  'rule' => -2,
  'module' => '',
  'message' => 
  array (
    'tousername' => 'gh_f9b894563ef4',
    'fromusername' => 'o5V8y1Z5td7Dc96a-M3Fy9LtMwEY',
    'createtime' => '1579520877',
    'msgtype' => 'event',
    'event' => 'VIEW',
    'eventkey' => 'http://www.boyufengmao.com/app/index.php?i=6&c=entry&m=ewei_shopv2&do=mobile',
    'menuid' => '445261982',
    'from' => 'o5V8y1Z5td7Dc96a-M3Fy9LtMwEY',
    'to' => 'gh_f9b894563ef4',
    'time' => '1579520877',
    'type' => 'text',
    'content' => 'http://www.boyufengmao.com/app/index.php?i=6&c=entry&m=ewei_shopv2&do=mobile',
    'redirection' => true,
    'source' => 'VIEW',
  ),
)

2020-01-20 19:47:57 response :
------------

2020-01-20 20:02:17 trace :
------------
String:
<xml><ToUserName><![CDATA[gh_f9b894563ef4]]></ToUserName>
<FromUserName><![CDATA[o5V8y1RR1BGAS8VENMeyZFD6WD6o]]></FromUserName>
<CreateTime>1579521737</CreateTime>
<MsgType><![CDATA[event]]></MsgType>
<Event><![CDATA[TEMPLATESENDJOBFINISH]]></Event>
<MsgID>1173221763581362176</MsgID>
<Status><![CDATA[success]]></Status>
</xml>

2020-01-20 20:02:17 params :
------------
String:
array (
  'rule' => -2,
  'module' => '',
  'message' => 
  array (
    'tousername' => 'gh_f9b894563ef4',
    'fromusername' => 'o5V8y1RR1BGAS8VENMeyZFD6WD6o',
    'createtime' => '1579521737',
    'msgtype' => 'event',
    'event' => 'TEMPLATESENDJOBFINISH',
    'msgid' => '1173221763581362176',
    'status' => 'success',
    'from' => 'o5V8y1RR1BGAS8VENMeyZFD6WD6o',
    'to' => 'gh_f9b894563ef4',
    'time' => '1579521737',
    'type' => 'event',
  ),
)

2020-01-20 20:02:17 response :
------------

2020-01-20 20:13:38 trace :
------------
String:
<xml><ToUserName><![CDATA[gh_f9b894563ef4]]></ToUserName>
<FromUserName><![CDATA[o5V8y1aZyO00ybYi8FA0qHIu3FKo]]></FromUserName>
<CreateTime>1579522418</CreateTime>
<MsgType><![CDATA[event]]></MsgType>
<Event><![CDATA[SCAN]]></Event>
<EventKey><![CDATA[business:5864a01773794135a05fba69901b7199]]></EventKey>
<Ticket><![CDATA[gQGj8DwAAAAAAAAAAS5odHRwOi8vd2VpeGluLnFxLmNvbS9xLzAyZ3RQMXQ5QnZjT2wxMDAwMHcwN2oAAgQPhH9cAwQAAAAA]]></Ticket>
</xml>

2020-01-20 20:13:38 params :
------------
String:
array (
  'rule' => -2,
  'module' => '',
  'message' => 
  array (
    'tousername' => 'gh_f9b894563ef4',
    'fromusername' => 'o5V8y1aZyO00ybYi8FA0qHIu3FKo',
    'createtime' => '1579522418',
    'msgtype' => 'event',
    'event' => 'SCAN',
    'eventkey' => 'business:5864a01773794135a05fba69901b7199',
    'ticket' => 'gQGj8DwAAAAAAAAAAS5odHRwOi8vd2VpeGluLnFxLmNvbS9xLzAyZ3RQMXQ5QnZjT2wxMDAwMHcwN2oAAgQPhH9cAwQAAAAA',
    'from' => 'o5V8y1aZyO00ybYi8FA0qHIu3FKo',
    'to' => 'gh_f9b894563ef4',
    'time' => '1579522418',
    'type' => 'text',
    'scene' => 'business:5864a01773794135a05fba69901b7199',
    'redirection' => true,
    'source' => 'qr',
  ),
)

2020-01-20 20:13:38 response :
------------

2020-01-20 20:13:42 trace :
------------
String:
<xml><ToUserName><![CDATA[gh_f9b894563ef4]]></ToUserName>
<FromUserName><![CDATA[o5V8y1aZyO00ybYi8FA0qHIu3FKo]]></FromUserName>
<CreateTime>1579522422</CreateTime>
<MsgType><![CDATA[event]]></MsgType>
<Event><![CDATA[VIEW]]></Event>
<EventKey><![CDATA[http://www.boyufengmao.com/app/index.php?i=6&c=entry&m=ewei_shopv2&do=mobile]]></EventKey>
<MenuId>445261982</MenuId>
</xml>

2020-01-20 20:13:42 params :
------------
String:
array (
  'rule' => -2,
  'module' => '',
  'message' => 
  array (
    'tousername' => 'gh_f9b894563ef4',
    'fromusername' => 'o5V8y1aZyO00ybYi8FA0qHIu3FKo',
    'createtime' => '1579522422',
    'msgtype' => 'event',
    'event' => 'VIEW',
    'eventkey' => 'http://www.boyufengmao.com/app/index.php?i=6&c=entry&m=ewei_shopv2&do=mobile',
    'menuid' => '445261982',
    'from' => 'o5V8y1aZyO00ybYi8FA0qHIu3FKo',
    'to' => 'gh_f9b894563ef4',
    'time' => '1579522422',
    'type' => 'text',
    'content' => 'http://www.boyufengmao.com/app/index.php?i=6&c=entry&m=ewei_shopv2&do=mobile',
    'redirection' => true,
    'source' => 'VIEW',
  ),
)

2020-01-20 20:13:42 response :
------------

2020-01-20 20:19:04 trace :
------------
String:
<xml><ToUserName><![CDATA[gh_f9b894563ef4]]></ToUserName>
<FromUserName><![CDATA[o5V8y1eqVxMMby5QoyzNjJ6npF_Y]]></FromUserName>
<CreateTime>1579522744</CreateTime>
<MsgType><![CDATA[event]]></MsgType>
<Event><![CDATA[VIEW]]></Event>
<EventKey><![CDATA[http://www.boyufengmao.com/app/index.php?i=6&c=entry&m=ewei_shopv2&do=mobile&r=diypage&id=35]]></EventKey>
<MenuId>445261982</MenuId>
</xml>

2020-01-20 20:19:04 params :
------------
String:
array (
  'rule' => -2,
  'module' => '',
  'message' => 
  array (
    'tousername' => 'gh_f9b894563ef4',
    'fromusername' => 'o5V8y1eqVxMMby5QoyzNjJ6npF_Y',
    'createtime' => '1579522744',
    'msgtype' => 'event',
    'event' => 'VIEW',
    'eventkey' => 'http://www.boyufengmao.com/app/index.php?i=6&c=entry&m=ewei_shopv2&do=mobile&r=diypage&id=35',
    'menuid' => '445261982',
    'from' => 'o5V8y1eqVxMMby5QoyzNjJ6npF_Y',
    'to' => 'gh_f9b894563ef4',
    'time' => '1579522744',
    'type' => 'text',
    'content' => 'http://www.boyufengmao.com/app/index.php?i=6&c=entry&m=ewei_shopv2&do=mobile&r=diypage&id=35',
    'redirection' => true,
    'source' => 'VIEW',
  ),
)

2020-01-20 20:19:04 response :
------------

2020-01-20 20:22:15 trace :
------------
String:
<xml><ToUserName><![CDATA[gh_f9b894563ef4]]></ToUserName>
<FromUserName><![CDATA[o5V8y1WsrBfLGc3zpaQosSxpmrms]]></FromUserName>
<CreateTime>1579522935</CreateTime>
<MsgType><![CDATA[event]]></MsgType>
<Event><![CDATA[SCAN]]></Event>
<EventKey><![CDATA[business:5864a01773794135a05fba69901b7199]]></EventKey>
<Ticket><![CDATA[gQGj8DwAAAAAAAAAAS5odHRwOi8vd2VpeGluLnFxLmNvbS9xLzAyZ3RQMXQ5QnZjT2wxMDAwMHcwN2oAAgQPhH9cAwQAAAAA]]></Ticket>
</xml>

2020-01-20 20:22:15 params :
------------
String:
array (
  'rule' => -2,
  'module' => '',
  'message' => 
  array (
    'tousername' => 'gh_f9b894563ef4',
    'fromusername' => 'o5V8y1WsrBfLGc3zpaQosSxpmrms',
    'createtime' => '1579522935',
    'msgtype' => 'event',
    'event' => 'SCAN',
    'eventkey' => 'business:5864a01773794135a05fba69901b7199',
    'ticket' => 'gQGj8DwAAAAAAAAAAS5odHRwOi8vd2VpeGluLnFxLmNvbS9xLzAyZ3RQMXQ5QnZjT2wxMDAwMHcwN2oAAgQPhH9cAwQAAAAA',
    'from' => 'o5V8y1WsrBfLGc3zpaQosSxpmrms',
    'to' => 'gh_f9b894563ef4',
    'time' => '1579522935',
    'type' => 'text',
    'scene' => 'business:5864a01773794135a05fba69901b7199',
    'redirection' => true,
    'source' => 'qr',
  ),
)

2020-01-20 20:22:15 response :
------------

2020-01-20 20:22:19 trace :
------------
String:
<xml><ToUserName><![CDATA[gh_f9b894563ef4]]></ToUserName>
<FromUserName><![CDATA[o5V8y1WsrBfLGc3zpaQosSxpmrms]]></FromUserName>
<CreateTime>1579522939</CreateTime>
<MsgType><![CDATA[event]]></MsgType>
<Event><![CDATA[VIEW]]></Event>
<EventKey><![CDATA[http://www.boyufengmao.com/app/index.php?i=6&c=entry&m=ewei_shopv2&do=mobile&r=diypage&id=35]]></EventKey>
<MenuId>445261982</MenuId>
</xml>

2020-01-20 20:22:19 params :
------------
String:
array (
  'rule' => -2,
  'module' => '',
  'message' => 
  array (
    'tousername' => 'gh_f9b894563ef4',
    'fromusername' => 'o5V8y1WsrBfLGc3zpaQosSxpmrms',
    'createtime' => '1579522939',
    'msgtype' => 'event',
    'event' => 'VIEW',
    'eventkey' => 'http://www.boyufengmao.com/app/index.php?i=6&c=entry&m=ewei_shopv2&do=mobile&r=diypage&id=35',
    'menuid' => '445261982',
    'from' => 'o5V8y1WsrBfLGc3zpaQosSxpmrms',
    'to' => 'gh_f9b894563ef4',
    'time' => '1579522939',
    'type' => 'text',
    'content' => 'http://www.boyufengmao.com/app/index.php?i=6&c=entry&m=ewei_shopv2&do=mobile&r=diypage&id=35',
    'redirection' => true,
    'source' => 'VIEW',
  ),
)

2020-01-20 20:22:19 response :
------------

2020-01-20 20:22:30 trace :
------------
String:
<xml><ToUserName><![CDATA[gh_f9b894563ef4]]></ToUserName>
<FromUserName><![CDATA[o5V8y1WsrBfLGc3zpaQosSxpmrms]]></FromUserName>
<CreateTime>1579522950</CreateTime>
<MsgType><![CDATA[event]]></MsgType>
<Event><![CDATA[VIEW]]></Event>
<EventKey><![CDATA[http://www.boyufengmao.com/app/index.php?i=6&c=entry&m=ewei_shopv2&do=mobile]]></EventKey>
<MenuId>445261982</MenuId>
</xml>

2020-01-20 20:22:30 params :
------------
String:
array (
  'rule' => -2,
  'module' => '',
  'message' => 
  array (
    'tousername' => 'gh_f9b894563ef4',
    'fromusername' => 'o5V8y1WsrBfLGc3zpaQosSxpmrms',
    'createtime' => '1579522950',
    'msgtype' => 'event',
    'event' => 'VIEW',
    'eventkey' => 'http://www.boyufengmao.com/app/index.php?i=6&c=entry&m=ewei_shopv2&do=mobile',
    'menuid' => '445261982',
    'from' => 'o5V8y1WsrBfLGc3zpaQosSxpmrms',
    'to' => 'gh_f9b894563ef4',
    'time' => '1579522950',
    'type' => 'text',
    'content' => 'http://www.boyufengmao.com/app/index.php?i=6&c=entry&m=ewei_shopv2&do=mobile',
    'redirection' => true,
    'source' => 'VIEW',
  ),
)

2020-01-20 20:22:30 response :
------------

2020-01-20 21:05:36 trace :
------------
String:
<xml><ToUserName><![CDATA[gh_f9b894563ef4]]></ToUserName>
<FromUserName><![CDATA[o5V8y1dmDZe5wSJMbfbss_nDsb7E]]></FromUserName>
<CreateTime>1579525536</CreateTime>
<MsgType><![CDATA[event]]></MsgType>
<Event><![CDATA[subscribe]]></Event>
<EventKey><![CDATA[qrscene_business:5864a01773794135a05fba69901b7199]]></EventKey>
<Ticket><![CDATA[gQGj8DwAAAAAAAAAAS5odHRwOi8vd2VpeGluLnFxLmNvbS9xLzAyZ3RQMXQ5QnZjT2wxMDAwMHcwN2oAAgQPhH9cAwQAAAAA]]></Ticket>
</xml>

2020-01-20 21:05:36 params :
------------
String:
array (
  'rule' => -2,
  'module' => '',
  'message' => 
  array (
    'tousername' => 'gh_f9b894563ef4',
    'fromusername' => 'o5V8y1dmDZe5wSJMbfbss_nDsb7E',
    'createtime' => '1579525536',
    'msgtype' => 'event',
    'event' => 'subscribe',
    'eventkey' => 'qrscene_business:5864a01773794135a05fba69901b7199',
    'ticket' => 'gQGj8DwAAAAAAAAAAS5odHRwOi8vd2VpeGluLnFxLmNvbS9xLzAyZ3RQMXQ5QnZjT2wxMDAwMHcwN2oAAgQPhH9cAwQAAAAA',
    'from' => 'o5V8y1dmDZe5wSJMbfbss_nDsb7E',
    'to' => 'gh_f9b894563ef4',
    'time' => '1579525536',
    'type' => 'text',
    'scene' => 'business:5864a01773794135a05fba69901b7199',
    'redirection' => true,
    'source' => 'subscribe',
  ),
)

2020-01-20 21:05:36 response :
------------

2020-01-20 21:05:38 trace :
------------
String:
<xml><ToUserName><![CDATA[gh_f9b894563ef4]]></ToUserName>
<FromUserName><![CDATA[o5V8y1dmDZe5wSJMbfbss_nDsb7E]]></FromUserName>
<CreateTime>1579525538</CreateTime>
<MsgType><![CDATA[event]]></MsgType>
<Event><![CDATA[VIEW]]></Event>
<EventKey><![CDATA[http://www.boyufengmao.com/app/index.php?i=6&c=entry&m=ewei_shopv2&do=mobile]]></EventKey>
<MenuId>445261982</MenuId>
</xml>

2020-01-20 21:05:38 params :
------------
String:
array (
  'rule' => -2,
  'module' => '',
  'message' => 
  array (
    'tousername' => 'gh_f9b894563ef4',
    'fromusername' => 'o5V8y1dmDZe5wSJMbfbss_nDsb7E',
    'createtime' => '1579525538',
    'msgtype' => 'event',
    'event' => 'VIEW',
    'eventkey' => 'http://www.boyufengmao.com/app/index.php?i=6&c=entry&m=ewei_shopv2&do=mobile',
    'menuid' => '445261982',
    'from' => 'o5V8y1dmDZe5wSJMbfbss_nDsb7E',
    'to' => 'gh_f9b894563ef4',
    'time' => '1579525538',
    'type' => 'text',
    'content' => 'http://www.boyufengmao.com/app/index.php?i=6&c=entry&m=ewei_shopv2&do=mobile',
    'redirection' => true,
    'source' => 'VIEW',
  ),
)

2020-01-20 21:05:38 response :
------------

2020-01-20 21:07:31 trace :
------------
String:
<xml><ToUserName><![CDATA[gh_f9b894563ef4]]></ToUserName>
<FromUserName><![CDATA[o5V8y1dmDZe5wSJMbfbss_nDsb7E]]></FromUserName>
<CreateTime>1579525651</CreateTime>
<MsgType><![CDATA[event]]></MsgType>
<Event><![CDATA[VIEW]]></Event>
<EventKey><![CDATA[http://www.boyufengmao.com/app/index.php?i=6&c=entry&m=ewei_shopv2&do=mobile&r=diypage&id=35]]></EventKey>
<MenuId>445261982</MenuId>
</xml>

2020-01-20 21:07:31 params :
------------
String:
array (
  'rule' => -2,
  'module' => '',
  'message' => 
  array (
    'tousername' => 'gh_f9b894563ef4',
    'fromusername' => 'o5V8y1dmDZe5wSJMbfbss_nDsb7E',
    'createtime' => '1579525651',
    'msgtype' => 'event',
    'event' => 'VIEW',
    'eventkey' => 'http://www.boyufengmao.com/app/index.php?i=6&c=entry&m=ewei_shopv2&do=mobile&r=diypage&id=35',
    'menuid' => '445261982',
    'from' => 'o5V8y1dmDZe5wSJMbfbss_nDsb7E',
    'to' => 'gh_f9b894563ef4',
    'time' => '1579525651',
    'type' => 'text',
    'content' => 'http://www.boyufengmao.com/app/index.php?i=6&c=entry&m=ewei_shopv2&do=mobile&r=diypage&id=35',
    'redirection' => true,
    'source' => 'VIEW',
  ),
)

2020-01-20 21:07:31 response :
------------

2020-01-20 21:20:49 trace :
------------
String:
<xml><ToUserName><![CDATA[gh_f9b894563ef4]]></ToUserName>
<FromUserName><![CDATA[o5V8y1e4dyfBjdXOD2ZHwD_zZJBk]]></FromUserName>
<CreateTime>1579526449</CreateTime>
<MsgType><![CDATA[event]]></MsgType>
<Event><![CDATA[VIEW]]></Event>
<EventKey><![CDATA[http://www.boyufengmao.com/app/index.php?i=6&c=entry&m=ewei_shopv2&do=mobile&r=diypage&id=35]]></EventKey>
<MenuId>445261982</MenuId>
</xml>

2020-01-20 21:20:49 params :
------------
String:
array (
  'rule' => -2,
  'module' => '',
  'message' => 
  array (
    'tousername' => 'gh_f9b894563ef4',
    'fromusername' => 'o5V8y1e4dyfBjdXOD2ZHwD_zZJBk',
    'createtime' => '1579526449',
    'msgtype' => 'event',
    'event' => 'VIEW',
    'eventkey' => 'http://www.boyufengmao.com/app/index.php?i=6&c=entry&m=ewei_shopv2&do=mobile&r=diypage&id=35',
    'menuid' => '445261982',
    'from' => 'o5V8y1e4dyfBjdXOD2ZHwD_zZJBk',
    'to' => 'gh_f9b894563ef4',
    'time' => '1579526449',
    'type' => 'text',
    'content' => 'http://www.boyufengmao.com/app/index.php?i=6&c=entry&m=ewei_shopv2&do=mobile&r=diypage&id=35',
    'redirection' => true,
    'source' => 'VIEW',
  ),
)

2020-01-20 21:20:49 response :
------------

2020-01-20 21:21:57 trace :
------------
String:
<xml><ToUserName><![CDATA[gh_f9b894563ef4]]></ToUserName>
<FromUserName><![CDATA[o5V8y1e4dyfBjdXOD2ZHwD_zZJBk]]></FromUserName>
<CreateTime>1579526517</CreateTime>
<MsgType><![CDATA[event]]></MsgType>
<Event><![CDATA[VIEW]]></Event>
<EventKey><![CDATA[http://www.boyufengmao.com/app/index.php?i=6&c=entry&m=ewei_shopv2&do=mobile&r=diypage&id=35]]></EventKey>
<MenuId>445261982</MenuId>
</xml>

2020-01-20 21:21:57 params :
------------
String:
array (
  'rule' => -2,
  'module' => '',
  'message' => 
  array (
    'tousername' => 'gh_f9b894563ef4',
    'fromusername' => 'o5V8y1e4dyfBjdXOD2ZHwD_zZJBk',
    'createtime' => '1579526517',
    'msgtype' => 'event',
    'event' => 'VIEW',
    'eventkey' => 'http://www.boyufengmao.com/app/index.php?i=6&c=entry&m=ewei_shopv2&do=mobile&r=diypage&id=35',
    'menuid' => '445261982',
    'from' => 'o5V8y1e4dyfBjdXOD2ZHwD_zZJBk',
    'to' => 'gh_f9b894563ef4',
    'time' => '1579526517',
    'type' => 'text',
    'content' => 'http://www.boyufengmao.com/app/index.php?i=6&c=entry&m=ewei_shopv2&do=mobile&r=diypage&id=35',
    'redirection' => true,
    'source' => 'VIEW',
  ),
)

2020-01-20 21:21:57 response :
------------

2020-01-20 21:22:14 trace :
------------
String:
<xml><ToUserName><![CDATA[gh_f9b894563ef4]]></ToUserName>
<FromUserName><![CDATA[o5V8y1e4dyfBjdXOD2ZHwD_zZJBk]]></FromUserName>
<CreateTime>1579526534</CreateTime>
<MsgType><![CDATA[event]]></MsgType>
<Event><![CDATA[VIEW]]></Event>
<EventKey><![CDATA[http://www.boyufengmao.com/app/index.php?i=6&c=entry&m=ewei_shopv2&do=mobile&r=diypage&id=35]]></EventKey>
<MenuId>445261982</MenuId>
</xml>

2020-01-20 21:22:14 params :
------------
String:
array (
  'rule' => -2,
  'module' => '',
  'message' => 
  array (
    'tousername' => 'gh_f9b894563ef4',
    'fromusername' => 'o5V8y1e4dyfBjdXOD2ZHwD_zZJBk',
    'createtime' => '1579526534',
    'msgtype' => 'event',
    'event' => 'VIEW',
    'eventkey' => 'http://www.boyufengmao.com/app/index.php?i=6&c=entry&m=ewei_shopv2&do=mobile&r=diypage&id=35',
    'menuid' => '445261982',
    'from' => 'o5V8y1e4dyfBjdXOD2ZHwD_zZJBk',
    'to' => 'gh_f9b894563ef4',
    'time' => '1579526534',
    'type' => 'text',
    'content' => 'http://www.boyufengmao.com/app/index.php?i=6&c=entry&m=ewei_shopv2&do=mobile&r=diypage&id=35',
    'redirection' => true,
    'source' => 'VIEW',
  ),
)

2020-01-20 21:22:14 response :
------------

2020-01-20 21:23:36 trace :
------------
String:
<xml><ToUserName><![CDATA[gh_f9b894563ef4]]></ToUserName>
<FromUserName><![CDATA[o5V8y1e4dyfBjdXOD2ZHwD_zZJBk]]></FromUserName>
<CreateTime>1579526616</CreateTime>
<MsgType><![CDATA[event]]></MsgType>
<Event><![CDATA[VIEW]]></Event>
<EventKey><![CDATA[http://www.boyufengmao.com/app/index.php?i=6&c=entry&m=ewei_shopv2&do=mobile]]></EventKey>
<MenuId>445261982</MenuId>
</xml>

2020-01-20 21:23:36 params :
------------
String:
array (
  'rule' => -2,
  'module' => '',
  'message' => 
  array (
    'tousername' => 'gh_f9b894563ef4',
    'fromusername' => 'o5V8y1e4dyfBjdXOD2ZHwD_zZJBk',
    'createtime' => '1579526616',
    'msgtype' => 'event',
    'event' => 'VIEW',
    'eventkey' => 'http://www.boyufengmao.com/app/index.php?i=6&c=entry&m=ewei_shopv2&do=mobile',
    'menuid' => '445261982',
    'from' => 'o5V8y1e4dyfBjdXOD2ZHwD_zZJBk',
    'to' => 'gh_f9b894563ef4',
    'time' => '1579526616',
    'type' => 'text',
    'content' => 'http://www.boyufengmao.com/app/index.php?i=6&c=entry&m=ewei_shopv2&do=mobile',
    'redirection' => true,
    'source' => 'VIEW',
  ),
)

2020-01-20 21:23:36 response :
------------

2020-01-20 21:23:38 trace :
------------
String:
<xml><ToUserName><![CDATA[gh_f9b894563ef4]]></ToUserName>
<FromUserName><![CDATA[o5V8y1e4dyfBjdXOD2ZHwD_zZJBk]]></FromUserName>
<CreateTime>1579526618</CreateTime>
<MsgType><![CDATA[event]]></MsgType>
<Event><![CDATA[VIEW]]></Event>
<EventKey><![CDATA[http://www.boyufengmao.com/app/index.php?i=6&c=entry&m=ewei_shopv2&do=mobile&r=diypage&id=35]]></EventKey>
<MenuId>445261982</MenuId>
</xml>

2020-01-20 21:23:38 params :
------------
String:
array (
  'rule' => -2,
  'module' => '',
  'message' => 
  array (
    'tousername' => 'gh_f9b894563ef4',
    'fromusername' => 'o5V8y1e4dyfBjdXOD2ZHwD_zZJBk',
    'createtime' => '1579526618',
    'msgtype' => 'event',
    'event' => 'VIEW',
    'eventkey' => 'http://www.boyufengmao.com/app/index.php?i=6&c=entry&m=ewei_shopv2&do=mobile&r=diypage&id=35',
    'menuid' => '445261982',
    'from' => 'o5V8y1e4dyfBjdXOD2ZHwD_zZJBk',
    'to' => 'gh_f9b894563ef4',
    'time' => '1579526618',
    'type' => 'text',
    'content' => 'http://www.boyufengmao.com/app/index.php?i=6&c=entry&m=ewei_shopv2&do=mobile&r=diypage&id=35',
    'redirection' => true,
    'source' => 'VIEW',
  ),
)

2020-01-20 21:23:38 response :
------------

2020-01-20 21:28:39 trace :
------------
String:
<xml><ToUserName><![CDATA[gh_f9b894563ef4]]></ToUserName>
<FromUserName><![CDATA[o5V8y1UV4aWd-8r3rAR0nk2XjiiI]]></FromUserName>
<CreateTime>1579526919</CreateTime>
<MsgType><![CDATA[event]]></MsgType>
<Event><![CDATA[SCAN]]></Event>
<EventKey><![CDATA[business:5864a01773794135a05fba69901b7199]]></EventKey>
<Ticket><![CDATA[gQGj8DwAAAAAAAAAAS5odHRwOi8vd2VpeGluLnFxLmNvbS9xLzAyZ3RQMXQ5QnZjT2wxMDAwMHcwN2oAAgQPhH9cAwQAAAAA]]></Ticket>
</xml>

2020-01-20 21:28:39 params :
------------
String:
array (
  'rule' => -2,
  'module' => '',
  'message' => 
  array (
    'tousername' => 'gh_f9b894563ef4',
    'fromusername' => 'o5V8y1UV4aWd-8r3rAR0nk2XjiiI',
    'createtime' => '1579526919',
    'msgtype' => 'event',
    'event' => 'SCAN',
    'eventkey' => 'business:5864a01773794135a05fba69901b7199',
    'ticket' => 'gQGj8DwAAAAAAAAAAS5odHRwOi8vd2VpeGluLnFxLmNvbS9xLzAyZ3RQMXQ5QnZjT2wxMDAwMHcwN2oAAgQPhH9cAwQAAAAA',
    'from' => 'o5V8y1UV4aWd-8r3rAR0nk2XjiiI',
    'to' => 'gh_f9b894563ef4',
    'time' => '1579526919',
    'type' => 'text',
    'scene' => 'business:5864a01773794135a05fba69901b7199',
    'redirection' => true,
    'source' => 'qr',
  ),
)

2020-01-20 21:28:39 response :
------------

2020-01-20 21:28:44 trace :
------------
String:
<xml><ToUserName><![CDATA[gh_f9b894563ef4]]></ToUserName>
<FromUserName><![CDATA[o5V8y1UV4aWd-8r3rAR0nk2XjiiI]]></FromUserName>
<CreateTime>1579526923</CreateTime>
<MsgType><![CDATA[event]]></MsgType>
<Event><![CDATA[VIEW]]></Event>
<EventKey><![CDATA[http://www.boyufengmao.com/app/index.php?i=6&c=entry&m=ewei_shopv2&do=mobile]]></EventKey>
<MenuId>445261982</MenuId>
</xml>

2020-01-20 21:28:44 params :
------------
String:
array (
  'rule' => -2,
  'module' => '',
  'message' => 
  array (
    'tousername' => 'gh_f9b894563ef4',
    'fromusername' => 'o5V8y1UV4aWd-8r3rAR0nk2XjiiI',
    'createtime' => '1579526923',
    'msgtype' => 'event',
    'event' => 'VIEW',
    'eventkey' => 'http://www.boyufengmao.com/app/index.php?i=6&c=entry&m=ewei_shopv2&do=mobile',
    'menuid' => '445261982',
    'from' => 'o5V8y1UV4aWd-8r3rAR0nk2XjiiI',
    'to' => 'gh_f9b894563ef4',
    'time' => '1579526923',
    'type' => 'text',
    'content' => 'http://www.boyufengmao.com/app/index.php?i=6&c=entry&m=ewei_shopv2&do=mobile',
    'redirection' => true,
    'source' => 'VIEW',
  ),
)

2020-01-20 21:28:44 response :
------------

2020-01-20 21:28:56 trace :
------------
String:
<xml><ToUserName><![CDATA[gh_f9b894563ef4]]></ToUserName>
<FromUserName><![CDATA[o5V8y1UV4aWd-8r3rAR0nk2XjiiI]]></FromUserName>
<CreateTime>1579526936</CreateTime>
<MsgType><![CDATA[event]]></MsgType>
<Event><![CDATA[VIEW]]></Event>
<EventKey><![CDATA[http://www.boyufengmao.com/app/index.php?i=6&c=entry&m=ewei_shopv2&do=mobile]]></EventKey>
<MenuId>445261982</MenuId>
</xml>

2020-01-20 21:28:56 params :
------------
String:
array (
  'rule' => -2,
  'module' => '',
  'message' => 
  array (
    'tousername' => 'gh_f9b894563ef4',
    'fromusername' => 'o5V8y1UV4aWd-8r3rAR0nk2XjiiI',
    'createtime' => '1579526936',
    'msgtype' => 'event',
    'event' => 'VIEW',
    'eventkey' => 'http://www.boyufengmao.com/app/index.php?i=6&c=entry&m=ewei_shopv2&do=mobile',
    'menuid' => '445261982',
    'from' => 'o5V8y1UV4aWd-8r3rAR0nk2XjiiI',
    'to' => 'gh_f9b894563ef4',
    'time' => '1579526936',
    'type' => 'text',
    'content' => 'http://www.boyufengmao.com/app/index.php?i=6&c=entry&m=ewei_shopv2&do=mobile',
    'redirection' => true,
    'source' => 'VIEW',
  ),
)

2020-01-20 21:28:56 response :
------------

2020-01-20 21:35:11 trace :
------------
String:
<xml><ToUserName><![CDATA[gh_f9b894563ef4]]></ToUserName>
<FromUserName><![CDATA[o5V8y1cHMWwE0J5GALNZcQinrmkA]]></FromUserName>
<CreateTime>1579527311</CreateTime>
<MsgType><![CDATA[event]]></MsgType>
<Event><![CDATA[SCAN]]></Event>
<EventKey><![CDATA[business:5864a01773794135a05fba69901b7199]]></EventKey>
<Ticket><![CDATA[gQGj8DwAAAAAAAAAAS5odHRwOi8vd2VpeGluLnFxLmNvbS9xLzAyZ3RQMXQ5QnZjT2wxMDAwMHcwN2oAAgQPhH9cAwQAAAAA]]></Ticket>
</xml>

2020-01-20 21:35:11 params :
------------
String:
array (
  'rule' => -2,
  'module' => '',
  'message' => 
  array (
    'tousername' => 'gh_f9b894563ef4',
    'fromusername' => 'o5V8y1cHMWwE0J5GALNZcQinrmkA',
    'createtime' => '1579527311',
    'msgtype' => 'event',
    'event' => 'SCAN',
    'eventkey' => 'business:5864a01773794135a05fba69901b7199',
    'ticket' => 'gQGj8DwAAAAAAAAAAS5odHRwOi8vd2VpeGluLnFxLmNvbS9xLzAyZ3RQMXQ5QnZjT2wxMDAwMHcwN2oAAgQPhH9cAwQAAAAA',
    'from' => 'o5V8y1cHMWwE0J5GALNZcQinrmkA',
    'to' => 'gh_f9b894563ef4',
    'time' => '1579527311',
    'type' => 'text',
    'scene' => 'business:5864a01773794135a05fba69901b7199',
    'redirection' => true,
    'source' => 'qr',
  ),
)

2020-01-20 21:35:11 response :
------------

2020-01-20 21:35:14 trace :
------------
String:
<xml><ToUserName><![CDATA[gh_f9b894563ef4]]></ToUserName>
<FromUserName><![CDATA[o5V8y1cHMWwE0J5GALNZcQinrmkA]]></FromUserName>
<CreateTime>1579527314</CreateTime>
<MsgType><![CDATA[event]]></MsgType>
<Event><![CDATA[VIEW]]></Event>
<EventKey><![CDATA[http://www.boyufengmao.com/app/index.php?i=6&c=entry&m=ewei_shopv2&do=mobile&r=diypage&id=35]]></EventKey>
<MenuId>445261982</MenuId>
</xml>

2020-01-20 21:35:14 params :
------------
String:
array (
  'rule' => -2,
  'module' => '',
  'message' => 
  array (
    'tousername' => 'gh_f9b894563ef4',
    'fromusername' => 'o5V8y1cHMWwE0J5GALNZcQinrmkA',
    'createtime' => '1579527314',
    'msgtype' => 'event',
    'event' => 'VIEW',
    'eventkey' => 'http://www.boyufengmao.com/app/index.php?i=6&c=entry&m=ewei_shopv2&do=mobile&r=diypage&id=35',
    'menuid' => '445261982',
    'from' => 'o5V8y1cHMWwE0J5GALNZcQinrmkA',
    'to' => 'gh_f9b894563ef4',
    'time' => '1579527314',
    'type' => 'text',
    'content' => 'http://www.boyufengmao.com/app/index.php?i=6&c=entry&m=ewei_shopv2&do=mobile&r=diypage&id=35',
    'redirection' => true,
    'source' => 'VIEW',
  ),
)

2020-01-20 21:35:14 response :
------------

2020-01-20 21:44:25 trace :
------------
String:
<xml><ToUserName><![CDATA[gh_f9b894563ef4]]></ToUserName>
<FromUserName><![CDATA[o5V8y1e4dyfBjdXOD2ZHwD_zZJBk]]></FromUserName>
<CreateTime>1579527865</CreateTime>
<MsgType><![CDATA[event]]></MsgType>
<Event><![CDATA[VIEW]]></Event>
<EventKey><![CDATA[http://www.boyufengmao.com/app/index.php?i=6&c=entry&m=ewei_shopv2&do=mobile&r=diypage&id=35]]></EventKey>
<MenuId>445261982</MenuId>
</xml>

2020-01-20 21:44:25 params :
------------
String:
array (
  'rule' => -2,
  'module' => '',
  'message' => 
  array (
    'tousername' => 'gh_f9b894563ef4',
    'fromusername' => 'o5V8y1e4dyfBjdXOD2ZHwD_zZJBk',
    'createtime' => '1579527865',
    'msgtype' => 'event',
    'event' => 'VIEW',
    'eventkey' => 'http://www.boyufengmao.com/app/index.php?i=6&c=entry&m=ewei_shopv2&do=mobile&r=diypage&id=35',
    'menuid' => '445261982',
    'from' => 'o5V8y1e4dyfBjdXOD2ZHwD_zZJBk',
    'to' => 'gh_f9b894563ef4',
    'time' => '1579527865',
    'type' => 'text',
    'content' => 'http://www.boyufengmao.com/app/index.php?i=6&c=entry&m=ewei_shopv2&do=mobile&r=diypage&id=35',
    'redirection' => true,
    'source' => 'VIEW',
  ),
)

2020-01-20 21:44:25 response :
------------

2020-01-20 21:51:27 trace :
------------
String:
<xml><ToUserName><![CDATA[gh_f9b894563ef4]]></ToUserName>
<FromUserName><![CDATA[o5V8y1eqVxMMby5QoyzNjJ6npF_Y]]></FromUserName>
<CreateTime>1579528286</CreateTime>
<MsgType><![CDATA[event]]></MsgType>
<Event><![CDATA[VIEW]]></Event>
<EventKey><![CDATA[http://www.boyufengmao.com/app/index.php?i=6&c=entry&m=ewei_shopv2&do=mobile&r=diypage&id=35]]></EventKey>
<MenuId>445261982</MenuId>
</xml>

2020-01-20 21:51:27 params :
------------
String:
array (
  'rule' => -2,
  'module' => '',
  'message' => 
  array (
    'tousername' => 'gh_f9b894563ef4',
    'fromusername' => 'o5V8y1eqVxMMby5QoyzNjJ6npF_Y',
    'createtime' => '1579528286',
    'msgtype' => 'event',
    'event' => 'VIEW',
    'eventkey' => 'http://www.boyufengmao.com/app/index.php?i=6&c=entry&m=ewei_shopv2&do=mobile&r=diypage&id=35',
    'menuid' => '445261982',
    'from' => 'o5V8y1eqVxMMby5QoyzNjJ6npF_Y',
    'to' => 'gh_f9b894563ef4',
    'time' => '1579528286',
    'type' => 'text',
    'content' => 'http://www.boyufengmao.com/app/index.php?i=6&c=entry&m=ewei_shopv2&do=mobile&r=diypage&id=35',
    'redirection' => true,
    'source' => 'VIEW',
  ),
)

2020-01-20 21:51:27 response :
------------

2020-01-20 21:51:58 trace :
------------
String:
<xml><ToUserName><![CDATA[gh_f9b894563ef4]]></ToUserName>
<FromUserName><![CDATA[o5V8y1bD71O37swkSnj-W0LHApN0]]></FromUserName>
<CreateTime>1579528318</CreateTime>
<MsgType><![CDATA[event]]></MsgType>
<Event><![CDATA[VIEW]]></Event>
<EventKey><![CDATA[http://www.boyufengmao.com/app/index.php?i=6&c=entry&m=ewei_shopv2&do=mobile&r=diypage&id=35]]></EventKey>
<MenuId>445261982</MenuId>
</xml>

2020-01-20 21:51:58 params :
------------
String:
array (
  'rule' => -2,
  'module' => '',
  'message' => 
  array (
    'tousername' => 'gh_f9b894563ef4',
    'fromusername' => 'o5V8y1bD71O37swkSnj-W0LHApN0',
    'createtime' => '1579528318',
    'msgtype' => 'event',
    'event' => 'VIEW',
    'eventkey' => 'http://www.boyufengmao.com/app/index.php?i=6&c=entry&m=ewei_shopv2&do=mobile&r=diypage&id=35',
    'menuid' => '445261982',
    'from' => 'o5V8y1bD71O37swkSnj-W0LHApN0',
    'to' => 'gh_f9b894563ef4',
    'time' => '1579528318',
    'type' => 'text',
    'content' => 'http://www.boyufengmao.com/app/index.php?i=6&c=entry&m=ewei_shopv2&do=mobile&r=diypage&id=35',
    'redirection' => true,
    'source' => 'VIEW',
  ),
)

2020-01-20 21:51:58 response :
------------

2020-01-20 21:52:28 trace :
------------
String:
<xml><ToUserName><![CDATA[gh_f9b894563ef4]]></ToUserName>
<FromUserName><![CDATA[o5V8y1bD71O37swkSnj-W0LHApN0]]></FromUserName>
<CreateTime>1579528347</CreateTime>
<MsgType><![CDATA[event]]></MsgType>
<Event><![CDATA[SCAN]]></Event>
<EventKey><![CDATA[business:5864a01773794135a05fba69901b7199]]></EventKey>
<Ticket><![CDATA[gQGj8DwAAAAAAAAAAS5odHRwOi8vd2VpeGluLnFxLmNvbS9xLzAyZ3RQMXQ5QnZjT2wxMDAwMHcwN2oAAgQPhH9cAwQAAAAA]]></Ticket>
</xml>

2020-01-20 21:52:28 params :
------------
String:
array (
  'rule' => -2,
  'module' => '',
  'message' => 
  array (
    'tousername' => 'gh_f9b894563ef4',
    'fromusername' => 'o5V8y1bD71O37swkSnj-W0LHApN0',
    'createtime' => '1579528347',
    'msgtype' => 'event',
    'event' => 'SCAN',
    'eventkey' => 'business:5864a01773794135a05fba69901b7199',
    'ticket' => 'gQGj8DwAAAAAAAAAAS5odHRwOi8vd2VpeGluLnFxLmNvbS9xLzAyZ3RQMXQ5QnZjT2wxMDAwMHcwN2oAAgQPhH9cAwQAAAAA',
    'from' => 'o5V8y1bD71O37swkSnj-W0LHApN0',
    'to' => 'gh_f9b894563ef4',
    'time' => '1579528347',
    'type' => 'text',
    'scene' => 'business:5864a01773794135a05fba69901b7199',
    'redirection' => true,
    'source' => 'qr',
  ),
)

2020-01-20 21:52:28 response :
------------

2020-01-20 21:52:34 trace :
------------
String:
<xml><ToUserName><![CDATA[gh_f9b894563ef4]]></ToUserName>
<FromUserName><![CDATA[o5V8y1bD71O37swkSnj-W0LHApN0]]></FromUserName>
<CreateTime>1579528354</CreateTime>
<MsgType><![CDATA[event]]></MsgType>
<Event><![CDATA[VIEW]]></Event>
<EventKey><![CDATA[http://www.boyufengmao.com/app/index.php?i=6&c=entry&m=ewei_shopv2&do=mobile]]></EventKey>
<MenuId>445261982</MenuId>
</xml>

2020-01-20 21:52:34 params :
------------
String:
array (
  'rule' => -2,
  'module' => '',
  'message' => 
  array (
    'tousername' => 'gh_f9b894563ef4',
    'fromusername' => 'o5V8y1bD71O37swkSnj-W0LHApN0',
    'createtime' => '1579528354',
    'msgtype' => 'event',
    'event' => 'VIEW',
    'eventkey' => 'http://www.boyufengmao.com/app/index.php?i=6&c=entry&m=ewei_shopv2&do=mobile',
    'menuid' => '445261982',
    'from' => 'o5V8y1bD71O37swkSnj-W0LHApN0',
    'to' => 'gh_f9b894563ef4',
    'time' => '1579528354',
    'type' => 'text',
    'content' => 'http://www.boyufengmao.com/app/index.php?i=6&c=entry&m=ewei_shopv2&do=mobile',
    'redirection' => true,
    'source' => 'VIEW',
  ),
)

2020-01-20 21:52:34 response :
------------

2020-01-20 22:01:37 trace :
------------
String:
<xml><ToUserName><![CDATA[gh_f9b894563ef4]]></ToUserName>
<FromUserName><![CDATA[o5V8y1R4haE7bvINSt37386zMF2k]]></FromUserName>
<CreateTime>1579528896</CreateTime>
<MsgType><![CDATA[event]]></MsgType>
<Event><![CDATA[subscribe]]></Event>
<EventKey><![CDATA[]]></EventKey>
</xml>

2020-01-20 22:01:37 params :
------------
String:
array (
  'rule' => -2,
  'module' => '',
  'message' => 
  array (
    'tousername' => 'gh_f9b894563ef4',
    'fromusername' => 'o5V8y1R4haE7bvINSt37386zMF2k',
    'createtime' => '1579528896',
    'msgtype' => 'event',
    'event' => 'subscribe',
    'eventkey' => '',
    'from' => 'o5V8y1R4haE7bvINSt37386zMF2k',
    'to' => 'gh_f9b894563ef4',
    'time' => '1579528896',
    'type' => 'text',
    'redirection' => true,
    'source' => 'subscribe',
  ),
)

2020-01-20 22:01:37 response :
------------

2020-01-20 22:01:39 trace :
------------
String:
<xml><ToUserName><![CDATA[gh_f9b894563ef4]]></ToUserName>
<FromUserName><![CDATA[o5V8y1R4haE7bvINSt37386zMF2k]]></FromUserName>
<CreateTime>1579528899</CreateTime>
<MsgType><![CDATA[event]]></MsgType>
<Event><![CDATA[VIEW]]></Event>
<EventKey><![CDATA[http://www.boyufengmao.com/app/index.php?i=6&c=entry&m=ewei_shopv2&do=mobile&r=diypage&id=35]]></EventKey>
<MenuId>445261982</MenuId>
</xml>

2020-01-20 22:01:39 params :
------------
String:
array (
  'rule' => -2,
  'module' => '',
  'message' => 
  array (
    'tousername' => 'gh_f9b894563ef4',
    'fromusername' => 'o5V8y1R4haE7bvINSt37386zMF2k',
    'createtime' => '1579528899',
    'msgtype' => 'event',
    'event' => 'VIEW',
    'eventkey' => 'http://www.boyufengmao.com/app/index.php?i=6&c=entry&m=ewei_shopv2&do=mobile&r=diypage&id=35',
    'menuid' => '445261982',
    'from' => 'o5V8y1R4haE7bvINSt37386zMF2k',
    'to' => 'gh_f9b894563ef4',
    'time' => '1579528899',
    'type' => 'text',
    'content' => 'http://www.boyufengmao.com/app/index.php?i=6&c=entry&m=ewei_shopv2&do=mobile&r=diypage&id=35',
    'redirection' => true,
    'source' => 'VIEW',
  ),
)

2020-01-20 22:01:39 response :
------------

2020-01-20 22:06:13 trace :
------------
String:
<xml><ToUserName><![CDATA[gh_f9b894563ef4]]></ToUserName>
<FromUserName><![CDATA[o5V8y1d7iKhE307MkUxvfmNEl4Mw]]></FromUserName>
<CreateTime>1579529172</CreateTime>
<MsgType><![CDATA[event]]></MsgType>
<Event><![CDATA[SCAN]]></Event>
<EventKey><![CDATA[business:5864a01773794135a05fba69901b7199]]></EventKey>
<Ticket><![CDATA[gQGj8DwAAAAAAAAAAS5odHRwOi8vd2VpeGluLnFxLmNvbS9xLzAyZ3RQMXQ5QnZjT2wxMDAwMHcwN2oAAgQPhH9cAwQAAAAA]]></Ticket>
</xml>

2020-01-20 22:06:13 params :
------------
String:
array (
  'rule' => -2,
  'module' => '',
  'message' => 
  array (
    'tousername' => 'gh_f9b894563ef4',
    'fromusername' => 'o5V8y1d7iKhE307MkUxvfmNEl4Mw',
    'createtime' => '1579529172',
    'msgtype' => 'event',
    'event' => 'SCAN',
    'eventkey' => 'business:5864a01773794135a05fba69901b7199',
    'ticket' => 'gQGj8DwAAAAAAAAAAS5odHRwOi8vd2VpeGluLnFxLmNvbS9xLzAyZ3RQMXQ5QnZjT2wxMDAwMHcwN2oAAgQPhH9cAwQAAAAA',
    'from' => 'o5V8y1d7iKhE307MkUxvfmNEl4Mw',
    'to' => 'gh_f9b894563ef4',
    'time' => '1579529172',
    'type' => 'text',
    'scene' => 'business:5864a01773794135a05fba69901b7199',
    'redirection' => true,
    'source' => 'qr',
  ),
)

2020-01-20 22:06:13 response :
------------

2020-01-20 22:06:16 trace :
------------
String:
<xml><ToUserName><![CDATA[gh_f9b894563ef4]]></ToUserName>
<FromUserName><![CDATA[o5V8y1d7iKhE307MkUxvfmNEl4Mw]]></FromUserName>
<CreateTime>1579529176</CreateTime>
<MsgType><![CDATA[event]]></MsgType>
<Event><![CDATA[VIEW]]></Event>
<EventKey><![CDATA[http://www.boyufengmao.com/app/index.php?i=6&c=entry&m=ewei_shopv2&do=mobile&r=diypage&id=35]]></EventKey>
<MenuId>445261982</MenuId>
</xml>

2020-01-20 22:06:16 params :
------------
String:
array (
  'rule' => -2,
  'module' => '',
  'message' => 
  array (
    'tousername' => 'gh_f9b894563ef4',
    'fromusername' => 'o5V8y1d7iKhE307MkUxvfmNEl4Mw',
    'createtime' => '1579529176',
    'msgtype' => 'event',
    'event' => 'VIEW',
    'eventkey' => 'http://www.boyufengmao.com/app/index.php?i=6&c=entry&m=ewei_shopv2&do=mobile&r=diypage&id=35',
    'menuid' => '445261982',
    'from' => 'o5V8y1d7iKhE307MkUxvfmNEl4Mw',
    'to' => 'gh_f9b894563ef4',
    'time' => '1579529176',
    'type' => 'text',
    'content' => 'http://www.boyufengmao.com/app/index.php?i=6&c=entry&m=ewei_shopv2&do=mobile&r=diypage&id=35',
    'redirection' => true,
    'source' => 'VIEW',
  ),
)

2020-01-20 22:06:16 response :
------------

2020-01-20 22:10:30 trace :
------------
String:
<xml><ToUserName><![CDATA[gh_f7c52ee3e5f7]]></ToUserName>
<FromUserName><![CDATA[oANN2v_iQjq5Z15LuJeahsVxqtoU]]></FromUserName>
<CreateTime>1579529430</CreateTime>
<MsgType><![CDATA[event]]></MsgType>
<Event><![CDATA[subscribe]]></Event>
<EventKey><![CDATA[qrscene_4cfcb1a3955e39edad6c4a5879c0f6e2]]></EventKey>
<Ticket><![CDATA[gQGW8DwAAAAAAAAAAS5odHRwOi8vd2VpeGluLnFxLmNvbS9xLzAyeEkzU05KMGo5U18xMDAwMDAwN3cAAgRTcA9eAwQAAAAA]]></Ticket>
</xml>

2020-01-20 22:10:32 trace :
------------
String:
<xml><ToUserName><![CDATA[gh_f7c52ee3e5f7]]></ToUserName>
<FromUserName><![CDATA[oANN2v_iQjq5Z15LuJeahsVxqtoU]]></FromUserName>
<CreateTime>1579529432</CreateTime>
<MsgType><![CDATA[event]]></MsgType>
<Event><![CDATA[VIEW]]></Event>
<EventKey><![CDATA[http://www.boyufengmao.com/app/index.php?i=11&c=entry&m=ewei_shopv2&do=mobile]]></EventKey>
<MenuId>490658363</MenuId>
</xml>

2020-01-20 22:10:32 params :
------------
String:
array (
  'rule' => -2,
  'module' => '',
  'message' => 
  array (
    'tousername' => 'gh_f7c52ee3e5f7',
    'fromusername' => 'oANN2v_iQjq5Z15LuJeahsVxqtoU',
    'createtime' => '1579529432',
    'msgtype' => 'event',
    'event' => 'VIEW',
    'eventkey' => 'http://www.boyufengmao.com/app/index.php?i=11&c=entry&m=ewei_shopv2&do=mobile',
    'menuid' => '490658363',
    'from' => 'oANN2v_iQjq5Z15LuJeahsVxqtoU',
    'to' => 'gh_f7c52ee3e5f7',
    'time' => '1579529432',
    'type' => 'text',
    'content' => 'http://www.boyufengmao.com/app/index.php?i=11&c=entry&m=ewei_shopv2&do=mobile',
    'redirection' => true,
    'source' => 'VIEW',
  ),
)

2020-01-20 22:10:32 response :
------------

2020-01-20 22:22:59 trace :
------------
String:
<xml><ToUserName><![CDATA[gh_f9b894563ef4]]></ToUserName>
<FromUserName><![CDATA[o5V8y1d7iKhE307MkUxvfmNEl4Mw]]></FromUserName>
<CreateTime>1579530179</CreateTime>
<MsgType><![CDATA[event]]></MsgType>
<Event><![CDATA[SCAN]]></Event>
<EventKey><![CDATA[business:5864a01773794135a05fba69901b7199]]></EventKey>
<Ticket><![CDATA[gQGj8DwAAAAAAAAAAS5odHRwOi8vd2VpeGluLnFxLmNvbS9xLzAyZ3RQMXQ5QnZjT2wxMDAwMHcwN2oAAgQPhH9cAwQAAAAA]]></Ticket>
</xml>

2020-01-20 22:22:59 params :
------------
String:
array (
  'rule' => -2,
  'module' => '',
  'message' => 
  array (
    'tousername' => 'gh_f9b894563ef4',
    'fromusername' => 'o5V8y1d7iKhE307MkUxvfmNEl4Mw',
    'createtime' => '1579530179',
    'msgtype' => 'event',
    'event' => 'SCAN',
    'eventkey' => 'business:5864a01773794135a05fba69901b7199',
    'ticket' => 'gQGj8DwAAAAAAAAAAS5odHRwOi8vd2VpeGluLnFxLmNvbS9xLzAyZ3RQMXQ5QnZjT2wxMDAwMHcwN2oAAgQPhH9cAwQAAAAA',
    'from' => 'o5V8y1d7iKhE307MkUxvfmNEl4Mw',
    'to' => 'gh_f9b894563ef4',
    'time' => '1579530179',
    'type' => 'text',
    'scene' => 'business:5864a01773794135a05fba69901b7199',
    'redirection' => true,
    'source' => 'qr',
  ),
)

2020-01-20 22:22:59 response :
------------

2020-01-20 22:23:03 trace :
------------
String:
<xml><ToUserName><![CDATA[gh_f9b894563ef4]]></ToUserName>
<FromUserName><![CDATA[o5V8y1d7iKhE307MkUxvfmNEl4Mw]]></FromUserName>
<CreateTime>1579530183</CreateTime>
<MsgType><![CDATA[event]]></MsgType>
<Event><![CDATA[VIEW]]></Event>
<EventKey><![CDATA[http://www.boyufengmao.com/app/index.php?i=6&c=entry&m=ewei_shopv2&do=mobile]]></EventKey>
<MenuId>445261982</MenuId>
</xml>

2020-01-20 22:23:03 params :
------------
String:
array (
  'rule' => -2,
  'module' => '',
  'message' => 
  array (
    'tousername' => 'gh_f9b894563ef4',
    'fromusername' => 'o5V8y1d7iKhE307MkUxvfmNEl4Mw',
    'createtime' => '1579530183',
    'msgtype' => 'event',
    'event' => 'VIEW',
    'eventkey' => 'http://www.boyufengmao.com/app/index.php?i=6&c=entry&m=ewei_shopv2&do=mobile',
    'menuid' => '445261982',
    'from' => 'o5V8y1d7iKhE307MkUxvfmNEl4Mw',
    'to' => 'gh_f9b894563ef4',
    'time' => '1579530183',
    'type' => 'text',
    'content' => 'http://www.boyufengmao.com/app/index.php?i=6&c=entry&m=ewei_shopv2&do=mobile',
    'redirection' => true,
    'source' => 'VIEW',
  ),
)

2020-01-20 22:23:03 response :
------------

2020-01-20 22:24:19 trace :
------------
String:
<xml><ToUserName><![CDATA[gh_f9b894563ef4]]></ToUserName>
<FromUserName><![CDATA[o5V8y1d7iKhE307MkUxvfmNEl4Mw]]></FromUserName>
<CreateTime>1579530259</CreateTime>
<MsgType><![CDATA[event]]></MsgType>
<Event><![CDATA[VIEW]]></Event>
<EventKey><![CDATA[http://www.boyufengmao.com/app/index.php?i=6&c=entry&m=ewei_shopv2&do=mobile&r=diypage&id=35]]></EventKey>
<MenuId>445261982</MenuId>
</xml>

2020-01-20 22:24:19 params :
------------
String:
array (
  'rule' => -2,
  'module' => '',
  'message' => 
  array (
    'tousername' => 'gh_f9b894563ef4',
    'fromusername' => 'o5V8y1d7iKhE307MkUxvfmNEl4Mw',
    'createtime' => '1579530259',
    'msgtype' => 'event',
    'event' => 'VIEW',
    'eventkey' => 'http://www.boyufengmao.com/app/index.php?i=6&c=entry&m=ewei_shopv2&do=mobile&r=diypage&id=35',
    'menuid' => '445261982',
    'from' => 'o5V8y1d7iKhE307MkUxvfmNEl4Mw',
    'to' => 'gh_f9b894563ef4',
    'time' => '1579530259',
    'type' => 'text',
    'content' => 'http://www.boyufengmao.com/app/index.php?i=6&c=entry&m=ewei_shopv2&do=mobile&r=diypage&id=35',
    'redirection' => true,
    'source' => 'VIEW',
  ),
)

2020-01-20 22:24:19 response :
------------

2020-01-20 22:25:16 trace :
------------
String:
<xml><ToUserName><![CDATA[gh_f9b894563ef4]]></ToUserName>
<FromUserName><![CDATA[o5V8y1d7iKhE307MkUxvfmNEl4Mw]]></FromUserName>
<CreateTime>1579530315</CreateTime>
<MsgType><![CDATA[event]]></MsgType>
<Event><![CDATA[SCAN]]></Event>
<EventKey><![CDATA[business:5864a01773794135a05fba69901b7199]]></EventKey>
<Ticket><![CDATA[gQGj8DwAAAAAAAAAAS5odHRwOi8vd2VpeGluLnFxLmNvbS9xLzAyZ3RQMXQ5QnZjT2wxMDAwMHcwN2oAAgQPhH9cAwQAAAAA]]></Ticket>
</xml>

2020-01-20 22:25:16 params :
------------
String:
array (
  'rule' => -2,
  'module' => '',
  'message' => 
  array (
    'tousername' => 'gh_f9b894563ef4',
    'fromusername' => 'o5V8y1d7iKhE307MkUxvfmNEl4Mw',
    'createtime' => '1579530315',
    'msgtype' => 'event',
    'event' => 'SCAN',
    'eventkey' => 'business:5864a01773794135a05fba69901b7199',
    'ticket' => 'gQGj8DwAAAAAAAAAAS5odHRwOi8vd2VpeGluLnFxLmNvbS9xLzAyZ3RQMXQ5QnZjT2wxMDAwMHcwN2oAAgQPhH9cAwQAAAAA',
    'from' => 'o5V8y1d7iKhE307MkUxvfmNEl4Mw',
    'to' => 'gh_f9b894563ef4',
    'time' => '1579530315',
    'type' => 'text',
    'scene' => 'business:5864a01773794135a05fba69901b7199',
    'redirection' => true,
    'source' => 'qr',
  ),
)

2020-01-20 22:25:16 response :
------------

2020-01-20 22:26:37 trace :
------------
String:
<xml><ToUserName><![CDATA[gh_f9b894563ef4]]></ToUserName>
<FromUserName><![CDATA[o5V8y1d7iKhE307MkUxvfmNEl4Mw]]></FromUserName>
<CreateTime>1579530397</CreateTime>
<MsgType><![CDATA[event]]></MsgType>
<Event><![CDATA[SCAN]]></Event>
<EventKey><![CDATA[business:5864a01773794135a05fba69901b7199]]></EventKey>
<Ticket><![CDATA[gQGj8DwAAAAAAAAAAS5odHRwOi8vd2VpeGluLnFxLmNvbS9xLzAyZ3RQMXQ5QnZjT2wxMDAwMHcwN2oAAgQPhH9cAwQAAAAA]]></Ticket>
</xml>

2020-01-20 22:26:37 params :
------------
String:
array (
  'rule' => -2,
  'module' => '',
  'message' => 
  array (
    'tousername' => 'gh_f9b894563ef4',
    'fromusername' => 'o5V8y1d7iKhE307MkUxvfmNEl4Mw',
    'createtime' => '1579530397',
    'msgtype' => 'event',
    'event' => 'SCAN',
    'eventkey' => 'business:5864a01773794135a05fba69901b7199',
    'ticket' => 'gQGj8DwAAAAAAAAAAS5odHRwOi8vd2VpeGluLnFxLmNvbS9xLzAyZ3RQMXQ5QnZjT2wxMDAwMHcwN2oAAgQPhH9cAwQAAAAA',
    'from' => 'o5V8y1d7iKhE307MkUxvfmNEl4Mw',
    'to' => 'gh_f9b894563ef4',
    'time' => '1579530397',
    'type' => 'text',
    'scene' => 'business:5864a01773794135a05fba69901b7199',
    'redirection' => true,
    'source' => 'qr',
  ),
)

2020-01-20 22:26:37 response :
------------

2020-01-20 22:26:41 trace :
------------
String:
<xml><ToUserName><![CDATA[gh_f9b894563ef4]]></ToUserName>
<FromUserName><![CDATA[o5V8y1d7iKhE307MkUxvfmNEl4Mw]]></FromUserName>
<CreateTime>1579530401</CreateTime>
<MsgType><![CDATA[event]]></MsgType>
<Event><![CDATA[VIEW]]></Event>
<EventKey><![CDATA[http://www.boyufengmao.com/app/index.php?i=6&c=entry&m=ewei_shopv2&do=mobile&r=diypage&id=35]]></EventKey>
<MenuId>445261982</MenuId>
</xml>

2020-01-20 22:26:41 params :
------------
String:
array (
  'rule' => -2,
  'module' => '',
  'message' => 
  array (
    'tousername' => 'gh_f9b894563ef4',
    'fromusername' => 'o5V8y1d7iKhE307MkUxvfmNEl4Mw',
    'createtime' => '1579530401',
    'msgtype' => 'event',
    'event' => 'VIEW',
    'eventkey' => 'http://www.boyufengmao.com/app/index.php?i=6&c=entry&m=ewei_shopv2&do=mobile&r=diypage&id=35',
    'menuid' => '445261982',
    'from' => 'o5V8y1d7iKhE307MkUxvfmNEl4Mw',
    'to' => 'gh_f9b894563ef4',
    'time' => '1579530401',
    'type' => 'text',
    'content' => 'http://www.boyufengmao.com/app/index.php?i=6&c=entry&m=ewei_shopv2&do=mobile&r=diypage&id=35',
    'redirection' => true,
    'source' => 'VIEW',
  ),
)

2020-01-20 22:26:41 response :
------------

2020-01-20 22:33:29 trace :
------------
String:
<xml><ToUserName><![CDATA[gh_f9b894563ef4]]></ToUserName>
<FromUserName><![CDATA[o5V8y1U7LBIZgK3tLiB5A7DVUeNo]]></FromUserName>
<CreateTime>1579530809</CreateTime>
<MsgType><![CDATA[event]]></MsgType>
<Event><![CDATA[subscribe]]></Event>
<EventKey><![CDATA[qrscene_business:5864a01773794135a05fba69901b7199]]></EventKey>
<Ticket><![CDATA[gQGj8DwAAAAAAAAAAS5odHRwOi8vd2VpeGluLnFxLmNvbS9xLzAyZ3RQMXQ5QnZjT2wxMDAwMHcwN2oAAgQPhH9cAwQAAAAA]]></Ticket>
</xml>

2020-01-20 22:33:29 params :
------------
String:
array (
  'rule' => -2,
  'module' => '',
  'message' => 
  array (
    'tousername' => 'gh_f9b894563ef4',
    'fromusername' => 'o5V8y1U7LBIZgK3tLiB5A7DVUeNo',
    'createtime' => '1579530809',
    'msgtype' => 'event',
    'event' => 'subscribe',
    'eventkey' => 'qrscene_business:5864a01773794135a05fba69901b7199',
    'ticket' => 'gQGj8DwAAAAAAAAAAS5odHRwOi8vd2VpeGluLnFxLmNvbS9xLzAyZ3RQMXQ5QnZjT2wxMDAwMHcwN2oAAgQPhH9cAwQAAAAA',
    'from' => 'o5V8y1U7LBIZgK3tLiB5A7DVUeNo',
    'to' => 'gh_f9b894563ef4',
    'time' => '1579530809',
    'type' => 'text',
    'scene' => 'business:5864a01773794135a05fba69901b7199',
    'redirection' => true,
    'source' => 'subscribe',
  ),
)

2020-01-20 22:33:29 response :
------------

2020-01-20 22:33:32 trace :
------------
String:
<xml><ToUserName><![CDATA[gh_f9b894563ef4]]></ToUserName>
<FromUserName><![CDATA[o5V8y1RMGGuB0BlmkGEP01DWYyUA]]></FromUserName>
<CreateTime>1579530812</CreateTime>
<MsgType><![CDATA[event]]></MsgType>
<Event><![CDATA[SCAN]]></Event>
<EventKey><![CDATA[business:5864a01773794135a05fba69901b7199]]></EventKey>
<Ticket><![CDATA[gQGj8DwAAAAAAAAAAS5odHRwOi8vd2VpeGluLnFxLmNvbS9xLzAyZ3RQMXQ5QnZjT2wxMDAwMHcwN2oAAgQPhH9cAwQAAAAA]]></Ticket>
</xml>

2020-01-20 22:33:32 params :
------------
String:
array (
  'rule' => -2,
  'module' => '',
  'message' => 
  array (
    'tousername' => 'gh_f9b894563ef4',
    'fromusername' => 'o5V8y1RMGGuB0BlmkGEP01DWYyUA',
    'createtime' => '1579530812',
    'msgtype' => 'event',
    'event' => 'SCAN',
    'eventkey' => 'business:5864a01773794135a05fba69901b7199',
    'ticket' => 'gQGj8DwAAAAAAAAAAS5odHRwOi8vd2VpeGluLnFxLmNvbS9xLzAyZ3RQMXQ5QnZjT2wxMDAwMHcwN2oAAgQPhH9cAwQAAAAA',
    'from' => 'o5V8y1RMGGuB0BlmkGEP01DWYyUA',
    'to' => 'gh_f9b894563ef4',
    'time' => '1579530812',
    'type' => 'text',
    'scene' => 'business:5864a01773794135a05fba69901b7199',
    'redirection' => true,
    'source' => 'qr',
  ),
)

2020-01-20 22:33:32 response :
------------

2020-01-20 22:33:34 trace :
------------
String:
<xml><ToUserName><![CDATA[gh_f9b894563ef4]]></ToUserName>
<FromUserName><![CDATA[o5V8y1U7LBIZgK3tLiB5A7DVUeNo]]></FromUserName>
<CreateTime>1579530813</CreateTime>
<MsgType><![CDATA[event]]></MsgType>
<Event><![CDATA[VIEW]]></Event>
<EventKey><![CDATA[http://www.boyufengmao.com/app/index.php?i=6&c=entry&m=ewei_shopv2&do=mobile]]></EventKey>
<MenuId>445261982</MenuId>
</xml>

2020-01-20 22:33:34 params :
------------
String:
array (
  'rule' => -2,
  'module' => '',
  'message' => 
  array (
    'tousername' => 'gh_f9b894563ef4',
    'fromusername' => 'o5V8y1U7LBIZgK3tLiB5A7DVUeNo',
    'createtime' => '1579530813',
    'msgtype' => 'event',
    'event' => 'VIEW',
    'eventkey' => 'http://www.boyufengmao.com/app/index.php?i=6&c=entry&m=ewei_shopv2&do=mobile',
    'menuid' => '445261982',
    'from' => 'o5V8y1U7LBIZgK3tLiB5A7DVUeNo',
    'to' => 'gh_f9b894563ef4',
    'time' => '1579530813',
    'type' => 'text',
    'content' => 'http://www.boyufengmao.com/app/index.php?i=6&c=entry&m=ewei_shopv2&do=mobile',
    'redirection' => true,
    'source' => 'VIEW',
  ),
)

2020-01-20 22:33:34 response :
------------

2020-01-20 22:33:56 trace :
------------
String:
<xml><ToUserName><![CDATA[gh_f9b894563ef4]]></ToUserName>
<FromUserName><![CDATA[o5V8y1Z5td7Dc96a-M3Fy9LtMwEY]]></FromUserName>
<CreateTime>1579530836</CreateTime>
<MsgType><![CDATA[event]]></MsgType>
<Event><![CDATA[TEMPLATESENDJOBFINISH]]></Event>
<MsgID>1173374408732311553</MsgID>
<Status><![CDATA[success]]></Status>
</xml>

2020-01-20 22:33:56 params :
------------
String:
array (
  'rule' => -2,
  'module' => '',
  'message' => 
  array (
    'tousername' => 'gh_f9b894563ef4',
    'fromusername' => 'o5V8y1Z5td7Dc96a-M3Fy9LtMwEY',
    'createtime' => '1579530836',
    'msgtype' => 'event',
    'event' => 'TEMPLATESENDJOBFINISH',
    'msgid' => '1173374408732311553',
    'status' => 'success',
    'from' => 'o5V8y1Z5td7Dc96a-M3Fy9LtMwEY',
    'to' => 'gh_f9b894563ef4',
    'time' => '1579530836',
    'type' => 'event',
  ),
)

2020-01-20 22:33:56 response :
------------

2020-01-20 23:25:59 trace :
------------
String:
<xml><ToUserName><![CDATA[gh_f9b894563ef4]]></ToUserName>
<FromUserName><![CDATA[o5V8y1eIIUuGQDN94bKbjdU4UrRA]]></FromUserName>
<CreateTime>1579533959</CreateTime>
<MsgType><![CDATA[event]]></MsgType>
<Event><![CDATA[SCAN]]></Event>
<EventKey><![CDATA[business:5864a01773794135a05fba69901b7199]]></EventKey>
<Ticket><![CDATA[gQGj8DwAAAAAAAAAAS5odHRwOi8vd2VpeGluLnFxLmNvbS9xLzAyZ3RQMXQ5QnZjT2wxMDAwMHcwN2oAAgQPhH9cAwQAAAAA]]></Ticket>
</xml>

2020-01-20 23:25:59 params :
------------
String:
array (
  'rule' => -2,
  'module' => '',
  'message' => 
  array (
    'tousername' => 'gh_f9b894563ef4',
    'fromusername' => 'o5V8y1eIIUuGQDN94bKbjdU4UrRA',
    'createtime' => '1579533959',
    'msgtype' => 'event',
    'event' => 'SCAN',
    'eventkey' => 'business:5864a01773794135a05fba69901b7199',
    'ticket' => 'gQGj8DwAAAAAAAAAAS5odHRwOi8vd2VpeGluLnFxLmNvbS9xLzAyZ3RQMXQ5QnZjT2wxMDAwMHcwN2oAAgQPhH9cAwQAAAAA',
    'from' => 'o5V8y1eIIUuGQDN94bKbjdU4UrRA',
    'to' => 'gh_f9b894563ef4',
    'time' => '1579533959',
    'type' => 'text',
    'scene' => 'business:5864a01773794135a05fba69901b7199',
    'redirection' => true,
    'source' => 'qr',
  ),
)

2020-01-20 23:25:59 response :
------------

2020-01-20 23:26:08 trace :
------------
String:
<xml><ToUserName><![CDATA[gh_f9b894563ef4]]></ToUserName>
<FromUserName><![CDATA[o5V8y1eIIUuGQDN94bKbjdU4UrRA]]></FromUserName>
<CreateTime>1579533968</CreateTime>
<MsgType><![CDATA[event]]></MsgType>
<Event><![CDATA[VIEW]]></Event>
<EventKey><![CDATA[http://www.boyufengmao.com/app/index.php?i=6&c=entry&m=ewei_shopv2&do=mobile]]></EventKey>
<MenuId>445261982</MenuId>
</xml>

2020-01-20 23:26:08 params :
------------
String:
array (
  'rule' => -2,
  'module' => '',
  'message' => 
  array (
    'tousername' => 'gh_f9b894563ef4',
    'fromusername' => 'o5V8y1eIIUuGQDN94bKbjdU4UrRA',
    'createtime' => '1579533968',
    'msgtype' => 'event',
    'event' => 'VIEW',
    'eventkey' => 'http://www.boyufengmao.com/app/index.php?i=6&c=entry&m=ewei_shopv2&do=mobile',
    'menuid' => '445261982',
    'from' => 'o5V8y1eIIUuGQDN94bKbjdU4UrRA',
    'to' => 'gh_f9b894563ef4',
    'time' => '1579533968',
    'type' => 'text',
    'content' => 'http://www.boyufengmao.com/app/index.php?i=6&c=entry&m=ewei_shopv2&do=mobile',
    'redirection' => true,
    'source' => 'VIEW',
  ),
)

2020-01-20 23:26:08 response :
------------

