2020-08-30 09:52:25 trace :
------------
String:
<xml><ToUserName><![CDATA[gh_ad9809bc437f]]></ToUserName>
<FromUserName><![CDATA[or3iRt2eZOsS2vqb0wYG7QBjmBKo]]></FromUserName>
<CreateTime>1598752344</CreateTime>
<MsgType><![CDATA[event]]></MsgType>
<Event><![CDATA[unsubscribe]]></Event>
<EventKey><![CDATA[]]></EventKey>
</xml>

2020-08-30 11:37:58 trace :
------------
String:
<xml><ToUserName><![CDATA[gh_f9b894563ef4]]></ToUserName>
<FromUserName><![CDATA[o5V8y1V1IzEBgT72qe7qLwsVhrVE]]></FromUserName>
<CreateTime>1598758677</CreateTime>
<MsgType><![CDATA[event]]></MsgType>
<Event><![CDATA[VIEW]]></Event>
<EventKey><![CDATA[http://www.boyufengmao.com/app/index.php?i=6&c=entry&m=ewei_shopv2&do=mobile&r=diypage&id=35]]></EventKey>
<MenuId>445261982</MenuId>
</xml>

2020-08-30 11:37:58 params :
------------
String:
array (
  'rule' => -2,
  'module' => '',
  'message' => 
  array (
    'tousername' => 'gh_f9b894563ef4',
    'fromusername' => 'o5V8y1V1IzEBgT72qe7qLwsVhrVE',
    'createtime' => '1598758677',
    'msgtype' => 'event',
    'event' => 'VIEW',
    'eventkey' => 'http://www.boyufengmao.com/app/index.php?i=6&c=entry&m=ewei_shopv2&do=mobile&r=diypage&id=35',
    'menuid' => '445261982',
    'from' => 'o5V8y1V1IzEBgT72qe7qLwsVhrVE',
    'to' => 'gh_f9b894563ef4',
    'time' => '1598758677',
    'type' => 'text',
    'content' => 'http://www.boyufengmao.com/app/index.php?i=6&c=entry&m=ewei_shopv2&do=mobile&r=diypage&id=35',
    'redirection' => true,
    'source' => 'VIEW',
  ),
)

2020-08-30 11:37:58 response :
------------

2020-08-30 11:37:59 trace :
------------
String:
<xml><ToUserName><![CDATA[gh_f9b894563ef4]]></ToUserName>
<FromUserName><![CDATA[o5V8y1V1IzEBgT72qe7qLwsVhrVE]]></FromUserName>
<CreateTime>1598758679</CreateTime>
<MsgType><![CDATA[event]]></MsgType>
<Event><![CDATA[VIEW]]></Event>
<EventKey><![CDATA[http://www.boyufengmao.com/app/index.php?i=6&c=entry&m=ewei_shopv2&do=mobile&r=diypage&id=35]]></EventKey>
<MenuId>445261982</MenuId>
</xml>

2020-08-30 11:37:59 params :
------------
String:
array (
  'rule' => -2,
  'module' => '',
  'message' => 
  array (
    'tousername' => 'gh_f9b894563ef4',
    'fromusername' => 'o5V8y1V1IzEBgT72qe7qLwsVhrVE',
    'createtime' => '1598758679',
    'msgtype' => 'event',
    'event' => 'VIEW',
    'eventkey' => 'http://www.boyufengmao.com/app/index.php?i=6&c=entry&m=ewei_shopv2&do=mobile&r=diypage&id=35',
    'menuid' => '445261982',
    'from' => 'o5V8y1V1IzEBgT72qe7qLwsVhrVE',
    'to' => 'gh_f9b894563ef4',
    'time' => '1598758679',
    'type' => 'text',
    'content' => 'http://www.boyufengmao.com/app/index.php?i=6&c=entry&m=ewei_shopv2&do=mobile&r=diypage&id=35',
    'redirection' => true,
    'source' => 'VIEW',
  ),
)

2020-08-30 11:37:59 response :
------------

2020-08-30 12:25:55 trace :
------------
String:
<xml><ToUserName><![CDATA[gh_f9b894563ef4]]></ToUserName>
<FromUserName><![CDATA[o5V8y1Yz8n28OfbKlwkoDMGwp634]]></FromUserName>
<CreateTime>1598761554</CreateTime>
<MsgType><![CDATA[event]]></MsgType>
<Event><![CDATA[VIEW]]></Event>
<EventKey><![CDATA[http://www.boyufengmao.com/app/index.php?i=6&c=entry&m=ewei_shopv2&do=mobile&r=diypage&id=35]]></EventKey>
<MenuId>445261982</MenuId>
</xml>

2020-08-30 12:25:55 params :
------------
String:
array (
  'rule' => -2,
  'module' => '',
  'message' => 
  array (
    'tousername' => 'gh_f9b894563ef4',
    'fromusername' => 'o5V8y1Yz8n28OfbKlwkoDMGwp634',
    'createtime' => '1598761554',
    'msgtype' => 'event',
    'event' => 'VIEW',
    'eventkey' => 'http://www.boyufengmao.com/app/index.php?i=6&c=entry&m=ewei_shopv2&do=mobile&r=diypage&id=35',
    'menuid' => '445261982',
    'from' => 'o5V8y1Yz8n28OfbKlwkoDMGwp634',
    'to' => 'gh_f9b894563ef4',
    'time' => '1598761554',
    'type' => 'text',
    'content' => 'http://www.boyufengmao.com/app/index.php?i=6&c=entry&m=ewei_shopv2&do=mobile&r=diypage&id=35',
    'redirection' => true,
    'source' => 'VIEW',
  ),
)

2020-08-30 12:25:55 response :
------------

2020-08-30 12:26:16 trace :
------------
String:
<xml><ToUserName><![CDATA[gh_f9b894563ef4]]></ToUserName>
<FromUserName><![CDATA[o5V8y1Yz8n28OfbKlwkoDMGwp634]]></FromUserName>
<CreateTime>1598761576</CreateTime>
<MsgType><![CDATA[event]]></MsgType>
<Event><![CDATA[VIEW]]></Event>
<EventKey><![CDATA[http://www.boyufengmao.com/app/index.php?i=6&c=entry&m=ewei_shopv2&do=mobile&r=diypage&id=35]]></EventKey>
<MenuId>445261982</MenuId>
</xml>

2020-08-30 12:26:16 params :
------------
String:
array (
  'rule' => -2,
  'module' => '',
  'message' => 
  array (
    'tousername' => 'gh_f9b894563ef4',
    'fromusername' => 'o5V8y1Yz8n28OfbKlwkoDMGwp634',
    'createtime' => '1598761576',
    'msgtype' => 'event',
    'event' => 'VIEW',
    'eventkey' => 'http://www.boyufengmao.com/app/index.php?i=6&c=entry&m=ewei_shopv2&do=mobile&r=diypage&id=35',
    'menuid' => '445261982',
    'from' => 'o5V8y1Yz8n28OfbKlwkoDMGwp634',
    'to' => 'gh_f9b894563ef4',
    'time' => '1598761576',
    'type' => 'text',
    'content' => 'http://www.boyufengmao.com/app/index.php?i=6&c=entry&m=ewei_shopv2&do=mobile&r=diypage&id=35',
    'redirection' => true,
    'source' => 'VIEW',
  ),
)

2020-08-30 12:26:16 response :
------------

2020-08-30 12:26:45 trace :
------------
String:
<xml><ToUserName><![CDATA[gh_f9b894563ef4]]></ToUserName>
<FromUserName><![CDATA[o5V8y1Yz8n28OfbKlwkoDMGwp634]]></FromUserName>
<CreateTime>1598761605</CreateTime>
<MsgType><![CDATA[event]]></MsgType>
<Event><![CDATA[VIEW]]></Event>
<EventKey><![CDATA[http://www.boyufengmao.com/app/index.php?i=6&c=entry&m=ewei_shopv2&do=mobile&r=diypage&id=35]]></EventKey>
<MenuId>445261982</MenuId>
</xml>

2020-08-30 12:26:45 params :
------------
String:
array (
  'rule' => -2,
  'module' => '',
  'message' => 
  array (
    'tousername' => 'gh_f9b894563ef4',
    'fromusername' => 'o5V8y1Yz8n28OfbKlwkoDMGwp634',
    'createtime' => '1598761605',
    'msgtype' => 'event',
    'event' => 'VIEW',
    'eventkey' => 'http://www.boyufengmao.com/app/index.php?i=6&c=entry&m=ewei_shopv2&do=mobile&r=diypage&id=35',
    'menuid' => '445261982',
    'from' => 'o5V8y1Yz8n28OfbKlwkoDMGwp634',
    'to' => 'gh_f9b894563ef4',
    'time' => '1598761605',
    'type' => 'text',
    'content' => 'http://www.boyufengmao.com/app/index.php?i=6&c=entry&m=ewei_shopv2&do=mobile&r=diypage&id=35',
    'redirection' => true,
    'source' => 'VIEW',
  ),
)

2020-08-30 12:26:45 response :
------------

2020-08-30 12:29:05 trace :
------------
String:
<xml><ToUserName><![CDATA[gh_f9b894563ef4]]></ToUserName>
<FromUserName><![CDATA[o5V8y1V1IzEBgT72qe7qLwsVhrVE]]></FromUserName>
<CreateTime>1598761745</CreateTime>
<MsgType><![CDATA[event]]></MsgType>
<Event><![CDATA[VIEW]]></Event>
<EventKey><![CDATA[http://www.boyufengmao.com/app/index.php?i=6&c=entry&m=ewei_shopv2&do=mobile&r=diypage&id=35]]></EventKey>
<MenuId>445261982</MenuId>
</xml>

2020-08-30 12:29:05 params :
------------
String:
array (
  'rule' => -2,
  'module' => '',
  'message' => 
  array (
    'tousername' => 'gh_f9b894563ef4',
    'fromusername' => 'o5V8y1V1IzEBgT72qe7qLwsVhrVE',
    'createtime' => '1598761745',
    'msgtype' => 'event',
    'event' => 'VIEW',
    'eventkey' => 'http://www.boyufengmao.com/app/index.php?i=6&c=entry&m=ewei_shopv2&do=mobile&r=diypage&id=35',
    'menuid' => '445261982',
    'from' => 'o5V8y1V1IzEBgT72qe7qLwsVhrVE',
    'to' => 'gh_f9b894563ef4',
    'time' => '1598761745',
    'type' => 'text',
    'content' => 'http://www.boyufengmao.com/app/index.php?i=6&c=entry&m=ewei_shopv2&do=mobile&r=diypage&id=35',
    'redirection' => true,
    'source' => 'VIEW',
  ),
)

2020-08-30 12:29:05 response :
------------

2020-08-30 12:55:25 trace :
------------
String:
<xml><ToUserName><![CDATA[gh_f9b894563ef4]]></ToUserName>
<FromUserName><![CDATA[o5V8y1aSZ_bYTV_EdIDY7tbnR-7I]]></FromUserName>
<CreateTime>1598763325</CreateTime>
<MsgType><![CDATA[event]]></MsgType>
<Event><![CDATA[VIEW]]></Event>
<EventKey><![CDATA[http://www.boyufengmao.com/app/index.php?i=6&c=entry&m=ewei_shopv2&do=mobile&r=diypage&id=35]]></EventKey>
<MenuId>445261982</MenuId>
</xml>

2020-08-30 12:55:25 params :
------------
String:
array (
  'rule' => -2,
  'module' => '',
  'message' => 
  array (
    'tousername' => 'gh_f9b894563ef4',
    'fromusername' => 'o5V8y1aSZ_bYTV_EdIDY7tbnR-7I',
    'createtime' => '1598763325',
    'msgtype' => 'event',
    'event' => 'VIEW',
    'eventkey' => 'http://www.boyufengmao.com/app/index.php?i=6&c=entry&m=ewei_shopv2&do=mobile&r=diypage&id=35',
    'menuid' => '445261982',
    'from' => 'o5V8y1aSZ_bYTV_EdIDY7tbnR-7I',
    'to' => 'gh_f9b894563ef4',
    'time' => '1598763325',
    'type' => 'text',
    'content' => 'http://www.boyufengmao.com/app/index.php?i=6&c=entry&m=ewei_shopv2&do=mobile&r=diypage&id=35',
    'redirection' => true,
    'source' => 'VIEW',
  ),
)

2020-08-30 12:55:25 response :
------------

2020-08-30 13:00:06 trace :
------------
String:
<xml><ToUserName><![CDATA[gh_f9b894563ef4]]></ToUserName>
<FromUserName><![CDATA[o5V8y1eVDP_H-lxihYwluOAD8KW0]]></FromUserName>
<CreateTime>1598763606</CreateTime>
<MsgType><![CDATA[event]]></MsgType>
<Event><![CDATA[VIEW]]></Event>
<EventKey><![CDATA[http://www.boyufengmao.com/app/index.php?i=6&c=entry&m=ewei_shopv2&do=mobile&r=diypage&id=35]]></EventKey>
<MenuId>445261982</MenuId>
</xml>

2020-08-30 13:00:06 params :
------------
String:
array (
  'rule' => -2,
  'module' => '',
  'message' => 
  array (
    'tousername' => 'gh_f9b894563ef4',
    'fromusername' => 'o5V8y1eVDP_H-lxihYwluOAD8KW0',
    'createtime' => '1598763606',
    'msgtype' => 'event',
    'event' => 'VIEW',
    'eventkey' => 'http://www.boyufengmao.com/app/index.php?i=6&c=entry&m=ewei_shopv2&do=mobile&r=diypage&id=35',
    'menuid' => '445261982',
    'from' => 'o5V8y1eVDP_H-lxihYwluOAD8KW0',
    'to' => 'gh_f9b894563ef4',
    'time' => '1598763606',
    'type' => 'text',
    'content' => 'http://www.boyufengmao.com/app/index.php?i=6&c=entry&m=ewei_shopv2&do=mobile&r=diypage&id=35',
    'redirection' => true,
    'source' => 'VIEW',
  ),
)

2020-08-30 13:00:06 response :
------------

2020-08-30 13:02:08 trace :
------------
String:
<xml><ToUserName><![CDATA[gh_f9b894563ef4]]></ToUserName>
<FromUserName><![CDATA[o5V8y1YlcJ0TGrHDRiley6uD47uw]]></FromUserName>
<CreateTime>1598763728</CreateTime>
<MsgType><![CDATA[event]]></MsgType>
<Event><![CDATA[subscribe]]></Event>
<EventKey><![CDATA[]]></EventKey>
</xml>

2020-08-30 13:02:08 params :
------------
String:
array (
  'rule' => -2,
  'module' => '',
  'message' => 
  array (
    'tousername' => 'gh_f9b894563ef4',
    'fromusername' => 'o5V8y1YlcJ0TGrHDRiley6uD47uw',
    'createtime' => '1598763728',
    'msgtype' => 'event',
    'event' => 'subscribe',
    'eventkey' => '',
    'from' => 'o5V8y1YlcJ0TGrHDRiley6uD47uw',
    'to' => 'gh_f9b894563ef4',
    'time' => '1598763728',
    'type' => 'text',
    'redirection' => true,
    'source' => 'subscribe',
  ),
)

2020-08-30 13:02:08 response :
------------

2020-08-30 13:02:10 trace :
------------
String:
<xml><ToUserName><![CDATA[gh_f9b894563ef4]]></ToUserName>
<FromUserName><![CDATA[o5V8y1YlcJ0TGrHDRiley6uD47uw]]></FromUserName>
<CreateTime>1598763729</CreateTime>
<MsgType><![CDATA[event]]></MsgType>
<Event><![CDATA[VIEW]]></Event>
<EventKey><![CDATA[http://www.boyufengmao.com/app/index.php?i=6&c=entry&m=ewei_shopv2&do=mobile]]></EventKey>
<MenuId>445261982</MenuId>
</xml>

2020-08-30 13:02:10 params :
------------
String:
array (
  'rule' => -2,
  'module' => '',
  'message' => 
  array (
    'tousername' => 'gh_f9b894563ef4',
    'fromusername' => 'o5V8y1YlcJ0TGrHDRiley6uD47uw',
    'createtime' => '1598763729',
    'msgtype' => 'event',
    'event' => 'VIEW',
    'eventkey' => 'http://www.boyufengmao.com/app/index.php?i=6&c=entry&m=ewei_shopv2&do=mobile',
    'menuid' => '445261982',
    'from' => 'o5V8y1YlcJ0TGrHDRiley6uD47uw',
    'to' => 'gh_f9b894563ef4',
    'time' => '1598763729',
    'type' => 'text',
    'content' => 'http://www.boyufengmao.com/app/index.php?i=6&c=entry&m=ewei_shopv2&do=mobile',
    'redirection' => true,
    'source' => 'VIEW',
  ),
)

2020-08-30 13:02:10 response :
------------

2020-08-30 13:03:45 trace :
------------
String:
<xml><ToUserName><![CDATA[gh_f9b894563ef4]]></ToUserName>
<FromUserName><![CDATA[o5V8y1e7aw2BCePToSMbWkgiglEI]]></FromUserName>
<CreateTime>1598763825</CreateTime>
<MsgType><![CDATA[event]]></MsgType>
<Event><![CDATA[subscribe]]></Event>
<EventKey><![CDATA[]]></EventKey>
</xml>

2020-08-30 13:03:45 params :
------------
String:
array (
  'rule' => -2,
  'module' => '',
  'message' => 
  array (
    'tousername' => 'gh_f9b894563ef4',
    'fromusername' => 'o5V8y1e7aw2BCePToSMbWkgiglEI',
    'createtime' => '1598763825',
    'msgtype' => 'event',
    'event' => 'subscribe',
    'eventkey' => '',
    'from' => 'o5V8y1e7aw2BCePToSMbWkgiglEI',
    'to' => 'gh_f9b894563ef4',
    'time' => '1598763825',
    'type' => 'text',
    'redirection' => true,
    'source' => 'subscribe',
  ),
)

2020-08-30 13:03:45 response :
------------

2020-08-30 13:03:47 trace :
------------
String:
<xml><ToUserName><![CDATA[gh_f9b894563ef4]]></ToUserName>
<FromUserName><![CDATA[o5V8y1e7aw2BCePToSMbWkgiglEI]]></FromUserName>
<CreateTime>1598763827</CreateTime>
<MsgType><![CDATA[event]]></MsgType>
<Event><![CDATA[VIEW]]></Event>
<EventKey><![CDATA[http://www.boyufengmao.com/app/index.php?i=6&c=entry&m=ewei_shopv2&do=mobile&r=diypage&id=35]]></EventKey>
<MenuId>445261982</MenuId>
</xml>

2020-08-30 13:03:47 params :
------------
String:
array (
  'rule' => -2,
  'module' => '',
  'message' => 
  array (
    'tousername' => 'gh_f9b894563ef4',
    'fromusername' => 'o5V8y1e7aw2BCePToSMbWkgiglEI',
    'createtime' => '1598763827',
    'msgtype' => 'event',
    'event' => 'VIEW',
    'eventkey' => 'http://www.boyufengmao.com/app/index.php?i=6&c=entry&m=ewei_shopv2&do=mobile&r=diypage&id=35',
    'menuid' => '445261982',
    'from' => 'o5V8y1e7aw2BCePToSMbWkgiglEI',
    'to' => 'gh_f9b894563ef4',
    'time' => '1598763827',
    'type' => 'text',
    'content' => 'http://www.boyufengmao.com/app/index.php?i=6&c=entry&m=ewei_shopv2&do=mobile&r=diypage&id=35',
    'redirection' => true,
    'source' => 'VIEW',
  ),
)

2020-08-30 13:03:47 response :
------------

2020-08-30 13:04:29 trace :
------------
String:
<xml><ToUserName><![CDATA[gh_f9b894563ef4]]></ToUserName>
<FromUserName><![CDATA[o5V8y1e7aw2BCePToSMbWkgiglEI]]></FromUserName>
<CreateTime>1598763869</CreateTime>
<MsgType><![CDATA[event]]></MsgType>
<Event><![CDATA[VIEW]]></Event>
<EventKey><![CDATA[http://www.boyufengmao.com/app/index.php?i=6&c=entry&m=ewei_shopv2&do=mobile]]></EventKey>
<MenuId>445261982</MenuId>
</xml>

2020-08-30 13:04:29 params :
------------
String:
array (
  'rule' => -2,
  'module' => '',
  'message' => 
  array (
    'tousername' => 'gh_f9b894563ef4',
    'fromusername' => 'o5V8y1e7aw2BCePToSMbWkgiglEI',
    'createtime' => '1598763869',
    'msgtype' => 'event',
    'event' => 'VIEW',
    'eventkey' => 'http://www.boyufengmao.com/app/index.php?i=6&c=entry&m=ewei_shopv2&do=mobile',
    'menuid' => '445261982',
    'from' => 'o5V8y1e7aw2BCePToSMbWkgiglEI',
    'to' => 'gh_f9b894563ef4',
    'time' => '1598763869',
    'type' => 'text',
    'content' => 'http://www.boyufengmao.com/app/index.php?i=6&c=entry&m=ewei_shopv2&do=mobile',
    'redirection' => true,
    'source' => 'VIEW',
  ),
)

2020-08-30 13:04:29 response :
------------

2020-08-30 13:04:40 trace :
------------
String:
<xml><ToUserName><![CDATA[gh_f9b894563ef4]]></ToUserName>
<FromUserName><![CDATA[o5V8y1e7aw2BCePToSMbWkgiglEI]]></FromUserName>
<CreateTime>1598763880</CreateTime>
<MsgType><![CDATA[event]]></MsgType>
<Event><![CDATA[VIEW]]></Event>
<EventKey><![CDATA[http://www.boyufengmao.com/app/index.php?i=6&c=entry&m=ewei_shopv2&do=mobile&r=diypage&id=35]]></EventKey>
<MenuId>445261982</MenuId>
</xml>

2020-08-30 13:04:40 params :
------------
String:
array (
  'rule' => -2,
  'module' => '',
  'message' => 
  array (
    'tousername' => 'gh_f9b894563ef4',
    'fromusername' => 'o5V8y1e7aw2BCePToSMbWkgiglEI',
    'createtime' => '1598763880',
    'msgtype' => 'event',
    'event' => 'VIEW',
    'eventkey' => 'http://www.boyufengmao.com/app/index.php?i=6&c=entry&m=ewei_shopv2&do=mobile&r=diypage&id=35',
    'menuid' => '445261982',
    'from' => 'o5V8y1e7aw2BCePToSMbWkgiglEI',
    'to' => 'gh_f9b894563ef4',
    'time' => '1598763880',
    'type' => 'text',
    'content' => 'http://www.boyufengmao.com/app/index.php?i=6&c=entry&m=ewei_shopv2&do=mobile&r=diypage&id=35',
    'redirection' => true,
    'source' => 'VIEW',
  ),
)

2020-08-30 13:04:40 response :
------------

2020-08-30 13:13:27 trace :
------------
String:
<xml><ToUserName><![CDATA[gh_f9b894563ef4]]></ToUserName>
<FromUserName><![CDATA[o5V8y1bfxGWc-MQK03fLf9Rm6LD8]]></FromUserName>
<CreateTime>1598764406</CreateTime>
<MsgType><![CDATA[event]]></MsgType>
<Event><![CDATA[subscribe]]></Event>
<EventKey><![CDATA[]]></EventKey>
</xml>

2020-08-30 13:13:27 params :
------------
String:
array (
  'rule' => -2,
  'module' => '',
  'message' => 
  array (
    'tousername' => 'gh_f9b894563ef4',
    'fromusername' => 'o5V8y1bfxGWc-MQK03fLf9Rm6LD8',
    'createtime' => '1598764406',
    'msgtype' => 'event',
    'event' => 'subscribe',
    'eventkey' => '',
    'from' => 'o5V8y1bfxGWc-MQK03fLf9Rm6LD8',
    'to' => 'gh_f9b894563ef4',
    'time' => '1598764406',
    'type' => 'text',
    'redirection' => true,
    'source' => 'subscribe',
  ),
)

2020-08-30 13:13:27 response :
------------

2020-08-30 13:13:28 trace :
------------
String:
<xml><ToUserName><![CDATA[gh_f9b894563ef4]]></ToUserName>
<FromUserName><![CDATA[o5V8y1bfxGWc-MQK03fLf9Rm6LD8]]></FromUserName>
<CreateTime>1598764408</CreateTime>
<MsgType><![CDATA[event]]></MsgType>
<Event><![CDATA[VIEW]]></Event>
<EventKey><![CDATA[http://www.boyufengmao.com/app/index.php?i=6&c=entry&m=ewei_shopv2&do=mobile&r=diypage&id=35]]></EventKey>
<MenuId>445261982</MenuId>
</xml>

2020-08-30 13:13:28 params :
------------
String:
array (
  'rule' => -2,
  'module' => '',
  'message' => 
  array (
    'tousername' => 'gh_f9b894563ef4',
    'fromusername' => 'o5V8y1bfxGWc-MQK03fLf9Rm6LD8',
    'createtime' => '1598764408',
    'msgtype' => 'event',
    'event' => 'VIEW',
    'eventkey' => 'http://www.boyufengmao.com/app/index.php?i=6&c=entry&m=ewei_shopv2&do=mobile&r=diypage&id=35',
    'menuid' => '445261982',
    'from' => 'o5V8y1bfxGWc-MQK03fLf9Rm6LD8',
    'to' => 'gh_f9b894563ef4',
    'time' => '1598764408',
    'type' => 'text',
    'content' => 'http://www.boyufengmao.com/app/index.php?i=6&c=entry&m=ewei_shopv2&do=mobile&r=diypage&id=35',
    'redirection' => true,
    'source' => 'VIEW',
  ),
)

2020-08-30 13:13:28 response :
------------

2020-08-30 13:13:39 trace :
------------
String:
<xml><ToUserName><![CDATA[gh_f9b894563ef4]]></ToUserName>
<FromUserName><![CDATA[o5V8y1bfxGWc-MQK03fLf9Rm6LD8]]></FromUserName>
<CreateTime>1598764419</CreateTime>
<MsgType><![CDATA[event]]></MsgType>
<Event><![CDATA[VIEW]]></Event>
<EventKey><![CDATA[http://www.boyufengmao.com/app/index.php?i=6&c=entry&m=ewei_shopv2&do=mobile&r=diypage&id=35]]></EventKey>
<MenuId>445261982</MenuId>
</xml>

2020-08-30 13:13:39 params :
------------
String:
array (
  'rule' => -2,
  'module' => '',
  'message' => 
  array (
    'tousername' => 'gh_f9b894563ef4',
    'fromusername' => 'o5V8y1bfxGWc-MQK03fLf9Rm6LD8',
    'createtime' => '1598764419',
    'msgtype' => 'event',
    'event' => 'VIEW',
    'eventkey' => 'http://www.boyufengmao.com/app/index.php?i=6&c=entry&m=ewei_shopv2&do=mobile&r=diypage&id=35',
    'menuid' => '445261982',
    'from' => 'o5V8y1bfxGWc-MQK03fLf9Rm6LD8',
    'to' => 'gh_f9b894563ef4',
    'time' => '1598764419',
    'type' => 'text',
    'content' => 'http://www.boyufengmao.com/app/index.php?i=6&c=entry&m=ewei_shopv2&do=mobile&r=diypage&id=35',
    'redirection' => true,
    'source' => 'VIEW',
  ),
)

2020-08-30 13:13:39 response :
------------

2020-08-30 13:13:40 trace :
------------
String:
<xml><ToUserName><![CDATA[gh_f9b894563ef4]]></ToUserName>
<FromUserName><![CDATA[o5V8y1bfxGWc-MQK03fLf9Rm6LD8]]></FromUserName>
<CreateTime>1598764420</CreateTime>
<MsgType><![CDATA[event]]></MsgType>
<Event><![CDATA[VIEW]]></Event>
<EventKey><![CDATA[http://www.boyufengmao.com/app/index.php?i=6&c=entry&m=ewei_shopv2&do=mobile]]></EventKey>
<MenuId>445261982</MenuId>
</xml>

2020-08-30 13:13:40 params :
------------
String:
array (
  'rule' => -2,
  'module' => '',
  'message' => 
  array (
    'tousername' => 'gh_f9b894563ef4',
    'fromusername' => 'o5V8y1bfxGWc-MQK03fLf9Rm6LD8',
    'createtime' => '1598764420',
    'msgtype' => 'event',
    'event' => 'VIEW',
    'eventkey' => 'http://www.boyufengmao.com/app/index.php?i=6&c=entry&m=ewei_shopv2&do=mobile',
    'menuid' => '445261982',
    'from' => 'o5V8y1bfxGWc-MQK03fLf9Rm6LD8',
    'to' => 'gh_f9b894563ef4',
    'time' => '1598764420',
    'type' => 'text',
    'content' => 'http://www.boyufengmao.com/app/index.php?i=6&c=entry&m=ewei_shopv2&do=mobile',
    'redirection' => true,
    'source' => 'VIEW',
  ),
)

2020-08-30 13:13:40 response :
------------

2020-08-30 13:31:16 trace :
------------
String:
<xml><ToUserName><![CDATA[gh_f9b894563ef4]]></ToUserName>
<FromUserName><![CDATA[o5V8y1X-gihb5rdQE9PKHYKT-o5g]]></FromUserName>
<CreateTime>1598765476</CreateTime>
<MsgType><![CDATA[event]]></MsgType>
<Event><![CDATA[VIEW]]></Event>
<EventKey><![CDATA[http://www.boyufengmao.com/app/index.php?i=6&c=entry&m=ewei_shopv2&do=mobile]]></EventKey>
<MenuId>445261982</MenuId>
</xml>

2020-08-30 13:31:16 params :
------------
String:
array (
  'rule' => -2,
  'module' => '',
  'message' => 
  array (
    'tousername' => 'gh_f9b894563ef4',
    'fromusername' => 'o5V8y1X-gihb5rdQE9PKHYKT-o5g',
    'createtime' => '1598765476',
    'msgtype' => 'event',
    'event' => 'VIEW',
    'eventkey' => 'http://www.boyufengmao.com/app/index.php?i=6&c=entry&m=ewei_shopv2&do=mobile',
    'menuid' => '445261982',
    'from' => 'o5V8y1X-gihb5rdQE9PKHYKT-o5g',
    'to' => 'gh_f9b894563ef4',
    'time' => '1598765476',
    'type' => 'text',
    'content' => 'http://www.boyufengmao.com/app/index.php?i=6&c=entry&m=ewei_shopv2&do=mobile',
    'redirection' => true,
    'source' => 'VIEW',
  ),
)

2020-08-30 13:31:16 response :
------------

2020-08-30 13:34:17 trace :
------------
String:
<xml><ToUserName><![CDATA[gh_f9b894563ef4]]></ToUserName>
<FromUserName><![CDATA[o5V8y1bfxGWc-MQK03fLf9Rm6LD8]]></FromUserName>
<CreateTime>1598765657</CreateTime>
<MsgType><![CDATA[event]]></MsgType>
<Event><![CDATA[VIEW]]></Event>
<EventKey><![CDATA[http://www.boyufengmao.com/app/index.php?i=6&c=entry&m=ewei_shopv2&do=mobile&r=diypage&id=35]]></EventKey>
<MenuId>445261982</MenuId>
</xml>

2020-08-30 13:34:17 params :
------------
String:
array (
  'rule' => -2,
  'module' => '',
  'message' => 
  array (
    'tousername' => 'gh_f9b894563ef4',
    'fromusername' => 'o5V8y1bfxGWc-MQK03fLf9Rm6LD8',
    'createtime' => '1598765657',
    'msgtype' => 'event',
    'event' => 'VIEW',
    'eventkey' => 'http://www.boyufengmao.com/app/index.php?i=6&c=entry&m=ewei_shopv2&do=mobile&r=diypage&id=35',
    'menuid' => '445261982',
    'from' => 'o5V8y1bfxGWc-MQK03fLf9Rm6LD8',
    'to' => 'gh_f9b894563ef4',
    'time' => '1598765657',
    'type' => 'text',
    'content' => 'http://www.boyufengmao.com/app/index.php?i=6&c=entry&m=ewei_shopv2&do=mobile&r=diypage&id=35',
    'redirection' => true,
    'source' => 'VIEW',
  ),
)

2020-08-30 13:34:17 response :
------------

2020-08-30 13:34:50 trace :
------------
String:
<xml><ToUserName><![CDATA[gh_f9b894563ef4]]></ToUserName>
<FromUserName><![CDATA[o5V8y1bfxGWc-MQK03fLf9Rm6LD8]]></FromUserName>
<CreateTime>1598765689</CreateTime>
<MsgType><![CDATA[event]]></MsgType>
<Event><![CDATA[VIEW]]></Event>
<EventKey><![CDATA[http://www.boyufengmao.com/app/index.php?i=6&c=entry&m=ewei_shopv2&do=mobile&r=diypage&id=35]]></EventKey>
<MenuId>445261982</MenuId>
</xml>

2020-08-30 13:34:50 params :
------------
String:
array (
  'rule' => -2,
  'module' => '',
  'message' => 
  array (
    'tousername' => 'gh_f9b894563ef4',
    'fromusername' => 'o5V8y1bfxGWc-MQK03fLf9Rm6LD8',
    'createtime' => '1598765689',
    'msgtype' => 'event',
    'event' => 'VIEW',
    'eventkey' => 'http://www.boyufengmao.com/app/index.php?i=6&c=entry&m=ewei_shopv2&do=mobile&r=diypage&id=35',
    'menuid' => '445261982',
    'from' => 'o5V8y1bfxGWc-MQK03fLf9Rm6LD8',
    'to' => 'gh_f9b894563ef4',
    'time' => '1598765689',
    'type' => 'text',
    'content' => 'http://www.boyufengmao.com/app/index.php?i=6&c=entry&m=ewei_shopv2&do=mobile&r=diypage&id=35',
    'redirection' => true,
    'source' => 'VIEW',
  ),
)

2020-08-30 13:34:50 response :
------------

2020-08-30 13:37:40 trace :
------------
String:
<xml><ToUserName><![CDATA[gh_f9b894563ef4]]></ToUserName>
<FromUserName><![CDATA[o5V8y1ekIog5HKMdnJOKJOEMjE0Y]]></FromUserName>
<CreateTime>1598765860</CreateTime>
<MsgType><![CDATA[event]]></MsgType>
<Event><![CDATA[VIEW]]></Event>
<EventKey><![CDATA[http://www.boyufengmao.com/app/index.php?i=6&c=entry&m=ewei_shopv2&do=mobile&r=diypage&id=35]]></EventKey>
<MenuId>445261982</MenuId>
</xml>

2020-08-30 13:37:40 params :
------------
String:
array (
  'rule' => -2,
  'module' => '',
  'message' => 
  array (
    'tousername' => 'gh_f9b894563ef4',
    'fromusername' => 'o5V8y1ekIog5HKMdnJOKJOEMjE0Y',
    'createtime' => '1598765860',
    'msgtype' => 'event',
    'event' => 'VIEW',
    'eventkey' => 'http://www.boyufengmao.com/app/index.php?i=6&c=entry&m=ewei_shopv2&do=mobile&r=diypage&id=35',
    'menuid' => '445261982',
    'from' => 'o5V8y1ekIog5HKMdnJOKJOEMjE0Y',
    'to' => 'gh_f9b894563ef4',
    'time' => '1598765860',
    'type' => 'text',
    'content' => 'http://www.boyufengmao.com/app/index.php?i=6&c=entry&m=ewei_shopv2&do=mobile&r=diypage&id=35',
    'redirection' => true,
    'source' => 'VIEW',
  ),
)

2020-08-30 13:37:40 response :
------------

2020-08-30 13:42:13 trace :
------------
String:
<xml><ToUserName><![CDATA[gh_f9b894563ef4]]></ToUserName>
<FromUserName><![CDATA[o5V8y1TqPX40OkDSjL6y5mNRsfVA]]></FromUserName>
<CreateTime>1598766133</CreateTime>
<MsgType><![CDATA[event]]></MsgType>
<Event><![CDATA[subscribe]]></Event>
<EventKey><![CDATA[]]></EventKey>
</xml>

2020-08-30 13:42:13 params :
------------
String:
array (
  'rule' => -2,
  'module' => '',
  'message' => 
  array (
    'tousername' => 'gh_f9b894563ef4',
    'fromusername' => 'o5V8y1TqPX40OkDSjL6y5mNRsfVA',
    'createtime' => '1598766133',
    'msgtype' => 'event',
    'event' => 'subscribe',
    'eventkey' => '',
    'from' => 'o5V8y1TqPX40OkDSjL6y5mNRsfVA',
    'to' => 'gh_f9b894563ef4',
    'time' => '1598766133',
    'type' => 'text',
    'redirection' => true,
    'source' => 'subscribe',
  ),
)

2020-08-30 13:42:13 response :
------------

2020-08-30 13:42:16 trace :
------------
String:
<xml><ToUserName><![CDATA[gh_f9b894563ef4]]></ToUserName>
<FromUserName><![CDATA[o5V8y1TqPX40OkDSjL6y5mNRsfVA]]></FromUserName>
<CreateTime>1598766136</CreateTime>
<MsgType><![CDATA[event]]></MsgType>
<Event><![CDATA[VIEW]]></Event>
<EventKey><![CDATA[http://www.boyufengmao.com/app/index.php?i=6&c=entry&m=ewei_shopv2&do=mobile]]></EventKey>
<MenuId>445261982</MenuId>
</xml>

2020-08-30 13:42:16 params :
------------
String:
array (
  'rule' => -2,
  'module' => '',
  'message' => 
  array (
    'tousername' => 'gh_f9b894563ef4',
    'fromusername' => 'o5V8y1TqPX40OkDSjL6y5mNRsfVA',
    'createtime' => '1598766136',
    'msgtype' => 'event',
    'event' => 'VIEW',
    'eventkey' => 'http://www.boyufengmao.com/app/index.php?i=6&c=entry&m=ewei_shopv2&do=mobile',
    'menuid' => '445261982',
    'from' => 'o5V8y1TqPX40OkDSjL6y5mNRsfVA',
    'to' => 'gh_f9b894563ef4',
    'time' => '1598766136',
    'type' => 'text',
    'content' => 'http://www.boyufengmao.com/app/index.php?i=6&c=entry&m=ewei_shopv2&do=mobile',
    'redirection' => true,
    'source' => 'VIEW',
  ),
)

2020-08-30 13:42:16 response :
------------

2020-08-30 13:43:31 trace :
------------
String:
<xml><ToUserName><![CDATA[gh_f9b894563ef4]]></ToUserName>
<FromUserName><![CDATA[o5V8y1Yz8n28OfbKlwkoDMGwp634]]></FromUserName>
<CreateTime>1598766211</CreateTime>
<MsgType><![CDATA[event]]></MsgType>
<Event><![CDATA[VIEW]]></Event>
<EventKey><![CDATA[http://www.boyufengmao.com/app/index.php?i=6&c=entry&m=ewei_shopv2&do=mobile&r=diypage&id=35]]></EventKey>
<MenuId>445261982</MenuId>
</xml>

2020-08-30 13:43:31 params :
------------
String:
array (
  'rule' => -2,
  'module' => '',
  'message' => 
  array (
    'tousername' => 'gh_f9b894563ef4',
    'fromusername' => 'o5V8y1Yz8n28OfbKlwkoDMGwp634',
    'createtime' => '1598766211',
    'msgtype' => 'event',
    'event' => 'VIEW',
    'eventkey' => 'http://www.boyufengmao.com/app/index.php?i=6&c=entry&m=ewei_shopv2&do=mobile&r=diypage&id=35',
    'menuid' => '445261982',
    'from' => 'o5V8y1Yz8n28OfbKlwkoDMGwp634',
    'to' => 'gh_f9b894563ef4',
    'time' => '1598766211',
    'type' => 'text',
    'content' => 'http://www.boyufengmao.com/app/index.php?i=6&c=entry&m=ewei_shopv2&do=mobile&r=diypage&id=35',
    'redirection' => true,
    'source' => 'VIEW',
  ),
)

2020-08-30 13:43:31 response :
------------

2020-08-30 13:45:41 trace :
------------
String:
<xml><ToUserName><![CDATA[gh_f9b894563ef4]]></ToUserName>
<FromUserName><![CDATA[o5V8y1Q0n1aOm53myATc4Q4r7j7w]]></FromUserName>
<CreateTime>1598766341</CreateTime>
<MsgType><![CDATA[event]]></MsgType>
<Event><![CDATA[VIEW]]></Event>
<EventKey><![CDATA[http://www.boyufengmao.com/app/index.php?i=6&c=entry&m=ewei_shopv2&do=mobile]]></EventKey>
<MenuId>445261982</MenuId>
</xml>

2020-08-30 13:45:41 params :
------------
String:
array (
  'rule' => -2,
  'module' => '',
  'message' => 
  array (
    'tousername' => 'gh_f9b894563ef4',
    'fromusername' => 'o5V8y1Q0n1aOm53myATc4Q4r7j7w',
    'createtime' => '1598766341',
    'msgtype' => 'event',
    'event' => 'VIEW',
    'eventkey' => 'http://www.boyufengmao.com/app/index.php?i=6&c=entry&m=ewei_shopv2&do=mobile',
    'menuid' => '445261982',
    'from' => 'o5V8y1Q0n1aOm53myATc4Q4r7j7w',
    'to' => 'gh_f9b894563ef4',
    'time' => '1598766341',
    'type' => 'text',
    'content' => 'http://www.boyufengmao.com/app/index.php?i=6&c=entry&m=ewei_shopv2&do=mobile',
    'redirection' => true,
    'source' => 'VIEW',
  ),
)

2020-08-30 13:45:41 response :
------------

2020-08-30 13:46:13 trace :
------------
String:
<xml><ToUserName><![CDATA[gh_f9b894563ef4]]></ToUserName>
<FromUserName><![CDATA[o5V8y1YlcJ0TGrHDRiley6uD47uw]]></FromUserName>
<CreateTime>1598766372</CreateTime>
<MsgType><![CDATA[event]]></MsgType>
<Event><![CDATA[VIEW]]></Event>
<EventKey><![CDATA[http://www.boyufengmao.com/app/index.php?i=6&c=entry&m=ewei_shopv2&do=mobile&r=diypage&id=35]]></EventKey>
<MenuId>445261982</MenuId>
</xml>

2020-08-30 13:46:13 params :
------------
String:
array (
  'rule' => -2,
  'module' => '',
  'message' => 
  array (
    'tousername' => 'gh_f9b894563ef4',
    'fromusername' => 'o5V8y1YlcJ0TGrHDRiley6uD47uw',
    'createtime' => '1598766372',
    'msgtype' => 'event',
    'event' => 'VIEW',
    'eventkey' => 'http://www.boyufengmao.com/app/index.php?i=6&c=entry&m=ewei_shopv2&do=mobile&r=diypage&id=35',
    'menuid' => '445261982',
    'from' => 'o5V8y1YlcJ0TGrHDRiley6uD47uw',
    'to' => 'gh_f9b894563ef4',
    'time' => '1598766372',
    'type' => 'text',
    'content' => 'http://www.boyufengmao.com/app/index.php?i=6&c=entry&m=ewei_shopv2&do=mobile&r=diypage&id=35',
    'redirection' => true,
    'source' => 'VIEW',
  ),
)

2020-08-30 13:46:13 response :
------------

2020-08-30 13:47:58 trace :
------------
String:
<xml><ToUserName><![CDATA[gh_f9b894563ef4]]></ToUserName>
<FromUserName><![CDATA[o5V8y1YlcJ0TGrHDRiley6uD47uw]]></FromUserName>
<CreateTime>1598766478</CreateTime>
<MsgType><![CDATA[event]]></MsgType>
<Event><![CDATA[VIEW]]></Event>
<EventKey><![CDATA[http://www.boyufengmao.com/app/index.php?i=6&c=entry&m=ewei_shopv2&do=mobile&r=diypage&id=35]]></EventKey>
<MenuId>445261982</MenuId>
</xml>

2020-08-30 13:47:58 params :
------------
String:
array (
  'rule' => -2,
  'module' => '',
  'message' => 
  array (
    'tousername' => 'gh_f9b894563ef4',
    'fromusername' => 'o5V8y1YlcJ0TGrHDRiley6uD47uw',
    'createtime' => '1598766478',
    'msgtype' => 'event',
    'event' => 'VIEW',
    'eventkey' => 'http://www.boyufengmao.com/app/index.php?i=6&c=entry&m=ewei_shopv2&do=mobile&r=diypage&id=35',
    'menuid' => '445261982',
    'from' => 'o5V8y1YlcJ0TGrHDRiley6uD47uw',
    'to' => 'gh_f9b894563ef4',
    'time' => '1598766478',
    'type' => 'text',
    'content' => 'http://www.boyufengmao.com/app/index.php?i=6&c=entry&m=ewei_shopv2&do=mobile&r=diypage&id=35',
    'redirection' => true,
    'source' => 'VIEW',
  ),
)

2020-08-30 13:47:58 response :
------------

2020-08-30 13:49:04 trace :
------------
String:
<xml><ToUserName><![CDATA[gh_f9b894563ef4]]></ToUserName>
<FromUserName><![CDATA[o5V8y1e7aw2BCePToSMbWkgiglEI]]></FromUserName>
<CreateTime>1598766544</CreateTime>
<MsgType><![CDATA[event]]></MsgType>
<Event><![CDATA[VIEW]]></Event>
<EventKey><![CDATA[http://www.boyufengmao.com/app/index.php?i=6&c=entry&m=ewei_shopv2&do=mobile&r=diypage&id=35]]></EventKey>
<MenuId>445261982</MenuId>
</xml>

2020-08-30 13:49:04 params :
------------
String:
array (
  'rule' => -2,
  'module' => '',
  'message' => 
  array (
    'tousername' => 'gh_f9b894563ef4',
    'fromusername' => 'o5V8y1e7aw2BCePToSMbWkgiglEI',
    'createtime' => '1598766544',
    'msgtype' => 'event',
    'event' => 'VIEW',
    'eventkey' => 'http://www.boyufengmao.com/app/index.php?i=6&c=entry&m=ewei_shopv2&do=mobile&r=diypage&id=35',
    'menuid' => '445261982',
    'from' => 'o5V8y1e7aw2BCePToSMbWkgiglEI',
    'to' => 'gh_f9b894563ef4',
    'time' => '1598766544',
    'type' => 'text',
    'content' => 'http://www.boyufengmao.com/app/index.php?i=6&c=entry&m=ewei_shopv2&do=mobile&r=diypage&id=35',
    'redirection' => true,
    'source' => 'VIEW',
  ),
)

2020-08-30 13:49:04 response :
------------

2020-08-30 13:49:13 trace :
------------
String:
<xml><ToUserName><![CDATA[gh_f9b894563ef4]]></ToUserName>
<FromUserName><![CDATA[o5V8y1e7aw2BCePToSMbWkgiglEI]]></FromUserName>
<CreateTime>1598766553</CreateTime>
<MsgType><![CDATA[event]]></MsgType>
<Event><![CDATA[VIEW]]></Event>
<EventKey><![CDATA[http://www.boyufengmao.com/app/index.php?i=6&c=entry&m=ewei_shopv2&do=mobile&r=diypage&id=35]]></EventKey>
<MenuId>445261982</MenuId>
</xml>

2020-08-30 13:49:13 params :
------------
String:
array (
  'rule' => -2,
  'module' => '',
  'message' => 
  array (
    'tousername' => 'gh_f9b894563ef4',
    'fromusername' => 'o5V8y1e7aw2BCePToSMbWkgiglEI',
    'createtime' => '1598766553',
    'msgtype' => 'event',
    'event' => 'VIEW',
    'eventkey' => 'http://www.boyufengmao.com/app/index.php?i=6&c=entry&m=ewei_shopv2&do=mobile&r=diypage&id=35',
    'menuid' => '445261982',
    'from' => 'o5V8y1e7aw2BCePToSMbWkgiglEI',
    'to' => 'gh_f9b894563ef4',
    'time' => '1598766553',
    'type' => 'text',
    'content' => 'http://www.boyufengmao.com/app/index.php?i=6&c=entry&m=ewei_shopv2&do=mobile&r=diypage&id=35',
    'redirection' => true,
    'source' => 'VIEW',
  ),
)

2020-08-30 13:49:13 response :
------------

2020-08-30 14:27:15 trace :
------------
String:
<xml><ToUserName><![CDATA[gh_f9b894563ef4]]></ToUserName>
<FromUserName><![CDATA[o5V8y1d-V2mriVglqiIFJ7zyM8tk]]></FromUserName>
<CreateTime>1598768835</CreateTime>
<MsgType><![CDATA[event]]></MsgType>
<Event><![CDATA[subscribe]]></Event>
<EventKey><![CDATA[]]></EventKey>
</xml>

2020-08-30 14:27:15 params :
------------
String:
array (
  'rule' => -2,
  'module' => '',
  'message' => 
  array (
    'tousername' => 'gh_f9b894563ef4',
    'fromusername' => 'o5V8y1d-V2mriVglqiIFJ7zyM8tk',
    'createtime' => '1598768835',
    'msgtype' => 'event',
    'event' => 'subscribe',
    'eventkey' => '',
    'from' => 'o5V8y1d-V2mriVglqiIFJ7zyM8tk',
    'to' => 'gh_f9b894563ef4',
    'time' => '1598768835',
    'type' => 'text',
    'redirection' => true,
    'source' => 'subscribe',
  ),
)

2020-08-30 14:27:15 response :
------------

2020-08-30 14:27:17 trace :
------------
String:
<xml><ToUserName><![CDATA[gh_f9b894563ef4]]></ToUserName>
<FromUserName><![CDATA[o5V8y1d-V2mriVglqiIFJ7zyM8tk]]></FromUserName>
<CreateTime>1598768837</CreateTime>
<MsgType><![CDATA[event]]></MsgType>
<Event><![CDATA[VIEW]]></Event>
<EventKey><![CDATA[http://www.boyufengmao.com/app/index.php?i=6&c=entry&m=ewei_shopv2&do=mobile&r=diypage&id=35]]></EventKey>
<MenuId>445261982</MenuId>
</xml>

2020-08-30 14:27:17 params :
------------
String:
array (
  'rule' => -2,
  'module' => '',
  'message' => 
  array (
    'tousername' => 'gh_f9b894563ef4',
    'fromusername' => 'o5V8y1d-V2mriVglqiIFJ7zyM8tk',
    'createtime' => '1598768837',
    'msgtype' => 'event',
    'event' => 'VIEW',
    'eventkey' => 'http://www.boyufengmao.com/app/index.php?i=6&c=entry&m=ewei_shopv2&do=mobile&r=diypage&id=35',
    'menuid' => '445261982',
    'from' => 'o5V8y1d-V2mriVglqiIFJ7zyM8tk',
    'to' => 'gh_f9b894563ef4',
    'time' => '1598768837',
    'type' => 'text',
    'content' => 'http://www.boyufengmao.com/app/index.php?i=6&c=entry&m=ewei_shopv2&do=mobile&r=diypage&id=35',
    'redirection' => true,
    'source' => 'VIEW',
  ),
)

2020-08-30 14:27:17 response :
------------

2020-08-30 14:28:31 trace :
------------
String:
<xml><ToUserName><![CDATA[gh_f9b894563ef4]]></ToUserName>
<FromUserName><![CDATA[o5V8y1TqPX40OkDSjL6y5mNRsfVA]]></FromUserName>
<CreateTime>1598768911</CreateTime>
<MsgType><![CDATA[event]]></MsgType>
<Event><![CDATA[VIEW]]></Event>
<EventKey><![CDATA[http://www.boyufengmao.com/app/index.php?i=6&c=entry&m=ewei_shopv2&do=mobile&r=diypage&id=35]]></EventKey>
<MenuId>445261982</MenuId>
</xml>

2020-08-30 14:28:31 params :
------------
String:
array (
  'rule' => -2,
  'module' => '',
  'message' => 
  array (
    'tousername' => 'gh_f9b894563ef4',
    'fromusername' => 'o5V8y1TqPX40OkDSjL6y5mNRsfVA',
    'createtime' => '1598768911',
    'msgtype' => 'event',
    'event' => 'VIEW',
    'eventkey' => 'http://www.boyufengmao.com/app/index.php?i=6&c=entry&m=ewei_shopv2&do=mobile&r=diypage&id=35',
    'menuid' => '445261982',
    'from' => 'o5V8y1TqPX40OkDSjL6y5mNRsfVA',
    'to' => 'gh_f9b894563ef4',
    'time' => '1598768911',
    'type' => 'text',
    'content' => 'http://www.boyufengmao.com/app/index.php?i=6&c=entry&m=ewei_shopv2&do=mobile&r=diypage&id=35',
    'redirection' => true,
    'source' => 'VIEW',
  ),
)

2020-08-30 14:28:31 response :
------------

2020-08-30 14:38:51 trace :
------------
String:
<xml><ToUserName><![CDATA[gh_f9b894563ef4]]></ToUserName>
<FromUserName><![CDATA[o5V8y1RQLBGSBgp2yGYQdyDkX2LY]]></FromUserName>
<CreateTime>1598769531</CreateTime>
<MsgType><![CDATA[event]]></MsgType>
<Event><![CDATA[VIEW]]></Event>
<EventKey><![CDATA[http://www.boyufengmao.com/app/index.php?i=6&c=entry&m=ewei_shopv2&do=mobile]]></EventKey>
<MenuId>445261982</MenuId>
</xml>

2020-08-30 14:38:51 params :
------------
String:
array (
  'rule' => -2,
  'module' => '',
  'message' => 
  array (
    'tousername' => 'gh_f9b894563ef4',
    'fromusername' => 'o5V8y1RQLBGSBgp2yGYQdyDkX2LY',
    'createtime' => '1598769531',
    'msgtype' => 'event',
    'event' => 'VIEW',
    'eventkey' => 'http://www.boyufengmao.com/app/index.php?i=6&c=entry&m=ewei_shopv2&do=mobile',
    'menuid' => '445261982',
    'from' => 'o5V8y1RQLBGSBgp2yGYQdyDkX2LY',
    'to' => 'gh_f9b894563ef4',
    'time' => '1598769531',
    'type' => 'text',
    'content' => 'http://www.boyufengmao.com/app/index.php?i=6&c=entry&m=ewei_shopv2&do=mobile',
    'redirection' => true,
    'source' => 'VIEW',
  ),
)

2020-08-30 14:38:51 response :
------------

2020-08-30 14:39:13 trace :
------------
String:
<xml><ToUserName><![CDATA[gh_f9b894563ef4]]></ToUserName>
<FromUserName><![CDATA[o5V8y1RQLBGSBgp2yGYQdyDkX2LY]]></FromUserName>
<CreateTime>1598769553</CreateTime>
<MsgType><![CDATA[event]]></MsgType>
<Event><![CDATA[VIEW]]></Event>
<EventKey><![CDATA[http://www.boyufengmao.com/app/index.php?i=6&c=entry&m=ewei_shopv2&do=mobile&r=diypage&id=35]]></EventKey>
<MenuId>445261982</MenuId>
</xml>

2020-08-30 14:39:13 params :
------------
String:
array (
  'rule' => -2,
  'module' => '',
  'message' => 
  array (
    'tousername' => 'gh_f9b894563ef4',
    'fromusername' => 'o5V8y1RQLBGSBgp2yGYQdyDkX2LY',
    'createtime' => '1598769553',
    'msgtype' => 'event',
    'event' => 'VIEW',
    'eventkey' => 'http://www.boyufengmao.com/app/index.php?i=6&c=entry&m=ewei_shopv2&do=mobile&r=diypage&id=35',
    'menuid' => '445261982',
    'from' => 'o5V8y1RQLBGSBgp2yGYQdyDkX2LY',
    'to' => 'gh_f9b894563ef4',
    'time' => '1598769553',
    'type' => 'text',
    'content' => 'http://www.boyufengmao.com/app/index.php?i=6&c=entry&m=ewei_shopv2&do=mobile&r=diypage&id=35',
    'redirection' => true,
    'source' => 'VIEW',
  ),
)

2020-08-30 14:39:13 response :
------------

2020-08-30 14:44:34 trace :
------------
String:
<xml><ToUserName><![CDATA[gh_f9b894563ef4]]></ToUserName>
<FromUserName><![CDATA[o5V8y1Q0n1aOm53myATc4Q4r7j7w]]></FromUserName>
<CreateTime>1598769874</CreateTime>
<MsgType><![CDATA[event]]></MsgType>
<Event><![CDATA[VIEW]]></Event>
<EventKey><![CDATA[http://www.boyufengmao.com/app/index.php?i=6&c=entry&m=ewei_shopv2&do=mobile&r=diypage&id=35]]></EventKey>
<MenuId>445261982</MenuId>
</xml>

2020-08-30 14:44:34 params :
------------
String:
array (
  'rule' => -2,
  'module' => '',
  'message' => 
  array (
    'tousername' => 'gh_f9b894563ef4',
    'fromusername' => 'o5V8y1Q0n1aOm53myATc4Q4r7j7w',
    'createtime' => '1598769874',
    'msgtype' => 'event',
    'event' => 'VIEW',
    'eventkey' => 'http://www.boyufengmao.com/app/index.php?i=6&c=entry&m=ewei_shopv2&do=mobile&r=diypage&id=35',
    'menuid' => '445261982',
    'from' => 'o5V8y1Q0n1aOm53myATc4Q4r7j7w',
    'to' => 'gh_f9b894563ef4',
    'time' => '1598769874',
    'type' => 'text',
    'content' => 'http://www.boyufengmao.com/app/index.php?i=6&c=entry&m=ewei_shopv2&do=mobile&r=diypage&id=35',
    'redirection' => true,
    'source' => 'VIEW',
  ),
)

2020-08-30 14:44:34 response :
------------

2020-08-30 15:39:39 trace :
------------
String:
<xml><ToUserName><![CDATA[gh_f9b894563ef4]]></ToUserName>
<FromUserName><![CDATA[o5V8y1ezY4QwiP-beP5Y0gZPVkM0]]></FromUserName>
<CreateTime>1598773179</CreateTime>
<MsgType><![CDATA[event]]></MsgType>
<Event><![CDATA[VIEW]]></Event>
<EventKey><![CDATA[http://www.boyufengmao.com/app/index.php?i=6&c=entry&m=ewei_shopv2&do=mobile]]></EventKey>
<MenuId>445261982</MenuId>
</xml>

2020-08-30 15:39:39 params :
------------
String:
array (
  'rule' => -2,
  'module' => '',
  'message' => 
  array (
    'tousername' => 'gh_f9b894563ef4',
    'fromusername' => 'o5V8y1ezY4QwiP-beP5Y0gZPVkM0',
    'createtime' => '1598773179',
    'msgtype' => 'event',
    'event' => 'VIEW',
    'eventkey' => 'http://www.boyufengmao.com/app/index.php?i=6&c=entry&m=ewei_shopv2&do=mobile',
    'menuid' => '445261982',
    'from' => 'o5V8y1ezY4QwiP-beP5Y0gZPVkM0',
    'to' => 'gh_f9b894563ef4',
    'time' => '1598773179',
    'type' => 'text',
    'content' => 'http://www.boyufengmao.com/app/index.php?i=6&c=entry&m=ewei_shopv2&do=mobile',
    'redirection' => true,
    'source' => 'VIEW',
  ),
)

2020-08-30 15:39:39 response :
------------

2020-08-30 15:39:56 trace :
------------
String:
<xml><ToUserName><![CDATA[gh_f9b894563ef4]]></ToUserName>
<FromUserName><![CDATA[o5V8y1ezY4QwiP-beP5Y0gZPVkM0]]></FromUserName>
<CreateTime>1598773196</CreateTime>
<MsgType><![CDATA[event]]></MsgType>
<Event><![CDATA[VIEW]]></Event>
<EventKey><![CDATA[http://www.boyufengmao.com/app/index.php?i=6&c=entry&m=ewei_shopv2&do=mobile&r=diypage&id=35]]></EventKey>
<MenuId>445261982</MenuId>
</xml>

2020-08-30 15:39:56 params :
------------
String:
array (
  'rule' => -2,
  'module' => '',
  'message' => 
  array (
    'tousername' => 'gh_f9b894563ef4',
    'fromusername' => 'o5V8y1ezY4QwiP-beP5Y0gZPVkM0',
    'createtime' => '1598773196',
    'msgtype' => 'event',
    'event' => 'VIEW',
    'eventkey' => 'http://www.boyufengmao.com/app/index.php?i=6&c=entry&m=ewei_shopv2&do=mobile&r=diypage&id=35',
    'menuid' => '445261982',
    'from' => 'o5V8y1ezY4QwiP-beP5Y0gZPVkM0',
    'to' => 'gh_f9b894563ef4',
    'time' => '1598773196',
    'type' => 'text',
    'content' => 'http://www.boyufengmao.com/app/index.php?i=6&c=entry&m=ewei_shopv2&do=mobile&r=diypage&id=35',
    'redirection' => true,
    'source' => 'VIEW',
  ),
)

2020-08-30 15:39:56 response :
------------

2020-08-30 15:40:10 trace :
------------
String:
<xml><ToUserName><![CDATA[gh_f9b894563ef4]]></ToUserName>
<FromUserName><![CDATA[o5V8y1ezY4QwiP-beP5Y0gZPVkM0]]></FromUserName>
<CreateTime>1598773210</CreateTime>
<MsgType><![CDATA[event]]></MsgType>
<Event><![CDATA[VIEW]]></Event>
<EventKey><![CDATA[http://www.boyufengmao.com/app/index.php?i=6&c=entry&m=ewei_shopv2&do=mobile&r=diypage&id=35]]></EventKey>
<MenuId>445261982</MenuId>
</xml>

2020-08-30 15:40:10 params :
------------
String:
array (
  'rule' => -2,
  'module' => '',
  'message' => 
  array (
    'tousername' => 'gh_f9b894563ef4',
    'fromusername' => 'o5V8y1ezY4QwiP-beP5Y0gZPVkM0',
    'createtime' => '1598773210',
    'msgtype' => 'event',
    'event' => 'VIEW',
    'eventkey' => 'http://www.boyufengmao.com/app/index.php?i=6&c=entry&m=ewei_shopv2&do=mobile&r=diypage&id=35',
    'menuid' => '445261982',
    'from' => 'o5V8y1ezY4QwiP-beP5Y0gZPVkM0',
    'to' => 'gh_f9b894563ef4',
    'time' => '1598773210',
    'type' => 'text',
    'content' => 'http://www.boyufengmao.com/app/index.php?i=6&c=entry&m=ewei_shopv2&do=mobile&r=diypage&id=35',
    'redirection' => true,
    'source' => 'VIEW',
  ),
)

2020-08-30 15:40:10 response :
------------

2020-08-30 16:37:57 trace :
------------
String:
<xml><ToUserName><![CDATA[gh_f9b894563ef4]]></ToUserName>
<FromUserName><![CDATA[o5V8y1ZxczMIjifl52x4W8-M69MY]]></FromUserName>
<CreateTime>1598776677</CreateTime>
<MsgType><![CDATA[event]]></MsgType>
<Event><![CDATA[VIEW]]></Event>
<EventKey><![CDATA[http://www.boyufengmao.com/app/index.php?i=6&c=entry&m=ewei_shopv2&do=mobile&r=diypage&id=35]]></EventKey>
<MenuId>445261982</MenuId>
</xml>

2020-08-30 16:37:57 params :
------------
String:
array (
  'rule' => -2,
  'module' => '',
  'message' => 
  array (
    'tousername' => 'gh_f9b894563ef4',
    'fromusername' => 'o5V8y1ZxczMIjifl52x4W8-M69MY',
    'createtime' => '1598776677',
    'msgtype' => 'event',
    'event' => 'VIEW',
    'eventkey' => 'http://www.boyufengmao.com/app/index.php?i=6&c=entry&m=ewei_shopv2&do=mobile&r=diypage&id=35',
    'menuid' => '445261982',
    'from' => 'o5V8y1ZxczMIjifl52x4W8-M69MY',
    'to' => 'gh_f9b894563ef4',
    'time' => '1598776677',
    'type' => 'text',
    'content' => 'http://www.boyufengmao.com/app/index.php?i=6&c=entry&m=ewei_shopv2&do=mobile&r=diypage&id=35',
    'redirection' => true,
    'source' => 'VIEW',
  ),
)

2020-08-30 16:37:57 response :
------------

2020-08-30 16:39:57 trace :
------------
String:
<xml><ToUserName><![CDATA[gh_f9b894563ef4]]></ToUserName>
<FromUserName><![CDATA[o5V8y1ZxczMIjifl52x4W8-M69MY]]></FromUserName>
<CreateTime>1598776797</CreateTime>
<MsgType><![CDATA[event]]></MsgType>
<Event><![CDATA[VIEW]]></Event>
<EventKey><![CDATA[http://www.boyufengmao.com/app/index.php?i=6&c=entry&m=ewei_shopv2&do=mobile]]></EventKey>
<MenuId>445261982</MenuId>
</xml>

2020-08-30 16:39:57 params :
------------
String:
array (
  'rule' => -2,
  'module' => '',
  'message' => 
  array (
    'tousername' => 'gh_f9b894563ef4',
    'fromusername' => 'o5V8y1ZxczMIjifl52x4W8-M69MY',
    'createtime' => '1598776797',
    'msgtype' => 'event',
    'event' => 'VIEW',
    'eventkey' => 'http://www.boyufengmao.com/app/index.php?i=6&c=entry&m=ewei_shopv2&do=mobile',
    'menuid' => '445261982',
    'from' => 'o5V8y1ZxczMIjifl52x4W8-M69MY',
    'to' => 'gh_f9b894563ef4',
    'time' => '1598776797',
    'type' => 'text',
    'content' => 'http://www.boyufengmao.com/app/index.php?i=6&c=entry&m=ewei_shopv2&do=mobile',
    'redirection' => true,
    'source' => 'VIEW',
  ),
)

2020-08-30 16:39:57 response :
------------

2020-08-30 16:59:22 trace :
------------
String:
<xml><ToUserName><![CDATA[gh_f9b894563ef4]]></ToUserName>
<FromUserName><![CDATA[o5V8y1QCYpKv5gnoNNqNgAR5gEEQ]]></FromUserName>
<CreateTime>1598777962</CreateTime>
<MsgType><![CDATA[event]]></MsgType>
<Event><![CDATA[VIEW]]></Event>
<EventKey><![CDATA[http://www.boyufengmao.com/app/index.php?i=6&c=entry&m=ewei_shopv2&do=mobile&r=diypage&id=35]]></EventKey>
<MenuId>445261982</MenuId>
</xml>

2020-08-30 16:59:22 params :
------------
String:
array (
  'rule' => -2,
  'module' => '',
  'message' => 
  array (
    'tousername' => 'gh_f9b894563ef4',
    'fromusername' => 'o5V8y1QCYpKv5gnoNNqNgAR5gEEQ',
    'createtime' => '1598777962',
    'msgtype' => 'event',
    'event' => 'VIEW',
    'eventkey' => 'http://www.boyufengmao.com/app/index.php?i=6&c=entry&m=ewei_shopv2&do=mobile&r=diypage&id=35',
    'menuid' => '445261982',
    'from' => 'o5V8y1QCYpKv5gnoNNqNgAR5gEEQ',
    'to' => 'gh_f9b894563ef4',
    'time' => '1598777962',
    'type' => 'text',
    'content' => 'http://www.boyufengmao.com/app/index.php?i=6&c=entry&m=ewei_shopv2&do=mobile&r=diypage&id=35',
    'redirection' => true,
    'source' => 'VIEW',
  ),
)

2020-08-30 16:59:22 response :
------------

2020-08-30 16:59:41 trace :
------------
String:
<xml><ToUserName><![CDATA[gh_f9b894563ef4]]></ToUserName>
<FromUserName><![CDATA[o5V8y1QCYpKv5gnoNNqNgAR5gEEQ]]></FromUserName>
<CreateTime>1598777981</CreateTime>
<MsgType><![CDATA[event]]></MsgType>
<Event><![CDATA[VIEW]]></Event>
<EventKey><![CDATA[http://www.boyufengmao.com/app/index.php?i=6&c=entry&m=ewei_shopv2&do=mobile&r=diypage&id=35]]></EventKey>
<MenuId>445261982</MenuId>
</xml>

2020-08-30 16:59:41 params :
------------
String:
array (
  'rule' => -2,
  'module' => '',
  'message' => 
  array (
    'tousername' => 'gh_f9b894563ef4',
    'fromusername' => 'o5V8y1QCYpKv5gnoNNqNgAR5gEEQ',
    'createtime' => '1598777981',
    'msgtype' => 'event',
    'event' => 'VIEW',
    'eventkey' => 'http://www.boyufengmao.com/app/index.php?i=6&c=entry&m=ewei_shopv2&do=mobile&r=diypage&id=35',
    'menuid' => '445261982',
    'from' => 'o5V8y1QCYpKv5gnoNNqNgAR5gEEQ',
    'to' => 'gh_f9b894563ef4',
    'time' => '1598777981',
    'type' => 'text',
    'content' => 'http://www.boyufengmao.com/app/index.php?i=6&c=entry&m=ewei_shopv2&do=mobile&r=diypage&id=35',
    'redirection' => true,
    'source' => 'VIEW',
  ),
)

2020-08-30 16:59:41 response :
------------

2020-08-30 17:44:53 trace :
------------
String:
<xml><ToUserName><![CDATA[gh_f9b894563ef4]]></ToUserName>
<FromUserName><![CDATA[o5V8y1VMl5laq13i3hjekIjhlGJ0]]></FromUserName>
<CreateTime>1598780692</CreateTime>
<MsgType><![CDATA[event]]></MsgType>
<Event><![CDATA[VIEW]]></Event>
<EventKey><![CDATA[http://www.boyufengmao.com/app/index.php?i=6&c=entry&m=ewei_shopv2&do=mobile&r=diypage&id=35]]></EventKey>
<MenuId>445261982</MenuId>
</xml>

2020-08-30 17:44:53 params :
------------
String:
array (
  'rule' => -2,
  'module' => '',
  'message' => 
  array (
    'tousername' => 'gh_f9b894563ef4',
    'fromusername' => 'o5V8y1VMl5laq13i3hjekIjhlGJ0',
    'createtime' => '1598780692',
    'msgtype' => 'event',
    'event' => 'VIEW',
    'eventkey' => 'http://www.boyufengmao.com/app/index.php?i=6&c=entry&m=ewei_shopv2&do=mobile&r=diypage&id=35',
    'menuid' => '445261982',
    'from' => 'o5V8y1VMl5laq13i3hjekIjhlGJ0',
    'to' => 'gh_f9b894563ef4',
    'time' => '1598780692',
    'type' => 'text',
    'content' => 'http://www.boyufengmao.com/app/index.php?i=6&c=entry&m=ewei_shopv2&do=mobile&r=diypage&id=35',
    'redirection' => true,
    'source' => 'VIEW',
  ),
)

2020-08-30 17:44:53 response :
------------

2020-08-30 18:49:53 trace :
------------
String:
<xml><ToUserName><![CDATA[gh_f9b894563ef4]]></ToUserName>
<FromUserName><![CDATA[o5V8y1S_3wVCe6yfF9Ko61baRM7Q]]></FromUserName>
<CreateTime>1598784592</CreateTime>
<MsgType><![CDATA[event]]></MsgType>
<Event><![CDATA[VIEW]]></Event>
<EventKey><![CDATA[http://www.boyufengmao.com/app/index.php?i=6&c=entry&m=ewei_shopv2&do=mobile&r=diypage&id=35]]></EventKey>
<MenuId>445261982</MenuId>
</xml>

2020-08-30 18:49:53 params :
------------
String:
array (
  'rule' => -2,
  'module' => '',
  'message' => 
  array (
    'tousername' => 'gh_f9b894563ef4',
    'fromusername' => 'o5V8y1S_3wVCe6yfF9Ko61baRM7Q',
    'createtime' => '1598784592',
    'msgtype' => 'event',
    'event' => 'VIEW',
    'eventkey' => 'http://www.boyufengmao.com/app/index.php?i=6&c=entry&m=ewei_shopv2&do=mobile&r=diypage&id=35',
    'menuid' => '445261982',
    'from' => 'o5V8y1S_3wVCe6yfF9Ko61baRM7Q',
    'to' => 'gh_f9b894563ef4',
    'time' => '1598784592',
    'type' => 'text',
    'content' => 'http://www.boyufengmao.com/app/index.php?i=6&c=entry&m=ewei_shopv2&do=mobile&r=diypage&id=35',
    'redirection' => true,
    'source' => 'VIEW',
  ),
)

2020-08-30 18:49:53 response :
------------

2020-08-30 18:54:57 trace :
------------
String:
<xml><ToUserName><![CDATA[gh_f9b894563ef4]]></ToUserName>
<FromUserName><![CDATA[o5V8y1Qk1UJw5_VZLkvX9I5UAdZs]]></FromUserName>
<CreateTime>1598784897</CreateTime>
<MsgType><![CDATA[event]]></MsgType>
<Event><![CDATA[VIEW]]></Event>
<EventKey><![CDATA[http://www.boyufengmao.com/app/index.php?i=6&c=entry&m=ewei_shopv2&do=mobile]]></EventKey>
<MenuId>445261982</MenuId>
</xml>

2020-08-30 18:54:57 params :
------------
String:
array (
  'rule' => -2,
  'module' => '',
  'message' => 
  array (
    'tousername' => 'gh_f9b894563ef4',
    'fromusername' => 'o5V8y1Qk1UJw5_VZLkvX9I5UAdZs',
    'createtime' => '1598784897',
    'msgtype' => 'event',
    'event' => 'VIEW',
    'eventkey' => 'http://www.boyufengmao.com/app/index.php?i=6&c=entry&m=ewei_shopv2&do=mobile',
    'menuid' => '445261982',
    'from' => 'o5V8y1Qk1UJw5_VZLkvX9I5UAdZs',
    'to' => 'gh_f9b894563ef4',
    'time' => '1598784897',
    'type' => 'text',
    'content' => 'http://www.boyufengmao.com/app/index.php?i=6&c=entry&m=ewei_shopv2&do=mobile',
    'redirection' => true,
    'source' => 'VIEW',
  ),
)

2020-08-30 18:54:57 response :
------------

2020-08-30 18:55:09 trace :
------------
String:
<xml><ToUserName><![CDATA[gh_f9b894563ef4]]></ToUserName>
<FromUserName><![CDATA[o5V8y1Qk1UJw5_VZLkvX9I5UAdZs]]></FromUserName>
<CreateTime>1598784909</CreateTime>
<MsgType><![CDATA[event]]></MsgType>
<Event><![CDATA[VIEW]]></Event>
<EventKey><![CDATA[http://www.boyufengmao.com/app/index.php?i=6&c=entry&m=ewei_shopv2&do=mobile&r=diypage&id=35]]></EventKey>
<MenuId>445261982</MenuId>
</xml>

2020-08-30 18:55:09 params :
------------
String:
array (
  'rule' => -2,
  'module' => '',
  'message' => 
  array (
    'tousername' => 'gh_f9b894563ef4',
    'fromusername' => 'o5V8y1Qk1UJw5_VZLkvX9I5UAdZs',
    'createtime' => '1598784909',
    'msgtype' => 'event',
    'event' => 'VIEW',
    'eventkey' => 'http://www.boyufengmao.com/app/index.php?i=6&c=entry&m=ewei_shopv2&do=mobile&r=diypage&id=35',
    'menuid' => '445261982',
    'from' => 'o5V8y1Qk1UJw5_VZLkvX9I5UAdZs',
    'to' => 'gh_f9b894563ef4',
    'time' => '1598784909',
    'type' => 'text',
    'content' => 'http://www.boyufengmao.com/app/index.php?i=6&c=entry&m=ewei_shopv2&do=mobile&r=diypage&id=35',
    'redirection' => true,
    'source' => 'VIEW',
  ),
)

2020-08-30 18:55:09 response :
------------

2020-08-30 18:55:25 trace :
------------
String:
<xml><ToUserName><![CDATA[gh_f9b894563ef4]]></ToUserName>
<FromUserName><![CDATA[o5V8y1S_3wVCe6yfF9Ko61baRM7Q]]></FromUserName>
<CreateTime>1598784925</CreateTime>
<MsgType><![CDATA[event]]></MsgType>
<Event><![CDATA[VIEW]]></Event>
<EventKey><![CDATA[http://www.boyufengmao.com/app/index.php?i=6&c=entry&m=ewei_shopv2&do=mobile]]></EventKey>
<MenuId>445261982</MenuId>
</xml>

2020-08-30 18:55:25 params :
------------
String:
array (
  'rule' => -2,
  'module' => '',
  'message' => 
  array (
    'tousername' => 'gh_f9b894563ef4',
    'fromusername' => 'o5V8y1S_3wVCe6yfF9Ko61baRM7Q',
    'createtime' => '1598784925',
    'msgtype' => 'event',
    'event' => 'VIEW',
    'eventkey' => 'http://www.boyufengmao.com/app/index.php?i=6&c=entry&m=ewei_shopv2&do=mobile',
    'menuid' => '445261982',
    'from' => 'o5V8y1S_3wVCe6yfF9Ko61baRM7Q',
    'to' => 'gh_f9b894563ef4',
    'time' => '1598784925',
    'type' => 'text',
    'content' => 'http://www.boyufengmao.com/app/index.php?i=6&c=entry&m=ewei_shopv2&do=mobile',
    'redirection' => true,
    'source' => 'VIEW',
  ),
)

2020-08-30 18:55:25 response :
------------

2020-08-30 20:17:40 trace :
------------
String:
<xml><ToUserName><![CDATA[gh_f9b894563ef4]]></ToUserName>
<FromUserName><![CDATA[o5V8y1VMl5laq13i3hjekIjhlGJ0]]></FromUserName>
<CreateTime>1598789859</CreateTime>
<MsgType><![CDATA[event]]></MsgType>
<Event><![CDATA[VIEW]]></Event>
<EventKey><![CDATA[http://www.boyufengmao.com/app/index.php?i=6&c=entry&m=ewei_shopv2&do=mobile&r=diypage&id=35]]></EventKey>
<MenuId>445261982</MenuId>
</xml>

2020-08-30 20:17:40 params :
------------
String:
array (
  'rule' => -2,
  'module' => '',
  'message' => 
  array (
    'tousername' => 'gh_f9b894563ef4',
    'fromusername' => 'o5V8y1VMl5laq13i3hjekIjhlGJ0',
    'createtime' => '1598789859',
    'msgtype' => 'event',
    'event' => 'VIEW',
    'eventkey' => 'http://www.boyufengmao.com/app/index.php?i=6&c=entry&m=ewei_shopv2&do=mobile&r=diypage&id=35',
    'menuid' => '445261982',
    'from' => 'o5V8y1VMl5laq13i3hjekIjhlGJ0',
    'to' => 'gh_f9b894563ef4',
    'time' => '1598789859',
    'type' => 'text',
    'content' => 'http://www.boyufengmao.com/app/index.php?i=6&c=entry&m=ewei_shopv2&do=mobile&r=diypage&id=35',
    'redirection' => true,
    'source' => 'VIEW',
  ),
)

2020-08-30 20:17:40 response :
------------

2020-08-30 20:56:01 trace :
------------
String:
<xml><ToUserName><![CDATA[gh_f9b894563ef4]]></ToUserName>
<FromUserName><![CDATA[o5V8y1Ui3gWEtEdR_xExhSg68bdE]]></FromUserName>
<CreateTime>1598792160</CreateTime>
<MsgType><![CDATA[event]]></MsgType>
<Event><![CDATA[VIEW]]></Event>
<EventKey><![CDATA[http://www.boyufengmao.com/app/index.php?i=6&c=entry&m=ewei_shopv2&do=mobile&r=diypage&id=35]]></EventKey>
<MenuId>445261982</MenuId>
</xml>

2020-08-30 20:56:01 params :
------------
String:
array (
  'rule' => -2,
  'module' => '',
  'message' => 
  array (
    'tousername' => 'gh_f9b894563ef4',
    'fromusername' => 'o5V8y1Ui3gWEtEdR_xExhSg68bdE',
    'createtime' => '1598792160',
    'msgtype' => 'event',
    'event' => 'VIEW',
    'eventkey' => 'http://www.boyufengmao.com/app/index.php?i=6&c=entry&m=ewei_shopv2&do=mobile&r=diypage&id=35',
    'menuid' => '445261982',
    'from' => 'o5V8y1Ui3gWEtEdR_xExhSg68bdE',
    'to' => 'gh_f9b894563ef4',
    'time' => '1598792160',
    'type' => 'text',
    'content' => 'http://www.boyufengmao.com/app/index.php?i=6&c=entry&m=ewei_shopv2&do=mobile&r=diypage&id=35',
    'redirection' => true,
    'source' => 'VIEW',
  ),
)

2020-08-30 20:56:01 response :
------------

2020-08-30 20:56:58 trace :
------------
String:
<xml><ToUserName><![CDATA[gh_f9b894563ef4]]></ToUserName>
<FromUserName><![CDATA[o5V8y1XBR6ECbNvlkzpzY38GB840]]></FromUserName>
<CreateTime>1598792218</CreateTime>
<MsgType><![CDATA[event]]></MsgType>
<Event><![CDATA[VIEW]]></Event>
<EventKey><![CDATA[http://www.boyufengmao.com/app/index.php?i=6&c=entry&m=ewei_shopv2&do=mobile]]></EventKey>
<MenuId>445261982</MenuId>
</xml>

2020-08-30 20:56:58 params :
------------
String:
array (
  'rule' => -2,
  'module' => '',
  'message' => 
  array (
    'tousername' => 'gh_f9b894563ef4',
    'fromusername' => 'o5V8y1XBR6ECbNvlkzpzY38GB840',
    'createtime' => '1598792218',
    'msgtype' => 'event',
    'event' => 'VIEW',
    'eventkey' => 'http://www.boyufengmao.com/app/index.php?i=6&c=entry&m=ewei_shopv2&do=mobile',
    'menuid' => '445261982',
    'from' => 'o5V8y1XBR6ECbNvlkzpzY38GB840',
    'to' => 'gh_f9b894563ef4',
    'time' => '1598792218',
    'type' => 'text',
    'content' => 'http://www.boyufengmao.com/app/index.php?i=6&c=entry&m=ewei_shopv2&do=mobile',
    'redirection' => true,
    'source' => 'VIEW',
  ),
)

2020-08-30 20:56:58 response :
------------

2020-08-30 21:36:48 trace :
------------
String:
<xml><ToUserName><![CDATA[gh_e3d86caba8f5]]></ToUserName>
<FromUserName><![CDATA[o49ZtuGlC2twVEGX0tnxXV8br1W8]]></FromUserName>
<CreateTime>1598794608</CreateTime>
<MsgType><![CDATA[event]]></MsgType>
<Event><![CDATA[subscribe]]></Event>
<EventKey><![CDATA[]]></EventKey>
</xml>

2020-08-30 21:36:48 params :
------------
String:
array (
  'rule' => -2,
  'module' => '',
  'message' => 
  array (
    'tousername' => 'gh_e3d86caba8f5',
    'fromusername' => 'o49ZtuGlC2twVEGX0tnxXV8br1W8',
    'createtime' => '1598794608',
    'msgtype' => 'event',
    'event' => 'subscribe',
    'eventkey' => '',
    'from' => 'o49ZtuGlC2twVEGX0tnxXV8br1W8',
    'to' => 'gh_e3d86caba8f5',
    'time' => '1598794608',
    'type' => 'text',
    'redirection' => true,
    'source' => 'subscribe',
  ),
)

2020-08-30 21:36:48 response :
------------

2020-08-30 21:36:53 trace :
------------
String:
<xml><ToUserName><![CDATA[gh_e3d86caba8f5]]></ToUserName>
<FromUserName><![CDATA[o49ZtuGlC2twVEGX0tnxXV8br1W8]]></FromUserName>
<CreateTime>1598794612</CreateTime>
<MsgType><![CDATA[event]]></MsgType>
<Event><![CDATA[VIEW]]></Event>
<EventKey><![CDATA[https://open.weixin.qq.com/connect/oauth2/authorize?appid=wx2b20e7b855f8af4c&redirect_uri=https%3A%2F%2Fweixin.keruyun.com%2FautoLogin%3FshopId%3D810325402%26menuId%3D383263471663632384&response_type=code&scope=snsapi_userinfo&state=weixin&component_appid=wx004cbf32587f3789#wechat_redirect]]></EventKey>
<MenuId>419493812</MenuId>
</xml>

2020-08-30 21:36:53 params :
------------
String:
array (
  'rule' => -2,
  'module' => '',
  'message' => 
  array (
    'tousername' => 'gh_e3d86caba8f5',
    'fromusername' => 'o49ZtuGlC2twVEGX0tnxXV8br1W8',
    'createtime' => '1598794612',
    'msgtype' => 'event',
    'event' => 'VIEW',
    'eventkey' => 'https://open.weixin.qq.com/connect/oauth2/authorize?appid=wx2b20e7b855f8af4c&redirect_uri=https%3A%2F%2Fweixin.keruyun.com%2FautoLogin%3FshopId%3D810325402%26menuId%3D383263471663632384&response_type=code&scope=snsapi_userinfo&state=weixin&component_appid=wx004cbf32587f3789#wechat_redirect',
    'menuid' => '419493812',
    'from' => 'o49ZtuGlC2twVEGX0tnxXV8br1W8',
    'to' => 'gh_e3d86caba8f5',
    'time' => '1598794612',
    'type' => 'text',
    'content' => 'https://open.weixin.qq.com/connect/oauth2/authorize?appid=wx2b20e7b855f8af4c&redirect_uri=https%3A%2F%2Fweixin.keruyun.com%2FautoLogin%3FshopId%3D810325402%26menuId%3D383263471663632384&response_type=code&scope=snsapi_userinfo&state=weixin&component_appid=wx004cbf32587f3789#wechat_redirect',
    'redirection' => true,
    'source' => 'VIEW',
  ),
)

2020-08-30 21:36:53 response :
------------

2020-08-30 21:37:03 trace :
------------
String:
<xml><ToUserName><![CDATA[gh_e3d86caba8f5]]></ToUserName>
<FromUserName><![CDATA[o49ZtuGlC2twVEGX0tnxXV8br1W8]]></FromUserName>
<CreateTime>1598794623</CreateTime>
<MsgType><![CDATA[event]]></MsgType>
<Event><![CDATA[VIEW]]></Event>
<EventKey><![CDATA[https://open.weixin.qq.com/connect/oauth2/authorize?appid=wx2b20e7b855f8af4c&redirect_uri=https%3A%2F%2Fweixin.keruyun.com%2FautoLogin%3FshopId%3D810325402%26menuId%3D383263471680409600&response_type=code&scope=snsapi_userinfo&state=weixin&component_appid=wx004cbf32587f3789#wechat_redirect]]></EventKey>
<MenuId>419493812</MenuId>
</xml>

2020-08-30 21:37:03 params :
------------
String:
array (
  'rule' => -2,
  'module' => '',
  'message' => 
  array (
    'tousername' => 'gh_e3d86caba8f5',
    'fromusername' => 'o49ZtuGlC2twVEGX0tnxXV8br1W8',
    'createtime' => '1598794623',
    'msgtype' => 'event',
    'event' => 'VIEW',
    'eventkey' => 'https://open.weixin.qq.com/connect/oauth2/authorize?appid=wx2b20e7b855f8af4c&redirect_uri=https%3A%2F%2Fweixin.keruyun.com%2FautoLogin%3FshopId%3D810325402%26menuId%3D383263471680409600&response_type=code&scope=snsapi_userinfo&state=weixin&component_appid=wx004cbf32587f3789#wechat_redirect',
    'menuid' => '419493812',
    'from' => 'o49ZtuGlC2twVEGX0tnxXV8br1W8',
    'to' => 'gh_e3d86caba8f5',
    'time' => '1598794623',
    'type' => 'text',
    'content' => 'https://open.weixin.qq.com/connect/oauth2/authorize?appid=wx2b20e7b855f8af4c&redirect_uri=https%3A%2F%2Fweixin.keruyun.com%2FautoLogin%3FshopId%3D810325402%26menuId%3D383263471680409600&response_type=code&scope=snsapi_userinfo&state=weixin&component_appid=wx004cbf32587f3789#wechat_redirect',
    'redirection' => true,
    'source' => 'VIEW',
  ),
)

2020-08-30 21:37:03 response :
------------

2020-08-30 21:39:00 trace :
------------
String:
<xml><ToUserName><![CDATA[gh_e3d86caba8f5]]></ToUserName>
<FromUserName><![CDATA[o49ZtuGlC2twVEGX0tnxXV8br1W8]]></FromUserName>
<CreateTime>1598794739</CreateTime>
<MsgType><![CDATA[event]]></MsgType>
<Event><![CDATA[VIEW]]></Event>
<EventKey><![CDATA[https://open.weixin.qq.com/connect/oauth2/authorize?appid=wx2b20e7b855f8af4c&redirect_uri=https%3A%2F%2Fweixin.keruyun.com%2FautoLogin%3FshopId%3D810325402%26menuId%3D383263471697186816&response_type=code&scope=snsapi_userinfo&state=weixin&component_appid=wx004cbf32587f3789#wechat_redirect]]></EventKey>
<MenuId>419493812</MenuId>
</xml>

2020-08-30 21:39:00 params :
------------
String:
array (
  'rule' => -2,
  'module' => '',
  'message' => 
  array (
    'tousername' => 'gh_e3d86caba8f5',
    'fromusername' => 'o49ZtuGlC2twVEGX0tnxXV8br1W8',
    'createtime' => '1598794739',
    'msgtype' => 'event',
    'event' => 'VIEW',
    'eventkey' => 'https://open.weixin.qq.com/connect/oauth2/authorize?appid=wx2b20e7b855f8af4c&redirect_uri=https%3A%2F%2Fweixin.keruyun.com%2FautoLogin%3FshopId%3D810325402%26menuId%3D383263471697186816&response_type=code&scope=snsapi_userinfo&state=weixin&component_appid=wx004cbf32587f3789#wechat_redirect',
    'menuid' => '419493812',
    'from' => 'o49ZtuGlC2twVEGX0tnxXV8br1W8',
    'to' => 'gh_e3d86caba8f5',
    'time' => '1598794739',
    'type' => 'text',
    'content' => 'https://open.weixin.qq.com/connect/oauth2/authorize?appid=wx2b20e7b855f8af4c&redirect_uri=https%3A%2F%2Fweixin.keruyun.com%2FautoLogin%3FshopId%3D810325402%26menuId%3D383263471697186816&response_type=code&scope=snsapi_userinfo&state=weixin&component_appid=wx004cbf32587f3789#wechat_redirect',
    'redirection' => true,
    'source' => 'VIEW',
  ),
)

2020-08-30 21:39:00 response :
------------

2020-08-30 21:39:16 trace :
------------
String:
<xml><ToUserName><![CDATA[gh_e3d86caba8f5]]></ToUserName>
<FromUserName><![CDATA[o49ZtuGlC2twVEGX0tnxXV8br1W8]]></FromUserName>
<CreateTime>1598794756</CreateTime>
<MsgType><![CDATA[event]]></MsgType>
<Event><![CDATA[VIEW]]></Event>
<EventKey><![CDATA[https://open.weixin.qq.com/connect/oauth2/authorize?appid=wx2b20e7b855f8af4c&redirect_uri=https%3A%2F%2Fweixin.keruyun.com%2FautoLogin%3FshopId%3D810325402%26menuId%3D383263471680409600&response_type=code&scope=snsapi_userinfo&state=weixin&component_appid=wx004cbf32587f3789#wechat_redirect]]></EventKey>
<MenuId>419493812</MenuId>
</xml>

2020-08-30 21:39:16 params :
------------
String:
array (
  'rule' => -2,
  'module' => '',
  'message' => 
  array (
    'tousername' => 'gh_e3d86caba8f5',
    'fromusername' => 'o49ZtuGlC2twVEGX0tnxXV8br1W8',
    'createtime' => '1598794756',
    'msgtype' => 'event',
    'event' => 'VIEW',
    'eventkey' => 'https://open.weixin.qq.com/connect/oauth2/authorize?appid=wx2b20e7b855f8af4c&redirect_uri=https%3A%2F%2Fweixin.keruyun.com%2FautoLogin%3FshopId%3D810325402%26menuId%3D383263471680409600&response_type=code&scope=snsapi_userinfo&state=weixin&component_appid=wx004cbf32587f3789#wechat_redirect',
    'menuid' => '419493812',
    'from' => 'o49ZtuGlC2twVEGX0tnxXV8br1W8',
    'to' => 'gh_e3d86caba8f5',
    'time' => '1598794756',
    'type' => 'text',
    'content' => 'https://open.weixin.qq.com/connect/oauth2/authorize?appid=wx2b20e7b855f8af4c&redirect_uri=https%3A%2F%2Fweixin.keruyun.com%2FautoLogin%3FshopId%3D810325402%26menuId%3D383263471680409600&response_type=code&scope=snsapi_userinfo&state=weixin&component_appid=wx004cbf32587f3789#wechat_redirect',
    'redirection' => true,
    'source' => 'VIEW',
  ),
)

2020-08-30 21:39:16 response :
------------

2020-08-30 21:39:43 trace :
------------
String:
<xml><ToUserName><![CDATA[gh_e3d86caba8f5]]></ToUserName>
<FromUserName><![CDATA[o49ZtuGlC2twVEGX0tnxXV8br1W8]]></FromUserName>
<CreateTime>1598794783</CreateTime>
<MsgType><![CDATA[event]]></MsgType>
<Event><![CDATA[VIEW]]></Event>
<EventKey><![CDATA[https://open.weixin.qq.com/connect/oauth2/authorize?appid=wx2b20e7b855f8af4c&redirect_uri=https%3A%2F%2Fweixin.keruyun.com%2FautoLogin%3FshopId%3D810325402%26menuId%3D383263471680409600&response_type=code&scope=snsapi_userinfo&state=weixin&component_appid=wx004cbf32587f3789#wechat_redirect]]></EventKey>
<MenuId>419493812</MenuId>
</xml>

2020-08-30 21:39:43 params :
------------
String:
array (
  'rule' => -2,
  'module' => '',
  'message' => 
  array (
    'tousername' => 'gh_e3d86caba8f5',
    'fromusername' => 'o49ZtuGlC2twVEGX0tnxXV8br1W8',
    'createtime' => '1598794783',
    'msgtype' => 'event',
    'event' => 'VIEW',
    'eventkey' => 'https://open.weixin.qq.com/connect/oauth2/authorize?appid=wx2b20e7b855f8af4c&redirect_uri=https%3A%2F%2Fweixin.keruyun.com%2FautoLogin%3FshopId%3D810325402%26menuId%3D383263471680409600&response_type=code&scope=snsapi_userinfo&state=weixin&component_appid=wx004cbf32587f3789#wechat_redirect',
    'menuid' => '419493812',
    'from' => 'o49ZtuGlC2twVEGX0tnxXV8br1W8',
    'to' => 'gh_e3d86caba8f5',
    'time' => '1598794783',
    'type' => 'text',
    'content' => 'https://open.weixin.qq.com/connect/oauth2/authorize?appid=wx2b20e7b855f8af4c&redirect_uri=https%3A%2F%2Fweixin.keruyun.com%2FautoLogin%3FshopId%3D810325402%26menuId%3D383263471680409600&response_type=code&scope=snsapi_userinfo&state=weixin&component_appid=wx004cbf32587f3789#wechat_redirect',
    'redirection' => true,
    'source' => 'VIEW',
  ),
)

2020-08-30 21:39:43 response :
------------

2020-08-30 21:40:18 trace :
------------
String:
<xml><ToUserName><![CDATA[gh_e3d86caba8f5]]></ToUserName>
<FromUserName><![CDATA[o49ZtuGlC2twVEGX0tnxXV8br1W8]]></FromUserName>
<CreateTime>1598794817</CreateTime>
<MsgType><![CDATA[event]]></MsgType>
<Event><![CDATA[VIEW]]></Event>
<EventKey><![CDATA[https://open.weixin.qq.com/connect/oauth2/authorize?appid=wx2b20e7b855f8af4c&redirect_uri=https%3A%2F%2Fweixin.keruyun.com%2FautoLogin%3FshopId%3D810325402%26menuId%3D383263471718158336&response_type=code&scope=snsapi_userinfo&state=weixin&component_appid=wx004cbf32587f3789#wechat_redirect]]></EventKey>
<MenuId>419493812</MenuId>
</xml>

2020-08-30 21:40:18 params :
------------
String:
array (
  'rule' => -2,
  'module' => '',
  'message' => 
  array (
    'tousername' => 'gh_e3d86caba8f5',
    'fromusername' => 'o49ZtuGlC2twVEGX0tnxXV8br1W8',
    'createtime' => '1598794817',
    'msgtype' => 'event',
    'event' => 'VIEW',
    'eventkey' => 'https://open.weixin.qq.com/connect/oauth2/authorize?appid=wx2b20e7b855f8af4c&redirect_uri=https%3A%2F%2Fweixin.keruyun.com%2FautoLogin%3FshopId%3D810325402%26menuId%3D383263471718158336&response_type=code&scope=snsapi_userinfo&state=weixin&component_appid=wx004cbf32587f3789#wechat_redirect',
    'menuid' => '419493812',
    'from' => 'o49ZtuGlC2twVEGX0tnxXV8br1W8',
    'to' => 'gh_e3d86caba8f5',
    'time' => '1598794817',
    'type' => 'text',
    'content' => 'https://open.weixin.qq.com/connect/oauth2/authorize?appid=wx2b20e7b855f8af4c&redirect_uri=https%3A%2F%2Fweixin.keruyun.com%2FautoLogin%3FshopId%3D810325402%26menuId%3D383263471718158336&response_type=code&scope=snsapi_userinfo&state=weixin&component_appid=wx004cbf32587f3789#wechat_redirect',
    'redirection' => true,
    'source' => 'VIEW',
  ),
)

2020-08-30 21:40:18 response :
------------

2020-08-30 21:41:30 trace :
------------
String:
<xml><ToUserName><![CDATA[gh_e3d86caba8f5]]></ToUserName>
<FromUserName><![CDATA[o49ZtuGlC2twVEGX0tnxXV8br1W8]]></FromUserName>
<CreateTime>1598794890</CreateTime>
<MsgType><![CDATA[event]]></MsgType>
<Event><![CDATA[unsubscribe]]></Event>
<EventKey><![CDATA[]]></EventKey>
</xml>

2020-08-30 21:53:49 trace :
------------
String:
<xml><ToUserName><![CDATA[gh_f9b894563ef4]]></ToUserName>
<FromUserName><![CDATA[o5V8y1Ui3gWEtEdR_xExhSg68bdE]]></FromUserName>
<CreateTime>1598795628</CreateTime>
<MsgType><![CDATA[event]]></MsgType>
<Event><![CDATA[VIEW]]></Event>
<EventKey><![CDATA[http://www.boyufengmao.com/app/index.php?i=6&c=entry&m=ewei_shopv2&do=mobile]]></EventKey>
<MenuId>445261982</MenuId>
</xml>

2020-08-30 21:53:49 params :
------------
String:
array (
  'rule' => -2,
  'module' => '',
  'message' => 
  array (
    'tousername' => 'gh_f9b894563ef4',
    'fromusername' => 'o5V8y1Ui3gWEtEdR_xExhSg68bdE',
    'createtime' => '1598795628',
    'msgtype' => 'event',
    'event' => 'VIEW',
    'eventkey' => 'http://www.boyufengmao.com/app/index.php?i=6&c=entry&m=ewei_shopv2&do=mobile',
    'menuid' => '445261982',
    'from' => 'o5V8y1Ui3gWEtEdR_xExhSg68bdE',
    'to' => 'gh_f9b894563ef4',
    'time' => '1598795628',
    'type' => 'text',
    'content' => 'http://www.boyufengmao.com/app/index.php?i=6&c=entry&m=ewei_shopv2&do=mobile',
    'redirection' => true,
    'source' => 'VIEW',
  ),
)

2020-08-30 21:53:49 response :
------------

2020-08-30 22:06:46 trace :
------------
String:
<xml><ToUserName><![CDATA[gh_f9b894563ef4]]></ToUserName>
<FromUserName><![CDATA[o5V8y1QH2yxbV1w-tVbabIijVYcg]]></FromUserName>
<CreateTime>1598796406</CreateTime>
<MsgType><![CDATA[event]]></MsgType>
<Event><![CDATA[subscribe]]></Event>
<EventKey><![CDATA[]]></EventKey>
</xml>

2020-08-30 22:06:46 params :
------------
String:
array (
  'rule' => -2,
  'module' => '',
  'message' => 
  array (
    'tousername' => 'gh_f9b894563ef4',
    'fromusername' => 'o5V8y1QH2yxbV1w-tVbabIijVYcg',
    'createtime' => '1598796406',
    'msgtype' => 'event',
    'event' => 'subscribe',
    'eventkey' => '',
    'from' => 'o5V8y1QH2yxbV1w-tVbabIijVYcg',
    'to' => 'gh_f9b894563ef4',
    'time' => '1598796406',
    'type' => 'text',
    'redirection' => true,
    'source' => 'subscribe',
  ),
)

2020-08-30 22:06:46 response :
------------

2020-08-30 22:06:48 trace :
------------
String:
<xml><ToUserName><![CDATA[gh_f9b894563ef4]]></ToUserName>
<FromUserName><![CDATA[o5V8y1QH2yxbV1w-tVbabIijVYcg]]></FromUserName>
<CreateTime>1598796407</CreateTime>
<MsgType><![CDATA[event]]></MsgType>
<Event><![CDATA[VIEW]]></Event>
<EventKey><![CDATA[http://www.boyufengmao.com/app/index.php?i=6&c=entry&m=ewei_shopv2&do=mobile]]></EventKey>
<MenuId>445261982</MenuId>
</xml>

2020-08-30 22:06:48 params :
------------
String:
array (
  'rule' => -2,
  'module' => '',
  'message' => 
  array (
    'tousername' => 'gh_f9b894563ef4',
    'fromusername' => 'o5V8y1QH2yxbV1w-tVbabIijVYcg',
    'createtime' => '1598796407',
    'msgtype' => 'event',
    'event' => 'VIEW',
    'eventkey' => 'http://www.boyufengmao.com/app/index.php?i=6&c=entry&m=ewei_shopv2&do=mobile',
    'menuid' => '445261982',
    'from' => 'o5V8y1QH2yxbV1w-tVbabIijVYcg',
    'to' => 'gh_f9b894563ef4',
    'time' => '1598796407',
    'type' => 'text',
    'content' => 'http://www.boyufengmao.com/app/index.php?i=6&c=entry&m=ewei_shopv2&do=mobile',
    'redirection' => true,
    'source' => 'VIEW',
  ),
)

2020-08-30 22:06:48 response :
------------

2020-08-30 22:09:14 trace :
------------
String:
<xml><ToUserName><![CDATA[gh_f9b894563ef4]]></ToUserName>
<FromUserName><![CDATA[o5V8y1QH2yxbV1w-tVbabIijVYcg]]></FromUserName>
<CreateTime>1598796554</CreateTime>
<MsgType><![CDATA[event]]></MsgType>
<Event><![CDATA[VIEW]]></Event>
<EventKey><![CDATA[http://www.boyufengmao.com/app/index.php?i=6&c=entry&m=ewei_shopv2&do=mobile&r=diypage&id=35]]></EventKey>
<MenuId>445261982</MenuId>
</xml>

2020-08-30 22:09:14 params :
------------
String:
array (
  'rule' => -2,
  'module' => '',
  'message' => 
  array (
    'tousername' => 'gh_f9b894563ef4',
    'fromusername' => 'o5V8y1QH2yxbV1w-tVbabIijVYcg',
    'createtime' => '1598796554',
    'msgtype' => 'event',
    'event' => 'VIEW',
    'eventkey' => 'http://www.boyufengmao.com/app/index.php?i=6&c=entry&m=ewei_shopv2&do=mobile&r=diypage&id=35',
    'menuid' => '445261982',
    'from' => 'o5V8y1QH2yxbV1w-tVbabIijVYcg',
    'to' => 'gh_f9b894563ef4',
    'time' => '1598796554',
    'type' => 'text',
    'content' => 'http://www.boyufengmao.com/app/index.php?i=6&c=entry&m=ewei_shopv2&do=mobile&r=diypage&id=35',
    'redirection' => true,
    'source' => 'VIEW',
  ),
)

2020-08-30 22:09:14 response :
------------

2020-08-30 22:12:31 trace :
------------
String:
<xml><ToUserName><![CDATA[gh_f9b894563ef4]]></ToUserName>
<FromUserName><![CDATA[o5V8y1QH2yxbV1w-tVbabIijVYcg]]></FromUserName>
<CreateTime>1598796750</CreateTime>
<MsgType><![CDATA[event]]></MsgType>
<Event><![CDATA[VIEW]]></Event>
<EventKey><![CDATA[http://www.boyufengmao.com/app/index.php?i=6&c=entry&m=ewei_shopv2&do=mobile&r=diypage&id=35]]></EventKey>
<MenuId>445261982</MenuId>
</xml>

2020-08-30 22:12:31 params :
------------
String:
array (
  'rule' => -2,
  'module' => '',
  'message' => 
  array (
    'tousername' => 'gh_f9b894563ef4',
    'fromusername' => 'o5V8y1QH2yxbV1w-tVbabIijVYcg',
    'createtime' => '1598796750',
    'msgtype' => 'event',
    'event' => 'VIEW',
    'eventkey' => 'http://www.boyufengmao.com/app/index.php?i=6&c=entry&m=ewei_shopv2&do=mobile&r=diypage&id=35',
    'menuid' => '445261982',
    'from' => 'o5V8y1QH2yxbV1w-tVbabIijVYcg',
    'to' => 'gh_f9b894563ef4',
    'time' => '1598796750',
    'type' => 'text',
    'content' => 'http://www.boyufengmao.com/app/index.php?i=6&c=entry&m=ewei_shopv2&do=mobile&r=diypage&id=35',
    'redirection' => true,
    'source' => 'VIEW',
  ),
)

2020-08-30 22:12:31 response :
------------

2020-08-30 22:12:43 trace :
------------
String:
<xml><ToUserName><![CDATA[gh_f9b894563ef4]]></ToUserName>
<FromUserName><![CDATA[o5V8y1QH2yxbV1w-tVbabIijVYcg]]></FromUserName>
<CreateTime>1598796763</CreateTime>
<MsgType><![CDATA[event]]></MsgType>
<Event><![CDATA[VIEW]]></Event>
<EventKey><![CDATA[http://www.boyufengmao.com/app/index.php?i=6&c=entry&m=ewei_shopv2&do=mobile]]></EventKey>
<MenuId>445261982</MenuId>
</xml>

2020-08-30 22:12:43 params :
------------
String:
array (
  'rule' => -2,
  'module' => '',
  'message' => 
  array (
    'tousername' => 'gh_f9b894563ef4',
    'fromusername' => 'o5V8y1QH2yxbV1w-tVbabIijVYcg',
    'createtime' => '1598796763',
    'msgtype' => 'event',
    'event' => 'VIEW',
    'eventkey' => 'http://www.boyufengmao.com/app/index.php?i=6&c=entry&m=ewei_shopv2&do=mobile',
    'menuid' => '445261982',
    'from' => 'o5V8y1QH2yxbV1w-tVbabIijVYcg',
    'to' => 'gh_f9b894563ef4',
    'time' => '1598796763',
    'type' => 'text',
    'content' => 'http://www.boyufengmao.com/app/index.php?i=6&c=entry&m=ewei_shopv2&do=mobile',
    'redirection' => true,
    'source' => 'VIEW',
  ),
)

2020-08-30 22:12:43 response :
------------

2020-08-30 22:20:40 trace :
------------
String:
<xml><ToUserName><![CDATA[gh_f9b894563ef4]]></ToUserName>
<FromUserName><![CDATA[o5V8y1bmpFzmx8ni7hW57jYwsEiM]]></FromUserName>
<CreateTime>1598797240</CreateTime>
<MsgType><![CDATA[event]]></MsgType>
<Event><![CDATA[subscribe]]></Event>
<EventKey><![CDATA[]]></EventKey>
</xml>

2020-08-30 22:20:40 params :
------------
String:
array (
  'rule' => -2,
  'module' => '',
  'message' => 
  array (
    'tousername' => 'gh_f9b894563ef4',
    'fromusername' => 'o5V8y1bmpFzmx8ni7hW57jYwsEiM',
    'createtime' => '1598797240',
    'msgtype' => 'event',
    'event' => 'subscribe',
    'eventkey' => '',
    'from' => 'o5V8y1bmpFzmx8ni7hW57jYwsEiM',
    'to' => 'gh_f9b894563ef4',
    'time' => '1598797240',
    'type' => 'text',
    'redirection' => true,
    'source' => 'subscribe',
  ),
)

2020-08-30 22:20:40 response :
------------

2020-08-30 22:20:46 trace :
------------
String:
<xml><ToUserName><![CDATA[gh_f9b894563ef4]]></ToUserName>
<FromUserName><![CDATA[o5V8y1bmpFzmx8ni7hW57jYwsEiM]]></FromUserName>
<CreateTime>1598797246</CreateTime>
<MsgType><![CDATA[event]]></MsgType>
<Event><![CDATA[VIEW]]></Event>
<EventKey><![CDATA[http://www.boyufengmao.com/app/index.php?i=6&c=entry&m=ewei_shopv2&do=mobile&r=diypage&id=35]]></EventKey>
<MenuId>445261982</MenuId>
</xml>

2020-08-30 22:20:46 params :
------------
String:
array (
  'rule' => -2,
  'module' => '',
  'message' => 
  array (
    'tousername' => 'gh_f9b894563ef4',
    'fromusername' => 'o5V8y1bmpFzmx8ni7hW57jYwsEiM',
    'createtime' => '1598797246',
    'msgtype' => 'event',
    'event' => 'VIEW',
    'eventkey' => 'http://www.boyufengmao.com/app/index.php?i=6&c=entry&m=ewei_shopv2&do=mobile&r=diypage&id=35',
    'menuid' => '445261982',
    'from' => 'o5V8y1bmpFzmx8ni7hW57jYwsEiM',
    'to' => 'gh_f9b894563ef4',
    'time' => '1598797246',
    'type' => 'text',
    'content' => 'http://www.boyufengmao.com/app/index.php?i=6&c=entry&m=ewei_shopv2&do=mobile&r=diypage&id=35',
    'redirection' => true,
    'source' => 'VIEW',
  ),
)

2020-08-30 22:20:46 response :
------------

2020-08-30 22:45:13 trace :
------------
String:
<xml><ToUserName><![CDATA[gh_f9b894563ef4]]></ToUserName>
<FromUserName><![CDATA[o5V8y1UwKB_-go40jP_3Y7ZM8Oog]]></FromUserName>
<CreateTime>1598798713</CreateTime>
<MsgType><![CDATA[event]]></MsgType>
<Event><![CDATA[VIEW]]></Event>
<EventKey><![CDATA[http://www.boyufengmao.com/app/index.php?i=6&c=entry&m=ewei_shopv2&do=mobile&r=diypage&id=35]]></EventKey>
<MenuId>445261982</MenuId>
</xml>

2020-08-30 22:45:13 params :
------------
String:
array (
  'rule' => -2,
  'module' => '',
  'message' => 
  array (
    'tousername' => 'gh_f9b894563ef4',
    'fromusername' => 'o5V8y1UwKB_-go40jP_3Y7ZM8Oog',
    'createtime' => '1598798713',
    'msgtype' => 'event',
    'event' => 'VIEW',
    'eventkey' => 'http://www.boyufengmao.com/app/index.php?i=6&c=entry&m=ewei_shopv2&do=mobile&r=diypage&id=35',
    'menuid' => '445261982',
    'from' => 'o5V8y1UwKB_-go40jP_3Y7ZM8Oog',
    'to' => 'gh_f9b894563ef4',
    'time' => '1598798713',
    'type' => 'text',
    'content' => 'http://www.boyufengmao.com/app/index.php?i=6&c=entry&m=ewei_shopv2&do=mobile&r=diypage&id=35',
    'redirection' => true,
    'source' => 'VIEW',
  ),
)

2020-08-30 22:45:13 response :
------------

2020-08-30 22:45:45 trace :
------------
String:
<xml><ToUserName><![CDATA[gh_f9b894563ef4]]></ToUserName>
<FromUserName><![CDATA[o5V8y1UwKB_-go40jP_3Y7ZM8Oog]]></FromUserName>
<CreateTime>1598798745</CreateTime>
<MsgType><![CDATA[event]]></MsgType>
<Event><![CDATA[VIEW]]></Event>
<EventKey><![CDATA[http://www.boyufengmao.com/app/index.php?i=6&c=entry&m=ewei_shopv2&do=mobile&r=diypage&id=35]]></EventKey>
<MenuId>445261982</MenuId>
</xml>

2020-08-30 22:45:45 params :
------------
String:
array (
  'rule' => -2,
  'module' => '',
  'message' => 
  array (
    'tousername' => 'gh_f9b894563ef4',
    'fromusername' => 'o5V8y1UwKB_-go40jP_3Y7ZM8Oog',
    'createtime' => '1598798745',
    'msgtype' => 'event',
    'event' => 'VIEW',
    'eventkey' => 'http://www.boyufengmao.com/app/index.php?i=6&c=entry&m=ewei_shopv2&do=mobile&r=diypage&id=35',
    'menuid' => '445261982',
    'from' => 'o5V8y1UwKB_-go40jP_3Y7ZM8Oog',
    'to' => 'gh_f9b894563ef4',
    'time' => '1598798745',
    'type' => 'text',
    'content' => 'http://www.boyufengmao.com/app/index.php?i=6&c=entry&m=ewei_shopv2&do=mobile&r=diypage&id=35',
    'redirection' => true,
    'source' => 'VIEW',
  ),
)

2020-08-30 22:45:45 response :
------------

