2020-09-08 08:44:34 trace :
------------
String:
<xml><ToUserName><![CDATA[gh_f9b894563ef4]]></ToUserName>
<FromUserName><![CDATA[o5V8y1QRsIqTrdgMAuN0zPRm9hWY]]></FromUserName>
<CreateTime>1599525873</CreateTime>
<MsgType><![CDATA[event]]></MsgType>
<Event><![CDATA[VIEW]]></Event>
<EventKey><![CDATA[http://www.boyufengmao.com/app/index.php?i=6&c=entry&m=ewei_shopv2&do=mobile&r=diypage&id=35]]></EventKey>
<MenuId>445261982</MenuId>
</xml>

2020-09-08 08:44:34 params :
------------
String:
array (
  'rule' => -2,
  'module' => '',
  'message' => 
  array (
    'tousername' => 'gh_f9b894563ef4',
    'fromusername' => 'o5V8y1QRsIqTrdgMAuN0zPRm9hWY',
    'createtime' => '1599525873',
    'msgtype' => 'event',
    'event' => 'VIEW',
    'eventkey' => 'http://www.boyufengmao.com/app/index.php?i=6&c=entry&m=ewei_shopv2&do=mobile&r=diypage&id=35',
    'menuid' => '445261982',
    'from' => 'o5V8y1QRsIqTrdgMAuN0zPRm9hWY',
    'to' => 'gh_f9b894563ef4',
    'time' => '1599525873',
    'type' => 'text',
    'content' => 'http://www.boyufengmao.com/app/index.php?i=6&c=entry&m=ewei_shopv2&do=mobile&r=diypage&id=35',
    'redirection' => true,
    'source' => 'VIEW',
  ),
)

2020-09-08 08:44:34 response :
------------

2020-09-08 08:46:11 trace :
------------
String:
<xml><ToUserName><![CDATA[gh_f9b894563ef4]]></ToUserName>
<FromUserName><![CDATA[o5V8y1QRsIqTrdgMAuN0zPRm9hWY]]></FromUserName>
<CreateTime>1599525971</CreateTime>
<MsgType><![CDATA[event]]></MsgType>
<Event><![CDATA[VIEW]]></Event>
<EventKey><![CDATA[http://www.boyufengmao.com/app/index.php?i=6&c=entry&m=ewei_shopv2&do=mobile&r=diypage&id=35]]></EventKey>
<MenuId>445261982</MenuId>
</xml>

2020-09-08 08:46:11 params :
------------
String:
array (
  'rule' => -2,
  'module' => '',
  'message' => 
  array (
    'tousername' => 'gh_f9b894563ef4',
    'fromusername' => 'o5V8y1QRsIqTrdgMAuN0zPRm9hWY',
    'createtime' => '1599525971',
    'msgtype' => 'event',
    'event' => 'VIEW',
    'eventkey' => 'http://www.boyufengmao.com/app/index.php?i=6&c=entry&m=ewei_shopv2&do=mobile&r=diypage&id=35',
    'menuid' => '445261982',
    'from' => 'o5V8y1QRsIqTrdgMAuN0zPRm9hWY',
    'to' => 'gh_f9b894563ef4',
    'time' => '1599525971',
    'type' => 'text',
    'content' => 'http://www.boyufengmao.com/app/index.php?i=6&c=entry&m=ewei_shopv2&do=mobile&r=diypage&id=35',
    'redirection' => true,
    'source' => 'VIEW',
  ),
)

2020-09-08 08:46:11 response :
------------

2020-09-08 08:55:01 trace :
------------
String:
<xml><ToUserName><![CDATA[gh_f9b894563ef4]]></ToUserName>
<FromUserName><![CDATA[o5V8y1Tbm_DJZVUcLRPGI07i10Ew]]></FromUserName>
<CreateTime>1599526501</CreateTime>
<MsgType><![CDATA[event]]></MsgType>
<Event><![CDATA[unsubscribe]]></Event>
<EventKey><![CDATA[]]></EventKey>
</xml>

2020-09-08 09:08:50 trace :
------------
String:
<xml><ToUserName><![CDATA[gh_f9b894563ef4]]></ToUserName>
<FromUserName><![CDATA[o5V8y1eql04F1y6CdMqRsT5RIzck]]></FromUserName>
<CreateTime>1599527329</CreateTime>
<MsgType><![CDATA[text]]></MsgType>
<Content><![CDATA[ðŸ“ˆðŸ’³ðŸµðŸ’ðŸ®ðŸ˜è¶…å¤§è¡¥è´´åˆæ¥å•¦ï¼Œå…¨åœºå•†å“ç«Ÿç„¶ä½Žè‡³0å…ƒï¼å¸®ä¸ªå¿™ðŸ‘‡ðŸ‘‡ðŸ‘‡
https://dwz.cn/PJUoF0Yw]]></Content>
<MsgId>22899726058270884</MsgId>
</xml>

2020-09-08 09:08:50 params :
------------
String:
array (
  'rule' => -2,
  'module' => '',
  'message' => 
  array (
    'tousername' => 'gh_f9b894563ef4',
    'fromusername' => 'o5V8y1eql04F1y6CdMqRsT5RIzck',
    'createtime' => '1599527329',
    'msgtype' => 'text',
    'content' => 'ðŸ“ˆðŸ’³ðŸµðŸ’ðŸ®ðŸ˜è¶…å¤§è¡¥è´´åˆæ¥å•¦ï¼Œå…¨åœºå•†å“ç«Ÿç„¶ä½Žè‡³0å…ƒï¼å¸®ä¸ªå¿™ðŸ‘‡ðŸ‘‡ðŸ‘‡
https://dwz.cn/PJUoF0Yw',
    'msgid' => '22899726058270884',
    'from' => 'o5V8y1eql04F1y6CdMqRsT5RIzck',
    'to' => 'gh_f9b894563ef4',
    'time' => '1599527329',
    'type' => 'text',
    'event' => NULL,
    'redirection' => false,
    'source' => NULL,
  ),
)

2020-09-08 09:08:50 response :
------------

2020-09-08 09:15:26 trace :
------------
String:
<xml><ToUserName><![CDATA[gh_f9b894563ef4]]></ToUserName>
<FromUserName><![CDATA[o5V8y1Qnc03A8ahL11e29EaIx36I]]></FromUserName>
<CreateTime>1599527726</CreateTime>
<MsgType><![CDATA[event]]></MsgType>
<Event><![CDATA[unsubscribe]]></Event>
<EventKey><![CDATA[]]></EventKey>
</xml>

2020-09-08 09:36:07 trace :
------------
String:
<xml><ToUserName><![CDATA[gh_797e108d27bc]]></ToUserName>
<FromUserName><![CDATA[oGmQ8t82M2i9UIEehbIJz2tIe83o]]></FromUserName>
<CreateTime>1599528966</CreateTime>
<MsgType><![CDATA[event]]></MsgType>
<Event><![CDATA[VIEW]]></Event>
<EventKey><![CDATA[http://www.boyufengmao.com/app/index.php?i=26&c=entry&m=ewei_shopv2&do=mobile]]></EventKey>
<MenuId>471603826</MenuId>
</xml>

2020-09-08 09:36:07 params :
------------
String:
array (
  'rule' => -2,
  'module' => '',
  'message' => 
  array (
    'tousername' => 'gh_797e108d27bc',
    'fromusername' => 'oGmQ8t82M2i9UIEehbIJz2tIe83o',
    'createtime' => '1599528966',
    'msgtype' => 'event',
    'event' => 'VIEW',
    'eventkey' => 'http://www.boyufengmao.com/app/index.php?i=26&c=entry&m=ewei_shopv2&do=mobile',
    'menuid' => '471603826',
    'from' => 'oGmQ8t82M2i9UIEehbIJz2tIe83o',
    'to' => 'gh_797e108d27bc',
    'time' => '1599528966',
    'type' => 'text',
    'content' => 'http://www.boyufengmao.com/app/index.php?i=26&c=entry&m=ewei_shopv2&do=mobile',
    'redirection' => true,
    'source' => 'VIEW',
  ),
)

2020-09-08 09:36:07 response :
------------

2020-09-08 09:36:07 trace :
------------
String:
<xml><ToUserName><![CDATA[gh_797e108d27bc]]></ToUserName>
<FromUserName><![CDATA[oGmQ8t82M2i9UIEehbIJz2tIe83o]]></FromUserName>
<CreateTime>1599528967</CreateTime>
<MsgType><![CDATA[event]]></MsgType>
<Event><![CDATA[VIEW]]></Event>
<EventKey><![CDATA[http://www.boyufengmao.com/app/index.php?i=26&c=entry&m=ewei_shopv2&do=mobile]]></EventKey>
<MenuId>471603826</MenuId>
</xml>

2020-09-08 09:36:07 params :
------------
String:
array (
  'rule' => -2,
  'module' => '',
  'message' => 
  array (
    'tousername' => 'gh_797e108d27bc',
    'fromusername' => 'oGmQ8t82M2i9UIEehbIJz2tIe83o',
    'createtime' => '1599528967',
    'msgtype' => 'event',
    'event' => 'VIEW',
    'eventkey' => 'http://www.boyufengmao.com/app/index.php?i=26&c=entry&m=ewei_shopv2&do=mobile',
    'menuid' => '471603826',
    'from' => 'oGmQ8t82M2i9UIEehbIJz2tIe83o',
    'to' => 'gh_797e108d27bc',
    'time' => '1599528967',
    'type' => 'text',
    'content' => 'http://www.boyufengmao.com/app/index.php?i=26&c=entry&m=ewei_shopv2&do=mobile',
    'redirection' => true,
    'source' => 'VIEW',
  ),
)

2020-09-08 09:36:07 response :
------------

2020-09-08 10:22:02 trace :
------------
String:
<xml><ToUserName><![CDATA[gh_316bf7a9301b]]></ToUserName>
<FromUserName><![CDATA[o5UrA0sj463Ux3c1AQ5lhsezc1x0]]></FromUserName>
<CreateTime>1599531722</CreateTime>
<MsgType><![CDATA[event]]></MsgType>
<Event><![CDATA[subscribe]]></Event>
<EventKey><![CDATA[]]></EventKey>
</xml>

2020-09-08 10:22:02 params :
------------
String:
array (
  'rule' => -2,
  'module' => '',
  'message' => 
  array (
    'tousername' => 'gh_316bf7a9301b',
    'fromusername' => 'o5UrA0sj463Ux3c1AQ5lhsezc1x0',
    'createtime' => '1599531722',
    'msgtype' => 'event',
    'event' => 'subscribe',
    'eventkey' => '',
    'from' => 'o5UrA0sj463Ux3c1AQ5lhsezc1x0',
    'to' => 'gh_316bf7a9301b',
    'time' => '1599531722',
    'type' => 'text',
    'redirection' => true,
    'source' => 'subscribe',
  ),
)

2020-09-08 10:22:02 response :
------------

2020-09-08 11:00:21 trace :
------------
String:
<xml><ToUserName><![CDATA[gh_316bf7a9301b]]></ToUserName>
<FromUserName><![CDATA[o5UrA0o5IEG-r1NcNYobGuGUP1MU]]></FromUserName>
<CreateTime>1599534020</CreateTime>
<MsgType><![CDATA[event]]></MsgType>
<Event><![CDATA[VIEW]]></Event>
<EventKey><![CDATA[http://www.boyufengmao.com/app/index.php?i=27&c=entry&m=ewei_shopv2&do=mobile]]></EventKey>
<MenuId>425235952</MenuId>
</xml>

2020-09-08 11:00:21 params :
------------
String:
array (
  'rule' => -2,
  'module' => '',
  'message' => 
  array (
    'tousername' => 'gh_316bf7a9301b',
    'fromusername' => 'o5UrA0o5IEG-r1NcNYobGuGUP1MU',
    'createtime' => '1599534020',
    'msgtype' => 'event',
    'event' => 'VIEW',
    'eventkey' => 'http://www.boyufengmao.com/app/index.php?i=27&c=entry&m=ewei_shopv2&do=mobile',
    'menuid' => '425235952',
    'from' => 'o5UrA0o5IEG-r1NcNYobGuGUP1MU',
    'to' => 'gh_316bf7a9301b',
    'time' => '1599534020',
    'type' => 'text',
    'content' => 'http://www.boyufengmao.com/app/index.php?i=27&c=entry&m=ewei_shopv2&do=mobile',
    'redirection' => true,
    'source' => 'VIEW',
  ),
)

2020-09-08 11:00:21 response :
------------

2020-09-08 11:00:41 trace :
------------
String:
<xml><ToUserName><![CDATA[gh_316bf7a9301b]]></ToUserName>
<FromUserName><![CDATA[o5UrA0o5IEG-r1NcNYobGuGUP1MU]]></FromUserName>
<CreateTime>1599534041</CreateTime>
<MsgType><![CDATA[event]]></MsgType>
<Event><![CDATA[unsubscribe]]></Event>
<EventKey><![CDATA[]]></EventKey>
</xml>

2020-09-08 11:52:23 trace :
------------
String:
<xml><ToUserName><![CDATA[gh_f9b894563ef4]]></ToUserName>
<FromUserName><![CDATA[o5V8y1RrZKpYFzoH2ip39E09rxcA]]></FromUserName>
<CreateTime>1599537142</CreateTime>
<MsgType><![CDATA[event]]></MsgType>
<Event><![CDATA[VIEW]]></Event>
<EventKey><![CDATA[http://www.boyufengmao.com/app/index.php?i=6&c=entry&m=ewei_shopv2&do=mobile]]></EventKey>
<MenuId>445261982</MenuId>
</xml>

2020-09-08 11:52:23 params :
------------
String:
array (
  'rule' => -2,
  'module' => '',
  'message' => 
  array (
    'tousername' => 'gh_f9b894563ef4',
    'fromusername' => 'o5V8y1RrZKpYFzoH2ip39E09rxcA',
    'createtime' => '1599537142',
    'msgtype' => 'event',
    'event' => 'VIEW',
    'eventkey' => 'http://www.boyufengmao.com/app/index.php?i=6&c=entry&m=ewei_shopv2&do=mobile',
    'menuid' => '445261982',
    'from' => 'o5V8y1RrZKpYFzoH2ip39E09rxcA',
    'to' => 'gh_f9b894563ef4',
    'time' => '1599537142',
    'type' => 'text',
    'content' => 'http://www.boyufengmao.com/app/index.php?i=6&c=entry&m=ewei_shopv2&do=mobile',
    'redirection' => true,
    'source' => 'VIEW',
  ),
)

2020-09-08 11:52:23 response :
------------

2020-09-08 11:52:43 trace :
------------
String:
<xml><ToUserName><![CDATA[gh_f9b894563ef4]]></ToUserName>
<FromUserName><![CDATA[o5V8y1RrZKpYFzoH2ip39E09rxcA]]></FromUserName>
<CreateTime>1599537163</CreateTime>
<MsgType><![CDATA[event]]></MsgType>
<Event><![CDATA[VIEW]]></Event>
<EventKey><![CDATA[http://www.boyufengmao.com/app/index.php?i=6&c=entry&m=ewei_shopv2&do=mobile&r=diypage&id=35]]></EventKey>
<MenuId>445261982</MenuId>
</xml>

2020-09-08 11:52:43 params :
------------
String:
array (
  'rule' => -2,
  'module' => '',
  'message' => 
  array (
    'tousername' => 'gh_f9b894563ef4',
    'fromusername' => 'o5V8y1RrZKpYFzoH2ip39E09rxcA',
    'createtime' => '1599537163',
    'msgtype' => 'event',
    'event' => 'VIEW',
    'eventkey' => 'http://www.boyufengmao.com/app/index.php?i=6&c=entry&m=ewei_shopv2&do=mobile&r=diypage&id=35',
    'menuid' => '445261982',
    'from' => 'o5V8y1RrZKpYFzoH2ip39E09rxcA',
    'to' => 'gh_f9b894563ef4',
    'time' => '1599537163',
    'type' => 'text',
    'content' => 'http://www.boyufengmao.com/app/index.php?i=6&c=entry&m=ewei_shopv2&do=mobile&r=diypage&id=35',
    'redirection' => true,
    'source' => 'VIEW',
  ),
)

2020-09-08 11:52:43 response :
------------

2020-09-08 11:52:59 trace :
------------
String:
<xml><ToUserName><![CDATA[gh_f9b894563ef4]]></ToUserName>
<FromUserName><![CDATA[o5V8y1RrZKpYFzoH2ip39E09rxcA]]></FromUserName>
<CreateTime>1599537179</CreateTime>
<MsgType><![CDATA[event]]></MsgType>
<Event><![CDATA[VIEW]]></Event>
<EventKey><![CDATA[http://www.boyufengmao.com/app/index.php?i=6&c=entry&m=ewei_shopv2&do=mobile&r=diypage&id=35]]></EventKey>
<MenuId>445261982</MenuId>
</xml>

2020-09-08 11:52:59 params :
------------
String:
array (
  'rule' => -2,
  'module' => '',
  'message' => 
  array (
    'tousername' => 'gh_f9b894563ef4',
    'fromusername' => 'o5V8y1RrZKpYFzoH2ip39E09rxcA',
    'createtime' => '1599537179',
    'msgtype' => 'event',
    'event' => 'VIEW',
    'eventkey' => 'http://www.boyufengmao.com/app/index.php?i=6&c=entry&m=ewei_shopv2&do=mobile&r=diypage&id=35',
    'menuid' => '445261982',
    'from' => 'o5V8y1RrZKpYFzoH2ip39E09rxcA',
    'to' => 'gh_f9b894563ef4',
    'time' => '1599537179',
    'type' => 'text',
    'content' => 'http://www.boyufengmao.com/app/index.php?i=6&c=entry&m=ewei_shopv2&do=mobile&r=diypage&id=35',
    'redirection' => true,
    'source' => 'VIEW',
  ),
)

2020-09-08 11:52:59 response :
------------

2020-09-08 11:57:26 trace :
------------
String:
<xml><ToUserName><![CDATA[gh_f9b894563ef4]]></ToUserName>
<FromUserName><![CDATA[o5V8y1bKQmMh6leXUDIreqV3qhKs]]></FromUserName>
<CreateTime>1599537446</CreateTime>
<MsgType><![CDATA[event]]></MsgType>
<Event><![CDATA[subscribe]]></Event>
<EventKey><![CDATA[]]></EventKey>
</xml>

2020-09-08 11:57:27 params :
------------
String:
array (
  'rule' => -2,
  'module' => '',
  'message' => 
  array (
    'tousername' => 'gh_f9b894563ef4',
    'fromusername' => 'o5V8y1bKQmMh6leXUDIreqV3qhKs',
    'createtime' => '1599537446',
    'msgtype' => 'event',
    'event' => 'subscribe',
    'eventkey' => '',
    'from' => 'o5V8y1bKQmMh6leXUDIreqV3qhKs',
    'to' => 'gh_f9b894563ef4',
    'time' => '1599537446',
    'type' => 'text',
    'redirection' => true,
    'source' => 'subscribe',
  ),
)

2020-09-08 11:57:27 response :
------------

2020-09-08 11:57:31 trace :
------------
String:
<xml><ToUserName><![CDATA[gh_f9b894563ef4]]></ToUserName>
<FromUserName><![CDATA[o5V8y1bKQmMh6leXUDIreqV3qhKs]]></FromUserName>
<CreateTime>1599537451</CreateTime>
<MsgType><![CDATA[event]]></MsgType>
<Event><![CDATA[VIEW]]></Event>
<EventKey><![CDATA[http://www.boyufengmao.com/app/index.php?i=6&c=entry&m=ewei_shopv2&do=mobile&r=diypage&id=35]]></EventKey>
<MenuId>445261982</MenuId>
</xml>

2020-09-08 11:57:31 params :
------------
String:
array (
  'rule' => -2,
  'module' => '',
  'message' => 
  array (
    'tousername' => 'gh_f9b894563ef4',
    'fromusername' => 'o5V8y1bKQmMh6leXUDIreqV3qhKs',
    'createtime' => '1599537451',
    'msgtype' => 'event',
    'event' => 'VIEW',
    'eventkey' => 'http://www.boyufengmao.com/app/index.php?i=6&c=entry&m=ewei_shopv2&do=mobile&r=diypage&id=35',
    'menuid' => '445261982',
    'from' => 'o5V8y1bKQmMh6leXUDIreqV3qhKs',
    'to' => 'gh_f9b894563ef4',
    'time' => '1599537451',
    'type' => 'text',
    'content' => 'http://www.boyufengmao.com/app/index.php?i=6&c=entry&m=ewei_shopv2&do=mobile&r=diypage&id=35',
    'redirection' => true,
    'source' => 'VIEW',
  ),
)

2020-09-08 11:57:31 response :
------------

2020-09-08 12:30:32 trace :
------------
String:
<xml><ToUserName><![CDATA[gh_316bf7a9301b]]></ToUserName>
<FromUserName><![CDATA[o5UrA0j9dEGoV1ce9t35qtpvpyfo]]></FromUserName>
<CreateTime>1599539431</CreateTime>
<MsgType><![CDATA[event]]></MsgType>
<Event><![CDATA[subscribe]]></Event>
<EventKey><![CDATA[]]></EventKey>
</xml>

2020-09-08 12:30:32 params :
------------
String:
array (
  'rule' => -2,
  'module' => '',
  'message' => 
  array (
    'tousername' => 'gh_316bf7a9301b',
    'fromusername' => 'o5UrA0j9dEGoV1ce9t35qtpvpyfo',
    'createtime' => '1599539431',
    'msgtype' => 'event',
    'event' => 'subscribe',
    'eventkey' => '',
    'from' => 'o5UrA0j9dEGoV1ce9t35qtpvpyfo',
    'to' => 'gh_316bf7a9301b',
    'time' => '1599539431',
    'type' => 'text',
    'redirection' => true,
    'source' => 'subscribe',
  ),
)

2020-09-08 12:30:32 response :
------------

2020-09-08 12:30:33 trace :
------------
String:
<xml><ToUserName><![CDATA[gh_316bf7a9301b]]></ToUserName>
<FromUserName><![CDATA[o5UrA0j9dEGoV1ce9t35qtpvpyfo]]></FromUserName>
<CreateTime>1599539433</CreateTime>
<MsgType><![CDATA[event]]></MsgType>
<Event><![CDATA[VIEW]]></Event>
<EventKey><![CDATA[http://www.boyufengmao.com/app/index.php?i=27&c=entry&m=ewei_shopv2&do=mobile]]></EventKey>
<MenuId>425235952</MenuId>
</xml>

2020-09-08 12:30:33 params :
------------
String:
array (
  'rule' => -2,
  'module' => '',
  'message' => 
  array (
    'tousername' => 'gh_316bf7a9301b',
    'fromusername' => 'o5UrA0j9dEGoV1ce9t35qtpvpyfo',
    'createtime' => '1599539433',
    'msgtype' => 'event',
    'event' => 'VIEW',
    'eventkey' => 'http://www.boyufengmao.com/app/index.php?i=27&c=entry&m=ewei_shopv2&do=mobile',
    'menuid' => '425235952',
    'from' => 'o5UrA0j9dEGoV1ce9t35qtpvpyfo',
    'to' => 'gh_316bf7a9301b',
    'time' => '1599539433',
    'type' => 'text',
    'content' => 'http://www.boyufengmao.com/app/index.php?i=27&c=entry&m=ewei_shopv2&do=mobile',
    'redirection' => true,
    'source' => 'VIEW',
  ),
)

2020-09-08 12:30:33 response :
------------

2020-09-08 12:43:32 trace :
------------
String:
<xml><ToUserName><![CDATA[gh_316bf7a9301b]]></ToUserName>
<FromUserName><![CDATA[o5UrA0mnTfxjaYT8wmh7bScDO39g]]></FromUserName>
<CreateTime>1599540211</CreateTime>
<MsgType><![CDATA[event]]></MsgType>
<Event><![CDATA[subscribe]]></Event>
<EventKey><![CDATA[]]></EventKey>
</xml>

2020-09-08 12:43:32 params :
------------
String:
array (
  'rule' => -2,
  'module' => '',
  'message' => 
  array (
    'tousername' => 'gh_316bf7a9301b',
    'fromusername' => 'o5UrA0mnTfxjaYT8wmh7bScDO39g',
    'createtime' => '1599540211',
    'msgtype' => 'event',
    'event' => 'subscribe',
    'eventkey' => '',
    'from' => 'o5UrA0mnTfxjaYT8wmh7bScDO39g',
    'to' => 'gh_316bf7a9301b',
    'time' => '1599540211',
    'type' => 'text',
    'redirection' => true,
    'source' => 'subscribe',
  ),
)

2020-09-08 12:43:32 response :
------------

2020-09-08 12:43:33 trace :
------------
String:
<xml><ToUserName><![CDATA[gh_316bf7a9301b]]></ToUserName>
<FromUserName><![CDATA[o5UrA0mnTfxjaYT8wmh7bScDO39g]]></FromUserName>
<CreateTime>1599540213</CreateTime>
<MsgType><![CDATA[event]]></MsgType>
<Event><![CDATA[VIEW]]></Event>
<EventKey><![CDATA[http://www.boyufengmao.com/app/index.php?i=27&c=entry&m=ewei_shopv2&do=mobile]]></EventKey>
<MenuId>425235952</MenuId>
</xml>

2020-09-08 12:43:33 params :
------------
String:
array (
  'rule' => -2,
  'module' => '',
  'message' => 
  array (
    'tousername' => 'gh_316bf7a9301b',
    'fromusername' => 'o5UrA0mnTfxjaYT8wmh7bScDO39g',
    'createtime' => '1599540213',
    'msgtype' => 'event',
    'event' => 'VIEW',
    'eventkey' => 'http://www.boyufengmao.com/app/index.php?i=27&c=entry&m=ewei_shopv2&do=mobile',
    'menuid' => '425235952',
    'from' => 'o5UrA0mnTfxjaYT8wmh7bScDO39g',
    'to' => 'gh_316bf7a9301b',
    'time' => '1599540213',
    'type' => 'text',
    'content' => 'http://www.boyufengmao.com/app/index.php?i=27&c=entry&m=ewei_shopv2&do=mobile',
    'redirection' => true,
    'source' => 'VIEW',
  ),
)

2020-09-08 12:43:33 response :
------------

2020-09-08 12:43:36 trace :
------------
String:
<xml><ToUserName><![CDATA[gh_316bf7a9301b]]></ToUserName>
<FromUserName><![CDATA[o5UrA0mnTfxjaYT8wmh7bScDO39g]]></FromUserName>
<CreateTime>1599540216</CreateTime>
<MsgType><![CDATA[event]]></MsgType>
<Event><![CDATA[VIEW]]></Event>
<EventKey><![CDATA[http://www.boyufengmao.com/app/index.php?i=27&c=entry&m=ewei_shopv2&do=mobile]]></EventKey>
<MenuId>425235952</MenuId>
</xml>

2020-09-08 12:43:36 params :
------------
String:
array (
  'rule' => -2,
  'module' => '',
  'message' => 
  array (
    'tousername' => 'gh_316bf7a9301b',
    'fromusername' => 'o5UrA0mnTfxjaYT8wmh7bScDO39g',
    'createtime' => '1599540216',
    'msgtype' => 'event',
    'event' => 'VIEW',
    'eventkey' => 'http://www.boyufengmao.com/app/index.php?i=27&c=entry&m=ewei_shopv2&do=mobile',
    'menuid' => '425235952',
    'from' => 'o5UrA0mnTfxjaYT8wmh7bScDO39g',
    'to' => 'gh_316bf7a9301b',
    'time' => '1599540216',
    'type' => 'text',
    'content' => 'http://www.boyufengmao.com/app/index.php?i=27&c=entry&m=ewei_shopv2&do=mobile',
    'redirection' => true,
    'source' => 'VIEW',
  ),
)

2020-09-08 12:43:36 response :
------------

2020-09-08 12:47:23 trace :
------------
String:
<xml><ToUserName><![CDATA[gh_316bf7a9301b]]></ToUserName>
<FromUserName><![CDATA[o5UrA0gpCnhtsZhkOJcUhQpDTnQY]]></FromUserName>
<CreateTime>1599540443</CreateTime>
<MsgType><![CDATA[event]]></MsgType>
<Event><![CDATA[subscribe]]></Event>
<EventKey><![CDATA[]]></EventKey>
</xml>

2020-09-08 12:47:23 params :
------------
String:
array (
  'rule' => -2,
  'module' => '',
  'message' => 
  array (
    'tousername' => 'gh_316bf7a9301b',
    'fromusername' => 'o5UrA0gpCnhtsZhkOJcUhQpDTnQY',
    'createtime' => '1599540443',
    'msgtype' => 'event',
    'event' => 'subscribe',
    'eventkey' => '',
    'from' => 'o5UrA0gpCnhtsZhkOJcUhQpDTnQY',
    'to' => 'gh_316bf7a9301b',
    'time' => '1599540443',
    'type' => 'text',
    'redirection' => true,
    'source' => 'subscribe',
  ),
)

2020-09-08 12:47:23 response :
------------

2020-09-08 12:47:32 trace :
------------
String:
<xml><ToUserName><![CDATA[gh_316bf7a9301b]]></ToUserName>
<FromUserName><![CDATA[o5UrA0gpCnhtsZhkOJcUhQpDTnQY]]></FromUserName>
<CreateTime>1599540452</CreateTime>
<MsgType><![CDATA[event]]></MsgType>
<Event><![CDATA[VIEW]]></Event>
<EventKey><![CDATA[http://www.boyufengmao.com/app/index.php?i=27&c=entry&m=ewei_shopv2&do=mobile]]></EventKey>
<MenuId>425235952</MenuId>
</xml>

2020-09-08 12:47:32 params :
------------
String:
array (
  'rule' => -2,
  'module' => '',
  'message' => 
  array (
    'tousername' => 'gh_316bf7a9301b',
    'fromusername' => 'o5UrA0gpCnhtsZhkOJcUhQpDTnQY',
    'createtime' => '1599540452',
    'msgtype' => 'event',
    'event' => 'VIEW',
    'eventkey' => 'http://www.boyufengmao.com/app/index.php?i=27&c=entry&m=ewei_shopv2&do=mobile',
    'menuid' => '425235952',
    'from' => 'o5UrA0gpCnhtsZhkOJcUhQpDTnQY',
    'to' => 'gh_316bf7a9301b',
    'time' => '1599540452',
    'type' => 'text',
    'content' => 'http://www.boyufengmao.com/app/index.php?i=27&c=entry&m=ewei_shopv2&do=mobile',
    'redirection' => true,
    'source' => 'VIEW',
  ),
)

2020-09-08 12:47:32 response :
------------

2020-09-08 13:00:02 trace :
------------
String:
<xml><ToUserName><![CDATA[gh_316bf7a9301b]]></ToUserName>
<FromUserName><![CDATA[o5UrA0gpCnhtsZhkOJcUhQpDTnQY]]></FromUserName>
<CreateTime>1599541202</CreateTime>
<MsgType><![CDATA[event]]></MsgType>
<Event><![CDATA[unsubscribe]]></Event>
<EventKey><![CDATA[]]></EventKey>
</xml>

2020-09-08 13:00:42 trace :
------------
String:
<xml><ToUserName><![CDATA[gh_f9b894563ef4]]></ToUserName>
<FromUserName><![CDATA[o5V8y1ezY4QwiP-beP5Y0gZPVkM0]]></FromUserName>
<CreateTime>1599541242</CreateTime>
<MsgType><![CDATA[event]]></MsgType>
<Event><![CDATA[VIEW]]></Event>
<EventKey><![CDATA[http://www.boyufengmao.com/app/index.php?i=6&c=entry&m=ewei_shopv2&do=mobile]]></EventKey>
<MenuId>445261982</MenuId>
</xml>

2020-09-08 13:00:42 params :
------------
String:
array (
  'rule' => -2,
  'module' => '',
  'message' => 
  array (
    'tousername' => 'gh_f9b894563ef4',
    'fromusername' => 'o5V8y1ezY4QwiP-beP5Y0gZPVkM0',
    'createtime' => '1599541242',
    'msgtype' => 'event',
    'event' => 'VIEW',
    'eventkey' => 'http://www.boyufengmao.com/app/index.php?i=6&c=entry&m=ewei_shopv2&do=mobile',
    'menuid' => '445261982',
    'from' => 'o5V8y1ezY4QwiP-beP5Y0gZPVkM0',
    'to' => 'gh_f9b894563ef4',
    'time' => '1599541242',
    'type' => 'text',
    'content' => 'http://www.boyufengmao.com/app/index.php?i=6&c=entry&m=ewei_shopv2&do=mobile',
    'redirection' => true,
    'source' => 'VIEW',
  ),
)

2020-09-08 13:00:42 response :
------------

2020-09-08 13:27:07 trace :
------------
String:
<xml><ToUserName><![CDATA[gh_f9b894563ef4]]></ToUserName>
<FromUserName><![CDATA[o5V8y1UBIewUlkLHTyvSyFxs6AT8]]></FromUserName>
<CreateTime>1599542827</CreateTime>
<MsgType><![CDATA[event]]></MsgType>
<Event><![CDATA[subscribe]]></Event>
<EventKey><![CDATA[last_trade_no_4200000688202009081623136851]]></EventKey>
</xml>

2020-09-08 13:27:07 params :
------------
String:
array (
  'rule' => -2,
  'module' => '',
  'message' => 
  array (
    'tousername' => 'gh_f9b894563ef4',
    'fromusername' => 'o5V8y1UBIewUlkLHTyvSyFxs6AT8',
    'createtime' => '1599542827',
    'msgtype' => 'event',
    'event' => 'subscribe',
    'eventkey' => 'last_trade_no_4200000688202009081623136851',
    'from' => 'o5V8y1UBIewUlkLHTyvSyFxs6AT8',
    'to' => 'gh_f9b894563ef4',
    'time' => '1599542827',
    'type' => 'text',
    'scene' => 'last_trade_no_4200000688202009081623136851',
    'redirection' => true,
    'source' => 'subscribe',
  ),
)

2020-09-08 13:27:07 response :
------------

2020-09-08 13:27:27 trace :
------------
String:
<xml><ToUserName><![CDATA[gh_f9b894563ef4]]></ToUserName>
<FromUserName><![CDATA[o5V8y1UBIewUlkLHTyvSyFxs6AT8]]></FromUserName>
<CreateTime>1599542846</CreateTime>
<MsgType><![CDATA[event]]></MsgType>
<Event><![CDATA[VIEW]]></Event>
<EventKey><![CDATA[http://www.boyufengmao.com/app/index.php?i=6&c=entry&m=ewei_shopv2&do=mobile]]></EventKey>
<MenuId>445261982</MenuId>
</xml>

2020-09-08 13:27:27 params :
------------
String:
array (
  'rule' => -2,
  'module' => '',
  'message' => 
  array (
    'tousername' => 'gh_f9b894563ef4',
    'fromusername' => 'o5V8y1UBIewUlkLHTyvSyFxs6AT8',
    'createtime' => '1599542846',
    'msgtype' => 'event',
    'event' => 'VIEW',
    'eventkey' => 'http://www.boyufengmao.com/app/index.php?i=6&c=entry&m=ewei_shopv2&do=mobile',
    'menuid' => '445261982',
    'from' => 'o5V8y1UBIewUlkLHTyvSyFxs6AT8',
    'to' => 'gh_f9b894563ef4',
    'time' => '1599542846',
    'type' => 'text',
    'content' => 'http://www.boyufengmao.com/app/index.php?i=6&c=entry&m=ewei_shopv2&do=mobile',
    'redirection' => true,
    'source' => 'VIEW',
  ),
)

2020-09-08 13:27:27 response :
------------

2020-09-08 13:35:01 trace :
------------
String:
<xml><ToUserName><![CDATA[gh_f9b894563ef4]]></ToUserName>
<FromUserName><![CDATA[o5V8y1dlYlUrAKxa0eHIsBu3hIiA]]></FromUserName>
<CreateTime>1599543301</CreateTime>
<MsgType><![CDATA[event]]></MsgType>
<Event><![CDATA[subscribe]]></Event>
<EventKey><![CDATA[]]></EventKey>
</xml>

2020-09-08 13:35:01 params :
------------
String:
array (
  'rule' => -2,
  'module' => '',
  'message' => 
  array (
    'tousername' => 'gh_f9b894563ef4',
    'fromusername' => 'o5V8y1dlYlUrAKxa0eHIsBu3hIiA',
    'createtime' => '1599543301',
    'msgtype' => 'event',
    'event' => 'subscribe',
    'eventkey' => '',
    'from' => 'o5V8y1dlYlUrAKxa0eHIsBu3hIiA',
    'to' => 'gh_f9b894563ef4',
    'time' => '1599543301',
    'type' => 'text',
    'redirection' => true,
    'source' => 'subscribe',
  ),
)

2020-09-08 13:35:01 response :
------------

2020-09-08 13:35:06 trace :
------------
String:
<xml><ToUserName><![CDATA[gh_f9b894563ef4]]></ToUserName>
<FromUserName><![CDATA[o5V8y1dlYlUrAKxa0eHIsBu3hIiA]]></FromUserName>
<CreateTime>1599543306</CreateTime>
<MsgType><![CDATA[event]]></MsgType>
<Event><![CDATA[VIEW]]></Event>
<EventKey><![CDATA[http://www.boyufengmao.com/app/index.php?i=6&c=entry&m=ewei_shopv2&do=mobile&r=diypage&id=35]]></EventKey>
<MenuId>445261982</MenuId>
</xml>

2020-09-08 13:35:06 params :
------------
String:
array (
  'rule' => -2,
  'module' => '',
  'message' => 
  array (
    'tousername' => 'gh_f9b894563ef4',
    'fromusername' => 'o5V8y1dlYlUrAKxa0eHIsBu3hIiA',
    'createtime' => '1599543306',
    'msgtype' => 'event',
    'event' => 'VIEW',
    'eventkey' => 'http://www.boyufengmao.com/app/index.php?i=6&c=entry&m=ewei_shopv2&do=mobile&r=diypage&id=35',
    'menuid' => '445261982',
    'from' => 'o5V8y1dlYlUrAKxa0eHIsBu3hIiA',
    'to' => 'gh_f9b894563ef4',
    'time' => '1599543306',
    'type' => 'text',
    'content' => 'http://www.boyufengmao.com/app/index.php?i=6&c=entry&m=ewei_shopv2&do=mobile&r=diypage&id=35',
    'redirection' => true,
    'source' => 'VIEW',
  ),
)

2020-09-08 13:35:06 response :
------------

2020-09-08 13:35:48 trace :
------------
String:
<xml><ToUserName><![CDATA[gh_f9b894563ef4]]></ToUserName>
<FromUserName><![CDATA[o5V8y1dlYlUrAKxa0eHIsBu3hIiA]]></FromUserName>
<CreateTime>1599543348</CreateTime>
<MsgType><![CDATA[event]]></MsgType>
<Event><![CDATA[VIEW]]></Event>
<EventKey><![CDATA[http://www.boyufengmao.com/app/index.php?i=6&c=entry&m=ewei_shopv2&do=mobile&r=diypage&id=35]]></EventKey>
<MenuId>445261982</MenuId>
</xml>

2020-09-08 13:35:48 params :
------------
String:
array (
  'rule' => -2,
  'module' => '',
  'message' => 
  array (
    'tousername' => 'gh_f9b894563ef4',
    'fromusername' => 'o5V8y1dlYlUrAKxa0eHIsBu3hIiA',
    'createtime' => '1599543348',
    'msgtype' => 'event',
    'event' => 'VIEW',
    'eventkey' => 'http://www.boyufengmao.com/app/index.php?i=6&c=entry&m=ewei_shopv2&do=mobile&r=diypage&id=35',
    'menuid' => '445261982',
    'from' => 'o5V8y1dlYlUrAKxa0eHIsBu3hIiA',
    'to' => 'gh_f9b894563ef4',
    'time' => '1599543348',
    'type' => 'text',
    'content' => 'http://www.boyufengmao.com/app/index.php?i=6&c=entry&m=ewei_shopv2&do=mobile&r=diypage&id=35',
    'redirection' => true,
    'source' => 'VIEW',
  ),
)

2020-09-08 13:35:48 response :
------------

2020-09-08 13:36:32 trace :
------------
String:
<xml><ToUserName><![CDATA[gh_f9b894563ef4]]></ToUserName>
<FromUserName><![CDATA[o5V8y1dlYlUrAKxa0eHIsBu3hIiA]]></FromUserName>
<CreateTime>1599543392</CreateTime>
<MsgType><![CDATA[event]]></MsgType>
<Event><![CDATA[VIEW]]></Event>
<EventKey><![CDATA[http://www.boyufengmao.com/app/index.php?i=6&c=entry&m=ewei_shopv2&do=mobile&r=diypage&id=35]]></EventKey>
<MenuId>445261982</MenuId>
</xml>

2020-09-08 13:36:32 params :
------------
String:
array (
  'rule' => -2,
  'module' => '',
  'message' => 
  array (
    'tousername' => 'gh_f9b894563ef4',
    'fromusername' => 'o5V8y1dlYlUrAKxa0eHIsBu3hIiA',
    'createtime' => '1599543392',
    'msgtype' => 'event',
    'event' => 'VIEW',
    'eventkey' => 'http://www.boyufengmao.com/app/index.php?i=6&c=entry&m=ewei_shopv2&do=mobile&r=diypage&id=35',
    'menuid' => '445261982',
    'from' => 'o5V8y1dlYlUrAKxa0eHIsBu3hIiA',
    'to' => 'gh_f9b894563ef4',
    'time' => '1599543392',
    'type' => 'text',
    'content' => 'http://www.boyufengmao.com/app/index.php?i=6&c=entry&m=ewei_shopv2&do=mobile&r=diypage&id=35',
    'redirection' => true,
    'source' => 'VIEW',
  ),
)

2020-09-08 13:36:32 response :
------------

2020-09-08 13:49:04 trace :
------------
String:
<xml><ToUserName><![CDATA[gh_f9b894563ef4]]></ToUserName>
<FromUserName><![CDATA[o5V8y1W_kFX6VKEBEt0xSqYSR1ZU]]></FromUserName>
<CreateTime>1599544144</CreateTime>
<MsgType><![CDATA[event]]></MsgType>
<Event><![CDATA[subscribe]]></Event>
<EventKey><![CDATA[]]></EventKey>
</xml>

2020-09-08 13:49:04 params :
------------
String:
array (
  'rule' => -2,
  'module' => '',
  'message' => 
  array (
    'tousername' => 'gh_f9b894563ef4',
    'fromusername' => 'o5V8y1W_kFX6VKEBEt0xSqYSR1ZU',
    'createtime' => '1599544144',
    'msgtype' => 'event',
    'event' => 'subscribe',
    'eventkey' => '',
    'from' => 'o5V8y1W_kFX6VKEBEt0xSqYSR1ZU',
    'to' => 'gh_f9b894563ef4',
    'time' => '1599544144',
    'type' => 'text',
    'redirection' => true,
    'source' => 'subscribe',
  ),
)

2020-09-08 13:49:04 response :
------------

2020-09-08 13:49:38 trace :
------------
String:
<xml><ToUserName><![CDATA[gh_f9b894563ef4]]></ToUserName>
<FromUserName><![CDATA[o5V8y1W_kFX6VKEBEt0xSqYSR1ZU]]></FromUserName>
<CreateTime>1599544177</CreateTime>
<MsgType><![CDATA[event]]></MsgType>
<Event><![CDATA[VIEW]]></Event>
<EventKey><![CDATA[http://www.boyufengmao.com/app/index.php?i=6&c=entry&m=ewei_shopv2&do=mobile&r=diypage&id=35]]></EventKey>
<MenuId>445261982</MenuId>
</xml>

2020-09-08 13:49:38 params :
------------
String:
array (
  'rule' => -2,
  'module' => '',
  'message' => 
  array (
    'tousername' => 'gh_f9b894563ef4',
    'fromusername' => 'o5V8y1W_kFX6VKEBEt0xSqYSR1ZU',
    'createtime' => '1599544177',
    'msgtype' => 'event',
    'event' => 'VIEW',
    'eventkey' => 'http://www.boyufengmao.com/app/index.php?i=6&c=entry&m=ewei_shopv2&do=mobile&r=diypage&id=35',
    'menuid' => '445261982',
    'from' => 'o5V8y1W_kFX6VKEBEt0xSqYSR1ZU',
    'to' => 'gh_f9b894563ef4',
    'time' => '1599544177',
    'type' => 'text',
    'content' => 'http://www.boyufengmao.com/app/index.php?i=6&c=entry&m=ewei_shopv2&do=mobile&r=diypage&id=35',
    'redirection' => true,
    'source' => 'VIEW',
  ),
)

2020-09-08 13:49:38 response :
------------

2020-09-08 14:01:54 trace :
------------
String:
<xml><ToUserName><![CDATA[gh_f9b894563ef4]]></ToUserName>
<FromUserName><![CDATA[o5V8y1UBIewUlkLHTyvSyFxs6AT8]]></FromUserName>
<CreateTime>1599544914</CreateTime>
<MsgType><![CDATA[event]]></MsgType>
<Event><![CDATA[VIEW]]></Event>
<EventKey><![CDATA[http://www.boyufengmao.com/app/index.php?i=6&c=entry&m=ewei_shopv2&do=mobile&r=diypage&id=35]]></EventKey>
<MenuId>445261982</MenuId>
</xml>

2020-09-08 14:01:54 params :
------------
String:
array (
  'rule' => -2,
  'module' => '',
  'message' => 
  array (
    'tousername' => 'gh_f9b894563ef4',
    'fromusername' => 'o5V8y1UBIewUlkLHTyvSyFxs6AT8',
    'createtime' => '1599544914',
    'msgtype' => 'event',
    'event' => 'VIEW',
    'eventkey' => 'http://www.boyufengmao.com/app/index.php?i=6&c=entry&m=ewei_shopv2&do=mobile&r=diypage&id=35',
    'menuid' => '445261982',
    'from' => 'o5V8y1UBIewUlkLHTyvSyFxs6AT8',
    'to' => 'gh_f9b894563ef4',
    'time' => '1599544914',
    'type' => 'text',
    'content' => 'http://www.boyufengmao.com/app/index.php?i=6&c=entry&m=ewei_shopv2&do=mobile&r=diypage&id=35',
    'redirection' => true,
    'source' => 'VIEW',
  ),
)

2020-09-08 14:01:54 response :
------------

2020-09-08 14:02:13 trace :
------------
String:
<xml><ToUserName><![CDATA[gh_f9b894563ef4]]></ToUserName>
<FromUserName><![CDATA[o5V8y1UBIewUlkLHTyvSyFxs6AT8]]></FromUserName>
<CreateTime>1599544933</CreateTime>
<MsgType><![CDATA[event]]></MsgType>
<Event><![CDATA[VIEW]]></Event>
<EventKey><![CDATA[http://www.boyufengmao.com/app/index.php?i=6&c=entry&m=ewei_shopv2&do=mobile&r=diypage&id=35]]></EventKey>
<MenuId>445261982</MenuId>
</xml>

2020-09-08 14:02:13 params :
------------
String:
array (
  'rule' => -2,
  'module' => '',
  'message' => 
  array (
    'tousername' => 'gh_f9b894563ef4',
    'fromusername' => 'o5V8y1UBIewUlkLHTyvSyFxs6AT8',
    'createtime' => '1599544933',
    'msgtype' => 'event',
    'event' => 'VIEW',
    'eventkey' => 'http://www.boyufengmao.com/app/index.php?i=6&c=entry&m=ewei_shopv2&do=mobile&r=diypage&id=35',
    'menuid' => '445261982',
    'from' => 'o5V8y1UBIewUlkLHTyvSyFxs6AT8',
    'to' => 'gh_f9b894563ef4',
    'time' => '1599544933',
    'type' => 'text',
    'content' => 'http://www.boyufengmao.com/app/index.php?i=6&c=entry&m=ewei_shopv2&do=mobile&r=diypage&id=35',
    'redirection' => true,
    'source' => 'VIEW',
  ),
)

2020-09-08 14:02:13 response :
------------

2020-09-08 14:32:03 trace :
------------
String:
<xml><ToUserName><![CDATA[gh_f9b894563ef4]]></ToUserName>
<FromUserName><![CDATA[o5V8y1RYNWe6aEickDlA9gp9MutE]]></FromUserName>
<CreateTime>1599546723</CreateTime>
<MsgType><![CDATA[event]]></MsgType>
<Event><![CDATA[VIEW]]></Event>
<EventKey><![CDATA[http://www.boyufengmao.com/app/index.php?i=6&c=entry&m=ewei_shopv2&do=mobile&r=diypage&id=35]]></EventKey>
<MenuId>445261982</MenuId>
</xml>

2020-09-08 14:32:03 params :
------------
String:
array (
  'rule' => -2,
  'module' => '',
  'message' => 
  array (
    'tousername' => 'gh_f9b894563ef4',
    'fromusername' => 'o5V8y1RYNWe6aEickDlA9gp9MutE',
    'createtime' => '1599546723',
    'msgtype' => 'event',
    'event' => 'VIEW',
    'eventkey' => 'http://www.boyufengmao.com/app/index.php?i=6&c=entry&m=ewei_shopv2&do=mobile&r=diypage&id=35',
    'menuid' => '445261982',
    'from' => 'o5V8y1RYNWe6aEickDlA9gp9MutE',
    'to' => 'gh_f9b894563ef4',
    'time' => '1599546723',
    'type' => 'text',
    'content' => 'http://www.boyufengmao.com/app/index.php?i=6&c=entry&m=ewei_shopv2&do=mobile&r=diypage&id=35',
    'redirection' => true,
    'source' => 'VIEW',
  ),
)

2020-09-08 14:32:03 response :
------------

2020-09-08 14:32:28 trace :
------------
String:
<xml><ToUserName><![CDATA[gh_f9b894563ef4]]></ToUserName>
<FromUserName><![CDATA[o5V8y1RYNWe6aEickDlA9gp9MutE]]></FromUserName>
<CreateTime>1599546748</CreateTime>
<MsgType><![CDATA[event]]></MsgType>
<Event><![CDATA[VIEW]]></Event>
<EventKey><![CDATA[http://www.boyufengmao.com/app/index.php?i=6&c=entry&m=ewei_shopv2&do=mobile&r=diypage&id=35]]></EventKey>
<MenuId>445261982</MenuId>
</xml>

2020-09-08 14:32:28 params :
------------
String:
array (
  'rule' => -2,
  'module' => '',
  'message' => 
  array (
    'tousername' => 'gh_f9b894563ef4',
    'fromusername' => 'o5V8y1RYNWe6aEickDlA9gp9MutE',
    'createtime' => '1599546748',
    'msgtype' => 'event',
    'event' => 'VIEW',
    'eventkey' => 'http://www.boyufengmao.com/app/index.php?i=6&c=entry&m=ewei_shopv2&do=mobile&r=diypage&id=35',
    'menuid' => '445261982',
    'from' => 'o5V8y1RYNWe6aEickDlA9gp9MutE',
    'to' => 'gh_f9b894563ef4',
    'time' => '1599546748',
    'type' => 'text',
    'content' => 'http://www.boyufengmao.com/app/index.php?i=6&c=entry&m=ewei_shopv2&do=mobile&r=diypage&id=35',
    'redirection' => true,
    'source' => 'VIEW',
  ),
)

2020-09-08 14:32:28 response :
------------

2020-09-08 14:34:47 trace :
------------
String:
<xml><ToUserName><![CDATA[gh_f9b894563ef4]]></ToUserName>
<FromUserName><![CDATA[o5V8y1WmhIo4c303JeWEBSYR7h7Q]]></FromUserName>
<CreateTime>1599546886</CreateTime>
<MsgType><![CDATA[event]]></MsgType>
<Event><![CDATA[subscribe]]></Event>
<EventKey><![CDATA[]]></EventKey>
</xml>

2020-09-08 14:34:47 params :
------------
String:
array (
  'rule' => -2,
  'module' => '',
  'message' => 
  array (
    'tousername' => 'gh_f9b894563ef4',
    'fromusername' => 'o5V8y1WmhIo4c303JeWEBSYR7h7Q',
    'createtime' => '1599546886',
    'msgtype' => 'event',
    'event' => 'subscribe',
    'eventkey' => '',
    'from' => 'o5V8y1WmhIo4c303JeWEBSYR7h7Q',
    'to' => 'gh_f9b894563ef4',
    'time' => '1599546886',
    'type' => 'text',
    'redirection' => true,
    'source' => 'subscribe',
  ),
)

2020-09-08 14:34:47 response :
------------

2020-09-08 14:37:41 trace :
------------
String:
<xml><ToUserName><![CDATA[gh_f9b894563ef4]]></ToUserName>
<FromUserName><![CDATA[o5V8y1RYNWe6aEickDlA9gp9MutE]]></FromUserName>
<CreateTime>1599547061</CreateTime>
<MsgType><![CDATA[event]]></MsgType>
<Event><![CDATA[VIEW]]></Event>
<EventKey><![CDATA[http://www.boyufengmao.com/app/index.php?i=6&c=entry&m=ewei_shopv2&do=mobile]]></EventKey>
<MenuId>445261982</MenuId>
</xml>

2020-09-08 14:37:41 params :
------------
String:
array (
  'rule' => -2,
  'module' => '',
  'message' => 
  array (
    'tousername' => 'gh_f9b894563ef4',
    'fromusername' => 'o5V8y1RYNWe6aEickDlA9gp9MutE',
    'createtime' => '1599547061',
    'msgtype' => 'event',
    'event' => 'VIEW',
    'eventkey' => 'http://www.boyufengmao.com/app/index.php?i=6&c=entry&m=ewei_shopv2&do=mobile',
    'menuid' => '445261982',
    'from' => 'o5V8y1RYNWe6aEickDlA9gp9MutE',
    'to' => 'gh_f9b894563ef4',
    'time' => '1599547061',
    'type' => 'text',
    'content' => 'http://www.boyufengmao.com/app/index.php?i=6&c=entry&m=ewei_shopv2&do=mobile',
    'redirection' => true,
    'source' => 'VIEW',
  ),
)

2020-09-08 14:37:41 response :
------------

2020-09-08 14:37:50 trace :
------------
String:
<xml><ToUserName><![CDATA[gh_f9b894563ef4]]></ToUserName>
<FromUserName><![CDATA[o5V8y1RYNWe6aEickDlA9gp9MutE]]></FromUserName>
<CreateTime>1599547070</CreateTime>
<MsgType><![CDATA[event]]></MsgType>
<Event><![CDATA[VIEW]]></Event>
<EventKey><![CDATA[http://www.boyufengmao.com/app/index.php?i=6&c=entry&m=ewei_shopv2&do=mobile]]></EventKey>
<MenuId>445261982</MenuId>
</xml>

2020-09-08 14:37:50 params :
------------
String:
array (
  'rule' => -2,
  'module' => '',
  'message' => 
  array (
    'tousername' => 'gh_f9b894563ef4',
    'fromusername' => 'o5V8y1RYNWe6aEickDlA9gp9MutE',
    'createtime' => '1599547070',
    'msgtype' => 'event',
    'event' => 'VIEW',
    'eventkey' => 'http://www.boyufengmao.com/app/index.php?i=6&c=entry&m=ewei_shopv2&do=mobile',
    'menuid' => '445261982',
    'from' => 'o5V8y1RYNWe6aEickDlA9gp9MutE',
    'to' => 'gh_f9b894563ef4',
    'time' => '1599547070',
    'type' => 'text',
    'content' => 'http://www.boyufengmao.com/app/index.php?i=6&c=entry&m=ewei_shopv2&do=mobile',
    'redirection' => true,
    'source' => 'VIEW',
  ),
)

2020-09-08 14:37:50 response :
------------

2020-09-08 14:47:42 trace :
------------
String:
<xml><ToUserName><![CDATA[gh_f9b894563ef4]]></ToUserName>
<FromUserName><![CDATA[o5V8y1TF8SbBZii9zMDf_ONPZlLA]]></FromUserName>
<CreateTime>1599547661</CreateTime>
<MsgType><![CDATA[event]]></MsgType>
<Event><![CDATA[VIEW]]></Event>
<EventKey><![CDATA[http://www.boyufengmao.com/app/index.php?i=6&c=entry&m=ewei_shopv2&do=mobile&r=diypage&id=35]]></EventKey>
<MenuId>445261982</MenuId>
</xml>

2020-09-08 14:47:42 params :
------------
String:
array (
  'rule' => -2,
  'module' => '',
  'message' => 
  array (
    'tousername' => 'gh_f9b894563ef4',
    'fromusername' => 'o5V8y1TF8SbBZii9zMDf_ONPZlLA',
    'createtime' => '1599547661',
    'msgtype' => 'event',
    'event' => 'VIEW',
    'eventkey' => 'http://www.boyufengmao.com/app/index.php?i=6&c=entry&m=ewei_shopv2&do=mobile&r=diypage&id=35',
    'menuid' => '445261982',
    'from' => 'o5V8y1TF8SbBZii9zMDf_ONPZlLA',
    'to' => 'gh_f9b894563ef4',
    'time' => '1599547661',
    'type' => 'text',
    'content' => 'http://www.boyufengmao.com/app/index.php?i=6&c=entry&m=ewei_shopv2&do=mobile&r=diypage&id=35',
    'redirection' => true,
    'source' => 'VIEW',
  ),
)

2020-09-08 14:47:42 response :
------------

2020-09-08 15:37:25 trace :
------------
String:
<xml><ToUserName><![CDATA[gh_316bf7a9301b]]></ToUserName>
<FromUserName><![CDATA[o5UrA0sX8NVbgfMbvPXvPquBA5aU]]></FromUserName>
<CreateTime>1599550645</CreateTime>
<MsgType><![CDATA[event]]></MsgType>
<Event><![CDATA[VIEW]]></Event>
<EventKey><![CDATA[http://www.boyufengmao.com/app/index.php?i=27&c=entry&m=ewei_shopv2&do=mobile]]></EventKey>
<MenuId>425235952</MenuId>
</xml>

2020-09-08 15:37:25 params :
------------
String:
array (
  'rule' => -2,
  'module' => '',
  'message' => 
  array (
    'tousername' => 'gh_316bf7a9301b',
    'fromusername' => 'o5UrA0sX8NVbgfMbvPXvPquBA5aU',
    'createtime' => '1599550645',
    'msgtype' => 'event',
    'event' => 'VIEW',
    'eventkey' => 'http://www.boyufengmao.com/app/index.php?i=27&c=entry&m=ewei_shopv2&do=mobile',
    'menuid' => '425235952',
    'from' => 'o5UrA0sX8NVbgfMbvPXvPquBA5aU',
    'to' => 'gh_316bf7a9301b',
    'time' => '1599550645',
    'type' => 'text',
    'content' => 'http://www.boyufengmao.com/app/index.php?i=27&c=entry&m=ewei_shopv2&do=mobile',
    'redirection' => true,
    'source' => 'VIEW',
  ),
)

2020-09-08 15:37:25 response :
------------

2020-09-08 16:24:37 trace :
------------
String:
<xml><ToUserName><![CDATA[gh_f9b894563ef4]]></ToUserName>
<FromUserName><![CDATA[o5V8y1QSeE3es1dAwNVZwtOlluZs]]></FromUserName>
<CreateTime>1599553477</CreateTime>
<MsgType><![CDATA[event]]></MsgType>
<Event><![CDATA[unsubscribe]]></Event>
<EventKey><![CDATA[]]></EventKey>
</xml>

2020-09-08 16:39:28 trace :
------------
String:
<xml><ToUserName><![CDATA[gh_797e108d27bc]]></ToUserName>
<FromUserName><![CDATA[oGmQ8t82M2i9UIEehbIJz2tIe83o]]></FromUserName>
<CreateTime>1599554368</CreateTime>
<MsgType><![CDATA[event]]></MsgType>
<Event><![CDATA[VIEW]]></Event>
<EventKey><![CDATA[http://www.boyufengmao.com/app/index.php?i=26&c=entry&m=ewei_shopv2&do=mobile]]></EventKey>
<MenuId>471603826</MenuId>
</xml>

2020-09-08 16:39:28 params :
------------
String:
array (
  'rule' => -2,
  'module' => '',
  'message' => 
  array (
    'tousername' => 'gh_797e108d27bc',
    'fromusername' => 'oGmQ8t82M2i9UIEehbIJz2tIe83o',
    'createtime' => '1599554368',
    'msgtype' => 'event',
    'event' => 'VIEW',
    'eventkey' => 'http://www.boyufengmao.com/app/index.php?i=26&c=entry&m=ewei_shopv2&do=mobile',
    'menuid' => '471603826',
    'from' => 'oGmQ8t82M2i9UIEehbIJz2tIe83o',
    'to' => 'gh_797e108d27bc',
    'time' => '1599554368',
    'type' => 'text',
    'content' => 'http://www.boyufengmao.com/app/index.php?i=26&c=entry&m=ewei_shopv2&do=mobile',
    'redirection' => true,
    'source' => 'VIEW',
  ),
)

2020-09-08 16:39:28 response :
------------

2020-09-08 16:40:26 trace :
------------
String:
<xml><ToUserName><![CDATA[gh_797e108d27bc]]></ToUserName>
<FromUserName><![CDATA[oGmQ8t82M2i9UIEehbIJz2tIe83o]]></FromUserName>
<CreateTime>1599554426</CreateTime>
<MsgType><![CDATA[event]]></MsgType>
<Event><![CDATA[VIEW]]></Event>
<EventKey><![CDATA[http://www.boyufengmao.com/app/index.php?i=26&c=entry&m=ewei_shopv2&do=mobile]]></EventKey>
<MenuId>471603826</MenuId>
</xml>

2020-09-08 16:40:26 params :
------------
String:
array (
  'rule' => -2,
  'module' => '',
  'message' => 
  array (
    'tousername' => 'gh_797e108d27bc',
    'fromusername' => 'oGmQ8t82M2i9UIEehbIJz2tIe83o',
    'createtime' => '1599554426',
    'msgtype' => 'event',
    'event' => 'VIEW',
    'eventkey' => 'http://www.boyufengmao.com/app/index.php?i=26&c=entry&m=ewei_shopv2&do=mobile',
    'menuid' => '471603826',
    'from' => 'oGmQ8t82M2i9UIEehbIJz2tIe83o',
    'to' => 'gh_797e108d27bc',
    'time' => '1599554426',
    'type' => 'text',
    'content' => 'http://www.boyufengmao.com/app/index.php?i=26&c=entry&m=ewei_shopv2&do=mobile',
    'redirection' => true,
    'source' => 'VIEW',
  ),
)

2020-09-08 16:40:26 response :
------------

2020-09-08 16:41:15 trace :
------------
String:
<xml><ToUserName><![CDATA[gh_316bf7a9301b]]></ToUserName>
<FromUserName><![CDATA[o5UrA0lP8KoEpzUMueWvrgeaZf2Y]]></FromUserName>
<CreateTime>1599554475</CreateTime>
<MsgType><![CDATA[event]]></MsgType>
<Event><![CDATA[VIEW]]></Event>
<EventKey><![CDATA[http://www.boyufengmao.com/app/index.php?i=27&c=entry&m=ewei_shopv2&do=mobile]]></EventKey>
<MenuId>425235952</MenuId>
</xml>

2020-09-08 16:41:15 params :
------------
String:
array (
  'rule' => -2,
  'module' => '',
  'message' => 
  array (
    'tousername' => 'gh_316bf7a9301b',
    'fromusername' => 'o5UrA0lP8KoEpzUMueWvrgeaZf2Y',
    'createtime' => '1599554475',
    'msgtype' => 'event',
    'event' => 'VIEW',
    'eventkey' => 'http://www.boyufengmao.com/app/index.php?i=27&c=entry&m=ewei_shopv2&do=mobile',
    'menuid' => '425235952',
    'from' => 'o5UrA0lP8KoEpzUMueWvrgeaZf2Y',
    'to' => 'gh_316bf7a9301b',
    'time' => '1599554475',
    'type' => 'text',
    'content' => 'http://www.boyufengmao.com/app/index.php?i=27&c=entry&m=ewei_shopv2&do=mobile',
    'redirection' => true,
    'source' => 'VIEW',
  ),
)

2020-09-08 16:41:15 response :
------------

2020-09-08 16:43:14 trace :
------------
String:
<xml><ToUserName><![CDATA[gh_797e108d27bc]]></ToUserName>
<FromUserName><![CDATA[oGmQ8t82M2i9UIEehbIJz2tIe83o]]></FromUserName>
<CreateTime>1599554594</CreateTime>
<MsgType><![CDATA[event]]></MsgType>
<Event><![CDATA[VIEW]]></Event>
<EventKey><![CDATA[http://www.boyufengmao.com/app/index.php?i=26&c=entry&m=ewei_shopv2&do=mobile]]></EventKey>
<MenuId>471603826</MenuId>
</xml>

2020-09-08 16:43:14 params :
------------
String:
array (
  'rule' => -2,
  'module' => '',
  'message' => 
  array (
    'tousername' => 'gh_797e108d27bc',
    'fromusername' => 'oGmQ8t82M2i9UIEehbIJz2tIe83o',
    'createtime' => '1599554594',
    'msgtype' => 'event',
    'event' => 'VIEW',
    'eventkey' => 'http://www.boyufengmao.com/app/index.php?i=26&c=entry&m=ewei_shopv2&do=mobile',
    'menuid' => '471603826',
    'from' => 'oGmQ8t82M2i9UIEehbIJz2tIe83o',
    'to' => 'gh_797e108d27bc',
    'time' => '1599554594',
    'type' => 'text',
    'content' => 'http://www.boyufengmao.com/app/index.php?i=26&c=entry&m=ewei_shopv2&do=mobile',
    'redirection' => true,
    'source' => 'VIEW',
  ),
)

2020-09-08 16:43:14 response :
------------

2020-09-08 16:46:55 trace :
------------
String:
<xml><ToUserName><![CDATA[gh_797e108d27bc]]></ToUserName>
<FromUserName><![CDATA[oGmQ8t82M2i9UIEehbIJz2tIe83o]]></FromUserName>
<CreateTime>1599554815</CreateTime>
<MsgType><![CDATA[event]]></MsgType>
<Event><![CDATA[VIEW]]></Event>
<EventKey><![CDATA[http://www.boyufengmao.com/app/index.php?i=26&c=entry&m=ewei_shopv2&do=mobile]]></EventKey>
<MenuId>471603826</MenuId>
</xml>

2020-09-08 16:46:55 params :
------------
String:
array (
  'rule' => -2,
  'module' => '',
  'message' => 
  array (
    'tousername' => 'gh_797e108d27bc',
    'fromusername' => 'oGmQ8t82M2i9UIEehbIJz2tIe83o',
    'createtime' => '1599554815',
    'msgtype' => 'event',
    'event' => 'VIEW',
    'eventkey' => 'http://www.boyufengmao.com/app/index.php?i=26&c=entry&m=ewei_shopv2&do=mobile',
    'menuid' => '471603826',
    'from' => 'oGmQ8t82M2i9UIEehbIJz2tIe83o',
    'to' => 'gh_797e108d27bc',
    'time' => '1599554815',
    'type' => 'text',
    'content' => 'http://www.boyufengmao.com/app/index.php?i=26&c=entry&m=ewei_shopv2&do=mobile',
    'redirection' => true,
    'source' => 'VIEW',
  ),
)

2020-09-08 16:46:55 response :
------------

2020-09-08 17:05:04 trace :
------------
String:
<xml><ToUserName><![CDATA[gh_316bf7a9301b]]></ToUserName>
<FromUserName><![CDATA[o5UrA0tL6JNRKsxHTpoGBil_AIgI]]></FromUserName>
<CreateTime>1599555904</CreateTime>
<MsgType><![CDATA[event]]></MsgType>
<Event><![CDATA[subscribe]]></Event>
<EventKey><![CDATA[]]></EventKey>
</xml>

2020-09-08 17:05:04 params :
------------
String:
array (
  'rule' => -2,
  'module' => '',
  'message' => 
  array (
    'tousername' => 'gh_316bf7a9301b',
    'fromusername' => 'o5UrA0tL6JNRKsxHTpoGBil_AIgI',
    'createtime' => '1599555904',
    'msgtype' => 'event',
    'event' => 'subscribe',
    'eventkey' => '',
    'from' => 'o5UrA0tL6JNRKsxHTpoGBil_AIgI',
    'to' => 'gh_316bf7a9301b',
    'time' => '1599555904',
    'type' => 'text',
    'redirection' => true,
    'source' => 'subscribe',
  ),
)

2020-09-08 17:05:04 response :
------------

2020-09-08 17:05:05 trace :
------------
String:
<xml><ToUserName><![CDATA[gh_316bf7a9301b]]></ToUserName>
<FromUserName><![CDATA[o5UrA0tL6JNRKsxHTpoGBil_AIgI]]></FromUserName>
<CreateTime>1599555905</CreateTime>
<MsgType><![CDATA[event]]></MsgType>
<Event><![CDATA[VIEW]]></Event>
<EventKey><![CDATA[http://www.boyufengmao.com/app/index.php?i=27&c=entry&m=ewei_shopv2&do=mobile]]></EventKey>
<MenuId>425235952</MenuId>
</xml>

2020-09-08 17:05:05 params :
------------
String:
array (
  'rule' => -2,
  'module' => '',
  'message' => 
  array (
    'tousername' => 'gh_316bf7a9301b',
    'fromusername' => 'o5UrA0tL6JNRKsxHTpoGBil_AIgI',
    'createtime' => '1599555905',
    'msgtype' => 'event',
    'event' => 'VIEW',
    'eventkey' => 'http://www.boyufengmao.com/app/index.php?i=27&c=entry&m=ewei_shopv2&do=mobile',
    'menuid' => '425235952',
    'from' => 'o5UrA0tL6JNRKsxHTpoGBil_AIgI',
    'to' => 'gh_316bf7a9301b',
    'time' => '1599555905',
    'type' => 'text',
    'content' => 'http://www.boyufengmao.com/app/index.php?i=27&c=entry&m=ewei_shopv2&do=mobile',
    'redirection' => true,
    'source' => 'VIEW',
  ),
)

2020-09-08 17:05:05 response :
------------

2020-09-08 17:26:44 trace :
------------
String:
<xml><ToUserName><![CDATA[gh_f9b894563ef4]]></ToUserName>
<FromUserName><![CDATA[o5V8y1YwuRYPswf9SQZafhTtcaYQ]]></FromUserName>
<CreateTime>1599557203</CreateTime>
<MsgType><![CDATA[event]]></MsgType>
<Event><![CDATA[unsubscribe]]></Event>
<EventKey><![CDATA[]]></EventKey>
</xml>

2020-09-08 17:36:08 trace :
------------
String:
<xml><ToUserName><![CDATA[gh_f9b894563ef4]]></ToUserName>
<FromUserName><![CDATA[o5V8y1VwVAmUm0jKgDALvBzaWNVA]]></FromUserName>
<CreateTime>1599557768</CreateTime>
<MsgType><![CDATA[event]]></MsgType>
<Event><![CDATA[subscribe]]></Event>
<EventKey><![CDATA[]]></EventKey>
</xml>

2020-09-08 17:36:08 params :
------------
String:
array (
  'rule' => -2,
  'module' => '',
  'message' => 
  array (
    'tousername' => 'gh_f9b894563ef4',
    'fromusername' => 'o5V8y1VwVAmUm0jKgDALvBzaWNVA',
    'createtime' => '1599557768',
    'msgtype' => 'event',
    'event' => 'subscribe',
    'eventkey' => '',
    'from' => 'o5V8y1VwVAmUm0jKgDALvBzaWNVA',
    'to' => 'gh_f9b894563ef4',
    'time' => '1599557768',
    'type' => 'text',
    'redirection' => true,
    'source' => 'subscribe',
  ),
)

2020-09-08 17:36:08 response :
------------

2020-09-08 17:36:10 trace :
------------
String:
<xml><ToUserName><![CDATA[gh_f9b894563ef4]]></ToUserName>
<FromUserName><![CDATA[o5V8y1VwVAmUm0jKgDALvBzaWNVA]]></FromUserName>
<CreateTime>1599557770</CreateTime>
<MsgType><![CDATA[event]]></MsgType>
<Event><![CDATA[VIEW]]></Event>
<EventKey><![CDATA[http://www.boyufengmao.com/app/index.php?i=6&c=entry&m=ewei_shopv2&do=mobile&r=diypage&id=35]]></EventKey>
<MenuId>445261982</MenuId>
</xml>

2020-09-08 17:36:10 params :
------------
String:
array (
  'rule' => -2,
  'module' => '',
  'message' => 
  array (
    'tousername' => 'gh_f9b894563ef4',
    'fromusername' => 'o5V8y1VwVAmUm0jKgDALvBzaWNVA',
    'createtime' => '1599557770',
    'msgtype' => 'event',
    'event' => 'VIEW',
    'eventkey' => 'http://www.boyufengmao.com/app/index.php?i=6&c=entry&m=ewei_shopv2&do=mobile&r=diypage&id=35',
    'menuid' => '445261982',
    'from' => 'o5V8y1VwVAmUm0jKgDALvBzaWNVA',
    'to' => 'gh_f9b894563ef4',
    'time' => '1599557770',
    'type' => 'text',
    'content' => 'http://www.boyufengmao.com/app/index.php?i=6&c=entry&m=ewei_shopv2&do=mobile&r=diypage&id=35',
    'redirection' => true,
    'source' => 'VIEW',
  ),
)

2020-09-08 17:36:10 response :
------------

2020-09-08 17:48:14 trace :
------------
String:
<xml><ToUserName><![CDATA[gh_316bf7a9301b]]></ToUserName>
<FromUserName><![CDATA[o5UrA0o5IgX1uCfGFK4dmNQzV5w8]]></FromUserName>
<CreateTime>1599558494</CreateTime>
<MsgType><![CDATA[event]]></MsgType>
<Event><![CDATA[unsubscribe]]></Event>
<EventKey><![CDATA[]]></EventKey>
</xml>

2020-09-08 17:48:14 trace :
------------
String:
<xml><ToUserName><![CDATA[gh_f9b894563ef4]]></ToUserName>
<FromUserName><![CDATA[o5V8y1TF8SbBZii9zMDf_ONPZlLA]]></FromUserName>
<CreateTime>1599558494</CreateTime>
<MsgType><![CDATA[event]]></MsgType>
<Event><![CDATA[VIEW]]></Event>
<EventKey><![CDATA[http://www.boyufengmao.com/app/index.php?i=6&c=entry&m=ewei_shopv2&do=mobile&r=diypage&id=35]]></EventKey>
<MenuId>445261982</MenuId>
</xml>

2020-09-08 17:48:14 params :
------------
String:
array (
  'rule' => -2,
  'module' => '',
  'message' => 
  array (
    'tousername' => 'gh_f9b894563ef4',
    'fromusername' => 'o5V8y1TF8SbBZii9zMDf_ONPZlLA',
    'createtime' => '1599558494',
    'msgtype' => 'event',
    'event' => 'VIEW',
    'eventkey' => 'http://www.boyufengmao.com/app/index.php?i=6&c=entry&m=ewei_shopv2&do=mobile&r=diypage&id=35',
    'menuid' => '445261982',
    'from' => 'o5V8y1TF8SbBZii9zMDf_ONPZlLA',
    'to' => 'gh_f9b894563ef4',
    'time' => '1599558494',
    'type' => 'text',
    'content' => 'http://www.boyufengmao.com/app/index.php?i=6&c=entry&m=ewei_shopv2&do=mobile&r=diypage&id=35',
    'redirection' => true,
    'source' => 'VIEW',
  ),
)

2020-09-08 17:48:14 response :
------------

2020-09-08 17:50:29 trace :
------------
String:
<xml><ToUserName><![CDATA[gh_17086d36008c]]></ToUserName>
<FromUserName><![CDATA[opLdn5zVwQIbYCkw-8_akHHK1QGY]]></FromUserName>
<CreateTime>1599558629</CreateTime>
<MsgType><![CDATA[event]]></MsgType>
<Event><![CDATA[VIEW]]></Event>
<EventKey><![CDATA[http://www.boyufengmao.com/app/index.php?i=24&c=entry&m=ewei_shopv2&do=mobile]]></EventKey>
<MenuId>427383506</MenuId>
</xml>

2020-09-08 17:50:29 params :
------------
String:
array (
  'rule' => -2,
  'module' => '',
  'message' => 
  array (
    'tousername' => 'gh_17086d36008c',
    'fromusername' => 'opLdn5zVwQIbYCkw-8_akHHK1QGY',
    'createtime' => '1599558629',
    'msgtype' => 'event',
    'event' => 'VIEW',
    'eventkey' => 'http://www.boyufengmao.com/app/index.php?i=24&c=entry&m=ewei_shopv2&do=mobile',
    'menuid' => '427383506',
    'from' => 'opLdn5zVwQIbYCkw-8_akHHK1QGY',
    'to' => 'gh_17086d36008c',
    'time' => '1599558629',
    'type' => 'text',
    'content' => 'http://www.boyufengmao.com/app/index.php?i=24&c=entry&m=ewei_shopv2&do=mobile',
    'redirection' => true,
    'source' => 'VIEW',
  ),
)

2020-09-08 17:50:29 response :
------------

2020-09-08 17:51:08 trace :
------------
String:
<xml><ToUserName><![CDATA[gh_17086d36008c]]></ToUserName>
<FromUserName><![CDATA[opLdn5zVwQIbYCkw-8_akHHK1QGY]]></FromUserName>
<CreateTime>1599558668</CreateTime>
<MsgType><![CDATA[event]]></MsgType>
<Event><![CDATA[VIEW]]></Event>
<EventKey><![CDATA[http://www.boyufengmao.com/app/index.php?i=24&c=entry&m=ewei_shopv2&do=mobile]]></EventKey>
<MenuId>427383506</MenuId>
</xml>

2020-09-08 17:51:08 params :
------------
String:
array (
  'rule' => -2,
  'module' => '',
  'message' => 
  array (
    'tousername' => 'gh_17086d36008c',
    'fromusername' => 'opLdn5zVwQIbYCkw-8_akHHK1QGY',
    'createtime' => '1599558668',
    'msgtype' => 'event',
    'event' => 'VIEW',
    'eventkey' => 'http://www.boyufengmao.com/app/index.php?i=24&c=entry&m=ewei_shopv2&do=mobile',
    'menuid' => '427383506',
    'from' => 'opLdn5zVwQIbYCkw-8_akHHK1QGY',
    'to' => 'gh_17086d36008c',
    'time' => '1599558668',
    'type' => 'text',
    'content' => 'http://www.boyufengmao.com/app/index.php?i=24&c=entry&m=ewei_shopv2&do=mobile',
    'redirection' => true,
    'source' => 'VIEW',
  ),
)

2020-09-08 17:51:08 response :
------------

2020-09-08 18:34:44 trace :
------------
String:
<xml><ToUserName><![CDATA[gh_f9b894563ef4]]></ToUserName>
<FromUserName><![CDATA[o5V8y1RyLdlnokPDtvSi6r0LaUu8]]></FromUserName>
<CreateTime>1599561284</CreateTime>
<MsgType><![CDATA[event]]></MsgType>
<Event><![CDATA[VIEW]]></Event>
<EventKey><![CDATA[http://www.boyufengmao.com/app/index.php?i=6&c=entry&m=ewei_shopv2&do=mobile]]></EventKey>
<MenuId>445261982</MenuId>
</xml>

2020-09-08 18:34:44 params :
------------
String:
array (
  'rule' => -2,
  'module' => '',
  'message' => 
  array (
    'tousername' => 'gh_f9b894563ef4',
    'fromusername' => 'o5V8y1RyLdlnokPDtvSi6r0LaUu8',
    'createtime' => '1599561284',
    'msgtype' => 'event',
    'event' => 'VIEW',
    'eventkey' => 'http://www.boyufengmao.com/app/index.php?i=6&c=entry&m=ewei_shopv2&do=mobile',
    'menuid' => '445261982',
    'from' => 'o5V8y1RyLdlnokPDtvSi6r0LaUu8',
    'to' => 'gh_f9b894563ef4',
    'time' => '1599561284',
    'type' => 'text',
    'content' => 'http://www.boyufengmao.com/app/index.php?i=6&c=entry&m=ewei_shopv2&do=mobile',
    'redirection' => true,
    'source' => 'VIEW',
  ),
)

2020-09-08 18:34:44 response :
------------

2020-09-08 18:35:43 trace :
------------
String:
<xml><ToUserName><![CDATA[gh_f9b894563ef4]]></ToUserName>
<FromUserName><![CDATA[o5V8y1RyLdlnokPDtvSi6r0LaUu8]]></FromUserName>
<CreateTime>1599561342</CreateTime>
<MsgType><![CDATA[event]]></MsgType>
<Event><![CDATA[VIEW]]></Event>
<EventKey><![CDATA[http://www.boyufengmao.com/app/index.php?i=6&c=entry&m=ewei_shopv2&do=mobile&r=diypage&id=35]]></EventKey>
<MenuId>445261982</MenuId>
</xml>

2020-09-08 18:35:43 params :
------------
String:
array (
  'rule' => -2,
  'module' => '',
  'message' => 
  array (
    'tousername' => 'gh_f9b894563ef4',
    'fromusername' => 'o5V8y1RyLdlnokPDtvSi6r0LaUu8',
    'createtime' => '1599561342',
    'msgtype' => 'event',
    'event' => 'VIEW',
    'eventkey' => 'http://www.boyufengmao.com/app/index.php?i=6&c=entry&m=ewei_shopv2&do=mobile&r=diypage&id=35',
    'menuid' => '445261982',
    'from' => 'o5V8y1RyLdlnokPDtvSi6r0LaUu8',
    'to' => 'gh_f9b894563ef4',
    'time' => '1599561342',
    'type' => 'text',
    'content' => 'http://www.boyufengmao.com/app/index.php?i=6&c=entry&m=ewei_shopv2&do=mobile&r=diypage&id=35',
    'redirection' => true,
    'source' => 'VIEW',
  ),
)

2020-09-08 18:35:43 response :
------------

2020-09-08 18:35:57 trace :
------------
String:
<xml><ToUserName><![CDATA[gh_f9b894563ef4]]></ToUserName>
<FromUserName><![CDATA[o5V8y1RyLdlnokPDtvSi6r0LaUu8]]></FromUserName>
<CreateTime>1599561357</CreateTime>
<MsgType><![CDATA[event]]></MsgType>
<Event><![CDATA[VIEW]]></Event>
<EventKey><![CDATA[http://www.boyufengmao.com/app/index.php?i=6&c=entry&m=ewei_shopv2&do=mobile&r=diypage&id=35]]></EventKey>
<MenuId>445261982</MenuId>
</xml>

2020-09-08 18:35:57 params :
------------
String:
array (
  'rule' => -2,
  'module' => '',
  'message' => 
  array (
    'tousername' => 'gh_f9b894563ef4',
    'fromusername' => 'o5V8y1RyLdlnokPDtvSi6r0LaUu8',
    'createtime' => '1599561357',
    'msgtype' => 'event',
    'event' => 'VIEW',
    'eventkey' => 'http://www.boyufengmao.com/app/index.php?i=6&c=entry&m=ewei_shopv2&do=mobile&r=diypage&id=35',
    'menuid' => '445261982',
    'from' => 'o5V8y1RyLdlnokPDtvSi6r0LaUu8',
    'to' => 'gh_f9b894563ef4',
    'time' => '1599561357',
    'type' => 'text',
    'content' => 'http://www.boyufengmao.com/app/index.php?i=6&c=entry&m=ewei_shopv2&do=mobile&r=diypage&id=35',
    'redirection' => true,
    'source' => 'VIEW',
  ),
)

2020-09-08 18:35:57 response :
------------

2020-09-08 18:36:04 trace :
------------
String:
<xml><ToUserName><![CDATA[gh_f9b894563ef4]]></ToUserName>
<FromUserName><![CDATA[o5V8y1RyLdlnokPDtvSi6r0LaUu8]]></FromUserName>
<CreateTime>1599561364</CreateTime>
<MsgType><![CDATA[event]]></MsgType>
<Event><![CDATA[CLICK]]></Event>
<EventKey><![CDATA[è®¢é¤ç”µè¯]]></EventKey>
</xml>

2020-09-08 18:36:04 params :
------------
String:
array (
  'message' => 
  array (
    'tousername' => 'gh_f9b894563ef4',
    'fromusername' => 'o5V8y1RyLdlnokPDtvSi6r0LaUu8',
    'createtime' => '1599561364',
    'msgtype' => 'event',
    'event' => 'CLICK',
    'eventkey' => 'è®¢é¤ç”µè¯',
    'from' => 'o5V8y1RyLdlnokPDtvSi6r0LaUu8',
    'to' => 'gh_f9b894563ef4',
    'time' => '1599561364',
    'type' => 'text',
    'content' => 'è®¢é¤ç”µè¯',
    'redirection' => true,
    'source' => 'click',
  ),
  'module' => 'reply',
  'rule' => '19',
  'priority' => '0',
  'keyword' => 
  array (
    'id' => '27',
    'rid' => '19',
    'uniacid' => '6',
    'module' => 'reply',
    'content' => 'è®¢é¤ç”µè¯',
    'type' => '1',
    'displayorder' => '0',
    'status' => '1',
    'reply_type' => 
    array (
      0 => 'basic',
    ),
  ),
  'reply_type' => 
  array (
    0 => 'basic',
  ),
)

2020-09-08 18:36:04 response :
------------
Array:
FromUserName : gh_f9b894563ef4 ;
ToUserName : o5V8y1RyLdlnokPDtvSi6r0LaUu8 ;
MsgType : text ;
Content : æ¬¢è¿Žæ‹¨æ‰“ç”µè¯ï¼š029-86357081 /  19909289055 è®¢é¤ ;

2020-09-08 19:25:10 trace :
------------
String:
<xml><ToUserName><![CDATA[gh_17086d36008c]]></ToUserName>
<FromUserName><![CDATA[opLdn50Vhk44ipWhiaVkocvY5r4E]]></FromUserName>
<CreateTime>1599564310</CreateTime>
<MsgType><![CDATA[event]]></MsgType>
<Event><![CDATA[VIEW]]></Event>
<EventKey><![CDATA[http://www.boyufengmao.com/app/index.php?i=24&c=entry&m=ewei_shopv2&do=mobile]]></EventKey>
<MenuId>427383506</MenuId>
</xml>

2020-09-08 19:25:10 params :
------------
String:
array (
  'rule' => -2,
  'module' => '',
  'message' => 
  array (
    'tousername' => 'gh_17086d36008c',
    'fromusername' => 'opLdn50Vhk44ipWhiaVkocvY5r4E',
    'createtime' => '1599564310',
    'msgtype' => 'event',
    'event' => 'VIEW',
    'eventkey' => 'http://www.boyufengmao.com/app/index.php?i=24&c=entry&m=ewei_shopv2&do=mobile',
    'menuid' => '427383506',
    'from' => 'opLdn50Vhk44ipWhiaVkocvY5r4E',
    'to' => 'gh_17086d36008c',
    'time' => '1599564310',
    'type' => 'text',
    'content' => 'http://www.boyufengmao.com/app/index.php?i=24&c=entry&m=ewei_shopv2&do=mobile',
    'redirection' => true,
    'source' => 'VIEW',
  ),
)

2020-09-08 19:25:10 response :
------------

2020-09-08 19:36:47 trace :
------------
String:
<xml><ToUserName><![CDATA[gh_f9b894563ef4]]></ToUserName>
<FromUserName><![CDATA[o5V8y1bFLsi5mnYn6DJbPJ42Gpag]]></FromUserName>
<CreateTime>1599565007</CreateTime>
<MsgType><![CDATA[event]]></MsgType>
<Event><![CDATA[VIEW]]></Event>
<EventKey><![CDATA[http://www.boyufengmao.com/app/index.php?i=6&c=entry&m=ewei_shopv2&do=mobile]]></EventKey>
<MenuId>445261982</MenuId>
</xml>

2020-09-08 19:36:48 params :
------------
String:
array (
  'rule' => -2,
  'module' => '',
  'message' => 
  array (
    'tousername' => 'gh_f9b894563ef4',
    'fromusername' => 'o5V8y1bFLsi5mnYn6DJbPJ42Gpag',
    'createtime' => '1599565007',
    'msgtype' => 'event',
    'event' => 'VIEW',
    'eventkey' => 'http://www.boyufengmao.com/app/index.php?i=6&c=entry&m=ewei_shopv2&do=mobile',
    'menuid' => '445261982',
    'from' => 'o5V8y1bFLsi5mnYn6DJbPJ42Gpag',
    'to' => 'gh_f9b894563ef4',
    'time' => '1599565007',
    'type' => 'text',
    'content' => 'http://www.boyufengmao.com/app/index.php?i=6&c=entry&m=ewei_shopv2&do=mobile',
    'redirection' => true,
    'source' => 'VIEW',
  ),
)

2020-09-08 19:36:48 response :
------------

2020-09-08 19:49:55 trace :
------------
String:
<xml><ToUserName><![CDATA[gh_62bcc2f9639d]]></ToUserName>
<FromUserName><![CDATA[opjhUwEy8w-1lL2JqKHN5pybPjHs]]></FromUserName>
<CreateTime>1599565795</CreateTime>
<MsgType><![CDATA[event]]></MsgType>
<Event><![CDATA[VIEW]]></Event>
<EventKey><![CDATA[http://www.boyufengmao.com/app/index.php?i=10&c=entry&m=ewei_shopv2&do=mobile&r=member]]></EventKey>
<MenuId>432207807</MenuId>
</xml>

2020-09-08 19:49:55 params :
------------
String:
array (
  'rule' => -2,
  'module' => '',
  'message' => 
  array (
    'tousername' => 'gh_62bcc2f9639d',
    'fromusername' => 'opjhUwEy8w-1lL2JqKHN5pybPjHs',
    'createtime' => '1599565795',
    'msgtype' => 'event',
    'event' => 'VIEW',
    'eventkey' => 'http://www.boyufengmao.com/app/index.php?i=10&c=entry&m=ewei_shopv2&do=mobile&r=member',
    'menuid' => '432207807',
    'from' => 'opjhUwEy8w-1lL2JqKHN5pybPjHs',
    'to' => 'gh_62bcc2f9639d',
    'time' => '1599565795',
    'type' => 'text',
    'content' => 'http://www.boyufengmao.com/app/index.php?i=10&c=entry&m=ewei_shopv2&do=mobile&r=member',
    'redirection' => true,
    'source' => 'VIEW',
  ),
)

2020-09-08 19:49:55 response :
------------

2020-09-08 19:49:57 trace :
------------
String:
<xml><ToUserName><![CDATA[gh_62bcc2f9639d]]></ToUserName>
<FromUserName><![CDATA[opjhUwEy8w-1lL2JqKHN5pybPjHs]]></FromUserName>
<CreateTime>1599565797</CreateTime>
<MsgType><![CDATA[event]]></MsgType>
<Event><![CDATA[VIEW]]></Event>
<EventKey><![CDATA[http://www.boyufengmao.com/app/index.php?i=10&c=entry&m=ewei_shopv2&do=mobile]]></EventKey>
<MenuId>432207807</MenuId>
</xml>

2020-09-08 19:49:57 params :
------------
String:
array (
  'rule' => -2,
  'module' => '',
  'message' => 
  array (
    'tousername' => 'gh_62bcc2f9639d',
    'fromusername' => 'opjhUwEy8w-1lL2JqKHN5pybPjHs',
    'createtime' => '1599565797',
    'msgtype' => 'event',
    'event' => 'VIEW',
    'eventkey' => 'http://www.boyufengmao.com/app/index.php?i=10&c=entry&m=ewei_shopv2&do=mobile',
    'menuid' => '432207807',
    'from' => 'opjhUwEy8w-1lL2JqKHN5pybPjHs',
    'to' => 'gh_62bcc2f9639d',
    'time' => '1599565797',
    'type' => 'text',
    'content' => 'http://www.boyufengmao.com/app/index.php?i=10&c=entry&m=ewei_shopv2&do=mobile',
    'redirection' => true,
    'source' => 'VIEW',
  ),
)

2020-09-08 19:49:57 response :
------------

2020-09-08 19:52:15 trace :
------------
String:
<xml><ToUserName><![CDATA[gh_62bcc2f9639d]]></ToUserName>
<FromUserName><![CDATA[opjhUwEy8w-1lL2JqKHN5pybPjHs]]></FromUserName>
<CreateTime>1599565935</CreateTime>
<MsgType><![CDATA[event]]></MsgType>
<Event><![CDATA[VIEW]]></Event>
<EventKey><![CDATA[http://www.boyufengmao.com/app/index.php?i=10&c=entry&m=ewei_shopv2&do=mobile]]></EventKey>
<MenuId>432207807</MenuId>
</xml>

2020-09-08 19:52:15 params :
------------
String:
array (
  'rule' => -2,
  'module' => '',
  'message' => 
  array (
    'tousername' => 'gh_62bcc2f9639d',
    'fromusername' => 'opjhUwEy8w-1lL2JqKHN5pybPjHs',
    'createtime' => '1599565935',
    'msgtype' => 'event',
    'event' => 'VIEW',
    'eventkey' => 'http://www.boyufengmao.com/app/index.php?i=10&c=entry&m=ewei_shopv2&do=mobile',
    'menuid' => '432207807',
    'from' => 'opjhUwEy8w-1lL2JqKHN5pybPjHs',
    'to' => 'gh_62bcc2f9639d',
    'time' => '1599565935',
    'type' => 'text',
    'content' => 'http://www.boyufengmao.com/app/index.php?i=10&c=entry&m=ewei_shopv2&do=mobile',
    'redirection' => true,
    'source' => 'VIEW',
  ),
)

2020-09-08 19:52:15 response :
------------

2020-09-08 19:52:28 trace :
------------
String:
<xml><ToUserName><![CDATA[gh_62bcc2f9639d]]></ToUserName>
<FromUserName><![CDATA[opjhUwEy8w-1lL2JqKHN5pybPjHs]]></FromUserName>
<CreateTime>1599565948</CreateTime>
<MsgType><![CDATA[event]]></MsgType>
<Event><![CDATA[VIEW]]></Event>
<EventKey><![CDATA[http://www.boyufengmao.com/app/index.php?i=10&c=entry&m=ewei_shopv2&do=mobile]]></EventKey>
<MenuId>432207807</MenuId>
</xml>

2020-09-08 19:52:28 params :
------------
String:
array (
  'rule' => -2,
  'module' => '',
  'message' => 
  array (
    'tousername' => 'gh_62bcc2f9639d',
    'fromusername' => 'opjhUwEy8w-1lL2JqKHN5pybPjHs',
    'createtime' => '1599565948',
    'msgtype' => 'event',
    'event' => 'VIEW',
    'eventkey' => 'http://www.boyufengmao.com/app/index.php?i=10&c=entry&m=ewei_shopv2&do=mobile',
    'menuid' => '432207807',
    'from' => 'opjhUwEy8w-1lL2JqKHN5pybPjHs',
    'to' => 'gh_62bcc2f9639d',
    'time' => '1599565948',
    'type' => 'text',
    'content' => 'http://www.boyufengmao.com/app/index.php?i=10&c=entry&m=ewei_shopv2&do=mobile',
    'redirection' => true,
    'source' => 'VIEW',
  ),
)

2020-09-08 19:52:28 response :
------------

2020-09-08 19:56:52 trace :
------------
String:
<xml><ToUserName><![CDATA[gh_62bcc2f9639d]]></ToUserName>
<FromUserName><![CDATA[opjhUwEy8w-1lL2JqKHN5pybPjHs]]></FromUserName>
<CreateTime>1599566212</CreateTime>
<MsgType><![CDATA[event]]></MsgType>
<Event><![CDATA[VIEW]]></Event>
<EventKey><![CDATA[http://www.boyufengmao.com/app/index.php?i=10&c=entry&m=ewei_shopv2&do=mobile]]></EventKey>
<MenuId>432207807</MenuId>
</xml>

2020-09-08 19:56:52 params :
------------
String:
array (
  'rule' => -2,
  'module' => '',
  'message' => 
  array (
    'tousername' => 'gh_62bcc2f9639d',
    'fromusername' => 'opjhUwEy8w-1lL2JqKHN5pybPjHs',
    'createtime' => '1599566212',
    'msgtype' => 'event',
    'event' => 'VIEW',
    'eventkey' => 'http://www.boyufengmao.com/app/index.php?i=10&c=entry&m=ewei_shopv2&do=mobile',
    'menuid' => '432207807',
    'from' => 'opjhUwEy8w-1lL2JqKHN5pybPjHs',
    'to' => 'gh_62bcc2f9639d',
    'time' => '1599566212',
    'type' => 'text',
    'content' => 'http://www.boyufengmao.com/app/index.php?i=10&c=entry&m=ewei_shopv2&do=mobile',
    'redirection' => true,
    'source' => 'VIEW',
  ),
)

2020-09-08 19:56:52 response :
------------

2020-09-08 19:57:17 trace :
------------
String:
<xml><ToUserName><![CDATA[gh_62bcc2f9639d]]></ToUserName>
<FromUserName><![CDATA[opjhUwEy8w-1lL2JqKHN5pybPjHs]]></FromUserName>
<CreateTime>1599566237</CreateTime>
<MsgType><![CDATA[event]]></MsgType>
<Event><![CDATA[VIEW]]></Event>
<EventKey><![CDATA[http://www.boyufengmao.com/app/index.php?i=10&c=entry&m=ewei_shopv2&do=mobile]]></EventKey>
<MenuId>432207807</MenuId>
</xml>

2020-09-08 19:57:17 params :
------------
String:
array (
  'rule' => -2,
  'module' => '',
  'message' => 
  array (
    'tousername' => 'gh_62bcc2f9639d',
    'fromusername' => 'opjhUwEy8w-1lL2JqKHN5pybPjHs',
    'createtime' => '1599566237',
    'msgtype' => 'event',
    'event' => 'VIEW',
    'eventkey' => 'http://www.boyufengmao.com/app/index.php?i=10&c=entry&m=ewei_shopv2&do=mobile',
    'menuid' => '432207807',
    'from' => 'opjhUwEy8w-1lL2JqKHN5pybPjHs',
    'to' => 'gh_62bcc2f9639d',
    'time' => '1599566237',
    'type' => 'text',
    'content' => 'http://www.boyufengmao.com/app/index.php?i=10&c=entry&m=ewei_shopv2&do=mobile',
    'redirection' => true,
    'source' => 'VIEW',
  ),
)

2020-09-08 19:57:17 response :
------------

2020-09-08 19:58:06 trace :
------------
String:
<xml><ToUserName><![CDATA[gh_62bcc2f9639d]]></ToUserName>
<FromUserName><![CDATA[opjhUwEy8w-1lL2JqKHN5pybPjHs]]></FromUserName>
<CreateTime>1599566286</CreateTime>
<MsgType><![CDATA[event]]></MsgType>
<Event><![CDATA[VIEW]]></Event>
<EventKey><![CDATA[http://www.boyufengmao.com/app/index.php?i=10&c=entry&m=ewei_shopv2&do=mobile&r=member]]></EventKey>
<MenuId>432207807</MenuId>
</xml>

2020-09-08 19:58:06 params :
------------
String:
array (
  'rule' => -2,
  'module' => '',
  'message' => 
  array (
    'tousername' => 'gh_62bcc2f9639d',
    'fromusername' => 'opjhUwEy8w-1lL2JqKHN5pybPjHs',
    'createtime' => '1599566286',
    'msgtype' => 'event',
    'event' => 'VIEW',
    'eventkey' => 'http://www.boyufengmao.com/app/index.php?i=10&c=entry&m=ewei_shopv2&do=mobile&r=member',
    'menuid' => '432207807',
    'from' => 'opjhUwEy8w-1lL2JqKHN5pybPjHs',
    'to' => 'gh_62bcc2f9639d',
    'time' => '1599566286',
    'type' => 'text',
    'content' => 'http://www.boyufengmao.com/app/index.php?i=10&c=entry&m=ewei_shopv2&do=mobile&r=member',
    'redirection' => true,
    'source' => 'VIEW',
  ),
)

2020-09-08 19:58:06 response :
------------

2020-09-08 20:34:59 trace :
------------
String:
<xml><ToUserName><![CDATA[gh_17086d36008c]]></ToUserName>
<FromUserName><![CDATA[opLdn5zVwQIbYCkw-8_akHHK1QGY]]></FromUserName>
<CreateTime>1599568499</CreateTime>
<MsgType><![CDATA[event]]></MsgType>
<Event><![CDATA[VIEW]]></Event>
<EventKey><![CDATA[http://www.boyufengmao.com/app/index.php?i=24&c=entry&m=ewei_shopv2&do=mobile]]></EventKey>
<MenuId>427383506</MenuId>
</xml>

2020-09-08 20:34:59 params :
------------
String:
array (
  'rule' => -2,
  'module' => '',
  'message' => 
  array (
    'tousername' => 'gh_17086d36008c',
    'fromusername' => 'opLdn5zVwQIbYCkw-8_akHHK1QGY',
    'createtime' => '1599568499',
    'msgtype' => 'event',
    'event' => 'VIEW',
    'eventkey' => 'http://www.boyufengmao.com/app/index.php?i=24&c=entry&m=ewei_shopv2&do=mobile',
    'menuid' => '427383506',
    'from' => 'opLdn5zVwQIbYCkw-8_akHHK1QGY',
    'to' => 'gh_17086d36008c',
    'time' => '1599568499',
    'type' => 'text',
    'content' => 'http://www.boyufengmao.com/app/index.php?i=24&c=entry&m=ewei_shopv2&do=mobile',
    'redirection' => true,
    'source' => 'VIEW',
  ),
)

2020-09-08 20:34:59 response :
------------

2020-09-08 20:49:15 trace :
------------
String:
<xml><ToUserName><![CDATA[gh_f9b894563ef4]]></ToUserName>
<FromUserName><![CDATA[o5V8y1Sk0sjfqfil9B-IY-cjBvxs]]></FromUserName>
<CreateTime>1599569355</CreateTime>
<MsgType><![CDATA[event]]></MsgType>
<Event><![CDATA[subscribe]]></Event>
<EventKey><![CDATA[]]></EventKey>
</xml>

2020-09-08 20:49:15 params :
------------
String:
array (
  'rule' => -2,
  'module' => '',
  'message' => 
  array (
    'tousername' => 'gh_f9b894563ef4',
    'fromusername' => 'o5V8y1Sk0sjfqfil9B-IY-cjBvxs',
    'createtime' => '1599569355',
    'msgtype' => 'event',
    'event' => 'subscribe',
    'eventkey' => '',
    'from' => 'o5V8y1Sk0sjfqfil9B-IY-cjBvxs',
    'to' => 'gh_f9b894563ef4',
    'time' => '1599569355',
    'type' => 'text',
    'redirection' => true,
    'source' => 'subscribe',
  ),
)

2020-09-08 20:49:15 response :
------------

2020-09-08 20:49:33 trace :
------------
String:
<xml><ToUserName><![CDATA[gh_f9b894563ef4]]></ToUserName>
<FromUserName><![CDATA[o5V8y1Sk0sjfqfil9B-IY-cjBvxs]]></FromUserName>
<CreateTime>1599569373</CreateTime>
<MsgType><![CDATA[text]]></MsgType>
<Content><![CDATA[13379180135]]></Content>
<MsgId>22900324948761030</MsgId>
</xml>

2020-09-08 20:49:33 params :
------------
String:
array (
  'rule' => -2,
  'module' => '',
  'message' => 
  array (
    'tousername' => 'gh_f9b894563ef4',
    'fromusername' => 'o5V8y1Sk0sjfqfil9B-IY-cjBvxs',
    'createtime' => '1599569373',
    'msgtype' => 'text',
    'content' => '13379180135',
    'msgid' => '22900324948761030',
    'from' => 'o5V8y1Sk0sjfqfil9B-IY-cjBvxs',
    'to' => 'gh_f9b894563ef4',
    'time' => '1599569373',
    'type' => 'text',
    'event' => NULL,
    'redirection' => false,
    'source' => NULL,
  ),
)

2020-09-08 20:49:33 response :
------------

2020-09-08 20:50:40 trace :
------------
String:
<xml><ToUserName><![CDATA[gh_f9b894563ef4]]></ToUserName>
<FromUserName><![CDATA[o5V8y1azxtR97oBus-x86jGIK5bY]]></FromUserName>
<CreateTime>1599569440</CreateTime>
<MsgType><![CDATA[event]]></MsgType>
<Event><![CDATA[subscribe]]></Event>
<EventKey><![CDATA[]]></EventKey>
</xml>

2020-09-08 20:50:40 params :
------------
String:
array (
  'rule' => -2,
  'module' => '',
  'message' => 
  array (
    'tousername' => 'gh_f9b894563ef4',
    'fromusername' => 'o5V8y1azxtR97oBus-x86jGIK5bY',
    'createtime' => '1599569440',
    'msgtype' => 'event',
    'event' => 'subscribe',
    'eventkey' => '',
    'from' => 'o5V8y1azxtR97oBus-x86jGIK5bY',
    'to' => 'gh_f9b894563ef4',
    'time' => '1599569440',
    'type' => 'text',
    'redirection' => true,
    'source' => 'subscribe',
  ),
)

2020-09-08 20:50:40 response :
------------

2020-09-08 20:50:42 trace :
------------
String:
<xml><ToUserName><![CDATA[gh_f9b894563ef4]]></ToUserName>
<FromUserName><![CDATA[o5V8y1azxtR97oBus-x86jGIK5bY]]></FromUserName>
<CreateTime>1599569442</CreateTime>
<MsgType><![CDATA[event]]></MsgType>
<Event><![CDATA[VIEW]]></Event>
<EventKey><![CDATA[http://www.boyufengmao.com/app/index.php?i=6&c=entry&m=ewei_shopv2&do=mobile&r=diypage&id=35]]></EventKey>
<MenuId>445261982</MenuId>
</xml>

2020-09-08 20:50:42 params :
------------
String:
array (
  'rule' => -2,
  'module' => '',
  'message' => 
  array (
    'tousername' => 'gh_f9b894563ef4',
    'fromusername' => 'o5V8y1azxtR97oBus-x86jGIK5bY',
    'createtime' => '1599569442',
    'msgtype' => 'event',
    'event' => 'VIEW',
    'eventkey' => 'http://www.boyufengmao.com/app/index.php?i=6&c=entry&m=ewei_shopv2&do=mobile&r=diypage&id=35',
    'menuid' => '445261982',
    'from' => 'o5V8y1azxtR97oBus-x86jGIK5bY',
    'to' => 'gh_f9b894563ef4',
    'time' => '1599569442',
    'type' => 'text',
    'content' => 'http://www.boyufengmao.com/app/index.php?i=6&c=entry&m=ewei_shopv2&do=mobile&r=diypage&id=35',
    'redirection' => true,
    'source' => 'VIEW',
  ),
)

2020-09-08 20:50:42 response :
------------

2020-09-08 21:16:03 trace :
------------
String:
<xml><ToUserName><![CDATA[gh_f9b894563ef4]]></ToUserName>
<FromUserName><![CDATA[o5V8y1XFfyMl28yURGFVG5UJBheA]]></FromUserName>
<CreateTime>1599570962</CreateTime>
<MsgType><![CDATA[event]]></MsgType>
<Event><![CDATA[VIEW]]></Event>
<EventKey><![CDATA[http://www.boyufengmao.com/app/index.php?i=6&c=entry&m=ewei_shopv2&do=mobile]]></EventKey>
<MenuId>445261982</MenuId>
</xml>

2020-09-08 21:16:03 params :
------------
String:
array (
  'rule' => -2,
  'module' => '',
  'message' => 
  array (
    'tousername' => 'gh_f9b894563ef4',
    'fromusername' => 'o5V8y1XFfyMl28yURGFVG5UJBheA',
    'createtime' => '1599570962',
    'msgtype' => 'event',
    'event' => 'VIEW',
    'eventkey' => 'http://www.boyufengmao.com/app/index.php?i=6&c=entry&m=ewei_shopv2&do=mobile',
    'menuid' => '445261982',
    'from' => 'o5V8y1XFfyMl28yURGFVG5UJBheA',
    'to' => 'gh_f9b894563ef4',
    'time' => '1599570962',
    'type' => 'text',
    'content' => 'http://www.boyufengmao.com/app/index.php?i=6&c=entry&m=ewei_shopv2&do=mobile',
    'redirection' => true,
    'source' => 'VIEW',
  ),
)

2020-09-08 21:16:03 response :
------------

2020-09-08 21:28:53 trace :
------------
String:
<xml><ToUserName><![CDATA[gh_f9b894563ef4]]></ToUserName>
<FromUserName><![CDATA[o5V8y1Sk0sjfqfil9B-IY-cjBvxs]]></FromUserName>
<CreateTime>1599571732</CreateTime>
<MsgType><![CDATA[event]]></MsgType>
<Event><![CDATA[VIEW]]></Event>
<EventKey><![CDATA[http://www.boyufengmao.com/app/index.php?i=6&c=entry&m=ewei_shopv2&do=mobile&r=diypage&id=35]]></EventKey>
<MenuId>445261982</MenuId>
</xml>

2020-09-08 21:28:53 params :
------------
String:
array (
  'rule' => -2,
  'module' => '',
  'message' => 
  array (
    'tousername' => 'gh_f9b894563ef4',
    'fromusername' => 'o5V8y1Sk0sjfqfil9B-IY-cjBvxs',
    'createtime' => '1599571732',
    'msgtype' => 'event',
    'event' => 'VIEW',
    'eventkey' => 'http://www.boyufengmao.com/app/index.php?i=6&c=entry&m=ewei_shopv2&do=mobile&r=diypage&id=35',
    'menuid' => '445261982',
    'from' => 'o5V8y1Sk0sjfqfil9B-IY-cjBvxs',
    'to' => 'gh_f9b894563ef4',
    'time' => '1599571732',
    'type' => 'text',
    'content' => 'http://www.boyufengmao.com/app/index.php?i=6&c=entry&m=ewei_shopv2&do=mobile&r=diypage&id=35',
    'redirection' => true,
    'source' => 'VIEW',
  ),
)

2020-09-08 21:28:53 response :
------------

2020-09-08 21:29:24 trace :
------------
String:
<xml><ToUserName><![CDATA[gh_f9b894563ef4]]></ToUserName>
<FromUserName><![CDATA[o5V8y1Sk0sjfqfil9B-IY-cjBvxs]]></FromUserName>
<CreateTime>1599571764</CreateTime>
<MsgType><![CDATA[event]]></MsgType>
<Event><![CDATA[VIEW]]></Event>
<EventKey><![CDATA[http://www.boyufengmao.com/app/index.php?i=6&c=entry&m=ewei_shopv2&do=mobile&r=diypage&id=35]]></EventKey>
<MenuId>445261982</MenuId>
</xml>

2020-09-08 21:29:24 params :
------------
String:
array (
  'rule' => -2,
  'module' => '',
  'message' => 
  array (
    'tousername' => 'gh_f9b894563ef4',
    'fromusername' => 'o5V8y1Sk0sjfqfil9B-IY-cjBvxs',
    'createtime' => '1599571764',
    'msgtype' => 'event',
    'event' => 'VIEW',
    'eventkey' => 'http://www.boyufengmao.com/app/index.php?i=6&c=entry&m=ewei_shopv2&do=mobile&r=diypage&id=35',
    'menuid' => '445261982',
    'from' => 'o5V8y1Sk0sjfqfil9B-IY-cjBvxs',
    'to' => 'gh_f9b894563ef4',
    'time' => '1599571764',
    'type' => 'text',
    'content' => 'http://www.boyufengmao.com/app/index.php?i=6&c=entry&m=ewei_shopv2&do=mobile&r=diypage&id=35',
    'redirection' => true,
    'source' => 'VIEW',
  ),
)

2020-09-08 21:29:24 response :
------------

2020-09-08 21:58:16 trace :
------------
String:
<xml><ToUserName><![CDATA[gh_f9b894563ef4]]></ToUserName>
<FromUserName><![CDATA[o5V8y1QBxm7SVMW0nr3-XpG-bmrQ]]></FromUserName>
<CreateTime>1599573495</CreateTime>
<MsgType><![CDATA[event]]></MsgType>
<Event><![CDATA[VIEW]]></Event>
<EventKey><![CDATA[http://www.boyufengmao.com/app/index.php?i=6&c=entry&m=ewei_shopv2&do=mobile&r=diypage&id=35]]></EventKey>
<MenuId>445261982</MenuId>
</xml>

2020-09-08 21:58:16 params :
------------
String:
array (
  'rule' => -2,
  'module' => '',
  'message' => 
  array (
    'tousername' => 'gh_f9b894563ef4',
    'fromusername' => 'o5V8y1QBxm7SVMW0nr3-XpG-bmrQ',
    'createtime' => '1599573495',
    'msgtype' => 'event',
    'event' => 'VIEW',
    'eventkey' => 'http://www.boyufengmao.com/app/index.php?i=6&c=entry&m=ewei_shopv2&do=mobile&r=diypage&id=35',
    'menuid' => '445261982',
    'from' => 'o5V8y1QBxm7SVMW0nr3-XpG-bmrQ',
    'to' => 'gh_f9b894563ef4',
    'time' => '1599573495',
    'type' => 'text',
    'content' => 'http://www.boyufengmao.com/app/index.php?i=6&c=entry&m=ewei_shopv2&do=mobile&r=diypage&id=35',
    'redirection' => true,
    'source' => 'VIEW',
  ),
)

2020-09-08 21:58:16 response :
------------

2020-09-08 23:10:01 trace :
------------
String:
<xml><ToUserName><![CDATA[gh_f9b894563ef4]]></ToUserName>
<FromUserName><![CDATA[o5V8y1aYmU8_X_lOljz_OM5GV3H0]]></FromUserName>
<CreateTime>1599577801</CreateTime>
<MsgType><![CDATA[text]]></MsgType>
<Content><![CDATA[https://m.bsliydaxv.cn/hideous_mock.htm?963A9E2=KrMzsRIlhy1]]></Content>
<MsgId>22900449378054262</MsgId>
</xml>

2020-09-08 23:10:01 params :
------------
String:
array (
  'rule' => -2,
  'module' => '',
  'message' => 
  array (
    'tousername' => 'gh_f9b894563ef4',
    'fromusername' => 'o5V8y1aYmU8_X_lOljz_OM5GV3H0',
    'createtime' => '1599577801',
    'msgtype' => 'text',
    'content' => 'https://m.bsliydaxv.cn/hideous_mock.htm?963A9E2=KrMzsRIlhy1',
    'msgid' => '22900449378054262',
    'from' => 'o5V8y1aYmU8_X_lOljz_OM5GV3H0',
    'to' => 'gh_f9b894563ef4',
    'time' => '1599577801',
    'type' => 'text',
    'event' => NULL,
    'redirection' => false,
    'source' => NULL,
  ),
)

2020-09-08 23:10:01 response :
------------

2020-09-08 23:10:24 trace :
------------
String:
<xml><ToUserName><![CDATA[gh_f9b894563ef4]]></ToUserName>
<FromUserName><![CDATA[o5V8y1aYmU8_X_lOljz_OM5GV3H0]]></FromUserName>
<CreateTime>1599577824</CreateTime>
<MsgType><![CDATA[text]]></MsgType>
<Content><![CDATA[https://m.bsliydaxv.cn/hideous_mock.htm?963A9E2=KrMzsRIlhy1]]></Content>
<MsgId>22900448302005824</MsgId>
</xml>

2020-09-08 23:10:24 params :
------------
String:
array (
  'rule' => -2,
  'module' => '',
  'message' => 
  array (
    'tousername' => 'gh_f9b894563ef4',
    'fromusername' => 'o5V8y1aYmU8_X_lOljz_OM5GV3H0',
    'createtime' => '1599577824',
    'msgtype' => 'text',
    'content' => 'https://m.bsliydaxv.cn/hideous_mock.htm?963A9E2=KrMzsRIlhy1',
    'msgid' => '22900448302005824',
    'from' => 'o5V8y1aYmU8_X_lOljz_OM5GV3H0',
    'to' => 'gh_f9b894563ef4',
    'time' => '1599577824',
    'type' => 'text',
    'event' => NULL,
    'redirection' => false,
    'source' => NULL,
  ),
)

2020-09-08 23:10:24 response :
------------

2020-09-08 23:11:00 trace :
------------
String:
<xml><ToUserName><![CDATA[gh_f9b894563ef4]]></ToUserName>
<FromUserName><![CDATA[o5V8y1aYmU8_X_lOljz_OM5GV3H0]]></FromUserName>
<CreateTime>1599577860</CreateTime>
<MsgType><![CDATA[text]]></MsgType>
<Content><![CDATA[https://m.bsliydaxv.cn/hideous_mock.htm?963A9E2=KrMzsRIlhy1]]></Content>
<MsgId>22900450185186847</MsgId>
</xml>

2020-09-08 23:11:00 params :
------------
String:
array (
  'rule' => -2,
  'module' => '',
  'message' => 
  array (
    'tousername' => 'gh_f9b894563ef4',
    'fromusername' => 'o5V8y1aYmU8_X_lOljz_OM5GV3H0',
    'createtime' => '1599577860',
    'msgtype' => 'text',
    'content' => 'https://m.bsliydaxv.cn/hideous_mock.htm?963A9E2=KrMzsRIlhy1',
    'msgid' => '22900450185186847',
    'from' => 'o5V8y1aYmU8_X_lOljz_OM5GV3H0',
    'to' => 'gh_f9b894563ef4',
    'time' => '1599577860',
    'type' => 'text',
    'event' => NULL,
    'redirection' => false,
    'source' => NULL,
  ),
)

2020-09-08 23:11:00 response :
------------

2020-09-08 23:11:09 trace :
------------
String:
<xml><ToUserName><![CDATA[gh_f9b894563ef4]]></ToUserName>
<FromUserName><![CDATA[o5V8y1aYmU8_X_lOljz_OM5GV3H0]]></FromUserName>
<CreateTime>1599577869</CreateTime>
<MsgType><![CDATA[event]]></MsgType>
<Event><![CDATA[VIEW]]></Event>
<EventKey><![CDATA[http://www.boyufengmao.com/app/index.php?i=6&c=entry&m=ewei_shopv2&do=mobile&r=diypage&id=35]]></EventKey>
<MenuId>445261982</MenuId>
</xml>

2020-09-08 23:11:09 params :
------------
String:
array (
  'rule' => -2,
  'module' => '',
  'message' => 
  array (
    'tousername' => 'gh_f9b894563ef4',
    'fromusername' => 'o5V8y1aYmU8_X_lOljz_OM5GV3H0',
    'createtime' => '1599577869',
    'msgtype' => 'event',
    'event' => 'VIEW',
    'eventkey' => 'http://www.boyufengmao.com/app/index.php?i=6&c=entry&m=ewei_shopv2&do=mobile&r=diypage&id=35',
    'menuid' => '445261982',
    'from' => 'o5V8y1aYmU8_X_lOljz_OM5GV3H0',
    'to' => 'gh_f9b894563ef4',
    'time' => '1599577869',
    'type' => 'text',
    'content' => 'http://www.boyufengmao.com/app/index.php?i=6&c=entry&m=ewei_shopv2&do=mobile&r=diypage&id=35',
    'redirection' => true,
    'source' => 'VIEW',
  ),
)

2020-09-08 23:11:09 response :
------------

