2020-05-20 06:21:08 trace :
------------
String:
<xml><ToUserName><![CDATA[gh_7b3d37846b75]]></ToUserName>
<FromUserName><![CDATA[oZ5PY1PnbXlVbKJaC4fSQCwtPVHM]]></FromUserName>
<CreateTime>1589926868</CreateTime>
<MsgType><![CDATA[event]]></MsgType>
<Event><![CDATA[unsubscribe]]></Event>
<EventKey><![CDATA[]]></EventKey>
</xml>

2020-05-20 13:28:22 trace :
------------
String:
<xml><ToUserName><![CDATA[gh_f9b894563ef4]]></ToUserName>
<FromUserName><![CDATA[o5V8y1VnLPy9c7dFouJr_teQVZWU]]></FromUserName>
<CreateTime>1589952502</CreateTime>
<MsgType><![CDATA[event]]></MsgType>
<Event><![CDATA[VIEW]]></Event>
<EventKey><![CDATA[http://www.boyufengmao.com/app/index.php?i=6&c=entry&m=ewei_shopv2&do=mobile&r=diypage&id=35]]></EventKey>
<MenuId>445261982</MenuId>
</xml>

2020-05-20 13:28:22 params :
------------
String:
array (
  'rule' => -2,
  'module' => '',
  'message' => 
  array (
    'tousername' => 'gh_f9b894563ef4',
    'fromusername' => 'o5V8y1VnLPy9c7dFouJr_teQVZWU',
    'createtime' => '1589952502',
    'msgtype' => 'event',
    'event' => 'VIEW',
    'eventkey' => 'http://www.boyufengmao.com/app/index.php?i=6&c=entry&m=ewei_shopv2&do=mobile&r=diypage&id=35',
    'menuid' => '445261982',
    'from' => 'o5V8y1VnLPy9c7dFouJr_teQVZWU',
    'to' => 'gh_f9b894563ef4',
    'time' => '1589952502',
    'type' => 'text',
    'content' => 'http://www.boyufengmao.com/app/index.php?i=6&c=entry&m=ewei_shopv2&do=mobile&r=diypage&id=35',
    'redirection' => true,
    'source' => 'VIEW',
  ),
)

2020-05-20 13:28:22 response :
------------

2020-05-20 13:47:23 trace :
------------
String:
<xml><ToUserName><![CDATA[gh_f9b894563ef4]]></ToUserName>
<FromUserName><![CDATA[o5V8y1b8oSnoa8nDA4Tvr74linU0]]></FromUserName>
<CreateTime>1589953643</CreateTime>
<MsgType><![CDATA[event]]></MsgType>
<Event><![CDATA[subscribe]]></Event>
<EventKey><![CDATA[]]></EventKey>
</xml>

2020-05-20 13:47:23 params :
------------
String:
array (
  'rule' => -2,
  'module' => '',
  'message' => 
  array (
    'tousername' => 'gh_f9b894563ef4',
    'fromusername' => 'o5V8y1b8oSnoa8nDA4Tvr74linU0',
    'createtime' => '1589953643',
    'msgtype' => 'event',
    'event' => 'subscribe',
    'eventkey' => '',
    'from' => 'o5V8y1b8oSnoa8nDA4Tvr74linU0',
    'to' => 'gh_f9b894563ef4',
    'time' => '1589953643',
    'type' => 'text',
    'redirection' => true,
    'source' => 'subscribe',
  ),
)

2020-05-20 13:47:23 response :
------------

2020-05-20 13:47:28 trace :
------------
String:
<xml><ToUserName><![CDATA[gh_f9b894563ef4]]></ToUserName>
<FromUserName><![CDATA[o5V8y1b8oSnoa8nDA4Tvr74linU0]]></FromUserName>
<CreateTime>1589953648</CreateTime>
<MsgType><![CDATA[event]]></MsgType>
<Event><![CDATA[VIEW]]></Event>
<EventKey><![CDATA[http://www.boyufengmao.com/app/index.php?i=6&c=entry&m=ewei_shopv2&do=mobile&r=diypage&id=35]]></EventKey>
<MenuId>445261982</MenuId>
</xml>

2020-05-20 13:47:28 params :
------------
String:
array (
  'rule' => -2,
  'module' => '',
  'message' => 
  array (
    'tousername' => 'gh_f9b894563ef4',
    'fromusername' => 'o5V8y1b8oSnoa8nDA4Tvr74linU0',
    'createtime' => '1589953648',
    'msgtype' => 'event',
    'event' => 'VIEW',
    'eventkey' => 'http://www.boyufengmao.com/app/index.php?i=6&c=entry&m=ewei_shopv2&do=mobile&r=diypage&id=35',
    'menuid' => '445261982',
    'from' => 'o5V8y1b8oSnoa8nDA4Tvr74linU0',
    'to' => 'gh_f9b894563ef4',
    'time' => '1589953648',
    'type' => 'text',
    'content' => 'http://www.boyufengmao.com/app/index.php?i=6&c=entry&m=ewei_shopv2&do=mobile&r=diypage&id=35',
    'redirection' => true,
    'source' => 'VIEW',
  ),
)

2020-05-20 13:47:28 response :
------------

2020-05-20 13:48:05 trace :
------------
String:
<xml><ToUserName><![CDATA[gh_f9b894563ef4]]></ToUserName>
<FromUserName><![CDATA[o5V8y1b8oSnoa8nDA4Tvr74linU0]]></FromUserName>
<CreateTime>1589953685</CreateTime>
<MsgType><![CDATA[event]]></MsgType>
<Event><![CDATA[VIEW]]></Event>
<EventKey><![CDATA[http://www.boyufengmao.com/app/index.php?i=6&c=entry&m=ewei_shopv2&do=mobile&r=diypage&id=35]]></EventKey>
<MenuId>445261982</MenuId>
</xml>

2020-05-20 13:48:05 params :
------------
String:
array (
  'rule' => -2,
  'module' => '',
  'message' => 
  array (
    'tousername' => 'gh_f9b894563ef4',
    'fromusername' => 'o5V8y1b8oSnoa8nDA4Tvr74linU0',
    'createtime' => '1589953685',
    'msgtype' => 'event',
    'event' => 'VIEW',
    'eventkey' => 'http://www.boyufengmao.com/app/index.php?i=6&c=entry&m=ewei_shopv2&do=mobile&r=diypage&id=35',
    'menuid' => '445261982',
    'from' => 'o5V8y1b8oSnoa8nDA4Tvr74linU0',
    'to' => 'gh_f9b894563ef4',
    'time' => '1589953685',
    'type' => 'text',
    'content' => 'http://www.boyufengmao.com/app/index.php?i=6&c=entry&m=ewei_shopv2&do=mobile&r=diypage&id=35',
    'redirection' => true,
    'source' => 'VIEW',
  ),
)

2020-05-20 13:48:05 response :
------------

2020-05-20 14:18:50 trace :
------------
String:
<xml><ToUserName><![CDATA[gh_f9b894563ef4]]></ToUserName>
<FromUserName><![CDATA[o5V8y1fhNAd-VnZYmqW--Q5_ETd4]]></FromUserName>
<CreateTime>1589955530</CreateTime>
<MsgType><![CDATA[event]]></MsgType>
<Event><![CDATA[VIEW]]></Event>
<EventKey><![CDATA[http://www.boyufengmao.com/app/index.php?i=6&c=entry&m=ewei_shopv2&do=mobile]]></EventKey>
<MenuId>445261982</MenuId>
</xml>

2020-05-20 14:18:50 params :
------------
String:
array (
  'rule' => -2,
  'module' => '',
  'message' => 
  array (
    'tousername' => 'gh_f9b894563ef4',
    'fromusername' => 'o5V8y1fhNAd-VnZYmqW--Q5_ETd4',
    'createtime' => '1589955530',
    'msgtype' => 'event',
    'event' => 'VIEW',
    'eventkey' => 'http://www.boyufengmao.com/app/index.php?i=6&c=entry&m=ewei_shopv2&do=mobile',
    'menuid' => '445261982',
    'from' => 'o5V8y1fhNAd-VnZYmqW--Q5_ETd4',
    'to' => 'gh_f9b894563ef4',
    'time' => '1589955530',
    'type' => 'text',
    'content' => 'http://www.boyufengmao.com/app/index.php?i=6&c=entry&m=ewei_shopv2&do=mobile',
    'redirection' => true,
    'source' => 'VIEW',
  ),
)

2020-05-20 14:18:50 response :
------------

2020-05-20 14:59:07 trace :
------------
String:
<xml><ToUserName><![CDATA[gh_f9b894563ef4]]></ToUserName>
<FromUserName><![CDATA[o5V8y1e8keWgwIO66XvsXifV7ZpI]]></FromUserName>
<CreateTime>1589957947</CreateTime>
<MsgType><![CDATA[event]]></MsgType>
<Event><![CDATA[unsubscribe]]></Event>
<EventKey><![CDATA[]]></EventKey>
</xml>

2020-05-20 15:48:02 trace :
------------
String:
<xml><ToUserName><![CDATA[gh_162fc9cda7ca]]></ToUserName>
<FromUserName><![CDATA[oYRrw09m2wYn94jVH8U3ykZ5VtCw]]></FromUserName>
<CreateTime>1589960881</CreateTime>
<MsgType><![CDATA[event]]></MsgType>
<Event><![CDATA[unsubscribe]]></Event>
<EventKey><![CDATA[]]></EventKey>
</xml>

2020-05-20 16:21:11 trace :
------------
String:
<xml><ToUserName><![CDATA[gh_f9b894563ef4]]></ToUserName>
<FromUserName><![CDATA[o5V8y1SINJ285FLiEDoG75kAntio]]></FromUserName>
<CreateTime>1589962871</CreateTime>
<MsgType><![CDATA[event]]></MsgType>
<Event><![CDATA[unsubscribe]]></Event>
<EventKey><![CDATA[]]></EventKey>
</xml>

2020-05-20 16:44:59 trace :
------------
String:
<xml><ToUserName><![CDATA[gh_f9b894563ef4]]></ToUserName>
<FromUserName><![CDATA[o5V8y1SjTz7WZJfbOC6l-RpUkktA]]></FromUserName>
<CreateTime>1589964299</CreateTime>
<MsgType><![CDATA[event]]></MsgType>
<Event><![CDATA[VIEW]]></Event>
<EventKey><![CDATA[http://www.boyufengmao.com/app/index.php?i=6&c=entry&m=ewei_shopv2&do=mobile]]></EventKey>
<MenuId>445261982</MenuId>
</xml>

2020-05-20 16:44:59 params :
------------
String:
array (
  'rule' => -2,
  'module' => '',
  'message' => 
  array (
    'tousername' => 'gh_f9b894563ef4',
    'fromusername' => 'o5V8y1SjTz7WZJfbOC6l-RpUkktA',
    'createtime' => '1589964299',
    'msgtype' => 'event',
    'event' => 'VIEW',
    'eventkey' => 'http://www.boyufengmao.com/app/index.php?i=6&c=entry&m=ewei_shopv2&do=mobile',
    'menuid' => '445261982',
    'from' => 'o5V8y1SjTz7WZJfbOC6l-RpUkktA',
    'to' => 'gh_f9b894563ef4',
    'time' => '1589964299',
    'type' => 'text',
    'content' => 'http://www.boyufengmao.com/app/index.php?i=6&c=entry&m=ewei_shopv2&do=mobile',
    'redirection' => true,
    'source' => 'VIEW',
  ),
)

2020-05-20 16:44:59 response :
------------

2020-05-20 17:04:17 trace :
------------
String:
<xml><ToUserName><![CDATA[gh_f9b894563ef4]]></ToUserName>
<FromUserName><![CDATA[o5V8y1QlT860Eb1tzaEkjXUHultM]]></FromUserName>
<CreateTime>1589965457</CreateTime>
<MsgType><![CDATA[event]]></MsgType>
<Event><![CDATA[VIEW]]></Event>
<EventKey><![CDATA[http://www.boyufengmao.com/app/index.php?i=6&c=entry&m=ewei_shopv2&do=mobile]]></EventKey>
<MenuId>445261982</MenuId>
</xml>

2020-05-20 17:04:17 params :
------------
String:
array (
  'rule' => -2,
  'module' => '',
  'message' => 
  array (
    'tousername' => 'gh_f9b894563ef4',
    'fromusername' => 'o5V8y1QlT860Eb1tzaEkjXUHultM',
    'createtime' => '1589965457',
    'msgtype' => 'event',
    'event' => 'VIEW',
    'eventkey' => 'http://www.boyufengmao.com/app/index.php?i=6&c=entry&m=ewei_shopv2&do=mobile',
    'menuid' => '445261982',
    'from' => 'o5V8y1QlT860Eb1tzaEkjXUHultM',
    'to' => 'gh_f9b894563ef4',
    'time' => '1589965457',
    'type' => 'text',
    'content' => 'http://www.boyufengmao.com/app/index.php?i=6&c=entry&m=ewei_shopv2&do=mobile',
    'redirection' => true,
    'source' => 'VIEW',
  ),
)

2020-05-20 17:04:17 response :
------------

2020-05-20 17:17:46 trace :
------------
String:
<xml><ToUserName><![CDATA[gh_5e8fd633e50f]]></ToUserName>
<FromUserName><![CDATA[o0qljuJ7H70l9e7lxDEndVYWptLE]]></FromUserName>
<CreateTime>1589966266</CreateTime>
<MsgType><![CDATA[event]]></MsgType>
<Event><![CDATA[subscribe]]></Event>
<EventKey><![CDATA[]]></EventKey>
</xml>

2020-05-20 17:17:46 params :
------------
String:
array (
  'rule' => -2,
  'module' => '',
  'message' => 
  array (
    'tousername' => 'gh_5e8fd633e50f',
    'fromusername' => 'o0qljuJ7H70l9e7lxDEndVYWptLE',
    'createtime' => '1589966266',
    'msgtype' => 'event',
    'event' => 'subscribe',
    'eventkey' => '',
    'from' => 'o0qljuJ7H70l9e7lxDEndVYWptLE',
    'to' => 'gh_5e8fd633e50f',
    'time' => '1589966266',
    'type' => 'text',
    'redirection' => true,
    'source' => 'subscribe',
  ),
)

2020-05-20 17:17:46 response :
------------

2020-05-20 17:17:48 trace :
------------
String:
<xml><ToUserName><![CDATA[gh_5e8fd633e50f]]></ToUserName>
<FromUserName><![CDATA[o0qljuJ7H70l9e7lxDEndVYWptLE]]></FromUserName>
<CreateTime>1589966268</CreateTime>
<MsgType><![CDATA[event]]></MsgType>
<Event><![CDATA[VIEW]]></Event>
<EventKey><![CDATA[http://www.boyufengmao.com/app/index.php?i=17&c=entry&m=ewei_shopv2&do=mobile]]></EventKey>
<MenuId>488226725</MenuId>
</xml>

2020-05-20 17:17:48 params :
------------
String:
array (
  'rule' => -2,
  'module' => '',
  'message' => 
  array (
    'tousername' => 'gh_5e8fd633e50f',
    'fromusername' => 'o0qljuJ7H70l9e7lxDEndVYWptLE',
    'createtime' => '1589966268',
    'msgtype' => 'event',
    'event' => 'VIEW',
    'eventkey' => 'http://www.boyufengmao.com/app/index.php?i=17&c=entry&m=ewei_shopv2&do=mobile',
    'menuid' => '488226725',
    'from' => 'o0qljuJ7H70l9e7lxDEndVYWptLE',
    'to' => 'gh_5e8fd633e50f',
    'time' => '1589966268',
    'type' => 'text',
    'content' => 'http://www.boyufengmao.com/app/index.php?i=17&c=entry&m=ewei_shopv2&do=mobile',
    'redirection' => true,
    'source' => 'VIEW',
  ),
)

2020-05-20 17:17:48 response :
------------

2020-05-20 17:18:04 trace :
------------
String:
<xml><ToUserName><![CDATA[gh_5e8fd633e50f]]></ToUserName>
<FromUserName><![CDATA[o0qljuJ7H70l9e7lxDEndVYWptLE]]></FromUserName>
<CreateTime>1589966284</CreateTime>
<MsgType><![CDATA[event]]></MsgType>
<Event><![CDATA[VIEW]]></Event>
<EventKey><![CDATA[http://www.boyufengmao.com/app/index.php?i=17&c=entry&m=ewei_shopv2&do=mobile]]></EventKey>
<MenuId>488226725</MenuId>
</xml>

2020-05-20 17:18:04 params :
------------
String:
array (
  'rule' => -2,
  'module' => '',
  'message' => 
  array (
    'tousername' => 'gh_5e8fd633e50f',
    'fromusername' => 'o0qljuJ7H70l9e7lxDEndVYWptLE',
    'createtime' => '1589966284',
    'msgtype' => 'event',
    'event' => 'VIEW',
    'eventkey' => 'http://www.boyufengmao.com/app/index.php?i=17&c=entry&m=ewei_shopv2&do=mobile',
    'menuid' => '488226725',
    'from' => 'o0qljuJ7H70l9e7lxDEndVYWptLE',
    'to' => 'gh_5e8fd633e50f',
    'time' => '1589966284',
    'type' => 'text',
    'content' => 'http://www.boyufengmao.com/app/index.php?i=17&c=entry&m=ewei_shopv2&do=mobile',
    'redirection' => true,
    'source' => 'VIEW',
  ),
)

2020-05-20 17:18:04 response :
------------

2020-05-20 17:18:11 trace :
------------
String:
<xml><ToUserName><![CDATA[gh_5e8fd633e50f]]></ToUserName>
<FromUserName><![CDATA[o0qljuJ7H70l9e7lxDEndVYWptLE]]></FromUserName>
<CreateTime>1589966291</CreateTime>
<MsgType><![CDATA[event]]></MsgType>
<Event><![CDATA[VIEW]]></Event>
<EventKey><![CDATA[http://www.boyufengmao.com/app/index.php?i=17&c=entry&m=ewei_shopv2&do=mobile&r=member]]></EventKey>
<MenuId>488226725</MenuId>
</xml>

2020-05-20 17:18:11 params :
------------
String:
array (
  'rule' => -2,
  'module' => '',
  'message' => 
  array (
    'tousername' => 'gh_5e8fd633e50f',
    'fromusername' => 'o0qljuJ7H70l9e7lxDEndVYWptLE',
    'createtime' => '1589966291',
    'msgtype' => 'event',
    'event' => 'VIEW',
    'eventkey' => 'http://www.boyufengmao.com/app/index.php?i=17&c=entry&m=ewei_shopv2&do=mobile&r=member',
    'menuid' => '488226725',
    'from' => 'o0qljuJ7H70l9e7lxDEndVYWptLE',
    'to' => 'gh_5e8fd633e50f',
    'time' => '1589966291',
    'type' => 'text',
    'content' => 'http://www.boyufengmao.com/app/index.php?i=17&c=entry&m=ewei_shopv2&do=mobile&r=member',
    'redirection' => true,
    'source' => 'VIEW',
  ),
)

2020-05-20 17:18:11 response :
------------

2020-05-20 17:18:15 trace :
------------
String:
<xml><ToUserName><![CDATA[gh_5e8fd633e50f]]></ToUserName>
<FromUserName><![CDATA[o0qljuJ7H70l9e7lxDEndVYWptLE]]></FromUserName>
<CreateTime>1589966295</CreateTime>
<MsgType><![CDATA[event]]></MsgType>
<Event><![CDATA[CLICK]]></Event>
<EventKey><![CDATA[电话]]></EventKey>
</xml>

2020-05-20 17:18:15 params :
------------
String:
array (
  'message' => 
  array (
    'tousername' => 'gh_5e8fd633e50f',
    'fromusername' => 'o0qljuJ7H70l9e7lxDEndVYWptLE',
    'createtime' => '1589966295',
    'msgtype' => 'event',
    'event' => 'CLICK',
    'eventkey' => '电话',
    'from' => 'o0qljuJ7H70l9e7lxDEndVYWptLE',
    'to' => 'gh_5e8fd633e50f',
    'time' => '1589966295',
    'type' => 'text',
    'content' => '电话',
    'redirection' => true,
    'source' => 'click',
  ),
  'module' => 'reply',
  'rule' => '225',
  'priority' => '0',
  'keyword' => 
  array (
    'id' => '246',
    'rid' => '225',
    'uniacid' => '17',
    'module' => 'reply',
    'content' => '电话',
    'type' => '1',
    'displayorder' => '0',
    'status' => '1',
    'reply_type' => 
    array (
      0 => 'basic',
    ),
  ),
  'reply_type' => 
  array (
    0 => 'basic',
  ),
)

2020-05-20 17:18:15 response :
------------
Array:
FromUserName : gh_5e8fd633e50f ;
ToUserName : o0qljuJ7H70l9e7lxDEndVYWptLE ;
MsgType : text ;
Content : 13279219883 ;

2020-05-20 17:30:22 trace :
------------
String:
<xml><ToUserName><![CDATA[gh_5e8fd633e50f]]></ToUserName>
<FromUserName><![CDATA[o0qljuJ7H70l9e7lxDEndVYWptLE]]></FromUserName>
<CreateTime>1589967022</CreateTime>
<MsgType><![CDATA[event]]></MsgType>
<Event><![CDATA[VIEW]]></Event>
<EventKey><![CDATA[http://www.boyufengmao.com/app/index.php?i=17&c=entry&m=ewei_shopv2&do=mobile]]></EventKey>
<MenuId>488226725</MenuId>
</xml>

2020-05-20 17:30:22 params :
------------
String:
array (
  'rule' => -2,
  'module' => '',
  'message' => 
  array (
    'tousername' => 'gh_5e8fd633e50f',
    'fromusername' => 'o0qljuJ7H70l9e7lxDEndVYWptLE',
    'createtime' => '1589967022',
    'msgtype' => 'event',
    'event' => 'VIEW',
    'eventkey' => 'http://www.boyufengmao.com/app/index.php?i=17&c=entry&m=ewei_shopv2&do=mobile',
    'menuid' => '488226725',
    'from' => 'o0qljuJ7H70l9e7lxDEndVYWptLE',
    'to' => 'gh_5e8fd633e50f',
    'time' => '1589967022',
    'type' => 'text',
    'content' => 'http://www.boyufengmao.com/app/index.php?i=17&c=entry&m=ewei_shopv2&do=mobile',
    'redirection' => true,
    'source' => 'VIEW',
  ),
)

2020-05-20 17:30:22 response :
------------

2020-05-20 17:30:32 trace :
------------
String:
<xml><ToUserName><![CDATA[gh_5e8fd633e50f]]></ToUserName>
<FromUserName><![CDATA[o0qljuJ7H70l9e7lxDEndVYWptLE]]></FromUserName>
<CreateTime>1589967031</CreateTime>
<MsgType><![CDATA[event]]></MsgType>
<Event><![CDATA[VIEW]]></Event>
<EventKey><![CDATA[http://www.boyufengmao.com/app/index.php?i=17&c=entry&m=ewei_shopv2&do=mobile&r=member]]></EventKey>
<MenuId>488226725</MenuId>
</xml>

2020-05-20 17:30:32 params :
------------
String:
array (
  'rule' => -2,
  'module' => '',
  'message' => 
  array (
    'tousername' => 'gh_5e8fd633e50f',
    'fromusername' => 'o0qljuJ7H70l9e7lxDEndVYWptLE',
    'createtime' => '1589967031',
    'msgtype' => 'event',
    'event' => 'VIEW',
    'eventkey' => 'http://www.boyufengmao.com/app/index.php?i=17&c=entry&m=ewei_shopv2&do=mobile&r=member',
    'menuid' => '488226725',
    'from' => 'o0qljuJ7H70l9e7lxDEndVYWptLE',
    'to' => 'gh_5e8fd633e50f',
    'time' => '1589967031',
    'type' => 'text',
    'content' => 'http://www.boyufengmao.com/app/index.php?i=17&c=entry&m=ewei_shopv2&do=mobile&r=member',
    'redirection' => true,
    'source' => 'VIEW',
  ),
)

2020-05-20 17:30:32 response :
------------

2020-05-20 17:38:30 trace :
------------
String:
<xml><ToUserName><![CDATA[gh_5e8fd633e50f]]></ToUserName>
<FromUserName><![CDATA[o0qljuJ7H70l9e7lxDEndVYWptLE]]></FromUserName>
<CreateTime>1589967510</CreateTime>
<MsgType><![CDATA[event]]></MsgType>
<Event><![CDATA[VIEW]]></Event>
<EventKey><![CDATA[http://www.boyufengmao.com/app/index.php?i=17&c=entry&m=ewei_shopv2&do=mobile]]></EventKey>
<MenuId>488226725</MenuId>
</xml>

2020-05-20 17:38:30 params :
------------
String:
array (
  'rule' => -2,
  'module' => '',
  'message' => 
  array (
    'tousername' => 'gh_5e8fd633e50f',
    'fromusername' => 'o0qljuJ7H70l9e7lxDEndVYWptLE',
    'createtime' => '1589967510',
    'msgtype' => 'event',
    'event' => 'VIEW',
    'eventkey' => 'http://www.boyufengmao.com/app/index.php?i=17&c=entry&m=ewei_shopv2&do=mobile',
    'menuid' => '488226725',
    'from' => 'o0qljuJ7H70l9e7lxDEndVYWptLE',
    'to' => 'gh_5e8fd633e50f',
    'time' => '1589967510',
    'type' => 'text',
    'content' => 'http://www.boyufengmao.com/app/index.php?i=17&c=entry&m=ewei_shopv2&do=mobile',
    'redirection' => true,
    'source' => 'VIEW',
  ),
)

2020-05-20 17:38:30 response :
------------

2020-05-20 18:01:17 trace :
------------
String:
<xml><ToUserName><![CDATA[gh_48cc1f7b50f4]]></ToUserName>
<FromUserName><![CDATA[olz_3vs_wBYBI9HbzFKDHrk-RqGk]]></FromUserName>
<CreateTime>1589968877</CreateTime>
<MsgType><![CDATA[event]]></MsgType>
<Event><![CDATA[VIEW]]></Event>
<EventKey><![CDATA[http://www.boyufengmao.com/app/index.php?i=14&c=entry&m=ewei_shopv2&do=mobile]]></EventKey>
<MenuId>429180831</MenuId>
</xml>

2020-05-20 18:01:17 params :
------------
String:
array (
  'rule' => -2,
  'module' => '',
  'message' => 
  array (
    'tousername' => 'gh_48cc1f7b50f4',
    'fromusername' => 'olz_3vs_wBYBI9HbzFKDHrk-RqGk',
    'createtime' => '1589968877',
    'msgtype' => 'event',
    'event' => 'VIEW',
    'eventkey' => 'http://www.boyufengmao.com/app/index.php?i=14&c=entry&m=ewei_shopv2&do=mobile',
    'menuid' => '429180831',
    'from' => 'olz_3vs_wBYBI9HbzFKDHrk-RqGk',
    'to' => 'gh_48cc1f7b50f4',
    'time' => '1589968877',
    'type' => 'text',
    'content' => 'http://www.boyufengmao.com/app/index.php?i=14&c=entry&m=ewei_shopv2&do=mobile',
    'redirection' => true,
    'source' => 'VIEW',
  ),
)

2020-05-20 18:01:17 response :
------------

2020-05-20 18:03:30 trace :
------------
String:
<xml><ToUserName><![CDATA[gh_48cc1f7b50f4]]></ToUserName>
<FromUserName><![CDATA[olz_3vs_wBYBI9HbzFKDHrk-RqGk]]></FromUserName>
<CreateTime>1589969010</CreateTime>
<MsgType><![CDATA[event]]></MsgType>
<Event><![CDATA[CLICK]]></Event>
<EventKey><![CDATA[地址]]></EventKey>
</xml>

2020-05-20 18:03:30 params :
------------
String:
array (
  'message' => 
  array (
    'tousername' => 'gh_48cc1f7b50f4',
    'fromusername' => 'olz_3vs_wBYBI9HbzFKDHrk-RqGk',
    'createtime' => '1589969010',
    'msgtype' => 'event',
    'event' => 'CLICK',
    'eventkey' => '地址',
    'from' => 'olz_3vs_wBYBI9HbzFKDHrk-RqGk',
    'to' => 'gh_48cc1f7b50f4',
    'time' => '1589969010',
    'type' => 'text',
    'content' => '地址',
    'redirection' => true,
    'source' => 'click',
  ),
  'module' => 'reply',
  'rule' => '198',
  'priority' => '0',
  'keyword' => 
  array (
    'id' => '219',
    'rid' => '198',
    'uniacid' => '14',
    'module' => 'reply',
    'content' => '地址',
    'type' => '1',
    'displayorder' => '0',
    'status' => '1',
    'reply_type' => 
    array (
      0 => 'basic',
    ),
  ),
  'reply_type' => 
  array (
    0 => 'basic',
  ),
)

2020-05-20 18:03:30 response :
------------
Array:
FromUserName : gh_48cc1f7b50f4 ;
ToUserName : olz_3vs_wBYBI9HbzFKDHrk-RqGk ;
MsgType : text ;
Content : 地址：雁塔区雁塔西路26号（开心牧场清汤黄牛肉店） ;

2020-05-20 18:03:32 trace :
------------
String:
<xml><ToUserName><![CDATA[gh_48cc1f7b50f4]]></ToUserName>
<FromUserName><![CDATA[olz_3vs_wBYBI9HbzFKDHrk-RqGk]]></FromUserName>
<CreateTime>1589969012</CreateTime>
<MsgType><![CDATA[event]]></MsgType>
<Event><![CDATA[CLICK]]></Event>
<EventKey><![CDATA[电话]]></EventKey>
</xml>

2020-05-20 18:03:32 params :
------------
String:
array (
  'message' => 
  array (
    'tousername' => 'gh_48cc1f7b50f4',
    'fromusername' => 'olz_3vs_wBYBI9HbzFKDHrk-RqGk',
    'createtime' => '1589969012',
    'msgtype' => 'event',
    'event' => 'CLICK',
    'eventkey' => '电话',
    'from' => 'olz_3vs_wBYBI9HbzFKDHrk-RqGk',
    'to' => 'gh_48cc1f7b50f4',
    'time' => '1589969012',
    'type' => 'text',
    'content' => '电话',
    'redirection' => true,
    'source' => 'click',
  ),
  'module' => 'reply',
  'rule' => '197',
  'priority' => '0',
  'keyword' => 
  array (
    'id' => '218',
    'rid' => '197',
    'uniacid' => '14',
    'module' => 'reply',
    'content' => '电话',
    'type' => '1',
    'displayorder' => '0',
    'status' => '1',
    'reply_type' => 
    array (
      0 => 'basic',
    ),
  ),
  'reply_type' => 
  array (
    0 => 'basic',
  ),
)

2020-05-20 18:03:32 response :
------------
Array:
FromUserName : gh_48cc1f7b50f4 ;
ToUserName : olz_3vs_wBYBI9HbzFKDHrk-RqGk ;
MsgType : text ;
Content : 订餐电话：18966886181 ;

2020-05-20 18:03:34 trace :
------------
String:
<xml><ToUserName><![CDATA[gh_48cc1f7b50f4]]></ToUserName>
<FromUserName><![CDATA[olz_3vs_wBYBI9HbzFKDHrk-RqGk]]></FromUserName>
<CreateTime>1589969013</CreateTime>
<MsgType><![CDATA[event]]></MsgType>
<Event><![CDATA[VIEW]]></Event>
<EventKey><![CDATA[http://www.boyufengmao.com/app/index.php?i=14&c=entry&m=ewei_shopv2&do=mobile]]></EventKey>
<MenuId>429180831</MenuId>
</xml>

2020-05-20 18:03:34 params :
------------
String:
array (
  'rule' => -2,
  'module' => '',
  'message' => 
  array (
    'tousername' => 'gh_48cc1f7b50f4',
    'fromusername' => 'olz_3vs_wBYBI9HbzFKDHrk-RqGk',
    'createtime' => '1589969013',
    'msgtype' => 'event',
    'event' => 'VIEW',
    'eventkey' => 'http://www.boyufengmao.com/app/index.php?i=14&c=entry&m=ewei_shopv2&do=mobile',
    'menuid' => '429180831',
    'from' => 'olz_3vs_wBYBI9HbzFKDHrk-RqGk',
    'to' => 'gh_48cc1f7b50f4',
    'time' => '1589969013',
    'type' => 'text',
    'content' => 'http://www.boyufengmao.com/app/index.php?i=14&c=entry&m=ewei_shopv2&do=mobile',
    'redirection' => true,
    'source' => 'VIEW',
  ),
)

2020-05-20 18:03:34 response :
------------

2020-05-20 18:04:29 trace :
------------
String:
<xml><ToUserName><![CDATA[gh_48cc1f7b50f4]]></ToUserName>
<FromUserName><![CDATA[olz_3vs_wBYBI9HbzFKDHrk-RqGk]]></FromUserName>
<CreateTime>1589969069</CreateTime>
<MsgType><![CDATA[event]]></MsgType>
<Event><![CDATA[VIEW]]></Event>
<EventKey><![CDATA[http://www.boyufengmao.com/app/index.php?i=14&c=entry&m=ewei_shopv2&do=mobile]]></EventKey>
<MenuId>429180831</MenuId>
</xml>

2020-05-20 18:04:29 params :
------------
String:
array (
  'rule' => -2,
  'module' => '',
  'message' => 
  array (
    'tousername' => 'gh_48cc1f7b50f4',
    'fromusername' => 'olz_3vs_wBYBI9HbzFKDHrk-RqGk',
    'createtime' => '1589969069',
    'msgtype' => 'event',
    'event' => 'VIEW',
    'eventkey' => 'http://www.boyufengmao.com/app/index.php?i=14&c=entry&m=ewei_shopv2&do=mobile',
    'menuid' => '429180831',
    'from' => 'olz_3vs_wBYBI9HbzFKDHrk-RqGk',
    'to' => 'gh_48cc1f7b50f4',
    'time' => '1589969069',
    'type' => 'text',
    'content' => 'http://www.boyufengmao.com/app/index.php?i=14&c=entry&m=ewei_shopv2&do=mobile',
    'redirection' => true,
    'source' => 'VIEW',
  ),
)

2020-05-20 18:04:29 response :
------------

2020-05-20 18:05:04 trace :
------------
String:
<xml><ToUserName><![CDATA[gh_48cc1f7b50f4]]></ToUserName>
<FromUserName><![CDATA[olz_3vs_wBYBI9HbzFKDHrk-RqGk]]></FromUserName>
<CreateTime>1589969104</CreateTime>
<MsgType><![CDATA[event]]></MsgType>
<Event><![CDATA[VIEW]]></Event>
<EventKey><![CDATA[http://www.boyufengmao.com/app/index.php?i=14&c=entry&m=ewei_shopv2&do=mobile]]></EventKey>
<MenuId>429180831</MenuId>
</xml>

2020-05-20 18:05:04 params :
------------
String:
array (
  'rule' => -2,
  'module' => '',
  'message' => 
  array (
    'tousername' => 'gh_48cc1f7b50f4',
    'fromusername' => 'olz_3vs_wBYBI9HbzFKDHrk-RqGk',
    'createtime' => '1589969104',
    'msgtype' => 'event',
    'event' => 'VIEW',
    'eventkey' => 'http://www.boyufengmao.com/app/index.php?i=14&c=entry&m=ewei_shopv2&do=mobile',
    'menuid' => '429180831',
    'from' => 'olz_3vs_wBYBI9HbzFKDHrk-RqGk',
    'to' => 'gh_48cc1f7b50f4',
    'time' => '1589969104',
    'type' => 'text',
    'content' => 'http://www.boyufengmao.com/app/index.php?i=14&c=entry&m=ewei_shopv2&do=mobile',
    'redirection' => true,
    'source' => 'VIEW',
  ),
)

2020-05-20 18:05:04 response :
------------

2020-05-20 18:20:07 trace :
------------
String:
<xml><ToUserName><![CDATA[gh_f9b894563ef4]]></ToUserName>
<FromUserName><![CDATA[o5V8y1esgkfAtne7a01yauyVhJbQ]]></FromUserName>
<CreateTime>1589970007</CreateTime>
<MsgType><![CDATA[event]]></MsgType>
<Event><![CDATA[unsubscribe]]></Event>
<EventKey><![CDATA[]]></EventKey>
</xml>

2020-05-20 18:30:21 trace :
------------
String:
<xml><ToUserName><![CDATA[gh_f9b894563ef4]]></ToUserName>
<FromUserName><![CDATA[o5V8y1bvAy0-M2i-XsMGouBO4AFg]]></FromUserName>
<CreateTime>1589970620</CreateTime>
<MsgType><![CDATA[event]]></MsgType>
<Event><![CDATA[VIEW]]></Event>
<EventKey><![CDATA[http://www.boyufengmao.com/app/index.php?i=6&c=entry&m=ewei_shopv2&do=mobile]]></EventKey>
<MenuId>445261982</MenuId>
</xml>

2020-05-20 18:30:21 params :
------------
String:
array (
  'rule' => -2,
  'module' => '',
  'message' => 
  array (
    'tousername' => 'gh_f9b894563ef4',
    'fromusername' => 'o5V8y1bvAy0-M2i-XsMGouBO4AFg',
    'createtime' => '1589970620',
    'msgtype' => 'event',
    'event' => 'VIEW',
    'eventkey' => 'http://www.boyufengmao.com/app/index.php?i=6&c=entry&m=ewei_shopv2&do=mobile',
    'menuid' => '445261982',
    'from' => 'o5V8y1bvAy0-M2i-XsMGouBO4AFg',
    'to' => 'gh_f9b894563ef4',
    'time' => '1589970620',
    'type' => 'text',
    'content' => 'http://www.boyufengmao.com/app/index.php?i=6&c=entry&m=ewei_shopv2&do=mobile',
    'redirection' => true,
    'source' => 'VIEW',
  ),
)

2020-05-20 18:30:21 response :
------------

2020-05-20 18:38:57 trace :
------------
String:
<xml><ToUserName><![CDATA[gh_7b3d37846b75]]></ToUserName>
<FromUserName><![CDATA[oZ5PY1FQuy_MGr8re6K38_gLRVPc]]></FromUserName>
<CreateTime>1589971137</CreateTime>
<MsgType><![CDATA[event]]></MsgType>
<Event><![CDATA[VIEW]]></Event>
<EventKey><![CDATA[http://www.boyufengmao.com/app/index.php?i=7&c=entry&m=ewei_shopv2&do=mobile&r=diypage&id=30]]></EventKey>
<MenuId>516391862</MenuId>
</xml>

2020-05-20 18:38:57 params :
------------
String:
array (
  'rule' => -2,
  'module' => '',
  'message' => 
  array (
    'tousername' => 'gh_7b3d37846b75',
    'fromusername' => 'oZ5PY1FQuy_MGr8re6K38_gLRVPc',
    'createtime' => '1589971137',
    'msgtype' => 'event',
    'event' => 'VIEW',
    'eventkey' => 'http://www.boyufengmao.com/app/index.php?i=7&c=entry&m=ewei_shopv2&do=mobile&r=diypage&id=30',
    'menuid' => '516391862',
    'from' => 'oZ5PY1FQuy_MGr8re6K38_gLRVPc',
    'to' => 'gh_7b3d37846b75',
    'time' => '1589971137',
    'type' => 'text',
    'content' => 'http://www.boyufengmao.com/app/index.php?i=7&c=entry&m=ewei_shopv2&do=mobile&r=diypage&id=30',
    'redirection' => true,
    'source' => 'VIEW',
  ),
)

2020-05-20 18:38:57 response :
------------

2020-05-20 18:42:08 trace :
------------
String:
<xml><ToUserName><![CDATA[gh_8a7b6f3c4f59]]></ToUserName>
<FromUserName><![CDATA[oLJcswW54GlGzsexKp6KYefIy6-M]]></FromUserName>
<CreateTime>1589971328</CreateTime>
<MsgType><![CDATA[event]]></MsgType>
<Event><![CDATA[VIEW]]></Event>
<EventKey><![CDATA[http://www.boyufengmao.com/app/index.php?i=16&c=entry&m=ewei_shopv2&do=mobile]]></EventKey>
<MenuId>424557641</MenuId>
</xml>

2020-05-20 18:42:08 params :
------------
String:
array (
  'rule' => -2,
  'module' => '',
  'message' => 
  array (
    'tousername' => 'gh_8a7b6f3c4f59',
    'fromusername' => 'oLJcswW54GlGzsexKp6KYefIy6-M',
    'createtime' => '1589971328',
    'msgtype' => 'event',
    'event' => 'VIEW',
    'eventkey' => 'http://www.boyufengmao.com/app/index.php?i=16&c=entry&m=ewei_shopv2&do=mobile',
    'menuid' => '424557641',
    'from' => 'oLJcswW54GlGzsexKp6KYefIy6-M',
    'to' => 'gh_8a7b6f3c4f59',
    'time' => '1589971328',
    'type' => 'text',
    'content' => 'http://www.boyufengmao.com/app/index.php?i=16&c=entry&m=ewei_shopv2&do=mobile',
    'redirection' => true,
    'source' => 'VIEW',
  ),
)

2020-05-20 18:42:08 response :
------------

2020-05-20 18:43:03 trace :
------------
String:
<xml><ToUserName><![CDATA[gh_62bcc2f9639d]]></ToUserName>
<FromUserName><![CDATA[opjhUwO6YzGosxAka100RBWJl2Nw]]></FromUserName>
<CreateTime>1589971383</CreateTime>
<MsgType><![CDATA[event]]></MsgType>
<Event><![CDATA[VIEW]]></Event>
<EventKey><![CDATA[http://www.boyufengmao.com/app/index.php?i=10&c=entry&m=ewei_shopv2&do=mobile]]></EventKey>
<MenuId>432207807</MenuId>
</xml>

2020-05-20 18:43:03 params :
------------
String:
array (
  'rule' => -2,
  'module' => '',
  'message' => 
  array (
    'tousername' => 'gh_62bcc2f9639d',
    'fromusername' => 'opjhUwO6YzGosxAka100RBWJl2Nw',
    'createtime' => '1589971383',
    'msgtype' => 'event',
    'event' => 'VIEW',
    'eventkey' => 'http://www.boyufengmao.com/app/index.php?i=10&c=entry&m=ewei_shopv2&do=mobile',
    'menuid' => '432207807',
    'from' => 'opjhUwO6YzGosxAka100RBWJl2Nw',
    'to' => 'gh_62bcc2f9639d',
    'time' => '1589971383',
    'type' => 'text',
    'content' => 'http://www.boyufengmao.com/app/index.php?i=10&c=entry&m=ewei_shopv2&do=mobile',
    'redirection' => true,
    'source' => 'VIEW',
  ),
)

2020-05-20 18:43:03 response :
------------

2020-05-20 18:43:50 trace :
------------
String:
<xml><ToUserName><![CDATA[gh_62bcc2f9639d]]></ToUserName>
<FromUserName><![CDATA[opjhUwJ3HSznq3F2io8LteiH2B18]]></FromUserName>
<CreateTime>1589971430</CreateTime>
<MsgType><![CDATA[event]]></MsgType>
<Event><![CDATA[VIEW]]></Event>
<EventKey><![CDATA[http://www.boyufengmao.com/app/index.php?i=10&c=entry&m=ewei_shopv2&do=mobile]]></EventKey>
<MenuId>432207807</MenuId>
</xml>

2020-05-20 18:43:50 params :
------------
String:
array (
  'rule' => -2,
  'module' => '',
  'message' => 
  array (
    'tousername' => 'gh_62bcc2f9639d',
    'fromusername' => 'opjhUwJ3HSznq3F2io8LteiH2B18',
    'createtime' => '1589971430',
    'msgtype' => 'event',
    'event' => 'VIEW',
    'eventkey' => 'http://www.boyufengmao.com/app/index.php?i=10&c=entry&m=ewei_shopv2&do=mobile',
    'menuid' => '432207807',
    'from' => 'opjhUwJ3HSznq3F2io8LteiH2B18',
    'to' => 'gh_62bcc2f9639d',
    'time' => '1589971430',
    'type' => 'text',
    'content' => 'http://www.boyufengmao.com/app/index.php?i=10&c=entry&m=ewei_shopv2&do=mobile',
    'redirection' => true,
    'source' => 'VIEW',
  ),
)

2020-05-20 18:43:50 response :
------------

2020-05-20 18:52:41 trace :
------------
String:
<xml><ToUserName><![CDATA[gh_f9b894563ef4]]></ToUserName>
<FromUserName><![CDATA[o5V8y1QeMUR-ZbTVFylKd2WSuPJU]]></FromUserName>
<CreateTime>1589971961</CreateTime>
<MsgType><![CDATA[event]]></MsgType>
<Event><![CDATA[VIEW]]></Event>
<EventKey><![CDATA[http://www.boyufengmao.com/app/index.php?i=6&c=entry&m=ewei_shopv2&do=mobile&r=diypage&id=35]]></EventKey>
<MenuId>445261982</MenuId>
</xml>

2020-05-20 18:52:41 params :
------------
String:
array (
  'rule' => -2,
  'module' => '',
  'message' => 
  array (
    'tousername' => 'gh_f9b894563ef4',
    'fromusername' => 'o5V8y1QeMUR-ZbTVFylKd2WSuPJU',
    'createtime' => '1589971961',
    'msgtype' => 'event',
    'event' => 'VIEW',
    'eventkey' => 'http://www.boyufengmao.com/app/index.php?i=6&c=entry&m=ewei_shopv2&do=mobile&r=diypage&id=35',
    'menuid' => '445261982',
    'from' => 'o5V8y1QeMUR-ZbTVFylKd2WSuPJU',
    'to' => 'gh_f9b894563ef4',
    'time' => '1589971961',
    'type' => 'text',
    'content' => 'http://www.boyufengmao.com/app/index.php?i=6&c=entry&m=ewei_shopv2&do=mobile&r=diypage&id=35',
    'redirection' => true,
    'source' => 'VIEW',
  ),
)

2020-05-20 18:52:41 response :
------------

2020-05-20 18:58:08 trace :
------------
String:
<xml><ToUserName><![CDATA[gh_f9b894563ef4]]></ToUserName>
<FromUserName><![CDATA[o5V8y1X-gihb5rdQE9PKHYKT-o5g]]></FromUserName>
<CreateTime>1589972288</CreateTime>
<MsgType><![CDATA[event]]></MsgType>
<Event><![CDATA[VIEW]]></Event>
<EventKey><![CDATA[http://www.boyufengmao.com/app/index.php?i=6&c=entry&m=ewei_shopv2&do=mobile&r=diypage&id=35]]></EventKey>
<MenuId>445261982</MenuId>
</xml>

2020-05-20 18:58:08 params :
------------
String:
array (
  'rule' => -2,
  'module' => '',
  'message' => 
  array (
    'tousername' => 'gh_f9b894563ef4',
    'fromusername' => 'o5V8y1X-gihb5rdQE9PKHYKT-o5g',
    'createtime' => '1589972288',
    'msgtype' => 'event',
    'event' => 'VIEW',
    'eventkey' => 'http://www.boyufengmao.com/app/index.php?i=6&c=entry&m=ewei_shopv2&do=mobile&r=diypage&id=35',
    'menuid' => '445261982',
    'from' => 'o5V8y1X-gihb5rdQE9PKHYKT-o5g',
    'to' => 'gh_f9b894563ef4',
    'time' => '1589972288',
    'type' => 'text',
    'content' => 'http://www.boyufengmao.com/app/index.php?i=6&c=entry&m=ewei_shopv2&do=mobile&r=diypage&id=35',
    'redirection' => true,
    'source' => 'VIEW',
  ),
)

2020-05-20 18:58:08 response :
------------

2020-05-20 19:09:31 trace :
------------
String:
<xml><ToUserName><![CDATA[gh_f9b894563ef4]]></ToUserName>
<FromUserName><![CDATA[o5V8y1duggKICkILRbnlWqD5ECDQ]]></FromUserName>
<CreateTime>1589972971</CreateTime>
<MsgType><![CDATA[event]]></MsgType>
<Event><![CDATA[VIEW]]></Event>
<EventKey><![CDATA[http://www.boyufengmao.com/app/index.php?i=6&c=entry&m=ewei_shopv2&do=mobile]]></EventKey>
<MenuId>445261982</MenuId>
</xml>

2020-05-20 19:09:31 params :
------------
String:
array (
  'rule' => -2,
  'module' => '',
  'message' => 
  array (
    'tousername' => 'gh_f9b894563ef4',
    'fromusername' => 'o5V8y1duggKICkILRbnlWqD5ECDQ',
    'createtime' => '1589972971',
    'msgtype' => 'event',
    'event' => 'VIEW',
    'eventkey' => 'http://www.boyufengmao.com/app/index.php?i=6&c=entry&m=ewei_shopv2&do=mobile',
    'menuid' => '445261982',
    'from' => 'o5V8y1duggKICkILRbnlWqD5ECDQ',
    'to' => 'gh_f9b894563ef4',
    'time' => '1589972971',
    'type' => 'text',
    'content' => 'http://www.boyufengmao.com/app/index.php?i=6&c=entry&m=ewei_shopv2&do=mobile',
    'redirection' => true,
    'source' => 'VIEW',
  ),
)

2020-05-20 19:09:31 response :
------------

2020-05-20 19:11:41 trace :
------------
String:
<xml><ToUserName><![CDATA[gh_62bcc2f9639d]]></ToUserName>
<FromUserName><![CDATA[opjhUwJ3HSznq3F2io8LteiH2B18]]></FromUserName>
<CreateTime>1589973100</CreateTime>
<MsgType><![CDATA[event]]></MsgType>
<Event><![CDATA[VIEW]]></Event>
<EventKey><![CDATA[http://www.boyufengmao.com/app/index.php?i=10&c=entry&m=ewei_shopv2&do=mobile]]></EventKey>
<MenuId>432207807</MenuId>
</xml>

2020-05-20 19:11:41 params :
------------
String:
array (
  'rule' => -2,
  'module' => '',
  'message' => 
  array (
    'tousername' => 'gh_62bcc2f9639d',
    'fromusername' => 'opjhUwJ3HSznq3F2io8LteiH2B18',
    'createtime' => '1589973100',
    'msgtype' => 'event',
    'event' => 'VIEW',
    'eventkey' => 'http://www.boyufengmao.com/app/index.php?i=10&c=entry&m=ewei_shopv2&do=mobile',
    'menuid' => '432207807',
    'from' => 'opjhUwJ3HSznq3F2io8LteiH2B18',
    'to' => 'gh_62bcc2f9639d',
    'time' => '1589973100',
    'type' => 'text',
    'content' => 'http://www.boyufengmao.com/app/index.php?i=10&c=entry&m=ewei_shopv2&do=mobile',
    'redirection' => true,
    'source' => 'VIEW',
  ),
)

2020-05-20 19:11:41 response :
------------

2020-05-20 19:14:04 trace :
------------
String:
<xml><ToUserName><![CDATA[gh_f9b894563ef4]]></ToUserName>
<FromUserName><![CDATA[o5V8y1Zbyw3VrA-E2nmkMozFrcHE]]></FromUserName>
<CreateTime>1589973244</CreateTime>
<MsgType><![CDATA[event]]></MsgType>
<Event><![CDATA[VIEW]]></Event>
<EventKey><![CDATA[http://www.boyufengmao.com/app/index.php?i=6&c=entry&m=ewei_shopv2&do=mobile&r=diypage&id=35]]></EventKey>
<MenuId>445261982</MenuId>
</xml>

2020-05-20 19:14:04 params :
------------
String:
array (
  'rule' => -2,
  'module' => '',
  'message' => 
  array (
    'tousername' => 'gh_f9b894563ef4',
    'fromusername' => 'o5V8y1Zbyw3VrA-E2nmkMozFrcHE',
    'createtime' => '1589973244',
    'msgtype' => 'event',
    'event' => 'VIEW',
    'eventkey' => 'http://www.boyufengmao.com/app/index.php?i=6&c=entry&m=ewei_shopv2&do=mobile&r=diypage&id=35',
    'menuid' => '445261982',
    'from' => 'o5V8y1Zbyw3VrA-E2nmkMozFrcHE',
    'to' => 'gh_f9b894563ef4',
    'time' => '1589973244',
    'type' => 'text',
    'content' => 'http://www.boyufengmao.com/app/index.php?i=6&c=entry&m=ewei_shopv2&do=mobile&r=diypage&id=35',
    'redirection' => true,
    'source' => 'VIEW',
  ),
)

2020-05-20 19:14:04 response :
------------

2020-05-20 19:14:56 trace :
------------
String:
<xml><ToUserName><![CDATA[gh_62bcc2f9639d]]></ToUserName>
<FromUserName><![CDATA[opjhUwJ3HSznq3F2io8LteiH2B18]]></FromUserName>
<CreateTime>1589973296</CreateTime>
<MsgType><![CDATA[event]]></MsgType>
<Event><![CDATA[VIEW]]></Event>
<EventKey><![CDATA[http://www.boyufengmao.com/app/index.php?i=10&c=entry&m=ewei_shopv2&do=mobile]]></EventKey>
<MenuId>432207807</MenuId>
</xml>

2020-05-20 19:14:56 params :
------------
String:
array (
  'rule' => -2,
  'module' => '',
  'message' => 
  array (
    'tousername' => 'gh_62bcc2f9639d',
    'fromusername' => 'opjhUwJ3HSznq3F2io8LteiH2B18',
    'createtime' => '1589973296',
    'msgtype' => 'event',
    'event' => 'VIEW',
    'eventkey' => 'http://www.boyufengmao.com/app/index.php?i=10&c=entry&m=ewei_shopv2&do=mobile',
    'menuid' => '432207807',
    'from' => 'opjhUwJ3HSznq3F2io8LteiH2B18',
    'to' => 'gh_62bcc2f9639d',
    'time' => '1589973296',
    'type' => 'text',
    'content' => 'http://www.boyufengmao.com/app/index.php?i=10&c=entry&m=ewei_shopv2&do=mobile',
    'redirection' => true,
    'source' => 'VIEW',
  ),
)

2020-05-20 19:14:56 response :
------------

2020-05-20 19:15:35 trace :
------------
String:
<xml><ToUserName><![CDATA[gh_62bcc2f9639d]]></ToUserName>
<FromUserName><![CDATA[opjhUwJ3HSznq3F2io8LteiH2B18]]></FromUserName>
<CreateTime>1589973335</CreateTime>
<MsgType><![CDATA[event]]></MsgType>
<Event><![CDATA[VIEW]]></Event>
<EventKey><![CDATA[http://www.boyufengmao.com/app/index.php?i=10&c=entry&m=ewei_shopv2&do=mobile]]></EventKey>
<MenuId>432207807</MenuId>
</xml>

2020-05-20 19:15:35 params :
------------
String:
array (
  'rule' => -2,
  'module' => '',
  'message' => 
  array (
    'tousername' => 'gh_62bcc2f9639d',
    'fromusername' => 'opjhUwJ3HSznq3F2io8LteiH2B18',
    'createtime' => '1589973335',
    'msgtype' => 'event',
    'event' => 'VIEW',
    'eventkey' => 'http://www.boyufengmao.com/app/index.php?i=10&c=entry&m=ewei_shopv2&do=mobile',
    'menuid' => '432207807',
    'from' => 'opjhUwJ3HSznq3F2io8LteiH2B18',
    'to' => 'gh_62bcc2f9639d',
    'time' => '1589973335',
    'type' => 'text',
    'content' => 'http://www.boyufengmao.com/app/index.php?i=10&c=entry&m=ewei_shopv2&do=mobile',
    'redirection' => true,
    'source' => 'VIEW',
  ),
)

2020-05-20 19:15:35 response :
------------

2020-05-20 19:25:23 trace :
------------
String:
<xml><ToUserName><![CDATA[gh_62bcc2f9639d]]></ToUserName>
<FromUserName><![CDATA[opjhUwJ3HSznq3F2io8LteiH2B18]]></FromUserName>
<CreateTime>1589973923</CreateTime>
<MsgType><![CDATA[event]]></MsgType>
<Event><![CDATA[VIEW]]></Event>
<EventKey><![CDATA[http://www.boyufengmao.com/app/index.php?i=10&c=entry&m=ewei_shopv2&do=mobile]]></EventKey>
<MenuId>432207807</MenuId>
</xml>

2020-05-20 19:25:23 params :
------------
String:
array (
  'rule' => -2,
  'module' => '',
  'message' => 
  array (
    'tousername' => 'gh_62bcc2f9639d',
    'fromusername' => 'opjhUwJ3HSznq3F2io8LteiH2B18',
    'createtime' => '1589973923',
    'msgtype' => 'event',
    'event' => 'VIEW',
    'eventkey' => 'http://www.boyufengmao.com/app/index.php?i=10&c=entry&m=ewei_shopv2&do=mobile',
    'menuid' => '432207807',
    'from' => 'opjhUwJ3HSznq3F2io8LteiH2B18',
    'to' => 'gh_62bcc2f9639d',
    'time' => '1589973923',
    'type' => 'text',
    'content' => 'http://www.boyufengmao.com/app/index.php?i=10&c=entry&m=ewei_shopv2&do=mobile',
    'redirection' => true,
    'source' => 'VIEW',
  ),
)

2020-05-20 19:25:23 response :
------------

2020-05-20 19:25:36 trace :
------------
String:
<xml><ToUserName><![CDATA[gh_62bcc2f9639d]]></ToUserName>
<FromUserName><![CDATA[opjhUwJ3HSznq3F2io8LteiH2B18]]></FromUserName>
<CreateTime>1589973936</CreateTime>
<MsgType><![CDATA[event]]></MsgType>
<Event><![CDATA[unsubscribe]]></Event>
<EventKey><![CDATA[]]></EventKey>
</xml>

2020-05-20 19:51:33 trace :
------------
String:
<xml><ToUserName><![CDATA[gh_f9b894563ef4]]></ToUserName>
<FromUserName><![CDATA[o5V8y1eyTQ_wAAe9BBa8PRT8VlIc]]></FromUserName>
<CreateTime>1589975493</CreateTime>
<MsgType><![CDATA[event]]></MsgType>
<Event><![CDATA[VIEW]]></Event>
<EventKey><![CDATA[http://www.boyufengmao.com/app/index.php?i=6&c=entry&m=ewei_shopv2&do=mobile&r=diypage&id=35]]></EventKey>
<MenuId>445261982</MenuId>
</xml>

2020-05-20 19:51:33 params :
------------
String:
array (
  'rule' => -2,
  'module' => '',
  'message' => 
  array (
    'tousername' => 'gh_f9b894563ef4',
    'fromusername' => 'o5V8y1eyTQ_wAAe9BBa8PRT8VlIc',
    'createtime' => '1589975493',
    'msgtype' => 'event',
    'event' => 'VIEW',
    'eventkey' => 'http://www.boyufengmao.com/app/index.php?i=6&c=entry&m=ewei_shopv2&do=mobile&r=diypage&id=35',
    'menuid' => '445261982',
    'from' => 'o5V8y1eyTQ_wAAe9BBa8PRT8VlIc',
    'to' => 'gh_f9b894563ef4',
    'time' => '1589975493',
    'type' => 'text',
    'content' => 'http://www.boyufengmao.com/app/index.php?i=6&c=entry&m=ewei_shopv2&do=mobile&r=diypage&id=35',
    'redirection' => true,
    'source' => 'VIEW',
  ),
)

2020-05-20 19:51:33 response :
------------

2020-05-20 19:53:09 trace :
------------
String:
<xml><ToUserName><![CDATA[gh_f9b894563ef4]]></ToUserName>
<FromUserName><![CDATA[o5V8y1eyTQ_wAAe9BBa8PRT8VlIc]]></FromUserName>
<CreateTime>1589975588</CreateTime>
<MsgType><![CDATA[event]]></MsgType>
<Event><![CDATA[VIEW]]></Event>
<EventKey><![CDATA[http://www.boyufengmao.com/app/index.php?i=6&c=entry&m=ewei_shopv2&do=mobile&r=diypage&id=35]]></EventKey>
<MenuId>445261982</MenuId>
</xml>

2020-05-20 19:53:09 params :
------------
String:
array (
  'rule' => -2,
  'module' => '',
  'message' => 
  array (
    'tousername' => 'gh_f9b894563ef4',
    'fromusername' => 'o5V8y1eyTQ_wAAe9BBa8PRT8VlIc',
    'createtime' => '1589975588',
    'msgtype' => 'event',
    'event' => 'VIEW',
    'eventkey' => 'http://www.boyufengmao.com/app/index.php?i=6&c=entry&m=ewei_shopv2&do=mobile&r=diypage&id=35',
    'menuid' => '445261982',
    'from' => 'o5V8y1eyTQ_wAAe9BBa8PRT8VlIc',
    'to' => 'gh_f9b894563ef4',
    'time' => '1589975588',
    'type' => 'text',
    'content' => 'http://www.boyufengmao.com/app/index.php?i=6&c=entry&m=ewei_shopv2&do=mobile&r=diypage&id=35',
    'redirection' => true,
    'source' => 'VIEW',
  ),
)

2020-05-20 19:53:09 response :
------------

2020-05-20 19:54:24 trace :
------------
String:
<xml><ToUserName><![CDATA[gh_62bcc2f9639d]]></ToUserName>
<FromUserName><![CDATA[opjhUwCSyCdq76aaNa7TaxqYuOB4]]></FromUserName>
<CreateTime>1589975664</CreateTime>
<MsgType><![CDATA[event]]></MsgType>
<Event><![CDATA[subscribe]]></Event>
<EventKey><![CDATA[]]></EventKey>
</xml>

2020-05-20 19:54:24 params :
------------
String:
array (
  'rule' => -2,
  'module' => '',
  'message' => 
  array (
    'tousername' => 'gh_62bcc2f9639d',
    'fromusername' => 'opjhUwCSyCdq76aaNa7TaxqYuOB4',
    'createtime' => '1589975664',
    'msgtype' => 'event',
    'event' => 'subscribe',
    'eventkey' => '',
    'from' => 'opjhUwCSyCdq76aaNa7TaxqYuOB4',
    'to' => 'gh_62bcc2f9639d',
    'time' => '1589975664',
    'type' => 'text',
    'redirection' => true,
    'source' => 'subscribe',
  ),
)

2020-05-20 19:54:24 response :
------------

2020-05-20 19:54:32 trace :
------------
String:
<xml><ToUserName><![CDATA[gh_62bcc2f9639d]]></ToUserName>
<FromUserName><![CDATA[opjhUwCSyCdq76aaNa7TaxqYuOB4]]></FromUserName>
<CreateTime>1589975672</CreateTime>
<MsgType><![CDATA[event]]></MsgType>
<Event><![CDATA[VIEW]]></Event>
<EventKey><![CDATA[http://www.boyufengmao.com/app/index.php?i=10&c=entry&m=ewei_shopv2&do=mobile]]></EventKey>
<MenuId>432207807</MenuId>
</xml>

2020-05-20 19:54:32 params :
------------
String:
array (
  'rule' => -2,
  'module' => '',
  'message' => 
  array (
    'tousername' => 'gh_62bcc2f9639d',
    'fromusername' => 'opjhUwCSyCdq76aaNa7TaxqYuOB4',
    'createtime' => '1589975672',
    'msgtype' => 'event',
    'event' => 'VIEW',
    'eventkey' => 'http://www.boyufengmao.com/app/index.php?i=10&c=entry&m=ewei_shopv2&do=mobile',
    'menuid' => '432207807',
    'from' => 'opjhUwCSyCdq76aaNa7TaxqYuOB4',
    'to' => 'gh_62bcc2f9639d',
    'time' => '1589975672',
    'type' => 'text',
    'content' => 'http://www.boyufengmao.com/app/index.php?i=10&c=entry&m=ewei_shopv2&do=mobile',
    'redirection' => true,
    'source' => 'VIEW',
  ),
)

2020-05-20 19:54:32 response :
------------

2020-05-20 19:55:51 trace :
------------
String:
<xml><ToUserName><![CDATA[gh_62bcc2f9639d]]></ToUserName>
<FromUserName><![CDATA[opjhUwCSyCdq76aaNa7TaxqYuOB4]]></FromUserName>
<CreateTime>1589975750</CreateTime>
<MsgType><![CDATA[event]]></MsgType>
<Event><![CDATA[VIEW]]></Event>
<EventKey><![CDATA[http://www.boyufengmao.com/app/index.php?i=10&c=entry&m=ewei_shopv2&do=mobile&r=member]]></EventKey>
<MenuId>432207807</MenuId>
</xml>

2020-05-20 19:55:51 params :
------------
String:
array (
  'rule' => -2,
  'module' => '',
  'message' => 
  array (
    'tousername' => 'gh_62bcc2f9639d',
    'fromusername' => 'opjhUwCSyCdq76aaNa7TaxqYuOB4',
    'createtime' => '1589975750',
    'msgtype' => 'event',
    'event' => 'VIEW',
    'eventkey' => 'http://www.boyufengmao.com/app/index.php?i=10&c=entry&m=ewei_shopv2&do=mobile&r=member',
    'menuid' => '432207807',
    'from' => 'opjhUwCSyCdq76aaNa7TaxqYuOB4',
    'to' => 'gh_62bcc2f9639d',
    'time' => '1589975750',
    'type' => 'text',
    'content' => 'http://www.boyufengmao.com/app/index.php?i=10&c=entry&m=ewei_shopv2&do=mobile&r=member',
    'redirection' => true,
    'source' => 'VIEW',
  ),
)

2020-05-20 19:55:51 response :
------------

2020-05-20 19:55:55 trace :
------------
String:
<xml><ToUserName><![CDATA[gh_62bcc2f9639d]]></ToUserName>
<FromUserName><![CDATA[opjhUwCSyCdq76aaNa7TaxqYuOB4]]></FromUserName>
<CreateTime>1589975755</CreateTime>
<MsgType><![CDATA[event]]></MsgType>
<Event><![CDATA[CLICK]]></Event>
<EventKey><![CDATA[电话]]></EventKey>
</xml>

2020-05-20 19:55:55 params :
------------
String:
array (
  'message' => 
  array (
    'tousername' => 'gh_62bcc2f9639d',
    'fromusername' => 'opjhUwCSyCdq76aaNa7TaxqYuOB4',
    'createtime' => '1589975755',
    'msgtype' => 'event',
    'event' => 'CLICK',
    'eventkey' => '电话',
    'from' => 'opjhUwCSyCdq76aaNa7TaxqYuOB4',
    'to' => 'gh_62bcc2f9639d',
    'time' => '1589975755',
    'type' => 'text',
    'content' => '电话',
    'redirection' => true,
    'source' => 'click',
  ),
  'module' => 'reply',
  'rule' => '134',
  'priority' => '0',
  'keyword' => 
  array (
    'id' => '155',
    'rid' => '134',
    'uniacid' => '10',
    'module' => 'reply',
    'content' => '电话',
    'type' => '1',
    'displayorder' => '0',
    'status' => '1',
    'reply_type' => 
    array (
      0 => 'basic',
    ),
  ),
  'reply_type' => 
  array (
    0 => 'basic',
  ),
)

2020-05-20 19:55:55 response :
------------
Array:
FromUserName : gh_62bcc2f9639d ;
ToUserName : opjhUwCSyCdq76aaNa7TaxqYuOB4 ;
MsgType : text ;
Content : 订餐电话：17711088890 ;

2020-05-20 20:08:19 trace :
------------
String:
<xml><ToUserName><![CDATA[gh_f9b894563ef4]]></ToUserName>
<FromUserName><![CDATA[o5V8y1Ti1GFKGLUSClJUS9PKCIbA]]></FromUserName>
<CreateTime>1589976499</CreateTime>
<MsgType><![CDATA[event]]></MsgType>
<Event><![CDATA[subscribe]]></Event>
<EventKey><![CDATA[]]></EventKey>
</xml>

2020-05-20 20:08:19 params :
------------
String:
array (
  'rule' => -2,
  'module' => '',
  'message' => 
  array (
    'tousername' => 'gh_f9b894563ef4',
    'fromusername' => 'o5V8y1Ti1GFKGLUSClJUS9PKCIbA',
    'createtime' => '1589976499',
    'msgtype' => 'event',
    'event' => 'subscribe',
    'eventkey' => '',
    'from' => 'o5V8y1Ti1GFKGLUSClJUS9PKCIbA',
    'to' => 'gh_f9b894563ef4',
    'time' => '1589976499',
    'type' => 'text',
    'redirection' => true,
    'source' => 'subscribe',
  ),
)

2020-05-20 20:08:19 response :
------------

2020-05-20 20:08:21 trace :
------------
String:
<xml><ToUserName><![CDATA[gh_f9b894563ef4]]></ToUserName>
<FromUserName><![CDATA[o5V8y1Ti1GFKGLUSClJUS9PKCIbA]]></FromUserName>
<CreateTime>1589976501</CreateTime>
<MsgType><![CDATA[event]]></MsgType>
<Event><![CDATA[VIEW]]></Event>
<EventKey><![CDATA[http://www.boyufengmao.com/app/index.php?i=6&c=entry&m=ewei_shopv2&do=mobile&r=diypage&id=35]]></EventKey>
<MenuId>445261982</MenuId>
</xml>

2020-05-20 20:08:21 params :
------------
String:
array (
  'rule' => -2,
  'module' => '',
  'message' => 
  array (
    'tousername' => 'gh_f9b894563ef4',
    'fromusername' => 'o5V8y1Ti1GFKGLUSClJUS9PKCIbA',
    'createtime' => '1589976501',
    'msgtype' => 'event',
    'event' => 'VIEW',
    'eventkey' => 'http://www.boyufengmao.com/app/index.php?i=6&c=entry&m=ewei_shopv2&do=mobile&r=diypage&id=35',
    'menuid' => '445261982',
    'from' => 'o5V8y1Ti1GFKGLUSClJUS9PKCIbA',
    'to' => 'gh_f9b894563ef4',
    'time' => '1589976501',
    'type' => 'text',
    'content' => 'http://www.boyufengmao.com/app/index.php?i=6&c=entry&m=ewei_shopv2&do=mobile&r=diypage&id=35',
    'redirection' => true,
    'source' => 'VIEW',
  ),
)

2020-05-20 20:08:21 response :
------------

2020-05-20 20:16:22 trace :
------------
String:
<xml><ToUserName><![CDATA[gh_f9b894563ef4]]></ToUserName>
<FromUserName><![CDATA[o5V8y1TB7IJlIV8IpXb03vqdr7cE]]></FromUserName>
<CreateTime>1589976981</CreateTime>
<MsgType><![CDATA[event]]></MsgType>
<Event><![CDATA[subscribe]]></Event>
<EventKey><![CDATA[]]></EventKey>
</xml>

2020-05-20 20:16:22 params :
------------
String:
array (
  'rule' => -2,
  'module' => '',
  'message' => 
  array (
    'tousername' => 'gh_f9b894563ef4',
    'fromusername' => 'o5V8y1TB7IJlIV8IpXb03vqdr7cE',
    'createtime' => '1589976981',
    'msgtype' => 'event',
    'event' => 'subscribe',
    'eventkey' => '',
    'from' => 'o5V8y1TB7IJlIV8IpXb03vqdr7cE',
    'to' => 'gh_f9b894563ef4',
    'time' => '1589976981',
    'type' => 'text',
    'redirection' => true,
    'source' => 'subscribe',
  ),
)

2020-05-20 20:16:22 response :
------------

2020-05-20 20:24:21 trace :
------------
String:
<xml><ToUserName><![CDATA[gh_48cc1f7b50f4]]></ToUserName>
<FromUserName><![CDATA[olz_3vs_wBYBI9HbzFKDHrk-RqGk]]></FromUserName>
<CreateTime>1589977461</CreateTime>
<MsgType><![CDATA[event]]></MsgType>
<Event><![CDATA[VIEW]]></Event>
<EventKey><![CDATA[http://www.boyufengmao.com/app/index.php?i=14&c=entry&m=ewei_shopv2&do=mobile]]></EventKey>
<MenuId>429180831</MenuId>
</xml>

2020-05-20 20:24:21 params :
------------
String:
array (
  'rule' => -2,
  'module' => '',
  'message' => 
  array (
    'tousername' => 'gh_48cc1f7b50f4',
    'fromusername' => 'olz_3vs_wBYBI9HbzFKDHrk-RqGk',
    'createtime' => '1589977461',
    'msgtype' => 'event',
    'event' => 'VIEW',
    'eventkey' => 'http://www.boyufengmao.com/app/index.php?i=14&c=entry&m=ewei_shopv2&do=mobile',
    'menuid' => '429180831',
    'from' => 'olz_3vs_wBYBI9HbzFKDHrk-RqGk',
    'to' => 'gh_48cc1f7b50f4',
    'time' => '1589977461',
    'type' => 'text',
    'content' => 'http://www.boyufengmao.com/app/index.php?i=14&c=entry&m=ewei_shopv2&do=mobile',
    'redirection' => true,
    'source' => 'VIEW',
  ),
)

2020-05-20 20:24:21 response :
------------

2020-05-20 20:35:26 trace :
------------
String:
<xml><ToUserName><![CDATA[gh_f9b894563ef4]]></ToUserName>
<FromUserName><![CDATA[o5V8y1Rt6sE2j_wszSH6UZAfhvpU]]></FromUserName>
<CreateTime>1589978126</CreateTime>
<MsgType><![CDATA[event]]></MsgType>
<Event><![CDATA[VIEW]]></Event>
<EventKey><![CDATA[http://www.boyufengmao.com/app/index.php?i=6&c=entry&m=ewei_shopv2&do=mobile]]></EventKey>
<MenuId>445261982</MenuId>
</xml>

2020-05-20 20:35:26 params :
------------
String:
array (
  'rule' => -2,
  'module' => '',
  'message' => 
  array (
    'tousername' => 'gh_f9b894563ef4',
    'fromusername' => 'o5V8y1Rt6sE2j_wszSH6UZAfhvpU',
    'createtime' => '1589978126',
    'msgtype' => 'event',
    'event' => 'VIEW',
    'eventkey' => 'http://www.boyufengmao.com/app/index.php?i=6&c=entry&m=ewei_shopv2&do=mobile',
    'menuid' => '445261982',
    'from' => 'o5V8y1Rt6sE2j_wszSH6UZAfhvpU',
    'to' => 'gh_f9b894563ef4',
    'time' => '1589978126',
    'type' => 'text',
    'content' => 'http://www.boyufengmao.com/app/index.php?i=6&c=entry&m=ewei_shopv2&do=mobile',
    'redirection' => true,
    'source' => 'VIEW',
  ),
)

2020-05-20 20:35:26 response :
------------

2020-05-20 20:37:14 trace :
------------
String:
<xml><ToUserName><![CDATA[gh_f9b894563ef4]]></ToUserName>
<FromUserName><![CDATA[o5V8y1caWSu5ekuHO4dvzz1lzY5c]]></FromUserName>
<CreateTime>1589978233</CreateTime>
<MsgType><![CDATA[event]]></MsgType>
<Event><![CDATA[VIEW]]></Event>
<EventKey><![CDATA[http://www.boyufengmao.com/app/index.php?i=6&c=entry&m=ewei_shopv2&do=mobile]]></EventKey>
<MenuId>445261982</MenuId>
</xml>

2020-05-20 20:37:14 params :
------------
String:
array (
  'rule' => -2,
  'module' => '',
  'message' => 
  array (
    'tousername' => 'gh_f9b894563ef4',
    'fromusername' => 'o5V8y1caWSu5ekuHO4dvzz1lzY5c',
    'createtime' => '1589978233',
    'msgtype' => 'event',
    'event' => 'VIEW',
    'eventkey' => 'http://www.boyufengmao.com/app/index.php?i=6&c=entry&m=ewei_shopv2&do=mobile',
    'menuid' => '445261982',
    'from' => 'o5V8y1caWSu5ekuHO4dvzz1lzY5c',
    'to' => 'gh_f9b894563ef4',
    'time' => '1589978233',
    'type' => 'text',
    'content' => 'http://www.boyufengmao.com/app/index.php?i=6&c=entry&m=ewei_shopv2&do=mobile',
    'redirection' => true,
    'source' => 'VIEW',
  ),
)

2020-05-20 20:37:14 response :
------------

2020-05-20 20:37:21 trace :
------------
String:
<xml><ToUserName><![CDATA[gh_f9b894563ef4]]></ToUserName>
<FromUserName><![CDATA[o5V8y1caWSu5ekuHO4dvzz1lzY5c]]></FromUserName>
<CreateTime>1589978241</CreateTime>
<MsgType><![CDATA[event]]></MsgType>
<Event><![CDATA[VIEW]]></Event>
<EventKey><![CDATA[http://www.boyufengmao.com/app/index.php?i=6&c=entry&m=ewei_shopv2&do=mobile&r=diypage&id=35]]></EventKey>
<MenuId>445261982</MenuId>
</xml>

2020-05-20 20:37:21 params :
------------
String:
array (
  'rule' => -2,
  'module' => '',
  'message' => 
  array (
    'tousername' => 'gh_f9b894563ef4',
    'fromusername' => 'o5V8y1caWSu5ekuHO4dvzz1lzY5c',
    'createtime' => '1589978241',
    'msgtype' => 'event',
    'event' => 'VIEW',
    'eventkey' => 'http://www.boyufengmao.com/app/index.php?i=6&c=entry&m=ewei_shopv2&do=mobile&r=diypage&id=35',
    'menuid' => '445261982',
    'from' => 'o5V8y1caWSu5ekuHO4dvzz1lzY5c',
    'to' => 'gh_f9b894563ef4',
    'time' => '1589978241',
    'type' => 'text',
    'content' => 'http://www.boyufengmao.com/app/index.php?i=6&c=entry&m=ewei_shopv2&do=mobile&r=diypage&id=35',
    'redirection' => true,
    'source' => 'VIEW',
  ),
)

2020-05-20 20:37:21 response :
------------

2020-05-20 20:37:33 trace :
------------
String:
<xml><ToUserName><![CDATA[gh_f9b894563ef4]]></ToUserName>
<FromUserName><![CDATA[o5V8y1caWSu5ekuHO4dvzz1lzY5c]]></FromUserName>
<CreateTime>1589978253</CreateTime>
<MsgType><![CDATA[event]]></MsgType>
<Event><![CDATA[VIEW]]></Event>
<EventKey><![CDATA[http://www.boyufengmao.com/app/index.php?i=6&c=entry&m=ewei_shopv2&do=mobile]]></EventKey>
<MenuId>445261982</MenuId>
</xml>

2020-05-20 20:37:33 params :
------------
String:
array (
  'rule' => -2,
  'module' => '',
  'message' => 
  array (
    'tousername' => 'gh_f9b894563ef4',
    'fromusername' => 'o5V8y1caWSu5ekuHO4dvzz1lzY5c',
    'createtime' => '1589978253',
    'msgtype' => 'event',
    'event' => 'VIEW',
    'eventkey' => 'http://www.boyufengmao.com/app/index.php?i=6&c=entry&m=ewei_shopv2&do=mobile',
    'menuid' => '445261982',
    'from' => 'o5V8y1caWSu5ekuHO4dvzz1lzY5c',
    'to' => 'gh_f9b894563ef4',
    'time' => '1589978253',
    'type' => 'text',
    'content' => 'http://www.boyufengmao.com/app/index.php?i=6&c=entry&m=ewei_shopv2&do=mobile',
    'redirection' => true,
    'source' => 'VIEW',
  ),
)

2020-05-20 20:37:33 response :
------------

2020-05-20 20:37:44 trace :
------------
String:
<xml><ToUserName><![CDATA[gh_f9b894563ef4]]></ToUserName>
<FromUserName><![CDATA[o5V8y1caWSu5ekuHO4dvzz1lzY5c]]></FromUserName>
<CreateTime>1589978264</CreateTime>
<MsgType><![CDATA[event]]></MsgType>
<Event><![CDATA[VIEW]]></Event>
<EventKey><![CDATA[http://www.boyufengmao.com/app/index.php?i=6&c=entry&m=ewei_shopv2&do=mobile]]></EventKey>
<MenuId>445261982</MenuId>
</xml>

2020-05-20 20:37:44 params :
------------
String:
array (
  'rule' => -2,
  'module' => '',
  'message' => 
  array (
    'tousername' => 'gh_f9b894563ef4',
    'fromusername' => 'o5V8y1caWSu5ekuHO4dvzz1lzY5c',
    'createtime' => '1589978264',
    'msgtype' => 'event',
    'event' => 'VIEW',
    'eventkey' => 'http://www.boyufengmao.com/app/index.php?i=6&c=entry&m=ewei_shopv2&do=mobile',
    'menuid' => '445261982',
    'from' => 'o5V8y1caWSu5ekuHO4dvzz1lzY5c',
    'to' => 'gh_f9b894563ef4',
    'time' => '1589978264',
    'type' => 'text',
    'content' => 'http://www.boyufengmao.com/app/index.php?i=6&c=entry&m=ewei_shopv2&do=mobile',
    'redirection' => true,
    'source' => 'VIEW',
  ),
)

2020-05-20 20:37:44 response :
------------

2020-05-20 20:38:39 trace :
------------
String:
<xml><ToUserName><![CDATA[gh_f9b894563ef4]]></ToUserName>
<FromUserName><![CDATA[o5V8y1caWSu5ekuHO4dvzz1lzY5c]]></FromUserName>
<CreateTime>1589978319</CreateTime>
<MsgType><![CDATA[event]]></MsgType>
<Event><![CDATA[VIEW]]></Event>
<EventKey><![CDATA[http://www.boyufengmao.com/app/index.php?i=6&c=entry&m=ewei_shopv2&do=mobile]]></EventKey>
<MenuId>445261982</MenuId>
</xml>

2020-05-20 20:38:39 params :
------------
String:
array (
  'rule' => -2,
  'module' => '',
  'message' => 
  array (
    'tousername' => 'gh_f9b894563ef4',
    'fromusername' => 'o5V8y1caWSu5ekuHO4dvzz1lzY5c',
    'createtime' => '1589978319',
    'msgtype' => 'event',
    'event' => 'VIEW',
    'eventkey' => 'http://www.boyufengmao.com/app/index.php?i=6&c=entry&m=ewei_shopv2&do=mobile',
    'menuid' => '445261982',
    'from' => 'o5V8y1caWSu5ekuHO4dvzz1lzY5c',
    'to' => 'gh_f9b894563ef4',
    'time' => '1589978319',
    'type' => 'text',
    'content' => 'http://www.boyufengmao.com/app/index.php?i=6&c=entry&m=ewei_shopv2&do=mobile',
    'redirection' => true,
    'source' => 'VIEW',
  ),
)

2020-05-20 20:38:39 response :
------------

2020-05-20 20:39:19 trace :
------------
String:
<xml><ToUserName><![CDATA[gh_f9b894563ef4]]></ToUserName>
<FromUserName><![CDATA[o5V8y1cL7o-mhSErUug8fpdNZSjw]]></FromUserName>
<CreateTime>1589978359</CreateTime>
<MsgType><![CDATA[event]]></MsgType>
<Event><![CDATA[subscribe]]></Event>
<EventKey><![CDATA[]]></EventKey>
</xml>

2020-05-20 20:39:19 params :
------------
String:
array (
  'rule' => -2,
  'module' => '',
  'message' => 
  array (
    'tousername' => 'gh_f9b894563ef4',
    'fromusername' => 'o5V8y1cL7o-mhSErUug8fpdNZSjw',
    'createtime' => '1589978359',
    'msgtype' => 'event',
    'event' => 'subscribe',
    'eventkey' => '',
    'from' => 'o5V8y1cL7o-mhSErUug8fpdNZSjw',
    'to' => 'gh_f9b894563ef4',
    'time' => '1589978359',
    'type' => 'text',
    'redirection' => true,
    'source' => 'subscribe',
  ),
)

2020-05-20 20:39:19 response :
------------

2020-05-20 20:39:21 trace :
------------
String:
<xml><ToUserName><![CDATA[gh_f9b894563ef4]]></ToUserName>
<FromUserName><![CDATA[o5V8y1cL7o-mhSErUug8fpdNZSjw]]></FromUserName>
<CreateTime>1589978361</CreateTime>
<MsgType><![CDATA[event]]></MsgType>
<Event><![CDATA[VIEW]]></Event>
<EventKey><![CDATA[http://www.boyufengmao.com/app/index.php?i=6&c=entry&m=ewei_shopv2&do=mobile&r=diypage&id=35]]></EventKey>
<MenuId>445261982</MenuId>
</xml>

2020-05-20 20:39:21 params :
------------
String:
array (
  'rule' => -2,
  'module' => '',
  'message' => 
  array (
    'tousername' => 'gh_f9b894563ef4',
    'fromusername' => 'o5V8y1cL7o-mhSErUug8fpdNZSjw',
    'createtime' => '1589978361',
    'msgtype' => 'event',
    'event' => 'VIEW',
    'eventkey' => 'http://www.boyufengmao.com/app/index.php?i=6&c=entry&m=ewei_shopv2&do=mobile&r=diypage&id=35',
    'menuid' => '445261982',
    'from' => 'o5V8y1cL7o-mhSErUug8fpdNZSjw',
    'to' => 'gh_f9b894563ef4',
    'time' => '1589978361',
    'type' => 'text',
    'content' => 'http://www.boyufengmao.com/app/index.php?i=6&c=entry&m=ewei_shopv2&do=mobile&r=diypage&id=35',
    'redirection' => true,
    'source' => 'VIEW',
  ),
)

2020-05-20 20:39:21 response :
------------

2020-05-20 22:42:18 trace :
------------
String:
<xml><ToUserName><![CDATA[gh_f9b894563ef4]]></ToUserName>
<FromUserName><![CDATA[o5V8y1cqRj8uXJygagVnTOcGT0wo]]></FromUserName>
<CreateTime>1589985737</CreateTime>
<MsgType><![CDATA[event]]></MsgType>
<Event><![CDATA[subscribe]]></Event>
<EventKey><![CDATA[]]></EventKey>
</xml>

2020-05-20 22:42:18 params :
------------
String:
array (
  'rule' => -2,
  'module' => '',
  'message' => 
  array (
    'tousername' => 'gh_f9b894563ef4',
    'fromusername' => 'o5V8y1cqRj8uXJygagVnTOcGT0wo',
    'createtime' => '1589985737',
    'msgtype' => 'event',
    'event' => 'subscribe',
    'eventkey' => '',
    'from' => 'o5V8y1cqRj8uXJygagVnTOcGT0wo',
    'to' => 'gh_f9b894563ef4',
    'time' => '1589985737',
    'type' => 'text',
    'redirection' => true,
    'source' => 'subscribe',
  ),
)

2020-05-20 22:42:18 response :
------------

2020-05-20 22:42:21 trace :
------------
String:
<xml><ToUserName><![CDATA[gh_f9b894563ef4]]></ToUserName>
<FromUserName><![CDATA[o5V8y1cqRj8uXJygagVnTOcGT0wo]]></FromUserName>
<CreateTime>1589985741</CreateTime>
<MsgType><![CDATA[event]]></MsgType>
<Event><![CDATA[VIEW]]></Event>
<EventKey><![CDATA[http://www.boyufengmao.com/app/index.php?i=6&c=entry&m=ewei_shopv2&do=mobile&r=diypage&id=35]]></EventKey>
<MenuId>445261982</MenuId>
</xml>

2020-05-20 22:42:21 params :
------------
String:
array (
  'rule' => -2,
  'module' => '',
  'message' => 
  array (
    'tousername' => 'gh_f9b894563ef4',
    'fromusername' => 'o5V8y1cqRj8uXJygagVnTOcGT0wo',
    'createtime' => '1589985741',
    'msgtype' => 'event',
    'event' => 'VIEW',
    'eventkey' => 'http://www.boyufengmao.com/app/index.php?i=6&c=entry&m=ewei_shopv2&do=mobile&r=diypage&id=35',
    'menuid' => '445261982',
    'from' => 'o5V8y1cqRj8uXJygagVnTOcGT0wo',
    'to' => 'gh_f9b894563ef4',
    'time' => '1589985741',
    'type' => 'text',
    'content' => 'http://www.boyufengmao.com/app/index.php?i=6&c=entry&m=ewei_shopv2&do=mobile&r=diypage&id=35',
    'redirection' => true,
    'source' => 'VIEW',
  ),
)

2020-05-20 22:42:21 response :
------------

2020-05-20 22:43:07 trace :
------------
String:
<xml><ToUserName><![CDATA[gh_f9b894563ef4]]></ToUserName>
<FromUserName><![CDATA[o5V8y1eHXekGROHhWAfCN2UqHX2Y]]></FromUserName>
<CreateTime>1589985787</CreateTime>
<MsgType><![CDATA[event]]></MsgType>
<Event><![CDATA[subscribe]]></Event>
<EventKey><![CDATA[]]></EventKey>
</xml>

2020-05-20 22:43:07 params :
------------
String:
array (
  'rule' => -2,
  'module' => '',
  'message' => 
  array (
    'tousername' => 'gh_f9b894563ef4',
    'fromusername' => 'o5V8y1eHXekGROHhWAfCN2UqHX2Y',
    'createtime' => '1589985787',
    'msgtype' => 'event',
    'event' => 'subscribe',
    'eventkey' => '',
    'from' => 'o5V8y1eHXekGROHhWAfCN2UqHX2Y',
    'to' => 'gh_f9b894563ef4',
    'time' => '1589985787',
    'type' => 'text',
    'redirection' => true,
    'source' => 'subscribe',
  ),
)

2020-05-20 22:43:07 response :
------------

2020-05-20 22:43:09 trace :
------------
String:
<xml><ToUserName><![CDATA[gh_f9b894563ef4]]></ToUserName>
<FromUserName><![CDATA[o5V8y1eHXekGROHhWAfCN2UqHX2Y]]></FromUserName>
<CreateTime>1589985788</CreateTime>
<MsgType><![CDATA[event]]></MsgType>
<Event><![CDATA[VIEW]]></Event>
<EventKey><![CDATA[http://www.boyufengmao.com/app/index.php?i=6&c=entry&m=ewei_shopv2&do=mobile&r=diypage&id=35]]></EventKey>
<MenuId>445261982</MenuId>
</xml>

2020-05-20 22:43:09 params :
------------
String:
array (
  'rule' => -2,
  'module' => '',
  'message' => 
  array (
    'tousername' => 'gh_f9b894563ef4',
    'fromusername' => 'o5V8y1eHXekGROHhWAfCN2UqHX2Y',
    'createtime' => '1589985788',
    'msgtype' => 'event',
    'event' => 'VIEW',
    'eventkey' => 'http://www.boyufengmao.com/app/index.php?i=6&c=entry&m=ewei_shopv2&do=mobile&r=diypage&id=35',
    'menuid' => '445261982',
    'from' => 'o5V8y1eHXekGROHhWAfCN2UqHX2Y',
    'to' => 'gh_f9b894563ef4',
    'time' => '1589985788',
    'type' => 'text',
    'content' => 'http://www.boyufengmao.com/app/index.php?i=6&c=entry&m=ewei_shopv2&do=mobile&r=diypage&id=35',
    'redirection' => true,
    'source' => 'VIEW',
  ),
)

2020-05-20 22:43:09 response :
------------

2020-05-20 22:43:23 trace :
------------
String:
<xml><ToUserName><![CDATA[gh_f9b894563ef4]]></ToUserName>
<FromUserName><![CDATA[o5V8y1eHXekGROHhWAfCN2UqHX2Y]]></FromUserName>
<CreateTime>1589985803</CreateTime>
<MsgType><![CDATA[event]]></MsgType>
<Event><![CDATA[VIEW]]></Event>
<EventKey><![CDATA[http://www.boyufengmao.com/app/index.php?i=6&c=entry&m=ewei_shopv2&do=mobile&r=diypage&id=35]]></EventKey>
<MenuId>445261982</MenuId>
</xml>

2020-05-20 22:43:23 params :
------------
String:
array (
  'rule' => -2,
  'module' => '',
  'message' => 
  array (
    'tousername' => 'gh_f9b894563ef4',
    'fromusername' => 'o5V8y1eHXekGROHhWAfCN2UqHX2Y',
    'createtime' => '1589985803',
    'msgtype' => 'event',
    'event' => 'VIEW',
    'eventkey' => 'http://www.boyufengmao.com/app/index.php?i=6&c=entry&m=ewei_shopv2&do=mobile&r=diypage&id=35',
    'menuid' => '445261982',
    'from' => 'o5V8y1eHXekGROHhWAfCN2UqHX2Y',
    'to' => 'gh_f9b894563ef4',
    'time' => '1589985803',
    'type' => 'text',
    'content' => 'http://www.boyufengmao.com/app/index.php?i=6&c=entry&m=ewei_shopv2&do=mobile&r=diypage&id=35',
    'redirection' => true,
    'source' => 'VIEW',
  ),
)

2020-05-20 22:43:23 response :
------------

2020-05-20 22:45:44 trace :
------------
String:
<xml><ToUserName><![CDATA[gh_f9b894563ef4]]></ToUserName>
<FromUserName><![CDATA[o5V8y1azfsun9LnNAsh3FsllbAUs]]></FromUserName>
<CreateTime>1589985944</CreateTime>
<MsgType><![CDATA[event]]></MsgType>
<Event><![CDATA[subscribe]]></Event>
<EventKey><![CDATA[]]></EventKey>
</xml>

2020-05-20 22:45:44 params :
------------
String:
array (
  'rule' => -2,
  'module' => '',
  'message' => 
  array (
    'tousername' => 'gh_f9b894563ef4',
    'fromusername' => 'o5V8y1azfsun9LnNAsh3FsllbAUs',
    'createtime' => '1589985944',
    'msgtype' => 'event',
    'event' => 'subscribe',
    'eventkey' => '',
    'from' => 'o5V8y1azfsun9LnNAsh3FsllbAUs',
    'to' => 'gh_f9b894563ef4',
    'time' => '1589985944',
    'type' => 'text',
    'redirection' => true,
    'source' => 'subscribe',
  ),
)

2020-05-20 22:45:44 response :
------------

2020-05-20 23:04:52 trace :
------------
String:
<xml><ToUserName><![CDATA[gh_f9b894563ef4]]></ToUserName>
<FromUserName><![CDATA[o5V8y1cqRj8uXJygagVnTOcGT0wo]]></FromUserName>
<CreateTime>1589987091</CreateTime>
<MsgType><![CDATA[event]]></MsgType>
<Event><![CDATA[unsubscribe]]></Event>
<EventKey><![CDATA[]]></EventKey>
</xml>

2020-05-20 23:06:38 trace :
------------
String:
<xml><ToUserName><![CDATA[gh_f9b894563ef4]]></ToUserName>
<FromUserName><![CDATA[o5V8y1azfsun9LnNAsh3FsllbAUs]]></FromUserName>
<CreateTime>1589987198</CreateTime>
<MsgType><![CDATA[event]]></MsgType>
<Event><![CDATA[VIEW]]></Event>
<EventKey><![CDATA[http://www.boyufengmao.com/app/index.php?i=6&c=entry&m=ewei_shopv2&do=mobile&r=diypage&id=35]]></EventKey>
<MenuId>445261982</MenuId>
</xml>

2020-05-20 23:06:38 params :
------------
String:
array (
  'rule' => -2,
  'module' => '',
  'message' => 
  array (
    'tousername' => 'gh_f9b894563ef4',
    'fromusername' => 'o5V8y1azfsun9LnNAsh3FsllbAUs',
    'createtime' => '1589987198',
    'msgtype' => 'event',
    'event' => 'VIEW',
    'eventkey' => 'http://www.boyufengmao.com/app/index.php?i=6&c=entry&m=ewei_shopv2&do=mobile&r=diypage&id=35',
    'menuid' => '445261982',
    'from' => 'o5V8y1azfsun9LnNAsh3FsllbAUs',
    'to' => 'gh_f9b894563ef4',
    'time' => '1589987198',
    'type' => 'text',
    'content' => 'http://www.boyufengmao.com/app/index.php?i=6&c=entry&m=ewei_shopv2&do=mobile&r=diypage&id=35',
    'redirection' => true,
    'source' => 'VIEW',
  ),
)

2020-05-20 23:06:38 response :
------------

