2020-06-30 08:15:41 trace :
------------
String:
<xml><ToUserName><![CDATA[gh_f7c52ee3e5f7]]></ToUserName>
<FromUserName><![CDATA[oANN2vzu3stUYpliaMEqQSvX-DbE]]></FromUserName>
<CreateTime>1593476141</CreateTime>
<MsgType><![CDATA[event]]></MsgType>
<Event><![CDATA[VIEW]]></Event>
<EventKey><![CDATA[http://www.boyufengmao.com/app/index.php?i=11&c=entry&m=ewei_shopv2&do=mobile]]></EventKey>
<MenuId>490658363</MenuId>
</xml>

2020-06-30 08:15:41 params :
------------
String:
array (
  'rule' => -2,
  'module' => '',
  'message' => 
  array (
    'tousername' => 'gh_f7c52ee3e5f7',
    'fromusername' => 'oANN2vzu3stUYpliaMEqQSvX-DbE',
    'createtime' => '1593476141',
    'msgtype' => 'event',
    'event' => 'VIEW',
    'eventkey' => 'http://www.boyufengmao.com/app/index.php?i=11&c=entry&m=ewei_shopv2&do=mobile',
    'menuid' => '490658363',
    'from' => 'oANN2vzu3stUYpliaMEqQSvX-DbE',
    'to' => 'gh_f7c52ee3e5f7',
    'time' => '1593476141',
    'type' => 'text',
    'content' => 'http://www.boyufengmao.com/app/index.php?i=11&c=entry&m=ewei_shopv2&do=mobile',
    'redirection' => true,
    'source' => 'VIEW',
  ),
)

2020-06-30 08:15:41 response :
------------

2020-06-30 08:16:12 trace :
------------
String:
<xml><ToUserName><![CDATA[gh_62bcc2f9639d]]></ToUserName>
<FromUserName><![CDATA[opjhUwGYoNgNeuZfGeyWDKO9RJZg]]></FromUserName>
<CreateTime>1593476172</CreateTime>
<MsgType><![CDATA[event]]></MsgType>
<Event><![CDATA[VIEW]]></Event>
<EventKey><![CDATA[http://www.boyufengmao.com/app/index.php?i=10&c=entry&m=ewei_shopv2&do=mobile]]></EventKey>
<MenuId>432207807</MenuId>
</xml>

2020-06-30 08:16:12 params :
------------
String:
array (
  'rule' => -2,
  'module' => '',
  'message' => 
  array (
    'tousername' => 'gh_62bcc2f9639d',
    'fromusername' => 'opjhUwGYoNgNeuZfGeyWDKO9RJZg',
    'createtime' => '1593476172',
    'msgtype' => 'event',
    'event' => 'VIEW',
    'eventkey' => 'http://www.boyufengmao.com/app/index.php?i=10&c=entry&m=ewei_shopv2&do=mobile',
    'menuid' => '432207807',
    'from' => 'opjhUwGYoNgNeuZfGeyWDKO9RJZg',
    'to' => 'gh_62bcc2f9639d',
    'time' => '1593476172',
    'type' => 'text',
    'content' => 'http://www.boyufengmao.com/app/index.php?i=10&c=entry&m=ewei_shopv2&do=mobile',
    'redirection' => true,
    'source' => 'VIEW',
  ),
)

2020-06-30 08:16:12 response :
------------

2020-06-30 08:16:57 trace :
------------
String:
<xml><ToUserName><![CDATA[gh_62bcc2f9639d]]></ToUserName>
<FromUserName><![CDATA[opjhUwGYoNgNeuZfGeyWDKO9RJZg]]></FromUserName>
<CreateTime>1593476217</CreateTime>
<MsgType><![CDATA[event]]></MsgType>
<Event><![CDATA[VIEW]]></Event>
<EventKey><![CDATA[http://www.boyufengmao.com/app/index.php?i=10&c=entry&m=ewei_shopv2&do=mobile]]></EventKey>
<MenuId>432207807</MenuId>
</xml>

2020-06-30 08:16:57 params :
------------
String:
array (
  'rule' => -2,
  'module' => '',
  'message' => 
  array (
    'tousername' => 'gh_62bcc2f9639d',
    'fromusername' => 'opjhUwGYoNgNeuZfGeyWDKO9RJZg',
    'createtime' => '1593476217',
    'msgtype' => 'event',
    'event' => 'VIEW',
    'eventkey' => 'http://www.boyufengmao.com/app/index.php?i=10&c=entry&m=ewei_shopv2&do=mobile',
    'menuid' => '432207807',
    'from' => 'opjhUwGYoNgNeuZfGeyWDKO9RJZg',
    'to' => 'gh_62bcc2f9639d',
    'time' => '1593476217',
    'type' => 'text',
    'content' => 'http://www.boyufengmao.com/app/index.php?i=10&c=entry&m=ewei_shopv2&do=mobile',
    'redirection' => true,
    'source' => 'VIEW',
  ),
)

2020-06-30 08:16:57 response :
------------

2020-06-30 08:24:34 trace :
------------
String:
<xml><ToUserName><![CDATA[gh_798963d6b623]]></ToUserName>
<FromUserName><![CDATA[oa1g_1H6fyBQ9nUZcHi2iBuTFY5M]]></FromUserName>
<CreateTime>1593476674</CreateTime>
<MsgType><![CDATA[event]]></MsgType>
<Event><![CDATA[VIEW]]></Event>
<EventKey><![CDATA[http://www.boyufengmao.com/app/index.php?i=9&c=entry&m=ewei_shopv2&do=mobile]]></EventKey>
<MenuId>438278889</MenuId>
</xml>

2020-06-30 08:24:34 params :
------------
String:
array (
  'rule' => -2,
  'module' => '',
  'message' => 
  array (
    'tousername' => 'gh_798963d6b623',
    'fromusername' => 'oa1g_1H6fyBQ9nUZcHi2iBuTFY5M',
    'createtime' => '1593476674',
    'msgtype' => 'event',
    'event' => 'VIEW',
    'eventkey' => 'http://www.boyufengmao.com/app/index.php?i=9&c=entry&m=ewei_shopv2&do=mobile',
    'menuid' => '438278889',
    'from' => 'oa1g_1H6fyBQ9nUZcHi2iBuTFY5M',
    'to' => 'gh_798963d6b623',
    'time' => '1593476674',
    'type' => 'text',
    'content' => 'http://www.boyufengmao.com/app/index.php?i=9&c=entry&m=ewei_shopv2&do=mobile',
    'redirection' => true,
    'source' => 'VIEW',
  ),
)

2020-06-30 08:24:34 response :
------------

2020-06-30 08:24:35 trace :
------------
String:
<xml><ToUserName><![CDATA[gh_798963d6b623]]></ToUserName>
<FromUserName><![CDATA[oa1g_1H6fyBQ9nUZcHi2iBuTFY5M]]></FromUserName>
<CreateTime>1593476675</CreateTime>
<MsgType><![CDATA[event]]></MsgType>
<Event><![CDATA[VIEW]]></Event>
<EventKey><![CDATA[http://www.boyufengmao.com/app/index.php?i=9&c=entry&m=ewei_shopv2&do=mobile]]></EventKey>
<MenuId>438278889</MenuId>
</xml>

2020-06-30 08:24:35 params :
------------
String:
array (
  'rule' => -2,
  'module' => '',
  'message' => 
  array (
    'tousername' => 'gh_798963d6b623',
    'fromusername' => 'oa1g_1H6fyBQ9nUZcHi2iBuTFY5M',
    'createtime' => '1593476675',
    'msgtype' => 'event',
    'event' => 'VIEW',
    'eventkey' => 'http://www.boyufengmao.com/app/index.php?i=9&c=entry&m=ewei_shopv2&do=mobile',
    'menuid' => '438278889',
    'from' => 'oa1g_1H6fyBQ9nUZcHi2iBuTFY5M',
    'to' => 'gh_798963d6b623',
    'time' => '1593476675',
    'type' => 'text',
    'content' => 'http://www.boyufengmao.com/app/index.php?i=9&c=entry&m=ewei_shopv2&do=mobile',
    'redirection' => true,
    'source' => 'VIEW',
  ),
)

2020-06-30 08:24:35 response :
------------

2020-06-30 08:50:13 trace :
------------
String:
<xml><ToUserName><![CDATA[gh_62bcc2f9639d]]></ToUserName>
<FromUserName><![CDATA[opjhUwKWgzMQUJsHnmcekVTjge58]]></FromUserName>
<CreateTime>1593478212</CreateTime>
<MsgType><![CDATA[event]]></MsgType>
<Event><![CDATA[unsubscribe]]></Event>
<EventKey><![CDATA[]]></EventKey>
</xml>

2020-06-30 12:48:43 trace :
------------
String:
<xml><ToUserName><![CDATA[gh_f9b894563ef4]]></ToUserName>
<FromUserName><![CDATA[o5V8y1QFi0x9M2vgMV7e_AgIPLS4]]></FromUserName>
<CreateTime>1593492522</CreateTime>
<MsgType><![CDATA[event]]></MsgType>
<Event><![CDATA[VIEW]]></Event>
<EventKey><![CDATA[http://www.boyufengmao.com/app/index.php?i=6&c=entry&m=ewei_shopv2&do=mobile&r=diypage&id=35]]></EventKey>
<MenuId>445261982</MenuId>
</xml>

2020-06-30 12:48:43 params :
------------
String:
array (
  'rule' => -2,
  'module' => '',
  'message' => 
  array (
    'tousername' => 'gh_f9b894563ef4',
    'fromusername' => 'o5V8y1QFi0x9M2vgMV7e_AgIPLS4',
    'createtime' => '1593492522',
    'msgtype' => 'event',
    'event' => 'VIEW',
    'eventkey' => 'http://www.boyufengmao.com/app/index.php?i=6&c=entry&m=ewei_shopv2&do=mobile&r=diypage&id=35',
    'menuid' => '445261982',
    'from' => 'o5V8y1QFi0x9M2vgMV7e_AgIPLS4',
    'to' => 'gh_f9b894563ef4',
    'time' => '1593492522',
    'type' => 'text',
    'content' => 'http://www.boyufengmao.com/app/index.php?i=6&c=entry&m=ewei_shopv2&do=mobile&r=diypage&id=35',
    'redirection' => true,
    'source' => 'VIEW',
  ),
)

2020-06-30 12:48:43 response :
------------

2020-06-30 13:01:01 trace :
------------
String:
<xml><ToUserName><![CDATA[gh_f9b894563ef4]]></ToUserName>
<FromUserName><![CDATA[o5V8y1WeqxuA1b4Es2TXrA9bH-IE]]></FromUserName>
<CreateTime>1593493261</CreateTime>
<MsgType><![CDATA[event]]></MsgType>
<Event><![CDATA[subscribe]]></Event>
<EventKey><![CDATA[]]></EventKey>
</xml>

2020-06-30 13:01:01 params :
------------
String:
array (
  'rule' => -2,
  'module' => '',
  'message' => 
  array (
    'tousername' => 'gh_f9b894563ef4',
    'fromusername' => 'o5V8y1WeqxuA1b4Es2TXrA9bH-IE',
    'createtime' => '1593493261',
    'msgtype' => 'event',
    'event' => 'subscribe',
    'eventkey' => '',
    'from' => 'o5V8y1WeqxuA1b4Es2TXrA9bH-IE',
    'to' => 'gh_f9b894563ef4',
    'time' => '1593493261',
    'type' => 'text',
    'redirection' => true,
    'source' => 'subscribe',
  ),
)

2020-06-30 13:01:01 response :
------------

2020-06-30 13:01:04 trace :
------------
String:
<xml><ToUserName><![CDATA[gh_f9b894563ef4]]></ToUserName>
<FromUserName><![CDATA[o5V8y1WeqxuA1b4Es2TXrA9bH-IE]]></FromUserName>
<CreateTime>1593493264</CreateTime>
<MsgType><![CDATA[event]]></MsgType>
<Event><![CDATA[VIEW]]></Event>
<EventKey><![CDATA[http://www.boyufengmao.com/app/index.php?i=6&c=entry&m=ewei_shopv2&do=mobile&r=diypage&id=35]]></EventKey>
<MenuId>445261982</MenuId>
</xml>

2020-06-30 13:01:04 params :
------------
String:
array (
  'rule' => -2,
  'module' => '',
  'message' => 
  array (
    'tousername' => 'gh_f9b894563ef4',
    'fromusername' => 'o5V8y1WeqxuA1b4Es2TXrA9bH-IE',
    'createtime' => '1593493264',
    'msgtype' => 'event',
    'event' => 'VIEW',
    'eventkey' => 'http://www.boyufengmao.com/app/index.php?i=6&c=entry&m=ewei_shopv2&do=mobile&r=diypage&id=35',
    'menuid' => '445261982',
    'from' => 'o5V8y1WeqxuA1b4Es2TXrA9bH-IE',
    'to' => 'gh_f9b894563ef4',
    'time' => '1593493264',
    'type' => 'text',
    'content' => 'http://www.boyufengmao.com/app/index.php?i=6&c=entry&m=ewei_shopv2&do=mobile&r=diypage&id=35',
    'redirection' => true,
    'source' => 'VIEW',
  ),
)

2020-06-30 13:01:04 response :
------------

2020-06-30 13:01:07 trace :
------------
String:
<xml><ToUserName><![CDATA[gh_f9b894563ef4]]></ToUserName>
<FromUserName><![CDATA[o5V8y1WeqxuA1b4Es2TXrA9bH-IE]]></FromUserName>
<CreateTime>1593493266</CreateTime>
<MsgType><![CDATA[event]]></MsgType>
<Event><![CDATA[VIEW]]></Event>
<EventKey><![CDATA[http://www.boyufengmao.com/app/index.php?i=6&c=entry&m=ewei_shopv2&do=mobile&r=diypage&id=35]]></EventKey>
<MenuId>445261982</MenuId>
</xml>

2020-06-30 13:01:07 params :
------------
String:
array (
  'rule' => -2,
  'module' => '',
  'message' => 
  array (
    'tousername' => 'gh_f9b894563ef4',
    'fromusername' => 'o5V8y1WeqxuA1b4Es2TXrA9bH-IE',
    'createtime' => '1593493266',
    'msgtype' => 'event',
    'event' => 'VIEW',
    'eventkey' => 'http://www.boyufengmao.com/app/index.php?i=6&c=entry&m=ewei_shopv2&do=mobile&r=diypage&id=35',
    'menuid' => '445261982',
    'from' => 'o5V8y1WeqxuA1b4Es2TXrA9bH-IE',
    'to' => 'gh_f9b894563ef4',
    'time' => '1593493266',
    'type' => 'text',
    'content' => 'http://www.boyufengmao.com/app/index.php?i=6&c=entry&m=ewei_shopv2&do=mobile&r=diypage&id=35',
    'redirection' => true,
    'source' => 'VIEW',
  ),
)

2020-06-30 13:01:07 response :
------------

2020-06-30 13:05:00 trace :
------------
String:
<xml><ToUserName><![CDATA[gh_f9b894563ef4]]></ToUserName>
<FromUserName><![CDATA[o5V8y1bYIHAzgoKDAN2v99KMIt0E]]></FromUserName>
<CreateTime>1593493500</CreateTime>
<MsgType><![CDATA[event]]></MsgType>
<Event><![CDATA[subscribe]]></Event>
<EventKey><![CDATA[]]></EventKey>
</xml>

2020-06-30 13:05:00 params :
------------
String:
array (
  'rule' => -2,
  'module' => '',
  'message' => 
  array (
    'tousername' => 'gh_f9b894563ef4',
    'fromusername' => 'o5V8y1bYIHAzgoKDAN2v99KMIt0E',
    'createtime' => '1593493500',
    'msgtype' => 'event',
    'event' => 'subscribe',
    'eventkey' => '',
    'from' => 'o5V8y1bYIHAzgoKDAN2v99KMIt0E',
    'to' => 'gh_f9b894563ef4',
    'time' => '1593493500',
    'type' => 'text',
    'redirection' => true,
    'source' => 'subscribe',
  ),
)

2020-06-30 13:05:00 response :
------------

2020-06-30 13:05:02 trace :
------------
String:
<xml><ToUserName><![CDATA[gh_f9b894563ef4]]></ToUserName>
<FromUserName><![CDATA[o5V8y1bYIHAzgoKDAN2v99KMIt0E]]></FromUserName>
<CreateTime>1593493502</CreateTime>
<MsgType><![CDATA[event]]></MsgType>
<Event><![CDATA[VIEW]]></Event>
<EventKey><![CDATA[http://www.boyufengmao.com/app/index.php?i=6&c=entry&m=ewei_shopv2&do=mobile&r=diypage&id=35]]></EventKey>
<MenuId>445261982</MenuId>
</xml>

2020-06-30 13:05:02 params :
------------
String:
array (
  'rule' => -2,
  'module' => '',
  'message' => 
  array (
    'tousername' => 'gh_f9b894563ef4',
    'fromusername' => 'o5V8y1bYIHAzgoKDAN2v99KMIt0E',
    'createtime' => '1593493502',
    'msgtype' => 'event',
    'event' => 'VIEW',
    'eventkey' => 'http://www.boyufengmao.com/app/index.php?i=6&c=entry&m=ewei_shopv2&do=mobile&r=diypage&id=35',
    'menuid' => '445261982',
    'from' => 'o5V8y1bYIHAzgoKDAN2v99KMIt0E',
    'to' => 'gh_f9b894563ef4',
    'time' => '1593493502',
    'type' => 'text',
    'content' => 'http://www.boyufengmao.com/app/index.php?i=6&c=entry&m=ewei_shopv2&do=mobile&r=diypage&id=35',
    'redirection' => true,
    'source' => 'VIEW',
  ),
)

2020-06-30 13:05:02 response :
------------

2020-06-30 13:05:38 trace :
------------
String:
<xml><ToUserName><![CDATA[gh_f9b894563ef4]]></ToUserName>
<FromUserName><![CDATA[o5V8y1acZrrK7mzBUPMZmojD25fo]]></FromUserName>
<CreateTime>1593493538</CreateTime>
<MsgType><![CDATA[event]]></MsgType>
<Event><![CDATA[VIEW]]></Event>
<EventKey><![CDATA[http://www.boyufengmao.com/app/index.php?i=6&c=entry&m=ewei_shopv2&do=mobile&r=diypage&id=35]]></EventKey>
<MenuId>445261982</MenuId>
</xml>

2020-06-30 13:05:38 params :
------------
String:
array (
  'rule' => -2,
  'module' => '',
  'message' => 
  array (
    'tousername' => 'gh_f9b894563ef4',
    'fromusername' => 'o5V8y1acZrrK7mzBUPMZmojD25fo',
    'createtime' => '1593493538',
    'msgtype' => 'event',
    'event' => 'VIEW',
    'eventkey' => 'http://www.boyufengmao.com/app/index.php?i=6&c=entry&m=ewei_shopv2&do=mobile&r=diypage&id=35',
    'menuid' => '445261982',
    'from' => 'o5V8y1acZrrK7mzBUPMZmojD25fo',
    'to' => 'gh_f9b894563ef4',
    'time' => '1593493538',
    'type' => 'text',
    'content' => 'http://www.boyufengmao.com/app/index.php?i=6&c=entry&m=ewei_shopv2&do=mobile&r=diypage&id=35',
    'redirection' => true,
    'source' => 'VIEW',
  ),
)

2020-06-30 13:05:38 response :
------------

2020-06-30 13:05:51 trace :
------------
String:
<xml><ToUserName><![CDATA[gh_f9b894563ef4]]></ToUserName>
<FromUserName><![CDATA[o5V8y1acZrrK7mzBUPMZmojD25fo]]></FromUserName>
<CreateTime>1593493551</CreateTime>
<MsgType><![CDATA[event]]></MsgType>
<Event><![CDATA[VIEW]]></Event>
<EventKey><![CDATA[http://www.boyufengmao.com/app/index.php?i=6&c=entry&m=ewei_shopv2&do=mobile]]></EventKey>
<MenuId>445261982</MenuId>
</xml>

2020-06-30 13:05:51 params :
------------
String:
array (
  'rule' => -2,
  'module' => '',
  'message' => 
  array (
    'tousername' => 'gh_f9b894563ef4',
    'fromusername' => 'o5V8y1acZrrK7mzBUPMZmojD25fo',
    'createtime' => '1593493551',
    'msgtype' => 'event',
    'event' => 'VIEW',
    'eventkey' => 'http://www.boyufengmao.com/app/index.php?i=6&c=entry&m=ewei_shopv2&do=mobile',
    'menuid' => '445261982',
    'from' => 'o5V8y1acZrrK7mzBUPMZmojD25fo',
    'to' => 'gh_f9b894563ef4',
    'time' => '1593493551',
    'type' => 'text',
    'content' => 'http://www.boyufengmao.com/app/index.php?i=6&c=entry&m=ewei_shopv2&do=mobile',
    'redirection' => true,
    'source' => 'VIEW',
  ),
)

2020-06-30 13:05:51 response :
------------

2020-06-30 13:11:22 trace :
------------
String:
<xml><ToUserName><![CDATA[gh_c804ae748f89]]></ToUserName>
<FromUserName><![CDATA[o3lrB53O8_bwMB_UX7n7WDloaps8]]></FromUserName>
<CreateTime>1593493882</CreateTime>
<MsgType><![CDATA[event]]></MsgType>
<Event><![CDATA[VIEW]]></Event>
<EventKey><![CDATA[http://www.boyufengmao.com/app/index.php?i=2&c=entry&m=ewei_shopv2&do=mobile]]></EventKey>
<MenuId>444488974</MenuId>
</xml>

2020-06-30 13:11:22 params :
------------
String:
array (
  'rule' => -2,
  'module' => '',
  'message' => 
  array (
    'tousername' => 'gh_c804ae748f89',
    'fromusername' => 'o3lrB53O8_bwMB_UX7n7WDloaps8',
    'createtime' => '1593493882',
    'msgtype' => 'event',
    'event' => 'VIEW',
    'eventkey' => 'http://www.boyufengmao.com/app/index.php?i=2&c=entry&m=ewei_shopv2&do=mobile',
    'menuid' => '444488974',
    'from' => 'o3lrB53O8_bwMB_UX7n7WDloaps8',
    'to' => 'gh_c804ae748f89',
    'time' => '1593493882',
    'type' => 'text',
    'content' => 'http://www.boyufengmao.com/app/index.php?i=2&c=entry&m=ewei_shopv2&do=mobile',
    'redirection' => true,
    'source' => 'VIEW',
  ),
)

2020-06-30 13:11:22 response :
------------

2020-06-30 13:11:29 trace :
------------
String:
<xml><ToUserName><![CDATA[gh_c804ae748f89]]></ToUserName>
<FromUserName><![CDATA[o3lrB53O8_bwMB_UX7n7WDloaps8]]></FromUserName>
<CreateTime>1593493889</CreateTime>
<MsgType><![CDATA[event]]></MsgType>
<Event><![CDATA[VIEW]]></Event>
<EventKey><![CDATA[http://www.boyufengmao.com/app/index.php?i=2&c=entry&m=ewei_shopv2&do=mobile]]></EventKey>
<MenuId>444488974</MenuId>
</xml>

2020-06-30 13:11:29 params :
------------
String:
array (
  'rule' => -2,
  'module' => '',
  'message' => 
  array (
    'tousername' => 'gh_c804ae748f89',
    'fromusername' => 'o3lrB53O8_bwMB_UX7n7WDloaps8',
    'createtime' => '1593493889',
    'msgtype' => 'event',
    'event' => 'VIEW',
    'eventkey' => 'http://www.boyufengmao.com/app/index.php?i=2&c=entry&m=ewei_shopv2&do=mobile',
    'menuid' => '444488974',
    'from' => 'o3lrB53O8_bwMB_UX7n7WDloaps8',
    'to' => 'gh_c804ae748f89',
    'time' => '1593493889',
    'type' => 'text',
    'content' => 'http://www.boyufengmao.com/app/index.php?i=2&c=entry&m=ewei_shopv2&do=mobile',
    'redirection' => true,
    'source' => 'VIEW',
  ),
)

2020-06-30 13:11:29 response :
------------

2020-06-30 13:39:32 trace :
------------
String:
<xml><ToUserName><![CDATA[gh_f9b894563ef4]]></ToUserName>
<FromUserName><![CDATA[o5V8y1fE8Pn-lZ9fzDhTsBZtyo_I]]></FromUserName>
<CreateTime>1593495572</CreateTime>
<MsgType><![CDATA[event]]></MsgType>
<Event><![CDATA[VIEW]]></Event>
<EventKey><![CDATA[http://www.boyufengmao.com/app/index.php?i=6&c=entry&m=ewei_shopv2&do=mobile&r=diypage&id=35]]></EventKey>
<MenuId>445261982</MenuId>
</xml>

2020-06-30 13:39:32 params :
------------
String:
array (
  'rule' => -2,
  'module' => '',
  'message' => 
  array (
    'tousername' => 'gh_f9b894563ef4',
    'fromusername' => 'o5V8y1fE8Pn-lZ9fzDhTsBZtyo_I',
    'createtime' => '1593495572',
    'msgtype' => 'event',
    'event' => 'VIEW',
    'eventkey' => 'http://www.boyufengmao.com/app/index.php?i=6&c=entry&m=ewei_shopv2&do=mobile&r=diypage&id=35',
    'menuid' => '445261982',
    'from' => 'o5V8y1fE8Pn-lZ9fzDhTsBZtyo_I',
    'to' => 'gh_f9b894563ef4',
    'time' => '1593495572',
    'type' => 'text',
    'content' => 'http://www.boyufengmao.com/app/index.php?i=6&c=entry&m=ewei_shopv2&do=mobile&r=diypage&id=35',
    'redirection' => true,
    'source' => 'VIEW',
  ),
)

2020-06-30 13:39:32 response :
------------

2020-06-30 13:40:52 trace :
------------
String:
<xml><ToUserName><![CDATA[gh_f9b894563ef4]]></ToUserName>
<FromUserName><![CDATA[o5V8y1dplY8LQrDSdi8UzXjT6qSM]]></FromUserName>
<CreateTime>1593495652</CreateTime>
<MsgType><![CDATA[event]]></MsgType>
<Event><![CDATA[VIEW]]></Event>
<EventKey><![CDATA[http://www.boyufengmao.com/app/index.php?i=6&c=entry&m=ewei_shopv2&do=mobile&r=diypage&id=35]]></EventKey>
<MenuId>445261982</MenuId>
</xml>

2020-06-30 13:40:52 params :
------------
String:
array (
  'rule' => -2,
  'module' => '',
  'message' => 
  array (
    'tousername' => 'gh_f9b894563ef4',
    'fromusername' => 'o5V8y1dplY8LQrDSdi8UzXjT6qSM',
    'createtime' => '1593495652',
    'msgtype' => 'event',
    'event' => 'VIEW',
    'eventkey' => 'http://www.boyufengmao.com/app/index.php?i=6&c=entry&m=ewei_shopv2&do=mobile&r=diypage&id=35',
    'menuid' => '445261982',
    'from' => 'o5V8y1dplY8LQrDSdi8UzXjT6qSM',
    'to' => 'gh_f9b894563ef4',
    'time' => '1593495652',
    'type' => 'text',
    'content' => 'http://www.boyufengmao.com/app/index.php?i=6&c=entry&m=ewei_shopv2&do=mobile&r=diypage&id=35',
    'redirection' => true,
    'source' => 'VIEW',
  ),
)

2020-06-30 13:40:52 response :
------------

2020-06-30 14:55:48 trace :
------------
String:
<xml><ToUserName><![CDATA[gh_62bcc2f9639d]]></ToUserName>
<FromUserName><![CDATA[opjhUwBEz6XxEiV6XspzJ3emnI5k]]></FromUserName>
<CreateTime>1593500147</CreateTime>
<MsgType><![CDATA[event]]></MsgType>
<Event><![CDATA[VIEW]]></Event>
<EventKey><![CDATA[http://www.boyufengmao.com/app/index.php?i=10&c=entry&m=ewei_shopv2&do=mobile]]></EventKey>
<MenuId>432207807</MenuId>
</xml>

2020-06-30 14:55:48 params :
------------
String:
array (
  'rule' => -2,
  'module' => '',
  'message' => 
  array (
    'tousername' => 'gh_62bcc2f9639d',
    'fromusername' => 'opjhUwBEz6XxEiV6XspzJ3emnI5k',
    'createtime' => '1593500147',
    'msgtype' => 'event',
    'event' => 'VIEW',
    'eventkey' => 'http://www.boyufengmao.com/app/index.php?i=10&c=entry&m=ewei_shopv2&do=mobile',
    'menuid' => '432207807',
    'from' => 'opjhUwBEz6XxEiV6XspzJ3emnI5k',
    'to' => 'gh_62bcc2f9639d',
    'time' => '1593500147',
    'type' => 'text',
    'content' => 'http://www.boyufengmao.com/app/index.php?i=10&c=entry&m=ewei_shopv2&do=mobile',
    'redirection' => true,
    'source' => 'VIEW',
  ),
)

2020-06-30 14:55:48 response :
------------

2020-06-30 14:56:21 trace :
------------
String:
<xml><ToUserName><![CDATA[gh_62bcc2f9639d]]></ToUserName>
<FromUserName><![CDATA[opjhUwBEz6XxEiV6XspzJ3emnI5k]]></FromUserName>
<CreateTime>1593500181</CreateTime>
<MsgType><![CDATA[event]]></MsgType>
<Event><![CDATA[VIEW]]></Event>
<EventKey><![CDATA[http://www.boyufengmao.com/app/index.php?i=10&c=entry&m=ewei_shopv2&do=mobile&r=member]]></EventKey>
<MenuId>432207807</MenuId>
</xml>

2020-06-30 14:56:21 params :
------------
String:
array (
  'rule' => -2,
  'module' => '',
  'message' => 
  array (
    'tousername' => 'gh_62bcc2f9639d',
    'fromusername' => 'opjhUwBEz6XxEiV6XspzJ3emnI5k',
    'createtime' => '1593500181',
    'msgtype' => 'event',
    'event' => 'VIEW',
    'eventkey' => 'http://www.boyufengmao.com/app/index.php?i=10&c=entry&m=ewei_shopv2&do=mobile&r=member',
    'menuid' => '432207807',
    'from' => 'opjhUwBEz6XxEiV6XspzJ3emnI5k',
    'to' => 'gh_62bcc2f9639d',
    'time' => '1593500181',
    'type' => 'text',
    'content' => 'http://www.boyufengmao.com/app/index.php?i=10&c=entry&m=ewei_shopv2&do=mobile&r=member',
    'redirection' => true,
    'source' => 'VIEW',
  ),
)

2020-06-30 14:56:21 response :
------------

2020-06-30 16:11:03 trace :
------------
String:
<xml><ToUserName><![CDATA[gh_8a7b6f3c4f59]]></ToUserName>
<FromUserName><![CDATA[oLJcswWfHfqXw9d0LLtfsbOGqo8I]]></FromUserName>
<CreateTime>1593504663</CreateTime>
<MsgType><![CDATA[event]]></MsgType>
<Event><![CDATA[subscribe]]></Event>
<EventKey><![CDATA[]]></EventKey>
</xml>

2020-06-30 16:11:03 params :
------------
String:
array (
  'rule' => -2,
  'module' => '',
  'message' => 
  array (
    'tousername' => 'gh_8a7b6f3c4f59',
    'fromusername' => 'oLJcswWfHfqXw9d0LLtfsbOGqo8I',
    'createtime' => '1593504663',
    'msgtype' => 'event',
    'event' => 'subscribe',
    'eventkey' => '',
    'from' => 'oLJcswWfHfqXw9d0LLtfsbOGqo8I',
    'to' => 'gh_8a7b6f3c4f59',
    'time' => '1593504663',
    'type' => 'text',
    'redirection' => true,
    'source' => 'subscribe',
  ),
)

2020-06-30 16:11:03 response :
------------

2020-06-30 16:11:05 trace :
------------
String:
<xml><ToUserName><![CDATA[gh_8a7b6f3c4f59]]></ToUserName>
<FromUserName><![CDATA[oLJcswWfHfqXw9d0LLtfsbOGqo8I]]></FromUserName>
<CreateTime>1593504665</CreateTime>
<MsgType><![CDATA[event]]></MsgType>
<Event><![CDATA[VIEW]]></Event>
<EventKey><![CDATA[http://www.boyufengmao.com/app/index.php?i=16&c=entry&m=ewei_shopv2&do=mobile]]></EventKey>
<MenuId>424562707</MenuId>
</xml>

2020-06-30 16:11:05 params :
------------
String:
array (
  'rule' => -2,
  'module' => '',
  'message' => 
  array (
    'tousername' => 'gh_8a7b6f3c4f59',
    'fromusername' => 'oLJcswWfHfqXw9d0LLtfsbOGqo8I',
    'createtime' => '1593504665',
    'msgtype' => 'event',
    'event' => 'VIEW',
    'eventkey' => 'http://www.boyufengmao.com/app/index.php?i=16&c=entry&m=ewei_shopv2&do=mobile',
    'menuid' => '424562707',
    'from' => 'oLJcswWfHfqXw9d0LLtfsbOGqo8I',
    'to' => 'gh_8a7b6f3c4f59',
    'time' => '1593504665',
    'type' => 'text',
    'content' => 'http://www.boyufengmao.com/app/index.php?i=16&c=entry&m=ewei_shopv2&do=mobile',
    'redirection' => true,
    'source' => 'VIEW',
  ),
)

2020-06-30 16:11:05 response :
------------

2020-06-30 16:11:25 trace :
------------
String:
<xml><ToUserName><![CDATA[gh_8a7b6f3c4f59]]></ToUserName>
<FromUserName><![CDATA[oLJcswWfHfqXw9d0LLtfsbOGqo8I]]></FromUserName>
<CreateTime>1593504685</CreateTime>
<MsgType><![CDATA[event]]></MsgType>
<Event><![CDATA[VIEW]]></Event>
<EventKey><![CDATA[http://www.boyufengmao.com/app/index.php?i=16&c=entry&m=ewei_shopv2&do=mobile&r=member]]></EventKey>
<MenuId>424562707</MenuId>
</xml>

2020-06-30 16:11:25 params :
------------
String:
array (
  'rule' => -2,
  'module' => '',
  'message' => 
  array (
    'tousername' => 'gh_8a7b6f3c4f59',
    'fromusername' => 'oLJcswWfHfqXw9d0LLtfsbOGqo8I',
    'createtime' => '1593504685',
    'msgtype' => 'event',
    'event' => 'VIEW',
    'eventkey' => 'http://www.boyufengmao.com/app/index.php?i=16&c=entry&m=ewei_shopv2&do=mobile&r=member',
    'menuid' => '424562707',
    'from' => 'oLJcswWfHfqXw9d0LLtfsbOGqo8I',
    'to' => 'gh_8a7b6f3c4f59',
    'time' => '1593504685',
    'type' => 'text',
    'content' => 'http://www.boyufengmao.com/app/index.php?i=16&c=entry&m=ewei_shopv2&do=mobile&r=member',
    'redirection' => true,
    'source' => 'VIEW',
  ),
)

2020-06-30 16:11:25 response :
------------

2020-06-30 16:11:30 trace :
------------
String:
<xml><ToUserName><![CDATA[gh_8a7b6f3c4f59]]></ToUserName>
<FromUserName><![CDATA[oLJcswWfHfqXw9d0LLtfsbOGqo8I]]></FromUserName>
<CreateTime>1593504690</CreateTime>
<MsgType><![CDATA[event]]></MsgType>
<Event><![CDATA[CLICK]]></Event>
<EventKey><![CDATA[电话]]></EventKey>
</xml>

2020-06-30 16:11:30 params :
------------
String:
array (
  'message' => 
  array (
    'tousername' => 'gh_8a7b6f3c4f59',
    'fromusername' => 'oLJcswWfHfqXw9d0LLtfsbOGqo8I',
    'createtime' => '1593504690',
    'msgtype' => 'event',
    'event' => 'CLICK',
    'eventkey' => '电话',
    'from' => 'oLJcswWfHfqXw9d0LLtfsbOGqo8I',
    'to' => 'gh_8a7b6f3c4f59',
    'time' => '1593504690',
    'type' => 'text',
    'content' => '电话',
    'redirection' => true,
    'source' => 'click',
  ),
  'module' => 'reply',
  'rule' => '241',
  'priority' => '0',
  'keyword' => 
  array (
    'id' => '263',
    'rid' => '241',
    'uniacid' => '16',
    'module' => 'reply',
    'content' => '电话',
    'type' => '1',
    'displayorder' => '0',
    'status' => '1',
    'reply_type' => 
    array (
      0 => 'basic',
    ),
  ),
  'reply_type' => 
  array (
    0 => 'basic',
  ),
)

2020-06-30 16:11:30 response :
------------
Array:
FromUserName : gh_8a7b6f3c4f59 ;
ToUserName : oLJcswWfHfqXw9d0LLtfsbOGqo8I ;
MsgType : text ;
Content : 联系电话： ;

2020-06-30 16:11:47 trace :
------------
String:
<xml><ToUserName><![CDATA[gh_8a7b6f3c4f59]]></ToUserName>
<FromUserName><![CDATA[oLJcswWfHfqXw9d0LLtfsbOGqo8I]]></FromUserName>
<CreateTime>1593504707</CreateTime>
<MsgType><![CDATA[event]]></MsgType>
<Event><![CDATA[unsubscribe]]></Event>
<EventKey><![CDATA[]]></EventKey>
</xml>

2020-06-30 16:48:52 trace :
------------
String:
<xml><ToUserName><![CDATA[gh_5e8fd633e50f]]></ToUserName>
<FromUserName><![CDATA[o0qljuJBlhV0QQc8xeNyNvC43tmY]]></FromUserName>
<CreateTime>1593506932</CreateTime>
<MsgType><![CDATA[event]]></MsgType>
<Event><![CDATA[VIEW]]></Event>
<EventKey><![CDATA[http://www.boyufengmao.com/app/index.php?i=17&c=entry&m=ewei_shopv2&do=mobile&r=diypage&id=110]]></EventKey>
<MenuId>488237872</MenuId>
</xml>

2020-06-30 16:48:52 params :
------------
String:
array (
  'rule' => -2,
  'module' => '',
  'message' => 
  array (
    'tousername' => 'gh_5e8fd633e50f',
    'fromusername' => 'o0qljuJBlhV0QQc8xeNyNvC43tmY',
    'createtime' => '1593506932',
    'msgtype' => 'event',
    'event' => 'VIEW',
    'eventkey' => 'http://www.boyufengmao.com/app/index.php?i=17&c=entry&m=ewei_shopv2&do=mobile&r=diypage&id=110',
    'menuid' => '488237872',
    'from' => 'o0qljuJBlhV0QQc8xeNyNvC43tmY',
    'to' => 'gh_5e8fd633e50f',
    'time' => '1593506932',
    'type' => 'text',
    'content' => 'http://www.boyufengmao.com/app/index.php?i=17&c=entry&m=ewei_shopv2&do=mobile&r=diypage&id=110',
    'redirection' => true,
    'source' => 'VIEW',
  ),
)

2020-06-30 16:48:52 response :
------------

2020-06-30 16:49:17 trace :
------------
String:
<xml><ToUserName><![CDATA[gh_5e8fd633e50f]]></ToUserName>
<FromUserName><![CDATA[o0qljuJBlhV0QQc8xeNyNvC43tmY]]></FromUserName>
<CreateTime>1593506957</CreateTime>
<MsgType><![CDATA[event]]></MsgType>
<Event><![CDATA[VIEW]]></Event>
<EventKey><![CDATA[http://www.boyufengmao.com/app/index.php?i=17&c=entry&m=ewei_shopv2&do=mobile&r=member]]></EventKey>
<MenuId>488237872</MenuId>
</xml>

2020-06-30 16:49:17 params :
------------
String:
array (
  'rule' => -2,
  'module' => '',
  'message' => 
  array (
    'tousername' => 'gh_5e8fd633e50f',
    'fromusername' => 'o0qljuJBlhV0QQc8xeNyNvC43tmY',
    'createtime' => '1593506957',
    'msgtype' => 'event',
    'event' => 'VIEW',
    'eventkey' => 'http://www.boyufengmao.com/app/index.php?i=17&c=entry&m=ewei_shopv2&do=mobile&r=member',
    'menuid' => '488237872',
    'from' => 'o0qljuJBlhV0QQc8xeNyNvC43tmY',
    'to' => 'gh_5e8fd633e50f',
    'time' => '1593506957',
    'type' => 'text',
    'content' => 'http://www.boyufengmao.com/app/index.php?i=17&c=entry&m=ewei_shopv2&do=mobile&r=member',
    'redirection' => true,
    'source' => 'VIEW',
  ),
)

2020-06-30 16:49:17 response :
------------

2020-06-30 16:49:23 trace :
------------
String:
<xml><ToUserName><![CDATA[gh_5e8fd633e50f]]></ToUserName>
<FromUserName><![CDATA[o0qljuJBlhV0QQc8xeNyNvC43tmY]]></FromUserName>
<CreateTime>1593506963</CreateTime>
<MsgType><![CDATA[event]]></MsgType>
<Event><![CDATA[CLICK]]></Event>
<EventKey><![CDATA[电话]]></EventKey>
</xml>

2020-06-30 16:49:23 params :
------------
String:
array (
  'message' => 
  array (
    'tousername' => 'gh_5e8fd633e50f',
    'fromusername' => 'o0qljuJBlhV0QQc8xeNyNvC43tmY',
    'createtime' => '1593506963',
    'msgtype' => 'event',
    'event' => 'CLICK',
    'eventkey' => '电话',
    'from' => 'o0qljuJBlhV0QQc8xeNyNvC43tmY',
    'to' => 'gh_5e8fd633e50f',
    'time' => '1593506963',
    'type' => 'text',
    'content' => '电话',
    'redirection' => true,
    'source' => 'click',
  ),
  'module' => 'reply',
  'rule' => '225',
  'priority' => '0',
  'keyword' => 
  array (
    'id' => '248',
    'rid' => '225',
    'uniacid' => '17',
    'module' => 'reply',
    'content' => '电话',
    'type' => '1',
    'displayorder' => '0',
    'status' => '1',
    'reply_type' => 
    array (
      0 => 'basic',
    ),
  ),
  'reply_type' => 
  array (
    0 => 'basic',
  ),
)

2020-06-30 16:49:23 response :
------------
Array:
FromUserName : gh_5e8fd633e50f ;
ToUserName : o0qljuJBlhV0QQc8xeNyNvC43tmY ;
MsgType : text ;
Content : 联系电话：13279219883 ;

2020-06-30 16:49:26 trace :
------------
String:
<xml><ToUserName><![CDATA[gh_5e8fd633e50f]]></ToUserName>
<FromUserName><![CDATA[o0qljuJBlhV0QQc8xeNyNvC43tmY]]></FromUserName>
<CreateTime>1593506966</CreateTime>
<MsgType><![CDATA[event]]></MsgType>
<Event><![CDATA[VIEW]]></Event>
<EventKey><![CDATA[http://www.boyufengmao.com/app/index.php?i=17&c=entry&m=ewei_shopv2&do=mobile&r=diypage&id=110]]></EventKey>
<MenuId>488237872</MenuId>
</xml>

2020-06-30 16:49:26 params :
------------
String:
array (
  'rule' => -2,
  'module' => '',
  'message' => 
  array (
    'tousername' => 'gh_5e8fd633e50f',
    'fromusername' => 'o0qljuJBlhV0QQc8xeNyNvC43tmY',
    'createtime' => '1593506966',
    'msgtype' => 'event',
    'event' => 'VIEW',
    'eventkey' => 'http://www.boyufengmao.com/app/index.php?i=17&c=entry&m=ewei_shopv2&do=mobile&r=diypage&id=110',
    'menuid' => '488237872',
    'from' => 'o0qljuJBlhV0QQc8xeNyNvC43tmY',
    'to' => 'gh_5e8fd633e50f',
    'time' => '1593506966',
    'type' => 'text',
    'content' => 'http://www.boyufengmao.com/app/index.php?i=17&c=entry&m=ewei_shopv2&do=mobile&r=diypage&id=110',
    'redirection' => true,
    'source' => 'VIEW',
  ),
)

2020-06-30 16:49:26 response :
------------

2020-06-30 18:13:15 trace :
------------
String:
<xml><ToUserName><![CDATA[gh_f9b894563ef4]]></ToUserName>
<FromUserName><![CDATA[o5V8y1WBqwSTukafmn8w0AH5mluQ]]></FromUserName>
<CreateTime>1593511994</CreateTime>
<MsgType><![CDATA[event]]></MsgType>
<Event><![CDATA[VIEW]]></Event>
<EventKey><![CDATA[http://www.boyufengmao.com/app/index.php?i=6&c=entry&m=ewei_shopv2&do=mobile&r=diypage&id=35]]></EventKey>
<MenuId>445261982</MenuId>
</xml>

2020-06-30 18:13:15 params :
------------
String:
array (
  'rule' => -2,
  'module' => '',
  'message' => 
  array (
    'tousername' => 'gh_f9b894563ef4',
    'fromusername' => 'o5V8y1WBqwSTukafmn8w0AH5mluQ',
    'createtime' => '1593511994',
    'msgtype' => 'event',
    'event' => 'VIEW',
    'eventkey' => 'http://www.boyufengmao.com/app/index.php?i=6&c=entry&m=ewei_shopv2&do=mobile&r=diypage&id=35',
    'menuid' => '445261982',
    'from' => 'o5V8y1WBqwSTukafmn8w0AH5mluQ',
    'to' => 'gh_f9b894563ef4',
    'time' => '1593511994',
    'type' => 'text',
    'content' => 'http://www.boyufengmao.com/app/index.php?i=6&c=entry&m=ewei_shopv2&do=mobile&r=diypage&id=35',
    'redirection' => true,
    'source' => 'VIEW',
  ),
)

2020-06-30 18:13:15 response :
------------

2020-06-30 18:13:25 trace :
------------
String:
<xml><ToUserName><![CDATA[gh_f9b894563ef4]]></ToUserName>
<FromUserName><![CDATA[o5V8y1WBqwSTukafmn8w0AH5mluQ]]></FromUserName>
<CreateTime>1593512005</CreateTime>
<MsgType><![CDATA[event]]></MsgType>
<Event><![CDATA[VIEW]]></Event>
<EventKey><![CDATA[http://www.boyufengmao.com/app/index.php?i=6&c=entry&m=ewei_shopv2&do=mobile&r=diypage&id=35]]></EventKey>
<MenuId>445261982</MenuId>
</xml>

2020-06-30 18:13:25 params :
------------
String:
array (
  'rule' => -2,
  'module' => '',
  'message' => 
  array (
    'tousername' => 'gh_f9b894563ef4',
    'fromusername' => 'o5V8y1WBqwSTukafmn8w0AH5mluQ',
    'createtime' => '1593512005',
    'msgtype' => 'event',
    'event' => 'VIEW',
    'eventkey' => 'http://www.boyufengmao.com/app/index.php?i=6&c=entry&m=ewei_shopv2&do=mobile&r=diypage&id=35',
    'menuid' => '445261982',
    'from' => 'o5V8y1WBqwSTukafmn8w0AH5mluQ',
    'to' => 'gh_f9b894563ef4',
    'time' => '1593512005',
    'type' => 'text',
    'content' => 'http://www.boyufengmao.com/app/index.php?i=6&c=entry&m=ewei_shopv2&do=mobile&r=diypage&id=35',
    'redirection' => true,
    'source' => 'VIEW',
  ),
)

2020-06-30 18:13:25 response :
------------

2020-06-30 19:10:46 trace :
------------
String:
<xml><ToUserName><![CDATA[gh_f9b894563ef4]]></ToUserName>
<FromUserName><![CDATA[o5V8y1ZRNQQOA4vKbY4rxxqSioPg]]></FromUserName>
<CreateTime>1593515446</CreateTime>
<MsgType><![CDATA[event]]></MsgType>
<Event><![CDATA[subscribe]]></Event>
<EventKey><![CDATA[]]></EventKey>
</xml>

2020-06-30 19:10:46 params :
------------
String:
array (
  'rule' => -2,
  'module' => '',
  'message' => 
  array (
    'tousername' => 'gh_f9b894563ef4',
    'fromusername' => 'o5V8y1ZRNQQOA4vKbY4rxxqSioPg',
    'createtime' => '1593515446',
    'msgtype' => 'event',
    'event' => 'subscribe',
    'eventkey' => '',
    'from' => 'o5V8y1ZRNQQOA4vKbY4rxxqSioPg',
    'to' => 'gh_f9b894563ef4',
    'time' => '1593515446',
    'type' => 'text',
    'redirection' => true,
    'source' => 'subscribe',
  ),
)

2020-06-30 19:10:46 response :
------------

2020-06-30 19:10:55 trace :
------------
String:
<xml><ToUserName><![CDATA[gh_f9b894563ef4]]></ToUserName>
<FromUserName><![CDATA[o5V8y1ZRNQQOA4vKbY4rxxqSioPg]]></FromUserName>
<CreateTime>1593515454</CreateTime>
<MsgType><![CDATA[event]]></MsgType>
<Event><![CDATA[VIEW]]></Event>
<EventKey><![CDATA[http://www.boyufengmao.com/app/index.php?i=6&c=entry&m=ewei_shopv2&do=mobile&r=diypage&id=35]]></EventKey>
<MenuId>445261982</MenuId>
</xml>

2020-06-30 19:10:55 params :
------------
String:
array (
  'rule' => -2,
  'module' => '',
  'message' => 
  array (
    'tousername' => 'gh_f9b894563ef4',
    'fromusername' => 'o5V8y1ZRNQQOA4vKbY4rxxqSioPg',
    'createtime' => '1593515454',
    'msgtype' => 'event',
    'event' => 'VIEW',
    'eventkey' => 'http://www.boyufengmao.com/app/index.php?i=6&c=entry&m=ewei_shopv2&do=mobile&r=diypage&id=35',
    'menuid' => '445261982',
    'from' => 'o5V8y1ZRNQQOA4vKbY4rxxqSioPg',
    'to' => 'gh_f9b894563ef4',
    'time' => '1593515454',
    'type' => 'text',
    'content' => 'http://www.boyufengmao.com/app/index.php?i=6&c=entry&m=ewei_shopv2&do=mobile&r=diypage&id=35',
    'redirection' => true,
    'source' => 'VIEW',
  ),
)

2020-06-30 19:10:55 response :
------------

2020-06-30 20:19:45 trace :
------------
String:
<xml><ToUserName><![CDATA[gh_f9b894563ef4]]></ToUserName>
<FromUserName><![CDATA[o5V8y1WBfqTWdf4t8kbFfajljyv4]]></FromUserName>
<CreateTime>1593519585</CreateTime>
<MsgType><![CDATA[event]]></MsgType>
<Event><![CDATA[subscribe]]></Event>
<EventKey><![CDATA[]]></EventKey>
</xml>

2020-06-30 20:19:45 params :
------------
String:
array (
  'rule' => -2,
  'module' => '',
  'message' => 
  array (
    'tousername' => 'gh_f9b894563ef4',
    'fromusername' => 'o5V8y1WBfqTWdf4t8kbFfajljyv4',
    'createtime' => '1593519585',
    'msgtype' => 'event',
    'event' => 'subscribe',
    'eventkey' => '',
    'from' => 'o5V8y1WBfqTWdf4t8kbFfajljyv4',
    'to' => 'gh_f9b894563ef4',
    'time' => '1593519585',
    'type' => 'text',
    'redirection' => true,
    'source' => 'subscribe',
  ),
)

2020-06-30 20:19:45 response :
------------

2020-06-30 20:19:51 trace :
------------
String:
<xml><ToUserName><![CDATA[gh_f9b894563ef4]]></ToUserName>
<FromUserName><![CDATA[o5V8y1WBfqTWdf4t8kbFfajljyv4]]></FromUserName>
<CreateTime>1593519591</CreateTime>
<MsgType><![CDATA[event]]></MsgType>
<Event><![CDATA[VIEW]]></Event>
<EventKey><![CDATA[http://www.boyufengmao.com/app/index.php?i=6&c=entry&m=ewei_shopv2&do=mobile&r=diypage&id=35]]></EventKey>
<MenuId>445261982</MenuId>
</xml>

2020-06-30 20:19:51 params :
------------
String:
array (
  'rule' => -2,
  'module' => '',
  'message' => 
  array (
    'tousername' => 'gh_f9b894563ef4',
    'fromusername' => 'o5V8y1WBfqTWdf4t8kbFfajljyv4',
    'createtime' => '1593519591',
    'msgtype' => 'event',
    'event' => 'VIEW',
    'eventkey' => 'http://www.boyufengmao.com/app/index.php?i=6&c=entry&m=ewei_shopv2&do=mobile&r=diypage&id=35',
    'menuid' => '445261982',
    'from' => 'o5V8y1WBfqTWdf4t8kbFfajljyv4',
    'to' => 'gh_f9b894563ef4',
    'time' => '1593519591',
    'type' => 'text',
    'content' => 'http://www.boyufengmao.com/app/index.php?i=6&c=entry&m=ewei_shopv2&do=mobile&r=diypage&id=35',
    'redirection' => true,
    'source' => 'VIEW',
  ),
)

2020-06-30 20:19:51 response :
------------

2020-06-30 20:21:07 trace :
------------
String:
<xml><ToUserName><![CDATA[gh_f9b894563ef4]]></ToUserName>
<FromUserName><![CDATA[o5V8y1bH88XXb06v4-ozLzaVMVVo]]></FromUserName>
<CreateTime>1593519667</CreateTime>
<MsgType><![CDATA[event]]></MsgType>
<Event><![CDATA[VIEW]]></Event>
<EventKey><![CDATA[http://www.boyufengmao.com/app/index.php?i=6&c=entry&m=ewei_shopv2&do=mobile&r=diypage&id=35]]></EventKey>
<MenuId>445261982</MenuId>
</xml>

2020-06-30 20:21:07 params :
------------
String:
array (
  'rule' => -2,
  'module' => '',
  'message' => 
  array (
    'tousername' => 'gh_f9b894563ef4',
    'fromusername' => 'o5V8y1bH88XXb06v4-ozLzaVMVVo',
    'createtime' => '1593519667',
    'msgtype' => 'event',
    'event' => 'VIEW',
    'eventkey' => 'http://www.boyufengmao.com/app/index.php?i=6&c=entry&m=ewei_shopv2&do=mobile&r=diypage&id=35',
    'menuid' => '445261982',
    'from' => 'o5V8y1bH88XXb06v4-ozLzaVMVVo',
    'to' => 'gh_f9b894563ef4',
    'time' => '1593519667',
    'type' => 'text',
    'content' => 'http://www.boyufengmao.com/app/index.php?i=6&c=entry&m=ewei_shopv2&do=mobile&r=diypage&id=35',
    'redirection' => true,
    'source' => 'VIEW',
  ),
)

2020-06-30 20:21:07 response :
------------

2020-06-30 20:22:01 trace :
------------
String:
<xml><ToUserName><![CDATA[gh_f9b894563ef4]]></ToUserName>
<FromUserName><![CDATA[o5V8y1bH88XXb06v4-ozLzaVMVVo]]></FromUserName>
<CreateTime>1593519720</CreateTime>
<MsgType><![CDATA[event]]></MsgType>
<Event><![CDATA[VIEW]]></Event>
<EventKey><![CDATA[http://www.boyufengmao.com/app/index.php?i=6&c=entry&m=ewei_shopv2&do=mobile]]></EventKey>
<MenuId>445261982</MenuId>
</xml>

2020-06-30 20:22:01 params :
------------
String:
array (
  'rule' => -2,
  'module' => '',
  'message' => 
  array (
    'tousername' => 'gh_f9b894563ef4',
    'fromusername' => 'o5V8y1bH88XXb06v4-ozLzaVMVVo',
    'createtime' => '1593519720',
    'msgtype' => 'event',
    'event' => 'VIEW',
    'eventkey' => 'http://www.boyufengmao.com/app/index.php?i=6&c=entry&m=ewei_shopv2&do=mobile',
    'menuid' => '445261982',
    'from' => 'o5V8y1bH88XXb06v4-ozLzaVMVVo',
    'to' => 'gh_f9b894563ef4',
    'time' => '1593519720',
    'type' => 'text',
    'content' => 'http://www.boyufengmao.com/app/index.php?i=6&c=entry&m=ewei_shopv2&do=mobile',
    'redirection' => true,
    'source' => 'VIEW',
  ),
)

2020-06-30 20:22:01 response :
------------

2020-06-30 20:25:09 trace :
------------
String:
<xml><ToUserName><![CDATA[gh_f9b894563ef4]]></ToUserName>
<FromUserName><![CDATA[o5V8y1cvPzyIv7Ps_-iVO8jIQBjU]]></FromUserName>
<CreateTime>1593519909</CreateTime>
<MsgType><![CDATA[event]]></MsgType>
<Event><![CDATA[subscribe]]></Event>
<EventKey><![CDATA[]]></EventKey>
</xml>

2020-06-30 20:25:10 params :
------------
String:
array (
  'rule' => -2,
  'module' => '',
  'message' => 
  array (
    'tousername' => 'gh_f9b894563ef4',
    'fromusername' => 'o5V8y1cvPzyIv7Ps_-iVO8jIQBjU',
    'createtime' => '1593519909',
    'msgtype' => 'event',
    'event' => 'subscribe',
    'eventkey' => '',
    'from' => 'o5V8y1cvPzyIv7Ps_-iVO8jIQBjU',
    'to' => 'gh_f9b894563ef4',
    'time' => '1593519909',
    'type' => 'text',
    'redirection' => true,
    'source' => 'subscribe',
  ),
)

2020-06-30 20:25:10 response :
------------

2020-06-30 20:25:12 trace :
------------
String:
<xml><ToUserName><![CDATA[gh_f9b894563ef4]]></ToUserName>
<FromUserName><![CDATA[o5V8y1cvPzyIv7Ps_-iVO8jIQBjU]]></FromUserName>
<CreateTime>1593519912</CreateTime>
<MsgType><![CDATA[event]]></MsgType>
<Event><![CDATA[VIEW]]></Event>
<EventKey><![CDATA[http://www.boyufengmao.com/app/index.php?i=6&c=entry&m=ewei_shopv2&do=mobile]]></EventKey>
<MenuId>445261982</MenuId>
</xml>

2020-06-30 20:25:12 params :
------------
String:
array (
  'rule' => -2,
  'module' => '',
  'message' => 
  array (
    'tousername' => 'gh_f9b894563ef4',
    'fromusername' => 'o5V8y1cvPzyIv7Ps_-iVO8jIQBjU',
    'createtime' => '1593519912',
    'msgtype' => 'event',
    'event' => 'VIEW',
    'eventkey' => 'http://www.boyufengmao.com/app/index.php?i=6&c=entry&m=ewei_shopv2&do=mobile',
    'menuid' => '445261982',
    'from' => 'o5V8y1cvPzyIv7Ps_-iVO8jIQBjU',
    'to' => 'gh_f9b894563ef4',
    'time' => '1593519912',
    'type' => 'text',
    'content' => 'http://www.boyufengmao.com/app/index.php?i=6&c=entry&m=ewei_shopv2&do=mobile',
    'redirection' => true,
    'source' => 'VIEW',
  ),
)

2020-06-30 20:25:12 response :
------------

2020-06-30 21:10:03 trace :
------------
String:
<xml><ToUserName><![CDATA[gh_f9b894563ef4]]></ToUserName>
<FromUserName><![CDATA[o5V8y1VDjFKguP7Gw4HPa-DBijYU]]></FromUserName>
<CreateTime>1593522603</CreateTime>
<MsgType><![CDATA[event]]></MsgType>
<Event><![CDATA[subscribe]]></Event>
<EventKey><![CDATA[]]></EventKey>
</xml>

2020-06-30 21:10:03 params :
------------
String:
array (
  'rule' => -2,
  'module' => '',
  'message' => 
  array (
    'tousername' => 'gh_f9b894563ef4',
    'fromusername' => 'o5V8y1VDjFKguP7Gw4HPa-DBijYU',
    'createtime' => '1593522603',
    'msgtype' => 'event',
    'event' => 'subscribe',
    'eventkey' => '',
    'from' => 'o5V8y1VDjFKguP7Gw4HPa-DBijYU',
    'to' => 'gh_f9b894563ef4',
    'time' => '1593522603',
    'type' => 'text',
    'redirection' => true,
    'source' => 'subscribe',
  ),
)

2020-06-30 21:10:03 response :
------------

2020-06-30 21:34:47 trace :
------------
String:
<xml><ToUserName><![CDATA[gh_f9b894563ef4]]></ToUserName>
<FromUserName><![CDATA[o5V8y1QSW89fGln2hJawTHxJwims]]></FromUserName>
<CreateTime>1593524086</CreateTime>
<MsgType><![CDATA[event]]></MsgType>
<Event><![CDATA[subscribe]]></Event>
<EventKey><![CDATA[]]></EventKey>
</xml>

2020-06-30 21:34:47 params :
------------
String:
array (
  'rule' => -2,
  'module' => '',
  'message' => 
  array (
    'tousername' => 'gh_f9b894563ef4',
    'fromusername' => 'o5V8y1QSW89fGln2hJawTHxJwims',
    'createtime' => '1593524086',
    'msgtype' => 'event',
    'event' => 'subscribe',
    'eventkey' => '',
    'from' => 'o5V8y1QSW89fGln2hJawTHxJwims',
    'to' => 'gh_f9b894563ef4',
    'time' => '1593524086',
    'type' => 'text',
    'redirection' => true,
    'source' => 'subscribe',
  ),
)

2020-06-30 21:34:47 response :
------------

2020-06-30 21:34:51 trace :
------------
String:
<xml><ToUserName><![CDATA[gh_f9b894563ef4]]></ToUserName>
<FromUserName><![CDATA[o5V8y1QSW89fGln2hJawTHxJwims]]></FromUserName>
<CreateTime>1593524091</CreateTime>
<MsgType><![CDATA[event]]></MsgType>
<Event><![CDATA[VIEW]]></Event>
<EventKey><![CDATA[http://www.boyufengmao.com/app/index.php?i=6&c=entry&m=ewei_shopv2&do=mobile&r=diypage&id=35]]></EventKey>
<MenuId>445261982</MenuId>
</xml>

2020-06-30 21:34:51 params :
------------
String:
array (
  'rule' => -2,
  'module' => '',
  'message' => 
  array (
    'tousername' => 'gh_f9b894563ef4',
    'fromusername' => 'o5V8y1QSW89fGln2hJawTHxJwims',
    'createtime' => '1593524091',
    'msgtype' => 'event',
    'event' => 'VIEW',
    'eventkey' => 'http://www.boyufengmao.com/app/index.php?i=6&c=entry&m=ewei_shopv2&do=mobile&r=diypage&id=35',
    'menuid' => '445261982',
    'from' => 'o5V8y1QSW89fGln2hJawTHxJwims',
    'to' => 'gh_f9b894563ef4',
    'time' => '1593524091',
    'type' => 'text',
    'content' => 'http://www.boyufengmao.com/app/index.php?i=6&c=entry&m=ewei_shopv2&do=mobile&r=diypage&id=35',
    'redirection' => true,
    'source' => 'VIEW',
  ),
)

2020-06-30 21:34:51 response :
------------

2020-06-30 21:35:00 trace :
------------
String:
<xml><ToUserName><![CDATA[gh_f9b894563ef4]]></ToUserName>
<FromUserName><![CDATA[o5V8y1QSW89fGln2hJawTHxJwims]]></FromUserName>
<CreateTime>1593524100</CreateTime>
<MsgType><![CDATA[event]]></MsgType>
<Event><![CDATA[VIEW]]></Event>
<EventKey><![CDATA[http://www.boyufengmao.com/app/index.php?i=6&c=entry&m=ewei_shopv2&do=mobile]]></EventKey>
<MenuId>445261982</MenuId>
</xml>

2020-06-30 21:35:00 params :
------------
String:
array (
  'rule' => -2,
  'module' => '',
  'message' => 
  array (
    'tousername' => 'gh_f9b894563ef4',
    'fromusername' => 'o5V8y1QSW89fGln2hJawTHxJwims',
    'createtime' => '1593524100',
    'msgtype' => 'event',
    'event' => 'VIEW',
    'eventkey' => 'http://www.boyufengmao.com/app/index.php?i=6&c=entry&m=ewei_shopv2&do=mobile',
    'menuid' => '445261982',
    'from' => 'o5V8y1QSW89fGln2hJawTHxJwims',
    'to' => 'gh_f9b894563ef4',
    'time' => '1593524100',
    'type' => 'text',
    'content' => 'http://www.boyufengmao.com/app/index.php?i=6&c=entry&m=ewei_shopv2&do=mobile',
    'redirection' => true,
    'source' => 'VIEW',
  ),
)

2020-06-30 21:35:00 response :
------------

2020-06-30 21:35:05 trace :
------------
String:
<xml><ToUserName><![CDATA[gh_f9b894563ef4]]></ToUserName>
<FromUserName><![CDATA[o5V8y1QSW89fGln2hJawTHxJwims]]></FromUserName>
<CreateTime>1593524104</CreateTime>
<MsgType><![CDATA[event]]></MsgType>
<Event><![CDATA[VIEW]]></Event>
<EventKey><![CDATA[http://www.boyufengmao.com/app/index.php?i=6&c=entry&m=ewei_shopv2&do=mobile]]></EventKey>
<MenuId>445261982</MenuId>
</xml>

2020-06-30 21:35:05 params :
------------
String:
array (
  'rule' => -2,
  'module' => '',
  'message' => 
  array (
    'tousername' => 'gh_f9b894563ef4',
    'fromusername' => 'o5V8y1QSW89fGln2hJawTHxJwims',
    'createtime' => '1593524104',
    'msgtype' => 'event',
    'event' => 'VIEW',
    'eventkey' => 'http://www.boyufengmao.com/app/index.php?i=6&c=entry&m=ewei_shopv2&do=mobile',
    'menuid' => '445261982',
    'from' => 'o5V8y1QSW89fGln2hJawTHxJwims',
    'to' => 'gh_f9b894563ef4',
    'time' => '1593524104',
    'type' => 'text',
    'content' => 'http://www.boyufengmao.com/app/index.php?i=6&c=entry&m=ewei_shopv2&do=mobile',
    'redirection' => true,
    'source' => 'VIEW',
  ),
)

2020-06-30 21:35:05 response :
------------

2020-06-30 21:36:05 trace :
------------
String:
<xml><ToUserName><![CDATA[gh_f9b894563ef4]]></ToUserName>
<FromUserName><![CDATA[o5V8y1QSW89fGln2hJawTHxJwims]]></FromUserName>
<CreateTime>1593524165</CreateTime>
<MsgType><![CDATA[event]]></MsgType>
<Event><![CDATA[VIEW]]></Event>
<EventKey><![CDATA[http://www.boyufengmao.com/app/index.php?i=6&c=entry&m=ewei_shopv2&do=mobile&r=diypage&id=35]]></EventKey>
<MenuId>445261982</MenuId>
</xml>

2020-06-30 21:36:05 params :
------------
String:
array (
  'rule' => -2,
  'module' => '',
  'message' => 
  array (
    'tousername' => 'gh_f9b894563ef4',
    'fromusername' => 'o5V8y1QSW89fGln2hJawTHxJwims',
    'createtime' => '1593524165',
    'msgtype' => 'event',
    'event' => 'VIEW',
    'eventkey' => 'http://www.boyufengmao.com/app/index.php?i=6&c=entry&m=ewei_shopv2&do=mobile&r=diypage&id=35',
    'menuid' => '445261982',
    'from' => 'o5V8y1QSW89fGln2hJawTHxJwims',
    'to' => 'gh_f9b894563ef4',
    'time' => '1593524165',
    'type' => 'text',
    'content' => 'http://www.boyufengmao.com/app/index.php?i=6&c=entry&m=ewei_shopv2&do=mobile&r=diypage&id=35',
    'redirection' => true,
    'source' => 'VIEW',
  ),
)

2020-06-30 21:36:05 response :
------------

2020-06-30 21:36:24 trace :
------------
String:
<xml><ToUserName><![CDATA[gh_f9b894563ef4]]></ToUserName>
<FromUserName><![CDATA[o5V8y1QSW89fGln2hJawTHxJwims]]></FromUserName>
<CreateTime>1593524184</CreateTime>
<MsgType><![CDATA[event]]></MsgType>
<Event><![CDATA[VIEW]]></Event>
<EventKey><![CDATA[http://www.boyufengmao.com/app/index.php?i=6&c=entry&m=ewei_shopv2&do=mobile&r=diypage&id=35]]></EventKey>
<MenuId>445261982</MenuId>
</xml>

2020-06-30 21:36:24 params :
------------
String:
array (
  'rule' => -2,
  'module' => '',
  'message' => 
  array (
    'tousername' => 'gh_f9b894563ef4',
    'fromusername' => 'o5V8y1QSW89fGln2hJawTHxJwims',
    'createtime' => '1593524184',
    'msgtype' => 'event',
    'event' => 'VIEW',
    'eventkey' => 'http://www.boyufengmao.com/app/index.php?i=6&c=entry&m=ewei_shopv2&do=mobile&r=diypage&id=35',
    'menuid' => '445261982',
    'from' => 'o5V8y1QSW89fGln2hJawTHxJwims',
    'to' => 'gh_f9b894563ef4',
    'time' => '1593524184',
    'type' => 'text',
    'content' => 'http://www.boyufengmao.com/app/index.php?i=6&c=entry&m=ewei_shopv2&do=mobile&r=diypage&id=35',
    'redirection' => true,
    'source' => 'VIEW',
  ),
)

2020-06-30 21:36:24 response :
------------

2020-06-30 21:38:50 trace :
------------
String:
<xml><ToUserName><![CDATA[gh_f9b894563ef4]]></ToUserName>
<FromUserName><![CDATA[o5V8y1cvPzyIv7Ps_-iVO8jIQBjU]]></FromUserName>
<CreateTime>1593524330</CreateTime>
<MsgType><![CDATA[event]]></MsgType>
<Event><![CDATA[VIEW]]></Event>
<EventKey><![CDATA[http://www.boyufengmao.com/app/index.php?i=6&c=entry&m=ewei_shopv2&do=mobile&r=diypage&id=35]]></EventKey>
<MenuId>445261982</MenuId>
</xml>

2020-06-30 21:38:50 params :
------------
String:
array (
  'rule' => -2,
  'module' => '',
  'message' => 
  array (
    'tousername' => 'gh_f9b894563ef4',
    'fromusername' => 'o5V8y1cvPzyIv7Ps_-iVO8jIQBjU',
    'createtime' => '1593524330',
    'msgtype' => 'event',
    'event' => 'VIEW',
    'eventkey' => 'http://www.boyufengmao.com/app/index.php?i=6&c=entry&m=ewei_shopv2&do=mobile&r=diypage&id=35',
    'menuid' => '445261982',
    'from' => 'o5V8y1cvPzyIv7Ps_-iVO8jIQBjU',
    'to' => 'gh_f9b894563ef4',
    'time' => '1593524330',
    'type' => 'text',
    'content' => 'http://www.boyufengmao.com/app/index.php?i=6&c=entry&m=ewei_shopv2&do=mobile&r=diypage&id=35',
    'redirection' => true,
    'source' => 'VIEW',
  ),
)

2020-06-30 21:38:50 response :
------------

2020-06-30 21:39:28 trace :
------------
String:
<xml><ToUserName><![CDATA[gh_f9b894563ef4]]></ToUserName>
<FromUserName><![CDATA[o5V8y1cvPzyIv7Ps_-iVO8jIQBjU]]></FromUserName>
<CreateTime>1593524368</CreateTime>
<MsgType><![CDATA[event]]></MsgType>
<Event><![CDATA[VIEW]]></Event>
<EventKey><![CDATA[http://www.boyufengmao.com/app/index.php?i=6&c=entry&m=ewei_shopv2&do=mobile&r=diypage&id=35]]></EventKey>
<MenuId>445261982</MenuId>
</xml>

2020-06-30 21:39:28 params :
------------
String:
array (
  'rule' => -2,
  'module' => '',
  'message' => 
  array (
    'tousername' => 'gh_f9b894563ef4',
    'fromusername' => 'o5V8y1cvPzyIv7Ps_-iVO8jIQBjU',
    'createtime' => '1593524368',
    'msgtype' => 'event',
    'event' => 'VIEW',
    'eventkey' => 'http://www.boyufengmao.com/app/index.php?i=6&c=entry&m=ewei_shopv2&do=mobile&r=diypage&id=35',
    'menuid' => '445261982',
    'from' => 'o5V8y1cvPzyIv7Ps_-iVO8jIQBjU',
    'to' => 'gh_f9b894563ef4',
    'time' => '1593524368',
    'type' => 'text',
    'content' => 'http://www.boyufengmao.com/app/index.php?i=6&c=entry&m=ewei_shopv2&do=mobile&r=diypage&id=35',
    'redirection' => true,
    'source' => 'VIEW',
  ),
)

2020-06-30 21:39:28 response :
------------

2020-06-30 22:22:42 trace :
------------
String:
<xml><ToUserName><![CDATA[gh_f9b894563ef4]]></ToUserName>
<FromUserName><![CDATA[o5V8y1Tc6WZqeztv4bZysfrEFVvo]]></FromUserName>
<CreateTime>1593526962</CreateTime>
<MsgType><![CDATA[event]]></MsgType>
<Event><![CDATA[VIEW]]></Event>
<EventKey><![CDATA[http://www.boyufengmao.com/app/index.php?i=6&c=entry&m=ewei_shopv2&do=mobile&r=diypage&id=35]]></EventKey>
<MenuId>445261982</MenuId>
</xml>

2020-06-30 22:22:42 params :
------------
String:
array (
  'rule' => -2,
  'module' => '',
  'message' => 
  array (
    'tousername' => 'gh_f9b894563ef4',
    'fromusername' => 'o5V8y1Tc6WZqeztv4bZysfrEFVvo',
    'createtime' => '1593526962',
    'msgtype' => 'event',
    'event' => 'VIEW',
    'eventkey' => 'http://www.boyufengmao.com/app/index.php?i=6&c=entry&m=ewei_shopv2&do=mobile&r=diypage&id=35',
    'menuid' => '445261982',
    'from' => 'o5V8y1Tc6WZqeztv4bZysfrEFVvo',
    'to' => 'gh_f9b894563ef4',
    'time' => '1593526962',
    'type' => 'text',
    'content' => 'http://www.boyufengmao.com/app/index.php?i=6&c=entry&m=ewei_shopv2&do=mobile&r=diypage&id=35',
    'redirection' => true,
    'source' => 'VIEW',
  ),
)

2020-06-30 22:22:42 response :
------------

2020-06-30 22:25:38 trace :
------------
String:
<xml><ToUserName><![CDATA[gh_f9b894563ef4]]></ToUserName>
<FromUserName><![CDATA[o5V8y1ZmFhwWJJYBZFDsAAZNP7LA]]></FromUserName>
<CreateTime>1593527138</CreateTime>
<MsgType><![CDATA[event]]></MsgType>
<Event><![CDATA[subscribe]]></Event>
<EventKey><![CDATA[]]></EventKey>
</xml>

2020-06-30 22:25:38 params :
------------
String:
array (
  'rule' => -2,
  'module' => '',
  'message' => 
  array (
    'tousername' => 'gh_f9b894563ef4',
    'fromusername' => 'o5V8y1ZmFhwWJJYBZFDsAAZNP7LA',
    'createtime' => '1593527138',
    'msgtype' => 'event',
    'event' => 'subscribe',
    'eventkey' => '',
    'from' => 'o5V8y1ZmFhwWJJYBZFDsAAZNP7LA',
    'to' => 'gh_f9b894563ef4',
    'time' => '1593527138',
    'type' => 'text',
    'redirection' => true,
    'source' => 'subscribe',
  ),
)

2020-06-30 22:25:38 response :
------------

2020-06-30 22:25:41 trace :
------------
String:
<xml><ToUserName><![CDATA[gh_f9b894563ef4]]></ToUserName>
<FromUserName><![CDATA[o5V8y1ZmFhwWJJYBZFDsAAZNP7LA]]></FromUserName>
<CreateTime>1593527141</CreateTime>
<MsgType><![CDATA[event]]></MsgType>
<Event><![CDATA[VIEW]]></Event>
<EventKey><![CDATA[http://www.boyufengmao.com/app/index.php?i=6&c=entry&m=ewei_shopv2&do=mobile&r=diypage&id=35]]></EventKey>
<MenuId>445261982</MenuId>
</xml>

2020-06-30 22:25:41 params :
------------
String:
array (
  'rule' => -2,
  'module' => '',
  'message' => 
  array (
    'tousername' => 'gh_f9b894563ef4',
    'fromusername' => 'o5V8y1ZmFhwWJJYBZFDsAAZNP7LA',
    'createtime' => '1593527141',
    'msgtype' => 'event',
    'event' => 'VIEW',
    'eventkey' => 'http://www.boyufengmao.com/app/index.php?i=6&c=entry&m=ewei_shopv2&do=mobile&r=diypage&id=35',
    'menuid' => '445261982',
    'from' => 'o5V8y1ZmFhwWJJYBZFDsAAZNP7LA',
    'to' => 'gh_f9b894563ef4',
    'time' => '1593527141',
    'type' => 'text',
    'content' => 'http://www.boyufengmao.com/app/index.php?i=6&c=entry&m=ewei_shopv2&do=mobile&r=diypage&id=35',
    'redirection' => true,
    'source' => 'VIEW',
  ),
)

2020-06-30 22:25:41 response :
------------

2020-06-30 22:48:30 trace :
------------
String:
<xml><ToUserName><![CDATA[gh_f9b894563ef4]]></ToUserName>
<FromUserName><![CDATA[o5V8y1WWUk2NtxeUR-5M5qyFElI8]]></FromUserName>
<CreateTime>1593528510</CreateTime>
<MsgType><![CDATA[event]]></MsgType>
<Event><![CDATA[subscribe]]></Event>
<EventKey><![CDATA[]]></EventKey>
</xml>

2020-06-30 22:48:30 params :
------------
String:
array (
  'rule' => -2,
  'module' => '',
  'message' => 
  array (
    'tousername' => 'gh_f9b894563ef4',
    'fromusername' => 'o5V8y1WWUk2NtxeUR-5M5qyFElI8',
    'createtime' => '1593528510',
    'msgtype' => 'event',
    'event' => 'subscribe',
    'eventkey' => '',
    'from' => 'o5V8y1WWUk2NtxeUR-5M5qyFElI8',
    'to' => 'gh_f9b894563ef4',
    'time' => '1593528510',
    'type' => 'text',
    'redirection' => true,
    'source' => 'subscribe',
  ),
)

2020-06-30 22:48:30 response :
------------

2020-06-30 22:48:33 trace :
------------
String:
<xml><ToUserName><![CDATA[gh_f9b894563ef4]]></ToUserName>
<FromUserName><![CDATA[o5V8y1WWUk2NtxeUR-5M5qyFElI8]]></FromUserName>
<CreateTime>1593528513</CreateTime>
<MsgType><![CDATA[event]]></MsgType>
<Event><![CDATA[VIEW]]></Event>
<EventKey><![CDATA[http://www.boyufengmao.com/app/index.php?i=6&c=entry&m=ewei_shopv2&do=mobile&r=diypage&id=35]]></EventKey>
<MenuId>445261982</MenuId>
</xml>

2020-06-30 22:48:33 params :
------------
String:
array (
  'rule' => -2,
  'module' => '',
  'message' => 
  array (
    'tousername' => 'gh_f9b894563ef4',
    'fromusername' => 'o5V8y1WWUk2NtxeUR-5M5qyFElI8',
    'createtime' => '1593528513',
    'msgtype' => 'event',
    'event' => 'VIEW',
    'eventkey' => 'http://www.boyufengmao.com/app/index.php?i=6&c=entry&m=ewei_shopv2&do=mobile&r=diypage&id=35',
    'menuid' => '445261982',
    'from' => 'o5V8y1WWUk2NtxeUR-5M5qyFElI8',
    'to' => 'gh_f9b894563ef4',
    'time' => '1593528513',
    'type' => 'text',
    'content' => 'http://www.boyufengmao.com/app/index.php?i=6&c=entry&m=ewei_shopv2&do=mobile&r=diypage&id=35',
    'redirection' => true,
    'source' => 'VIEW',
  ),
)

2020-06-30 22:48:33 response :
------------

2020-06-30 22:50:48 trace :
------------
String:
<xml><ToUserName><![CDATA[gh_f9b894563ef4]]></ToUserName>
<FromUserName><![CDATA[o5V8y1TVVR7kxZD6foHeLZuEFPmc]]></FromUserName>
<CreateTime>1593528648</CreateTime>
<MsgType><![CDATA[event]]></MsgType>
<Event><![CDATA[subscribe]]></Event>
<EventKey><![CDATA[]]></EventKey>
</xml>

2020-06-30 22:50:48 params :
------------
String:
array (
  'rule' => -2,
  'module' => '',
  'message' => 
  array (
    'tousername' => 'gh_f9b894563ef4',
    'fromusername' => 'o5V8y1TVVR7kxZD6foHeLZuEFPmc',
    'createtime' => '1593528648',
    'msgtype' => 'event',
    'event' => 'subscribe',
    'eventkey' => '',
    'from' => 'o5V8y1TVVR7kxZD6foHeLZuEFPmc',
    'to' => 'gh_f9b894563ef4',
    'time' => '1593528648',
    'type' => 'text',
    'redirection' => true,
    'source' => 'subscribe',
  ),
)

2020-06-30 22:50:48 response :
------------

2020-06-30 22:50:51 trace :
------------
String:
<xml><ToUserName><![CDATA[gh_f9b894563ef4]]></ToUserName>
<FromUserName><![CDATA[o5V8y1TVVR7kxZD6foHeLZuEFPmc]]></FromUserName>
<CreateTime>1593528650</CreateTime>
<MsgType><![CDATA[event]]></MsgType>
<Event><![CDATA[VIEW]]></Event>
<EventKey><![CDATA[http://www.boyufengmao.com/app/index.php?i=6&c=entry&m=ewei_shopv2&do=mobile&r=diypage&id=35]]></EventKey>
<MenuId>445261982</MenuId>
</xml>

2020-06-30 22:50:51 params :
------------
String:
array (
  'rule' => -2,
  'module' => '',
  'message' => 
  array (
    'tousername' => 'gh_f9b894563ef4',
    'fromusername' => 'o5V8y1TVVR7kxZD6foHeLZuEFPmc',
    'createtime' => '1593528650',
    'msgtype' => 'event',
    'event' => 'VIEW',
    'eventkey' => 'http://www.boyufengmao.com/app/index.php?i=6&c=entry&m=ewei_shopv2&do=mobile&r=diypage&id=35',
    'menuid' => '445261982',
    'from' => 'o5V8y1TVVR7kxZD6foHeLZuEFPmc',
    'to' => 'gh_f9b894563ef4',
    'time' => '1593528650',
    'type' => 'text',
    'content' => 'http://www.boyufengmao.com/app/index.php?i=6&c=entry&m=ewei_shopv2&do=mobile&r=diypage&id=35',
    'redirection' => true,
    'source' => 'VIEW',
  ),
)

2020-06-30 22:50:51 response :
------------

