2020-09-18 09:14:13 trace :
------------
String:
<xml><ToUserName><![CDATA[gh_316bf7a9301b]]></ToUserName>
<FromUserName><![CDATA[o5UrA0nleQfUJVAy2YVfNIj_0Scs]]></FromUserName>
<CreateTime>1600391653</CreateTime>
<MsgType><![CDATA[event]]></MsgType>
<Event><![CDATA[VIEW]]></Event>
<EventKey><![CDATA[http://www.boyufengmao.com/app/index.php?i=27&c=entry&m=ewei_shopv2&do=mobile]]></EventKey>
<MenuId>425235952</MenuId>
</xml>

2020-09-18 09:14:13 params :
------------
String:
array (
  'rule' => -2,
  'module' => '',
  'message' => 
  array (
    'tousername' => 'gh_316bf7a9301b',
    'fromusername' => 'o5UrA0nleQfUJVAy2YVfNIj_0Scs',
    'createtime' => '1600391653',
    'msgtype' => 'event',
    'event' => 'VIEW',
    'eventkey' => 'http://www.boyufengmao.com/app/index.php?i=27&c=entry&m=ewei_shopv2&do=mobile',
    'menuid' => '425235952',
    'from' => 'o5UrA0nleQfUJVAy2YVfNIj_0Scs',
    'to' => 'gh_316bf7a9301b',
    'time' => '1600391653',
    'type' => 'text',
    'content' => 'http://www.boyufengmao.com/app/index.php?i=27&c=entry&m=ewei_shopv2&do=mobile',
    'redirection' => true,
    'source' => 'VIEW',
  ),
)

2020-09-18 09:14:13 response :
------------

2020-09-18 09:15:10 trace :
------------
String:
<xml><ToUserName><![CDATA[gh_316bf7a9301b]]></ToUserName>
<FromUserName><![CDATA[o5UrA0nleQfUJVAy2YVfNIj_0Scs]]></FromUserName>
<CreateTime>1600391710</CreateTime>
<MsgType><![CDATA[event]]></MsgType>
<Event><![CDATA[VIEW]]></Event>
<EventKey><![CDATA[http://www.boyufengmao.com/app/index.php?i=27&c=entry&m=ewei_shopv2&do=mobile]]></EventKey>
<MenuId>425235952</MenuId>
</xml>

2020-09-18 09:15:10 params :
------------
String:
array (
  'rule' => -2,
  'module' => '',
  'message' => 
  array (
    'tousername' => 'gh_316bf7a9301b',
    'fromusername' => 'o5UrA0nleQfUJVAy2YVfNIj_0Scs',
    'createtime' => '1600391710',
    'msgtype' => 'event',
    'event' => 'VIEW',
    'eventkey' => 'http://www.boyufengmao.com/app/index.php?i=27&c=entry&m=ewei_shopv2&do=mobile',
    'menuid' => '425235952',
    'from' => 'o5UrA0nleQfUJVAy2YVfNIj_0Scs',
    'to' => 'gh_316bf7a9301b',
    'time' => '1600391710',
    'type' => 'text',
    'content' => 'http://www.boyufengmao.com/app/index.php?i=27&c=entry&m=ewei_shopv2&do=mobile',
    'redirection' => true,
    'source' => 'VIEW',
  ),
)

2020-09-18 09:15:10 response :
------------

2020-09-18 09:16:17 trace :
------------
String:
<xml><ToUserName><![CDATA[gh_316bf7a9301b]]></ToUserName>
<FromUserName><![CDATA[o5UrA0nleQfUJVAy2YVfNIj_0Scs]]></FromUserName>
<CreateTime>1600391777</CreateTime>
<MsgType><![CDATA[event]]></MsgType>
<Event><![CDATA[VIEW]]></Event>
<EventKey><![CDATA[http://www.boyufengmao.com/app/index.php?i=27&c=entry&m=ewei_shopv2&do=mobile]]></EventKey>
<MenuId>425235952</MenuId>
</xml>

2020-09-18 09:16:17 params :
------------
String:
array (
  'rule' => -2,
  'module' => '',
  'message' => 
  array (
    'tousername' => 'gh_316bf7a9301b',
    'fromusername' => 'o5UrA0nleQfUJVAy2YVfNIj_0Scs',
    'createtime' => '1600391777',
    'msgtype' => 'event',
    'event' => 'VIEW',
    'eventkey' => 'http://www.boyufengmao.com/app/index.php?i=27&c=entry&m=ewei_shopv2&do=mobile',
    'menuid' => '425235952',
    'from' => 'o5UrA0nleQfUJVAy2YVfNIj_0Scs',
    'to' => 'gh_316bf7a9301b',
    'time' => '1600391777',
    'type' => 'text',
    'content' => 'http://www.boyufengmao.com/app/index.php?i=27&c=entry&m=ewei_shopv2&do=mobile',
    'redirection' => true,
    'source' => 'VIEW',
  ),
)

2020-09-18 09:16:17 response :
------------

2020-09-18 09:19:13 trace :
------------
String:
<xml><ToUserName><![CDATA[gh_316bf7a9301b]]></ToUserName>
<FromUserName><![CDATA[o5UrA0nleQfUJVAy2YVfNIj_0Scs]]></FromUserName>
<CreateTime>1600391953</CreateTime>
<MsgType><![CDATA[event]]></MsgType>
<Event><![CDATA[VIEW]]></Event>
<EventKey><![CDATA[http://www.boyufengmao.com/app/index.php?i=27&c=entry&m=ewei_shopv2&do=mobile]]></EventKey>
<MenuId>425235952</MenuId>
</xml>

2020-09-18 09:19:13 params :
------------
String:
array (
  'rule' => -2,
  'module' => '',
  'message' => 
  array (
    'tousername' => 'gh_316bf7a9301b',
    'fromusername' => 'o5UrA0nleQfUJVAy2YVfNIj_0Scs',
    'createtime' => '1600391953',
    'msgtype' => 'event',
    'event' => 'VIEW',
    'eventkey' => 'http://www.boyufengmao.com/app/index.php?i=27&c=entry&m=ewei_shopv2&do=mobile',
    'menuid' => '425235952',
    'from' => 'o5UrA0nleQfUJVAy2YVfNIj_0Scs',
    'to' => 'gh_316bf7a9301b',
    'time' => '1600391953',
    'type' => 'text',
    'content' => 'http://www.boyufengmao.com/app/index.php?i=27&c=entry&m=ewei_shopv2&do=mobile',
    'redirection' => true,
    'source' => 'VIEW',
  ),
)

2020-09-18 09:19:13 response :
------------

2020-09-18 09:51:16 trace :
------------
String:
<xml><ToUserName><![CDATA[gh_316bf7a9301b]]></ToUserName>
<FromUserName><![CDATA[o5UrA0nleQfUJVAy2YVfNIj_0Scs]]></FromUserName>
<CreateTime>1600393876</CreateTime>
<MsgType><![CDATA[event]]></MsgType>
<Event><![CDATA[VIEW]]></Event>
<EventKey><![CDATA[http://www.boyufengmao.com/app/index.php?i=27&c=entry&m=ewei_shopv2&do=mobile]]></EventKey>
<MenuId>425235952</MenuId>
</xml>

2020-09-18 09:51:16 params :
------------
String:
array (
  'rule' => -2,
  'module' => '',
  'message' => 
  array (
    'tousername' => 'gh_316bf7a9301b',
    'fromusername' => 'o5UrA0nleQfUJVAy2YVfNIj_0Scs',
    'createtime' => '1600393876',
    'msgtype' => 'event',
    'event' => 'VIEW',
    'eventkey' => 'http://www.boyufengmao.com/app/index.php?i=27&c=entry&m=ewei_shopv2&do=mobile',
    'menuid' => '425235952',
    'from' => 'o5UrA0nleQfUJVAy2YVfNIj_0Scs',
    'to' => 'gh_316bf7a9301b',
    'time' => '1600393876',
    'type' => 'text',
    'content' => 'http://www.boyufengmao.com/app/index.php?i=27&c=entry&m=ewei_shopv2&do=mobile',
    'redirection' => true,
    'source' => 'VIEW',
  ),
)

2020-09-18 09:51:16 response :
------------

