2020-07-08 10:18:54 trace :
------------
String:
<xml><ToUserName><![CDATA[gh_7b3d37846b75]]></ToUserName>
<FromUserName><![CDATA[oZ5PY1G7ogy9IJN9B9V3pLdlycX4]]></FromUserName>
<CreateTime>1594174733</CreateTime>
<MsgType><![CDATA[event]]></MsgType>
<Event><![CDATA[MASSSENDJOBFINISH]]></Event>
<MsgID>1000000034</MsgID>
<Status><![CDATA[send success]]></Status>
<TotalCount>239</TotalCount>
<FilterCount>239</FilterCount>
<SentCount>239</SentCount>
<ErrorCount>0</ErrorCount>
<CopyrightCheckResult><Count>0</Count>
<ResultList></ResultList>
<CheckState>0</CheckState>
</CopyrightCheckResult>
<ArticleUrlResult><Count>1</Count>
<ResultList><item><ArticleIdx>1</ArticleIdx>
<ArticleUrl><![CDATA[http://mp.weixin.qq.com/s/L6YYy1rB4pIcz_H0YzQw5A]]></ArticleUrl>
</item>
</ResultList>
</ArticleUrlResult>
</xml>

2020-07-08 10:18:54 params :
------------
String:
array (
  'rule' => -2,
  'module' => '',
  'message' => 
  array (
    'tousername' => 'gh_7b3d37846b75',
    'fromusername' => 'oZ5PY1G7ogy9IJN9B9V3pLdlycX4',
    'createtime' => '1594174733',
    'msgtype' => 'event',
    'event' => 'MASSSENDJOBFINISH',
    'msgid' => '1000000034',
    'status' => 'send success',
    'totalcount' => '239',
    'filtercount' => '239',
    'sentcount' => '239',
    'errorcount' => '0',
    'copyrightcheckresult' => 
    array (
      'count' => '0',
      'resultlist' => '',
      'checkstate' => '0',
    ),
    'articleurlresult' => 
    array (
      'count' => '1',
      'resultlist' => 
      array (
        'item' => 
        array (
          'articleidx' => '1',
          'articleurl' => 'http://mp.weixin.qq.com/s/L6YYy1rB4pIcz_H0YzQw5A',
        ),
      ),
    ),
    'from' => 'oZ5PY1G7ogy9IJN9B9V3pLdlycX4',
    'to' => 'gh_7b3d37846b75',
    'time' => '1594174733',
    'type' => 'event',
  ),
)

2020-07-08 10:18:54 response :
------------

2020-07-08 10:20:59 trace :
------------
String:
<xml><ToUserName><![CDATA[gh_7b3d37846b75]]></ToUserName>
<FromUserName><![CDATA[oZ5PY1GpHjqccdaug7D16TRZ1X30]]></FromUserName>
<CreateTime>1594174858</CreateTime>
<MsgType><![CDATA[event]]></MsgType>
<Event><![CDATA[VIEW]]></Event>
<EventKey><![CDATA[http://www.boyufengmao.com/app/index.php?i=7&c=entry&m=ewei_shopv2&do=mobile&r=member]]></EventKey>
<MenuId>516391862</MenuId>
</xml>

2020-07-08 10:20:59 params :
------------
String:
array (
  'rule' => -2,
  'module' => '',
  'message' => 
  array (
    'tousername' => 'gh_7b3d37846b75',
    'fromusername' => 'oZ5PY1GpHjqccdaug7D16TRZ1X30',
    'createtime' => '1594174858',
    'msgtype' => 'event',
    'event' => 'VIEW',
    'eventkey' => 'http://www.boyufengmao.com/app/index.php?i=7&c=entry&m=ewei_shopv2&do=mobile&r=member',
    'menuid' => '516391862',
    'from' => 'oZ5PY1GpHjqccdaug7D16TRZ1X30',
    'to' => 'gh_7b3d37846b75',
    'time' => '1594174858',
    'type' => 'text',
    'content' => 'http://www.boyufengmao.com/app/index.php?i=7&c=entry&m=ewei_shopv2&do=mobile&r=member',
    'redirection' => true,
    'source' => 'VIEW',
  ),
)

2020-07-08 10:20:59 response :
------------

2020-07-08 10:21:00 trace :
------------
String:
<xml><ToUserName><![CDATA[gh_7b3d37846b75]]></ToUserName>
<FromUserName><![CDATA[oZ5PY1GpHjqccdaug7D16TRZ1X30]]></FromUserName>
<CreateTime>1594174860</CreateTime>
<MsgType><![CDATA[event]]></MsgType>
<Event><![CDATA[VIEW]]></Event>
<EventKey><![CDATA[http://www.boyufengmao.com/app/index.php?i=7&c=entry&m=ewei_shopv2&do=mobile&r=member]]></EventKey>
<MenuId>516391862</MenuId>
</xml>

2020-07-08 10:21:00 params :
------------
String:
array (
  'rule' => -2,
  'module' => '',
  'message' => 
  array (
    'tousername' => 'gh_7b3d37846b75',
    'fromusername' => 'oZ5PY1GpHjqccdaug7D16TRZ1X30',
    'createtime' => '1594174860',
    'msgtype' => 'event',
    'event' => 'VIEW',
    'eventkey' => 'http://www.boyufengmao.com/app/index.php?i=7&c=entry&m=ewei_shopv2&do=mobile&r=member',
    'menuid' => '516391862',
    'from' => 'oZ5PY1GpHjqccdaug7D16TRZ1X30',
    'to' => 'gh_7b3d37846b75',
    'time' => '1594174860',
    'type' => 'text',
    'content' => 'http://www.boyufengmao.com/app/index.php?i=7&c=entry&m=ewei_shopv2&do=mobile&r=member',
    'redirection' => true,
    'source' => 'VIEW',
  ),
)

2020-07-08 10:21:00 response :
------------

2020-07-08 10:24:35 trace :
------------
String:
<xml><ToUserName><![CDATA[gh_7b3d37846b75]]></ToUserName>
<FromUserName><![CDATA[oZ5PY1Belkprz9B9hcuzwWweKeFM]]></FromUserName>
<CreateTime>1594175074</CreateTime>
<MsgType><![CDATA[event]]></MsgType>
<Event><![CDATA[unsubscribe]]></Event>
<EventKey><![CDATA[]]></EventKey>
</xml>

2020-07-08 10:38:12 trace :
------------
String:
<xml><ToUserName><![CDATA[gh_7b3d37846b75]]></ToUserName>
<FromUserName><![CDATA[oZ5PY1IsHUN8AozfbKhy8WjnOzwQ]]></FromUserName>
<CreateTime>1594175892</CreateTime>
<MsgType><![CDATA[event]]></MsgType>
<Event><![CDATA[unsubscribe]]></Event>
<EventKey><![CDATA[]]></EventKey>
</xml>

2020-07-08 12:38:56 trace :
------------
String:
<xml><ToUserName><![CDATA[gh_f9b894563ef4]]></ToUserName>
<FromUserName><![CDATA[o5V8y1cf4RdFLtuBu_3eYyO-_TIQ]]></FromUserName>
<CreateTime>1594183136</CreateTime>
<MsgType><![CDATA[event]]></MsgType>
<Event><![CDATA[subscribe]]></Event>
<EventKey><![CDATA[]]></EventKey>
</xml>

2020-07-08 12:38:56 params :
------------
String:
array (
  'rule' => -2,
  'module' => '',
  'message' => 
  array (
    'tousername' => 'gh_f9b894563ef4',
    'fromusername' => 'o5V8y1cf4RdFLtuBu_3eYyO-_TIQ',
    'createtime' => '1594183136',
    'msgtype' => 'event',
    'event' => 'subscribe',
    'eventkey' => '',
    'from' => 'o5V8y1cf4RdFLtuBu_3eYyO-_TIQ',
    'to' => 'gh_f9b894563ef4',
    'time' => '1594183136',
    'type' => 'text',
    'redirection' => true,
    'source' => 'subscribe',
  ),
)

2020-07-08 12:38:56 response :
------------

2020-07-08 12:38:58 trace :
------------
String:
<xml><ToUserName><![CDATA[gh_f9b894563ef4]]></ToUserName>
<FromUserName><![CDATA[o5V8y1cf4RdFLtuBu_3eYyO-_TIQ]]></FromUserName>
<CreateTime>1594183138</CreateTime>
<MsgType><![CDATA[event]]></MsgType>
<Event><![CDATA[VIEW]]></Event>
<EventKey><![CDATA[http://www.boyufengmao.com/app/index.php?i=6&c=entry&m=ewei_shopv2&do=mobile&r=diypage&id=35]]></EventKey>
<MenuId>445261982</MenuId>
</xml>

2020-07-08 12:38:58 params :
------------
String:
array (
  'rule' => -2,
  'module' => '',
  'message' => 
  array (
    'tousername' => 'gh_f9b894563ef4',
    'fromusername' => 'o5V8y1cf4RdFLtuBu_3eYyO-_TIQ',
    'createtime' => '1594183138',
    'msgtype' => 'event',
    'event' => 'VIEW',
    'eventkey' => 'http://www.boyufengmao.com/app/index.php?i=6&c=entry&m=ewei_shopv2&do=mobile&r=diypage&id=35',
    'menuid' => '445261982',
    'from' => 'o5V8y1cf4RdFLtuBu_3eYyO-_TIQ',
    'to' => 'gh_f9b894563ef4',
    'time' => '1594183138',
    'type' => 'text',
    'content' => 'http://www.boyufengmao.com/app/index.php?i=6&c=entry&m=ewei_shopv2&do=mobile&r=diypage&id=35',
    'redirection' => true,
    'source' => 'VIEW',
  ),
)

2020-07-08 12:38:58 response :
------------

2020-07-08 13:09:52 trace :
------------
String:
<xml><ToUserName><![CDATA[gh_f9b894563ef4]]></ToUserName>
<FromUserName><![CDATA[o5V8y1bYzjapB_cqf3ZWOW5yh6p0]]></FromUserName>
<CreateTime>1594184992</CreateTime>
<MsgType><![CDATA[event]]></MsgType>
<Event><![CDATA[subscribe]]></Event>
<EventKey><![CDATA[]]></EventKey>
</xml>

2020-07-08 13:09:53 params :
------------
String:
array (
  'rule' => -2,
  'module' => '',
  'message' => 
  array (
    'tousername' => 'gh_f9b894563ef4',
    'fromusername' => 'o5V8y1bYzjapB_cqf3ZWOW5yh6p0',
    'createtime' => '1594184992',
    'msgtype' => 'event',
    'event' => 'subscribe',
    'eventkey' => '',
    'from' => 'o5V8y1bYzjapB_cqf3ZWOW5yh6p0',
    'to' => 'gh_f9b894563ef4',
    'time' => '1594184992',
    'type' => 'text',
    'redirection' => true,
    'source' => 'subscribe',
  ),
)

2020-07-08 13:09:53 response :
------------

2020-07-08 13:10:02 trace :
------------
String:
<xml><ToUserName><![CDATA[gh_f9b894563ef4]]></ToUserName>
<FromUserName><![CDATA[o5V8y1bYzjapB_cqf3ZWOW5yh6p0]]></FromUserName>
<CreateTime>1594185002</CreateTime>
<MsgType><![CDATA[event]]></MsgType>
<Event><![CDATA[VIEW]]></Event>
<EventKey><![CDATA[http://www.boyufengmao.com/app/index.php?i=6&c=entry&m=ewei_shopv2&do=mobile&r=diypage&id=35]]></EventKey>
<MenuId>445261982</MenuId>
</xml>

2020-07-08 13:10:02 params :
------------
String:
array (
  'rule' => -2,
  'module' => '',
  'message' => 
  array (
    'tousername' => 'gh_f9b894563ef4',
    'fromusername' => 'o5V8y1bYzjapB_cqf3ZWOW5yh6p0',
    'createtime' => '1594185002',
    'msgtype' => 'event',
    'event' => 'VIEW',
    'eventkey' => 'http://www.boyufengmao.com/app/index.php?i=6&c=entry&m=ewei_shopv2&do=mobile&r=diypage&id=35',
    'menuid' => '445261982',
    'from' => 'o5V8y1bYzjapB_cqf3ZWOW5yh6p0',
    'to' => 'gh_f9b894563ef4',
    'time' => '1594185002',
    'type' => 'text',
    'content' => 'http://www.boyufengmao.com/app/index.php?i=6&c=entry&m=ewei_shopv2&do=mobile&r=diypage&id=35',
    'redirection' => true,
    'source' => 'VIEW',
  ),
)

2020-07-08 13:10:02 response :
------------

2020-07-08 14:09:28 trace :
------------
String:
<xml><ToUserName><![CDATA[gh_5e8fd633e50f]]></ToUserName>
<FromUserName><![CDATA[o0qljuGuhwdE4grd6izMAZrd44MQ]]></FromUserName>
<CreateTime>1594188568</CreateTime>
<MsgType><![CDATA[event]]></MsgType>
<Event><![CDATA[MASSSENDJOBFINISH]]></Event>
<MsgID>1000000002</MsgID>
<Status><![CDATA[send success]]></Status>
<TotalCount>11</TotalCount>
<FilterCount>11</FilterCount>
<SentCount>11</SentCount>
<ErrorCount>0</ErrorCount>
<CopyrightCheckResult><Count>0</Count>
<ResultList></ResultList>
<CheckState>0</CheckState>
</CopyrightCheckResult>
<ArticleUrlResult><Count>1</Count>
<ResultList><item><ArticleIdx>1</ArticleIdx>
<ArticleUrl><![CDATA[http://mp.weixin.qq.com/s/H9JdM_MTM4AY7rkY715gtQ]]></ArticleUrl>
</item>
</ResultList>
</ArticleUrlResult>
</xml>

2020-07-08 14:09:28 params :
------------
String:
array (
  'rule' => -2,
  'module' => '',
  'message' => 
  array (
    'tousername' => 'gh_5e8fd633e50f',
    'fromusername' => 'o0qljuGuhwdE4grd6izMAZrd44MQ',
    'createtime' => '1594188568',
    'msgtype' => 'event',
    'event' => 'MASSSENDJOBFINISH',
    'msgid' => '1000000002',
    'status' => 'send success',
    'totalcount' => '11',
    'filtercount' => '11',
    'sentcount' => '11',
    'errorcount' => '0',
    'copyrightcheckresult' => 
    array (
      'count' => '0',
      'resultlist' => '',
      'checkstate' => '0',
    ),
    'articleurlresult' => 
    array (
      'count' => '1',
      'resultlist' => 
      array (
        'item' => 
        array (
          'articleidx' => '1',
          'articleurl' => 'http://mp.weixin.qq.com/s/H9JdM_MTM4AY7rkY715gtQ',
        ),
      ),
    ),
    'from' => 'o0qljuGuhwdE4grd6izMAZrd44MQ',
    'to' => 'gh_5e8fd633e50f',
    'time' => '1594188568',
    'type' => 'event',
  ),
)

2020-07-08 14:09:28 response :
------------

2020-07-08 14:10:41 trace :
------------
String:
<xml><ToUserName><![CDATA[gh_5e8fd633e50f]]></ToUserName>
<FromUserName><![CDATA[o0qljuA8U6cdBuEBskhy0B5ugFmg]]></FromUserName>
<CreateTime>1594188640</CreateTime>
<MsgType><![CDATA[event]]></MsgType>
<Event><![CDATA[unsubscribe]]></Event>
<EventKey><![CDATA[]]></EventKey>
</xml>

2020-07-08 14:34:16 trace :
------------
String:
<xml><ToUserName><![CDATA[gh_5e8fd633e50f]]></ToUserName>
<FromUserName><![CDATA[o0qljuFXaZXGzdSnKTPAm5nL2-ic]]></FromUserName>
<CreateTime>1594190055</CreateTime>
<MsgType><![CDATA[event]]></MsgType>
<Event><![CDATA[unsubscribe]]></Event>
<EventKey><![CDATA[]]></EventKey>
</xml>

2020-07-08 14:45:56 trace :
------------
String:
<xml><ToUserName><![CDATA[gh_5e8fd633e50f]]></ToUserName>
<FromUserName><![CDATA[o0qljuI4k0kZkeA60SowoRJLR2TA]]></FromUserName>
<CreateTime>1594190755</CreateTime>
<MsgType><![CDATA[event]]></MsgType>
<Event><![CDATA[unsubscribe]]></Event>
<EventKey><![CDATA[]]></EventKey>
</xml>

2020-07-08 15:36:08 trace :
------------
String:
<xml><ToUserName><![CDATA[gh_f84627c82e27]]></ToUserName>
<FromUserName><![CDATA[oLL3KwdwmQgLmh9b6qZrL9eMJr5g]]></FromUserName>
<CreateTime>1594193768</CreateTime>
<MsgType><![CDATA[event]]></MsgType>
<Event><![CDATA[SCAN]]></Event>
<EventKey><![CDATA[0e27050b71f4a42cf16203824ab21673]]></EventKey>
<Ticket><![CDATA[gQG08DwAAAAAAAAAAS5odHRwOi8vd2VpeGluLnFxLmNvbS9xLzAyOUdPU3d0SVpmYTExMDAwMHcwN0IAAgRjCPNeAwQAAAAA]]></Ticket>
</xml>

2020-07-08 15:36:15 trace :
------------
String:
<xml><ToUserName><![CDATA[gh_f84627c82e27]]></ToUserName>
<FromUserName><![CDATA[oLL3KwdwmQgLmh9b6qZrL9eMJr5g]]></FromUserName>
<CreateTime>1594193775</CreateTime>
<MsgType><![CDATA[event]]></MsgType>
<Event><![CDATA[VIEW]]></Event>
<EventKey><![CDATA[http://www.boyufengmao.com/app/index.php?i=20&c=entry&eid=1]]></EventKey>
<MenuId>465296285</MenuId>
</xml>

2020-07-08 15:36:15 params :
------------
String:
array (
  'rule' => -2,
  'module' => '',
  'message' => 
  array (
    'tousername' => 'gh_f84627c82e27',
    'fromusername' => 'oLL3KwdwmQgLmh9b6qZrL9eMJr5g',
    'createtime' => '1594193775',
    'msgtype' => 'event',
    'event' => 'VIEW',
    'eventkey' => 'http://www.boyufengmao.com/app/index.php?i=20&c=entry&eid=1',
    'menuid' => '465296285',
    'from' => 'oLL3KwdwmQgLmh9b6qZrL9eMJr5g',
    'to' => 'gh_f84627c82e27',
    'time' => '1594193775',
    'type' => 'text',
    'content' => 'http://www.boyufengmao.com/app/index.php?i=20&c=entry&eid=1',
    'redirection' => true,
    'source' => 'VIEW',
  ),
)

2020-07-08 15:36:15 response :
------------

2020-07-08 15:37:09 trace :
------------
String:
<xml><ToUserName><![CDATA[gh_f84627c82e27]]></ToUserName>
<FromUserName><![CDATA[oLL3KwdwmQgLmh9b6qZrL9eMJr5g]]></FromUserName>
<CreateTime>1594193829</CreateTime>
<MsgType><![CDATA[event]]></MsgType>
<Event><![CDATA[SCAN]]></Event>
<EventKey><![CDATA[0e27050b71f4a42cf16203824ab21673]]></EventKey>
<Ticket><![CDATA[gQG08DwAAAAAAAAAAS5odHRwOi8vd2VpeGluLnFxLmNvbS9xLzAyOUdPU3d0SVpmYTExMDAwMHcwN0IAAgRjCPNeAwQAAAAA]]></Ticket>
</xml>

2020-07-08 16:58:37 trace :
------------
String:
<xml><ToUserName><![CDATA[gh_5e8fd633e50f]]></ToUserName>
<FromUserName><![CDATA[o0qljuBSd37_zerrZAprAelGuWJ8]]></FromUserName>
<CreateTime>1594198716</CreateTime>
<MsgType><![CDATA[event]]></MsgType>
<Event><![CDATA[VIEW]]></Event>
<EventKey><![CDATA[http://www.boyufengmao.com/app/index.php?i=17&c=entry&m=ewei_shopv2&do=mobile&r=diypage&id=110]]></EventKey>
<MenuId>488237872</MenuId>
</xml>

2020-07-08 16:58:37 params :
------------
String:
array (
  'rule' => -2,
  'module' => '',
  'message' => 
  array (
    'tousername' => 'gh_5e8fd633e50f',
    'fromusername' => 'o0qljuBSd37_zerrZAprAelGuWJ8',
    'createtime' => '1594198716',
    'msgtype' => 'event',
    'event' => 'VIEW',
    'eventkey' => 'http://www.boyufengmao.com/app/index.php?i=17&c=entry&m=ewei_shopv2&do=mobile&r=diypage&id=110',
    'menuid' => '488237872',
    'from' => 'o0qljuBSd37_zerrZAprAelGuWJ8',
    'to' => 'gh_5e8fd633e50f',
    'time' => '1594198716',
    'type' => 'text',
    'content' => 'http://www.boyufengmao.com/app/index.php?i=17&c=entry&m=ewei_shopv2&do=mobile&r=diypage&id=110',
    'redirection' => true,
    'source' => 'VIEW',
  ),
)

2020-07-08 16:58:37 response :
------------

2020-07-08 16:59:08 trace :
------------
String:
<xml><ToUserName><![CDATA[gh_5e8fd633e50f]]></ToUserName>
<FromUserName><![CDATA[o0qljuCTA18r7Z651AKnebC5J7Hs]]></FromUserName>
<CreateTime>1594198748</CreateTime>
<MsgType><![CDATA[event]]></MsgType>
<Event><![CDATA[VIEW]]></Event>
<EventKey><![CDATA[http://www.boyufengmao.com/app/index.php?i=17&c=entry&m=ewei_shopv2&do=mobile&r=diypage&id=110]]></EventKey>
<MenuId>488237872</MenuId>
</xml>

2020-07-08 16:59:08 params :
------------
String:
array (
  'rule' => -2,
  'module' => '',
  'message' => 
  array (
    'tousername' => 'gh_5e8fd633e50f',
    'fromusername' => 'o0qljuCTA18r7Z651AKnebC5J7Hs',
    'createtime' => '1594198748',
    'msgtype' => 'event',
    'event' => 'VIEW',
    'eventkey' => 'http://www.boyufengmao.com/app/index.php?i=17&c=entry&m=ewei_shopv2&do=mobile&r=diypage&id=110',
    'menuid' => '488237872',
    'from' => 'o0qljuCTA18r7Z651AKnebC5J7Hs',
    'to' => 'gh_5e8fd633e50f',
    'time' => '1594198748',
    'type' => 'text',
    'content' => 'http://www.boyufengmao.com/app/index.php?i=17&c=entry&m=ewei_shopv2&do=mobile&r=diypage&id=110',
    'redirection' => true,
    'source' => 'VIEW',
  ),
)

2020-07-08 16:59:08 response :
------------

2020-07-08 17:00:08 trace :
------------
String:
<xml><ToUserName><![CDATA[gh_5e8fd633e50f]]></ToUserName>
<FromUserName><![CDATA[o0qljuCTA18r7Z651AKnebC5J7Hs]]></FromUserName>
<CreateTime>1594198808</CreateTime>
<MsgType><![CDATA[event]]></MsgType>
<Event><![CDATA[VIEW]]></Event>
<EventKey><![CDATA[http://www.boyufengmao.com/app/index.php?i=17&c=entry&m=ewei_shopv2&do=mobile&r=diypage&id=110]]></EventKey>
<MenuId>488237872</MenuId>
</xml>

2020-07-08 17:00:08 params :
------------
String:
array (
  'rule' => -2,
  'module' => '',
  'message' => 
  array (
    'tousername' => 'gh_5e8fd633e50f',
    'fromusername' => 'o0qljuCTA18r7Z651AKnebC5J7Hs',
    'createtime' => '1594198808',
    'msgtype' => 'event',
    'event' => 'VIEW',
    'eventkey' => 'http://www.boyufengmao.com/app/index.php?i=17&c=entry&m=ewei_shopv2&do=mobile&r=diypage&id=110',
    'menuid' => '488237872',
    'from' => 'o0qljuCTA18r7Z651AKnebC5J7Hs',
    'to' => 'gh_5e8fd633e50f',
    'time' => '1594198808',
    'type' => 'text',
    'content' => 'http://www.boyufengmao.com/app/index.php?i=17&c=entry&m=ewei_shopv2&do=mobile&r=diypage&id=110',
    'redirection' => true,
    'source' => 'VIEW',
  ),
)

2020-07-08 17:00:08 response :
------------

2020-07-08 17:00:22 trace :
------------
String:
<xml><ToUserName><![CDATA[gh_5e8fd633e50f]]></ToUserName>
<FromUserName><![CDATA[o0qljuCTA18r7Z651AKnebC5J7Hs]]></FromUserName>
<CreateTime>1594198821</CreateTime>
<MsgType><![CDATA[event]]></MsgType>
<Event><![CDATA[VIEW]]></Event>
<EventKey><![CDATA[http://www.boyufengmao.com/app/index.php?i=17&c=entry&m=ewei_shopv2&do=mobile&r=diypage&id=110]]></EventKey>
<MenuId>488237872</MenuId>
</xml>

2020-07-08 17:00:22 params :
------------
String:
array (
  'rule' => -2,
  'module' => '',
  'message' => 
  array (
    'tousername' => 'gh_5e8fd633e50f',
    'fromusername' => 'o0qljuCTA18r7Z651AKnebC5J7Hs',
    'createtime' => '1594198821',
    'msgtype' => 'event',
    'event' => 'VIEW',
    'eventkey' => 'http://www.boyufengmao.com/app/index.php?i=17&c=entry&m=ewei_shopv2&do=mobile&r=diypage&id=110',
    'menuid' => '488237872',
    'from' => 'o0qljuCTA18r7Z651AKnebC5J7Hs',
    'to' => 'gh_5e8fd633e50f',
    'time' => '1594198821',
    'type' => 'text',
    'content' => 'http://www.boyufengmao.com/app/index.php?i=17&c=entry&m=ewei_shopv2&do=mobile&r=diypage&id=110',
    'redirection' => true,
    'source' => 'VIEW',
  ),
)

2020-07-08 17:00:22 response :
------------

2020-07-08 17:10:28 trace :
------------
String:
<xml><ToUserName><![CDATA[gh_62bcc2f9639d]]></ToUserName>
<FromUserName><![CDATA[opjhUwJycD_RvegD8aOyKu7pmGV4]]></FromUserName>
<CreateTime>1594199428</CreateTime>
<MsgType><![CDATA[event]]></MsgType>
<Event><![CDATA[subscribe]]></Event>
<EventKey><![CDATA[]]></EventKey>
</xml>

2020-07-08 17:10:28 params :
------------
String:
array (
  'message' => 
  array (
    'tousername' => 'gh_62bcc2f9639d',
    'fromusername' => 'opjhUwJycD_RvegD8aOyKu7pmGV4',
    'createtime' => '1594199428',
    'msgtype' => 'event',
    'event' => 'subscribe',
    'eventkey' => '',
    'from' => 'opjhUwJycD_RvegD8aOyKu7pmGV4',
    'to' => 'gh_62bcc2f9639d',
    'time' => '1594199428',
    'type' => 'text',
    'redirection' => true,
    'source' => 'subscribe',
    'content' => '关注',
  ),
  'module' => 'reply',
  'rule' => '300',
  'priority' => '0',
  'keyword' => 
  array (
    'id' => '327',
    'rid' => '300',
    'uniacid' => '10',
    'module' => 'reply',
    'content' => '关注',
    'type' => '1',
    'displayorder' => '0',
    'status' => '1',
    'reply_type' => 
    array (
      0 => 'basic',
    ),
  ),
  'reply_type' => 
  array (
    0 => 'basic',
  ),
)

2020-07-08 17:10:28 response :
------------
Array:
FromUserName : gh_62bcc2f9639d ;
ToUserName : opjhUwJycD_RvegD8aOyKu7pmGV4 ;
MsgType : text ;
Content : 感谢亲这么好看还关注我~
         关注公众号送饮料一瓶
  关注公众号并转发额外再得一瓶
     上午11点至下午2点29元/位
             其他时间36元/位
1.2米以下神兽在大人陪同下免费
   酱龙骨不限量 任性啃 无限吃
        充值满500元永享9折
       充值满2000元永享8折

 ;

2020-07-08 17:10:34 trace :
------------
String:
<xml><ToUserName><![CDATA[gh_62bcc2f9639d]]></ToUserName>
<FromUserName><![CDATA[opjhUwJycD_RvegD8aOyKu7pmGV4]]></FromUserName>
<CreateTime>1594199434</CreateTime>
<MsgType><![CDATA[event]]></MsgType>
<Event><![CDATA[VIEW]]></Event>
<EventKey><![CDATA[http://www.boyufengmao.com/app/index.php?i=10&c=entry&m=ewei_shopv2&do=mobile]]></EventKey>
<MenuId>432207807</MenuId>
</xml>

2020-07-08 17:10:34 params :
------------
String:
array (
  'rule' => -2,
  'module' => '',
  'message' => 
  array (
    'tousername' => 'gh_62bcc2f9639d',
    'fromusername' => 'opjhUwJycD_RvegD8aOyKu7pmGV4',
    'createtime' => '1594199434',
    'msgtype' => 'event',
    'event' => 'VIEW',
    'eventkey' => 'http://www.boyufengmao.com/app/index.php?i=10&c=entry&m=ewei_shopv2&do=mobile',
    'menuid' => '432207807',
    'from' => 'opjhUwJycD_RvegD8aOyKu7pmGV4',
    'to' => 'gh_62bcc2f9639d',
    'time' => '1594199434',
    'type' => 'text',
    'content' => 'http://www.boyufengmao.com/app/index.php?i=10&c=entry&m=ewei_shopv2&do=mobile',
    'redirection' => true,
    'source' => 'VIEW',
  ),
)

2020-07-08 17:10:34 response :
------------

2020-07-08 17:11:53 trace :
------------
String:
<xml><ToUserName><![CDATA[gh_62bcc2f9639d]]></ToUserName>
<FromUserName><![CDATA[opjhUwJycD_RvegD8aOyKu7pmGV4]]></FromUserName>
<CreateTime>1594199513</CreateTime>
<MsgType><![CDATA[event]]></MsgType>
<Event><![CDATA[VIEW]]></Event>
<EventKey><![CDATA[http://www.boyufengmao.com/app/index.php?i=10&c=entry&m=ewei_shopv2&do=mobile&r=member]]></EventKey>
<MenuId>432207807</MenuId>
</xml>

2020-07-08 17:11:53 params :
------------
String:
array (
  'rule' => -2,
  'module' => '',
  'message' => 
  array (
    'tousername' => 'gh_62bcc2f9639d',
    'fromusername' => 'opjhUwJycD_RvegD8aOyKu7pmGV4',
    'createtime' => '1594199513',
    'msgtype' => 'event',
    'event' => 'VIEW',
    'eventkey' => 'http://www.boyufengmao.com/app/index.php?i=10&c=entry&m=ewei_shopv2&do=mobile&r=member',
    'menuid' => '432207807',
    'from' => 'opjhUwJycD_RvegD8aOyKu7pmGV4',
    'to' => 'gh_62bcc2f9639d',
    'time' => '1594199513',
    'type' => 'text',
    'content' => 'http://www.boyufengmao.com/app/index.php?i=10&c=entry&m=ewei_shopv2&do=mobile&r=member',
    'redirection' => true,
    'source' => 'VIEW',
  ),
)

2020-07-08 17:11:53 response :
------------

2020-07-08 17:11:57 trace :
------------
String:
<xml><ToUserName><![CDATA[gh_62bcc2f9639d]]></ToUserName>
<FromUserName><![CDATA[opjhUwJycD_RvegD8aOyKu7pmGV4]]></FromUserName>
<CreateTime>1594199517</CreateTime>
<MsgType><![CDATA[event]]></MsgType>
<Event><![CDATA[CLICK]]></Event>
<EventKey><![CDATA[电话]]></EventKey>
</xml>

2020-07-08 17:11:57 params :
------------
String:
array (
  'message' => 
  array (
    'tousername' => 'gh_62bcc2f9639d',
    'fromusername' => 'opjhUwJycD_RvegD8aOyKu7pmGV4',
    'createtime' => '1594199517',
    'msgtype' => 'event',
    'event' => 'CLICK',
    'eventkey' => '电话',
    'from' => 'opjhUwJycD_RvegD8aOyKu7pmGV4',
    'to' => 'gh_62bcc2f9639d',
    'time' => '1594199517',
    'type' => 'text',
    'content' => '电话',
    'redirection' => true,
    'source' => 'click',
  ),
  'module' => 'reply',
  'rule' => '134',
  'priority' => '0',
  'keyword' => 
  array (
    'id' => '155',
    'rid' => '134',
    'uniacid' => '10',
    'module' => 'reply',
    'content' => '电话',
    'type' => '1',
    'displayorder' => '0',
    'status' => '1',
    'reply_type' => 
    array (
      0 => 'basic',
    ),
  ),
  'reply_type' => 
  array (
    0 => 'basic',
  ),
)

2020-07-08 17:11:57 response :
------------
Array:
FromUserName : gh_62bcc2f9639d ;
ToUserName : opjhUwJycD_RvegD8aOyKu7pmGV4 ;
MsgType : text ;
Content : 订餐电话：17711088890 ;

2020-07-08 17:24:15 trace :
------------
String:
<xml><ToUserName><![CDATA[gh_f9b894563ef4]]></ToUserName>
<FromUserName><![CDATA[o5V8y1WFRxU08fWeHz983T9n8sGU]]></FromUserName>
<CreateTime>1594200255</CreateTime>
<MsgType><![CDATA[event]]></MsgType>
<Event><![CDATA[subscribe]]></Event>
<EventKey><![CDATA[]]></EventKey>
</xml>

2020-07-08 17:24:15 params :
------------
String:
array (
  'rule' => -2,
  'module' => '',
  'message' => 
  array (
    'tousername' => 'gh_f9b894563ef4',
    'fromusername' => 'o5V8y1WFRxU08fWeHz983T9n8sGU',
    'createtime' => '1594200255',
    'msgtype' => 'event',
    'event' => 'subscribe',
    'eventkey' => '',
    'from' => 'o5V8y1WFRxU08fWeHz983T9n8sGU',
    'to' => 'gh_f9b894563ef4',
    'time' => '1594200255',
    'type' => 'text',
    'redirection' => true,
    'source' => 'subscribe',
  ),
)

2020-07-08 17:24:15 response :
------------

2020-07-08 17:24:18 trace :
------------
String:
<xml><ToUserName><![CDATA[gh_f9b894563ef4]]></ToUserName>
<FromUserName><![CDATA[o5V8y1WFRxU08fWeHz983T9n8sGU]]></FromUserName>
<CreateTime>1594200258</CreateTime>
<MsgType><![CDATA[event]]></MsgType>
<Event><![CDATA[VIEW]]></Event>
<EventKey><![CDATA[http://www.boyufengmao.com/app/index.php?i=6&c=entry&m=ewei_shopv2&do=mobile]]></EventKey>
<MenuId>445261982</MenuId>
</xml>

2020-07-08 17:24:18 params :
------------
String:
array (
  'rule' => -2,
  'module' => '',
  'message' => 
  array (
    'tousername' => 'gh_f9b894563ef4',
    'fromusername' => 'o5V8y1WFRxU08fWeHz983T9n8sGU',
    'createtime' => '1594200258',
    'msgtype' => 'event',
    'event' => 'VIEW',
    'eventkey' => 'http://www.boyufengmao.com/app/index.php?i=6&c=entry&m=ewei_shopv2&do=mobile',
    'menuid' => '445261982',
    'from' => 'o5V8y1WFRxU08fWeHz983T9n8sGU',
    'to' => 'gh_f9b894563ef4',
    'time' => '1594200258',
    'type' => 'text',
    'content' => 'http://www.boyufengmao.com/app/index.php?i=6&c=entry&m=ewei_shopv2&do=mobile',
    'redirection' => true,
    'source' => 'VIEW',
  ),
)

2020-07-08 17:24:18 response :
------------

2020-07-08 17:25:31 trace :
------------
String:
<xml><ToUserName><![CDATA[gh_f9b894563ef4]]></ToUserName>
<FromUserName><![CDATA[o5V8y1WFRxU08fWeHz983T9n8sGU]]></FromUserName>
<CreateTime>1594200331</CreateTime>
<MsgType><![CDATA[event]]></MsgType>
<Event><![CDATA[VIEW]]></Event>
<EventKey><![CDATA[http://www.boyufengmao.com/app/index.php?i=6&c=entry&m=ewei_shopv2&do=mobile]]></EventKey>
<MenuId>445261982</MenuId>
</xml>

2020-07-08 17:25:31 params :
------------
String:
array (
  'rule' => -2,
  'module' => '',
  'message' => 
  array (
    'tousername' => 'gh_f9b894563ef4',
    'fromusername' => 'o5V8y1WFRxU08fWeHz983T9n8sGU',
    'createtime' => '1594200331',
    'msgtype' => 'event',
    'event' => 'VIEW',
    'eventkey' => 'http://www.boyufengmao.com/app/index.php?i=6&c=entry&m=ewei_shopv2&do=mobile',
    'menuid' => '445261982',
    'from' => 'o5V8y1WFRxU08fWeHz983T9n8sGU',
    'to' => 'gh_f9b894563ef4',
    'time' => '1594200331',
    'type' => 'text',
    'content' => 'http://www.boyufengmao.com/app/index.php?i=6&c=entry&m=ewei_shopv2&do=mobile',
    'redirection' => true,
    'source' => 'VIEW',
  ),
)

2020-07-08 17:25:31 response :
------------

2020-07-08 17:48:30 trace :
------------
String:
<xml><ToUserName><![CDATA[gh_f9b894563ef4]]></ToUserName>
<FromUserName><![CDATA[o5V8y1dZZPt_C-uwnXWYLBkUXlKY]]></FromUserName>
<CreateTime>1594201710</CreateTime>
<MsgType><![CDATA[event]]></MsgType>
<Event><![CDATA[VIEW]]></Event>
<EventKey><![CDATA[http://www.boyufengmao.com/app/index.php?i=6&c=entry&m=ewei_shopv2&do=mobile&r=diypage&id=35]]></EventKey>
<MenuId>445261982</MenuId>
</xml>

2020-07-08 17:48:30 params :
------------
String:
array (
  'rule' => -2,
  'module' => '',
  'message' => 
  array (
    'tousername' => 'gh_f9b894563ef4',
    'fromusername' => 'o5V8y1dZZPt_C-uwnXWYLBkUXlKY',
    'createtime' => '1594201710',
    'msgtype' => 'event',
    'event' => 'VIEW',
    'eventkey' => 'http://www.boyufengmao.com/app/index.php?i=6&c=entry&m=ewei_shopv2&do=mobile&r=diypage&id=35',
    'menuid' => '445261982',
    'from' => 'o5V8y1dZZPt_C-uwnXWYLBkUXlKY',
    'to' => 'gh_f9b894563ef4',
    'time' => '1594201710',
    'type' => 'text',
    'content' => 'http://www.boyufengmao.com/app/index.php?i=6&c=entry&m=ewei_shopv2&do=mobile&r=diypage&id=35',
    'redirection' => true,
    'source' => 'VIEW',
  ),
)

2020-07-08 17:48:30 response :
------------

2020-07-08 17:48:52 trace :
------------
String:
<xml><ToUserName><![CDATA[gh_f9b894563ef4]]></ToUserName>
<FromUserName><![CDATA[o5V8y1dZZPt_C-uwnXWYLBkUXlKY]]></FromUserName>
<CreateTime>1594201732</CreateTime>
<MsgType><![CDATA[event]]></MsgType>
<Event><![CDATA[VIEW]]></Event>
<EventKey><![CDATA[http://www.boyufengmao.com/app/index.php?i=6&c=entry&m=ewei_shopv2&do=mobile&r=diypage&id=35]]></EventKey>
<MenuId>445261982</MenuId>
</xml>

2020-07-08 17:48:52 params :
------------
String:
array (
  'rule' => -2,
  'module' => '',
  'message' => 
  array (
    'tousername' => 'gh_f9b894563ef4',
    'fromusername' => 'o5V8y1dZZPt_C-uwnXWYLBkUXlKY',
    'createtime' => '1594201732',
    'msgtype' => 'event',
    'event' => 'VIEW',
    'eventkey' => 'http://www.boyufengmao.com/app/index.php?i=6&c=entry&m=ewei_shopv2&do=mobile&r=diypage&id=35',
    'menuid' => '445261982',
    'from' => 'o5V8y1dZZPt_C-uwnXWYLBkUXlKY',
    'to' => 'gh_f9b894563ef4',
    'time' => '1594201732',
    'type' => 'text',
    'content' => 'http://www.boyufengmao.com/app/index.php?i=6&c=entry&m=ewei_shopv2&do=mobile&r=diypage&id=35',
    'redirection' => true,
    'source' => 'VIEW',
  ),
)

2020-07-08 17:48:52 response :
------------

2020-07-08 17:49:01 trace :
------------
String:
<xml><ToUserName><![CDATA[gh_f9b894563ef4]]></ToUserName>
<FromUserName><![CDATA[o5V8y1dZZPt_C-uwnXWYLBkUXlKY]]></FromUserName>
<CreateTime>1594201741</CreateTime>
<MsgType><![CDATA[event]]></MsgType>
<Event><![CDATA[VIEW]]></Event>
<EventKey><![CDATA[http://www.boyufengmao.com/app/index.php?i=6&c=entry&m=ewei_shopv2&do=mobile]]></EventKey>
<MenuId>445261982</MenuId>
</xml>

2020-07-08 17:49:01 params :
------------
String:
array (
  'rule' => -2,
  'module' => '',
  'message' => 
  array (
    'tousername' => 'gh_f9b894563ef4',
    'fromusername' => 'o5V8y1dZZPt_C-uwnXWYLBkUXlKY',
    'createtime' => '1594201741',
    'msgtype' => 'event',
    'event' => 'VIEW',
    'eventkey' => 'http://www.boyufengmao.com/app/index.php?i=6&c=entry&m=ewei_shopv2&do=mobile',
    'menuid' => '445261982',
    'from' => 'o5V8y1dZZPt_C-uwnXWYLBkUXlKY',
    'to' => 'gh_f9b894563ef4',
    'time' => '1594201741',
    'type' => 'text',
    'content' => 'http://www.boyufengmao.com/app/index.php?i=6&c=entry&m=ewei_shopv2&do=mobile',
    'redirection' => true,
    'source' => 'VIEW',
  ),
)

2020-07-08 17:49:01 response :
------------

2020-07-08 18:12:40 trace :
------------
String:
<xml><ToUserName><![CDATA[gh_f9b894563ef4]]></ToUserName>
<FromUserName><![CDATA[o5V8y1Rdv8zFXxjoDM0_ybVATr-4]]></FromUserName>
<CreateTime>1594203160</CreateTime>
<MsgType><![CDATA[event]]></MsgType>
<Event><![CDATA[subscribe]]></Event>
<EventKey><![CDATA[]]></EventKey>
</xml>

2020-07-08 18:12:40 params :
------------
String:
array (
  'rule' => -2,
  'module' => '',
  'message' => 
  array (
    'tousername' => 'gh_f9b894563ef4',
    'fromusername' => 'o5V8y1Rdv8zFXxjoDM0_ybVATr-4',
    'createtime' => '1594203160',
    'msgtype' => 'event',
    'event' => 'subscribe',
    'eventkey' => '',
    'from' => 'o5V8y1Rdv8zFXxjoDM0_ybVATr-4',
    'to' => 'gh_f9b894563ef4',
    'time' => '1594203160',
    'type' => 'text',
    'redirection' => true,
    'source' => 'subscribe',
  ),
)

2020-07-08 18:12:40 response :
------------

2020-07-08 18:12:43 trace :
------------
String:
<xml><ToUserName><![CDATA[gh_f9b894563ef4]]></ToUserName>
<FromUserName><![CDATA[o5V8y1Rdv8zFXxjoDM0_ybVATr-4]]></FromUserName>
<CreateTime>1594203163</CreateTime>
<MsgType><![CDATA[event]]></MsgType>
<Event><![CDATA[VIEW]]></Event>
<EventKey><![CDATA[http://www.boyufengmao.com/app/index.php?i=6&c=entry&m=ewei_shopv2&do=mobile&r=diypage&id=35]]></EventKey>
<MenuId>445261982</MenuId>
</xml>

2020-07-08 18:12:43 params :
------------
String:
array (
  'rule' => -2,
  'module' => '',
  'message' => 
  array (
    'tousername' => 'gh_f9b894563ef4',
    'fromusername' => 'o5V8y1Rdv8zFXxjoDM0_ybVATr-4',
    'createtime' => '1594203163',
    'msgtype' => 'event',
    'event' => 'VIEW',
    'eventkey' => 'http://www.boyufengmao.com/app/index.php?i=6&c=entry&m=ewei_shopv2&do=mobile&r=diypage&id=35',
    'menuid' => '445261982',
    'from' => 'o5V8y1Rdv8zFXxjoDM0_ybVATr-4',
    'to' => 'gh_f9b894563ef4',
    'time' => '1594203163',
    'type' => 'text',
    'content' => 'http://www.boyufengmao.com/app/index.php?i=6&c=entry&m=ewei_shopv2&do=mobile&r=diypage&id=35',
    'redirection' => true,
    'source' => 'VIEW',
  ),
)

2020-07-08 18:12:43 response :
------------

2020-07-08 18:31:27 trace :
------------
String:
<xml><ToUserName><![CDATA[gh_f9b894563ef4]]></ToUserName>
<FromUserName><![CDATA[o5V8y1VTS0bzPk3rLEzXCLaO3ahc]]></FromUserName>
<CreateTime>1594204287</CreateTime>
<MsgType><![CDATA[event]]></MsgType>
<Event><![CDATA[VIEW]]></Event>
<EventKey><![CDATA[http://www.boyufengmao.com/app/index.php?i=6&c=entry&m=ewei_shopv2&do=mobile]]></EventKey>
<MenuId>445261982</MenuId>
</xml>

2020-07-08 18:31:27 params :
------------
String:
array (
  'rule' => -2,
  'module' => '',
  'message' => 
  array (
    'tousername' => 'gh_f9b894563ef4',
    'fromusername' => 'o5V8y1VTS0bzPk3rLEzXCLaO3ahc',
    'createtime' => '1594204287',
    'msgtype' => 'event',
    'event' => 'VIEW',
    'eventkey' => 'http://www.boyufengmao.com/app/index.php?i=6&c=entry&m=ewei_shopv2&do=mobile',
    'menuid' => '445261982',
    'from' => 'o5V8y1VTS0bzPk3rLEzXCLaO3ahc',
    'to' => 'gh_f9b894563ef4',
    'time' => '1594204287',
    'type' => 'text',
    'content' => 'http://www.boyufengmao.com/app/index.php?i=6&c=entry&m=ewei_shopv2&do=mobile',
    'redirection' => true,
    'source' => 'VIEW',
  ),
)

2020-07-08 18:31:27 response :
------------

2020-07-08 18:33:02 trace :
------------
String:
<xml><ToUserName><![CDATA[gh_f9b894563ef4]]></ToUserName>
<FromUserName><![CDATA[o5V8y1VTS0bzPk3rLEzXCLaO3ahc]]></FromUserName>
<CreateTime>1594204382</CreateTime>
<MsgType><![CDATA[event]]></MsgType>
<Event><![CDATA[VIEW]]></Event>
<EventKey><![CDATA[http://www.boyufengmao.com/app/index.php?i=6&c=entry&m=ewei_shopv2&do=mobile]]></EventKey>
<MenuId>445261982</MenuId>
</xml>

2020-07-08 18:33:02 params :
------------
String:
array (
  'rule' => -2,
  'module' => '',
  'message' => 
  array (
    'tousername' => 'gh_f9b894563ef4',
    'fromusername' => 'o5V8y1VTS0bzPk3rLEzXCLaO3ahc',
    'createtime' => '1594204382',
    'msgtype' => 'event',
    'event' => 'VIEW',
    'eventkey' => 'http://www.boyufengmao.com/app/index.php?i=6&c=entry&m=ewei_shopv2&do=mobile',
    'menuid' => '445261982',
    'from' => 'o5V8y1VTS0bzPk3rLEzXCLaO3ahc',
    'to' => 'gh_f9b894563ef4',
    'time' => '1594204382',
    'type' => 'text',
    'content' => 'http://www.boyufengmao.com/app/index.php?i=6&c=entry&m=ewei_shopv2&do=mobile',
    'redirection' => true,
    'source' => 'VIEW',
  ),
)

2020-07-08 18:33:02 response :
------------

2020-07-08 18:33:36 trace :
------------
String:
<xml><ToUserName><![CDATA[gh_f9b894563ef4]]></ToUserName>
<FromUserName><![CDATA[o5V8y1VTS0bzPk3rLEzXCLaO3ahc]]></FromUserName>
<CreateTime>1594204416</CreateTime>
<MsgType><![CDATA[event]]></MsgType>
<Event><![CDATA[VIEW]]></Event>
<EventKey><![CDATA[http://www.boyufengmao.com/app/index.php?i=6&c=entry&m=ewei_shopv2&do=mobile]]></EventKey>
<MenuId>445261982</MenuId>
</xml>

2020-07-08 18:33:36 params :
------------
String:
array (
  'rule' => -2,
  'module' => '',
  'message' => 
  array (
    'tousername' => 'gh_f9b894563ef4',
    'fromusername' => 'o5V8y1VTS0bzPk3rLEzXCLaO3ahc',
    'createtime' => '1594204416',
    'msgtype' => 'event',
    'event' => 'VIEW',
    'eventkey' => 'http://www.boyufengmao.com/app/index.php?i=6&c=entry&m=ewei_shopv2&do=mobile',
    'menuid' => '445261982',
    'from' => 'o5V8y1VTS0bzPk3rLEzXCLaO3ahc',
    'to' => 'gh_f9b894563ef4',
    'time' => '1594204416',
    'type' => 'text',
    'content' => 'http://www.boyufengmao.com/app/index.php?i=6&c=entry&m=ewei_shopv2&do=mobile',
    'redirection' => true,
    'source' => 'VIEW',
  ),
)

2020-07-08 18:33:36 response :
------------

2020-07-08 18:34:42 trace :
------------
String:
<xml><ToUserName><![CDATA[gh_f9b894563ef4]]></ToUserName>
<FromUserName><![CDATA[o5V8y1VTS0bzPk3rLEzXCLaO3ahc]]></FromUserName>
<CreateTime>1594204482</CreateTime>
<MsgType><![CDATA[event]]></MsgType>
<Event><![CDATA[VIEW]]></Event>
<EventKey><![CDATA[http://www.boyufengmao.com/app/index.php?i=6&c=entry&m=ewei_shopv2&do=mobile]]></EventKey>
<MenuId>445261982</MenuId>
</xml>

2020-07-08 18:34:42 params :
------------
String:
array (
  'rule' => -2,
  'module' => '',
  'message' => 
  array (
    'tousername' => 'gh_f9b894563ef4',
    'fromusername' => 'o5V8y1VTS0bzPk3rLEzXCLaO3ahc',
    'createtime' => '1594204482',
    'msgtype' => 'event',
    'event' => 'VIEW',
    'eventkey' => 'http://www.boyufengmao.com/app/index.php?i=6&c=entry&m=ewei_shopv2&do=mobile',
    'menuid' => '445261982',
    'from' => 'o5V8y1VTS0bzPk3rLEzXCLaO3ahc',
    'to' => 'gh_f9b894563ef4',
    'time' => '1594204482',
    'type' => 'text',
    'content' => 'http://www.boyufengmao.com/app/index.php?i=6&c=entry&m=ewei_shopv2&do=mobile',
    'redirection' => true,
    'source' => 'VIEW',
  ),
)

2020-07-08 18:34:42 response :
------------

2020-07-08 18:34:59 trace :
------------
String:
<xml><ToUserName><![CDATA[gh_f9b894563ef4]]></ToUserName>
<FromUserName><![CDATA[o5V8y1cdFdZ1bGiInFYGUA4PPmcI]]></FromUserName>
<CreateTime>1594204499</CreateTime>
<MsgType><![CDATA[event]]></MsgType>
<Event><![CDATA[subscribe]]></Event>
<EventKey><![CDATA[]]></EventKey>
</xml>

2020-07-08 18:34:59 params :
------------
String:
array (
  'rule' => -2,
  'module' => '',
  'message' => 
  array (
    'tousername' => 'gh_f9b894563ef4',
    'fromusername' => 'o5V8y1cdFdZ1bGiInFYGUA4PPmcI',
    'createtime' => '1594204499',
    'msgtype' => 'event',
    'event' => 'subscribe',
    'eventkey' => '',
    'from' => 'o5V8y1cdFdZ1bGiInFYGUA4PPmcI',
    'to' => 'gh_f9b894563ef4',
    'time' => '1594204499',
    'type' => 'text',
    'redirection' => true,
    'source' => 'subscribe',
  ),
)

2020-07-08 18:34:59 response :
------------

2020-07-08 18:35:03 trace :
------------
String:
<xml><ToUserName><![CDATA[gh_f9b894563ef4]]></ToUserName>
<FromUserName><![CDATA[o5V8y1cdFdZ1bGiInFYGUA4PPmcI]]></FromUserName>
<CreateTime>1594204503</CreateTime>
<MsgType><![CDATA[event]]></MsgType>
<Event><![CDATA[VIEW]]></Event>
<EventKey><![CDATA[http://www.boyufengmao.com/app/index.php?i=6&c=entry&m=ewei_shopv2&do=mobile&r=diypage&id=35]]></EventKey>
<MenuId>445261982</MenuId>
</xml>

2020-07-08 18:35:03 params :
------------
String:
array (
  'rule' => -2,
  'module' => '',
  'message' => 
  array (
    'tousername' => 'gh_f9b894563ef4',
    'fromusername' => 'o5V8y1cdFdZ1bGiInFYGUA4PPmcI',
    'createtime' => '1594204503',
    'msgtype' => 'event',
    'event' => 'VIEW',
    'eventkey' => 'http://www.boyufengmao.com/app/index.php?i=6&c=entry&m=ewei_shopv2&do=mobile&r=diypage&id=35',
    'menuid' => '445261982',
    'from' => 'o5V8y1cdFdZ1bGiInFYGUA4PPmcI',
    'to' => 'gh_f9b894563ef4',
    'time' => '1594204503',
    'type' => 'text',
    'content' => 'http://www.boyufengmao.com/app/index.php?i=6&c=entry&m=ewei_shopv2&do=mobile&r=diypage&id=35',
    'redirection' => true,
    'source' => 'VIEW',
  ),
)

2020-07-08 18:35:03 response :
------------

2020-07-08 19:17:25 trace :
------------
String:
<xml><ToUserName><![CDATA[gh_5e8fd633e50f]]></ToUserName>
<FromUserName><![CDATA[o0qljuBSd37_zerrZAprAelGuWJ8]]></FromUserName>
<CreateTime>1594207044</CreateTime>
<MsgType><![CDATA[event]]></MsgType>
<Event><![CDATA[VIEW]]></Event>
<EventKey><![CDATA[http://www.boyufengmao.com/app/index.php?i=17&c=entry&m=ewei_shopv2&do=mobile&r=diypage&id=110]]></EventKey>
<MenuId>488237872</MenuId>
</xml>

2020-07-08 19:17:25 params :
------------
String:
array (
  'rule' => -2,
  'module' => '',
  'message' => 
  array (
    'tousername' => 'gh_5e8fd633e50f',
    'fromusername' => 'o0qljuBSd37_zerrZAprAelGuWJ8',
    'createtime' => '1594207044',
    'msgtype' => 'event',
    'event' => 'VIEW',
    'eventkey' => 'http://www.boyufengmao.com/app/index.php?i=17&c=entry&m=ewei_shopv2&do=mobile&r=diypage&id=110',
    'menuid' => '488237872',
    'from' => 'o0qljuBSd37_zerrZAprAelGuWJ8',
    'to' => 'gh_5e8fd633e50f',
    'time' => '1594207044',
    'type' => 'text',
    'content' => 'http://www.boyufengmao.com/app/index.php?i=17&c=entry&m=ewei_shopv2&do=mobile&r=diypage&id=110',
    'redirection' => true,
    'source' => 'VIEW',
  ),
)

2020-07-08 19:17:25 response :
------------

2020-07-08 19:19:12 trace :
------------
String:
<xml><ToUserName><![CDATA[gh_7b3d37846b75]]></ToUserName>
<FromUserName><![CDATA[oZ5PY1BOHwYYRPbqoVkMkNUUa4rY]]></FromUserName>
<CreateTime>1594207152</CreateTime>
<MsgType><![CDATA[event]]></MsgType>
<Event><![CDATA[VIEW]]></Event>
<EventKey><![CDATA[http://www.boyufengmao.com/app/index.php?i=7&c=entry&m=ewei_shopv2&do=mobile&r=member]]></EventKey>
<MenuId>516391862</MenuId>
</xml>

2020-07-08 19:19:12 params :
------------
String:
array (
  'rule' => -2,
  'module' => '',
  'message' => 
  array (
    'tousername' => 'gh_7b3d37846b75',
    'fromusername' => 'oZ5PY1BOHwYYRPbqoVkMkNUUa4rY',
    'createtime' => '1594207152',
    'msgtype' => 'event',
    'event' => 'VIEW',
    'eventkey' => 'http://www.boyufengmao.com/app/index.php?i=7&c=entry&m=ewei_shopv2&do=mobile&r=member',
    'menuid' => '516391862',
    'from' => 'oZ5PY1BOHwYYRPbqoVkMkNUUa4rY',
    'to' => 'gh_7b3d37846b75',
    'time' => '1594207152',
    'type' => 'text',
    'content' => 'http://www.boyufengmao.com/app/index.php?i=7&c=entry&m=ewei_shopv2&do=mobile&r=member',
    'redirection' => true,
    'source' => 'VIEW',
  ),
)

2020-07-08 19:19:12 response :
------------

2020-07-08 19:19:39 trace :
------------
String:
<xml><ToUserName><![CDATA[gh_7b3d37846b75]]></ToUserName>
<FromUserName><![CDATA[oZ5PY1BOHwYYRPbqoVkMkNUUa4rY]]></FromUserName>
<CreateTime>1594207178</CreateTime>
<MsgType><![CDATA[event]]></MsgType>
<Event><![CDATA[VIEW]]></Event>
<EventKey><![CDATA[http://www.boyufengmao.com/app/index.php?i=7&c=entry&m=ewei_shopv2&do=mobile&r=diypage&id=30]]></EventKey>
<MenuId>516391862</MenuId>
</xml>

2020-07-08 19:19:39 params :
------------
String:
array (
  'rule' => -2,
  'module' => '',
  'message' => 
  array (
    'tousername' => 'gh_7b3d37846b75',
    'fromusername' => 'oZ5PY1BOHwYYRPbqoVkMkNUUa4rY',
    'createtime' => '1594207178',
    'msgtype' => 'event',
    'event' => 'VIEW',
    'eventkey' => 'http://www.boyufengmao.com/app/index.php?i=7&c=entry&m=ewei_shopv2&do=mobile&r=diypage&id=30',
    'menuid' => '516391862',
    'from' => 'oZ5PY1BOHwYYRPbqoVkMkNUUa4rY',
    'to' => 'gh_7b3d37846b75',
    'time' => '1594207178',
    'type' => 'text',
    'content' => 'http://www.boyufengmao.com/app/index.php?i=7&c=entry&m=ewei_shopv2&do=mobile&r=diypage&id=30',
    'redirection' => true,
    'source' => 'VIEW',
  ),
)

2020-07-08 19:19:39 response :
------------

2020-07-08 19:21:08 trace :
------------
String:
<xml><ToUserName><![CDATA[gh_62bcc2f9639d]]></ToUserName>
<FromUserName><![CDATA[opjhUwGYoNgNeuZfGeyWDKO9RJZg]]></FromUserName>
<CreateTime>1594207268</CreateTime>
<MsgType><![CDATA[event]]></MsgType>
<Event><![CDATA[VIEW]]></Event>
<EventKey><![CDATA[http://www.boyufengmao.com/app/index.php?i=10&c=entry&m=ewei_shopv2&do=mobile&r=member]]></EventKey>
<MenuId>432207807</MenuId>
</xml>

2020-07-08 19:21:08 trace :
------------
String:
<xml><ToUserName><![CDATA[gh_62bcc2f9639d]]></ToUserName>
<FromUserName><![CDATA[opjhUwGYoNgNeuZfGeyWDKO9RJZg]]></FromUserName>
<CreateTime>1594207268</CreateTime>
<MsgType><![CDATA[event]]></MsgType>
<Event><![CDATA[VIEW]]></Event>
<EventKey><![CDATA[http://www.boyufengmao.com/app/index.php?i=10&c=entry&m=ewei_shopv2&do=mobile&r=member]]></EventKey>
<MenuId>432207807</MenuId>
</xml>

2020-07-08 19:21:08 params :
------------
String:
array (
  'rule' => -2,
  'module' => '',
  'message' => 
  array (
    'tousername' => 'gh_62bcc2f9639d',
    'fromusername' => 'opjhUwGYoNgNeuZfGeyWDKO9RJZg',
    'createtime' => '1594207268',
    'msgtype' => 'event',
    'event' => 'VIEW',
    'eventkey' => 'http://www.boyufengmao.com/app/index.php?i=10&c=entry&m=ewei_shopv2&do=mobile&r=member',
    'menuid' => '432207807',
    'from' => 'opjhUwGYoNgNeuZfGeyWDKO9RJZg',
    'to' => 'gh_62bcc2f9639d',
    'time' => '1594207268',
    'type' => 'text',
    'content' => 'http://www.boyufengmao.com/app/index.php?i=10&c=entry&m=ewei_shopv2&do=mobile&r=member',
    'redirection' => true,
    'source' => 'VIEW',
  ),
)

2020-07-08 19:21:08 response :
------------

2020-07-08 19:21:08 params :
------------
String:
array (
  'rule' => -2,
  'module' => '',
  'message' => 
  array (
    'tousername' => 'gh_62bcc2f9639d',
    'fromusername' => 'opjhUwGYoNgNeuZfGeyWDKO9RJZg',
    'createtime' => '1594207268',
    'msgtype' => 'event',
    'event' => 'VIEW',
    'eventkey' => 'http://www.boyufengmao.com/app/index.php?i=10&c=entry&m=ewei_shopv2&do=mobile&r=member',
    'menuid' => '432207807',
    'from' => 'opjhUwGYoNgNeuZfGeyWDKO9RJZg',
    'to' => 'gh_62bcc2f9639d',
    'time' => '1594207268',
    'type' => 'text',
    'content' => 'http://www.boyufengmao.com/app/index.php?i=10&c=entry&m=ewei_shopv2&do=mobile&r=member',
    'redirection' => true,
    'source' => 'VIEW',
  ),
)

2020-07-08 19:21:08 response :
------------

2020-07-08 19:27:28 trace :
------------
String:
<xml><ToUserName><![CDATA[gh_f9b894563ef4]]></ToUserName>
<FromUserName><![CDATA[o5V8y1WOzvweE_1tIwKO4bcdZ-3w]]></FromUserName>
<CreateTime>1594207647</CreateTime>
<MsgType><![CDATA[event]]></MsgType>
<Event><![CDATA[subscribe]]></Event>
<EventKey><![CDATA[]]></EventKey>
</xml>

2020-07-08 19:27:28 params :
------------
String:
array (
  'rule' => -2,
  'module' => '',
  'message' => 
  array (
    'tousername' => 'gh_f9b894563ef4',
    'fromusername' => 'o5V8y1WOzvweE_1tIwKO4bcdZ-3w',
    'createtime' => '1594207647',
    'msgtype' => 'event',
    'event' => 'subscribe',
    'eventkey' => '',
    'from' => 'o5V8y1WOzvweE_1tIwKO4bcdZ-3w',
    'to' => 'gh_f9b894563ef4',
    'time' => '1594207647',
    'type' => 'text',
    'redirection' => true,
    'source' => 'subscribe',
  ),
)

2020-07-08 19:27:28 response :
------------

2020-07-08 19:27:32 trace :
------------
String:
<xml><ToUserName><![CDATA[gh_f9b894563ef4]]></ToUserName>
<FromUserName><![CDATA[o5V8y1WOzvweE_1tIwKO4bcdZ-3w]]></FromUserName>
<CreateTime>1594207652</CreateTime>
<MsgType><![CDATA[event]]></MsgType>
<Event><![CDATA[VIEW]]></Event>
<EventKey><![CDATA[http://www.boyufengmao.com/app/index.php?i=6&c=entry&m=ewei_shopv2&do=mobile&r=diypage&id=35]]></EventKey>
<MenuId>445261982</MenuId>
</xml>

2020-07-08 19:27:32 params :
------------
String:
array (
  'rule' => -2,
  'module' => '',
  'message' => 
  array (
    'tousername' => 'gh_f9b894563ef4',
    'fromusername' => 'o5V8y1WOzvweE_1tIwKO4bcdZ-3w',
    'createtime' => '1594207652',
    'msgtype' => 'event',
    'event' => 'VIEW',
    'eventkey' => 'http://www.boyufengmao.com/app/index.php?i=6&c=entry&m=ewei_shopv2&do=mobile&r=diypage&id=35',
    'menuid' => '445261982',
    'from' => 'o5V8y1WOzvweE_1tIwKO4bcdZ-3w',
    'to' => 'gh_f9b894563ef4',
    'time' => '1594207652',
    'type' => 'text',
    'content' => 'http://www.boyufengmao.com/app/index.php?i=6&c=entry&m=ewei_shopv2&do=mobile&r=diypage&id=35',
    'redirection' => true,
    'source' => 'VIEW',
  ),
)

2020-07-08 19:27:32 response :
------------

2020-07-08 19:37:04 trace :
------------
String:
<xml><ToUserName><![CDATA[gh_f9b894563ef4]]></ToUserName>
<FromUserName><![CDATA[o5V8y1TxiM-5Ws9IxAV5bmaelz7k]]></FromUserName>
<CreateTime>1594208224</CreateTime>
<MsgType><![CDATA[event]]></MsgType>
<Event><![CDATA[VIEW]]></Event>
<EventKey><![CDATA[http://www.boyufengmao.com/app/index.php?i=6&c=entry&m=ewei_shopv2&do=mobile]]></EventKey>
<MenuId>445261982</MenuId>
</xml>

2020-07-08 19:37:04 params :
------------
String:
array (
  'rule' => -2,
  'module' => '',
  'message' => 
  array (
    'tousername' => 'gh_f9b894563ef4',
    'fromusername' => 'o5V8y1TxiM-5Ws9IxAV5bmaelz7k',
    'createtime' => '1594208224',
    'msgtype' => 'event',
    'event' => 'VIEW',
    'eventkey' => 'http://www.boyufengmao.com/app/index.php?i=6&c=entry&m=ewei_shopv2&do=mobile',
    'menuid' => '445261982',
    'from' => 'o5V8y1TxiM-5Ws9IxAV5bmaelz7k',
    'to' => 'gh_f9b894563ef4',
    'time' => '1594208224',
    'type' => 'text',
    'content' => 'http://www.boyufengmao.com/app/index.php?i=6&c=entry&m=ewei_shopv2&do=mobile',
    'redirection' => true,
    'source' => 'VIEW',
  ),
)

2020-07-08 19:37:04 response :
------------

2020-07-08 19:37:35 trace :
------------
String:
<xml><ToUserName><![CDATA[gh_f9b894563ef4]]></ToUserName>
<FromUserName><![CDATA[o5V8y1TxiM-5Ws9IxAV5bmaelz7k]]></FromUserName>
<CreateTime>1594208255</CreateTime>
<MsgType><![CDATA[event]]></MsgType>
<Event><![CDATA[VIEW]]></Event>
<EventKey><![CDATA[http://www.boyufengmao.com/app/index.php?i=6&c=entry&m=ewei_shopv2&do=mobile]]></EventKey>
<MenuId>445261982</MenuId>
</xml>

2020-07-08 19:37:35 params :
------------
String:
array (
  'rule' => -2,
  'module' => '',
  'message' => 
  array (
    'tousername' => 'gh_f9b894563ef4',
    'fromusername' => 'o5V8y1TxiM-5Ws9IxAV5bmaelz7k',
    'createtime' => '1594208255',
    'msgtype' => 'event',
    'event' => 'VIEW',
    'eventkey' => 'http://www.boyufengmao.com/app/index.php?i=6&c=entry&m=ewei_shopv2&do=mobile',
    'menuid' => '445261982',
    'from' => 'o5V8y1TxiM-5Ws9IxAV5bmaelz7k',
    'to' => 'gh_f9b894563ef4',
    'time' => '1594208255',
    'type' => 'text',
    'content' => 'http://www.boyufengmao.com/app/index.php?i=6&c=entry&m=ewei_shopv2&do=mobile',
    'redirection' => true,
    'source' => 'VIEW',
  ),
)

2020-07-08 19:37:35 response :
------------

2020-07-08 19:37:48 trace :
------------
String:
<xml><ToUserName><![CDATA[gh_f9b894563ef4]]></ToUserName>
<FromUserName><![CDATA[o5V8y1TxiM-5Ws9IxAV5bmaelz7k]]></FromUserName>
<CreateTime>1594208268</CreateTime>
<MsgType><![CDATA[event]]></MsgType>
<Event><![CDATA[VIEW]]></Event>
<EventKey><![CDATA[http://www.boyufengmao.com/app/index.php?i=6&c=entry&m=ewei_shopv2&do=mobile&r=diypage&id=35]]></EventKey>
<MenuId>445261982</MenuId>
</xml>

2020-07-08 19:37:48 params :
------------
String:
array (
  'rule' => -2,
  'module' => '',
  'message' => 
  array (
    'tousername' => 'gh_f9b894563ef4',
    'fromusername' => 'o5V8y1TxiM-5Ws9IxAV5bmaelz7k',
    'createtime' => '1594208268',
    'msgtype' => 'event',
    'event' => 'VIEW',
    'eventkey' => 'http://www.boyufengmao.com/app/index.php?i=6&c=entry&m=ewei_shopv2&do=mobile&r=diypage&id=35',
    'menuid' => '445261982',
    'from' => 'o5V8y1TxiM-5Ws9IxAV5bmaelz7k',
    'to' => 'gh_f9b894563ef4',
    'time' => '1594208268',
    'type' => 'text',
    'content' => 'http://www.boyufengmao.com/app/index.php?i=6&c=entry&m=ewei_shopv2&do=mobile&r=diypage&id=35',
    'redirection' => true,
    'source' => 'VIEW',
  ),
)

2020-07-08 19:37:48 response :
------------

2020-07-08 19:38:01 trace :
------------
String:
<xml><ToUserName><![CDATA[gh_f9b894563ef4]]></ToUserName>
<FromUserName><![CDATA[o5V8y1TxiM-5Ws9IxAV5bmaelz7k]]></FromUserName>
<CreateTime>1594208281</CreateTime>
<MsgType><![CDATA[event]]></MsgType>
<Event><![CDATA[VIEW]]></Event>
<EventKey><![CDATA[http://www.boyufengmao.com/app/index.php?i=6&c=entry&m=ewei_shopv2&do=mobile&r=diypage&id=35]]></EventKey>
<MenuId>445261982</MenuId>
</xml>

2020-07-08 19:38:01 params :
------------
String:
array (
  'rule' => -2,
  'module' => '',
  'message' => 
  array (
    'tousername' => 'gh_f9b894563ef4',
    'fromusername' => 'o5V8y1TxiM-5Ws9IxAV5bmaelz7k',
    'createtime' => '1594208281',
    'msgtype' => 'event',
    'event' => 'VIEW',
    'eventkey' => 'http://www.boyufengmao.com/app/index.php?i=6&c=entry&m=ewei_shopv2&do=mobile&r=diypage&id=35',
    'menuid' => '445261982',
    'from' => 'o5V8y1TxiM-5Ws9IxAV5bmaelz7k',
    'to' => 'gh_f9b894563ef4',
    'time' => '1594208281',
    'type' => 'text',
    'content' => 'http://www.boyufengmao.com/app/index.php?i=6&c=entry&m=ewei_shopv2&do=mobile&r=diypage&id=35',
    'redirection' => true,
    'source' => 'VIEW',
  ),
)

2020-07-08 19:38:01 response :
------------

2020-07-08 19:41:44 trace :
------------
String:
<xml><ToUserName><![CDATA[gh_f9b894563ef4]]></ToUserName>
<FromUserName><![CDATA[o5V8y1aJnDRsTb7--JEK68QGwbLo]]></FromUserName>
<CreateTime>1594208504</CreateTime>
<MsgType><![CDATA[event]]></MsgType>
<Event><![CDATA[subscribe]]></Event>
<EventKey><![CDATA[]]></EventKey>
</xml>

2020-07-08 19:41:44 params :
------------
String:
array (
  'rule' => -2,
  'module' => '',
  'message' => 
  array (
    'tousername' => 'gh_f9b894563ef4',
    'fromusername' => 'o5V8y1aJnDRsTb7--JEK68QGwbLo',
    'createtime' => '1594208504',
    'msgtype' => 'event',
    'event' => 'subscribe',
    'eventkey' => '',
    'from' => 'o5V8y1aJnDRsTb7--JEK68QGwbLo',
    'to' => 'gh_f9b894563ef4',
    'time' => '1594208504',
    'type' => 'text',
    'redirection' => true,
    'source' => 'subscribe',
  ),
)

2020-07-08 19:41:44 response :
------------

2020-07-08 19:41:45 trace :
------------
String:
<xml><ToUserName><![CDATA[gh_f9b894563ef4]]></ToUserName>
<FromUserName><![CDATA[o5V8y1aJnDRsTb7--JEK68QGwbLo]]></FromUserName>
<CreateTime>1594208505</CreateTime>
<MsgType><![CDATA[event]]></MsgType>
<Event><![CDATA[VIEW]]></Event>
<EventKey><![CDATA[http://www.boyufengmao.com/app/index.php?i=6&c=entry&m=ewei_shopv2&do=mobile&r=diypage&id=35]]></EventKey>
<MenuId>445261982</MenuId>
</xml>

2020-07-08 19:41:45 params :
------------
String:
array (
  'rule' => -2,
  'module' => '',
  'message' => 
  array (
    'tousername' => 'gh_f9b894563ef4',
    'fromusername' => 'o5V8y1aJnDRsTb7--JEK68QGwbLo',
    'createtime' => '1594208505',
    'msgtype' => 'event',
    'event' => 'VIEW',
    'eventkey' => 'http://www.boyufengmao.com/app/index.php?i=6&c=entry&m=ewei_shopv2&do=mobile&r=diypage&id=35',
    'menuid' => '445261982',
    'from' => 'o5V8y1aJnDRsTb7--JEK68QGwbLo',
    'to' => 'gh_f9b894563ef4',
    'time' => '1594208505',
    'type' => 'text',
    'content' => 'http://www.boyufengmao.com/app/index.php?i=6&c=entry&m=ewei_shopv2&do=mobile&r=diypage&id=35',
    'redirection' => true,
    'source' => 'VIEW',
  ),
)

2020-07-08 19:41:45 response :
------------

2020-07-08 19:44:33 trace :
------------
String:
<xml><ToUserName><![CDATA[gh_f9b894563ef4]]></ToUserName>
<FromUserName><![CDATA[o5V8y1Xjv1q64nSB4Fr7gPGmVrd0]]></FromUserName>
<CreateTime>1594208673</CreateTime>
<MsgType><![CDATA[event]]></MsgType>
<Event><![CDATA[VIEW]]></Event>
<EventKey><![CDATA[http://www.boyufengmao.com/app/index.php?i=6&c=entry&m=ewei_shopv2&do=mobile]]></EventKey>
<MenuId>445261982</MenuId>
</xml>

2020-07-08 19:44:33 params :
------------
String:
array (
  'rule' => -2,
  'module' => '',
  'message' => 
  array (
    'tousername' => 'gh_f9b894563ef4',
    'fromusername' => 'o5V8y1Xjv1q64nSB4Fr7gPGmVrd0',
    'createtime' => '1594208673',
    'msgtype' => 'event',
    'event' => 'VIEW',
    'eventkey' => 'http://www.boyufengmao.com/app/index.php?i=6&c=entry&m=ewei_shopv2&do=mobile',
    'menuid' => '445261982',
    'from' => 'o5V8y1Xjv1q64nSB4Fr7gPGmVrd0',
    'to' => 'gh_f9b894563ef4',
    'time' => '1594208673',
    'type' => 'text',
    'content' => 'http://www.boyufengmao.com/app/index.php?i=6&c=entry&m=ewei_shopv2&do=mobile',
    'redirection' => true,
    'source' => 'VIEW',
  ),
)

2020-07-08 19:44:33 response :
------------

2020-07-08 20:12:44 trace :
------------
String:
<xml><ToUserName><![CDATA[gh_f9b894563ef4]]></ToUserName>
<FromUserName><![CDATA[o5V8y1auQBQxdysZWGUuA5v2kf4c]]></FromUserName>
<CreateTime>1594210364</CreateTime>
<MsgType><![CDATA[event]]></MsgType>
<Event><![CDATA[subscribe]]></Event>
<EventKey><![CDATA[]]></EventKey>
</xml>

2020-07-08 20:12:44 params :
------------
String:
array (
  'rule' => -2,
  'module' => '',
  'message' => 
  array (
    'tousername' => 'gh_f9b894563ef4',
    'fromusername' => 'o5V8y1auQBQxdysZWGUuA5v2kf4c',
    'createtime' => '1594210364',
    'msgtype' => 'event',
    'event' => 'subscribe',
    'eventkey' => '',
    'from' => 'o5V8y1auQBQxdysZWGUuA5v2kf4c',
    'to' => 'gh_f9b894563ef4',
    'time' => '1594210364',
    'type' => 'text',
    'redirection' => true,
    'source' => 'subscribe',
  ),
)

2020-07-08 20:12:44 response :
------------

2020-07-08 20:12:46 trace :
------------
String:
<xml><ToUserName><![CDATA[gh_f9b894563ef4]]></ToUserName>
<FromUserName><![CDATA[o5V8y1auQBQxdysZWGUuA5v2kf4c]]></FromUserName>
<CreateTime>1594210366</CreateTime>
<MsgType><![CDATA[event]]></MsgType>
<Event><![CDATA[VIEW]]></Event>
<EventKey><![CDATA[http://www.boyufengmao.com/app/index.php?i=6&c=entry&m=ewei_shopv2&do=mobile&r=diypage&id=35]]></EventKey>
<MenuId>445261982</MenuId>
</xml>

2020-07-08 20:12:46 params :
------------
String:
array (
  'rule' => -2,
  'module' => '',
  'message' => 
  array (
    'tousername' => 'gh_f9b894563ef4',
    'fromusername' => 'o5V8y1auQBQxdysZWGUuA5v2kf4c',
    'createtime' => '1594210366',
    'msgtype' => 'event',
    'event' => 'VIEW',
    'eventkey' => 'http://www.boyufengmao.com/app/index.php?i=6&c=entry&m=ewei_shopv2&do=mobile&r=diypage&id=35',
    'menuid' => '445261982',
    'from' => 'o5V8y1auQBQxdysZWGUuA5v2kf4c',
    'to' => 'gh_f9b894563ef4',
    'time' => '1594210366',
    'type' => 'text',
    'content' => 'http://www.boyufengmao.com/app/index.php?i=6&c=entry&m=ewei_shopv2&do=mobile&r=diypage&id=35',
    'redirection' => true,
    'source' => 'VIEW',
  ),
)

2020-07-08 20:12:46 response :
------------

2020-07-08 20:20:07 trace :
------------
String:
<xml><ToUserName><![CDATA[gh_f9b894563ef4]]></ToUserName>
<FromUserName><![CDATA[o5V8y1QJpmMTluxcZRRBkA0XzrQU]]></FromUserName>
<CreateTime>1594210807</CreateTime>
<MsgType><![CDATA[event]]></MsgType>
<Event><![CDATA[unsubscribe]]></Event>
<EventKey><![CDATA[]]></EventKey>
</xml>

2020-07-08 20:22:32 trace :
------------
String:
<xml><ToUserName><![CDATA[gh_f9b894563ef4]]></ToUserName>
<FromUserName><![CDATA[o5V8y1SqcXQDqHpJgfxRwBdZEWC8]]></FromUserName>
<CreateTime>1594210951</CreateTime>
<MsgType><![CDATA[event]]></MsgType>
<Event><![CDATA[VIEW]]></Event>
<EventKey><![CDATA[http://www.boyufengmao.com/app/index.php?i=6&c=entry&m=ewei_shopv2&do=mobile&r=diypage&id=35]]></EventKey>
<MenuId>445261982</MenuId>
</xml>

2020-07-08 20:22:32 params :
------------
String:
array (
  'rule' => -2,
  'module' => '',
  'message' => 
  array (
    'tousername' => 'gh_f9b894563ef4',
    'fromusername' => 'o5V8y1SqcXQDqHpJgfxRwBdZEWC8',
    'createtime' => '1594210951',
    'msgtype' => 'event',
    'event' => 'VIEW',
    'eventkey' => 'http://www.boyufengmao.com/app/index.php?i=6&c=entry&m=ewei_shopv2&do=mobile&r=diypage&id=35',
    'menuid' => '445261982',
    'from' => 'o5V8y1SqcXQDqHpJgfxRwBdZEWC8',
    'to' => 'gh_f9b894563ef4',
    'time' => '1594210951',
    'type' => 'text',
    'content' => 'http://www.boyufengmao.com/app/index.php?i=6&c=entry&m=ewei_shopv2&do=mobile&r=diypage&id=35',
    'redirection' => true,
    'source' => 'VIEW',
  ),
)

2020-07-08 20:22:32 response :
------------

2020-07-08 20:22:49 trace :
------------
String:
<xml><ToUserName><![CDATA[gh_f9b894563ef4]]></ToUserName>
<FromUserName><![CDATA[o5V8y1SqcXQDqHpJgfxRwBdZEWC8]]></FromUserName>
<CreateTime>1594210969</CreateTime>
<MsgType><![CDATA[event]]></MsgType>
<Event><![CDATA[VIEW]]></Event>
<EventKey><![CDATA[http://www.boyufengmao.com/app/index.php?i=6&c=entry&m=ewei_shopv2&do=mobile&r=diypage&id=35]]></EventKey>
<MenuId>445261982</MenuId>
</xml>

2020-07-08 20:22:49 params :
------------
String:
array (
  'rule' => -2,
  'module' => '',
  'message' => 
  array (
    'tousername' => 'gh_f9b894563ef4',
    'fromusername' => 'o5V8y1SqcXQDqHpJgfxRwBdZEWC8',
    'createtime' => '1594210969',
    'msgtype' => 'event',
    'event' => 'VIEW',
    'eventkey' => 'http://www.boyufengmao.com/app/index.php?i=6&c=entry&m=ewei_shopv2&do=mobile&r=diypage&id=35',
    'menuid' => '445261982',
    'from' => 'o5V8y1SqcXQDqHpJgfxRwBdZEWC8',
    'to' => 'gh_f9b894563ef4',
    'time' => '1594210969',
    'type' => 'text',
    'content' => 'http://www.boyufengmao.com/app/index.php?i=6&c=entry&m=ewei_shopv2&do=mobile&r=diypage&id=35',
    'redirection' => true,
    'source' => 'VIEW',
  ),
)

2020-07-08 20:22:49 response :
------------

2020-07-08 20:23:18 trace :
------------
String:
<xml><ToUserName><![CDATA[gh_f9b894563ef4]]></ToUserName>
<FromUserName><![CDATA[o5V8y1SqcXQDqHpJgfxRwBdZEWC8]]></FromUserName>
<CreateTime>1594210998</CreateTime>
<MsgType><![CDATA[event]]></MsgType>
<Event><![CDATA[VIEW]]></Event>
<EventKey><![CDATA[http://www.boyufengmao.com/app/index.php?i=6&c=entry&m=ewei_shopv2&do=mobile&r=diypage&id=35]]></EventKey>
<MenuId>445261982</MenuId>
</xml>

2020-07-08 20:23:18 params :
------------
String:
array (
  'rule' => -2,
  'module' => '',
  'message' => 
  array (
    'tousername' => 'gh_f9b894563ef4',
    'fromusername' => 'o5V8y1SqcXQDqHpJgfxRwBdZEWC8',
    'createtime' => '1594210998',
    'msgtype' => 'event',
    'event' => 'VIEW',
    'eventkey' => 'http://www.boyufengmao.com/app/index.php?i=6&c=entry&m=ewei_shopv2&do=mobile&r=diypage&id=35',
    'menuid' => '445261982',
    'from' => 'o5V8y1SqcXQDqHpJgfxRwBdZEWC8',
    'to' => 'gh_f9b894563ef4',
    'time' => '1594210998',
    'type' => 'text',
    'content' => 'http://www.boyufengmao.com/app/index.php?i=6&c=entry&m=ewei_shopv2&do=mobile&r=diypage&id=35',
    'redirection' => true,
    'source' => 'VIEW',
  ),
)

2020-07-08 20:23:18 response :
------------

2020-07-08 20:24:14 trace :
------------
String:
<xml><ToUserName><![CDATA[gh_f9b894563ef4]]></ToUserName>
<FromUserName><![CDATA[o5V8y1SqcXQDqHpJgfxRwBdZEWC8]]></FromUserName>
<CreateTime>1594211053</CreateTime>
<MsgType><![CDATA[event]]></MsgType>
<Event><![CDATA[VIEW]]></Event>
<EventKey><![CDATA[http://www.boyufengmao.com/app/index.php?i=6&c=entry&m=ewei_shopv2&do=mobile]]></EventKey>
<MenuId>445261982</MenuId>
</xml>

2020-07-08 20:24:14 params :
------------
String:
array (
  'rule' => -2,
  'module' => '',
  'message' => 
  array (
    'tousername' => 'gh_f9b894563ef4',
    'fromusername' => 'o5V8y1SqcXQDqHpJgfxRwBdZEWC8',
    'createtime' => '1594211053',
    'msgtype' => 'event',
    'event' => 'VIEW',
    'eventkey' => 'http://www.boyufengmao.com/app/index.php?i=6&c=entry&m=ewei_shopv2&do=mobile',
    'menuid' => '445261982',
    'from' => 'o5V8y1SqcXQDqHpJgfxRwBdZEWC8',
    'to' => 'gh_f9b894563ef4',
    'time' => '1594211053',
    'type' => 'text',
    'content' => 'http://www.boyufengmao.com/app/index.php?i=6&c=entry&m=ewei_shopv2&do=mobile',
    'redirection' => true,
    'source' => 'VIEW',
  ),
)

2020-07-08 20:24:14 response :
------------

2020-07-08 20:38:43 trace :
------------
String:
<xml><ToUserName><![CDATA[gh_7b3d37846b75]]></ToUserName>
<FromUserName><![CDATA[oZ5PY1LUq7A_xcmVmeXMbLkU0LXQ]]></FromUserName>
<CreateTime>1594211922</CreateTime>
<MsgType><![CDATA[event]]></MsgType>
<Event><![CDATA[qualification_verify_success]]></Event>
<ExpiredTime>1625747921</ExpiredTime>
</xml>

2020-07-08 20:38:43 params :
------------
String:
array (
  'rule' => -2,
  'module' => '',
  'message' => 
  array (
    'tousername' => 'gh_7b3d37846b75',
    'fromusername' => 'oZ5PY1LUq7A_xcmVmeXMbLkU0LXQ',
    'createtime' => '1594211922',
    'msgtype' => 'event',
    'event' => 'qualification_verify_success',
    'expiredtime' => '1625747921',
    'from' => 'oZ5PY1LUq7A_xcmVmeXMbLkU0LXQ',
    'to' => 'gh_7b3d37846b75',
    'time' => '1594211922',
    'type' => 'event',
  ),
)

2020-07-08 20:38:43 response :
------------

2020-07-08 20:38:50 trace :
------------
String:
<xml><ToUserName><![CDATA[gh_7b3d37846b75]]></ToUserName>
<FromUserName><![CDATA[oZ5PY1LUq7A_xcmVmeXMbLkU0LXQ]]></FromUserName>
<CreateTime>1594211930</CreateTime>
<MsgType><![CDATA[event]]></MsgType>
<Event><![CDATA[naming_verify_fail]]></Event>
<FailTime>1594211925</FailTime>
<FailReason><![CDATA[命名审核【认证失败】：因用户昵称涉及品牌无法提供相关资料，已与用户核实，确认昵称认证失败]]></FailReason>
</xml>

2020-07-08 20:38:50 params :
------------
String:
array (
  'rule' => -2,
  'module' => '',
  'message' => 
  array (
    'tousername' => 'gh_7b3d37846b75',
    'fromusername' => 'oZ5PY1LUq7A_xcmVmeXMbLkU0LXQ',
    'createtime' => '1594211930',
    'msgtype' => 'event',
    'event' => 'naming_verify_fail',
    'failtime' => '1594211925',
    'failreason' => '命名审核【认证失败】：因用户昵称涉及品牌无法提供相关资料，已与用户核实，确认昵称认证失败',
    'from' => 'oZ5PY1LUq7A_xcmVmeXMbLkU0LXQ',
    'to' => 'gh_7b3d37846b75',
    'time' => '1594211930',
    'type' => 'event',
  ),
)

2020-07-08 20:38:50 response :
------------

2020-07-08 20:58:35 trace :
------------
String:
<xml><ToUserName><![CDATA[gh_f9b894563ef4]]></ToUserName>
<FromUserName><![CDATA[o5V8y1fbeu5A2C5-9l1jDx51J0_U]]></FromUserName>
<CreateTime>1594213115</CreateTime>
<MsgType><![CDATA[event]]></MsgType>
<Event><![CDATA[VIEW]]></Event>
<EventKey><![CDATA[http://www.boyufengmao.com/app/index.php?i=6&c=entry&m=ewei_shopv2&do=mobile]]></EventKey>
<MenuId>445261982</MenuId>
</xml>

2020-07-08 20:58:35 params :
------------
String:
array (
  'rule' => -2,
  'module' => '',
  'message' => 
  array (
    'tousername' => 'gh_f9b894563ef4',
    'fromusername' => 'o5V8y1fbeu5A2C5-9l1jDx51J0_U',
    'createtime' => '1594213115',
    'msgtype' => 'event',
    'event' => 'VIEW',
    'eventkey' => 'http://www.boyufengmao.com/app/index.php?i=6&c=entry&m=ewei_shopv2&do=mobile',
    'menuid' => '445261982',
    'from' => 'o5V8y1fbeu5A2C5-9l1jDx51J0_U',
    'to' => 'gh_f9b894563ef4',
    'time' => '1594213115',
    'type' => 'text',
    'content' => 'http://www.boyufengmao.com/app/index.php?i=6&c=entry&m=ewei_shopv2&do=mobile',
    'redirection' => true,
    'source' => 'VIEW',
  ),
)

2020-07-08 20:58:35 response :
------------

2020-07-08 20:58:44 trace :
------------
String:
<xml><ToUserName><![CDATA[gh_f9b894563ef4]]></ToUserName>
<FromUserName><![CDATA[o5V8y1fbeu5A2C5-9l1jDx51J0_U]]></FromUserName>
<CreateTime>1594213124</CreateTime>
<MsgType><![CDATA[event]]></MsgType>
<Event><![CDATA[VIEW]]></Event>
<EventKey><![CDATA[http://www.boyufengmao.com/app/index.php?i=6&c=entry&m=ewei_shopv2&do=mobile&r=diypage&id=35]]></EventKey>
<MenuId>445261982</MenuId>
</xml>

2020-07-08 20:58:44 params :
------------
String:
array (
  'rule' => -2,
  'module' => '',
  'message' => 
  array (
    'tousername' => 'gh_f9b894563ef4',
    'fromusername' => 'o5V8y1fbeu5A2C5-9l1jDx51J0_U',
    'createtime' => '1594213124',
    'msgtype' => 'event',
    'event' => 'VIEW',
    'eventkey' => 'http://www.boyufengmao.com/app/index.php?i=6&c=entry&m=ewei_shopv2&do=mobile&r=diypage&id=35',
    'menuid' => '445261982',
    'from' => 'o5V8y1fbeu5A2C5-9l1jDx51J0_U',
    'to' => 'gh_f9b894563ef4',
    'time' => '1594213124',
    'type' => 'text',
    'content' => 'http://www.boyufengmao.com/app/index.php?i=6&c=entry&m=ewei_shopv2&do=mobile&r=diypage&id=35',
    'redirection' => true,
    'source' => 'VIEW',
  ),
)

2020-07-08 20:58:44 response :
------------

2020-07-08 20:59:43 trace :
------------
String:
<xml><ToUserName><![CDATA[gh_f9b894563ef4]]></ToUserName>
<FromUserName><![CDATA[o5V8y1SwFGIYlpeFPsCLQOeM0MgI]]></FromUserName>
<CreateTime>1594213183</CreateTime>
<MsgType><![CDATA[event]]></MsgType>
<Event><![CDATA[subscribe]]></Event>
<EventKey><![CDATA[]]></EventKey>
</xml>

2020-07-08 20:59:43 params :
------------
String:
array (
  'rule' => -2,
  'module' => '',
  'message' => 
  array (
    'tousername' => 'gh_f9b894563ef4',
    'fromusername' => 'o5V8y1SwFGIYlpeFPsCLQOeM0MgI',
    'createtime' => '1594213183',
    'msgtype' => 'event',
    'event' => 'subscribe',
    'eventkey' => '',
    'from' => 'o5V8y1SwFGIYlpeFPsCLQOeM0MgI',
    'to' => 'gh_f9b894563ef4',
    'time' => '1594213183',
    'type' => 'text',
    'redirection' => true,
    'source' => 'subscribe',
  ),
)

2020-07-08 20:59:43 response :
------------

2020-07-08 21:00:24 trace :
------------
String:
<xml><ToUserName><![CDATA[gh_f9b894563ef4]]></ToUserName>
<FromUserName><![CDATA[o5V8y1SwFGIYlpeFPsCLQOeM0MgI]]></FromUserName>
<CreateTime>1594213224</CreateTime>
<MsgType><![CDATA[event]]></MsgType>
<Event><![CDATA[VIEW]]></Event>
<EventKey><![CDATA[http://www.boyufengmao.com/app/index.php?i=6&c=entry&m=ewei_shopv2&do=mobile]]></EventKey>
<MenuId>445261982</MenuId>
</xml>

2020-07-08 21:00:24 params :
------------
String:
array (
  'rule' => -2,
  'module' => '',
  'message' => 
  array (
    'tousername' => 'gh_f9b894563ef4',
    'fromusername' => 'o5V8y1SwFGIYlpeFPsCLQOeM0MgI',
    'createtime' => '1594213224',
    'msgtype' => 'event',
    'event' => 'VIEW',
    'eventkey' => 'http://www.boyufengmao.com/app/index.php?i=6&c=entry&m=ewei_shopv2&do=mobile',
    'menuid' => '445261982',
    'from' => 'o5V8y1SwFGIYlpeFPsCLQOeM0MgI',
    'to' => 'gh_f9b894563ef4',
    'time' => '1594213224',
    'type' => 'text',
    'content' => 'http://www.boyufengmao.com/app/index.php?i=6&c=entry&m=ewei_shopv2&do=mobile',
    'redirection' => true,
    'source' => 'VIEW',
  ),
)

2020-07-08 21:00:24 response :
------------

2020-07-08 21:04:12 trace :
------------
String:
<xml><ToUserName><![CDATA[gh_f9b894563ef4]]></ToUserName>
<FromUserName><![CDATA[o5V8y1VFoe756AzlCeQwgEC1RB7s]]></FromUserName>
<CreateTime>1594213452</CreateTime>
<MsgType><![CDATA[event]]></MsgType>
<Event><![CDATA[subscribe]]></Event>
<EventKey><![CDATA[]]></EventKey>
</xml>

2020-07-08 21:04:12 params :
------------
String:
array (
  'rule' => -2,
  'module' => '',
  'message' => 
  array (
    'tousername' => 'gh_f9b894563ef4',
    'fromusername' => 'o5V8y1VFoe756AzlCeQwgEC1RB7s',
    'createtime' => '1594213452',
    'msgtype' => 'event',
    'event' => 'subscribe',
    'eventkey' => '',
    'from' => 'o5V8y1VFoe756AzlCeQwgEC1RB7s',
    'to' => 'gh_f9b894563ef4',
    'time' => '1594213452',
    'type' => 'text',
    'redirection' => true,
    'source' => 'subscribe',
  ),
)

2020-07-08 21:04:12 response :
------------

2020-07-08 21:04:14 trace :
------------
String:
<xml><ToUserName><![CDATA[gh_f9b894563ef4]]></ToUserName>
<FromUserName><![CDATA[o5V8y1VFoe756AzlCeQwgEC1RB7s]]></FromUserName>
<CreateTime>1594213454</CreateTime>
<MsgType><![CDATA[event]]></MsgType>
<Event><![CDATA[VIEW]]></Event>
<EventKey><![CDATA[http://www.boyufengmao.com/app/index.php?i=6&c=entry&m=ewei_shopv2&do=mobile&r=diypage&id=35]]></EventKey>
<MenuId>445261982</MenuId>
</xml>

2020-07-08 21:04:14 params :
------------
String:
array (
  'rule' => -2,
  'module' => '',
  'message' => 
  array (
    'tousername' => 'gh_f9b894563ef4',
    'fromusername' => 'o5V8y1VFoe756AzlCeQwgEC1RB7s',
    'createtime' => '1594213454',
    'msgtype' => 'event',
    'event' => 'VIEW',
    'eventkey' => 'http://www.boyufengmao.com/app/index.php?i=6&c=entry&m=ewei_shopv2&do=mobile&r=diypage&id=35',
    'menuid' => '445261982',
    'from' => 'o5V8y1VFoe756AzlCeQwgEC1RB7s',
    'to' => 'gh_f9b894563ef4',
    'time' => '1594213454',
    'type' => 'text',
    'content' => 'http://www.boyufengmao.com/app/index.php?i=6&c=entry&m=ewei_shopv2&do=mobile&r=diypage&id=35',
    'redirection' => true,
    'source' => 'VIEW',
  ),
)

2020-07-08 21:04:14 response :
------------

2020-07-08 21:21:57 trace :
------------
String:
<xml><ToUserName><![CDATA[gh_f9b894563ef4]]></ToUserName>
<FromUserName><![CDATA[o5V8y1aJnDRsTb7--JEK68QGwbLo]]></FromUserName>
<CreateTime>1594214517</CreateTime>
<MsgType><![CDATA[event]]></MsgType>
<Event><![CDATA[VIEW]]></Event>
<EventKey><![CDATA[http://www.boyufengmao.com/app/index.php?i=6&c=entry&m=ewei_shopv2&do=mobile]]></EventKey>
<MenuId>445261982</MenuId>
</xml>

2020-07-08 21:21:57 params :
------------
String:
array (
  'rule' => -2,
  'module' => '',
  'message' => 
  array (
    'tousername' => 'gh_f9b894563ef4',
    'fromusername' => 'o5V8y1aJnDRsTb7--JEK68QGwbLo',
    'createtime' => '1594214517',
    'msgtype' => 'event',
    'event' => 'VIEW',
    'eventkey' => 'http://www.boyufengmao.com/app/index.php?i=6&c=entry&m=ewei_shopv2&do=mobile',
    'menuid' => '445261982',
    'from' => 'o5V8y1aJnDRsTb7--JEK68QGwbLo',
    'to' => 'gh_f9b894563ef4',
    'time' => '1594214517',
    'type' => 'text',
    'content' => 'http://www.boyufengmao.com/app/index.php?i=6&c=entry&m=ewei_shopv2&do=mobile',
    'redirection' => true,
    'source' => 'VIEW',
  ),
)

2020-07-08 21:21:57 response :
------------

2020-07-08 21:22:23 trace :
------------
String:
<xml><ToUserName><![CDATA[gh_f9b894563ef4]]></ToUserName>
<FromUserName><![CDATA[o5V8y1aJnDRsTb7--JEK68QGwbLo]]></FromUserName>
<CreateTime>1594214543</CreateTime>
<MsgType><![CDATA[event]]></MsgType>
<Event><![CDATA[VIEW]]></Event>
<EventKey><![CDATA[http://www.boyufengmao.com/app/index.php?i=6&c=entry&m=ewei_shopv2&do=mobile]]></EventKey>
<MenuId>445261982</MenuId>
</xml>

2020-07-08 21:22:23 params :
------------
String:
array (
  'rule' => -2,
  'module' => '',
  'message' => 
  array (
    'tousername' => 'gh_f9b894563ef4',
    'fromusername' => 'o5V8y1aJnDRsTb7--JEK68QGwbLo',
    'createtime' => '1594214543',
    'msgtype' => 'event',
    'event' => 'VIEW',
    'eventkey' => 'http://www.boyufengmao.com/app/index.php?i=6&c=entry&m=ewei_shopv2&do=mobile',
    'menuid' => '445261982',
    'from' => 'o5V8y1aJnDRsTb7--JEK68QGwbLo',
    'to' => 'gh_f9b894563ef4',
    'time' => '1594214543',
    'type' => 'text',
    'content' => 'http://www.boyufengmao.com/app/index.php?i=6&c=entry&m=ewei_shopv2&do=mobile',
    'redirection' => true,
    'source' => 'VIEW',
  ),
)

2020-07-08 21:22:23 response :
------------

2020-07-08 21:22:27 trace :
------------
String:
<xml><ToUserName><![CDATA[gh_f9b894563ef4]]></ToUserName>
<FromUserName><![CDATA[o5V8y1aJnDRsTb7--JEK68QGwbLo]]></FromUserName>
<CreateTime>1594214547</CreateTime>
<MsgType><![CDATA[event]]></MsgType>
<Event><![CDATA[VIEW]]></Event>
<EventKey><![CDATA[http://www.boyufengmao.com/app/index.php?i=6&c=entry&m=ewei_shopv2&do=mobile]]></EventKey>
<MenuId>445261982</MenuId>
</xml>

2020-07-08 21:22:27 params :
------------
String:
array (
  'rule' => -2,
  'module' => '',
  'message' => 
  array (
    'tousername' => 'gh_f9b894563ef4',
    'fromusername' => 'o5V8y1aJnDRsTb7--JEK68QGwbLo',
    'createtime' => '1594214547',
    'msgtype' => 'event',
    'event' => 'VIEW',
    'eventkey' => 'http://www.boyufengmao.com/app/index.php?i=6&c=entry&m=ewei_shopv2&do=mobile',
    'menuid' => '445261982',
    'from' => 'o5V8y1aJnDRsTb7--JEK68QGwbLo',
    'to' => 'gh_f9b894563ef4',
    'time' => '1594214547',
    'type' => 'text',
    'content' => 'http://www.boyufengmao.com/app/index.php?i=6&c=entry&m=ewei_shopv2&do=mobile',
    'redirection' => true,
    'source' => 'VIEW',
  ),
)

2020-07-08 21:22:27 response :
------------

2020-07-08 22:16:37 trace :
------------
String:
<xml><ToUserName><![CDATA[gh_8a7b6f3c4f59]]></ToUserName>
<FromUserName><![CDATA[oLJcswfXLxhCEeOYNXrgNdl8FkKA]]></FromUserName>
<CreateTime>1594217796</CreateTime>
<MsgType><![CDATA[event]]></MsgType>
<Event><![CDATA[subscribe]]></Event>
<EventKey><![CDATA[]]></EventKey>
</xml>

2020-07-08 22:16:37 params :
------------
String:
array (
  'rule' => -2,
  'module' => '',
  'message' => 
  array (
    'tousername' => 'gh_8a7b6f3c4f59',
    'fromusername' => 'oLJcswfXLxhCEeOYNXrgNdl8FkKA',
    'createtime' => '1594217796',
    'msgtype' => 'event',
    'event' => 'subscribe',
    'eventkey' => '',
    'from' => 'oLJcswfXLxhCEeOYNXrgNdl8FkKA',
    'to' => 'gh_8a7b6f3c4f59',
    'time' => '1594217796',
    'type' => 'text',
    'redirection' => true,
    'source' => 'subscribe',
  ),
)

2020-07-08 22:16:37 response :
------------

2020-07-08 22:17:23 trace :
------------
String:
<xml><ToUserName><![CDATA[gh_8a7b6f3c4f59]]></ToUserName>
<FromUserName><![CDATA[oLJcswfXLxhCEeOYNXrgNdl8FkKA]]></FromUserName>
<CreateTime>1594217843</CreateTime>
<MsgType><![CDATA[voice]]></MsgType>
<MediaId><![CDATA[lxlW_GVEWMMff61N9Y61slYK-83OOfj5X41ZYfMrXgFWstyYzXTBg8m8m_eDE1Ui]]></MediaId>
<Format><![CDATA[amr]]></Format>
<MsgId>22823711179534169</MsgId>
<Recognition><![CDATA[]]></Recognition>
</xml>

2020-07-08 22:17:23 params :
------------
String:
array (
  'rule' => -2,
  'module' => '',
  'message' => 
  array (
    'tousername' => 'gh_8a7b6f3c4f59',
    'fromusername' => 'oLJcswfXLxhCEeOYNXrgNdl8FkKA',
    'createtime' => '1594217843',
    'msgtype' => 'voice',
    'mediaid' => 'lxlW_GVEWMMff61N9Y61slYK-83OOfj5X41ZYfMrXgFWstyYzXTBg8m8m_eDE1Ui',
    'format' => 'amr',
    'msgid' => '22823711179534169',
    'recognition' => '',
    'from' => 'oLJcswfXLxhCEeOYNXrgNdl8FkKA',
    'to' => 'gh_8a7b6f3c4f59',
    'time' => '1594217843',
    'type' => 'voice',
    'event' => NULL,
  ),
)

2020-07-08 22:17:23 response :
------------

2020-07-08 23:11:35 trace :
------------
String:
<xml><ToUserName><![CDATA[gh_f9b894563ef4]]></ToUserName>
<FromUserName><![CDATA[o5V8y1SVnXDn_wCQ9v1c-k9DLL_E]]></FromUserName>
<CreateTime>1594221094</CreateTime>
<MsgType><![CDATA[event]]></MsgType>
<Event><![CDATA[subscribe]]></Event>
<EventKey><![CDATA[]]></EventKey>
</xml>

2020-07-08 23:11:35 params :
------------
String:
array (
  'rule' => -2,
  'module' => '',
  'message' => 
  array (
    'tousername' => 'gh_f9b894563ef4',
    'fromusername' => 'o5V8y1SVnXDn_wCQ9v1c-k9DLL_E',
    'createtime' => '1594221094',
    'msgtype' => 'event',
    'event' => 'subscribe',
    'eventkey' => '',
    'from' => 'o5V8y1SVnXDn_wCQ9v1c-k9DLL_E',
    'to' => 'gh_f9b894563ef4',
    'time' => '1594221094',
    'type' => 'text',
    'redirection' => true,
    'source' => 'subscribe',
  ),
)

2020-07-08 23:11:35 response :
------------

2020-07-08 23:11:37 trace :
------------
String:
<xml><ToUserName><![CDATA[gh_f9b894563ef4]]></ToUserName>
<FromUserName><![CDATA[o5V8y1SVnXDn_wCQ9v1c-k9DLL_E]]></FromUserName>
<CreateTime>1594221097</CreateTime>
<MsgType><![CDATA[event]]></MsgType>
<Event><![CDATA[VIEW]]></Event>
<EventKey><![CDATA[http://www.boyufengmao.com/app/index.php?i=6&c=entry&m=ewei_shopv2&do=mobile&r=diypage&id=35]]></EventKey>
<MenuId>445261982</MenuId>
</xml>

2020-07-08 23:11:37 params :
------------
String:
array (
  'rule' => -2,
  'module' => '',
  'message' => 
  array (
    'tousername' => 'gh_f9b894563ef4',
    'fromusername' => 'o5V8y1SVnXDn_wCQ9v1c-k9DLL_E',
    'createtime' => '1594221097',
    'msgtype' => 'event',
    'event' => 'VIEW',
    'eventkey' => 'http://www.boyufengmao.com/app/index.php?i=6&c=entry&m=ewei_shopv2&do=mobile&r=diypage&id=35',
    'menuid' => '445261982',
    'from' => 'o5V8y1SVnXDn_wCQ9v1c-k9DLL_E',
    'to' => 'gh_f9b894563ef4',
    'time' => '1594221097',
    'type' => 'text',
    'content' => 'http://www.boyufengmao.com/app/index.php?i=6&c=entry&m=ewei_shopv2&do=mobile&r=diypage&id=35',
    'redirection' => true,
    'source' => 'VIEW',
  ),
)

2020-07-08 23:11:37 response :
------------

