2020-07-28 10:13:28 trace :
------------
String:
<xml><ToUserName><![CDATA[gh_be85a89af525]]></ToUserName>
<FromUserName><![CDATA[oLBiNwMBaJZLs-KPqdOjZLlw2Nvk]]></FromUserName>
<CreateTime>1595902407</CreateTime>
<MsgType><![CDATA[event]]></MsgType>
<Event><![CDATA[VIEW]]></Event>
<EventKey><![CDATA[http://www.boyufengmao.com/app/index.php?i=23&c=entry&m=ewei_shopv2&do=mobile]]></EventKey>
<MenuId>445396590</MenuId>
</xml>

2020-07-28 10:13:28 params :
------------
String:
array (
  'rule' => -2,
  'module' => '',
  'message' => 
  array (
    'tousername' => 'gh_be85a89af525',
    'fromusername' => 'oLBiNwMBaJZLs-KPqdOjZLlw2Nvk',
    'createtime' => '1595902407',
    'msgtype' => 'event',
    'event' => 'VIEW',
    'eventkey' => 'http://www.boyufengmao.com/app/index.php?i=23&c=entry&m=ewei_shopv2&do=mobile',
    'menuid' => '445396590',
    'from' => 'oLBiNwMBaJZLs-KPqdOjZLlw2Nvk',
    'to' => 'gh_be85a89af525',
    'time' => '1595902407',
    'type' => 'text',
    'content' => 'http://www.boyufengmao.com/app/index.php?i=23&c=entry&m=ewei_shopv2&do=mobile',
    'redirection' => true,
    'source' => 'VIEW',
  ),
)

2020-07-28 10:13:28 response :
------------

2020-07-28 11:01:20 trace :
------------
String:
<xml><ToUserName><![CDATA[gh_be85a89af525]]></ToUserName>
<FromUserName><![CDATA[oLBiNwO_l5tOsqrmZBlcgzj7nMXc]]></FromUserName>
<CreateTime>1595905279</CreateTime>
<MsgType><![CDATA[event]]></MsgType>
<Event><![CDATA[VIEW]]></Event>
<EventKey><![CDATA[http://www.boyufengmao.com/app/index.php?i=23&c=entry&m=ewei_shopv2&do=mobile]]></EventKey>
<MenuId>445396590</MenuId>
</xml>

2020-07-28 11:01:20 params :
------------
String:
array (
  'rule' => -2,
  'module' => '',
  'message' => 
  array (
    'tousername' => 'gh_be85a89af525',
    'fromusername' => 'oLBiNwO_l5tOsqrmZBlcgzj7nMXc',
    'createtime' => '1595905279',
    'msgtype' => 'event',
    'event' => 'VIEW',
    'eventkey' => 'http://www.boyufengmao.com/app/index.php?i=23&c=entry&m=ewei_shopv2&do=mobile',
    'menuid' => '445396590',
    'from' => 'oLBiNwO_l5tOsqrmZBlcgzj7nMXc',
    'to' => 'gh_be85a89af525',
    'time' => '1595905279',
    'type' => 'text',
    'content' => 'http://www.boyufengmao.com/app/index.php?i=23&c=entry&m=ewei_shopv2&do=mobile',
    'redirection' => true,
    'source' => 'VIEW',
  ),
)

2020-07-28 11:01:20 response :
------------

2020-07-28 11:01:33 trace :
------------
String:
<xml><ToUserName><![CDATA[gh_be85a89af525]]></ToUserName>
<FromUserName><![CDATA[oLBiNwO_l5tOsqrmZBlcgzj7nMXc]]></FromUserName>
<CreateTime>1595905293</CreateTime>
<MsgType><![CDATA[event]]></MsgType>
<Event><![CDATA[VIEW]]></Event>
<EventKey><![CDATA[http://www.boyufengmao.com/app/index.php?i=23&c=entry&m=ewei_shopv2&do=mobile&r=member]]></EventKey>
<MenuId>445396590</MenuId>
</xml>

2020-07-28 11:01:33 params :
------------
String:
array (
  'rule' => -2,
  'module' => '',
  'message' => 
  array (
    'tousername' => 'gh_be85a89af525',
    'fromusername' => 'oLBiNwO_l5tOsqrmZBlcgzj7nMXc',
    'createtime' => '1595905293',
    'msgtype' => 'event',
    'event' => 'VIEW',
    'eventkey' => 'http://www.boyufengmao.com/app/index.php?i=23&c=entry&m=ewei_shopv2&do=mobile&r=member',
    'menuid' => '445396590',
    'from' => 'oLBiNwO_l5tOsqrmZBlcgzj7nMXc',
    'to' => 'gh_be85a89af525',
    'time' => '1595905293',
    'type' => 'text',
    'content' => 'http://www.boyufengmao.com/app/index.php?i=23&c=entry&m=ewei_shopv2&do=mobile&r=member',
    'redirection' => true,
    'source' => 'VIEW',
  ),
)

2020-07-28 11:01:33 response :
------------

2020-07-28 11:01:37 trace :
------------
String:
<xml><ToUserName><![CDATA[gh_be85a89af525]]></ToUserName>
<FromUserName><![CDATA[oLBiNwO_l5tOsqrmZBlcgzj7nMXc]]></FromUserName>
<CreateTime>1595905297</CreateTime>
<MsgType><![CDATA[event]]></MsgType>
<Event><![CDATA[VIEW]]></Event>
<EventKey><![CDATA[http://www.boyufengmao.com/app/index.php?i=23&c=entry&m=ewei_shopv2&do=mobile]]></EventKey>
<MenuId>445396590</MenuId>
</xml>

2020-07-28 11:01:37 params :
------------
String:
array (
  'rule' => -2,
  'module' => '',
  'message' => 
  array (
    'tousername' => 'gh_be85a89af525',
    'fromusername' => 'oLBiNwO_l5tOsqrmZBlcgzj7nMXc',
    'createtime' => '1595905297',
    'msgtype' => 'event',
    'event' => 'VIEW',
    'eventkey' => 'http://www.boyufengmao.com/app/index.php?i=23&c=entry&m=ewei_shopv2&do=mobile',
    'menuid' => '445396590',
    'from' => 'oLBiNwO_l5tOsqrmZBlcgzj7nMXc',
    'to' => 'gh_be85a89af525',
    'time' => '1595905297',
    'type' => 'text',
    'content' => 'http://www.boyufengmao.com/app/index.php?i=23&c=entry&m=ewei_shopv2&do=mobile',
    'redirection' => true,
    'source' => 'VIEW',
  ),
)

2020-07-28 11:01:37 response :
------------

2020-07-28 11:54:50 trace :
------------
String:
<xml><ToUserName><![CDATA[gh_be85a89af525]]></ToUserName>
<FromUserName><![CDATA[oLBiNwMBaJZLs-KPqdOjZLlw2Nvk]]></FromUserName>
<CreateTime>1595908490</CreateTime>
<MsgType><![CDATA[event]]></MsgType>
<Event><![CDATA[VIEW]]></Event>
<EventKey><![CDATA[http://www.boyufengmao.com/app/index.php?i=23&c=entry&m=ewei_shopv2&do=mobile]]></EventKey>
<MenuId>445396590</MenuId>
</xml>

2020-07-28 11:54:50 params :
------------
String:
array (
  'rule' => -2,
  'module' => '',
  'message' => 
  array (
    'tousername' => 'gh_be85a89af525',
    'fromusername' => 'oLBiNwMBaJZLs-KPqdOjZLlw2Nvk',
    'createtime' => '1595908490',
    'msgtype' => 'event',
    'event' => 'VIEW',
    'eventkey' => 'http://www.boyufengmao.com/app/index.php?i=23&c=entry&m=ewei_shopv2&do=mobile',
    'menuid' => '445396590',
    'from' => 'oLBiNwMBaJZLs-KPqdOjZLlw2Nvk',
    'to' => 'gh_be85a89af525',
    'time' => '1595908490',
    'type' => 'text',
    'content' => 'http://www.boyufengmao.com/app/index.php?i=23&c=entry&m=ewei_shopv2&do=mobile',
    'redirection' => true,
    'source' => 'VIEW',
  ),
)

2020-07-28 11:54:50 response :
------------

2020-07-28 11:56:59 trace :
------------
String:
<xml><ToUserName><![CDATA[gh_be85a89af525]]></ToUserName>
<FromUserName><![CDATA[oLBiNwMBaJZLs-KPqdOjZLlw2Nvk]]></FromUserName>
<CreateTime>1595908619</CreateTime>
<MsgType><![CDATA[event]]></MsgType>
<Event><![CDATA[VIEW]]></Event>
<EventKey><![CDATA[http://www.boyufengmao.com/app/index.php?i=23&c=entry&m=ewei_shopv2&do=mobile]]></EventKey>
<MenuId>445396590</MenuId>
</xml>

2020-07-28 11:56:59 params :
------------
String:
array (
  'rule' => -2,
  'module' => '',
  'message' => 
  array (
    'tousername' => 'gh_be85a89af525',
    'fromusername' => 'oLBiNwMBaJZLs-KPqdOjZLlw2Nvk',
    'createtime' => '1595908619',
    'msgtype' => 'event',
    'event' => 'VIEW',
    'eventkey' => 'http://www.boyufengmao.com/app/index.php?i=23&c=entry&m=ewei_shopv2&do=mobile',
    'menuid' => '445396590',
    'from' => 'oLBiNwMBaJZLs-KPqdOjZLlw2Nvk',
    'to' => 'gh_be85a89af525',
    'time' => '1595908619',
    'type' => 'text',
    'content' => 'http://www.boyufengmao.com/app/index.php?i=23&c=entry&m=ewei_shopv2&do=mobile',
    'redirection' => true,
    'source' => 'VIEW',
  ),
)

2020-07-28 11:56:59 response :
------------

2020-07-28 11:57:46 trace :
------------
String:
<xml><ToUserName><![CDATA[gh_be85a89af525]]></ToUserName>
<FromUserName><![CDATA[oLBiNwMBaJZLs-KPqdOjZLlw2Nvk]]></FromUserName>
<CreateTime>1595908666</CreateTime>
<MsgType><![CDATA[event]]></MsgType>
<Event><![CDATA[VIEW]]></Event>
<EventKey><![CDATA[http://www.boyufengmao.com/app/index.php?i=23&c=entry&m=ewei_shopv2&do=mobile]]></EventKey>
<MenuId>445396590</MenuId>
</xml>

2020-07-28 11:57:46 params :
------------
String:
array (
  'rule' => -2,
  'module' => '',
  'message' => 
  array (
    'tousername' => 'gh_be85a89af525',
    'fromusername' => 'oLBiNwMBaJZLs-KPqdOjZLlw2Nvk',
    'createtime' => '1595908666',
    'msgtype' => 'event',
    'event' => 'VIEW',
    'eventkey' => 'http://www.boyufengmao.com/app/index.php?i=23&c=entry&m=ewei_shopv2&do=mobile',
    'menuid' => '445396590',
    'from' => 'oLBiNwMBaJZLs-KPqdOjZLlw2Nvk',
    'to' => 'gh_be85a89af525',
    'time' => '1595908666',
    'type' => 'text',
    'content' => 'http://www.boyufengmao.com/app/index.php?i=23&c=entry&m=ewei_shopv2&do=mobile',
    'redirection' => true,
    'source' => 'VIEW',
  ),
)

2020-07-28 11:57:46 response :
------------

2020-07-28 11:58:58 trace :
------------
String:
<xml><ToUserName><![CDATA[gh_be85a89af525]]></ToUserName>
<FromUserName><![CDATA[oLBiNwMBaJZLs-KPqdOjZLlw2Nvk]]></FromUserName>
<CreateTime>1595908738</CreateTime>
<MsgType><![CDATA[event]]></MsgType>
<Event><![CDATA[VIEW]]></Event>
<EventKey><![CDATA[http://www.boyufengmao.com/app/index.php?i=23&c=entry&m=ewei_shopv2&do=mobile]]></EventKey>
<MenuId>445396590</MenuId>
</xml>

2020-07-28 11:58:58 params :
------------
String:
array (
  'rule' => -2,
  'module' => '',
  'message' => 
  array (
    'tousername' => 'gh_be85a89af525',
    'fromusername' => 'oLBiNwMBaJZLs-KPqdOjZLlw2Nvk',
    'createtime' => '1595908738',
    'msgtype' => 'event',
    'event' => 'VIEW',
    'eventkey' => 'http://www.boyufengmao.com/app/index.php?i=23&c=entry&m=ewei_shopv2&do=mobile',
    'menuid' => '445396590',
    'from' => 'oLBiNwMBaJZLs-KPqdOjZLlw2Nvk',
    'to' => 'gh_be85a89af525',
    'time' => '1595908738',
    'type' => 'text',
    'content' => 'http://www.boyufengmao.com/app/index.php?i=23&c=entry&m=ewei_shopv2&do=mobile',
    'redirection' => true,
    'source' => 'VIEW',
  ),
)

2020-07-28 11:58:58 response :
------------

2020-07-28 12:08:04 trace :
------------
String:
<xml><ToUserName><![CDATA[gh_be85a89af525]]></ToUserName>
<FromUserName><![CDATA[oLBiNwMBaJZLs-KPqdOjZLlw2Nvk]]></FromUserName>
<CreateTime>1595909284</CreateTime>
<MsgType><![CDATA[event]]></MsgType>
<Event><![CDATA[VIEW]]></Event>
<EventKey><![CDATA[http://www.boyufengmao.com/app/index.php?i=23&c=entry&m=ewei_shopv2&do=mobile]]></EventKey>
<MenuId>445396590</MenuId>
</xml>

2020-07-28 12:08:04 params :
------------
String:
array (
  'rule' => -2,
  'module' => '',
  'message' => 
  array (
    'tousername' => 'gh_be85a89af525',
    'fromusername' => 'oLBiNwMBaJZLs-KPqdOjZLlw2Nvk',
    'createtime' => '1595909284',
    'msgtype' => 'event',
    'event' => 'VIEW',
    'eventkey' => 'http://www.boyufengmao.com/app/index.php?i=23&c=entry&m=ewei_shopv2&do=mobile',
    'menuid' => '445396590',
    'from' => 'oLBiNwMBaJZLs-KPqdOjZLlw2Nvk',
    'to' => 'gh_be85a89af525',
    'time' => '1595909284',
    'type' => 'text',
    'content' => 'http://www.boyufengmao.com/app/index.php?i=23&c=entry&m=ewei_shopv2&do=mobile',
    'redirection' => true,
    'source' => 'VIEW',
  ),
)

2020-07-28 12:08:04 response :
------------

2020-07-28 12:08:26 trace :
------------
String:
<xml><ToUserName><![CDATA[gh_62bcc2f9639d]]></ToUserName>
<FromUserName><![CDATA[opjhUwHl-GWImceAhM1U7COsX0Fw]]></FromUserName>
<CreateTime>1595909306</CreateTime>
<MsgType><![CDATA[event]]></MsgType>
<Event><![CDATA[VIEW]]></Event>
<EventKey><![CDATA[http://www.boyufengmao.com/app/index.php?i=10&c=entry&m=ewei_shopv2&do=mobile]]></EventKey>
<MenuId>432207807</MenuId>
</xml>

2020-07-28 12:08:26 params :
------------
String:
array (
  'rule' => -2,
  'module' => '',
  'message' => 
  array (
    'tousername' => 'gh_62bcc2f9639d',
    'fromusername' => 'opjhUwHl-GWImceAhM1U7COsX0Fw',
    'createtime' => '1595909306',
    'msgtype' => 'event',
    'event' => 'VIEW',
    'eventkey' => 'http://www.boyufengmao.com/app/index.php?i=10&c=entry&m=ewei_shopv2&do=mobile',
    'menuid' => '432207807',
    'from' => 'opjhUwHl-GWImceAhM1U7COsX0Fw',
    'to' => 'gh_62bcc2f9639d',
    'time' => '1595909306',
    'type' => 'text',
    'content' => 'http://www.boyufengmao.com/app/index.php?i=10&c=entry&m=ewei_shopv2&do=mobile',
    'redirection' => true,
    'source' => 'VIEW',
  ),
)

2020-07-28 12:08:26 response :
------------

2020-07-28 12:12:18 trace :
------------
String:
<xml><ToUserName><![CDATA[gh_62bcc2f9639d]]></ToUserName>
<FromUserName><![CDATA[opjhUwHl-GWImceAhM1U7COsX0Fw]]></FromUserName>
<CreateTime>1595909538</CreateTime>
<MsgType><![CDATA[event]]></MsgType>
<Event><![CDATA[VIEW]]></Event>
<EventKey><![CDATA[http://www.boyufengmao.com/app/index.php?i=10&c=entry&m=ewei_shopv2&do=mobile]]></EventKey>
<MenuId>432207807</MenuId>
</xml>

2020-07-28 12:12:18 params :
------------
String:
array (
  'rule' => -2,
  'module' => '',
  'message' => 
  array (
    'tousername' => 'gh_62bcc2f9639d',
    'fromusername' => 'opjhUwHl-GWImceAhM1U7COsX0Fw',
    'createtime' => '1595909538',
    'msgtype' => 'event',
    'event' => 'VIEW',
    'eventkey' => 'http://www.boyufengmao.com/app/index.php?i=10&c=entry&m=ewei_shopv2&do=mobile',
    'menuid' => '432207807',
    'from' => 'opjhUwHl-GWImceAhM1U7COsX0Fw',
    'to' => 'gh_62bcc2f9639d',
    'time' => '1595909538',
    'type' => 'text',
    'content' => 'http://www.boyufengmao.com/app/index.php?i=10&c=entry&m=ewei_shopv2&do=mobile',
    'redirection' => true,
    'source' => 'VIEW',
  ),
)

2020-07-28 12:12:18 response :
------------

2020-07-28 12:22:34 trace :
------------
String:
<xml><ToUserName><![CDATA[gh_be85a89af525]]></ToUserName>
<FromUserName><![CDATA[oLBiNwMBaJZLs-KPqdOjZLlw2Nvk]]></FromUserName>
<CreateTime>1595910154</CreateTime>
<MsgType><![CDATA[event]]></MsgType>
<Event><![CDATA[VIEW]]></Event>
<EventKey><![CDATA[http://www.boyufengmao.com/app/index.php?i=23&c=entry&m=ewei_shopv2&do=mobile]]></EventKey>
<MenuId>445396590</MenuId>
</xml>

2020-07-28 12:22:34 params :
------------
String:
array (
  'rule' => -2,
  'module' => '',
  'message' => 
  array (
    'tousername' => 'gh_be85a89af525',
    'fromusername' => 'oLBiNwMBaJZLs-KPqdOjZLlw2Nvk',
    'createtime' => '1595910154',
    'msgtype' => 'event',
    'event' => 'VIEW',
    'eventkey' => 'http://www.boyufengmao.com/app/index.php?i=23&c=entry&m=ewei_shopv2&do=mobile',
    'menuid' => '445396590',
    'from' => 'oLBiNwMBaJZLs-KPqdOjZLlw2Nvk',
    'to' => 'gh_be85a89af525',
    'time' => '1595910154',
    'type' => 'text',
    'content' => 'http://www.boyufengmao.com/app/index.php?i=23&c=entry&m=ewei_shopv2&do=mobile',
    'redirection' => true,
    'source' => 'VIEW',
  ),
)

2020-07-28 12:22:34 response :
------------

2020-07-28 12:39:13 trace :
------------
String:
<xml><ToUserName><![CDATA[gh_be85a89af525]]></ToUserName>
<FromUserName><![CDATA[oLBiNwGCmMw1W_GxCHLMY-T9pvDU]]></FromUserName>
<CreateTime>1595911152</CreateTime>
<MsgType><![CDATA[event]]></MsgType>
<Event><![CDATA[VIEW]]></Event>
<EventKey><![CDATA[http://www.boyufengmao.com/app/index.php?i=23&c=entry&m=ewei_shopv2&do=mobile]]></EventKey>
<MenuId>445396590</MenuId>
</xml>

2020-07-28 12:39:13 params :
------------
String:
array (
  'rule' => -2,
  'module' => '',
  'message' => 
  array (
    'tousername' => 'gh_be85a89af525',
    'fromusername' => 'oLBiNwGCmMw1W_GxCHLMY-T9pvDU',
    'createtime' => '1595911152',
    'msgtype' => 'event',
    'event' => 'VIEW',
    'eventkey' => 'http://www.boyufengmao.com/app/index.php?i=23&c=entry&m=ewei_shopv2&do=mobile',
    'menuid' => '445396590',
    'from' => 'oLBiNwGCmMw1W_GxCHLMY-T9pvDU',
    'to' => 'gh_be85a89af525',
    'time' => '1595911152',
    'type' => 'text',
    'content' => 'http://www.boyufengmao.com/app/index.php?i=23&c=entry&m=ewei_shopv2&do=mobile',
    'redirection' => true,
    'source' => 'VIEW',
  ),
)

2020-07-28 12:39:13 response :
------------

2020-07-28 12:39:14 trace :
------------
String:
<xml><ToUserName><![CDATA[gh_be85a89af525]]></ToUserName>
<FromUserName><![CDATA[oLBiNwGCmMw1W_GxCHLMY-T9pvDU]]></FromUserName>
<CreateTime>1595911154</CreateTime>
<MsgType><![CDATA[event]]></MsgType>
<Event><![CDATA[VIEW]]></Event>
<EventKey><![CDATA[http://www.boyufengmao.com/app/index.php?i=23&c=entry&m=ewei_shopv2&do=mobile]]></EventKey>
<MenuId>445396590</MenuId>
</xml>

2020-07-28 12:39:14 params :
------------
String:
array (
  'rule' => -2,
  'module' => '',
  'message' => 
  array (
    'tousername' => 'gh_be85a89af525',
    'fromusername' => 'oLBiNwGCmMw1W_GxCHLMY-T9pvDU',
    'createtime' => '1595911154',
    'msgtype' => 'event',
    'event' => 'VIEW',
    'eventkey' => 'http://www.boyufengmao.com/app/index.php?i=23&c=entry&m=ewei_shopv2&do=mobile',
    'menuid' => '445396590',
    'from' => 'oLBiNwGCmMw1W_GxCHLMY-T9pvDU',
    'to' => 'gh_be85a89af525',
    'time' => '1595911154',
    'type' => 'text',
    'content' => 'http://www.boyufengmao.com/app/index.php?i=23&c=entry&m=ewei_shopv2&do=mobile',
    'redirection' => true,
    'source' => 'VIEW',
  ),
)

2020-07-28 12:39:14 response :
------------

2020-07-28 12:43:17 trace :
------------
String:
<xml><ToUserName><![CDATA[gh_be85a89af525]]></ToUserName>
<FromUserName><![CDATA[oLBiNwMBaJZLs-KPqdOjZLlw2Nvk]]></FromUserName>
<CreateTime>1595911397</CreateTime>
<MsgType><![CDATA[event]]></MsgType>
<Event><![CDATA[VIEW]]></Event>
<EventKey><![CDATA[http://www.boyufengmao.com/app/index.php?i=23&c=entry&m=ewei_shopv2&do=mobile]]></EventKey>
<MenuId>445396590</MenuId>
</xml>

2020-07-28 12:43:17 params :
------------
String:
array (
  'rule' => -2,
  'module' => '',
  'message' => 
  array (
    'tousername' => 'gh_be85a89af525',
    'fromusername' => 'oLBiNwMBaJZLs-KPqdOjZLlw2Nvk',
    'createtime' => '1595911397',
    'msgtype' => 'event',
    'event' => 'VIEW',
    'eventkey' => 'http://www.boyufengmao.com/app/index.php?i=23&c=entry&m=ewei_shopv2&do=mobile',
    'menuid' => '445396590',
    'from' => 'oLBiNwMBaJZLs-KPqdOjZLlw2Nvk',
    'to' => 'gh_be85a89af525',
    'time' => '1595911397',
    'type' => 'text',
    'content' => 'http://www.boyufengmao.com/app/index.php?i=23&c=entry&m=ewei_shopv2&do=mobile',
    'redirection' => true,
    'source' => 'VIEW',
  ),
)

2020-07-28 12:43:17 response :
------------

2020-07-28 12:48:55 trace :
------------
String:
<xml><ToUserName><![CDATA[gh_be85a89af525]]></ToUserName>
<FromUserName><![CDATA[oLBiNwMBaJZLs-KPqdOjZLlw2Nvk]]></FromUserName>
<CreateTime>1595911735</CreateTime>
<MsgType><![CDATA[event]]></MsgType>
<Event><![CDATA[VIEW]]></Event>
<EventKey><![CDATA[http://www.boyufengmao.com/app/index.php?i=23&c=entry&m=ewei_shopv2&do=mobile]]></EventKey>
<MenuId>445396590</MenuId>
</xml>

2020-07-28 12:48:55 params :
------------
String:
array (
  'rule' => -2,
  'module' => '',
  'message' => 
  array (
    'tousername' => 'gh_be85a89af525',
    'fromusername' => 'oLBiNwMBaJZLs-KPqdOjZLlw2Nvk',
    'createtime' => '1595911735',
    'msgtype' => 'event',
    'event' => 'VIEW',
    'eventkey' => 'http://www.boyufengmao.com/app/index.php?i=23&c=entry&m=ewei_shopv2&do=mobile',
    'menuid' => '445396590',
    'from' => 'oLBiNwMBaJZLs-KPqdOjZLlw2Nvk',
    'to' => 'gh_be85a89af525',
    'time' => '1595911735',
    'type' => 'text',
    'content' => 'http://www.boyufengmao.com/app/index.php?i=23&c=entry&m=ewei_shopv2&do=mobile',
    'redirection' => true,
    'source' => 'VIEW',
  ),
)

2020-07-28 12:48:55 response :
------------

2020-07-28 12:51:28 trace :
------------
String:
<xml><ToUserName><![CDATA[gh_be85a89af525]]></ToUserName>
<FromUserName><![CDATA[oLBiNwMBaJZLs-KPqdOjZLlw2Nvk]]></FromUserName>
<CreateTime>1595911888</CreateTime>
<MsgType><![CDATA[event]]></MsgType>
<Event><![CDATA[VIEW]]></Event>
<EventKey><![CDATA[http://www.boyufengmao.com/app/index.php?i=23&c=entry&m=ewei_shopv2&do=mobile]]></EventKey>
<MenuId>445396590</MenuId>
</xml>

2020-07-28 12:51:28 params :
------------
String:
array (
  'rule' => -2,
  'module' => '',
  'message' => 
  array (
    'tousername' => 'gh_be85a89af525',
    'fromusername' => 'oLBiNwMBaJZLs-KPqdOjZLlw2Nvk',
    'createtime' => '1595911888',
    'msgtype' => 'event',
    'event' => 'VIEW',
    'eventkey' => 'http://www.boyufengmao.com/app/index.php?i=23&c=entry&m=ewei_shopv2&do=mobile',
    'menuid' => '445396590',
    'from' => 'oLBiNwMBaJZLs-KPqdOjZLlw2Nvk',
    'to' => 'gh_be85a89af525',
    'time' => '1595911888',
    'type' => 'text',
    'content' => 'http://www.boyufengmao.com/app/index.php?i=23&c=entry&m=ewei_shopv2&do=mobile',
    'redirection' => true,
    'source' => 'VIEW',
  ),
)

2020-07-28 12:51:28 response :
------------

2020-07-28 12:51:52 trace :
------------
String:
<xml><ToUserName><![CDATA[gh_be85a89af525]]></ToUserName>
<FromUserName><![CDATA[oLBiNwGCmMw1W_GxCHLMY-T9pvDU]]></FromUserName>
<CreateTime>1595911912</CreateTime>
<MsgType><![CDATA[event]]></MsgType>
<Event><![CDATA[VIEW]]></Event>
<EventKey><![CDATA[http://www.boyufengmao.com/app/index.php?i=23&c=entry&m=ewei_shopv2&do=mobile]]></EventKey>
<MenuId>445396590</MenuId>
</xml>

2020-07-28 12:51:52 params :
------------
String:
array (
  'rule' => -2,
  'module' => '',
  'message' => 
  array (
    'tousername' => 'gh_be85a89af525',
    'fromusername' => 'oLBiNwGCmMw1W_GxCHLMY-T9pvDU',
    'createtime' => '1595911912',
    'msgtype' => 'event',
    'event' => 'VIEW',
    'eventkey' => 'http://www.boyufengmao.com/app/index.php?i=23&c=entry&m=ewei_shopv2&do=mobile',
    'menuid' => '445396590',
    'from' => 'oLBiNwGCmMw1W_GxCHLMY-T9pvDU',
    'to' => 'gh_be85a89af525',
    'time' => '1595911912',
    'type' => 'text',
    'content' => 'http://www.boyufengmao.com/app/index.php?i=23&c=entry&m=ewei_shopv2&do=mobile',
    'redirection' => true,
    'source' => 'VIEW',
  ),
)

2020-07-28 12:51:52 response :
------------

2020-07-28 13:07:04 trace :
------------
String:
<xml><ToUserName><![CDATA[gh_be85a89af525]]></ToUserName>
<FromUserName><![CDATA[oLBiNwMBaJZLs-KPqdOjZLlw2Nvk]]></FromUserName>
<CreateTime>1595912824</CreateTime>
<MsgType><![CDATA[event]]></MsgType>
<Event><![CDATA[VIEW]]></Event>
<EventKey><![CDATA[http://www.boyufengmao.com/app/index.php?i=23&c=entry&m=ewei_shopv2&do=mobile]]></EventKey>
<MenuId>445396590</MenuId>
</xml>

2020-07-28 13:07:04 params :
------------
String:
array (
  'rule' => -2,
  'module' => '',
  'message' => 
  array (
    'tousername' => 'gh_be85a89af525',
    'fromusername' => 'oLBiNwMBaJZLs-KPqdOjZLlw2Nvk',
    'createtime' => '1595912824',
    'msgtype' => 'event',
    'event' => 'VIEW',
    'eventkey' => 'http://www.boyufengmao.com/app/index.php?i=23&c=entry&m=ewei_shopv2&do=mobile',
    'menuid' => '445396590',
    'from' => 'oLBiNwMBaJZLs-KPqdOjZLlw2Nvk',
    'to' => 'gh_be85a89af525',
    'time' => '1595912824',
    'type' => 'text',
    'content' => 'http://www.boyufengmao.com/app/index.php?i=23&c=entry&m=ewei_shopv2&do=mobile',
    'redirection' => true,
    'source' => 'VIEW',
  ),
)

2020-07-28 13:07:04 response :
------------

2020-07-28 13:34:09 trace :
------------
String:
<xml><ToUserName><![CDATA[gh_7b3d37846b75]]></ToUserName>
<FromUserName><![CDATA[oZ5PY1CP3-tj8Ys97J1vKT1HyrOc]]></FromUserName>
<CreateTime>1595914449</CreateTime>
<MsgType><![CDATA[event]]></MsgType>
<Event><![CDATA[unsubscribe]]></Event>
<EventKey><![CDATA[]]></EventKey>
</xml>

2020-07-28 16:19:15 trace :
------------
String:
<xml><ToUserName><![CDATA[gh_be85a89af525]]></ToUserName>
<FromUserName><![CDATA[oLBiNwGCmMw1W_GxCHLMY-T9pvDU]]></FromUserName>
<CreateTime>1595924355</CreateTime>
<MsgType><![CDATA[event]]></MsgType>
<Event><![CDATA[VIEW]]></Event>
<EventKey><![CDATA[http://www.boyufengmao.com/app/index.php?i=23&c=entry&m=ewei_shopv2&do=mobile]]></EventKey>
<MenuId>445396590</MenuId>
</xml>

2020-07-28 16:19:15 params :
------------
String:
array (
  'rule' => -2,
  'module' => '',
  'message' => 
  array (
    'tousername' => 'gh_be85a89af525',
    'fromusername' => 'oLBiNwGCmMw1W_GxCHLMY-T9pvDU',
    'createtime' => '1595924355',
    'msgtype' => 'event',
    'event' => 'VIEW',
    'eventkey' => 'http://www.boyufengmao.com/app/index.php?i=23&c=entry&m=ewei_shopv2&do=mobile',
    'menuid' => '445396590',
    'from' => 'oLBiNwGCmMw1W_GxCHLMY-T9pvDU',
    'to' => 'gh_be85a89af525',
    'time' => '1595924355',
    'type' => 'text',
    'content' => 'http://www.boyufengmao.com/app/index.php?i=23&c=entry&m=ewei_shopv2&do=mobile',
    'redirection' => true,
    'source' => 'VIEW',
  ),
)

2020-07-28 16:19:15 response :
------------

2020-07-28 16:19:19 trace :
------------
String:
<xml><ToUserName><![CDATA[gh_be85a89af525]]></ToUserName>
<FromUserName><![CDATA[oLBiNwGCmMw1W_GxCHLMY-T9pvDU]]></FromUserName>
<CreateTime>1595924359</CreateTime>
<MsgType><![CDATA[event]]></MsgType>
<Event><![CDATA[VIEW]]></Event>
<EventKey><![CDATA[http://www.boyufengmao.com/app/index.php?i=23&c=entry&m=ewei_shopv2&do=mobile]]></EventKey>
<MenuId>445396590</MenuId>
</xml>

2020-07-28 16:19:19 params :
------------
String:
array (
  'rule' => -2,
  'module' => '',
  'message' => 
  array (
    'tousername' => 'gh_be85a89af525',
    'fromusername' => 'oLBiNwGCmMw1W_GxCHLMY-T9pvDU',
    'createtime' => '1595924359',
    'msgtype' => 'event',
    'event' => 'VIEW',
    'eventkey' => 'http://www.boyufengmao.com/app/index.php?i=23&c=entry&m=ewei_shopv2&do=mobile',
    'menuid' => '445396590',
    'from' => 'oLBiNwGCmMw1W_GxCHLMY-T9pvDU',
    'to' => 'gh_be85a89af525',
    'time' => '1595924359',
    'type' => 'text',
    'content' => 'http://www.boyufengmao.com/app/index.php?i=23&c=entry&m=ewei_shopv2&do=mobile',
    'redirection' => true,
    'source' => 'VIEW',
  ),
)

2020-07-28 16:19:19 response :
------------

2020-07-28 16:22:22 trace :
------------
String:
<xml><ToUserName><![CDATA[gh_be85a89af525]]></ToUserName>
<FromUserName><![CDATA[oLBiNwGCmMw1W_GxCHLMY-T9pvDU]]></FromUserName>
<CreateTime>1595924542</CreateTime>
<MsgType><![CDATA[event]]></MsgType>
<Event><![CDATA[VIEW]]></Event>
<EventKey><![CDATA[http://www.boyufengmao.com/app/index.php?i=23&c=entry&m=ewei_shopv2&do=mobile&r=member]]></EventKey>
<MenuId>445396590</MenuId>
</xml>

2020-07-28 16:22:22 params :
------------
String:
array (
  'rule' => -2,
  'module' => '',
  'message' => 
  array (
    'tousername' => 'gh_be85a89af525',
    'fromusername' => 'oLBiNwGCmMw1W_GxCHLMY-T9pvDU',
    'createtime' => '1595924542',
    'msgtype' => 'event',
    'event' => 'VIEW',
    'eventkey' => 'http://www.boyufengmao.com/app/index.php?i=23&c=entry&m=ewei_shopv2&do=mobile&r=member',
    'menuid' => '445396590',
    'from' => 'oLBiNwGCmMw1W_GxCHLMY-T9pvDU',
    'to' => 'gh_be85a89af525',
    'time' => '1595924542',
    'type' => 'text',
    'content' => 'http://www.boyufengmao.com/app/index.php?i=23&c=entry&m=ewei_shopv2&do=mobile&r=member',
    'redirection' => true,
    'source' => 'VIEW',
  ),
)

2020-07-28 16:22:22 response :
------------

2020-07-28 16:22:27 trace :
------------
String:
<xml><ToUserName><![CDATA[gh_be85a89af525]]></ToUserName>
<FromUserName><![CDATA[oLBiNwGCmMw1W_GxCHLMY-T9pvDU]]></FromUserName>
<CreateTime>1595924547</CreateTime>
<MsgType><![CDATA[event]]></MsgType>
<Event><![CDATA[VIEW]]></Event>
<EventKey><![CDATA[http://www.boyufengmao.com/app/index.php?i=23&c=entry&m=ewei_shopv2&do=mobile]]></EventKey>
<MenuId>445396590</MenuId>
</xml>

2020-07-28 16:22:27 params :
------------
String:
array (
  'rule' => -2,
  'module' => '',
  'message' => 
  array (
    'tousername' => 'gh_be85a89af525',
    'fromusername' => 'oLBiNwGCmMw1W_GxCHLMY-T9pvDU',
    'createtime' => '1595924547',
    'msgtype' => 'event',
    'event' => 'VIEW',
    'eventkey' => 'http://www.boyufengmao.com/app/index.php?i=23&c=entry&m=ewei_shopv2&do=mobile',
    'menuid' => '445396590',
    'from' => 'oLBiNwGCmMw1W_GxCHLMY-T9pvDU',
    'to' => 'gh_be85a89af525',
    'time' => '1595924547',
    'type' => 'text',
    'content' => 'http://www.boyufengmao.com/app/index.php?i=23&c=entry&m=ewei_shopv2&do=mobile',
    'redirection' => true,
    'source' => 'VIEW',
  ),
)

2020-07-28 16:22:27 response :
------------

2020-07-28 16:22:44 trace :
------------
String:
<xml><ToUserName><![CDATA[gh_be85a89af525]]></ToUserName>
<FromUserName><![CDATA[oLBiNwGCmMw1W_GxCHLMY-T9pvDU]]></FromUserName>
<CreateTime>1595924564</CreateTime>
<MsgType><![CDATA[event]]></MsgType>
<Event><![CDATA[VIEW]]></Event>
<EventKey><![CDATA[http://www.boyufengmao.com/app/index.php?i=23&c=entry&m=ewei_shopv2&do=mobile]]></EventKey>
<MenuId>445396590</MenuId>
</xml>

2020-07-28 16:22:44 params :
------------
String:
array (
  'rule' => -2,
  'module' => '',
  'message' => 
  array (
    'tousername' => 'gh_be85a89af525',
    'fromusername' => 'oLBiNwGCmMw1W_GxCHLMY-T9pvDU',
    'createtime' => '1595924564',
    'msgtype' => 'event',
    'event' => 'VIEW',
    'eventkey' => 'http://www.boyufengmao.com/app/index.php?i=23&c=entry&m=ewei_shopv2&do=mobile',
    'menuid' => '445396590',
    'from' => 'oLBiNwGCmMw1W_GxCHLMY-T9pvDU',
    'to' => 'gh_be85a89af525',
    'time' => '1595924564',
    'type' => 'text',
    'content' => 'http://www.boyufengmao.com/app/index.php?i=23&c=entry&m=ewei_shopv2&do=mobile',
    'redirection' => true,
    'source' => 'VIEW',
  ),
)

2020-07-28 16:22:44 response :
------------

2020-07-28 16:37:49 trace :
------------
String:
<xml><ToUserName><![CDATA[gh_f9b894563ef4]]></ToUserName>
<FromUserName><![CDATA[o5V8y1cNlSUQWpTgRT0nGE8zcuyk]]></FromUserName>
<CreateTime>1595925469</CreateTime>
<MsgType><![CDATA[event]]></MsgType>
<Event><![CDATA[VIEW]]></Event>
<EventKey><![CDATA[http://www.boyufengmao.com/app/index.php?i=6&c=entry&m=ewei_shopv2&do=mobile&r=diypage&id=35]]></EventKey>
<MenuId>445261982</MenuId>
</xml>

2020-07-28 16:37:49 params :
------------
String:
array (
  'rule' => -2,
  'module' => '',
  'message' => 
  array (
    'tousername' => 'gh_f9b894563ef4',
    'fromusername' => 'o5V8y1cNlSUQWpTgRT0nGE8zcuyk',
    'createtime' => '1595925469',
    'msgtype' => 'event',
    'event' => 'VIEW',
    'eventkey' => 'http://www.boyufengmao.com/app/index.php?i=6&c=entry&m=ewei_shopv2&do=mobile&r=diypage&id=35',
    'menuid' => '445261982',
    'from' => 'o5V8y1cNlSUQWpTgRT0nGE8zcuyk',
    'to' => 'gh_f9b894563ef4',
    'time' => '1595925469',
    'type' => 'text',
    'content' => 'http://www.boyufengmao.com/app/index.php?i=6&c=entry&m=ewei_shopv2&do=mobile&r=diypage&id=35',
    'redirection' => true,
    'source' => 'VIEW',
  ),
)

2020-07-28 16:37:49 response :
------------

2020-07-28 16:38:16 trace :
------------
String:
<xml><ToUserName><![CDATA[gh_f9b894563ef4]]></ToUserName>
<FromUserName><![CDATA[o5V8y1cNlSUQWpTgRT0nGE8zcuyk]]></FromUserName>
<CreateTime>1595925496</CreateTime>
<MsgType><![CDATA[event]]></MsgType>
<Event><![CDATA[VIEW]]></Event>
<EventKey><![CDATA[http://www.boyufengmao.com/app/index.php?i=6&c=entry&m=ewei_shopv2&do=mobile&r=diypage&id=35]]></EventKey>
<MenuId>445261982</MenuId>
</xml>

2020-07-28 16:38:16 params :
------------
String:
array (
  'rule' => -2,
  'module' => '',
  'message' => 
  array (
    'tousername' => 'gh_f9b894563ef4',
    'fromusername' => 'o5V8y1cNlSUQWpTgRT0nGE8zcuyk',
    'createtime' => '1595925496',
    'msgtype' => 'event',
    'event' => 'VIEW',
    'eventkey' => 'http://www.boyufengmao.com/app/index.php?i=6&c=entry&m=ewei_shopv2&do=mobile&r=diypage&id=35',
    'menuid' => '445261982',
    'from' => 'o5V8y1cNlSUQWpTgRT0nGE8zcuyk',
    'to' => 'gh_f9b894563ef4',
    'time' => '1595925496',
    'type' => 'text',
    'content' => 'http://www.boyufengmao.com/app/index.php?i=6&c=entry&m=ewei_shopv2&do=mobile&r=diypage&id=35',
    'redirection' => true,
    'source' => 'VIEW',
  ),
)

2020-07-28 16:38:16 response :
------------

2020-07-28 16:38:30 trace :
------------
String:
<xml><ToUserName><![CDATA[gh_f9b894563ef4]]></ToUserName>
<FromUserName><![CDATA[o5V8y1cNlSUQWpTgRT0nGE8zcuyk]]></FromUserName>
<CreateTime>1595925510</CreateTime>
<MsgType><![CDATA[event]]></MsgType>
<Event><![CDATA[VIEW]]></Event>
<EventKey><![CDATA[http://www.boyufengmao.com/app/index.php?i=6&c=entry&m=ewei_shopv2&do=mobile&r=diypage&id=35]]></EventKey>
<MenuId>445261982</MenuId>
</xml>

2020-07-28 16:38:30 params :
------------
String:
array (
  'rule' => -2,
  'module' => '',
  'message' => 
  array (
    'tousername' => 'gh_f9b894563ef4',
    'fromusername' => 'o5V8y1cNlSUQWpTgRT0nGE8zcuyk',
    'createtime' => '1595925510',
    'msgtype' => 'event',
    'event' => 'VIEW',
    'eventkey' => 'http://www.boyufengmao.com/app/index.php?i=6&c=entry&m=ewei_shopv2&do=mobile&r=diypage&id=35',
    'menuid' => '445261982',
    'from' => 'o5V8y1cNlSUQWpTgRT0nGE8zcuyk',
    'to' => 'gh_f9b894563ef4',
    'time' => '1595925510',
    'type' => 'text',
    'content' => 'http://www.boyufengmao.com/app/index.php?i=6&c=entry&m=ewei_shopv2&do=mobile&r=diypage&id=35',
    'redirection' => true,
    'source' => 'VIEW',
  ),
)

2020-07-28 16:38:30 response :
------------

2020-07-28 16:53:32 trace :
------------
String:
<xml><ToUserName><![CDATA[gh_f84627c82e27]]></ToUserName>
<FromUserName><![CDATA[oLL3KwZP0bJi8MYwztACaixKYQ7Y]]></FromUserName>
<CreateTime>1595926412</CreateTime>
<MsgType><![CDATA[event]]></MsgType>
<Event><![CDATA[VIEW]]></Event>
<EventKey><![CDATA[https://open.weixin.qq.com/connect/oauth2/authorize?appid=wxea8c3b3c6ef28cf2&redirect_uri=https%3A%2F%2Fweixin.keruyun.com%2FautoLogin%3FshopId%3D810640737%26menuId%3D349953158426793984&response_type=code&scope=snsapi_userinfo&state=weixin&component_appid=wx004cbf32587f3789#wechat_redirect]]></EventKey>
<MenuId>465323421</MenuId>
</xml>

2020-07-28 16:53:32 params :
------------
String:
array (
  'rule' => -2,
  'module' => '',
  'message' => 
  array (
    'tousername' => 'gh_f84627c82e27',
    'fromusername' => 'oLL3KwZP0bJi8MYwztACaixKYQ7Y',
    'createtime' => '1595926412',
    'msgtype' => 'event',
    'event' => 'VIEW',
    'eventkey' => 'https://open.weixin.qq.com/connect/oauth2/authorize?appid=wxea8c3b3c6ef28cf2&redirect_uri=https%3A%2F%2Fweixin.keruyun.com%2FautoLogin%3FshopId%3D810640737%26menuId%3D349953158426793984&response_type=code&scope=snsapi_userinfo&state=weixin&component_appid=wx004cbf32587f3789#wechat_redirect',
    'menuid' => '465323421',
    'from' => 'oLL3KwZP0bJi8MYwztACaixKYQ7Y',
    'to' => 'gh_f84627c82e27',
    'time' => '1595926412',
    'type' => 'text',
    'content' => 'https://open.weixin.qq.com/connect/oauth2/authorize?appid=wxea8c3b3c6ef28cf2&redirect_uri=https%3A%2F%2Fweixin.keruyun.com%2FautoLogin%3FshopId%3D810640737%26menuId%3D349953158426793984&response_type=code&scope=snsapi_userinfo&state=weixin&component_appid=wx004cbf32587f3789#wechat_redirect',
    'redirection' => true,
    'source' => 'VIEW',
  ),
)

2020-07-28 16:53:32 response :
------------

2020-07-28 16:53:58 trace :
------------
String:
<xml><ToUserName><![CDATA[gh_f84627c82e27]]></ToUserName>
<FromUserName><![CDATA[oLL3KwZP0bJi8MYwztACaixKYQ7Y]]></FromUserName>
<CreateTime>1595926438</CreateTime>
<MsgType><![CDATA[event]]></MsgType>
<Event><![CDATA[VIEW]]></Event>
<EventKey><![CDATA[https://open.weixin.qq.com/connect/oauth2/authorize?appid=wxea8c3b3c6ef28cf2&redirect_uri=https%3A%2F%2Fweixin.keruyun.com%2FautoLogin%3FshopId%3D810640737%26menuId%3D349953158426793984&response_type=code&scope=snsapi_userinfo&state=weixin&component_appid=wx004cbf32587f3789#wechat_redirect]]></EventKey>
<MenuId>465323421</MenuId>
</xml>

2020-07-28 16:53:58 params :
------------
String:
array (
  'rule' => -2,
  'module' => '',
  'message' => 
  array (
    'tousername' => 'gh_f84627c82e27',
    'fromusername' => 'oLL3KwZP0bJi8MYwztACaixKYQ7Y',
    'createtime' => '1595926438',
    'msgtype' => 'event',
    'event' => 'VIEW',
    'eventkey' => 'https://open.weixin.qq.com/connect/oauth2/authorize?appid=wxea8c3b3c6ef28cf2&redirect_uri=https%3A%2F%2Fweixin.keruyun.com%2FautoLogin%3FshopId%3D810640737%26menuId%3D349953158426793984&response_type=code&scope=snsapi_userinfo&state=weixin&component_appid=wx004cbf32587f3789#wechat_redirect',
    'menuid' => '465323421',
    'from' => 'oLL3KwZP0bJi8MYwztACaixKYQ7Y',
    'to' => 'gh_f84627c82e27',
    'time' => '1595926438',
    'type' => 'text',
    'content' => 'https://open.weixin.qq.com/connect/oauth2/authorize?appid=wxea8c3b3c6ef28cf2&redirect_uri=https%3A%2F%2Fweixin.keruyun.com%2FautoLogin%3FshopId%3D810640737%26menuId%3D349953158426793984&response_type=code&scope=snsapi_userinfo&state=weixin&component_appid=wx004cbf32587f3789#wechat_redirect',
    'redirection' => true,
    'source' => 'VIEW',
  ),
)

2020-07-28 16:53:58 response :
------------

2020-07-28 16:54:20 trace :
------------
String:
<xml><ToUserName><![CDATA[gh_f84627c82e27]]></ToUserName>
<FromUserName><![CDATA[oLL3KwZP0bJi8MYwztACaixKYQ7Y]]></FromUserName>
<CreateTime>1595926459</CreateTime>
<MsgType><![CDATA[event]]></MsgType>
<Event><![CDATA[VIEW]]></Event>
<EventKey><![CDATA[https://open.weixin.qq.com/connect/oauth2/authorize?appid=wxea8c3b3c6ef28cf2&redirect_uri=https%3A%2F%2Fweixin.keruyun.com%2FautoLogin%3FshopId%3D810640737%26menuId%3D349953158435182592&response_type=code&scope=snsapi_userinfo&state=weixin&component_appid=wx004cbf32587f3789#wechat_redirect]]></EventKey>
<MenuId>465323421</MenuId>
</xml>

2020-07-28 16:54:20 params :
------------
String:
array (
  'rule' => -2,
  'module' => '',
  'message' => 
  array (
    'tousername' => 'gh_f84627c82e27',
    'fromusername' => 'oLL3KwZP0bJi8MYwztACaixKYQ7Y',
    'createtime' => '1595926459',
    'msgtype' => 'event',
    'event' => 'VIEW',
    'eventkey' => 'https://open.weixin.qq.com/connect/oauth2/authorize?appid=wxea8c3b3c6ef28cf2&redirect_uri=https%3A%2F%2Fweixin.keruyun.com%2FautoLogin%3FshopId%3D810640737%26menuId%3D349953158435182592&response_type=code&scope=snsapi_userinfo&state=weixin&component_appid=wx004cbf32587f3789#wechat_redirect',
    'menuid' => '465323421',
    'from' => 'oLL3KwZP0bJi8MYwztACaixKYQ7Y',
    'to' => 'gh_f84627c82e27',
    'time' => '1595926459',
    'type' => 'text',
    'content' => 'https://open.weixin.qq.com/connect/oauth2/authorize?appid=wxea8c3b3c6ef28cf2&redirect_uri=https%3A%2F%2Fweixin.keruyun.com%2FautoLogin%3FshopId%3D810640737%26menuId%3D349953158435182592&response_type=code&scope=snsapi_userinfo&state=weixin&component_appid=wx004cbf32587f3789#wechat_redirect',
    'redirection' => true,
    'source' => 'VIEW',
  ),
)

2020-07-28 16:54:20 response :
------------

2020-07-28 17:22:02 trace :
------------
String:
<xml><ToUserName><![CDATA[gh_f9b894563ef4]]></ToUserName>
<FromUserName><![CDATA[o5V8y1VtwiO5rbfZCLlOO-LP3kcE]]></FromUserName>
<CreateTime>1595928122</CreateTime>
<MsgType><![CDATA[event]]></MsgType>
<Event><![CDATA[unsubscribe]]></Event>
<EventKey><![CDATA[]]></EventKey>
</xml>

2020-07-28 17:25:48 trace :
------------
String:
<xml><ToUserName><![CDATA[gh_be85a89af525]]></ToUserName>
<FromUserName><![CDATA[oLBiNwGCmMw1W_GxCHLMY-T9pvDU]]></FromUserName>
<CreateTime>1595928348</CreateTime>
<MsgType><![CDATA[event]]></MsgType>
<Event><![CDATA[VIEW]]></Event>
<EventKey><![CDATA[http://www.boyufengmao.com/app/index.php?i=23&c=entry&m=ewei_shopv2&do=mobile]]></EventKey>
<MenuId>445396590</MenuId>
</xml>

2020-07-28 17:25:48 params :
------------
String:
array (
  'rule' => -2,
  'module' => '',
  'message' => 
  array (
    'tousername' => 'gh_be85a89af525',
    'fromusername' => 'oLBiNwGCmMw1W_GxCHLMY-T9pvDU',
    'createtime' => '1595928348',
    'msgtype' => 'event',
    'event' => 'VIEW',
    'eventkey' => 'http://www.boyufengmao.com/app/index.php?i=23&c=entry&m=ewei_shopv2&do=mobile',
    'menuid' => '445396590',
    'from' => 'oLBiNwGCmMw1W_GxCHLMY-T9pvDU',
    'to' => 'gh_be85a89af525',
    'time' => '1595928348',
    'type' => 'text',
    'content' => 'http://www.boyufengmao.com/app/index.php?i=23&c=entry&m=ewei_shopv2&do=mobile',
    'redirection' => true,
    'source' => 'VIEW',
  ),
)

2020-07-28 17:25:48 response :
------------

2020-07-28 18:07:45 trace :
------------
String:
<xml><ToUserName><![CDATA[gh_f9b894563ef4]]></ToUserName>
<FromUserName><![CDATA[o5V8y1digd_2BIj_h_EO4IhzoZ5M]]></FromUserName>
<CreateTime>1595930865</CreateTime>
<MsgType><![CDATA[event]]></MsgType>
<Event><![CDATA[subscribe]]></Event>
<EventKey><![CDATA[]]></EventKey>
</xml>

2020-07-28 18:07:45 params :
------------
String:
array (
  'rule' => -2,
  'module' => '',
  'message' => 
  array (
    'tousername' => 'gh_f9b894563ef4',
    'fromusername' => 'o5V8y1digd_2BIj_h_EO4IhzoZ5M',
    'createtime' => '1595930865',
    'msgtype' => 'event',
    'event' => 'subscribe',
    'eventkey' => '',
    'from' => 'o5V8y1digd_2BIj_h_EO4IhzoZ5M',
    'to' => 'gh_f9b894563ef4',
    'time' => '1595930865',
    'type' => 'text',
    'redirection' => true,
    'source' => 'subscribe',
  ),
)

2020-07-28 18:07:45 response :
------------

2020-07-28 18:07:53 trace :
------------
String:
<xml><ToUserName><![CDATA[gh_f9b894563ef4]]></ToUserName>
<FromUserName><![CDATA[o5V8y1digd_2BIj_h_EO4IhzoZ5M]]></FromUserName>
<CreateTime>1595930873</CreateTime>
<MsgType><![CDATA[event]]></MsgType>
<Event><![CDATA[VIEW]]></Event>
<EventKey><![CDATA[http://www.boyufengmao.com/app/index.php?i=6&c=entry&m=ewei_shopv2&do=mobile]]></EventKey>
<MenuId>445261982</MenuId>
</xml>

2020-07-28 18:07:53 params :
------------
String:
array (
  'rule' => -2,
  'module' => '',
  'message' => 
  array (
    'tousername' => 'gh_f9b894563ef4',
    'fromusername' => 'o5V8y1digd_2BIj_h_EO4IhzoZ5M',
    'createtime' => '1595930873',
    'msgtype' => 'event',
    'event' => 'VIEW',
    'eventkey' => 'http://www.boyufengmao.com/app/index.php?i=6&c=entry&m=ewei_shopv2&do=mobile',
    'menuid' => '445261982',
    'from' => 'o5V8y1digd_2BIj_h_EO4IhzoZ5M',
    'to' => 'gh_f9b894563ef4',
    'time' => '1595930873',
    'type' => 'text',
    'content' => 'http://www.boyufengmao.com/app/index.php?i=6&c=entry&m=ewei_shopv2&do=mobile',
    'redirection' => true,
    'source' => 'VIEW',
  ),
)

2020-07-28 18:07:53 response :
------------

2020-07-28 19:11:34 trace :
------------
String:
<xml><ToUserName><![CDATA[gh_f9b894563ef4]]></ToUserName>
<FromUserName><![CDATA[o5V8y1e2gR-MAsBn4JUOKZgO3-EA]]></FromUserName>
<CreateTime>1595934694</CreateTime>
<MsgType><![CDATA[event]]></MsgType>
<Event><![CDATA[VIEW]]></Event>
<EventKey><![CDATA[http://www.boyufengmao.com/app/index.php?i=6&c=entry&m=ewei_shopv2&do=mobile]]></EventKey>
<MenuId>445261982</MenuId>
</xml>

2020-07-28 19:11:34 params :
------------
String:
array (
  'rule' => -2,
  'module' => '',
  'message' => 
  array (
    'tousername' => 'gh_f9b894563ef4',
    'fromusername' => 'o5V8y1e2gR-MAsBn4JUOKZgO3-EA',
    'createtime' => '1595934694',
    'msgtype' => 'event',
    'event' => 'VIEW',
    'eventkey' => 'http://www.boyufengmao.com/app/index.php?i=6&c=entry&m=ewei_shopv2&do=mobile',
    'menuid' => '445261982',
    'from' => 'o5V8y1e2gR-MAsBn4JUOKZgO3-EA',
    'to' => 'gh_f9b894563ef4',
    'time' => '1595934694',
    'type' => 'text',
    'content' => 'http://www.boyufengmao.com/app/index.php?i=6&c=entry&m=ewei_shopv2&do=mobile',
    'redirection' => true,
    'source' => 'VIEW',
  ),
)

2020-07-28 19:11:34 response :
------------

2020-07-28 19:11:46 trace :
------------
String:
<xml><ToUserName><![CDATA[gh_f9b894563ef4]]></ToUserName>
<FromUserName><![CDATA[o5V8y1e2gR-MAsBn4JUOKZgO3-EA]]></FromUserName>
<CreateTime>1595934706</CreateTime>
<MsgType><![CDATA[event]]></MsgType>
<Event><![CDATA[VIEW]]></Event>
<EventKey><![CDATA[http://www.boyufengmao.com/app/index.php?i=6&c=entry&m=ewei_shopv2&do=mobile&r=diypage&id=35]]></EventKey>
<MenuId>445261982</MenuId>
</xml>

2020-07-28 19:11:46 params :
------------
String:
array (
  'rule' => -2,
  'module' => '',
  'message' => 
  array (
    'tousername' => 'gh_f9b894563ef4',
    'fromusername' => 'o5V8y1e2gR-MAsBn4JUOKZgO3-EA',
    'createtime' => '1595934706',
    'msgtype' => 'event',
    'event' => 'VIEW',
    'eventkey' => 'http://www.boyufengmao.com/app/index.php?i=6&c=entry&m=ewei_shopv2&do=mobile&r=diypage&id=35',
    'menuid' => '445261982',
    'from' => 'o5V8y1e2gR-MAsBn4JUOKZgO3-EA',
    'to' => 'gh_f9b894563ef4',
    'time' => '1595934706',
    'type' => 'text',
    'content' => 'http://www.boyufengmao.com/app/index.php?i=6&c=entry&m=ewei_shopv2&do=mobile&r=diypage&id=35',
    'redirection' => true,
    'source' => 'VIEW',
  ),
)

2020-07-28 19:11:46 response :
------------

2020-07-28 19:18:37 trace :
------------
String:
<xml><ToUserName><![CDATA[gh_f9b894563ef4]]></ToUserName>
<FromUserName><![CDATA[o5V8y1UBSYHnsXDAIESEwdV_hMWI]]></FromUserName>
<CreateTime>1595935117</CreateTime>
<MsgType><![CDATA[event]]></MsgType>
<Event><![CDATA[VIEW]]></Event>
<EventKey><![CDATA[http://www.boyufengmao.com/app/index.php?i=6&c=entry&m=ewei_shopv2&do=mobile&r=diypage&id=35]]></EventKey>
<MenuId>445261982</MenuId>
</xml>

2020-07-28 19:18:37 params :
------------
String:
array (
  'rule' => -2,
  'module' => '',
  'message' => 
  array (
    'tousername' => 'gh_f9b894563ef4',
    'fromusername' => 'o5V8y1UBSYHnsXDAIESEwdV_hMWI',
    'createtime' => '1595935117',
    'msgtype' => 'event',
    'event' => 'VIEW',
    'eventkey' => 'http://www.boyufengmao.com/app/index.php?i=6&c=entry&m=ewei_shopv2&do=mobile&r=diypage&id=35',
    'menuid' => '445261982',
    'from' => 'o5V8y1UBSYHnsXDAIESEwdV_hMWI',
    'to' => 'gh_f9b894563ef4',
    'time' => '1595935117',
    'type' => 'text',
    'content' => 'http://www.boyufengmao.com/app/index.php?i=6&c=entry&m=ewei_shopv2&do=mobile&r=diypage&id=35',
    'redirection' => true,
    'source' => 'VIEW',
  ),
)

2020-07-28 19:18:37 response :
------------

2020-07-28 19:19:19 trace :
------------
String:
<xml><ToUserName><![CDATA[gh_f9b894563ef4]]></ToUserName>
<FromUserName><![CDATA[o5V8y1UBSYHnsXDAIESEwdV_hMWI]]></FromUserName>
<CreateTime>1595935159</CreateTime>
<MsgType><![CDATA[event]]></MsgType>
<Event><![CDATA[VIEW]]></Event>
<EventKey><![CDATA[http://www.boyufengmao.com/app/index.php?i=6&c=entry&m=ewei_shopv2&do=mobile&r=diypage&id=35]]></EventKey>
<MenuId>445261982</MenuId>
</xml>

2020-07-28 19:19:19 params :
------------
String:
array (
  'rule' => -2,
  'module' => '',
  'message' => 
  array (
    'tousername' => 'gh_f9b894563ef4',
    'fromusername' => 'o5V8y1UBSYHnsXDAIESEwdV_hMWI',
    'createtime' => '1595935159',
    'msgtype' => 'event',
    'event' => 'VIEW',
    'eventkey' => 'http://www.boyufengmao.com/app/index.php?i=6&c=entry&m=ewei_shopv2&do=mobile&r=diypage&id=35',
    'menuid' => '445261982',
    'from' => 'o5V8y1UBSYHnsXDAIESEwdV_hMWI',
    'to' => 'gh_f9b894563ef4',
    'time' => '1595935159',
    'type' => 'text',
    'content' => 'http://www.boyufengmao.com/app/index.php?i=6&c=entry&m=ewei_shopv2&do=mobile&r=diypage&id=35',
    'redirection' => true,
    'source' => 'VIEW',
  ),
)

2020-07-28 19:19:19 response :
------------

2020-07-28 19:20:01 trace :
------------
String:
<xml><ToUserName><![CDATA[gh_f9b894563ef4]]></ToUserName>
<FromUserName><![CDATA[o5V8y1UBSYHnsXDAIESEwdV_hMWI]]></FromUserName>
<CreateTime>1595935201</CreateTime>
<MsgType><![CDATA[event]]></MsgType>
<Event><![CDATA[VIEW]]></Event>
<EventKey><![CDATA[http://www.boyufengmao.com/app/index.php?i=6&c=entry&m=ewei_shopv2&do=mobile]]></EventKey>
<MenuId>445261982</MenuId>
</xml>

2020-07-28 19:20:01 params :
------------
String:
array (
  'rule' => -2,
  'module' => '',
  'message' => 
  array (
    'tousername' => 'gh_f9b894563ef4',
    'fromusername' => 'o5V8y1UBSYHnsXDAIESEwdV_hMWI',
    'createtime' => '1595935201',
    'msgtype' => 'event',
    'event' => 'VIEW',
    'eventkey' => 'http://www.boyufengmao.com/app/index.php?i=6&c=entry&m=ewei_shopv2&do=mobile',
    'menuid' => '445261982',
    'from' => 'o5V8y1UBSYHnsXDAIESEwdV_hMWI',
    'to' => 'gh_f9b894563ef4',
    'time' => '1595935201',
    'type' => 'text',
    'content' => 'http://www.boyufengmao.com/app/index.php?i=6&c=entry&m=ewei_shopv2&do=mobile',
    'redirection' => true,
    'source' => 'VIEW',
  ),
)

2020-07-28 19:20:01 response :
------------

2020-07-28 19:41:29 trace :
------------
String:
<xml><ToUserName><![CDATA[gh_f9b894563ef4]]></ToUserName>
<FromUserName><![CDATA[o5V8y1bijlqYHzUk-oC1ekAti6kQ]]></FromUserName>
<CreateTime>1595936489</CreateTime>
<MsgType><![CDATA[event]]></MsgType>
<Event><![CDATA[VIEW]]></Event>
<EventKey><![CDATA[http://www.boyufengmao.com/app/index.php?i=6&c=entry&m=ewei_shopv2&do=mobile&r=diypage&id=35]]></EventKey>
<MenuId>445261982</MenuId>
</xml>

2020-07-28 19:41:29 params :
------------
String:
array (
  'rule' => -2,
  'module' => '',
  'message' => 
  array (
    'tousername' => 'gh_f9b894563ef4',
    'fromusername' => 'o5V8y1bijlqYHzUk-oC1ekAti6kQ',
    'createtime' => '1595936489',
    'msgtype' => 'event',
    'event' => 'VIEW',
    'eventkey' => 'http://www.boyufengmao.com/app/index.php?i=6&c=entry&m=ewei_shopv2&do=mobile&r=diypage&id=35',
    'menuid' => '445261982',
    'from' => 'o5V8y1bijlqYHzUk-oC1ekAti6kQ',
    'to' => 'gh_f9b894563ef4',
    'time' => '1595936489',
    'type' => 'text',
    'content' => 'http://www.boyufengmao.com/app/index.php?i=6&c=entry&m=ewei_shopv2&do=mobile&r=diypage&id=35',
    'redirection' => true,
    'source' => 'VIEW',
  ),
)

2020-07-28 19:41:29 response :
------------

2020-07-28 20:08:38 trace :
------------
String:
<xml><ToUserName><![CDATA[gh_f9b894563ef4]]></ToUserName>
<FromUserName><![CDATA[o5V8y1Wru9fP4toERDvbZGQ84oZs]]></FromUserName>
<CreateTime>1595938118</CreateTime>
<MsgType><![CDATA[event]]></MsgType>
<Event><![CDATA[VIEW]]></Event>
<EventKey><![CDATA[http://www.boyufengmao.com/app/index.php?i=6&c=entry&m=ewei_shopv2&do=mobile&r=diypage&id=35]]></EventKey>
<MenuId>445261982</MenuId>
</xml>

2020-07-28 20:08:38 params :
------------
String:
array (
  'rule' => -2,
  'module' => '',
  'message' => 
  array (
    'tousername' => 'gh_f9b894563ef4',
    'fromusername' => 'o5V8y1Wru9fP4toERDvbZGQ84oZs',
    'createtime' => '1595938118',
    'msgtype' => 'event',
    'event' => 'VIEW',
    'eventkey' => 'http://www.boyufengmao.com/app/index.php?i=6&c=entry&m=ewei_shopv2&do=mobile&r=diypage&id=35',
    'menuid' => '445261982',
    'from' => 'o5V8y1Wru9fP4toERDvbZGQ84oZs',
    'to' => 'gh_f9b894563ef4',
    'time' => '1595938118',
    'type' => 'text',
    'content' => 'http://www.boyufengmao.com/app/index.php?i=6&c=entry&m=ewei_shopv2&do=mobile&r=diypage&id=35',
    'redirection' => true,
    'source' => 'VIEW',
  ),
)

2020-07-28 20:08:38 response :
------------

2020-07-28 20:48:49 trace :
------------
String:
<xml><ToUserName><![CDATA[gh_f9b894563ef4]]></ToUserName>
<FromUserName><![CDATA[o5V8y1UETGAc32NM5ZePrYJ-XNcA]]></FromUserName>
<CreateTime>1595940529</CreateTime>
<MsgType><![CDATA[event]]></MsgType>
<Event><![CDATA[subscribe]]></Event>
<EventKey><![CDATA[]]></EventKey>
</xml>

2020-07-28 20:48:49 params :
------------
String:
array (
  'rule' => -2,
  'module' => '',
  'message' => 
  array (
    'tousername' => 'gh_f9b894563ef4',
    'fromusername' => 'o5V8y1UETGAc32NM5ZePrYJ-XNcA',
    'createtime' => '1595940529',
    'msgtype' => 'event',
    'event' => 'subscribe',
    'eventkey' => '',
    'from' => 'o5V8y1UETGAc32NM5ZePrYJ-XNcA',
    'to' => 'gh_f9b894563ef4',
    'time' => '1595940529',
    'type' => 'text',
    'redirection' => true,
    'source' => 'subscribe',
  ),
)

2020-07-28 20:48:49 response :
------------

2020-07-28 20:48:52 trace :
------------
String:
<xml><ToUserName><![CDATA[gh_f9b894563ef4]]></ToUserName>
<FromUserName><![CDATA[o5V8y1UETGAc32NM5ZePrYJ-XNcA]]></FromUserName>
<CreateTime>1595940532</CreateTime>
<MsgType><![CDATA[event]]></MsgType>
<Event><![CDATA[VIEW]]></Event>
<EventKey><![CDATA[http://www.boyufengmao.com/app/index.php?i=6&c=entry&m=ewei_shopv2&do=mobile]]></EventKey>
<MenuId>445261982</MenuId>
</xml>

2020-07-28 20:48:52 params :
------------
String:
array (
  'rule' => -2,
  'module' => '',
  'message' => 
  array (
    'tousername' => 'gh_f9b894563ef4',
    'fromusername' => 'o5V8y1UETGAc32NM5ZePrYJ-XNcA',
    'createtime' => '1595940532',
    'msgtype' => 'event',
    'event' => 'VIEW',
    'eventkey' => 'http://www.boyufengmao.com/app/index.php?i=6&c=entry&m=ewei_shopv2&do=mobile',
    'menuid' => '445261982',
    'from' => 'o5V8y1UETGAc32NM5ZePrYJ-XNcA',
    'to' => 'gh_f9b894563ef4',
    'time' => '1595940532',
    'type' => 'text',
    'content' => 'http://www.boyufengmao.com/app/index.php?i=6&c=entry&m=ewei_shopv2&do=mobile',
    'redirection' => true,
    'source' => 'VIEW',
  ),
)

2020-07-28 20:48:52 response :
------------

2020-07-28 21:11:15 trace :
------------
String:
<xml><ToUserName><![CDATA[gh_f9b894563ef4]]></ToUserName>
<FromUserName><![CDATA[o5V8y1UBSYHnsXDAIESEwdV_hMWI]]></FromUserName>
<CreateTime>1595941875</CreateTime>
<MsgType><![CDATA[event]]></MsgType>
<Event><![CDATA[VIEW]]></Event>
<EventKey><![CDATA[http://www.boyufengmao.com/app/index.php?i=6&c=entry&m=ewei_shopv2&do=mobile&r=diypage&id=35]]></EventKey>
<MenuId>445261982</MenuId>
</xml>

2020-07-28 21:11:15 params :
------------
String:
array (
  'rule' => -2,
  'module' => '',
  'message' => 
  array (
    'tousername' => 'gh_f9b894563ef4',
    'fromusername' => 'o5V8y1UBSYHnsXDAIESEwdV_hMWI',
    'createtime' => '1595941875',
    'msgtype' => 'event',
    'event' => 'VIEW',
    'eventkey' => 'http://www.boyufengmao.com/app/index.php?i=6&c=entry&m=ewei_shopv2&do=mobile&r=diypage&id=35',
    'menuid' => '445261982',
    'from' => 'o5V8y1UBSYHnsXDAIESEwdV_hMWI',
    'to' => 'gh_f9b894563ef4',
    'time' => '1595941875',
    'type' => 'text',
    'content' => 'http://www.boyufengmao.com/app/index.php?i=6&c=entry&m=ewei_shopv2&do=mobile&r=diypage&id=35',
    'redirection' => true,
    'source' => 'VIEW',
  ),
)

2020-07-28 21:11:15 response :
------------

2020-07-28 21:38:01 trace :
------------
String:
<xml><ToUserName><![CDATA[gh_f9b894563ef4]]></ToUserName>
<FromUserName><![CDATA[o5V8y1ZnOn_jSCY8Las0_rK22w2U]]></FromUserName>
<CreateTime>1595943481</CreateTime>
<MsgType><![CDATA[event]]></MsgType>
<Event><![CDATA[VIEW]]></Event>
<EventKey><![CDATA[http://www.boyufengmao.com/app/index.php?i=6&c=entry&m=ewei_shopv2&do=mobile&r=diypage&id=35]]></EventKey>
<MenuId>445261982</MenuId>
</xml>

2020-07-28 21:38:01 params :
------------
String:
array (
  'rule' => -2,
  'module' => '',
  'message' => 
  array (
    'tousername' => 'gh_f9b894563ef4',
    'fromusername' => 'o5V8y1ZnOn_jSCY8Las0_rK22w2U',
    'createtime' => '1595943481',
    'msgtype' => 'event',
    'event' => 'VIEW',
    'eventkey' => 'http://www.boyufengmao.com/app/index.php?i=6&c=entry&m=ewei_shopv2&do=mobile&r=diypage&id=35',
    'menuid' => '445261982',
    'from' => 'o5V8y1ZnOn_jSCY8Las0_rK22w2U',
    'to' => 'gh_f9b894563ef4',
    'time' => '1595943481',
    'type' => 'text',
    'content' => 'http://www.boyufengmao.com/app/index.php?i=6&c=entry&m=ewei_shopv2&do=mobile&r=diypage&id=35',
    'redirection' => true,
    'source' => 'VIEW',
  ),
)

2020-07-28 21:38:01 response :
------------

2020-07-28 21:38:03 trace :
------------
String:
<xml><ToUserName><![CDATA[gh_f9b894563ef4]]></ToUserName>
<FromUserName><![CDATA[o5V8y1ZnOn_jSCY8Las0_rK22w2U]]></FromUserName>
<CreateTime>1595943483</CreateTime>
<MsgType><![CDATA[event]]></MsgType>
<Event><![CDATA[VIEW]]></Event>
<EventKey><![CDATA[http://www.boyufengmao.com/app/index.php?i=6&c=entry&m=ewei_shopv2&do=mobile]]></EventKey>
<MenuId>445261982</MenuId>
</xml>

2020-07-28 21:38:03 params :
------------
String:
array (
  'rule' => -2,
  'module' => '',
  'message' => 
  array (
    'tousername' => 'gh_f9b894563ef4',
    'fromusername' => 'o5V8y1ZnOn_jSCY8Las0_rK22w2U',
    'createtime' => '1595943483',
    'msgtype' => 'event',
    'event' => 'VIEW',
    'eventkey' => 'http://www.boyufengmao.com/app/index.php?i=6&c=entry&m=ewei_shopv2&do=mobile',
    'menuid' => '445261982',
    'from' => 'o5V8y1ZnOn_jSCY8Las0_rK22w2U',
    'to' => 'gh_f9b894563ef4',
    'time' => '1595943483',
    'type' => 'text',
    'content' => 'http://www.boyufengmao.com/app/index.php?i=6&c=entry&m=ewei_shopv2&do=mobile',
    'redirection' => true,
    'source' => 'VIEW',
  ),
)

2020-07-28 21:38:03 response :
------------

2020-07-28 21:46:07 trace :
------------
String:
<xml><ToUserName><![CDATA[gh_f7c52ee3e5f7]]></ToUserName>
<FromUserName><![CDATA[oANN2v0eO0er_ZItWivy8e334Iys]]></FromUserName>
<CreateTime>1595943967</CreateTime>
<MsgType><![CDATA[event]]></MsgType>
<Event><![CDATA[VIEW]]></Event>
<EventKey><![CDATA[http://www.boyufengmao.com/app/index.php?i=11&c=entry&m=ewei_shopv2&do=mobile&r=member]]></EventKey>
<MenuId>490658363</MenuId>
</xml>

2020-07-28 21:46:07 params :
------------
String:
array (
  'rule' => -2,
  'module' => '',
  'message' => 
  array (
    'tousername' => 'gh_f7c52ee3e5f7',
    'fromusername' => 'oANN2v0eO0er_ZItWivy8e334Iys',
    'createtime' => '1595943967',
    'msgtype' => 'event',
    'event' => 'VIEW',
    'eventkey' => 'http://www.boyufengmao.com/app/index.php?i=11&c=entry&m=ewei_shopv2&do=mobile&r=member',
    'menuid' => '490658363',
    'from' => 'oANN2v0eO0er_ZItWivy8e334Iys',
    'to' => 'gh_f7c52ee3e5f7',
    'time' => '1595943967',
    'type' => 'text',
    'content' => 'http://www.boyufengmao.com/app/index.php?i=11&c=entry&m=ewei_shopv2&do=mobile&r=member',
    'redirection' => true,
    'source' => 'VIEW',
  ),
)

2020-07-28 21:46:07 response :
------------

2020-07-28 21:46:21 trace :
------------
String:
<xml><ToUserName><![CDATA[gh_f7c52ee3e5f7]]></ToUserName>
<FromUserName><![CDATA[oANN2v0eO0er_ZItWivy8e334Iys]]></FromUserName>
<CreateTime>1595943981</CreateTime>
<MsgType><![CDATA[event]]></MsgType>
<Event><![CDATA[unsubscribe]]></Event>
<EventKey><![CDATA[]]></EventKey>
</xml>

2020-07-28 21:53:33 trace :
------------
String:
<xml><ToUserName><![CDATA[gh_f9b894563ef4]]></ToUserName>
<FromUserName><![CDATA[o5V8y1UB9oLDwIzPVRnLeCnzUsmA]]></FromUserName>
<CreateTime>1595944413</CreateTime>
<MsgType><![CDATA[event]]></MsgType>
<Event><![CDATA[VIEW]]></Event>
<EventKey><![CDATA[http://www.boyufengmao.com/app/index.php?i=6&c=entry&m=ewei_shopv2&do=mobile]]></EventKey>
<MenuId>445261982</MenuId>
</xml>

2020-07-28 21:53:33 params :
------------
String:
array (
  'rule' => -2,
  'module' => '',
  'message' => 
  array (
    'tousername' => 'gh_f9b894563ef4',
    'fromusername' => 'o5V8y1UB9oLDwIzPVRnLeCnzUsmA',
    'createtime' => '1595944413',
    'msgtype' => 'event',
    'event' => 'VIEW',
    'eventkey' => 'http://www.boyufengmao.com/app/index.php?i=6&c=entry&m=ewei_shopv2&do=mobile',
    'menuid' => '445261982',
    'from' => 'o5V8y1UB9oLDwIzPVRnLeCnzUsmA',
    'to' => 'gh_f9b894563ef4',
    'time' => '1595944413',
    'type' => 'text',
    'content' => 'http://www.boyufengmao.com/app/index.php?i=6&c=entry&m=ewei_shopv2&do=mobile',
    'redirection' => true,
    'source' => 'VIEW',
  ),
)

2020-07-28 21:53:33 response :
------------

2020-07-28 22:39:53 trace :
------------
String:
<xml><ToUserName><![CDATA[gh_62bcc2f9639d]]></ToUserName>
<FromUserName><![CDATA[opjhUwNee5DbqSxhtXiBH8l04_WQ]]></FromUserName>
<CreateTime>1595947193</CreateTime>
<MsgType><![CDATA[event]]></MsgType>
<Event><![CDATA[unsubscribe]]></Event>
<EventKey><![CDATA[]]></EventKey>
</xml>

2020-07-28 22:52:26 trace :
------------
String:
<xml><ToUserName><![CDATA[gh_f9b894563ef4]]></ToUserName>
<FromUserName><![CDATA[o5V8y1UETGAc32NM5ZePrYJ-XNcA]]></FromUserName>
<CreateTime>1595947946</CreateTime>
<MsgType><![CDATA[event]]></MsgType>
<Event><![CDATA[VIEW]]></Event>
<EventKey><![CDATA[http://www.boyufengmao.com/app/index.php?i=6&c=entry&m=ewei_shopv2&do=mobile&r=diypage&id=35]]></EventKey>
<MenuId>445261982</MenuId>
</xml>

2020-07-28 22:52:26 params :
------------
String:
array (
  'rule' => -2,
  'module' => '',
  'message' => 
  array (
    'tousername' => 'gh_f9b894563ef4',
    'fromusername' => 'o5V8y1UETGAc32NM5ZePrYJ-XNcA',
    'createtime' => '1595947946',
    'msgtype' => 'event',
    'event' => 'VIEW',
    'eventkey' => 'http://www.boyufengmao.com/app/index.php?i=6&c=entry&m=ewei_shopv2&do=mobile&r=diypage&id=35',
    'menuid' => '445261982',
    'from' => 'o5V8y1UETGAc32NM5ZePrYJ-XNcA',
    'to' => 'gh_f9b894563ef4',
    'time' => '1595947946',
    'type' => 'text',
    'content' => 'http://www.boyufengmao.com/app/index.php?i=6&c=entry&m=ewei_shopv2&do=mobile&r=diypage&id=35',
    'redirection' => true,
    'source' => 'VIEW',
  ),
)

2020-07-28 22:52:26 response :
------------

2020-07-28 23:11:48 trace :
------------
String:
<xml><ToUserName><![CDATA[gh_f9b894563ef4]]></ToUserName>
<FromUserName><![CDATA[o5V8y1Yc_7Y7jEYCuWyMItus_w3g]]></FromUserName>
<CreateTime>1595949108</CreateTime>
<MsgType><![CDATA[event]]></MsgType>
<Event><![CDATA[unsubscribe]]></Event>
<EventKey><![CDATA[]]></EventKey>
</xml>

2020-07-28 23:46:16 trace :
------------
String:
<xml><ToUserName><![CDATA[gh_f9b894563ef4]]></ToUserName>
<FromUserName><![CDATA[o5V8y1YpLd5SifxApOgwUIiEPTGc]]></FromUserName>
<CreateTime>1595951176</CreateTime>
<MsgType><![CDATA[event]]></MsgType>
<Event><![CDATA[VIEW]]></Event>
<EventKey><![CDATA[http://www.boyufengmao.com/app/index.php?i=6&c=entry&m=ewei_shopv2&do=mobile&r=diypage&id=35]]></EventKey>
<MenuId>445261982</MenuId>
</xml>

2020-07-28 23:46:16 params :
------------
String:
array (
  'rule' => -2,
  'module' => '',
  'message' => 
  array (
    'tousername' => 'gh_f9b894563ef4',
    'fromusername' => 'o5V8y1YpLd5SifxApOgwUIiEPTGc',
    'createtime' => '1595951176',
    'msgtype' => 'event',
    'event' => 'VIEW',
    'eventkey' => 'http://www.boyufengmao.com/app/index.php?i=6&c=entry&m=ewei_shopv2&do=mobile&r=diypage&id=35',
    'menuid' => '445261982',
    'from' => 'o5V8y1YpLd5SifxApOgwUIiEPTGc',
    'to' => 'gh_f9b894563ef4',
    'time' => '1595951176',
    'type' => 'text',
    'content' => 'http://www.boyufengmao.com/app/index.php?i=6&c=entry&m=ewei_shopv2&do=mobile&r=diypage&id=35',
    'redirection' => true,
    'source' => 'VIEW',
  ),
)

2020-07-28 23:46:16 response :
------------

