2020-03-08 02:58:54 trace :
------------
String:
<xml><ToUserName><![CDATA[gh_c804ae748f89]]></ToUserName>
<FromUserName><![CDATA[o3lrB50TedArliHzg5_ql9aqcx7E]]></FromUserName>
<CreateTime>1583607534</CreateTime>
<MsgType><![CDATA[event]]></MsgType>
<Event><![CDATA[annual_renew]]></Event>
<ExpiredTime>1591353663</ExpiredTime>
</xml>

2020-03-08 02:58:54 params :
------------
String:
array (
  'rule' => -2,
  'module' => '',
  'message' => 
  array (
    'tousername' => 'gh_c804ae748f89',
    'fromusername' => 'o3lrB50TedArliHzg5_ql9aqcx7E',
    'createtime' => '1583607534',
    'msgtype' => 'event',
    'event' => 'annual_renew',
    'expiredtime' => '1591353663',
    'from' => 'o3lrB50TedArliHzg5_ql9aqcx7E',
    'to' => 'gh_c804ae748f89',
    'time' => '1583607534',
    'type' => 'event',
  ),
)

2020-03-08 02:58:54 response :
------------

2020-03-08 11:10:50 trace :
------------
String:
<xml><ToUserName><![CDATA[gh_7b3d37846b75]]></ToUserName>
<FromUserName><![CDATA[oZ5PY1Jh2VkENVmJ3pwS3hLqVbBc]]></FromUserName>
<CreateTime>1583637049</CreateTime>
<MsgType><![CDATA[event]]></MsgType>
<Event><![CDATA[VIEW]]></Event>
<EventKey><![CDATA[http://www.boyufengmao.com/app/index.php?i=7&c=entry&m=ewei_shopv2&do=mobile&r=diypage&id=30]]></EventKey>
<MenuId>516391862</MenuId>
</xml>

2020-03-08 11:10:50 params :
------------
String:
array (
  'rule' => -2,
  'module' => '',
  'message' => 
  array (
    'tousername' => 'gh_7b3d37846b75',
    'fromusername' => 'oZ5PY1Jh2VkENVmJ3pwS3hLqVbBc',
    'createtime' => '1583637049',
    'msgtype' => 'event',
    'event' => 'VIEW',
    'eventkey' => 'http://www.boyufengmao.com/app/index.php?i=7&c=entry&m=ewei_shopv2&do=mobile&r=diypage&id=30',
    'menuid' => '516391862',
    'from' => 'oZ5PY1Jh2VkENVmJ3pwS3hLqVbBc',
    'to' => 'gh_7b3d37846b75',
    'time' => '1583637049',
    'type' => 'text',
    'content' => 'http://www.boyufengmao.com/app/index.php?i=7&c=entry&m=ewei_shopv2&do=mobile&r=diypage&id=30',
    'redirection' => true,
    'source' => 'VIEW',
  ),
)

2020-03-08 11:10:50 response :
------------

2020-03-08 11:11:34 trace :
------------
String:
<xml><ToUserName><![CDATA[gh_7b3d37846b75]]></ToUserName>
<FromUserName><![CDATA[oZ5PY1Jh2VkENVmJ3pwS3hLqVbBc]]></FromUserName>
<CreateTime>1583637094</CreateTime>
<MsgType><![CDATA[event]]></MsgType>
<Event><![CDATA[VIEW]]></Event>
<EventKey><![CDATA[http://www.boyufengmao.com/app/index.php?i=7&c=entry&m=ewei_shopv2&do=mobile&r=diypage&id=30]]></EventKey>
<MenuId>516391862</MenuId>
</xml>

2020-03-08 11:11:34 params :
------------
String:
array (
  'rule' => -2,
  'module' => '',
  'message' => 
  array (
    'tousername' => 'gh_7b3d37846b75',
    'fromusername' => 'oZ5PY1Jh2VkENVmJ3pwS3hLqVbBc',
    'createtime' => '1583637094',
    'msgtype' => 'event',
    'event' => 'VIEW',
    'eventkey' => 'http://www.boyufengmao.com/app/index.php?i=7&c=entry&m=ewei_shopv2&do=mobile&r=diypage&id=30',
    'menuid' => '516391862',
    'from' => 'oZ5PY1Jh2VkENVmJ3pwS3hLqVbBc',
    'to' => 'gh_7b3d37846b75',
    'time' => '1583637094',
    'type' => 'text',
    'content' => 'http://www.boyufengmao.com/app/index.php?i=7&c=entry&m=ewei_shopv2&do=mobile&r=diypage&id=30',
    'redirection' => true,
    'source' => 'VIEW',
  ),
)

2020-03-08 11:11:34 response :
------------

2020-03-08 11:17:15 trace :
------------
String:
<xml><ToUserName><![CDATA[gh_7b3d37846b75]]></ToUserName>
<FromUserName><![CDATA[oZ5PY1Jh2VkENVmJ3pwS3hLqVbBc]]></FromUserName>
<CreateTime>1583637435</CreateTime>
<MsgType><![CDATA[event]]></MsgType>
<Event><![CDATA[VIEW]]></Event>
<EventKey><![CDATA[http://www.boyufengmao.com/app/index.php?i=7&c=entry&m=ewei_shopv2&do=mobile&r=member]]></EventKey>
<MenuId>516391862</MenuId>
</xml>

2020-03-08 11:17:15 params :
------------
String:
array (
  'rule' => -2,
  'module' => '',
  'message' => 
  array (
    'tousername' => 'gh_7b3d37846b75',
    'fromusername' => 'oZ5PY1Jh2VkENVmJ3pwS3hLqVbBc',
    'createtime' => '1583637435',
    'msgtype' => 'event',
    'event' => 'VIEW',
    'eventkey' => 'http://www.boyufengmao.com/app/index.php?i=7&c=entry&m=ewei_shopv2&do=mobile&r=member',
    'menuid' => '516391862',
    'from' => 'oZ5PY1Jh2VkENVmJ3pwS3hLqVbBc',
    'to' => 'gh_7b3d37846b75',
    'time' => '1583637435',
    'type' => 'text',
    'content' => 'http://www.boyufengmao.com/app/index.php?i=7&c=entry&m=ewei_shopv2&do=mobile&r=member',
    'redirection' => true,
    'source' => 'VIEW',
  ),
)

2020-03-08 11:17:15 response :
------------

2020-03-08 11:17:25 trace :
------------
String:
<xml><ToUserName><![CDATA[gh_7b3d37846b75]]></ToUserName>
<FromUserName><![CDATA[oZ5PY1Jh2VkENVmJ3pwS3hLqVbBc]]></FromUserName>
<CreateTime>1583637445</CreateTime>
<MsgType><![CDATA[event]]></MsgType>
<Event><![CDATA[VIEW]]></Event>
<EventKey><![CDATA[http://www.boyufengmao.com/app/index.php?i=7&c=entry&m=ewei_shopv2&do=mobile&r=diypage&id=30]]></EventKey>
<MenuId>516391862</MenuId>
</xml>

2020-03-08 11:17:25 params :
------------
String:
array (
  'rule' => -2,
  'module' => '',
  'message' => 
  array (
    'tousername' => 'gh_7b3d37846b75',
    'fromusername' => 'oZ5PY1Jh2VkENVmJ3pwS3hLqVbBc',
    'createtime' => '1583637445',
    'msgtype' => 'event',
    'event' => 'VIEW',
    'eventkey' => 'http://www.boyufengmao.com/app/index.php?i=7&c=entry&m=ewei_shopv2&do=mobile&r=diypage&id=30',
    'menuid' => '516391862',
    'from' => 'oZ5PY1Jh2VkENVmJ3pwS3hLqVbBc',
    'to' => 'gh_7b3d37846b75',
    'time' => '1583637445',
    'type' => 'text',
    'content' => 'http://www.boyufengmao.com/app/index.php?i=7&c=entry&m=ewei_shopv2&do=mobile&r=diypage&id=30',
    'redirection' => true,
    'source' => 'VIEW',
  ),
)

2020-03-08 11:17:25 response :
------------

2020-03-08 12:53:34 trace :
------------
String:
<xml><ToUserName><![CDATA[gh_f9b894563ef4]]></ToUserName>
<FromUserName><![CDATA[o5V8y1bwvKzBpkqwSaXyHqvJ3hb0]]></FromUserName>
<CreateTime>1583643214</CreateTime>
<MsgType><![CDATA[event]]></MsgType>
<Event><![CDATA[VIEW]]></Event>
<EventKey><![CDATA[http://www.boyufengmao.com/app/index.php?i=6&c=entry&m=ewei_shopv2&do=mobile]]></EventKey>
<MenuId>445261982</MenuId>
</xml>

2020-03-08 12:53:34 params :
------------
String:
array (
  'rule' => -2,
  'module' => '',
  'message' => 
  array (
    'tousername' => 'gh_f9b894563ef4',
    'fromusername' => 'o5V8y1bwvKzBpkqwSaXyHqvJ3hb0',
    'createtime' => '1583643214',
    'msgtype' => 'event',
    'event' => 'VIEW',
    'eventkey' => 'http://www.boyufengmao.com/app/index.php?i=6&c=entry&m=ewei_shopv2&do=mobile',
    'menuid' => '445261982',
    'from' => 'o5V8y1bwvKzBpkqwSaXyHqvJ3hb0',
    'to' => 'gh_f9b894563ef4',
    'time' => '1583643214',
    'type' => 'text',
    'content' => 'http://www.boyufengmao.com/app/index.php?i=6&c=entry&m=ewei_shopv2&do=mobile',
    'redirection' => true,
    'source' => 'VIEW',
  ),
)

2020-03-08 12:53:34 response :
------------

2020-03-08 12:54:50 trace :
------------
String:
<xml><ToUserName><![CDATA[gh_f9b894563ef4]]></ToUserName>
<FromUserName><![CDATA[o5V8y1bwvKzBpkqwSaXyHqvJ3hb0]]></FromUserName>
<CreateTime>1583643290</CreateTime>
<MsgType><![CDATA[event]]></MsgType>
<Event><![CDATA[CLICK]]></Event>
<EventKey><![CDATA[订餐电话]]></EventKey>
</xml>

2020-03-08 12:54:50 params :
------------
String:
array (
  'message' => 
  array (
    'tousername' => 'gh_f9b894563ef4',
    'fromusername' => 'o5V8y1bwvKzBpkqwSaXyHqvJ3hb0',
    'createtime' => '1583643290',
    'msgtype' => 'event',
    'event' => 'CLICK',
    'eventkey' => '订餐电话',
    'from' => 'o5V8y1bwvKzBpkqwSaXyHqvJ3hb0',
    'to' => 'gh_f9b894563ef4',
    'time' => '1583643290',
    'type' => 'text',
    'content' => '订餐电话',
    'redirection' => true,
    'source' => 'click',
  ),
  'module' => 'reply',
  'rule' => '19',
  'priority' => '0',
  'keyword' => 
  array (
    'id' => '27',
    'rid' => '19',
    'uniacid' => '6',
    'module' => 'reply',
    'content' => '订餐电话',
    'type' => '1',
    'displayorder' => '0',
    'status' => '1',
    'reply_type' => 
    array (
      0 => 'basic',
    ),
  ),
  'reply_type' => 
  array (
    0 => 'basic',
  ),
)

2020-03-08 12:54:50 response :
------------
Array:
FromUserName : gh_f9b894563ef4 ;
ToUserName : o5V8y1bwvKzBpkqwSaXyHqvJ3hb0 ;
MsgType : text ;
Content : 欢迎拨打电话：029-86357081 /  19909289055 订餐 ;

2020-03-08 18:39:43 trace :
------------
String:
<xml><ToUserName><![CDATA[gh_7a07c49cada8]]></ToUserName>
<FromUserName><![CDATA[o2LXc5pJV7fdygPOOAdhl_oRSYgY]]></FromUserName>
<CreateTime>1583663982</CreateTime>
<MsgType><![CDATA[event]]></MsgType>
<Event><![CDATA[unsubscribe]]></Event>
<EventKey><![CDATA[]]></EventKey>
</xml>

2020-03-08 23:12:21 trace :
------------
String:
<xml><ToUserName><![CDATA[gh_f9b894563ef4]]></ToUserName>
<FromUserName><![CDATA[o5V8y1YyugnDgj8JuixwQZU7W7Og]]></FromUserName>
<CreateTime>1583680341</CreateTime>
<MsgType><![CDATA[event]]></MsgType>
<Event><![CDATA[unsubscribe]]></Event>
<EventKey><![CDATA[]]></EventKey>
</xml>

2020-03-08 23:49:01 trace :
------------
String:
<xml><ToUserName><![CDATA[gh_f7c52ee3e5f7]]></ToUserName>
<FromUserName><![CDATA[oANN2vzq4kzHmud2pYorAGeRuBCQ]]></FromUserName>
<CreateTime>1583682541</CreateTime>
<MsgType><![CDATA[event]]></MsgType>
<Event><![CDATA[VIEW]]></Event>
<EventKey><![CDATA[http://www.boyufengmao.com/app/index.php?i=11&c=entry&m=ewei_shopv2&do=mobile]]></EventKey>
<MenuId>490658363</MenuId>
</xml>

2020-03-08 23:49:01 params :
------------
String:
array (
  'rule' => -2,
  'module' => '',
  'message' => 
  array (
    'tousername' => 'gh_f7c52ee3e5f7',
    'fromusername' => 'oANN2vzq4kzHmud2pYorAGeRuBCQ',
    'createtime' => '1583682541',
    'msgtype' => 'event',
    'event' => 'VIEW',
    'eventkey' => 'http://www.boyufengmao.com/app/index.php?i=11&c=entry&m=ewei_shopv2&do=mobile',
    'menuid' => '490658363',
    'from' => 'oANN2vzq4kzHmud2pYorAGeRuBCQ',
    'to' => 'gh_f7c52ee3e5f7',
    'time' => '1583682541',
    'type' => 'text',
    'content' => 'http://www.boyufengmao.com/app/index.php?i=11&c=entry&m=ewei_shopv2&do=mobile',
    'redirection' => true,
    'source' => 'VIEW',
  ),
)

2020-03-08 23:49:01 response :
------------

