2020-03-11 08:37:07 trace :
------------
String:
<xml><ToUserName><![CDATA[gh_f9b894563ef4]]></ToUserName>
<FromUserName><![CDATA[o5V8y1Sn4DiRMMhg9051CoisoRas]]></FromUserName>
<CreateTime>1583887027</CreateTime>
<MsgType><![CDATA[event]]></MsgType>
<Event><![CDATA[TEMPLATESENDJOBFINISH]]></Event>
<MsgID>1246459169364918272</MsgID>
<Status><![CDATA[success]]></Status>
</xml>

2020-03-11 08:37:07 params :
------------
String:
array (
  'rule' => -2,
  'module' => '',
  'message' => 
  array (
    'tousername' => 'gh_f9b894563ef4',
    'fromusername' => 'o5V8y1Sn4DiRMMhg9051CoisoRas',
    'createtime' => '1583887027',
    'msgtype' => 'event',
    'event' => 'TEMPLATESENDJOBFINISH',
    'msgid' => '1246459169364918272',
    'status' => 'success',
    'from' => 'o5V8y1Sn4DiRMMhg9051CoisoRas',
    'to' => 'gh_f9b894563ef4',
    'time' => '1583887027',
    'type' => 'event',
  ),
)

2020-03-11 08:37:07 response :
------------

2020-03-11 10:02:26 trace :
------------
String:
<xml><ToUserName><![CDATA[gh_62bcc2f9639d]]></ToUserName>
<FromUserName><![CDATA[opjhUwGYoNgNeuZfGeyWDKO9RJZg]]></FromUserName>
<CreateTime>1583892145</CreateTime>
<MsgType><![CDATA[event]]></MsgType>
<Event><![CDATA[VIEW]]></Event>
<EventKey><![CDATA[http://www.boyufengmao.com/app/index.php?i=10&c=entry&m=ewei_shopv2&do=mobile]]></EventKey>
<MenuId>432207807</MenuId>
</xml>

2020-03-11 10:02:26 params :
------------
String:
array (
  'rule' => -2,
  'module' => '',
  'message' => 
  array (
    'tousername' => 'gh_62bcc2f9639d',
    'fromusername' => 'opjhUwGYoNgNeuZfGeyWDKO9RJZg',
    'createtime' => '1583892145',
    'msgtype' => 'event',
    'event' => 'VIEW',
    'eventkey' => 'http://www.boyufengmao.com/app/index.php?i=10&c=entry&m=ewei_shopv2&do=mobile',
    'menuid' => '432207807',
    'from' => 'opjhUwGYoNgNeuZfGeyWDKO9RJZg',
    'to' => 'gh_62bcc2f9639d',
    'time' => '1583892145',
    'type' => 'text',
    'content' => 'http://www.boyufengmao.com/app/index.php?i=10&c=entry&m=ewei_shopv2&do=mobile',
    'redirection' => true,
    'source' => 'VIEW',
  ),
)

2020-03-11 10:02:26 response :
------------

2020-03-11 10:02:27 trace :
------------
String:
<xml><ToUserName><![CDATA[gh_62bcc2f9639d]]></ToUserName>
<FromUserName><![CDATA[opjhUwGYoNgNeuZfGeyWDKO9RJZg]]></FromUserName>
<CreateTime>1583892147</CreateTime>
<MsgType><![CDATA[event]]></MsgType>
<Event><![CDATA[VIEW]]></Event>
<EventKey><![CDATA[http://www.boyufengmao.com/app/index.php?i=10&c=entry&m=ewei_shopv2&do=mobile]]></EventKey>
<MenuId>432207807</MenuId>
</xml>

2020-03-11 10:02:27 params :
------------
String:
array (
  'rule' => -2,
  'module' => '',
  'message' => 
  array (
    'tousername' => 'gh_62bcc2f9639d',
    'fromusername' => 'opjhUwGYoNgNeuZfGeyWDKO9RJZg',
    'createtime' => '1583892147',
    'msgtype' => 'event',
    'event' => 'VIEW',
    'eventkey' => 'http://www.boyufengmao.com/app/index.php?i=10&c=entry&m=ewei_shopv2&do=mobile',
    'menuid' => '432207807',
    'from' => 'opjhUwGYoNgNeuZfGeyWDKO9RJZg',
    'to' => 'gh_62bcc2f9639d',
    'time' => '1583892147',
    'type' => 'text',
    'content' => 'http://www.boyufengmao.com/app/index.php?i=10&c=entry&m=ewei_shopv2&do=mobile',
    'redirection' => true,
    'source' => 'VIEW',
  ),
)

2020-03-11 10:02:27 response :
------------

2020-03-11 11:05:49 trace :
------------
String:
<xml><ToUserName><![CDATA[gh_7b3d37846b75]]></ToUserName>
<FromUserName><![CDATA[oZ5PY1FQuy_MGr8re6K38_gLRVPc]]></FromUserName>
<CreateTime>1583895949</CreateTime>
<MsgType><![CDATA[event]]></MsgType>
<Event><![CDATA[VIEW]]></Event>
<EventKey><![CDATA[http://www.boyufengmao.com/app/index.php?i=7&c=entry&m=ewei_shopv2&do=mobile&r=diypage&id=30]]></EventKey>
<MenuId>516391862</MenuId>
</xml>

2020-03-11 11:05:49 params :
------------
String:
array (
  'rule' => -2,
  'module' => '',
  'message' => 
  array (
    'tousername' => 'gh_7b3d37846b75',
    'fromusername' => 'oZ5PY1FQuy_MGr8re6K38_gLRVPc',
    'createtime' => '1583895949',
    'msgtype' => 'event',
    'event' => 'VIEW',
    'eventkey' => 'http://www.boyufengmao.com/app/index.php?i=7&c=entry&m=ewei_shopv2&do=mobile&r=diypage&id=30',
    'menuid' => '516391862',
    'from' => 'oZ5PY1FQuy_MGr8re6K38_gLRVPc',
    'to' => 'gh_7b3d37846b75',
    'time' => '1583895949',
    'type' => 'text',
    'content' => 'http://www.boyufengmao.com/app/index.php?i=7&c=entry&m=ewei_shopv2&do=mobile&r=diypage&id=30',
    'redirection' => true,
    'source' => 'VIEW',
  ),
)

2020-03-11 11:05:49 response :
------------

2020-03-11 11:06:00 trace :
------------
String:
<xml><ToUserName><![CDATA[gh_7b3d37846b75]]></ToUserName>
<FromUserName><![CDATA[oZ5PY1FQuy_MGr8re6K38_gLRVPc]]></FromUserName>
<CreateTime>1583895960</CreateTime>
<MsgType><![CDATA[event]]></MsgType>
<Event><![CDATA[VIEW]]></Event>
<EventKey><![CDATA[http://www.boyufengmao.com/app/index.php?i=7&c=entry&m=ewei_shopv2&do=mobile&r=diypage&id=30]]></EventKey>
<MenuId>516391862</MenuId>
</xml>

2020-03-11 11:06:00 params :
------------
String:
array (
  'rule' => -2,
  'module' => '',
  'message' => 
  array (
    'tousername' => 'gh_7b3d37846b75',
    'fromusername' => 'oZ5PY1FQuy_MGr8re6K38_gLRVPc',
    'createtime' => '1583895960',
    'msgtype' => 'event',
    'event' => 'VIEW',
    'eventkey' => 'http://www.boyufengmao.com/app/index.php?i=7&c=entry&m=ewei_shopv2&do=mobile&r=diypage&id=30',
    'menuid' => '516391862',
    'from' => 'oZ5PY1FQuy_MGr8re6K38_gLRVPc',
    'to' => 'gh_7b3d37846b75',
    'time' => '1583895960',
    'type' => 'text',
    'content' => 'http://www.boyufengmao.com/app/index.php?i=7&c=entry&m=ewei_shopv2&do=mobile&r=diypage&id=30',
    'redirection' => true,
    'source' => 'VIEW',
  ),
)

2020-03-11 11:06:00 response :
------------

2020-03-11 11:06:02 trace :
------------
String:
<xml><ToUserName><![CDATA[gh_7b3d37846b75]]></ToUserName>
<FromUserName><![CDATA[oZ5PY1FQuy_MGr8re6K38_gLRVPc]]></FromUserName>
<CreateTime>1583895962</CreateTime>
<MsgType><![CDATA[event]]></MsgType>
<Event><![CDATA[VIEW]]></Event>
<EventKey><![CDATA[http://www.boyufengmao.com/app/index.php?i=7&c=entry&m=ewei_shopv2&do=mobile&r=member]]></EventKey>
<MenuId>516391862</MenuId>
</xml>

2020-03-11 11:06:02 params :
------------
String:
array (
  'rule' => -2,
  'module' => '',
  'message' => 
  array (
    'tousername' => 'gh_7b3d37846b75',
    'fromusername' => 'oZ5PY1FQuy_MGr8re6K38_gLRVPc',
    'createtime' => '1583895962',
    'msgtype' => 'event',
    'event' => 'VIEW',
    'eventkey' => 'http://www.boyufengmao.com/app/index.php?i=7&c=entry&m=ewei_shopv2&do=mobile&r=member',
    'menuid' => '516391862',
    'from' => 'oZ5PY1FQuy_MGr8re6K38_gLRVPc',
    'to' => 'gh_7b3d37846b75',
    'time' => '1583895962',
    'type' => 'text',
    'content' => 'http://www.boyufengmao.com/app/index.php?i=7&c=entry&m=ewei_shopv2&do=mobile&r=member',
    'redirection' => true,
    'source' => 'VIEW',
  ),
)

2020-03-11 11:06:02 response :
------------

2020-03-11 11:06:15 trace :
------------
String:
<xml><ToUserName><![CDATA[gh_7b3d37846b75]]></ToUserName>
<FromUserName><![CDATA[oZ5PY1FQuy_MGr8re6K38_gLRVPc]]></FromUserName>
<CreateTime>1583895975</CreateTime>
<MsgType><![CDATA[event]]></MsgType>
<Event><![CDATA[VIEW]]></Event>
<EventKey><![CDATA[http://www.boyufengmao.com/app/index.php?i=7&c=entry&m=ewei_shopv2&do=mobile&r=diypage&id=30]]></EventKey>
<MenuId>516391862</MenuId>
</xml>

2020-03-11 11:06:15 params :
------------
String:
array (
  'rule' => -2,
  'module' => '',
  'message' => 
  array (
    'tousername' => 'gh_7b3d37846b75',
    'fromusername' => 'oZ5PY1FQuy_MGr8re6K38_gLRVPc',
    'createtime' => '1583895975',
    'msgtype' => 'event',
    'event' => 'VIEW',
    'eventkey' => 'http://www.boyufengmao.com/app/index.php?i=7&c=entry&m=ewei_shopv2&do=mobile&r=diypage&id=30',
    'menuid' => '516391862',
    'from' => 'oZ5PY1FQuy_MGr8re6K38_gLRVPc',
    'to' => 'gh_7b3d37846b75',
    'time' => '1583895975',
    'type' => 'text',
    'content' => 'http://www.boyufengmao.com/app/index.php?i=7&c=entry&m=ewei_shopv2&do=mobile&r=diypage&id=30',
    'redirection' => true,
    'source' => 'VIEW',
  ),
)

2020-03-11 11:06:15 response :
------------

2020-03-11 11:07:45 trace :
------------
String:
<xml><ToUserName><![CDATA[gh_7b3d37846b75]]></ToUserName>
<FromUserName><![CDATA[oZ5PY1FQuy_MGr8re6K38_gLRVPc]]></FromUserName>
<CreateTime>1583896065</CreateTime>
<MsgType><![CDATA[event]]></MsgType>
<Event><![CDATA[VIEW]]></Event>
<EventKey><![CDATA[http://www.boyufengmao.com/app/index.php?i=7&c=entry&m=ewei_shopv2&do=mobile&r=diypage&id=30]]></EventKey>
<MenuId>516391862</MenuId>
</xml>

2020-03-11 11:07:45 params :
------------
String:
array (
  'rule' => -2,
  'module' => '',
  'message' => 
  array (
    'tousername' => 'gh_7b3d37846b75',
    'fromusername' => 'oZ5PY1FQuy_MGr8re6K38_gLRVPc',
    'createtime' => '1583896065',
    'msgtype' => 'event',
    'event' => 'VIEW',
    'eventkey' => 'http://www.boyufengmao.com/app/index.php?i=7&c=entry&m=ewei_shopv2&do=mobile&r=diypage&id=30',
    'menuid' => '516391862',
    'from' => 'oZ5PY1FQuy_MGr8re6K38_gLRVPc',
    'to' => 'gh_7b3d37846b75',
    'time' => '1583896065',
    'type' => 'text',
    'content' => 'http://www.boyufengmao.com/app/index.php?i=7&c=entry&m=ewei_shopv2&do=mobile&r=diypage&id=30',
    'redirection' => true,
    'source' => 'VIEW',
  ),
)

2020-03-11 11:07:45 response :
------------

2020-03-11 11:08:13 trace :
------------
String:
<xml><ToUserName><![CDATA[gh_7b3d37846b75]]></ToUserName>
<FromUserName><![CDATA[oZ5PY1FQuy_MGr8re6K38_gLRVPc]]></FromUserName>
<CreateTime>1583896093</CreateTime>
<MsgType><![CDATA[event]]></MsgType>
<Event><![CDATA[VIEW]]></Event>
<EventKey><![CDATA[http://www.boyufengmao.com/app/index.php?i=7&c=entry&m=ewei_shopv2&do=mobile&r=member]]></EventKey>
<MenuId>516391862</MenuId>
</xml>

2020-03-11 11:08:13 params :
------------
String:
array (
  'rule' => -2,
  'module' => '',
  'message' => 
  array (
    'tousername' => 'gh_7b3d37846b75',
    'fromusername' => 'oZ5PY1FQuy_MGr8re6K38_gLRVPc',
    'createtime' => '1583896093',
    'msgtype' => 'event',
    'event' => 'VIEW',
    'eventkey' => 'http://www.boyufengmao.com/app/index.php?i=7&c=entry&m=ewei_shopv2&do=mobile&r=member',
    'menuid' => '516391862',
    'from' => 'oZ5PY1FQuy_MGr8re6K38_gLRVPc',
    'to' => 'gh_7b3d37846b75',
    'time' => '1583896093',
    'type' => 'text',
    'content' => 'http://www.boyufengmao.com/app/index.php?i=7&c=entry&m=ewei_shopv2&do=mobile&r=member',
    'redirection' => true,
    'source' => 'VIEW',
  ),
)

2020-03-11 11:08:13 response :
------------

2020-03-11 11:09:32 trace :
------------
String:
<xml><ToUserName><![CDATA[gh_7b3d37846b75]]></ToUserName>
<FromUserName><![CDATA[oZ5PY1FQuy_MGr8re6K38_gLRVPc]]></FromUserName>
<CreateTime>1583896172</CreateTime>
<MsgType><![CDATA[event]]></MsgType>
<Event><![CDATA[VIEW]]></Event>
<EventKey><![CDATA[http://www.boyufengmao.com/app/index.php?i=7&c=entry&m=ewei_shopv2&do=mobile&r=diypage&id=30]]></EventKey>
<MenuId>516391862</MenuId>
</xml>

2020-03-11 11:09:32 params :
------------
String:
array (
  'rule' => -2,
  'module' => '',
  'message' => 
  array (
    'tousername' => 'gh_7b3d37846b75',
    'fromusername' => 'oZ5PY1FQuy_MGr8re6K38_gLRVPc',
    'createtime' => '1583896172',
    'msgtype' => 'event',
    'event' => 'VIEW',
    'eventkey' => 'http://www.boyufengmao.com/app/index.php?i=7&c=entry&m=ewei_shopv2&do=mobile&r=diypage&id=30',
    'menuid' => '516391862',
    'from' => 'oZ5PY1FQuy_MGr8re6K38_gLRVPc',
    'to' => 'gh_7b3d37846b75',
    'time' => '1583896172',
    'type' => 'text',
    'content' => 'http://www.boyufengmao.com/app/index.php?i=7&c=entry&m=ewei_shopv2&do=mobile&r=diypage&id=30',
    'redirection' => true,
    'source' => 'VIEW',
  ),
)

2020-03-11 11:09:32 response :
------------

2020-03-11 11:43:52 trace :
------------
String:
<xml><ToUserName><![CDATA[gh_f9b894563ef4]]></ToUserName>
<FromUserName><![CDATA[o5V8y1fDqhNX84Ge1lMlY73uoJKY]]></FromUserName>
<CreateTime>1583898231</CreateTime>
<MsgType><![CDATA[event]]></MsgType>
<Event><![CDATA[VIEW]]></Event>
<EventKey><![CDATA[http://www.boyufengmao.com/app/index.php?i=6&c=entry&m=ewei_shopv2&do=mobile&r=diypage&id=35]]></EventKey>
<MenuId>445261982</MenuId>
</xml>

2020-03-11 11:43:52 params :
------------
String:
array (
  'rule' => -2,
  'module' => '',
  'message' => 
  array (
    'tousername' => 'gh_f9b894563ef4',
    'fromusername' => 'o5V8y1fDqhNX84Ge1lMlY73uoJKY',
    'createtime' => '1583898231',
    'msgtype' => 'event',
    'event' => 'VIEW',
    'eventkey' => 'http://www.boyufengmao.com/app/index.php?i=6&c=entry&m=ewei_shopv2&do=mobile&r=diypage&id=35',
    'menuid' => '445261982',
    'from' => 'o5V8y1fDqhNX84Ge1lMlY73uoJKY',
    'to' => 'gh_f9b894563ef4',
    'time' => '1583898231',
    'type' => 'text',
    'content' => 'http://www.boyufengmao.com/app/index.php?i=6&c=entry&m=ewei_shopv2&do=mobile&r=diypage&id=35',
    'redirection' => true,
    'source' => 'VIEW',
  ),
)

2020-03-11 11:43:52 response :
------------

2020-03-11 11:44:01 trace :
------------
String:
<xml><ToUserName><![CDATA[gh_f9b894563ef4]]></ToUserName>
<FromUserName><![CDATA[o5V8y1fDqhNX84Ge1lMlY73uoJKY]]></FromUserName>
<CreateTime>1583898241</CreateTime>
<MsgType><![CDATA[event]]></MsgType>
<Event><![CDATA[unsubscribe]]></Event>
<EventKey><![CDATA[]]></EventKey>
</xml>

2020-03-11 13:25:46 trace :
------------
String:
<xml><ToUserName><![CDATA[gh_c804ae748f89]]></ToUserName>
<FromUserName><![CDATA[o3lrB57ISd4ggQ8SPOaM83gMjstM]]></FromUserName>
<CreateTime>1583904346</CreateTime>
<MsgType><![CDATA[event]]></MsgType>
<Event><![CDATA[VIEW]]></Event>
<EventKey><![CDATA[http://www.boyufengmao.com/app/index.php?i=2&c=entry&m=ewei_shopv2&do=mobile]]></EventKey>
<MenuId>444488974</MenuId>
</xml>

2020-03-11 13:25:46 params :
------------
String:
array (
  'rule' => -2,
  'module' => '',
  'message' => 
  array (
    'tousername' => 'gh_c804ae748f89',
    'fromusername' => 'o3lrB57ISd4ggQ8SPOaM83gMjstM',
    'createtime' => '1583904346',
    'msgtype' => 'event',
    'event' => 'VIEW',
    'eventkey' => 'http://www.boyufengmao.com/app/index.php?i=2&c=entry&m=ewei_shopv2&do=mobile',
    'menuid' => '444488974',
    'from' => 'o3lrB57ISd4ggQ8SPOaM83gMjstM',
    'to' => 'gh_c804ae748f89',
    'time' => '1583904346',
    'type' => 'text',
    'content' => 'http://www.boyufengmao.com/app/index.php?i=2&c=entry&m=ewei_shopv2&do=mobile',
    'redirection' => true,
    'source' => 'VIEW',
  ),
)

2020-03-11 13:25:46 response :
------------

2020-03-11 13:25:48 trace :
------------
String:
<xml><ToUserName><![CDATA[gh_c804ae748f89]]></ToUserName>
<FromUserName><![CDATA[o3lrB57ISd4ggQ8SPOaM83gMjstM]]></FromUserName>
<CreateTime>1583904348</CreateTime>
<MsgType><![CDATA[event]]></MsgType>
<Event><![CDATA[VIEW]]></Event>
<EventKey><![CDATA[http://www.boyufengmao.com/app/index.php?i=2&c=entry&m=ewei_shopv2&do=mobile]]></EventKey>
<MenuId>444488974</MenuId>
</xml>

2020-03-11 13:25:48 params :
------------
String:
array (
  'rule' => -2,
  'module' => '',
  'message' => 
  array (
    'tousername' => 'gh_c804ae748f89',
    'fromusername' => 'o3lrB57ISd4ggQ8SPOaM83gMjstM',
    'createtime' => '1583904348',
    'msgtype' => 'event',
    'event' => 'VIEW',
    'eventkey' => 'http://www.boyufengmao.com/app/index.php?i=2&c=entry&m=ewei_shopv2&do=mobile',
    'menuid' => '444488974',
    'from' => 'o3lrB57ISd4ggQ8SPOaM83gMjstM',
    'to' => 'gh_c804ae748f89',
    'time' => '1583904348',
    'type' => 'text',
    'content' => 'http://www.boyufengmao.com/app/index.php?i=2&c=entry&m=ewei_shopv2&do=mobile',
    'redirection' => true,
    'source' => 'VIEW',
  ),
)

2020-03-11 13:25:48 response :
------------

2020-03-11 13:25:49 trace :
------------
String:
<xml><ToUserName><![CDATA[gh_c804ae748f89]]></ToUserName>
<FromUserName><![CDATA[o3lrB57ISd4ggQ8SPOaM83gMjstM]]></FromUserName>
<CreateTime>1583904349</CreateTime>
<MsgType><![CDATA[event]]></MsgType>
<Event><![CDATA[VIEW]]></Event>
<EventKey><![CDATA[http://www.boyufengmao.com/app/index.php?i=2&c=entry&m=ewei_shopv2&do=mobile]]></EventKey>
<MenuId>444488974</MenuId>
</xml>

2020-03-11 13:25:49 params :
------------
String:
array (
  'rule' => -2,
  'module' => '',
  'message' => 
  array (
    'tousername' => 'gh_c804ae748f89',
    'fromusername' => 'o3lrB57ISd4ggQ8SPOaM83gMjstM',
    'createtime' => '1583904349',
    'msgtype' => 'event',
    'event' => 'VIEW',
    'eventkey' => 'http://www.boyufengmao.com/app/index.php?i=2&c=entry&m=ewei_shopv2&do=mobile',
    'menuid' => '444488974',
    'from' => 'o3lrB57ISd4ggQ8SPOaM83gMjstM',
    'to' => 'gh_c804ae748f89',
    'time' => '1583904349',
    'type' => 'text',
    'content' => 'http://www.boyufengmao.com/app/index.php?i=2&c=entry&m=ewei_shopv2&do=mobile',
    'redirection' => true,
    'source' => 'VIEW',
  ),
)

2020-03-11 13:25:49 response :
------------

2020-03-11 13:25:50 trace :
------------
String:
<xml><ToUserName><![CDATA[gh_c804ae748f89]]></ToUserName>
<FromUserName><![CDATA[o3lrB57ISd4ggQ8SPOaM83gMjstM]]></FromUserName>
<CreateTime>1583904349</CreateTime>
<MsgType><![CDATA[event]]></MsgType>
<Event><![CDATA[VIEW]]></Event>
<EventKey><![CDATA[http://www.boyufengmao.com/app/index.php?i=2&c=entry&m=ewei_shopv2&do=mobile]]></EventKey>
<MenuId>444488974</MenuId>
</xml>

2020-03-11 13:25:50 params :
------------
String:
array (
  'rule' => -2,
  'module' => '',
  'message' => 
  array (
    'tousername' => 'gh_c804ae748f89',
    'fromusername' => 'o3lrB57ISd4ggQ8SPOaM83gMjstM',
    'createtime' => '1583904349',
    'msgtype' => 'event',
    'event' => 'VIEW',
    'eventkey' => 'http://www.boyufengmao.com/app/index.php?i=2&c=entry&m=ewei_shopv2&do=mobile',
    'menuid' => '444488974',
    'from' => 'o3lrB57ISd4ggQ8SPOaM83gMjstM',
    'to' => 'gh_c804ae748f89',
    'time' => '1583904349',
    'type' => 'text',
    'content' => 'http://www.boyufengmao.com/app/index.php?i=2&c=entry&m=ewei_shopv2&do=mobile',
    'redirection' => true,
    'source' => 'VIEW',
  ),
)

2020-03-11 13:25:50 response :
------------

2020-03-11 13:25:52 trace :
------------
String:
<xml><ToUserName><![CDATA[gh_c804ae748f89]]></ToUserName>
<FromUserName><![CDATA[o3lrB57ISd4ggQ8SPOaM83gMjstM]]></FromUserName>
<CreateTime>1583904352</CreateTime>
<MsgType><![CDATA[event]]></MsgType>
<Event><![CDATA[VIEW]]></Event>
<EventKey><![CDATA[http://www.boyufengmao.com/app/index.php?i=2&c=entry&m=ewei_shopv2&do=mobile]]></EventKey>
<MenuId>444488974</MenuId>
</xml>

2020-03-11 13:25:52 params :
------------
String:
array (
  'rule' => -2,
  'module' => '',
  'message' => 
  array (
    'tousername' => 'gh_c804ae748f89',
    'fromusername' => 'o3lrB57ISd4ggQ8SPOaM83gMjstM',
    'createtime' => '1583904352',
    'msgtype' => 'event',
    'event' => 'VIEW',
    'eventkey' => 'http://www.boyufengmao.com/app/index.php?i=2&c=entry&m=ewei_shopv2&do=mobile',
    'menuid' => '444488974',
    'from' => 'o3lrB57ISd4ggQ8SPOaM83gMjstM',
    'to' => 'gh_c804ae748f89',
    'time' => '1583904352',
    'type' => 'text',
    'content' => 'http://www.boyufengmao.com/app/index.php?i=2&c=entry&m=ewei_shopv2&do=mobile',
    'redirection' => true,
    'source' => 'VIEW',
  ),
)

2020-03-11 13:25:52 response :
------------

2020-03-11 13:33:45 trace :
------------
String:
<xml><ToUserName><![CDATA[gh_f9b894563ef4]]></ToUserName>
<FromUserName><![CDATA[o5V8y1W5dZGeIuq6w18q9k6aNItQ]]></FromUserName>
<CreateTime>1583904825</CreateTime>
<MsgType><![CDATA[event]]></MsgType>
<Event><![CDATA[VIEW]]></Event>
<EventKey><![CDATA[http://www.boyufengmao.com/app/index.php?i=6&c=entry&m=ewei_shopv2&do=mobile]]></EventKey>
<MenuId>445261982</MenuId>
</xml>

2020-03-11 13:33:45 params :
------------
String:
array (
  'rule' => -2,
  'module' => '',
  'message' => 
  array (
    'tousername' => 'gh_f9b894563ef4',
    'fromusername' => 'o5V8y1W5dZGeIuq6w18q9k6aNItQ',
    'createtime' => '1583904825',
    'msgtype' => 'event',
    'event' => 'VIEW',
    'eventkey' => 'http://www.boyufengmao.com/app/index.php?i=6&c=entry&m=ewei_shopv2&do=mobile',
    'menuid' => '445261982',
    'from' => 'o5V8y1W5dZGeIuq6w18q9k6aNItQ',
    'to' => 'gh_f9b894563ef4',
    'time' => '1583904825',
    'type' => 'text',
    'content' => 'http://www.boyufengmao.com/app/index.php?i=6&c=entry&m=ewei_shopv2&do=mobile',
    'redirection' => true,
    'source' => 'VIEW',
  ),
)

2020-03-11 13:33:45 response :
------------

2020-03-11 15:05:26 trace :
------------
String:
<xml><ToUserName><![CDATA[gh_f9b894563ef4]]></ToUserName>
<FromUserName><![CDATA[o5V8y1VITfinIWM9M6gHYjSuVOAY]]></FromUserName>
<CreateTime>1583910325</CreateTime>
<MsgType><![CDATA[event]]></MsgType>
<Event><![CDATA[subscribe]]></Event>
<EventKey><![CDATA[]]></EventKey>
</xml>

2020-03-11 15:05:26 params :
------------
String:
array (
  'rule' => -2,
  'module' => '',
  'message' => 
  array (
    'tousername' => 'gh_f9b894563ef4',
    'fromusername' => 'o5V8y1VITfinIWM9M6gHYjSuVOAY',
    'createtime' => '1583910325',
    'msgtype' => 'event',
    'event' => 'subscribe',
    'eventkey' => '',
    'from' => 'o5V8y1VITfinIWM9M6gHYjSuVOAY',
    'to' => 'gh_f9b894563ef4',
    'time' => '1583910325',
    'type' => 'text',
    'redirection' => true,
    'source' => 'subscribe',
  ),
)

2020-03-11 15:05:26 response :
------------

2020-03-11 15:05:39 trace :
------------
String:
<xml><ToUserName><![CDATA[gh_f9b894563ef4]]></ToUserName>
<FromUserName><![CDATA[o5V8y1VITfinIWM9M6gHYjSuVOAY]]></FromUserName>
<CreateTime>1583910339</CreateTime>
<MsgType><![CDATA[event]]></MsgType>
<Event><![CDATA[VIEW]]></Event>
<EventKey><![CDATA[http://www.boyufengmao.com/app/index.php?i=6&c=entry&m=ewei_shopv2&do=mobile]]></EventKey>
<MenuId>445261982</MenuId>
</xml>

2020-03-11 15:05:39 params :
------------
String:
array (
  'rule' => -2,
  'module' => '',
  'message' => 
  array (
    'tousername' => 'gh_f9b894563ef4',
    'fromusername' => 'o5V8y1VITfinIWM9M6gHYjSuVOAY',
    'createtime' => '1583910339',
    'msgtype' => 'event',
    'event' => 'VIEW',
    'eventkey' => 'http://www.boyufengmao.com/app/index.php?i=6&c=entry&m=ewei_shopv2&do=mobile',
    'menuid' => '445261982',
    'from' => 'o5V8y1VITfinIWM9M6gHYjSuVOAY',
    'to' => 'gh_f9b894563ef4',
    'time' => '1583910339',
    'type' => 'text',
    'content' => 'http://www.boyufengmao.com/app/index.php?i=6&c=entry&m=ewei_shopv2&do=mobile',
    'redirection' => true,
    'source' => 'VIEW',
  ),
)

2020-03-11 15:05:39 response :
------------

2020-03-11 15:07:16 trace :
------------
String:
<xml><ToUserName><![CDATA[gh_f9b894563ef4]]></ToUserName>
<FromUserName><![CDATA[o5V8y1VITfinIWM9M6gHYjSuVOAY]]></FromUserName>
<CreateTime>1583910436</CreateTime>
<MsgType><![CDATA[event]]></MsgType>
<Event><![CDATA[VIEW]]></Event>
<EventKey><![CDATA[http://www.boyufengmao.com/app/index.php?i=6&c=entry&m=ewei_shopv2&do=mobile]]></EventKey>
<MenuId>445261982</MenuId>
</xml>

2020-03-11 15:07:16 params :
------------
String:
array (
  'rule' => -2,
  'module' => '',
  'message' => 
  array (
    'tousername' => 'gh_f9b894563ef4',
    'fromusername' => 'o5V8y1VITfinIWM9M6gHYjSuVOAY',
    'createtime' => '1583910436',
    'msgtype' => 'event',
    'event' => 'VIEW',
    'eventkey' => 'http://www.boyufengmao.com/app/index.php?i=6&c=entry&m=ewei_shopv2&do=mobile',
    'menuid' => '445261982',
    'from' => 'o5V8y1VITfinIWM9M6gHYjSuVOAY',
    'to' => 'gh_f9b894563ef4',
    'time' => '1583910436',
    'type' => 'text',
    'content' => 'http://www.boyufengmao.com/app/index.php?i=6&c=entry&m=ewei_shopv2&do=mobile',
    'redirection' => true,
    'source' => 'VIEW',
  ),
)

2020-03-11 15:07:16 response :
------------

2020-03-11 15:07:31 trace :
------------
String:
<xml><ToUserName><![CDATA[gh_f9b894563ef4]]></ToUserName>
<FromUserName><![CDATA[o5V8y1VITfinIWM9M6gHYjSuVOAY]]></FromUserName>
<CreateTime>1583910451</CreateTime>
<MsgType><![CDATA[event]]></MsgType>
<Event><![CDATA[VIEW]]></Event>
<EventKey><![CDATA[http://www.boyufengmao.com/app/index.php?i=6&c=entry&m=ewei_shopv2&do=mobile]]></EventKey>
<MenuId>445261982</MenuId>
</xml>

2020-03-11 15:07:31 params :
------------
String:
array (
  'rule' => -2,
  'module' => '',
  'message' => 
  array (
    'tousername' => 'gh_f9b894563ef4',
    'fromusername' => 'o5V8y1VITfinIWM9M6gHYjSuVOAY',
    'createtime' => '1583910451',
    'msgtype' => 'event',
    'event' => 'VIEW',
    'eventkey' => 'http://www.boyufengmao.com/app/index.php?i=6&c=entry&m=ewei_shopv2&do=mobile',
    'menuid' => '445261982',
    'from' => 'o5V8y1VITfinIWM9M6gHYjSuVOAY',
    'to' => 'gh_f9b894563ef4',
    'time' => '1583910451',
    'type' => 'text',
    'content' => 'http://www.boyufengmao.com/app/index.php?i=6&c=entry&m=ewei_shopv2&do=mobile',
    'redirection' => true,
    'source' => 'VIEW',
  ),
)

2020-03-11 15:07:31 response :
------------

2020-03-11 17:36:16 trace :
------------
String:
<xml><ToUserName><![CDATA[gh_62bcc2f9639d]]></ToUserName>
<FromUserName><![CDATA[opjhUwM9P-3q6iucQBbR08VMQoFo]]></FromUserName>
<CreateTime>1583919376</CreateTime>
<MsgType><![CDATA[event]]></MsgType>
<Event><![CDATA[VIEW]]></Event>
<EventKey><![CDATA[http://www.boyufengmao.com/app/index.php?i=10&c=entry&m=ewei_shopv2&do=mobile]]></EventKey>
<MenuId>432207807</MenuId>
</xml>

2020-03-11 17:36:16 params :
------------
String:
array (
  'rule' => -2,
  'module' => '',
  'message' => 
  array (
    'tousername' => 'gh_62bcc2f9639d',
    'fromusername' => 'opjhUwM9P-3q6iucQBbR08VMQoFo',
    'createtime' => '1583919376',
    'msgtype' => 'event',
    'event' => 'VIEW',
    'eventkey' => 'http://www.boyufengmao.com/app/index.php?i=10&c=entry&m=ewei_shopv2&do=mobile',
    'menuid' => '432207807',
    'from' => 'opjhUwM9P-3q6iucQBbR08VMQoFo',
    'to' => 'gh_62bcc2f9639d',
    'time' => '1583919376',
    'type' => 'text',
    'content' => 'http://www.boyufengmao.com/app/index.php?i=10&c=entry&m=ewei_shopv2&do=mobile',
    'redirection' => true,
    'source' => 'VIEW',
  ),
)

2020-03-11 17:36:16 response :
------------

2020-03-11 18:54:23 trace :
------------
String:
<xml><ToUserName><![CDATA[gh_0140ea298741]]></ToUserName>
<FromUserName><![CDATA[oGQKz0vNVZnDZQpTOKu3PhdUZVDk]]></FromUserName>
<CreateTime>1583924063</CreateTime>
<MsgType><![CDATA[text]]></MsgType>
<Content><![CDATA[你们开门了么[旺柴][旺柴]]]></Content>
<MsgId>22676340512370894</MsgId>
</xml>

2020-03-11 18:54:23 params :
------------
String:
array (
  'rule' => -2,
  'module' => '',
  'message' => 
  array (
    'tousername' => 'gh_0140ea298741',
    'fromusername' => 'oGQKz0vNVZnDZQpTOKu3PhdUZVDk',
    'createtime' => '1583924063',
    'msgtype' => 'text',
    'content' => '你们开门了么[旺柴][旺柴]',
    'msgid' => '22676340512370894',
    'from' => 'oGQKz0vNVZnDZQpTOKu3PhdUZVDk',
    'to' => 'gh_0140ea298741',
    'time' => '1583924063',
    'type' => 'text',
    'event' => NULL,
    'redirection' => false,
    'source' => NULL,
  ),
)

2020-03-11 18:54:23 response :
------------

2020-03-11 21:58:13 trace :
------------
String:
<xml><ToUserName><![CDATA[gh_62bcc2f9639d]]></ToUserName>
<FromUserName><![CDATA[opjhUwFDX6CI5gRNEE3YOH_y5pN4]]></FromUserName>
<CreateTime>1583935093</CreateTime>
<MsgType><![CDATA[event]]></MsgType>
<Event><![CDATA[unsubscribe]]></Event>
<EventKey><![CDATA[]]></EventKey>
</xml>

2020-03-11 23:16:14 trace :
------------
String:
<xml><ToUserName><![CDATA[gh_f9b894563ef4]]></ToUserName>
<FromUserName><![CDATA[o5V8y1bGyHlMETO8vKj-fIjwZj0A]]></FromUserName>
<CreateTime>1583939774</CreateTime>
<MsgType><![CDATA[event]]></MsgType>
<Event><![CDATA[VIEW]]></Event>
<EventKey><![CDATA[http://www.boyufengmao.com/app/index.php?i=6&c=entry&m=ewei_shopv2&do=mobile]]></EventKey>
<MenuId>445261982</MenuId>
</xml>

2020-03-11 23:16:14 params :
------------
String:
array (
  'rule' => -2,
  'module' => '',
  'message' => 
  array (
    'tousername' => 'gh_f9b894563ef4',
    'fromusername' => 'o5V8y1bGyHlMETO8vKj-fIjwZj0A',
    'createtime' => '1583939774',
    'msgtype' => 'event',
    'event' => 'VIEW',
    'eventkey' => 'http://www.boyufengmao.com/app/index.php?i=6&c=entry&m=ewei_shopv2&do=mobile',
    'menuid' => '445261982',
    'from' => 'o5V8y1bGyHlMETO8vKj-fIjwZj0A',
    'to' => 'gh_f9b894563ef4',
    'time' => '1583939774',
    'type' => 'text',
    'content' => 'http://www.boyufengmao.com/app/index.php?i=6&c=entry&m=ewei_shopv2&do=mobile',
    'redirection' => true,
    'source' => 'VIEW',
  ),
)

2020-03-11 23:16:14 response :
------------

2020-03-11 23:16:59 trace :
------------
String:
<xml><ToUserName><![CDATA[gh_f9b894563ef4]]></ToUserName>
<FromUserName><![CDATA[o5V8y1bGyHlMETO8vKj-fIjwZj0A]]></FromUserName>
<CreateTime>1583939819</CreateTime>
<MsgType><![CDATA[event]]></MsgType>
<Event><![CDATA[VIEW]]></Event>
<EventKey><![CDATA[http://www.boyufengmao.com/app/index.php?i=6&c=entry&m=ewei_shopv2&do=mobile&r=diypage&id=35]]></EventKey>
<MenuId>445261982</MenuId>
</xml>

2020-03-11 23:16:59 params :
------------
String:
array (
  'rule' => -2,
  'module' => '',
  'message' => 
  array (
    'tousername' => 'gh_f9b894563ef4',
    'fromusername' => 'o5V8y1bGyHlMETO8vKj-fIjwZj0A',
    'createtime' => '1583939819',
    'msgtype' => 'event',
    'event' => 'VIEW',
    'eventkey' => 'http://www.boyufengmao.com/app/index.php?i=6&c=entry&m=ewei_shopv2&do=mobile&r=diypage&id=35',
    'menuid' => '445261982',
    'from' => 'o5V8y1bGyHlMETO8vKj-fIjwZj0A',
    'to' => 'gh_f9b894563ef4',
    'time' => '1583939819',
    'type' => 'text',
    'content' => 'http://www.boyufengmao.com/app/index.php?i=6&c=entry&m=ewei_shopv2&do=mobile&r=diypage&id=35',
    'redirection' => true,
    'source' => 'VIEW',
  ),
)

2020-03-11 23:16:59 response :
------------

