2020-06-05 00:25:00 trace :
------------
String:
<xml><ToUserName><![CDATA[gh_f9b894563ef4]]></ToUserName>
<FromUserName><![CDATA[o5V8y1aFOulGFPU2RZBgNdd_p7vM]]></FromUserName>
<CreateTime>1591287899</CreateTime>
<MsgType><![CDATA[event]]></MsgType>
<Event><![CDATA[unsubscribe]]></Event>
<EventKey><![CDATA[]]></EventKey>
</xml>

2020-06-05 07:58:22 trace :
------------
String:
<xml><ToUserName><![CDATA[gh_f9b894563ef4]]></ToUserName>
<FromUserName><![CDATA[o5V8y1YqAajcKQFpVhVKeTh8HsN0]]></FromUserName>
<CreateTime>1591315102</CreateTime>
<MsgType><![CDATA[event]]></MsgType>
<Event><![CDATA[unsubscribe]]></Event>
<EventKey><![CDATA[]]></EventKey>
</xml>

2020-06-05 08:47:19 trace :
------------
String:
<xml><ToUserName><![CDATA[gh_162fc9cda7ca]]></ToUserName>
<FromUserName><![CDATA[oYRrw04hff7DDUDab5A4PxtISpKI]]></FromUserName>
<CreateTime>1591318038</CreateTime>
<MsgType><![CDATA[event]]></MsgType>
<Event><![CDATA[unsubscribe]]></Event>
<EventKey><![CDATA[]]></EventKey>
</xml>

2020-06-05 10:50:29 trace :
------------
String:
<xml><ToUserName><![CDATA[gh_67e18b5132a7]]></ToUserName>
<FromUserName><![CDATA[oR70FtxgUSfldCL2PH5Rta5WEWhk]]></FromUserName>
<CreateTime>1591325429</CreateTime>
<MsgType><![CDATA[event]]></MsgType>
<Event><![CDATA[VIEW]]></Event>
<EventKey><![CDATA[http://www.boyufengmao.com/app/index.php?i=19&c=entry&m=ewei_shopv2&do=mobile]]></EventKey>
<MenuId>426638167</MenuId>
</xml>

2020-06-05 10:50:29 params :
------------
String:
array (
  'rule' => -2,
  'module' => '',
  'message' => 
  array (
    'tousername' => 'gh_67e18b5132a7',
    'fromusername' => 'oR70FtxgUSfldCL2PH5Rta5WEWhk',
    'createtime' => '1591325429',
    'msgtype' => 'event',
    'event' => 'VIEW',
    'eventkey' => 'http://www.boyufengmao.com/app/index.php?i=19&c=entry&m=ewei_shopv2&do=mobile',
    'menuid' => '426638167',
    'from' => 'oR70FtxgUSfldCL2PH5Rta5WEWhk',
    'to' => 'gh_67e18b5132a7',
    'time' => '1591325429',
    'type' => 'text',
    'content' => 'http://www.boyufengmao.com/app/index.php?i=19&c=entry&m=ewei_shopv2&do=mobile',
    'redirection' => true,
    'source' => 'VIEW',
  ),
)

2020-06-05 10:50:29 response :
------------

2020-06-05 10:50:53 trace :
------------
String:
<xml><ToUserName><![CDATA[gh_f9b894563ef4]]></ToUserName>
<FromUserName><![CDATA[o5V8y1Q9zKbkSZ-R_te1cwc4GX8g]]></FromUserName>
<CreateTime>1591325453</CreateTime>
<MsgType><![CDATA[event]]></MsgType>
<Event><![CDATA[VIEW]]></Event>
<EventKey><![CDATA[http://www.boyufengmao.com/app/index.php?i=6&c=entry&m=ewei_shopv2&do=mobile&r=diypage&id=35]]></EventKey>
<MenuId>445261982</MenuId>
</xml>

2020-06-05 10:50:53 params :
------------
String:
array (
  'rule' => -2,
  'module' => '',
  'message' => 
  array (
    'tousername' => 'gh_f9b894563ef4',
    'fromusername' => 'o5V8y1Q9zKbkSZ-R_te1cwc4GX8g',
    'createtime' => '1591325453',
    'msgtype' => 'event',
    'event' => 'VIEW',
    'eventkey' => 'http://www.boyufengmao.com/app/index.php?i=6&c=entry&m=ewei_shopv2&do=mobile&r=diypage&id=35',
    'menuid' => '445261982',
    'from' => 'o5V8y1Q9zKbkSZ-R_te1cwc4GX8g',
    'to' => 'gh_f9b894563ef4',
    'time' => '1591325453',
    'type' => 'text',
    'content' => 'http://www.boyufengmao.com/app/index.php?i=6&c=entry&m=ewei_shopv2&do=mobile&r=diypage&id=35',
    'redirection' => true,
    'source' => 'VIEW',
  ),
)

2020-06-05 10:50:53 response :
------------

2020-06-05 10:50:53 trace :
------------
String:
<xml><ToUserName><![CDATA[gh_f9b894563ef4]]></ToUserName>
<FromUserName><![CDATA[o5V8y1Q9zKbkSZ-R_te1cwc4GX8g]]></FromUserName>
<CreateTime>1591325453</CreateTime>
<MsgType><![CDATA[event]]></MsgType>
<Event><![CDATA[CLICK]]></Event>
<EventKey><![CDATA[订餐电话]]></EventKey>
</xml>

2020-06-05 10:50:53 params :
------------
String:
array (
  'message' => 
  array (
    'tousername' => 'gh_f9b894563ef4',
    'fromusername' => 'o5V8y1Q9zKbkSZ-R_te1cwc4GX8g',
    'createtime' => '1591325453',
    'msgtype' => 'event',
    'event' => 'CLICK',
    'eventkey' => '订餐电话',
    'from' => 'o5V8y1Q9zKbkSZ-R_te1cwc4GX8g',
    'to' => 'gh_f9b894563ef4',
    'time' => '1591325453',
    'type' => 'text',
    'content' => '订餐电话',
    'redirection' => true,
    'source' => 'click',
  ),
  'module' => 'reply',
  'rule' => '19',
  'priority' => '0',
  'keyword' => 
  array (
    'id' => '27',
    'rid' => '19',
    'uniacid' => '6',
    'module' => 'reply',
    'content' => '订餐电话',
    'type' => '1',
    'displayorder' => '0',
    'status' => '1',
    'reply_type' => 
    array (
      0 => 'basic',
    ),
  ),
  'reply_type' => 
  array (
    0 => 'basic',
  ),
)

2020-06-05 10:50:53 response :
------------
Array:
FromUserName : gh_f9b894563ef4 ;
ToUserName : o5V8y1Q9zKbkSZ-R_te1cwc4GX8g ;
MsgType : text ;
Content : 欢迎拨打电话：029-86357081 /  19909289055 订餐 ;

2020-06-05 10:50:54 trace :
------------
String:
<xml><ToUserName><![CDATA[gh_f9b894563ef4]]></ToUserName>
<FromUserName><![CDATA[o5V8y1Q9zKbkSZ-R_te1cwc4GX8g]]></FromUserName>
<CreateTime>1591325453</CreateTime>
<MsgType><![CDATA[event]]></MsgType>
<Event><![CDATA[CLICK]]></Event>
<EventKey><![CDATA[订餐电话]]></EventKey>
</xml>

2020-06-05 10:50:54 params :
------------
String:
array (
  'message' => 
  array (
    'tousername' => 'gh_f9b894563ef4',
    'fromusername' => 'o5V8y1Q9zKbkSZ-R_te1cwc4GX8g',
    'createtime' => '1591325453',
    'msgtype' => 'event',
    'event' => 'CLICK',
    'eventkey' => '订餐电话',
    'from' => 'o5V8y1Q9zKbkSZ-R_te1cwc4GX8g',
    'to' => 'gh_f9b894563ef4',
    'time' => '1591325453',
    'type' => 'text',
    'content' => '订餐电话',
    'redirection' => true,
    'source' => 'click',
  ),
  'module' => 'reply',
  'rule' => '19',
  'priority' => '0',
  'keyword' => 
  array (
    'id' => '27',
    'rid' => '19',
    'uniacid' => '6',
    'module' => 'reply',
    'content' => '订餐电话',
    'type' => '1',
    'displayorder' => '0',
    'status' => '1',
    'reply_type' => 
    array (
      0 => 'basic',
    ),
  ),
  'reply_type' => 
  array (
    0 => 'basic',
  ),
)

2020-06-05 10:50:54 response :
------------
Array:
FromUserName : gh_f9b894563ef4 ;
ToUserName : o5V8y1Q9zKbkSZ-R_te1cwc4GX8g ;
MsgType : text ;
Content : 欢迎拨打电话：029-86357081 /  19909289055 订餐 ;

2020-06-05 10:51:03 trace :
------------
String:
<xml><ToUserName><![CDATA[gh_67e18b5132a7]]></ToUserName>
<FromUserName><![CDATA[oR70FtxgUSfldCL2PH5Rta5WEWhk]]></FromUserName>
<CreateTime>1591325463</CreateTime>
<MsgType><![CDATA[event]]></MsgType>
<Event><![CDATA[VIEW]]></Event>
<EventKey><![CDATA[http://www.boyufengmao.com/app/index.php?i=19&c=entry&m=ewei_shopv2&do=mobile]]></EventKey>
<MenuId>426638167</MenuId>
</xml>

2020-06-05 10:51:03 params :
------------
String:
array (
  'rule' => -2,
  'module' => '',
  'message' => 
  array (
    'tousername' => 'gh_67e18b5132a7',
    'fromusername' => 'oR70FtxgUSfldCL2PH5Rta5WEWhk',
    'createtime' => '1591325463',
    'msgtype' => 'event',
    'event' => 'VIEW',
    'eventkey' => 'http://www.boyufengmao.com/app/index.php?i=19&c=entry&m=ewei_shopv2&do=mobile',
    'menuid' => '426638167',
    'from' => 'oR70FtxgUSfldCL2PH5Rta5WEWhk',
    'to' => 'gh_67e18b5132a7',
    'time' => '1591325463',
    'type' => 'text',
    'content' => 'http://www.boyufengmao.com/app/index.php?i=19&c=entry&m=ewei_shopv2&do=mobile',
    'redirection' => true,
    'source' => 'VIEW',
  ),
)

2020-06-05 10:51:03 response :
------------

2020-06-05 11:03:11 trace :
------------
String:
<xml><ToUserName><![CDATA[gh_67e18b5132a7]]></ToUserName>
<FromUserName><![CDATA[oR70FtxgUSfldCL2PH5Rta5WEWhk]]></FromUserName>
<CreateTime>1591326191</CreateTime>
<MsgType><![CDATA[event]]></MsgType>
<Event><![CDATA[VIEW]]></Event>
<EventKey><![CDATA[http://www.boyufengmao.com/app/index.php?i=19&c=entry&m=ewei_shopv2&do=mobile]]></EventKey>
<MenuId>426638167</MenuId>
</xml>

2020-06-05 11:03:11 params :
------------
String:
array (
  'rule' => -2,
  'module' => '',
  'message' => 
  array (
    'tousername' => 'gh_67e18b5132a7',
    'fromusername' => 'oR70FtxgUSfldCL2PH5Rta5WEWhk',
    'createtime' => '1591326191',
    'msgtype' => 'event',
    'event' => 'VIEW',
    'eventkey' => 'http://www.boyufengmao.com/app/index.php?i=19&c=entry&m=ewei_shopv2&do=mobile',
    'menuid' => '426638167',
    'from' => 'oR70FtxgUSfldCL2PH5Rta5WEWhk',
    'to' => 'gh_67e18b5132a7',
    'time' => '1591326191',
    'type' => 'text',
    'content' => 'http://www.boyufengmao.com/app/index.php?i=19&c=entry&m=ewei_shopv2&do=mobile',
    'redirection' => true,
    'source' => 'VIEW',
  ),
)

2020-06-05 11:03:11 response :
------------

2020-06-05 11:04:04 trace :
------------
String:
<xml><ToUserName><![CDATA[gh_67e18b5132a7]]></ToUserName>
<FromUserName><![CDATA[oR70FtxgUSfldCL2PH5Rta5WEWhk]]></FromUserName>
<CreateTime>1591326244</CreateTime>
<MsgType><![CDATA[event]]></MsgType>
<Event><![CDATA[VIEW]]></Event>
<EventKey><![CDATA[http://www.boyufengmao.com/app/index.php?i=19&c=entry&m=ewei_shopv2&do=mobile]]></EventKey>
<MenuId>426638167</MenuId>
</xml>

2020-06-05 11:04:04 params :
------------
String:
array (
  'rule' => -2,
  'module' => '',
  'message' => 
  array (
    'tousername' => 'gh_67e18b5132a7',
    'fromusername' => 'oR70FtxgUSfldCL2PH5Rta5WEWhk',
    'createtime' => '1591326244',
    'msgtype' => 'event',
    'event' => 'VIEW',
    'eventkey' => 'http://www.boyufengmao.com/app/index.php?i=19&c=entry&m=ewei_shopv2&do=mobile',
    'menuid' => '426638167',
    'from' => 'oR70FtxgUSfldCL2PH5Rta5WEWhk',
    'to' => 'gh_67e18b5132a7',
    'time' => '1591326244',
    'type' => 'text',
    'content' => 'http://www.boyufengmao.com/app/index.php?i=19&c=entry&m=ewei_shopv2&do=mobile',
    'redirection' => true,
    'source' => 'VIEW',
  ),
)

2020-06-05 11:04:04 response :
------------

2020-06-05 11:04:11 trace :
------------
String:
<xml><ToUserName><![CDATA[gh_67e18b5132a7]]></ToUserName>
<FromUserName><![CDATA[oR70FtxgUSfldCL2PH5Rta5WEWhk]]></FromUserName>
<CreateTime>1591326251</CreateTime>
<MsgType><![CDATA[event]]></MsgType>
<Event><![CDATA[VIEW]]></Event>
<EventKey><![CDATA[http://www.boyufengmao.com/app/index.php?i=19&c=entry&m=ewei_shopv2&do=mobile]]></EventKey>
<MenuId>426638167</MenuId>
</xml>

2020-06-05 11:04:11 params :
------------
String:
array (
  'rule' => -2,
  'module' => '',
  'message' => 
  array (
    'tousername' => 'gh_67e18b5132a7',
    'fromusername' => 'oR70FtxgUSfldCL2PH5Rta5WEWhk',
    'createtime' => '1591326251',
    'msgtype' => 'event',
    'event' => 'VIEW',
    'eventkey' => 'http://www.boyufengmao.com/app/index.php?i=19&c=entry&m=ewei_shopv2&do=mobile',
    'menuid' => '426638167',
    'from' => 'oR70FtxgUSfldCL2PH5Rta5WEWhk',
    'to' => 'gh_67e18b5132a7',
    'time' => '1591326251',
    'type' => 'text',
    'content' => 'http://www.boyufengmao.com/app/index.php?i=19&c=entry&m=ewei_shopv2&do=mobile',
    'redirection' => true,
    'source' => 'VIEW',
  ),
)

2020-06-05 11:04:11 response :
------------

2020-06-05 11:06:57 trace :
------------
String:
<xml><ToUserName><![CDATA[gh_67e18b5132a7]]></ToUserName>
<FromUserName><![CDATA[oR70FtxgUSfldCL2PH5Rta5WEWhk]]></FromUserName>
<CreateTime>1591326417</CreateTime>
<MsgType><![CDATA[event]]></MsgType>
<Event><![CDATA[VIEW]]></Event>
<EventKey><![CDATA[http://www.boyufengmao.com/app/index.php?i=19&c=entry&m=ewei_shopv2&do=mobile&r=member]]></EventKey>
<MenuId>426638167</MenuId>
</xml>

2020-06-05 11:06:57 params :
------------
String:
array (
  'rule' => -2,
  'module' => '',
  'message' => 
  array (
    'tousername' => 'gh_67e18b5132a7',
    'fromusername' => 'oR70FtxgUSfldCL2PH5Rta5WEWhk',
    'createtime' => '1591326417',
    'msgtype' => 'event',
    'event' => 'VIEW',
    'eventkey' => 'http://www.boyufengmao.com/app/index.php?i=19&c=entry&m=ewei_shopv2&do=mobile&r=member',
    'menuid' => '426638167',
    'from' => 'oR70FtxgUSfldCL2PH5Rta5WEWhk',
    'to' => 'gh_67e18b5132a7',
    'time' => '1591326417',
    'type' => 'text',
    'content' => 'http://www.boyufengmao.com/app/index.php?i=19&c=entry&m=ewei_shopv2&do=mobile&r=member',
    'redirection' => true,
    'source' => 'VIEW',
  ),
)

2020-06-05 11:06:57 response :
------------

2020-06-05 11:07:15 trace :
------------
String:
<xml><ToUserName><![CDATA[gh_67e18b5132a7]]></ToUserName>
<FromUserName><![CDATA[oR70FtxgUSfldCL2PH5Rta5WEWhk]]></FromUserName>
<CreateTime>1591326435</CreateTime>
<MsgType><![CDATA[event]]></MsgType>
<Event><![CDATA[VIEW]]></Event>
<EventKey><![CDATA[http://www.boyufengmao.com/app/index.php?i=19&c=entry&m=ewei_shopv2&do=mobile]]></EventKey>
<MenuId>426638167</MenuId>
</xml>

2020-06-05 11:07:15 params :
------------
String:
array (
  'rule' => -2,
  'module' => '',
  'message' => 
  array (
    'tousername' => 'gh_67e18b5132a7',
    'fromusername' => 'oR70FtxgUSfldCL2PH5Rta5WEWhk',
    'createtime' => '1591326435',
    'msgtype' => 'event',
    'event' => 'VIEW',
    'eventkey' => 'http://www.boyufengmao.com/app/index.php?i=19&c=entry&m=ewei_shopv2&do=mobile',
    'menuid' => '426638167',
    'from' => 'oR70FtxgUSfldCL2PH5Rta5WEWhk',
    'to' => 'gh_67e18b5132a7',
    'time' => '1591326435',
    'type' => 'text',
    'content' => 'http://www.boyufengmao.com/app/index.php?i=19&c=entry&m=ewei_shopv2&do=mobile',
    'redirection' => true,
    'source' => 'VIEW',
  ),
)

2020-06-05 11:07:15 response :
------------

2020-06-05 11:11:15 trace :
------------
String:
<xml><ToUserName><![CDATA[gh_67e18b5132a7]]></ToUserName>
<FromUserName><![CDATA[oR70FtxgUSfldCL2PH5Rta5WEWhk]]></FromUserName>
<CreateTime>1591326674</CreateTime>
<MsgType><![CDATA[event]]></MsgType>
<Event><![CDATA[VIEW]]></Event>
<EventKey><![CDATA[http://www.boyufengmao.com/app/index.php?i=19&c=entry&m=ewei_shopv2&do=mobile]]></EventKey>
<MenuId>426638167</MenuId>
</xml>

2020-06-05 11:11:15 params :
------------
String:
array (
  'rule' => -2,
  'module' => '',
  'message' => 
  array (
    'tousername' => 'gh_67e18b5132a7',
    'fromusername' => 'oR70FtxgUSfldCL2PH5Rta5WEWhk',
    'createtime' => '1591326674',
    'msgtype' => 'event',
    'event' => 'VIEW',
    'eventkey' => 'http://www.boyufengmao.com/app/index.php?i=19&c=entry&m=ewei_shopv2&do=mobile',
    'menuid' => '426638167',
    'from' => 'oR70FtxgUSfldCL2PH5Rta5WEWhk',
    'to' => 'gh_67e18b5132a7',
    'time' => '1591326674',
    'type' => 'text',
    'content' => 'http://www.boyufengmao.com/app/index.php?i=19&c=entry&m=ewei_shopv2&do=mobile',
    'redirection' => true,
    'source' => 'VIEW',
  ),
)

2020-06-05 11:11:15 response :
------------

2020-06-05 12:01:09 trace :
------------
String:
<xml><ToUserName><![CDATA[gh_f9b894563ef4]]></ToUserName>
<FromUserName><![CDATA[o5V8y1c57whCEW-fv7ZY5IATHr6o]]></FromUserName>
<CreateTime>1591329669</CreateTime>
<MsgType><![CDATA[event]]></MsgType>
<Event><![CDATA[unsubscribe]]></Event>
<EventKey><![CDATA[]]></EventKey>
</xml>

2020-06-05 12:28:18 trace :
------------
String:
<xml><ToUserName><![CDATA[gh_67e18b5132a7]]></ToUserName>
<FromUserName><![CDATA[oR70FtxgUSfldCL2PH5Rta5WEWhk]]></FromUserName>
<CreateTime>1591331298</CreateTime>
<MsgType><![CDATA[event]]></MsgType>
<Event><![CDATA[VIEW]]></Event>
<EventKey><![CDATA[http://www.boyufengmao.com/app/index.php?i=19&c=entry&m=ewei_shopv2&do=mobile]]></EventKey>
<MenuId>426638167</MenuId>
</xml>

2020-06-05 12:28:18 params :
------------
String:
array (
  'rule' => -2,
  'module' => '',
  'message' => 
  array (
    'tousername' => 'gh_67e18b5132a7',
    'fromusername' => 'oR70FtxgUSfldCL2PH5Rta5WEWhk',
    'createtime' => '1591331298',
    'msgtype' => 'event',
    'event' => 'VIEW',
    'eventkey' => 'http://www.boyufengmao.com/app/index.php?i=19&c=entry&m=ewei_shopv2&do=mobile',
    'menuid' => '426638167',
    'from' => 'oR70FtxgUSfldCL2PH5Rta5WEWhk',
    'to' => 'gh_67e18b5132a7',
    'time' => '1591331298',
    'type' => 'text',
    'content' => 'http://www.boyufengmao.com/app/index.php?i=19&c=entry&m=ewei_shopv2&do=mobile',
    'redirection' => true,
    'source' => 'VIEW',
  ),
)

2020-06-05 12:28:18 response :
------------

2020-06-05 13:16:16 trace :
------------
String:
<xml><ToUserName><![CDATA[gh_f9b894563ef4]]></ToUserName>
<FromUserName><![CDATA[o5V8y1Q9zKbkSZ-R_te1cwc4GX8g]]></FromUserName>
<CreateTime>1591334176</CreateTime>
<MsgType><![CDATA[event]]></MsgType>
<Event><![CDATA[VIEW]]></Event>
<EventKey><![CDATA[http://www.boyufengmao.com/app/index.php?i=6&c=entry&m=ewei_shopv2&do=mobile]]></EventKey>
<MenuId>445261982</MenuId>
</xml>

2020-06-05 13:16:16 params :
------------
String:
array (
  'rule' => -2,
  'module' => '',
  'message' => 
  array (
    'tousername' => 'gh_f9b894563ef4',
    'fromusername' => 'o5V8y1Q9zKbkSZ-R_te1cwc4GX8g',
    'createtime' => '1591334176',
    'msgtype' => 'event',
    'event' => 'VIEW',
    'eventkey' => 'http://www.boyufengmao.com/app/index.php?i=6&c=entry&m=ewei_shopv2&do=mobile',
    'menuid' => '445261982',
    'from' => 'o5V8y1Q9zKbkSZ-R_te1cwc4GX8g',
    'to' => 'gh_f9b894563ef4',
    'time' => '1591334176',
    'type' => 'text',
    'content' => 'http://www.boyufengmao.com/app/index.php?i=6&c=entry&m=ewei_shopv2&do=mobile',
    'redirection' => true,
    'source' => 'VIEW',
  ),
)

2020-06-05 13:16:16 response :
------------

2020-06-05 13:16:26 trace :
------------
String:
<xml><ToUserName><![CDATA[gh_f9b894563ef4]]></ToUserName>
<FromUserName><![CDATA[o5V8y1Q9zKbkSZ-R_te1cwc4GX8g]]></FromUserName>
<CreateTime>1591334186</CreateTime>
<MsgType><![CDATA[event]]></MsgType>
<Event><![CDATA[VIEW]]></Event>
<EventKey><![CDATA[http://www.boyufengmao.com/app/index.php?i=6&c=entry&m=ewei_shopv2&do=mobile]]></EventKey>
<MenuId>445261982</MenuId>
</xml>

2020-06-05 13:16:26 params :
------------
String:
array (
  'rule' => -2,
  'module' => '',
  'message' => 
  array (
    'tousername' => 'gh_f9b894563ef4',
    'fromusername' => 'o5V8y1Q9zKbkSZ-R_te1cwc4GX8g',
    'createtime' => '1591334186',
    'msgtype' => 'event',
    'event' => 'VIEW',
    'eventkey' => 'http://www.boyufengmao.com/app/index.php?i=6&c=entry&m=ewei_shopv2&do=mobile',
    'menuid' => '445261982',
    'from' => 'o5V8y1Q9zKbkSZ-R_te1cwc4GX8g',
    'to' => 'gh_f9b894563ef4',
    'time' => '1591334186',
    'type' => 'text',
    'content' => 'http://www.boyufengmao.com/app/index.php?i=6&c=entry&m=ewei_shopv2&do=mobile',
    'redirection' => true,
    'source' => 'VIEW',
  ),
)

2020-06-05 13:16:26 response :
------------

2020-06-05 13:38:59 trace :
------------
String:
<xml><ToUserName><![CDATA[gh_f9b894563ef4]]></ToUserName>
<FromUserName><![CDATA[o5V8y1fNTOCfqIVlRpN-LBa4jIvU]]></FromUserName>
<CreateTime>1591335539</CreateTime>
<MsgType><![CDATA[event]]></MsgType>
<Event><![CDATA[subscribe]]></Event>
<EventKey><![CDATA[]]></EventKey>
</xml>

2020-06-05 13:38:59 params :
------------
String:
array (
  'rule' => -2,
  'module' => '',
  'message' => 
  array (
    'tousername' => 'gh_f9b894563ef4',
    'fromusername' => 'o5V8y1fNTOCfqIVlRpN-LBa4jIvU',
    'createtime' => '1591335539',
    'msgtype' => 'event',
    'event' => 'subscribe',
    'eventkey' => '',
    'from' => 'o5V8y1fNTOCfqIVlRpN-LBa4jIvU',
    'to' => 'gh_f9b894563ef4',
    'time' => '1591335539',
    'type' => 'text',
    'redirection' => true,
    'source' => 'subscribe',
  ),
)

2020-06-05 13:38:59 response :
------------

2020-06-05 13:39:01 trace :
------------
String:
<xml><ToUserName><![CDATA[gh_f9b894563ef4]]></ToUserName>
<FromUserName><![CDATA[o5V8y1fNTOCfqIVlRpN-LBa4jIvU]]></FromUserName>
<CreateTime>1591335541</CreateTime>
<MsgType><![CDATA[event]]></MsgType>
<Event><![CDATA[VIEW]]></Event>
<EventKey><![CDATA[http://www.boyufengmao.com/app/index.php?i=6&c=entry&m=ewei_shopv2&do=mobile&r=diypage&id=35]]></EventKey>
<MenuId>445261982</MenuId>
</xml>

2020-06-05 13:39:01 params :
------------
String:
array (
  'rule' => -2,
  'module' => '',
  'message' => 
  array (
    'tousername' => 'gh_f9b894563ef4',
    'fromusername' => 'o5V8y1fNTOCfqIVlRpN-LBa4jIvU',
    'createtime' => '1591335541',
    'msgtype' => 'event',
    'event' => 'VIEW',
    'eventkey' => 'http://www.boyufengmao.com/app/index.php?i=6&c=entry&m=ewei_shopv2&do=mobile&r=diypage&id=35',
    'menuid' => '445261982',
    'from' => 'o5V8y1fNTOCfqIVlRpN-LBa4jIvU',
    'to' => 'gh_f9b894563ef4',
    'time' => '1591335541',
    'type' => 'text',
    'content' => 'http://www.boyufengmao.com/app/index.php?i=6&c=entry&m=ewei_shopv2&do=mobile&r=diypage&id=35',
    'redirection' => true,
    'source' => 'VIEW',
  ),
)

2020-06-05 13:39:01 response :
------------

2020-06-05 13:50:03 trace :
------------
String:
<xml><ToUserName><![CDATA[gh_f9b894563ef4]]></ToUserName>
<FromUserName><![CDATA[o5V8y1bl2jESIlQt0kzRufXm1pFk]]></FromUserName>
<CreateTime>1591336202</CreateTime>
<MsgType><![CDATA[event]]></MsgType>
<Event><![CDATA[VIEW]]></Event>
<EventKey><![CDATA[http://www.boyufengmao.com/app/index.php?i=6&c=entry&m=ewei_shopv2&do=mobile&r=diypage&id=35]]></EventKey>
<MenuId>445261982</MenuId>
</xml>

2020-06-05 13:50:03 params :
------------
String:
array (
  'rule' => -2,
  'module' => '',
  'message' => 
  array (
    'tousername' => 'gh_f9b894563ef4',
    'fromusername' => 'o5V8y1bl2jESIlQt0kzRufXm1pFk',
    'createtime' => '1591336202',
    'msgtype' => 'event',
    'event' => 'VIEW',
    'eventkey' => 'http://www.boyufengmao.com/app/index.php?i=6&c=entry&m=ewei_shopv2&do=mobile&r=diypage&id=35',
    'menuid' => '445261982',
    'from' => 'o5V8y1bl2jESIlQt0kzRufXm1pFk',
    'to' => 'gh_f9b894563ef4',
    'time' => '1591336202',
    'type' => 'text',
    'content' => 'http://www.boyufengmao.com/app/index.php?i=6&c=entry&m=ewei_shopv2&do=mobile&r=diypage&id=35',
    'redirection' => true,
    'source' => 'VIEW',
  ),
)

2020-06-05 13:50:03 response :
------------

2020-06-05 13:50:09 trace :
------------
String:
<xml><ToUserName><![CDATA[gh_f9b894563ef4]]></ToUserName>
<FromUserName><![CDATA[o5V8y1bl2jESIlQt0kzRufXm1pFk]]></FromUserName>
<CreateTime>1591336209</CreateTime>
<MsgType><![CDATA[event]]></MsgType>
<Event><![CDATA[VIEW]]></Event>
<EventKey><![CDATA[http://www.boyufengmao.com/app/index.php?i=6&c=entry&m=ewei_shopv2&do=mobile&r=diypage&id=35]]></EventKey>
<MenuId>445261982</MenuId>
</xml>

2020-06-05 13:50:09 params :
------------
String:
array (
  'rule' => -2,
  'module' => '',
  'message' => 
  array (
    'tousername' => 'gh_f9b894563ef4',
    'fromusername' => 'o5V8y1bl2jESIlQt0kzRufXm1pFk',
    'createtime' => '1591336209',
    'msgtype' => 'event',
    'event' => 'VIEW',
    'eventkey' => 'http://www.boyufengmao.com/app/index.php?i=6&c=entry&m=ewei_shopv2&do=mobile&r=diypage&id=35',
    'menuid' => '445261982',
    'from' => 'o5V8y1bl2jESIlQt0kzRufXm1pFk',
    'to' => 'gh_f9b894563ef4',
    'time' => '1591336209',
    'type' => 'text',
    'content' => 'http://www.boyufengmao.com/app/index.php?i=6&c=entry&m=ewei_shopv2&do=mobile&r=diypage&id=35',
    'redirection' => true,
    'source' => 'VIEW',
  ),
)

2020-06-05 13:50:09 response :
------------

2020-06-05 14:36:43 trace :
------------
String:
<xml><ToUserName><![CDATA[gh_162fc9cda7ca]]></ToUserName>
<FromUserName><![CDATA[oYRrw01z8AicUOolRykP4ZI8Rt14]]></FromUserName>
<CreateTime>1591339003</CreateTime>
<MsgType><![CDATA[event]]></MsgType>
<Event><![CDATA[unsubscribe]]></Event>
<EventKey><![CDATA[]]></EventKey>
</xml>

2020-06-05 14:38:23 trace :
------------
String:
<xml><ToUserName><![CDATA[gh_f9b894563ef4]]></ToUserName>
<FromUserName><![CDATA[o5V8y1YCfdWNruN7cmTSxQnZt9Zw]]></FromUserName>
<CreateTime>1591339103</CreateTime>
<MsgType><![CDATA[event]]></MsgType>
<Event><![CDATA[subscribe]]></Event>
<EventKey><![CDATA[]]></EventKey>
</xml>

2020-06-05 14:38:23 params :
------------
String:
array (
  'rule' => -2,
  'module' => '',
  'message' => 
  array (
    'tousername' => 'gh_f9b894563ef4',
    'fromusername' => 'o5V8y1YCfdWNruN7cmTSxQnZt9Zw',
    'createtime' => '1591339103',
    'msgtype' => 'event',
    'event' => 'subscribe',
    'eventkey' => '',
    'from' => 'o5V8y1YCfdWNruN7cmTSxQnZt9Zw',
    'to' => 'gh_f9b894563ef4',
    'time' => '1591339103',
    'type' => 'text',
    'redirection' => true,
    'source' => 'subscribe',
  ),
)

2020-06-05 14:38:23 response :
------------

2020-06-05 15:07:17 trace :
------------
String:
<xml><ToUserName><![CDATA[gh_f9b894563ef4]]></ToUserName>
<FromUserName><![CDATA[o5V8y1QHIQAYs7RjfBo6-ZYC7Y_0]]></FromUserName>
<CreateTime>1591340837</CreateTime>
<MsgType><![CDATA[event]]></MsgType>
<Event><![CDATA[VIEW]]></Event>
<EventKey><![CDATA[http://www.boyufengmao.com/app/index.php?i=6&c=entry&m=ewei_shopv2&do=mobile&r=diypage&id=35]]></EventKey>
<MenuId>445261982</MenuId>
</xml>

2020-06-05 15:07:17 params :
------------
String:
array (
  'rule' => -2,
  'module' => '',
  'message' => 
  array (
    'tousername' => 'gh_f9b894563ef4',
    'fromusername' => 'o5V8y1QHIQAYs7RjfBo6-ZYC7Y_0',
    'createtime' => '1591340837',
    'msgtype' => 'event',
    'event' => 'VIEW',
    'eventkey' => 'http://www.boyufengmao.com/app/index.php?i=6&c=entry&m=ewei_shopv2&do=mobile&r=diypage&id=35',
    'menuid' => '445261982',
    'from' => 'o5V8y1QHIQAYs7RjfBo6-ZYC7Y_0',
    'to' => 'gh_f9b894563ef4',
    'time' => '1591340837',
    'type' => 'text',
    'content' => 'http://www.boyufengmao.com/app/index.php?i=6&c=entry&m=ewei_shopv2&do=mobile&r=diypage&id=35',
    'redirection' => true,
    'source' => 'VIEW',
  ),
)

2020-06-05 15:07:17 response :
------------

2020-06-05 15:09:53 trace :
------------
String:
<xml><ToUserName><![CDATA[gh_f9b894563ef4]]></ToUserName>
<FromUserName><![CDATA[o5V8y1axatKw_KX8yED-TOxIH-yw]]></FromUserName>
<CreateTime>1591340993</CreateTime>
<MsgType><![CDATA[event]]></MsgType>
<Event><![CDATA[subscribe]]></Event>
<EventKey><![CDATA[]]></EventKey>
</xml>

2020-06-05 15:09:53 params :
------------
String:
array (
  'rule' => -2,
  'module' => '',
  'message' => 
  array (
    'tousername' => 'gh_f9b894563ef4',
    'fromusername' => 'o5V8y1axatKw_KX8yED-TOxIH-yw',
    'createtime' => '1591340993',
    'msgtype' => 'event',
    'event' => 'subscribe',
    'eventkey' => '',
    'from' => 'o5V8y1axatKw_KX8yED-TOxIH-yw',
    'to' => 'gh_f9b894563ef4',
    'time' => '1591340993',
    'type' => 'text',
    'redirection' => true,
    'source' => 'subscribe',
  ),
)

2020-06-05 15:09:53 response :
------------

2020-06-05 15:09:55 trace :
------------
String:
<xml><ToUserName><![CDATA[gh_f9b894563ef4]]></ToUserName>
<FromUserName><![CDATA[o5V8y1axatKw_KX8yED-TOxIH-yw]]></FromUserName>
<CreateTime>1591340995</CreateTime>
<MsgType><![CDATA[event]]></MsgType>
<Event><![CDATA[VIEW]]></Event>
<EventKey><![CDATA[http://www.boyufengmao.com/app/index.php?i=6&c=entry&m=ewei_shopv2&do=mobile&r=diypage&id=35]]></EventKey>
<MenuId>445261982</MenuId>
</xml>

2020-06-05 15:09:55 params :
------------
String:
array (
  'rule' => -2,
  'module' => '',
  'message' => 
  array (
    'tousername' => 'gh_f9b894563ef4',
    'fromusername' => 'o5V8y1axatKw_KX8yED-TOxIH-yw',
    'createtime' => '1591340995',
    'msgtype' => 'event',
    'event' => 'VIEW',
    'eventkey' => 'http://www.boyufengmao.com/app/index.php?i=6&c=entry&m=ewei_shopv2&do=mobile&r=diypage&id=35',
    'menuid' => '445261982',
    'from' => 'o5V8y1axatKw_KX8yED-TOxIH-yw',
    'to' => 'gh_f9b894563ef4',
    'time' => '1591340995',
    'type' => 'text',
    'content' => 'http://www.boyufengmao.com/app/index.php?i=6&c=entry&m=ewei_shopv2&do=mobile&r=diypage&id=35',
    'redirection' => true,
    'source' => 'VIEW',
  ),
)

2020-06-05 15:09:55 response :
------------

2020-06-05 16:02:03 trace :
------------
String:
<xml><ToUserName><![CDATA[gh_5e8fd633e50f]]></ToUserName>
<FromUserName><![CDATA[o0qljuJBlhV0QQc8xeNyNvC43tmY]]></FromUserName>
<CreateTime>1591344123</CreateTime>
<MsgType><![CDATA[event]]></MsgType>
<Event><![CDATA[VIEW]]></Event>
<EventKey><![CDATA[http://www.boyufengmao.com/app/index.php?i=17&c=entry&eid=1]]></EventKey>
<MenuId>488228312</MenuId>
</xml>

2020-06-05 16:02:03 params :
------------
String:
array (
  'rule' => -2,
  'module' => '',
  'message' => 
  array (
    'tousername' => 'gh_5e8fd633e50f',
    'fromusername' => 'o0qljuJBlhV0QQc8xeNyNvC43tmY',
    'createtime' => '1591344123',
    'msgtype' => 'event',
    'event' => 'VIEW',
    'eventkey' => 'http://www.boyufengmao.com/app/index.php?i=17&c=entry&eid=1',
    'menuid' => '488228312',
    'from' => 'o0qljuJBlhV0QQc8xeNyNvC43tmY',
    'to' => 'gh_5e8fd633e50f',
    'time' => '1591344123',
    'type' => 'text',
    'content' => 'http://www.boyufengmao.com/app/index.php?i=17&c=entry&eid=1',
    'redirection' => true,
    'source' => 'VIEW',
  ),
)

2020-06-05 16:02:03 response :
------------

2020-06-05 16:08:50 trace :
------------
String:
<xml><ToUserName><![CDATA[gh_67e18b5132a7]]></ToUserName>
<FromUserName><![CDATA[oR70Ft2hPp7CXaEjxb0CqFoy9Lqo]]></FromUserName>
<CreateTime>1591344530</CreateTime>
<MsgType><![CDATA[event]]></MsgType>
<Event><![CDATA[subscribe]]></Event>
<EventKey><![CDATA[]]></EventKey>
</xml>

2020-06-05 16:08:50 params :
------------
String:
array (
  'rule' => -2,
  'module' => '',
  'message' => 
  array (
    'tousername' => 'gh_67e18b5132a7',
    'fromusername' => 'oR70Ft2hPp7CXaEjxb0CqFoy9Lqo',
    'createtime' => '1591344530',
    'msgtype' => 'event',
    'event' => 'subscribe',
    'eventkey' => '',
    'from' => 'oR70Ft2hPp7CXaEjxb0CqFoy9Lqo',
    'to' => 'gh_67e18b5132a7',
    'time' => '1591344530',
    'type' => 'text',
    'redirection' => true,
    'source' => 'subscribe',
  ),
)

2020-06-05 16:08:50 response :
------------

2020-06-05 16:08:52 trace :
------------
String:
<xml><ToUserName><![CDATA[gh_67e18b5132a7]]></ToUserName>
<FromUserName><![CDATA[oR70Ft2hPp7CXaEjxb0CqFoy9Lqo]]></FromUserName>
<CreateTime>1591344532</CreateTime>
<MsgType><![CDATA[event]]></MsgType>
<Event><![CDATA[VIEW]]></Event>
<EventKey><![CDATA[http://www.boyufengmao.com/app/index.php?i=19&c=entry&m=ewei_shopv2&do=mobile]]></EventKey>
<MenuId>426638167</MenuId>
</xml>

2020-06-05 16:08:52 params :
------------
String:
array (
  'rule' => -2,
  'module' => '',
  'message' => 
  array (
    'tousername' => 'gh_67e18b5132a7',
    'fromusername' => 'oR70Ft2hPp7CXaEjxb0CqFoy9Lqo',
    'createtime' => '1591344532',
    'msgtype' => 'event',
    'event' => 'VIEW',
    'eventkey' => 'http://www.boyufengmao.com/app/index.php?i=19&c=entry&m=ewei_shopv2&do=mobile',
    'menuid' => '426638167',
    'from' => 'oR70Ft2hPp7CXaEjxb0CqFoy9Lqo',
    'to' => 'gh_67e18b5132a7',
    'time' => '1591344532',
    'type' => 'text',
    'content' => 'http://www.boyufengmao.com/app/index.php?i=19&c=entry&m=ewei_shopv2&do=mobile',
    'redirection' => true,
    'source' => 'VIEW',
  ),
)

2020-06-05 16:08:52 response :
------------

2020-06-05 16:09:30 trace :
------------
String:
<xml><ToUserName><![CDATA[gh_67e18b5132a7]]></ToUserName>
<FromUserName><![CDATA[oR70Ft2hPp7CXaEjxb0CqFoy9Lqo]]></FromUserName>
<CreateTime>1591344570</CreateTime>
<MsgType><![CDATA[event]]></MsgType>
<Event><![CDATA[CLICK]]></Event>
<EventKey><![CDATA[电话]]></EventKey>
</xml>

2020-06-05 16:09:30 params :
------------
String:
array (
  'message' => 
  array (
    'tousername' => 'gh_67e18b5132a7',
    'fromusername' => 'oR70Ft2hPp7CXaEjxb0CqFoy9Lqo',
    'createtime' => '1591344570',
    'msgtype' => 'event',
    'event' => 'CLICK',
    'eventkey' => '电话',
    'from' => 'oR70Ft2hPp7CXaEjxb0CqFoy9Lqo',
    'to' => 'gh_67e18b5132a7',
    'time' => '1591344570',
    'type' => 'text',
    'content' => '电话',
    'redirection' => true,
    'source' => 'click',
  ),
  'module' => 'reply',
  'rule' => '249',
  'priority' => '0',
  'keyword' => 
  array (
    'id' => '271',
    'rid' => '249',
    'uniacid' => '19',
    'module' => 'reply',
    'content' => '电话',
    'type' => '1',
    'displayorder' => '0',
    'status' => '1',
    'reply_type' => 
    array (
      0 => 'basic',
    ),
  ),
  'reply_type' => 
  array (
    0 => 'basic',
  ),
)

2020-06-05 16:09:30 response :
------------
Array:
FromUserName : gh_67e18b5132a7 ;
ToUserName : oR70Ft2hPp7CXaEjxb0CqFoy9Lqo ;
MsgType : text ;
Content : 联系电话:15389235140 ;

2020-06-05 16:09:35 trace :
------------
String:
<xml><ToUserName><![CDATA[gh_67e18b5132a7]]></ToUserName>
<FromUserName><![CDATA[oR70Ft2hPp7CXaEjxb0CqFoy9Lqo]]></FromUserName>
<CreateTime>1591344575</CreateTime>
<MsgType><![CDATA[event]]></MsgType>
<Event><![CDATA[VIEW]]></Event>
<EventKey><![CDATA[http://www.boyufengmao.com/app/index.php?i=19&c=entry&m=ewei_shopv2&do=mobile&r=member]]></EventKey>
<MenuId>426638167</MenuId>
</xml>

2020-06-05 16:09:35 params :
------------
String:
array (
  'rule' => -2,
  'module' => '',
  'message' => 
  array (
    'tousername' => 'gh_67e18b5132a7',
    'fromusername' => 'oR70Ft2hPp7CXaEjxb0CqFoy9Lqo',
    'createtime' => '1591344575',
    'msgtype' => 'event',
    'event' => 'VIEW',
    'eventkey' => 'http://www.boyufengmao.com/app/index.php?i=19&c=entry&m=ewei_shopv2&do=mobile&r=member',
    'menuid' => '426638167',
    'from' => 'oR70Ft2hPp7CXaEjxb0CqFoy9Lqo',
    'to' => 'gh_67e18b5132a7',
    'time' => '1591344575',
    'type' => 'text',
    'content' => 'http://www.boyufengmao.com/app/index.php?i=19&c=entry&m=ewei_shopv2&do=mobile&r=member',
    'redirection' => true,
    'source' => 'VIEW',
  ),
)

2020-06-05 16:09:35 response :
------------

2020-06-05 16:10:42 trace :
------------
String:
<xml><ToUserName><![CDATA[gh_62bcc2f9639d]]></ToUserName>
<FromUserName><![CDATA[opjhUwBEz6XxEiV6XspzJ3emnI5k]]></FromUserName>
<CreateTime>1591344642</CreateTime>
<MsgType><![CDATA[event]]></MsgType>
<Event><![CDATA[VIEW]]></Event>
<EventKey><![CDATA[http://www.boyufengmao.com/app/index.php?i=10&c=entry&m=ewei_shopv2&do=mobile]]></EventKey>
<MenuId>432207807</MenuId>
</xml>

2020-06-05 16:10:42 params :
------------
String:
array (
  'rule' => -2,
  'module' => '',
  'message' => 
  array (
    'tousername' => 'gh_62bcc2f9639d',
    'fromusername' => 'opjhUwBEz6XxEiV6XspzJ3emnI5k',
    'createtime' => '1591344642',
    'msgtype' => 'event',
    'event' => 'VIEW',
    'eventkey' => 'http://www.boyufengmao.com/app/index.php?i=10&c=entry&m=ewei_shopv2&do=mobile',
    'menuid' => '432207807',
    'from' => 'opjhUwBEz6XxEiV6XspzJ3emnI5k',
    'to' => 'gh_62bcc2f9639d',
    'time' => '1591344642',
    'type' => 'text',
    'content' => 'http://www.boyufengmao.com/app/index.php?i=10&c=entry&m=ewei_shopv2&do=mobile',
    'redirection' => true,
    'source' => 'VIEW',
  ),
)

2020-06-05 16:10:42 response :
------------

2020-06-05 16:11:17 trace :
------------
String:
<xml><ToUserName><![CDATA[gh_c804ae748f89]]></ToUserName>
<FromUserName><![CDATA[o3lrB58yuWDA6qYEAfGgYGbI5Gis]]></FromUserName>
<CreateTime>1591344677</CreateTime>
<MsgType><![CDATA[event]]></MsgType>
<Event><![CDATA[VIEW]]></Event>
<EventKey><![CDATA[http://www.boyufengmao.com/app/index.php?i=2&c=entry&m=ewei_shopv2&do=mobile]]></EventKey>
<MenuId>444488974</MenuId>
</xml>

2020-06-05 16:11:17 params :
------------
String:
array (
  'rule' => -2,
  'module' => '',
  'message' => 
  array (
    'tousername' => 'gh_c804ae748f89',
    'fromusername' => 'o3lrB58yuWDA6qYEAfGgYGbI5Gis',
    'createtime' => '1591344677',
    'msgtype' => 'event',
    'event' => 'VIEW',
    'eventkey' => 'http://www.boyufengmao.com/app/index.php?i=2&c=entry&m=ewei_shopv2&do=mobile',
    'menuid' => '444488974',
    'from' => 'o3lrB58yuWDA6qYEAfGgYGbI5Gis',
    'to' => 'gh_c804ae748f89',
    'time' => '1591344677',
    'type' => 'text',
    'content' => 'http://www.boyufengmao.com/app/index.php?i=2&c=entry&m=ewei_shopv2&do=mobile',
    'redirection' => true,
    'source' => 'VIEW',
  ),
)

2020-06-05 16:11:17 response :
------------

2020-06-05 16:11:39 trace :
------------
String:
<xml><ToUserName><![CDATA[gh_62bcc2f9639d]]></ToUserName>
<FromUserName><![CDATA[opjhUwBEz6XxEiV6XspzJ3emnI5k]]></FromUserName>
<CreateTime>1591344699</CreateTime>
<MsgType><![CDATA[event]]></MsgType>
<Event><![CDATA[VIEW]]></Event>
<EventKey><![CDATA[http://www.boyufengmao.com/app/index.php?i=10&c=entry&m=ewei_shopv2&do=mobile]]></EventKey>
<MenuId>432207807</MenuId>
</xml>

2020-06-05 16:11:39 params :
------------
String:
array (
  'rule' => -2,
  'module' => '',
  'message' => 
  array (
    'tousername' => 'gh_62bcc2f9639d',
    'fromusername' => 'opjhUwBEz6XxEiV6XspzJ3emnI5k',
    'createtime' => '1591344699',
    'msgtype' => 'event',
    'event' => 'VIEW',
    'eventkey' => 'http://www.boyufengmao.com/app/index.php?i=10&c=entry&m=ewei_shopv2&do=mobile',
    'menuid' => '432207807',
    'from' => 'opjhUwBEz6XxEiV6XspzJ3emnI5k',
    'to' => 'gh_62bcc2f9639d',
    'time' => '1591344699',
    'type' => 'text',
    'content' => 'http://www.boyufengmao.com/app/index.php?i=10&c=entry&m=ewei_shopv2&do=mobile',
    'redirection' => true,
    'source' => 'VIEW',
  ),
)

2020-06-05 16:11:39 response :
------------

2020-06-05 16:15:11 trace :
------------
String:
<xml><ToUserName><![CDATA[gh_67e18b5132a7]]></ToUserName>
<FromUserName><![CDATA[oR70FtxgUSfldCL2PH5Rta5WEWhk]]></FromUserName>
<CreateTime>1591344911</CreateTime>
<MsgType><![CDATA[event]]></MsgType>
<Event><![CDATA[VIEW]]></Event>
<EventKey><![CDATA[http://www.boyufengmao.com/app/index.php?i=19&c=entry&m=ewei_shopv2&do=mobile]]></EventKey>
<MenuId>426638167</MenuId>
</xml>

2020-06-05 16:15:11 params :
------------
String:
array (
  'rule' => -2,
  'module' => '',
  'message' => 
  array (
    'tousername' => 'gh_67e18b5132a7',
    'fromusername' => 'oR70FtxgUSfldCL2PH5Rta5WEWhk',
    'createtime' => '1591344911',
    'msgtype' => 'event',
    'event' => 'VIEW',
    'eventkey' => 'http://www.boyufengmao.com/app/index.php?i=19&c=entry&m=ewei_shopv2&do=mobile',
    'menuid' => '426638167',
    'from' => 'oR70FtxgUSfldCL2PH5Rta5WEWhk',
    'to' => 'gh_67e18b5132a7',
    'time' => '1591344911',
    'type' => 'text',
    'content' => 'http://www.boyufengmao.com/app/index.php?i=19&c=entry&m=ewei_shopv2&do=mobile',
    'redirection' => true,
    'source' => 'VIEW',
  ),
)

2020-06-05 16:15:11 response :
------------

2020-06-05 19:00:42 trace :
------------
String:
<xml><ToUserName><![CDATA[gh_f9b894563ef4]]></ToUserName>
<FromUserName><![CDATA[o5V8y1YM6Bz72xSSkwOkyRnU1Rs0]]></FromUserName>
<CreateTime>1591354842</CreateTime>
<MsgType><![CDATA[event]]></MsgType>
<Event><![CDATA[subscribe]]></Event>
<EventKey><![CDATA[]]></EventKey>
</xml>

2020-06-05 19:00:42 params :
------------
String:
array (
  'rule' => -2,
  'module' => '',
  'message' => 
  array (
    'tousername' => 'gh_f9b894563ef4',
    'fromusername' => 'o5V8y1YM6Bz72xSSkwOkyRnU1Rs0',
    'createtime' => '1591354842',
    'msgtype' => 'event',
    'event' => 'subscribe',
    'eventkey' => '',
    'from' => 'o5V8y1YM6Bz72xSSkwOkyRnU1Rs0',
    'to' => 'gh_f9b894563ef4',
    'time' => '1591354842',
    'type' => 'text',
    'redirection' => true,
    'source' => 'subscribe',
  ),
)

2020-06-05 19:00:42 response :
------------

2020-06-05 19:00:45 trace :
------------
String:
<xml><ToUserName><![CDATA[gh_f9b894563ef4]]></ToUserName>
<FromUserName><![CDATA[o5V8y1YM6Bz72xSSkwOkyRnU1Rs0]]></FromUserName>
<CreateTime>1591354845</CreateTime>
<MsgType><![CDATA[event]]></MsgType>
<Event><![CDATA[VIEW]]></Event>
<EventKey><![CDATA[http://www.boyufengmao.com/app/index.php?i=6&c=entry&m=ewei_shopv2&do=mobile]]></EventKey>
<MenuId>445261982</MenuId>
</xml>

2020-06-05 19:00:45 params :
------------
String:
array (
  'rule' => -2,
  'module' => '',
  'message' => 
  array (
    'tousername' => 'gh_f9b894563ef4',
    'fromusername' => 'o5V8y1YM6Bz72xSSkwOkyRnU1Rs0',
    'createtime' => '1591354845',
    'msgtype' => 'event',
    'event' => 'VIEW',
    'eventkey' => 'http://www.boyufengmao.com/app/index.php?i=6&c=entry&m=ewei_shopv2&do=mobile',
    'menuid' => '445261982',
    'from' => 'o5V8y1YM6Bz72xSSkwOkyRnU1Rs0',
    'to' => 'gh_f9b894563ef4',
    'time' => '1591354845',
    'type' => 'text',
    'content' => 'http://www.boyufengmao.com/app/index.php?i=6&c=entry&m=ewei_shopv2&do=mobile',
    'redirection' => true,
    'source' => 'VIEW',
  ),
)

2020-06-05 19:00:45 response :
------------

2020-06-05 19:51:58 trace :
------------
String:
<xml><ToUserName><![CDATA[gh_f9b894563ef4]]></ToUserName>
<FromUserName><![CDATA[o5V8y1TQdFOhPF9GKRJVUr4-wXV0]]></FromUserName>
<CreateTime>1591357917</CreateTime>
<MsgType><![CDATA[event]]></MsgType>
<Event><![CDATA[subscribe]]></Event>
<EventKey><![CDATA[]]></EventKey>
</xml>

2020-06-05 19:51:58 params :
------------
String:
array (
  'rule' => -2,
  'module' => '',
  'message' => 
  array (
    'tousername' => 'gh_f9b894563ef4',
    'fromusername' => 'o5V8y1TQdFOhPF9GKRJVUr4-wXV0',
    'createtime' => '1591357917',
    'msgtype' => 'event',
    'event' => 'subscribe',
    'eventkey' => '',
    'from' => 'o5V8y1TQdFOhPF9GKRJVUr4-wXV0',
    'to' => 'gh_f9b894563ef4',
    'time' => '1591357917',
    'type' => 'text',
    'redirection' => true,
    'source' => 'subscribe',
  ),
)

2020-06-05 19:51:58 response :
------------

2020-06-05 19:52:02 trace :
------------
String:
<xml><ToUserName><![CDATA[gh_f9b894563ef4]]></ToUserName>
<FromUserName><![CDATA[o5V8y1TQdFOhPF9GKRJVUr4-wXV0]]></FromUserName>
<CreateTime>1591357922</CreateTime>
<MsgType><![CDATA[event]]></MsgType>
<Event><![CDATA[VIEW]]></Event>
<EventKey><![CDATA[http://www.boyufengmao.com/app/index.php?i=6&c=entry&m=ewei_shopv2&do=mobile&r=diypage&id=35]]></EventKey>
<MenuId>445261982</MenuId>
</xml>

2020-06-05 19:52:02 params :
------------
String:
array (
  'rule' => -2,
  'module' => '',
  'message' => 
  array (
    'tousername' => 'gh_f9b894563ef4',
    'fromusername' => 'o5V8y1TQdFOhPF9GKRJVUr4-wXV0',
    'createtime' => '1591357922',
    'msgtype' => 'event',
    'event' => 'VIEW',
    'eventkey' => 'http://www.boyufengmao.com/app/index.php?i=6&c=entry&m=ewei_shopv2&do=mobile&r=diypage&id=35',
    'menuid' => '445261982',
    'from' => 'o5V8y1TQdFOhPF9GKRJVUr4-wXV0',
    'to' => 'gh_f9b894563ef4',
    'time' => '1591357922',
    'type' => 'text',
    'content' => 'http://www.boyufengmao.com/app/index.php?i=6&c=entry&m=ewei_shopv2&do=mobile&r=diypage&id=35',
    'redirection' => true,
    'source' => 'VIEW',
  ),
)

2020-06-05 19:52:02 response :
------------

2020-06-05 19:52:04 trace :
------------
String:
<xml><ToUserName><![CDATA[gh_f9b894563ef4]]></ToUserName>
<FromUserName><![CDATA[o5V8y1TQdFOhPF9GKRJVUr4-wXV0]]></FromUserName>
<CreateTime>1591357924</CreateTime>
<MsgType><![CDATA[event]]></MsgType>
<Event><![CDATA[VIEW]]></Event>
<EventKey><![CDATA[http://www.boyufengmao.com/app/index.php?i=6&c=entry&m=ewei_shopv2&do=mobile&r=diypage&id=35]]></EventKey>
<MenuId>445261982</MenuId>
</xml>

2020-06-05 19:52:04 params :
------------
String:
array (
  'rule' => -2,
  'module' => '',
  'message' => 
  array (
    'tousername' => 'gh_f9b894563ef4',
    'fromusername' => 'o5V8y1TQdFOhPF9GKRJVUr4-wXV0',
    'createtime' => '1591357924',
    'msgtype' => 'event',
    'event' => 'VIEW',
    'eventkey' => 'http://www.boyufengmao.com/app/index.php?i=6&c=entry&m=ewei_shopv2&do=mobile&r=diypage&id=35',
    'menuid' => '445261982',
    'from' => 'o5V8y1TQdFOhPF9GKRJVUr4-wXV0',
    'to' => 'gh_f9b894563ef4',
    'time' => '1591357924',
    'type' => 'text',
    'content' => 'http://www.boyufengmao.com/app/index.php?i=6&c=entry&m=ewei_shopv2&do=mobile&r=diypage&id=35',
    'redirection' => true,
    'source' => 'VIEW',
  ),
)

2020-06-05 19:52:04 response :
------------

2020-06-05 20:14:32 trace :
------------
String:
<xml><ToUserName><![CDATA[gh_f9b894563ef4]]></ToUserName>
<FromUserName><![CDATA[o5V8y1W1S7P8kQooKIEmpA1Ky2GQ]]></FromUserName>
<CreateTime>1591359271</CreateTime>
<MsgType><![CDATA[event]]></MsgType>
<Event><![CDATA[subscribe]]></Event>
<EventKey><![CDATA[]]></EventKey>
</xml>

2020-06-05 20:14:32 params :
------------
String:
array (
  'rule' => -2,
  'module' => '',
  'message' => 
  array (
    'tousername' => 'gh_f9b894563ef4',
    'fromusername' => 'o5V8y1W1S7P8kQooKIEmpA1Ky2GQ',
    'createtime' => '1591359271',
    'msgtype' => 'event',
    'event' => 'subscribe',
    'eventkey' => '',
    'from' => 'o5V8y1W1S7P8kQooKIEmpA1Ky2GQ',
    'to' => 'gh_f9b894563ef4',
    'time' => '1591359271',
    'type' => 'text',
    'redirection' => true,
    'source' => 'subscribe',
  ),
)

2020-06-05 20:14:32 response :
------------

2020-06-05 20:25:29 trace :
------------
String:
<xml><ToUserName><![CDATA[gh_f9b894563ef4]]></ToUserName>
<FromUserName><![CDATA[o5V8y1YM6Bz72xSSkwOkyRnU1Rs0]]></FromUserName>
<CreateTime>1591359929</CreateTime>
<MsgType><![CDATA[event]]></MsgType>
<Event><![CDATA[VIEW]]></Event>
<EventKey><![CDATA[http://www.boyufengmao.com/app/index.php?i=6&c=entry&m=ewei_shopv2&do=mobile&r=diypage&id=35]]></EventKey>
<MenuId>445261982</MenuId>
</xml>

2020-06-05 20:25:29 params :
------------
String:
array (
  'rule' => -2,
  'module' => '',
  'message' => 
  array (
    'tousername' => 'gh_f9b894563ef4',
    'fromusername' => 'o5V8y1YM6Bz72xSSkwOkyRnU1Rs0',
    'createtime' => '1591359929',
    'msgtype' => 'event',
    'event' => 'VIEW',
    'eventkey' => 'http://www.boyufengmao.com/app/index.php?i=6&c=entry&m=ewei_shopv2&do=mobile&r=diypage&id=35',
    'menuid' => '445261982',
    'from' => 'o5V8y1YM6Bz72xSSkwOkyRnU1Rs0',
    'to' => 'gh_f9b894563ef4',
    'time' => '1591359929',
    'type' => 'text',
    'content' => 'http://www.boyufengmao.com/app/index.php?i=6&c=entry&m=ewei_shopv2&do=mobile&r=diypage&id=35',
    'redirection' => true,
    'source' => 'VIEW',
  ),
)

2020-06-05 20:25:29 response :
------------

2020-06-05 20:26:19 trace :
------------
String:
<xml><ToUserName><![CDATA[gh_f9b894563ef4]]></ToUserName>
<FromUserName><![CDATA[o5V8y1YM6Bz72xSSkwOkyRnU1Rs0]]></FromUserName>
<CreateTime>1591359979</CreateTime>
<MsgType><![CDATA[event]]></MsgType>
<Event><![CDATA[VIEW]]></Event>
<EventKey><![CDATA[http://www.boyufengmao.com/app/index.php?i=6&c=entry&m=ewei_shopv2&do=mobile&r=diypage&id=35]]></EventKey>
<MenuId>445261982</MenuId>
</xml>

2020-06-05 20:26:19 params :
------------
String:
array (
  'rule' => -2,
  'module' => '',
  'message' => 
  array (
    'tousername' => 'gh_f9b894563ef4',
    'fromusername' => 'o5V8y1YM6Bz72xSSkwOkyRnU1Rs0',
    'createtime' => '1591359979',
    'msgtype' => 'event',
    'event' => 'VIEW',
    'eventkey' => 'http://www.boyufengmao.com/app/index.php?i=6&c=entry&m=ewei_shopv2&do=mobile&r=diypage&id=35',
    'menuid' => '445261982',
    'from' => 'o5V8y1YM6Bz72xSSkwOkyRnU1Rs0',
    'to' => 'gh_f9b894563ef4',
    'time' => '1591359979',
    'type' => 'text',
    'content' => 'http://www.boyufengmao.com/app/index.php?i=6&c=entry&m=ewei_shopv2&do=mobile&r=diypage&id=35',
    'redirection' => true,
    'source' => 'VIEW',
  ),
)

2020-06-05 20:26:19 response :
------------

2020-06-05 20:38:44 trace :
------------
String:
<xml><ToUserName><![CDATA[gh_f9b894563ef4]]></ToUserName>
<FromUserName><![CDATA[o5V8y1Yo6qavfqKIhKTSscubh8a4]]></FromUserName>
<CreateTime>1591360724</CreateTime>
<MsgType><![CDATA[event]]></MsgType>
<Event><![CDATA[VIEW]]></Event>
<EventKey><![CDATA[http://www.boyufengmao.com/app/index.php?i=6&c=entry&m=ewei_shopv2&do=mobile&r=diypage&id=35]]></EventKey>
<MenuId>445261982</MenuId>
</xml>

2020-06-05 20:38:44 params :
------------
String:
array (
  'rule' => -2,
  'module' => '',
  'message' => 
  array (
    'tousername' => 'gh_f9b894563ef4',
    'fromusername' => 'o5V8y1Yo6qavfqKIhKTSscubh8a4',
    'createtime' => '1591360724',
    'msgtype' => 'event',
    'event' => 'VIEW',
    'eventkey' => 'http://www.boyufengmao.com/app/index.php?i=6&c=entry&m=ewei_shopv2&do=mobile&r=diypage&id=35',
    'menuid' => '445261982',
    'from' => 'o5V8y1Yo6qavfqKIhKTSscubh8a4',
    'to' => 'gh_f9b894563ef4',
    'time' => '1591360724',
    'type' => 'text',
    'content' => 'http://www.boyufengmao.com/app/index.php?i=6&c=entry&m=ewei_shopv2&do=mobile&r=diypage&id=35',
    'redirection' => true,
    'source' => 'VIEW',
  ),
)

2020-06-05 20:38:44 response :
------------

2020-06-05 20:39:16 trace :
------------
String:
<xml><ToUserName><![CDATA[gh_f9b894563ef4]]></ToUserName>
<FromUserName><![CDATA[o5V8y1Yo6qavfqKIhKTSscubh8a4]]></FromUserName>
<CreateTime>1591360756</CreateTime>
<MsgType><![CDATA[event]]></MsgType>
<Event><![CDATA[VIEW]]></Event>
<EventKey><![CDATA[http://www.boyufengmao.com/app/index.php?i=6&c=entry&m=ewei_shopv2&do=mobile&r=diypage&id=35]]></EventKey>
<MenuId>445261982</MenuId>
</xml>

2020-06-05 20:39:16 params :
------------
String:
array (
  'rule' => -2,
  'module' => '',
  'message' => 
  array (
    'tousername' => 'gh_f9b894563ef4',
    'fromusername' => 'o5V8y1Yo6qavfqKIhKTSscubh8a4',
    'createtime' => '1591360756',
    'msgtype' => 'event',
    'event' => 'VIEW',
    'eventkey' => 'http://www.boyufengmao.com/app/index.php?i=6&c=entry&m=ewei_shopv2&do=mobile&r=diypage&id=35',
    'menuid' => '445261982',
    'from' => 'o5V8y1Yo6qavfqKIhKTSscubh8a4',
    'to' => 'gh_f9b894563ef4',
    'time' => '1591360756',
    'type' => 'text',
    'content' => 'http://www.boyufengmao.com/app/index.php?i=6&c=entry&m=ewei_shopv2&do=mobile&r=diypage&id=35',
    'redirection' => true,
    'source' => 'VIEW',
  ),
)

2020-06-05 20:39:16 response :
------------

2020-06-05 20:39:56 trace :
------------
String:
<xml><ToUserName><![CDATA[gh_f9b894563ef4]]></ToUserName>
<FromUserName><![CDATA[o5V8y1Yo6qavfqKIhKTSscubh8a4]]></FromUserName>
<CreateTime>1591360796</CreateTime>
<MsgType><![CDATA[event]]></MsgType>
<Event><![CDATA[VIEW]]></Event>
<EventKey><![CDATA[http://www.boyufengmao.com/app/index.php?i=6&c=entry&m=ewei_shopv2&do=mobile&r=diypage&id=35]]></EventKey>
<MenuId>445261982</MenuId>
</xml>

2020-06-05 20:39:56 params :
------------
String:
array (
  'rule' => -2,
  'module' => '',
  'message' => 
  array (
    'tousername' => 'gh_f9b894563ef4',
    'fromusername' => 'o5V8y1Yo6qavfqKIhKTSscubh8a4',
    'createtime' => '1591360796',
    'msgtype' => 'event',
    'event' => 'VIEW',
    'eventkey' => 'http://www.boyufengmao.com/app/index.php?i=6&c=entry&m=ewei_shopv2&do=mobile&r=diypage&id=35',
    'menuid' => '445261982',
    'from' => 'o5V8y1Yo6qavfqKIhKTSscubh8a4',
    'to' => 'gh_f9b894563ef4',
    'time' => '1591360796',
    'type' => 'text',
    'content' => 'http://www.boyufengmao.com/app/index.php?i=6&c=entry&m=ewei_shopv2&do=mobile&r=diypage&id=35',
    'redirection' => true,
    'source' => 'VIEW',
  ),
)

2020-06-05 20:39:56 response :
------------

2020-06-05 20:40:04 trace :
------------
String:
<xml><ToUserName><![CDATA[gh_f9b894563ef4]]></ToUserName>
<FromUserName><![CDATA[o5V8y1R5kWXtPuIsi1VrN6-v-AOM]]></FromUserName>
<CreateTime>1591360804</CreateTime>
<MsgType><![CDATA[event]]></MsgType>
<Event><![CDATA[subscribe]]></Event>
<EventKey><![CDATA[]]></EventKey>
</xml>

2020-06-05 20:40:04 params :
------------
String:
array (
  'rule' => -2,
  'module' => '',
  'message' => 
  array (
    'tousername' => 'gh_f9b894563ef4',
    'fromusername' => 'o5V8y1R5kWXtPuIsi1VrN6-v-AOM',
    'createtime' => '1591360804',
    'msgtype' => 'event',
    'event' => 'subscribe',
    'eventkey' => '',
    'from' => 'o5V8y1R5kWXtPuIsi1VrN6-v-AOM',
    'to' => 'gh_f9b894563ef4',
    'time' => '1591360804',
    'type' => 'text',
    'redirection' => true,
    'source' => 'subscribe',
  ),
)

2020-06-05 20:40:04 response :
------------

2020-06-05 20:40:09 trace :
------------
String:
<xml><ToUserName><![CDATA[gh_f9b894563ef4]]></ToUserName>
<FromUserName><![CDATA[o5V8y1Yo6qavfqKIhKTSscubh8a4]]></FromUserName>
<CreateTime>1591360809</CreateTime>
<MsgType><![CDATA[event]]></MsgType>
<Event><![CDATA[VIEW]]></Event>
<EventKey><![CDATA[http://www.boyufengmao.com/app/index.php?i=6&c=entry&m=ewei_shopv2&do=mobile&r=diypage&id=35]]></EventKey>
<MenuId>445261982</MenuId>
</xml>

2020-06-05 20:40:09 params :
------------
String:
array (
  'rule' => -2,
  'module' => '',
  'message' => 
  array (
    'tousername' => 'gh_f9b894563ef4',
    'fromusername' => 'o5V8y1Yo6qavfqKIhKTSscubh8a4',
    'createtime' => '1591360809',
    'msgtype' => 'event',
    'event' => 'VIEW',
    'eventkey' => 'http://www.boyufengmao.com/app/index.php?i=6&c=entry&m=ewei_shopv2&do=mobile&r=diypage&id=35',
    'menuid' => '445261982',
    'from' => 'o5V8y1Yo6qavfqKIhKTSscubh8a4',
    'to' => 'gh_f9b894563ef4',
    'time' => '1591360809',
    'type' => 'text',
    'content' => 'http://www.boyufengmao.com/app/index.php?i=6&c=entry&m=ewei_shopv2&do=mobile&r=diypage&id=35',
    'redirection' => true,
    'source' => 'VIEW',
  ),
)

2020-06-05 20:40:09 response :
------------

2020-06-05 20:41:14 trace :
------------
String:
<xml><ToUserName><![CDATA[gh_f9b894563ef4]]></ToUserName>
<FromUserName><![CDATA[o5V8y1R5kWXtPuIsi1VrN6-v-AOM]]></FromUserName>
<CreateTime>1591360874</CreateTime>
<MsgType><![CDATA[event]]></MsgType>
<Event><![CDATA[VIEW]]></Event>
<EventKey><![CDATA[http://www.boyufengmao.com/app/index.php?i=6&c=entry&m=ewei_shopv2&do=mobile&r=diypage&id=35]]></EventKey>
<MenuId>445261982</MenuId>
</xml>

2020-06-05 20:41:14 params :
------------
String:
array (
  'rule' => -2,
  'module' => '',
  'message' => 
  array (
    'tousername' => 'gh_f9b894563ef4',
    'fromusername' => 'o5V8y1R5kWXtPuIsi1VrN6-v-AOM',
    'createtime' => '1591360874',
    'msgtype' => 'event',
    'event' => 'VIEW',
    'eventkey' => 'http://www.boyufengmao.com/app/index.php?i=6&c=entry&m=ewei_shopv2&do=mobile&r=diypage&id=35',
    'menuid' => '445261982',
    'from' => 'o5V8y1R5kWXtPuIsi1VrN6-v-AOM',
    'to' => 'gh_f9b894563ef4',
    'time' => '1591360874',
    'type' => 'text',
    'content' => 'http://www.boyufengmao.com/app/index.php?i=6&c=entry&m=ewei_shopv2&do=mobile&r=diypage&id=35',
    'redirection' => true,
    'source' => 'VIEW',
  ),
)

2020-06-05 20:41:14 response :
------------

2020-06-05 20:45:36 trace :
------------
String:
<xml><ToUserName><![CDATA[gh_f9b894563ef4]]></ToUserName>
<FromUserName><![CDATA[o5V8y1eNVVGtQGw2AfOLIJ7Z6Ty8]]></FromUserName>
<CreateTime>1591361136</CreateTime>
<MsgType><![CDATA[event]]></MsgType>
<Event><![CDATA[subscribe]]></Event>
<EventKey><![CDATA[]]></EventKey>
</xml>

2020-06-05 20:45:36 params :
------------
String:
array (
  'rule' => -2,
  'module' => '',
  'message' => 
  array (
    'tousername' => 'gh_f9b894563ef4',
    'fromusername' => 'o5V8y1eNVVGtQGw2AfOLIJ7Z6Ty8',
    'createtime' => '1591361136',
    'msgtype' => 'event',
    'event' => 'subscribe',
    'eventkey' => '',
    'from' => 'o5V8y1eNVVGtQGw2AfOLIJ7Z6Ty8',
    'to' => 'gh_f9b894563ef4',
    'time' => '1591361136',
    'type' => 'text',
    'redirection' => true,
    'source' => 'subscribe',
  ),
)

2020-06-05 20:45:36 response :
------------

2020-06-05 20:45:40 trace :
------------
String:
<xml><ToUserName><![CDATA[gh_f9b894563ef4]]></ToUserName>
<FromUserName><![CDATA[o5V8y1eNVVGtQGw2AfOLIJ7Z6Ty8]]></FromUserName>
<CreateTime>1591361140</CreateTime>
<MsgType><![CDATA[event]]></MsgType>
<Event><![CDATA[VIEW]]></Event>
<EventKey><![CDATA[http://www.boyufengmao.com/app/index.php?i=6&c=entry&m=ewei_shopv2&do=mobile&r=diypage&id=35]]></EventKey>
<MenuId>445261982</MenuId>
</xml>

2020-06-05 20:45:40 params :
------------
String:
array (
  'rule' => -2,
  'module' => '',
  'message' => 
  array (
    'tousername' => 'gh_f9b894563ef4',
    'fromusername' => 'o5V8y1eNVVGtQGw2AfOLIJ7Z6Ty8',
    'createtime' => '1591361140',
    'msgtype' => 'event',
    'event' => 'VIEW',
    'eventkey' => 'http://www.boyufengmao.com/app/index.php?i=6&c=entry&m=ewei_shopv2&do=mobile&r=diypage&id=35',
    'menuid' => '445261982',
    'from' => 'o5V8y1eNVVGtQGw2AfOLIJ7Z6Ty8',
    'to' => 'gh_f9b894563ef4',
    'time' => '1591361140',
    'type' => 'text',
    'content' => 'http://www.boyufengmao.com/app/index.php?i=6&c=entry&m=ewei_shopv2&do=mobile&r=diypage&id=35',
    'redirection' => true,
    'source' => 'VIEW',
  ),
)

2020-06-05 20:45:40 response :
------------

2020-06-05 20:53:15 trace :
------------
String:
<xml><ToUserName><![CDATA[gh_f9b894563ef4]]></ToUserName>
<FromUserName><![CDATA[o5V8y1Yt5xIyOdARX1w-rtmReG2o]]></FromUserName>
<CreateTime>1591361594</CreateTime>
<MsgType><![CDATA[event]]></MsgType>
<Event><![CDATA[subscribe]]></Event>
<EventKey><![CDATA[]]></EventKey>
</xml>

2020-06-05 20:53:15 params :
------------
String:
array (
  'rule' => -2,
  'module' => '',
  'message' => 
  array (
    'tousername' => 'gh_f9b894563ef4',
    'fromusername' => 'o5V8y1Yt5xIyOdARX1w-rtmReG2o',
    'createtime' => '1591361594',
    'msgtype' => 'event',
    'event' => 'subscribe',
    'eventkey' => '',
    'from' => 'o5V8y1Yt5xIyOdARX1w-rtmReG2o',
    'to' => 'gh_f9b894563ef4',
    'time' => '1591361594',
    'type' => 'text',
    'redirection' => true,
    'source' => 'subscribe',
  ),
)

2020-06-05 20:53:15 response :
------------

2020-06-05 20:53:16 trace :
------------
String:
<xml><ToUserName><![CDATA[gh_f9b894563ef4]]></ToUserName>
<FromUserName><![CDATA[o5V8y1Yt5xIyOdARX1w-rtmReG2o]]></FromUserName>
<CreateTime>1591361596</CreateTime>
<MsgType><![CDATA[event]]></MsgType>
<Event><![CDATA[VIEW]]></Event>
<EventKey><![CDATA[http://www.boyufengmao.com/app/index.php?i=6&c=entry&m=ewei_shopv2&do=mobile&r=diypage&id=35]]></EventKey>
<MenuId>445261982</MenuId>
</xml>

2020-06-05 20:53:16 params :
------------
String:
array (
  'rule' => -2,
  'module' => '',
  'message' => 
  array (
    'tousername' => 'gh_f9b894563ef4',
    'fromusername' => 'o5V8y1Yt5xIyOdARX1w-rtmReG2o',
    'createtime' => '1591361596',
    'msgtype' => 'event',
    'event' => 'VIEW',
    'eventkey' => 'http://www.boyufengmao.com/app/index.php?i=6&c=entry&m=ewei_shopv2&do=mobile&r=diypage&id=35',
    'menuid' => '445261982',
    'from' => 'o5V8y1Yt5xIyOdARX1w-rtmReG2o',
    'to' => 'gh_f9b894563ef4',
    'time' => '1591361596',
    'type' => 'text',
    'content' => 'http://www.boyufengmao.com/app/index.php?i=6&c=entry&m=ewei_shopv2&do=mobile&r=diypage&id=35',
    'redirection' => true,
    'source' => 'VIEW',
  ),
)

2020-06-05 20:53:16 response :
------------

2020-06-05 21:01:05 trace :
------------
String:
<xml><ToUserName><![CDATA[gh_62bcc2f9639d]]></ToUserName>
<FromUserName><![CDATA[opjhUwAbdHY9SG8T-2ImH37EJk7M]]></FromUserName>
<CreateTime>1591362065</CreateTime>
<MsgType><![CDATA[event]]></MsgType>
<Event><![CDATA[subscribe]]></Event>
<EventKey><![CDATA[]]></EventKey>
</xml>

2020-06-05 21:01:05 params :
------------
String:
array (
  'rule' => -2,
  'module' => '',
  'message' => 
  array (
    'tousername' => 'gh_62bcc2f9639d',
    'fromusername' => 'opjhUwAbdHY9SG8T-2ImH37EJk7M',
    'createtime' => '1591362065',
    'msgtype' => 'event',
    'event' => 'subscribe',
    'eventkey' => '',
    'from' => 'opjhUwAbdHY9SG8T-2ImH37EJk7M',
    'to' => 'gh_62bcc2f9639d',
    'time' => '1591362065',
    'type' => 'text',
    'redirection' => true,
    'source' => 'subscribe',
  ),
)

2020-06-05 21:01:05 response :
------------

2020-06-05 21:01:08 trace :
------------
String:
<xml><ToUserName><![CDATA[gh_62bcc2f9639d]]></ToUserName>
<FromUserName><![CDATA[opjhUwAbdHY9SG8T-2ImH37EJk7M]]></FromUserName>
<CreateTime>1591362068</CreateTime>
<MsgType><![CDATA[event]]></MsgType>
<Event><![CDATA[VIEW]]></Event>
<EventKey><![CDATA[http://www.boyufengmao.com/app/index.php?i=10&c=entry&m=ewei_shopv2&do=mobile&r=member]]></EventKey>
<MenuId>432207807</MenuId>
</xml>

2020-06-05 21:01:08 params :
------------
String:
array (
  'rule' => -2,
  'module' => '',
  'message' => 
  array (
    'tousername' => 'gh_62bcc2f9639d',
    'fromusername' => 'opjhUwAbdHY9SG8T-2ImH37EJk7M',
    'createtime' => '1591362068',
    'msgtype' => 'event',
    'event' => 'VIEW',
    'eventkey' => 'http://www.boyufengmao.com/app/index.php?i=10&c=entry&m=ewei_shopv2&do=mobile&r=member',
    'menuid' => '432207807',
    'from' => 'opjhUwAbdHY9SG8T-2ImH37EJk7M',
    'to' => 'gh_62bcc2f9639d',
    'time' => '1591362068',
    'type' => 'text',
    'content' => 'http://www.boyufengmao.com/app/index.php?i=10&c=entry&m=ewei_shopv2&do=mobile&r=member',
    'redirection' => true,
    'source' => 'VIEW',
  ),
)

2020-06-05 21:01:08 response :
------------

2020-06-05 21:01:18 trace :
------------
String:
<xml><ToUserName><![CDATA[gh_62bcc2f9639d]]></ToUserName>
<FromUserName><![CDATA[opjhUwAbdHY9SG8T-2ImH37EJk7M]]></FromUserName>
<CreateTime>1591362078</CreateTime>
<MsgType><![CDATA[event]]></MsgType>
<Event><![CDATA[VIEW]]></Event>
<EventKey><![CDATA[http://www.boyufengmao.com/app/index.php?i=10&c=entry&m=ewei_shopv2&do=mobile&r=member]]></EventKey>
<MenuId>432207807</MenuId>
</xml>

2020-06-05 21:01:18 params :
------------
String:
array (
  'rule' => -2,
  'module' => '',
  'message' => 
  array (
    'tousername' => 'gh_62bcc2f9639d',
    'fromusername' => 'opjhUwAbdHY9SG8T-2ImH37EJk7M',
    'createtime' => '1591362078',
    'msgtype' => 'event',
    'event' => 'VIEW',
    'eventkey' => 'http://www.boyufengmao.com/app/index.php?i=10&c=entry&m=ewei_shopv2&do=mobile&r=member',
    'menuid' => '432207807',
    'from' => 'opjhUwAbdHY9SG8T-2ImH37EJk7M',
    'to' => 'gh_62bcc2f9639d',
    'time' => '1591362078',
    'type' => 'text',
    'content' => 'http://www.boyufengmao.com/app/index.php?i=10&c=entry&m=ewei_shopv2&do=mobile&r=member',
    'redirection' => true,
    'source' => 'VIEW',
  ),
)

2020-06-05 21:01:18 response :
------------

2020-06-05 21:12:37 trace :
------------
String:
<xml><ToUserName><![CDATA[gh_f9b894563ef4]]></ToUserName>
<FromUserName><![CDATA[o5V8y1UurzqLgxowsZbnsbfINxU0]]></FromUserName>
<CreateTime>1591362757</CreateTime>
<MsgType><![CDATA[event]]></MsgType>
<Event><![CDATA[subscribe]]></Event>
<EventKey><![CDATA[]]></EventKey>
</xml>

2020-06-05 21:12:37 params :
------------
String:
array (
  'rule' => -2,
  'module' => '',
  'message' => 
  array (
    'tousername' => 'gh_f9b894563ef4',
    'fromusername' => 'o5V8y1UurzqLgxowsZbnsbfINxU0',
    'createtime' => '1591362757',
    'msgtype' => 'event',
    'event' => 'subscribe',
    'eventkey' => '',
    'from' => 'o5V8y1UurzqLgxowsZbnsbfINxU0',
    'to' => 'gh_f9b894563ef4',
    'time' => '1591362757',
    'type' => 'text',
    'redirection' => true,
    'source' => 'subscribe',
  ),
)

2020-06-05 21:12:37 response :
------------

2020-06-05 21:12:39 trace :
------------
String:
<xml><ToUserName><![CDATA[gh_f9b894563ef4]]></ToUserName>
<FromUserName><![CDATA[o5V8y1UurzqLgxowsZbnsbfINxU0]]></FromUserName>
<CreateTime>1591362759</CreateTime>
<MsgType><![CDATA[event]]></MsgType>
<Event><![CDATA[VIEW]]></Event>
<EventKey><![CDATA[http://www.boyufengmao.com/app/index.php?i=6&c=entry&m=ewei_shopv2&do=mobile&r=diypage&id=35]]></EventKey>
<MenuId>445261982</MenuId>
</xml>

2020-06-05 21:12:39 params :
------------
String:
array (
  'rule' => -2,
  'module' => '',
  'message' => 
  array (
    'tousername' => 'gh_f9b894563ef4',
    'fromusername' => 'o5V8y1UurzqLgxowsZbnsbfINxU0',
    'createtime' => '1591362759',
    'msgtype' => 'event',
    'event' => 'VIEW',
    'eventkey' => 'http://www.boyufengmao.com/app/index.php?i=6&c=entry&m=ewei_shopv2&do=mobile&r=diypage&id=35',
    'menuid' => '445261982',
    'from' => 'o5V8y1UurzqLgxowsZbnsbfINxU0',
    'to' => 'gh_f9b894563ef4',
    'time' => '1591362759',
    'type' => 'text',
    'content' => 'http://www.boyufengmao.com/app/index.php?i=6&c=entry&m=ewei_shopv2&do=mobile&r=diypage&id=35',
    'redirection' => true,
    'source' => 'VIEW',
  ),
)

2020-06-05 21:12:39 response :
------------

2020-06-05 21:14:06 trace :
------------
String:
<xml><ToUserName><![CDATA[gh_f9b894563ef4]]></ToUserName>
<FromUserName><![CDATA[o5V8y1Z-aRfYcxysb3qBsV7dIJhU]]></FromUserName>
<CreateTime>1591362846</CreateTime>
<MsgType><![CDATA[event]]></MsgType>
<Event><![CDATA[subscribe]]></Event>
<EventKey><![CDATA[]]></EventKey>
</xml>

2020-06-05 21:14:06 params :
------------
String:
array (
  'rule' => -2,
  'module' => '',
  'message' => 
  array (
    'tousername' => 'gh_f9b894563ef4',
    'fromusername' => 'o5V8y1Z-aRfYcxysb3qBsV7dIJhU',
    'createtime' => '1591362846',
    'msgtype' => 'event',
    'event' => 'subscribe',
    'eventkey' => '',
    'from' => 'o5V8y1Z-aRfYcxysb3qBsV7dIJhU',
    'to' => 'gh_f9b894563ef4',
    'time' => '1591362846',
    'type' => 'text',
    'redirection' => true,
    'source' => 'subscribe',
  ),
)

2020-06-05 21:14:06 response :
------------

2020-06-05 21:14:09 trace :
------------
String:
<xml><ToUserName><![CDATA[gh_f9b894563ef4]]></ToUserName>
<FromUserName><![CDATA[o5V8y1Z-aRfYcxysb3qBsV7dIJhU]]></FromUserName>
<CreateTime>1591362849</CreateTime>
<MsgType><![CDATA[event]]></MsgType>
<Event><![CDATA[VIEW]]></Event>
<EventKey><![CDATA[http://www.boyufengmao.com/app/index.php?i=6&c=entry&m=ewei_shopv2&do=mobile&r=diypage&id=35]]></EventKey>
<MenuId>445261982</MenuId>
</xml>

2020-06-05 21:14:09 params :
------------
String:
array (
  'rule' => -2,
  'module' => '',
  'message' => 
  array (
    'tousername' => 'gh_f9b894563ef4',
    'fromusername' => 'o5V8y1Z-aRfYcxysb3qBsV7dIJhU',
    'createtime' => '1591362849',
    'msgtype' => 'event',
    'event' => 'VIEW',
    'eventkey' => 'http://www.boyufengmao.com/app/index.php?i=6&c=entry&m=ewei_shopv2&do=mobile&r=diypage&id=35',
    'menuid' => '445261982',
    'from' => 'o5V8y1Z-aRfYcxysb3qBsV7dIJhU',
    'to' => 'gh_f9b894563ef4',
    'time' => '1591362849',
    'type' => 'text',
    'content' => 'http://www.boyufengmao.com/app/index.php?i=6&c=entry&m=ewei_shopv2&do=mobile&r=diypage&id=35',
    'redirection' => true,
    'source' => 'VIEW',
  ),
)

2020-06-05 21:14:09 response :
------------

2020-06-05 21:14:10 trace :
------------
String:
<xml><ToUserName><![CDATA[gh_f9b894563ef4]]></ToUserName>
<FromUserName><![CDATA[o5V8y1Z-aRfYcxysb3qBsV7dIJhU]]></FromUserName>
<CreateTime>1591362849</CreateTime>
<MsgType><![CDATA[event]]></MsgType>
<Event><![CDATA[VIEW]]></Event>
<EventKey><![CDATA[http://www.boyufengmao.com/app/index.php?i=6&c=entry&m=ewei_shopv2&do=mobile&r=diypage&id=35]]></EventKey>
<MenuId>445261982</MenuId>
</xml>

2020-06-05 21:14:10 params :
------------
String:
array (
  'rule' => -2,
  'module' => '',
  'message' => 
  array (
    'tousername' => 'gh_f9b894563ef4',
    'fromusername' => 'o5V8y1Z-aRfYcxysb3qBsV7dIJhU',
    'createtime' => '1591362849',
    'msgtype' => 'event',
    'event' => 'VIEW',
    'eventkey' => 'http://www.boyufengmao.com/app/index.php?i=6&c=entry&m=ewei_shopv2&do=mobile&r=diypage&id=35',
    'menuid' => '445261982',
    'from' => 'o5V8y1Z-aRfYcxysb3qBsV7dIJhU',
    'to' => 'gh_f9b894563ef4',
    'time' => '1591362849',
    'type' => 'text',
    'content' => 'http://www.boyufengmao.com/app/index.php?i=6&c=entry&m=ewei_shopv2&do=mobile&r=diypage&id=35',
    'redirection' => true,
    'source' => 'VIEW',
  ),
)

2020-06-05 21:14:10 response :
------------

2020-06-05 21:20:59 trace :
------------
String:
<xml><ToUserName><![CDATA[gh_f9b894563ef4]]></ToUserName>
<FromUserName><![CDATA[o5V8y1Rz0PE1BqIzDBHBcR9nRkEc]]></FromUserName>
<CreateTime>1591363259</CreateTime>
<MsgType><![CDATA[event]]></MsgType>
<Event><![CDATA[unsubscribe]]></Event>
<EventKey><![CDATA[]]></EventKey>
</xml>

2020-06-05 21:35:08 trace :
------------
String:
<xml><ToUserName><![CDATA[gh_f9b894563ef4]]></ToUserName>
<FromUserName><![CDATA[o5V8y1StG7-DpHZuGsMthVZIgSUw]]></FromUserName>
<CreateTime>1591364107</CreateTime>
<MsgType><![CDATA[event]]></MsgType>
<Event><![CDATA[VIEW]]></Event>
<EventKey><![CDATA[http://www.boyufengmao.com/app/index.php?i=6&c=entry&m=ewei_shopv2&do=mobile&r=diypage&id=35]]></EventKey>
<MenuId>445261982</MenuId>
</xml>

2020-06-05 21:35:08 params :
------------
String:
array (
  'rule' => -2,
  'module' => '',
  'message' => 
  array (
    'tousername' => 'gh_f9b894563ef4',
    'fromusername' => 'o5V8y1StG7-DpHZuGsMthVZIgSUw',
    'createtime' => '1591364107',
    'msgtype' => 'event',
    'event' => 'VIEW',
    'eventkey' => 'http://www.boyufengmao.com/app/index.php?i=6&c=entry&m=ewei_shopv2&do=mobile&r=diypage&id=35',
    'menuid' => '445261982',
    'from' => 'o5V8y1StG7-DpHZuGsMthVZIgSUw',
    'to' => 'gh_f9b894563ef4',
    'time' => '1591364107',
    'type' => 'text',
    'content' => 'http://www.boyufengmao.com/app/index.php?i=6&c=entry&m=ewei_shopv2&do=mobile&r=diypage&id=35',
    'redirection' => true,
    'source' => 'VIEW',
  ),
)

2020-06-05 21:35:08 response :
------------

2020-06-05 21:48:42 trace :
------------
String:
<xml><ToUserName><![CDATA[gh_62bcc2f9639d]]></ToUserName>
<FromUserName><![CDATA[opjhUwD1UfmMQasxUbckAl7oiKNw]]></FromUserName>
<CreateTime>1591364922</CreateTime>
<MsgType><![CDATA[event]]></MsgType>
<Event><![CDATA[subscribe]]></Event>
<EventKey><![CDATA[]]></EventKey>
</xml>

2020-06-05 21:48:42 params :
------------
String:
array (
  'rule' => -2,
  'module' => '',
  'message' => 
  array (
    'tousername' => 'gh_62bcc2f9639d',
    'fromusername' => 'opjhUwD1UfmMQasxUbckAl7oiKNw',
    'createtime' => '1591364922',
    'msgtype' => 'event',
    'event' => 'subscribe',
    'eventkey' => '',
    'from' => 'opjhUwD1UfmMQasxUbckAl7oiKNw',
    'to' => 'gh_62bcc2f9639d',
    'time' => '1591364922',
    'type' => 'text',
    'redirection' => true,
    'source' => 'subscribe',
  ),
)

2020-06-05 21:48:42 response :
------------

2020-06-05 21:48:49 trace :
------------
String:
<xml><ToUserName><![CDATA[gh_62bcc2f9639d]]></ToUserName>
<FromUserName><![CDATA[opjhUwD1UfmMQasxUbckAl7oiKNw]]></FromUserName>
<CreateTime>1591364929</CreateTime>
<MsgType><![CDATA[event]]></MsgType>
<Event><![CDATA[VIEW]]></Event>
<EventKey><![CDATA[http://www.boyufengmao.com/app/index.php?i=10&c=entry&m=ewei_shopv2&do=mobile&r=member]]></EventKey>
<MenuId>432207807</MenuId>
</xml>

2020-06-05 21:48:49 params :
------------
String:
array (
  'rule' => -2,
  'module' => '',
  'message' => 
  array (
    'tousername' => 'gh_62bcc2f9639d',
    'fromusername' => 'opjhUwD1UfmMQasxUbckAl7oiKNw',
    'createtime' => '1591364929',
    'msgtype' => 'event',
    'event' => 'VIEW',
    'eventkey' => 'http://www.boyufengmao.com/app/index.php?i=10&c=entry&m=ewei_shopv2&do=mobile&r=member',
    'menuid' => '432207807',
    'from' => 'opjhUwD1UfmMQasxUbckAl7oiKNw',
    'to' => 'gh_62bcc2f9639d',
    'time' => '1591364929',
    'type' => 'text',
    'content' => 'http://www.boyufengmao.com/app/index.php?i=10&c=entry&m=ewei_shopv2&do=mobile&r=member',
    'redirection' => true,
    'source' => 'VIEW',
  ),
)

2020-06-05 21:48:49 response :
------------

2020-06-05 21:55:44 trace :
------------
String:
<xml><ToUserName><![CDATA[gh_f9b894563ef4]]></ToUserName>
<FromUserName><![CDATA[o5V8y1R5kWXtPuIsi1VrN6-v-AOM]]></FromUserName>
<CreateTime>1591365344</CreateTime>
<MsgType><![CDATA[event]]></MsgType>
<Event><![CDATA[VIEW]]></Event>
<EventKey><![CDATA[http://www.boyufengmao.com/app/index.php?i=6&c=entry&m=ewei_shopv2&do=mobile]]></EventKey>
<MenuId>445261982</MenuId>
</xml>

2020-06-05 21:55:44 params :
------------
String:
array (
  'rule' => -2,
  'module' => '',
  'message' => 
  array (
    'tousername' => 'gh_f9b894563ef4',
    'fromusername' => 'o5V8y1R5kWXtPuIsi1VrN6-v-AOM',
    'createtime' => '1591365344',
    'msgtype' => 'event',
    'event' => 'VIEW',
    'eventkey' => 'http://www.boyufengmao.com/app/index.php?i=6&c=entry&m=ewei_shopv2&do=mobile',
    'menuid' => '445261982',
    'from' => 'o5V8y1R5kWXtPuIsi1VrN6-v-AOM',
    'to' => 'gh_f9b894563ef4',
    'time' => '1591365344',
    'type' => 'text',
    'content' => 'http://www.boyufengmao.com/app/index.php?i=6&c=entry&m=ewei_shopv2&do=mobile',
    'redirection' => true,
    'source' => 'VIEW',
  ),
)

2020-06-05 21:55:44 response :
------------

2020-06-05 21:55:46 trace :
------------
String:
<xml><ToUserName><![CDATA[gh_f9b894563ef4]]></ToUserName>
<FromUserName><![CDATA[o5V8y1R5kWXtPuIsi1VrN6-v-AOM]]></FromUserName>
<CreateTime>1591365346</CreateTime>
<MsgType><![CDATA[event]]></MsgType>
<Event><![CDATA[VIEW]]></Event>
<EventKey><![CDATA[http://www.boyufengmao.com/app/index.php?i=6&c=entry&m=ewei_shopv2&do=mobile]]></EventKey>
<MenuId>445261982</MenuId>
</xml>

2020-06-05 21:55:46 params :
------------
String:
array (
  'rule' => -2,
  'module' => '',
  'message' => 
  array (
    'tousername' => 'gh_f9b894563ef4',
    'fromusername' => 'o5V8y1R5kWXtPuIsi1VrN6-v-AOM',
    'createtime' => '1591365346',
    'msgtype' => 'event',
    'event' => 'VIEW',
    'eventkey' => 'http://www.boyufengmao.com/app/index.php?i=6&c=entry&m=ewei_shopv2&do=mobile',
    'menuid' => '445261982',
    'from' => 'o5V8y1R5kWXtPuIsi1VrN6-v-AOM',
    'to' => 'gh_f9b894563ef4',
    'time' => '1591365346',
    'type' => 'text',
    'content' => 'http://www.boyufengmao.com/app/index.php?i=6&c=entry&m=ewei_shopv2&do=mobile',
    'redirection' => true,
    'source' => 'VIEW',
  ),
)

2020-06-05 21:55:46 response :
------------

2020-06-05 21:56:03 trace :
------------
String:
<xml><ToUserName><![CDATA[gh_f9b894563ef4]]></ToUserName>
<FromUserName><![CDATA[o5V8y1R5kWXtPuIsi1VrN6-v-AOM]]></FromUserName>
<CreateTime>1591365363</CreateTime>
<MsgType><![CDATA[event]]></MsgType>
<Event><![CDATA[VIEW]]></Event>
<EventKey><![CDATA[http://www.boyufengmao.com/app/index.php?i=6&c=entry&m=ewei_shopv2&do=mobile&r=diypage&id=35]]></EventKey>
<MenuId>445261982</MenuId>
</xml>

2020-06-05 21:56:03 params :
------------
String:
array (
  'rule' => -2,
  'module' => '',
  'message' => 
  array (
    'tousername' => 'gh_f9b894563ef4',
    'fromusername' => 'o5V8y1R5kWXtPuIsi1VrN6-v-AOM',
    'createtime' => '1591365363',
    'msgtype' => 'event',
    'event' => 'VIEW',
    'eventkey' => 'http://www.boyufengmao.com/app/index.php?i=6&c=entry&m=ewei_shopv2&do=mobile&r=diypage&id=35',
    'menuid' => '445261982',
    'from' => 'o5V8y1R5kWXtPuIsi1VrN6-v-AOM',
    'to' => 'gh_f9b894563ef4',
    'time' => '1591365363',
    'type' => 'text',
    'content' => 'http://www.boyufengmao.com/app/index.php?i=6&c=entry&m=ewei_shopv2&do=mobile&r=diypage&id=35',
    'redirection' => true,
    'source' => 'VIEW',
  ),
)

2020-06-05 21:56:03 response :
------------

2020-06-05 21:58:32 trace :
------------
String:
<xml><ToUserName><![CDATA[gh_f9b894563ef4]]></ToUserName>
<FromUserName><![CDATA[o5V8y1RKePgoiY7IAtWZoTu6t-IE]]></FromUserName>
<CreateTime>1591365512</CreateTime>
<MsgType><![CDATA[event]]></MsgType>
<Event><![CDATA[subscribe]]></Event>
<EventKey><![CDATA[]]></EventKey>
</xml>

2020-06-05 21:58:32 params :
------------
String:
array (
  'rule' => -2,
  'module' => '',
  'message' => 
  array (
    'tousername' => 'gh_f9b894563ef4',
    'fromusername' => 'o5V8y1RKePgoiY7IAtWZoTu6t-IE',
    'createtime' => '1591365512',
    'msgtype' => 'event',
    'event' => 'subscribe',
    'eventkey' => '',
    'from' => 'o5V8y1RKePgoiY7IAtWZoTu6t-IE',
    'to' => 'gh_f9b894563ef4',
    'time' => '1591365512',
    'type' => 'text',
    'redirection' => true,
    'source' => 'subscribe',
  ),
)

2020-06-05 21:58:32 response :
------------

2020-06-05 21:58:38 trace :
------------
String:
<xml><ToUserName><![CDATA[gh_f9b894563ef4]]></ToUserName>
<FromUserName><![CDATA[o5V8y1RKePgoiY7IAtWZoTu6t-IE]]></FromUserName>
<CreateTime>1591365518</CreateTime>
<MsgType><![CDATA[event]]></MsgType>
<Event><![CDATA[VIEW]]></Event>
<EventKey><![CDATA[http://www.boyufengmao.com/app/index.php?i=6&c=entry&m=ewei_shopv2&do=mobile&r=diypage&id=35]]></EventKey>
<MenuId>445261982</MenuId>
</xml>

2020-06-05 21:58:38 params :
------------
String:
array (
  'rule' => -2,
  'module' => '',
  'message' => 
  array (
    'tousername' => 'gh_f9b894563ef4',
    'fromusername' => 'o5V8y1RKePgoiY7IAtWZoTu6t-IE',
    'createtime' => '1591365518',
    'msgtype' => 'event',
    'event' => 'VIEW',
    'eventkey' => 'http://www.boyufengmao.com/app/index.php?i=6&c=entry&m=ewei_shopv2&do=mobile&r=diypage&id=35',
    'menuid' => '445261982',
    'from' => 'o5V8y1RKePgoiY7IAtWZoTu6t-IE',
    'to' => 'gh_f9b894563ef4',
    'time' => '1591365518',
    'type' => 'text',
    'content' => 'http://www.boyufengmao.com/app/index.php?i=6&c=entry&m=ewei_shopv2&do=mobile&r=diypage&id=35',
    'redirection' => true,
    'source' => 'VIEW',
  ),
)

2020-06-05 21:58:38 response :
------------

2020-06-05 22:11:09 trace :
------------
String:
<xml><ToUserName><![CDATA[gh_f9b894563ef4]]></ToUserName>
<FromUserName><![CDATA[o5V8y1VYJR9WmtpmO-HCvlJHSTkQ]]></FromUserName>
<CreateTime>1591366269</CreateTime>
<MsgType><![CDATA[event]]></MsgType>
<Event><![CDATA[VIEW]]></Event>
<EventKey><![CDATA[http://www.boyufengmao.com/app/index.php?i=6&c=entry&m=ewei_shopv2&do=mobile]]></EventKey>
<MenuId>445261982</MenuId>
</xml>

2020-06-05 22:11:09 params :
------------
String:
array (
  'rule' => -2,
  'module' => '',
  'message' => 
  array (
    'tousername' => 'gh_f9b894563ef4',
    'fromusername' => 'o5V8y1VYJR9WmtpmO-HCvlJHSTkQ',
    'createtime' => '1591366269',
    'msgtype' => 'event',
    'event' => 'VIEW',
    'eventkey' => 'http://www.boyufengmao.com/app/index.php?i=6&c=entry&m=ewei_shopv2&do=mobile',
    'menuid' => '445261982',
    'from' => 'o5V8y1VYJR9WmtpmO-HCvlJHSTkQ',
    'to' => 'gh_f9b894563ef4',
    'time' => '1591366269',
    'type' => 'text',
    'content' => 'http://www.boyufengmao.com/app/index.php?i=6&c=entry&m=ewei_shopv2&do=mobile',
    'redirection' => true,
    'source' => 'VIEW',
  ),
)

2020-06-05 22:11:09 response :
------------

2020-06-05 22:57:17 trace :
------------
String:
<xml><ToUserName><![CDATA[gh_f9b894563ef4]]></ToUserName>
<FromUserName><![CDATA[o5V8y1RCNX5Gm0WC19nZtFeh37aA]]></FromUserName>
<CreateTime>1591369037</CreateTime>
<MsgType><![CDATA[event]]></MsgType>
<Event><![CDATA[subscribe]]></Event>
<EventKey><![CDATA[]]></EventKey>
</xml>

2020-06-05 22:57:17 params :
------------
String:
array (
  'rule' => -2,
  'module' => '',
  'message' => 
  array (
    'tousername' => 'gh_f9b894563ef4',
    'fromusername' => 'o5V8y1RCNX5Gm0WC19nZtFeh37aA',
    'createtime' => '1591369037',
    'msgtype' => 'event',
    'event' => 'subscribe',
    'eventkey' => '',
    'from' => 'o5V8y1RCNX5Gm0WC19nZtFeh37aA',
    'to' => 'gh_f9b894563ef4',
    'time' => '1591369037',
    'type' => 'text',
    'redirection' => true,
    'source' => 'subscribe',
  ),
)

2020-06-05 22:57:17 response :
------------

2020-06-05 22:57:19 trace :
------------
String:
<xml><ToUserName><![CDATA[gh_f9b894563ef4]]></ToUserName>
<FromUserName><![CDATA[o5V8y1RCNX5Gm0WC19nZtFeh37aA]]></FromUserName>
<CreateTime>1591369039</CreateTime>
<MsgType><![CDATA[event]]></MsgType>
<Event><![CDATA[VIEW]]></Event>
<EventKey><![CDATA[http://www.boyufengmao.com/app/index.php?i=6&c=entry&m=ewei_shopv2&do=mobile&r=diypage&id=35]]></EventKey>
<MenuId>445261982</MenuId>
</xml>

2020-06-05 22:57:19 params :
------------
String:
array (
  'rule' => -2,
  'module' => '',
  'message' => 
  array (
    'tousername' => 'gh_f9b894563ef4',
    'fromusername' => 'o5V8y1RCNX5Gm0WC19nZtFeh37aA',
    'createtime' => '1591369039',
    'msgtype' => 'event',
    'event' => 'VIEW',
    'eventkey' => 'http://www.boyufengmao.com/app/index.php?i=6&c=entry&m=ewei_shopv2&do=mobile&r=diypage&id=35',
    'menuid' => '445261982',
    'from' => 'o5V8y1RCNX5Gm0WC19nZtFeh37aA',
    'to' => 'gh_f9b894563ef4',
    'time' => '1591369039',
    'type' => 'text',
    'content' => 'http://www.boyufengmao.com/app/index.php?i=6&c=entry&m=ewei_shopv2&do=mobile&r=diypage&id=35',
    'redirection' => true,
    'source' => 'VIEW',
  ),
)

2020-06-05 22:57:19 response :
------------

2020-06-05 22:57:27 trace :
------------
String:
<xml><ToUserName><![CDATA[gh_f9b894563ef4]]></ToUserName>
<FromUserName><![CDATA[o5V8y1RCNX5Gm0WC19nZtFeh37aA]]></FromUserName>
<CreateTime>1591369047</CreateTime>
<MsgType><![CDATA[event]]></MsgType>
<Event><![CDATA[VIEW]]></Event>
<EventKey><![CDATA[http://www.boyufengmao.com/app/index.php?i=6&c=entry&m=ewei_shopv2&do=mobile&r=diypage&id=35]]></EventKey>
<MenuId>445261982</MenuId>
</xml>

2020-06-05 22:57:27 params :
------------
String:
array (
  'rule' => -2,
  'module' => '',
  'message' => 
  array (
    'tousername' => 'gh_f9b894563ef4',
    'fromusername' => 'o5V8y1RCNX5Gm0WC19nZtFeh37aA',
    'createtime' => '1591369047',
    'msgtype' => 'event',
    'event' => 'VIEW',
    'eventkey' => 'http://www.boyufengmao.com/app/index.php?i=6&c=entry&m=ewei_shopv2&do=mobile&r=diypage&id=35',
    'menuid' => '445261982',
    'from' => 'o5V8y1RCNX5Gm0WC19nZtFeh37aA',
    'to' => 'gh_f9b894563ef4',
    'time' => '1591369047',
    'type' => 'text',
    'content' => 'http://www.boyufengmao.com/app/index.php?i=6&c=entry&m=ewei_shopv2&do=mobile&r=diypage&id=35',
    'redirection' => true,
    'source' => 'VIEW',
  ),
)

2020-06-05 22:57:27 response :
------------

2020-06-05 23:02:17 trace :
------------
String:
<xml><ToUserName><![CDATA[gh_f9b894563ef4]]></ToUserName>
<FromUserName><![CDATA[o5V8y1RCNX5Gm0WC19nZtFeh37aA]]></FromUserName>
<CreateTime>1591369337</CreateTime>
<MsgType><![CDATA[event]]></MsgType>
<Event><![CDATA[VIEW]]></Event>
<EventKey><![CDATA[http://www.boyufengmao.com/app/index.php?i=6&c=entry&m=ewei_shopv2&do=mobile]]></EventKey>
<MenuId>445261982</MenuId>
</xml>

2020-06-05 23:02:17 params :
------------
String:
array (
  'rule' => -2,
  'module' => '',
  'message' => 
  array (
    'tousername' => 'gh_f9b894563ef4',
    'fromusername' => 'o5V8y1RCNX5Gm0WC19nZtFeh37aA',
    'createtime' => '1591369337',
    'msgtype' => 'event',
    'event' => 'VIEW',
    'eventkey' => 'http://www.boyufengmao.com/app/index.php?i=6&c=entry&m=ewei_shopv2&do=mobile',
    'menuid' => '445261982',
    'from' => 'o5V8y1RCNX5Gm0WC19nZtFeh37aA',
    'to' => 'gh_f9b894563ef4',
    'time' => '1591369337',
    'type' => 'text',
    'content' => 'http://www.boyufengmao.com/app/index.php?i=6&c=entry&m=ewei_shopv2&do=mobile',
    'redirection' => true,
    'source' => 'VIEW',
  ),
)

2020-06-05 23:02:17 response :
------------

2020-06-05 23:21:55 trace :
------------
String:
<xml><ToUserName><![CDATA[gh_f9b894563ef4]]></ToUserName>
<FromUserName><![CDATA[o5V8y1VdE6oE2mOt6EFw7pUrL45k]]></FromUserName>
<CreateTime>1591370515</CreateTime>
<MsgType><![CDATA[event]]></MsgType>
<Event><![CDATA[subscribe]]></Event>
<EventKey><![CDATA[]]></EventKey>
</xml>

2020-06-05 23:21:55 params :
------------
String:
array (
  'rule' => -2,
  'module' => '',
  'message' => 
  array (
    'tousername' => 'gh_f9b894563ef4',
    'fromusername' => 'o5V8y1VdE6oE2mOt6EFw7pUrL45k',
    'createtime' => '1591370515',
    'msgtype' => 'event',
    'event' => 'subscribe',
    'eventkey' => '',
    'from' => 'o5V8y1VdE6oE2mOt6EFw7pUrL45k',
    'to' => 'gh_f9b894563ef4',
    'time' => '1591370515',
    'type' => 'text',
    'redirection' => true,
    'source' => 'subscribe',
  ),
)

2020-06-05 23:21:55 response :
------------

2020-06-05 23:21:56 trace :
------------
String:
<xml><ToUserName><![CDATA[gh_f9b894563ef4]]></ToUserName>
<FromUserName><![CDATA[o5V8y1VdE6oE2mOt6EFw7pUrL45k]]></FromUserName>
<CreateTime>1591370516</CreateTime>
<MsgType><![CDATA[event]]></MsgType>
<Event><![CDATA[VIEW]]></Event>
<EventKey><![CDATA[http://www.boyufengmao.com/app/index.php?i=6&c=entry&m=ewei_shopv2&do=mobile&r=diypage&id=35]]></EventKey>
<MenuId>445261982</MenuId>
</xml>

2020-06-05 23:21:56 params :
------------
String:
array (
  'rule' => -2,
  'module' => '',
  'message' => 
  array (
    'tousername' => 'gh_f9b894563ef4',
    'fromusername' => 'o5V8y1VdE6oE2mOt6EFw7pUrL45k',
    'createtime' => '1591370516',
    'msgtype' => 'event',
    'event' => 'VIEW',
    'eventkey' => 'http://www.boyufengmao.com/app/index.php?i=6&c=entry&m=ewei_shopv2&do=mobile&r=diypage&id=35',
    'menuid' => '445261982',
    'from' => 'o5V8y1VdE6oE2mOt6EFw7pUrL45k',
    'to' => 'gh_f9b894563ef4',
    'time' => '1591370516',
    'type' => 'text',
    'content' => 'http://www.boyufengmao.com/app/index.php?i=6&c=entry&m=ewei_shopv2&do=mobile&r=diypage&id=35',
    'redirection' => true,
    'source' => 'VIEW',
  ),
)

2020-06-05 23:21:56 response :
------------

