2020-07-29 00:18:50 trace :
------------
String:
<xml><ToUserName><![CDATA[gh_f9b894563ef4]]></ToUserName>
<FromUserName><![CDATA[o5V8y1Zbsf072TYANZnwfXFlPvUE]]></FromUserName>
<CreateTime>1595953130</CreateTime>
<MsgType><![CDATA[event]]></MsgType>
<Event><![CDATA[VIEW]]></Event>
<EventKey><![CDATA[http://www.boyufengmao.com/app/index.php?i=6&c=entry&m=ewei_shopv2&do=mobile&r=diypage&id=35]]></EventKey>
<MenuId>445261982</MenuId>
</xml>

2020-07-29 00:18:51 params :
------------
String:
array (
  'rule' => -2,
  'module' => '',
  'message' => 
  array (
    'tousername' => 'gh_f9b894563ef4',
    'fromusername' => 'o5V8y1Zbsf072TYANZnwfXFlPvUE',
    'createtime' => '1595953130',
    'msgtype' => 'event',
    'event' => 'VIEW',
    'eventkey' => 'http://www.boyufengmao.com/app/index.php?i=6&c=entry&m=ewei_shopv2&do=mobile&r=diypage&id=35',
    'menuid' => '445261982',
    'from' => 'o5V8y1Zbsf072TYANZnwfXFlPvUE',
    'to' => 'gh_f9b894563ef4',
    'time' => '1595953130',
    'type' => 'text',
    'content' => 'http://www.boyufengmao.com/app/index.php?i=6&c=entry&m=ewei_shopv2&do=mobile&r=diypage&id=35',
    'redirection' => true,
    'source' => 'VIEW',
  ),
)

2020-07-29 00:18:51 response :
------------

2020-07-29 08:48:56 trace :
------------
String:
<xml><ToUserName><![CDATA[gh_f9b894563ef4]]></ToUserName>
<FromUserName><![CDATA[o5V8y1YZ06MRMgu_lbt7I5_wksdU]]></FromUserName>
<CreateTime>1595983735</CreateTime>
<MsgType><![CDATA[event]]></MsgType>
<Event><![CDATA[subscribe]]></Event>
<EventKey><![CDATA[]]></EventKey>
</xml>

2020-07-29 08:48:56 params :
------------
String:
array (
  'rule' => -2,
  'module' => '',
  'message' => 
  array (
    'tousername' => 'gh_f9b894563ef4',
    'fromusername' => 'o5V8y1YZ06MRMgu_lbt7I5_wksdU',
    'createtime' => '1595983735',
    'msgtype' => 'event',
    'event' => 'subscribe',
    'eventkey' => '',
    'from' => 'o5V8y1YZ06MRMgu_lbt7I5_wksdU',
    'to' => 'gh_f9b894563ef4',
    'time' => '1595983735',
    'type' => 'text',
    'redirection' => true,
    'source' => 'subscribe',
  ),
)

2020-07-29 08:48:56 response :
------------

2020-07-29 08:49:00 trace :
------------
String:
<xml><ToUserName><![CDATA[gh_f9b894563ef4]]></ToUserName>
<FromUserName><![CDATA[o5V8y1YZ06MRMgu_lbt7I5_wksdU]]></FromUserName>
<CreateTime>1595983740</CreateTime>
<MsgType><![CDATA[event]]></MsgType>
<Event><![CDATA[VIEW]]></Event>
<EventKey><![CDATA[http://www.boyufengmao.com/app/index.php?i=6&c=entry&m=ewei_shopv2&do=mobile]]></EventKey>
<MenuId>445261982</MenuId>
</xml>

2020-07-29 08:49:00 params :
------------
String:
array (
  'rule' => -2,
  'module' => '',
  'message' => 
  array (
    'tousername' => 'gh_f9b894563ef4',
    'fromusername' => 'o5V8y1YZ06MRMgu_lbt7I5_wksdU',
    'createtime' => '1595983740',
    'msgtype' => 'event',
    'event' => 'VIEW',
    'eventkey' => 'http://www.boyufengmao.com/app/index.php?i=6&c=entry&m=ewei_shopv2&do=mobile',
    'menuid' => '445261982',
    'from' => 'o5V8y1YZ06MRMgu_lbt7I5_wksdU',
    'to' => 'gh_f9b894563ef4',
    'time' => '1595983740',
    'type' => 'text',
    'content' => 'http://www.boyufengmao.com/app/index.php?i=6&c=entry&m=ewei_shopv2&do=mobile',
    'redirection' => true,
    'source' => 'VIEW',
  ),
)

2020-07-29 08:49:00 response :
------------

2020-07-29 08:49:54 trace :
------------
String:
<xml><ToUserName><![CDATA[gh_f9b894563ef4]]></ToUserName>
<FromUserName><![CDATA[o5V8y1YZ06MRMgu_lbt7I5_wksdU]]></FromUserName>
<CreateTime>1595983794</CreateTime>
<MsgType><![CDATA[event]]></MsgType>
<Event><![CDATA[CLICK]]></Event>
<EventKey><![CDATA[订餐电话]]></EventKey>
</xml>

2020-07-29 08:49:54 params :
------------
String:
array (
  'message' => 
  array (
    'tousername' => 'gh_f9b894563ef4',
    'fromusername' => 'o5V8y1YZ06MRMgu_lbt7I5_wksdU',
    'createtime' => '1595983794',
    'msgtype' => 'event',
    'event' => 'CLICK',
    'eventkey' => '订餐电话',
    'from' => 'o5V8y1YZ06MRMgu_lbt7I5_wksdU',
    'to' => 'gh_f9b894563ef4',
    'time' => '1595983794',
    'type' => 'text',
    'content' => '订餐电话',
    'redirection' => true,
    'source' => 'click',
  ),
  'module' => 'reply',
  'rule' => '19',
  'priority' => '0',
  'keyword' => 
  array (
    'id' => '27',
    'rid' => '19',
    'uniacid' => '6',
    'module' => 'reply',
    'content' => '订餐电话',
    'type' => '1',
    'displayorder' => '0',
    'status' => '1',
    'reply_type' => 
    array (
      0 => 'basic',
    ),
  ),
  'reply_type' => 
  array (
    0 => 'basic',
  ),
)

2020-07-29 08:49:54 response :
------------
Array:
FromUserName : gh_f9b894563ef4 ;
ToUserName : o5V8y1YZ06MRMgu_lbt7I5_wksdU ;
MsgType : text ;
Content : 欢迎拨打电话：029-86357081 /  19909289055 订餐 ;

2020-07-29 10:56:25 trace :
------------
String:
<xml><ToUserName><![CDATA[gh_f9b894563ef4]]></ToUserName>
<FromUserName><![CDATA[o5V8y1W01M0RcXVXTjWfM0Bmpvd0]]></FromUserName>
<CreateTime>1595991385</CreateTime>
<MsgType><![CDATA[event]]></MsgType>
<Event><![CDATA[VIEW]]></Event>
<EventKey><![CDATA[http://www.boyufengmao.com/app/index.php?i=6&c=entry&m=ewei_shopv2&do=mobile&r=diypage&id=35]]></EventKey>
<MenuId>445261982</MenuId>
</xml>

2020-07-29 10:56:25 params :
------------
String:
array (
  'rule' => -2,
  'module' => '',
  'message' => 
  array (
    'tousername' => 'gh_f9b894563ef4',
    'fromusername' => 'o5V8y1W01M0RcXVXTjWfM0Bmpvd0',
    'createtime' => '1595991385',
    'msgtype' => 'event',
    'event' => 'VIEW',
    'eventkey' => 'http://www.boyufengmao.com/app/index.php?i=6&c=entry&m=ewei_shopv2&do=mobile&r=diypage&id=35',
    'menuid' => '445261982',
    'from' => 'o5V8y1W01M0RcXVXTjWfM0Bmpvd0',
    'to' => 'gh_f9b894563ef4',
    'time' => '1595991385',
    'type' => 'text',
    'content' => 'http://www.boyufengmao.com/app/index.php?i=6&c=entry&m=ewei_shopv2&do=mobile&r=diypage&id=35',
    'redirection' => true,
    'source' => 'VIEW',
  ),
)

2020-07-29 10:56:25 response :
------------

2020-07-29 11:24:27 trace :
------------
String:
<xml><ToUserName><![CDATA[gh_f9b894563ef4]]></ToUserName>
<FromUserName><![CDATA[o5V8y1RQ6lilNu0p72FmrOQJkO2U]]></FromUserName>
<CreateTime>1595993067</CreateTime>
<MsgType><![CDATA[event]]></MsgType>
<Event><![CDATA[VIEW]]></Event>
<EventKey><![CDATA[http://www.boyufengmao.com/app/index.php?i=6&c=entry&m=ewei_shopv2&do=mobile&r=diypage&id=35]]></EventKey>
<MenuId>445261982</MenuId>
</xml>

2020-07-29 11:24:27 params :
------------
String:
array (
  'rule' => -2,
  'module' => '',
  'message' => 
  array (
    'tousername' => 'gh_f9b894563ef4',
    'fromusername' => 'o5V8y1RQ6lilNu0p72FmrOQJkO2U',
    'createtime' => '1595993067',
    'msgtype' => 'event',
    'event' => 'VIEW',
    'eventkey' => 'http://www.boyufengmao.com/app/index.php?i=6&c=entry&m=ewei_shopv2&do=mobile&r=diypage&id=35',
    'menuid' => '445261982',
    'from' => 'o5V8y1RQ6lilNu0p72FmrOQJkO2U',
    'to' => 'gh_f9b894563ef4',
    'time' => '1595993067',
    'type' => 'text',
    'content' => 'http://www.boyufengmao.com/app/index.php?i=6&c=entry&m=ewei_shopv2&do=mobile&r=diypage&id=35',
    'redirection' => true,
    'source' => 'VIEW',
  ),
)

2020-07-29 11:24:27 response :
------------

2020-07-29 11:24:52 trace :
------------
String:
<xml><ToUserName><![CDATA[gh_f9b894563ef4]]></ToUserName>
<FromUserName><![CDATA[o5V8y1RQ6lilNu0p72FmrOQJkO2U]]></FromUserName>
<CreateTime>1595993092</CreateTime>
<MsgType><![CDATA[event]]></MsgType>
<Event><![CDATA[VIEW]]></Event>
<EventKey><![CDATA[http://www.boyufengmao.com/app/index.php?i=6&c=entry&m=ewei_shopv2&do=mobile]]></EventKey>
<MenuId>445261982</MenuId>
</xml>

2020-07-29 11:24:52 params :
------------
String:
array (
  'rule' => -2,
  'module' => '',
  'message' => 
  array (
    'tousername' => 'gh_f9b894563ef4',
    'fromusername' => 'o5V8y1RQ6lilNu0p72FmrOQJkO2U',
    'createtime' => '1595993092',
    'msgtype' => 'event',
    'event' => 'VIEW',
    'eventkey' => 'http://www.boyufengmao.com/app/index.php?i=6&c=entry&m=ewei_shopv2&do=mobile',
    'menuid' => '445261982',
    'from' => 'o5V8y1RQ6lilNu0p72FmrOQJkO2U',
    'to' => 'gh_f9b894563ef4',
    'time' => '1595993092',
    'type' => 'text',
    'content' => 'http://www.boyufengmao.com/app/index.php?i=6&c=entry&m=ewei_shopv2&do=mobile',
    'redirection' => true,
    'source' => 'VIEW',
  ),
)

2020-07-29 11:24:52 response :
------------

2020-07-29 12:06:56 trace :
------------
String:
<xml><ToUserName><![CDATA[gh_f84627c82e27]]></ToUserName>
<FromUserName><![CDATA[oLL3KwZySRonIHMpP12b4Uf-OBf0]]></FromUserName>
<CreateTime>1595995616</CreateTime>
<MsgType><![CDATA[event]]></MsgType>
<Event><![CDATA[MASSSENDJOBFINISH]]></Event>
<MsgID>1000000004</MsgID>
<Status><![CDATA[send success]]></Status>
<TotalCount>77</TotalCount>
<FilterCount>77</FilterCount>
<SentCount>77</SentCount>
<ErrorCount>0</ErrorCount>
<CopyrightCheckResult><Count>0</Count>
<ResultList></ResultList>
<CheckState>0</CheckState>
</CopyrightCheckResult>
<ArticleUrlResult><Count>1</Count>
<ResultList><item><ArticleIdx>1</ArticleIdx>
<ArticleUrl><![CDATA[http://mp.weixin.qq.com/s/ocGipjGsQOC2U8zyzVlZmQ]]></ArticleUrl>
</item>
</ResultList>
</ArticleUrlResult>
</xml>

2020-07-29 12:06:56 params :
------------
String:
array (
  'rule' => -2,
  'module' => '',
  'message' => 
  array (
    'tousername' => 'gh_f84627c82e27',
    'fromusername' => 'oLL3KwZySRonIHMpP12b4Uf-OBf0',
    'createtime' => '1595995616',
    'msgtype' => 'event',
    'event' => 'MASSSENDJOBFINISH',
    'msgid' => '1000000004',
    'status' => 'send success',
    'totalcount' => '77',
    'filtercount' => '77',
    'sentcount' => '77',
    'errorcount' => '0',
    'copyrightcheckresult' => 
    array (
      'count' => '0',
      'resultlist' => '',
      'checkstate' => '0',
    ),
    'articleurlresult' => 
    array (
      'count' => '1',
      'resultlist' => 
      array (
        'item' => 
        array (
          'articleidx' => '1',
          'articleurl' => 'http://mp.weixin.qq.com/s/ocGipjGsQOC2U8zyzVlZmQ',
        ),
      ),
    ),
    'from' => 'oLL3KwZySRonIHMpP12b4Uf-OBf0',
    'to' => 'gh_f84627c82e27',
    'time' => '1595995616',
    'type' => 'event',
  ),
)

2020-07-29 12:06:56 response :
------------

2020-07-29 12:19:36 trace :
------------
String:
<xml><ToUserName><![CDATA[gh_f84627c82e27]]></ToUserName>
<FromUserName><![CDATA[oLL3KwT90aNF7ptvkhuT5z70_6g8]]></FromUserName>
<CreateTime>1595996375</CreateTime>
<MsgType><![CDATA[event]]></MsgType>
<Event><![CDATA[VIEW]]></Event>
<EventKey><![CDATA[https://open.weixin.qq.com/connect/oauth2/authorize?appid=wxea8c3b3c6ef28cf2&redirect_uri=https%3A%2F%2Fweixin.keruyun.com%2FautoLogin%3FshopId%3D810640737%26menuId%3D349953158426793984&response_type=code&scope=snsapi_userinfo&state=weixin&component_appid=wx004cbf32587f3789#wechat_redirect]]></EventKey>
<MenuId>465323421</MenuId>
</xml>

2020-07-29 12:19:36 params :
------------
String:
array (
  'rule' => -2,
  'module' => '',
  'message' => 
  array (
    'tousername' => 'gh_f84627c82e27',
    'fromusername' => 'oLL3KwT90aNF7ptvkhuT5z70_6g8',
    'createtime' => '1595996375',
    'msgtype' => 'event',
    'event' => 'VIEW',
    'eventkey' => 'https://open.weixin.qq.com/connect/oauth2/authorize?appid=wxea8c3b3c6ef28cf2&redirect_uri=https%3A%2F%2Fweixin.keruyun.com%2FautoLogin%3FshopId%3D810640737%26menuId%3D349953158426793984&response_type=code&scope=snsapi_userinfo&state=weixin&component_appid=wx004cbf32587f3789#wechat_redirect',
    'menuid' => '465323421',
    'from' => 'oLL3KwT90aNF7ptvkhuT5z70_6g8',
    'to' => 'gh_f84627c82e27',
    'time' => '1595996375',
    'type' => 'text',
    'content' => 'https://open.weixin.qq.com/connect/oauth2/authorize?appid=wxea8c3b3c6ef28cf2&redirect_uri=https%3A%2F%2Fweixin.keruyun.com%2FautoLogin%3FshopId%3D810640737%26menuId%3D349953158426793984&response_type=code&scope=snsapi_userinfo&state=weixin&component_appid=wx004cbf32587f3789#wechat_redirect',
    'redirection' => true,
    'source' => 'VIEW',
  ),
)

2020-07-29 12:19:36 response :
------------

2020-07-29 12:22:05 trace :
------------
String:
<xml><ToUserName><![CDATA[gh_f84627c82e27]]></ToUserName>
<FromUserName><![CDATA[oLL3KwZP0bJi8MYwztACaixKYQ7Y]]></FromUserName>
<CreateTime>1595996524</CreateTime>
<MsgType><![CDATA[event]]></MsgType>
<Event><![CDATA[VIEW]]></Event>
<EventKey><![CDATA[https://open.weixin.qq.com/connect/oauth2/authorize?appid=wxea8c3b3c6ef28cf2&redirect_uri=https%3A%2F%2Fweixin.keruyun.com%2FautoLogin%3FshopId%3D810640737%26menuId%3D361820404749451264&response_type=code&scope=snsapi_userinfo&state=weixin&component_appid=wx004cbf32587f3789#wechat_redirect]]></EventKey>
<MenuId>465323421</MenuId>
</xml>

2020-07-29 12:22:05 params :
------------
String:
array (
  'rule' => -2,
  'module' => '',
  'message' => 
  array (
    'tousername' => 'gh_f84627c82e27',
    'fromusername' => 'oLL3KwZP0bJi8MYwztACaixKYQ7Y',
    'createtime' => '1595996524',
    'msgtype' => 'event',
    'event' => 'VIEW',
    'eventkey' => 'https://open.weixin.qq.com/connect/oauth2/authorize?appid=wxea8c3b3c6ef28cf2&redirect_uri=https%3A%2F%2Fweixin.keruyun.com%2FautoLogin%3FshopId%3D810640737%26menuId%3D361820404749451264&response_type=code&scope=snsapi_userinfo&state=weixin&component_appid=wx004cbf32587f3789#wechat_redirect',
    'menuid' => '465323421',
    'from' => 'oLL3KwZP0bJi8MYwztACaixKYQ7Y',
    'to' => 'gh_f84627c82e27',
    'time' => '1595996524',
    'type' => 'text',
    'content' => 'https://open.weixin.qq.com/connect/oauth2/authorize?appid=wxea8c3b3c6ef28cf2&redirect_uri=https%3A%2F%2Fweixin.keruyun.com%2FautoLogin%3FshopId%3D810640737%26menuId%3D361820404749451264&response_type=code&scope=snsapi_userinfo&state=weixin&component_appid=wx004cbf32587f3789#wechat_redirect',
    'redirection' => true,
    'source' => 'VIEW',
  ),
)

2020-07-29 12:22:05 response :
------------

2020-07-29 12:52:40 trace :
------------
String:
<xml><ToUserName><![CDATA[gh_be85a89af525]]></ToUserName>
<FromUserName><![CDATA[oLBiNwGCmMw1W_GxCHLMY-T9pvDU]]></FromUserName>
<CreateTime>1595998360</CreateTime>
<MsgType><![CDATA[event]]></MsgType>
<Event><![CDATA[VIEW]]></Event>
<EventKey><![CDATA[http://www.boyufengmao.com/app/index.php?i=23&c=entry&m=ewei_shopv2&do=mobile]]></EventKey>
<MenuId>445396590</MenuId>
</xml>

2020-07-29 12:52:40 params :
------------
String:
array (
  'rule' => -2,
  'module' => '',
  'message' => 
  array (
    'tousername' => 'gh_be85a89af525',
    'fromusername' => 'oLBiNwGCmMw1W_GxCHLMY-T9pvDU',
    'createtime' => '1595998360',
    'msgtype' => 'event',
    'event' => 'VIEW',
    'eventkey' => 'http://www.boyufengmao.com/app/index.php?i=23&c=entry&m=ewei_shopv2&do=mobile',
    'menuid' => '445396590',
    'from' => 'oLBiNwGCmMw1W_GxCHLMY-T9pvDU',
    'to' => 'gh_be85a89af525',
    'time' => '1595998360',
    'type' => 'text',
    'content' => 'http://www.boyufengmao.com/app/index.php?i=23&c=entry&m=ewei_shopv2&do=mobile',
    'redirection' => true,
    'source' => 'VIEW',
  ),
)

2020-07-29 12:52:40 response :
------------

2020-07-29 13:14:36 trace :
------------
String:
<xml><ToUserName><![CDATA[gh_f84627c82e27]]></ToUserName>
<FromUserName><![CDATA[oLL3KwYGZz1vTnDTSkYYAVAyB1sw]]></FromUserName>
<CreateTime>1595999675</CreateTime>
<MsgType><![CDATA[event]]></MsgType>
<Event><![CDATA[unsubscribe]]></Event>
<EventKey><![CDATA[]]></EventKey>
</xml>

2020-07-29 13:28:10 trace :
------------
String:
<xml><ToUserName><![CDATA[gh_f84627c82e27]]></ToUserName>
<FromUserName><![CDATA[oLL3KwVhyvZI1RnY5C1rHYORxols]]></FromUserName>
<CreateTime>1596000489</CreateTime>
<MsgType><![CDATA[event]]></MsgType>
<Event><![CDATA[VIEW]]></Event>
<EventKey><![CDATA[https://open.weixin.qq.com/connect/oauth2/authorize?appid=wxea8c3b3c6ef28cf2&redirect_uri=https%3A%2F%2Fweixin.keruyun.com%2FautoLogin%3FshopId%3D810640737%26menuId%3D361820404749451264&response_type=code&scope=snsapi_userinfo&state=weixin&component_appid=wx004cbf32587f3789#wechat_redirect]]></EventKey>
<MenuId>465323421</MenuId>
</xml>

2020-07-29 13:28:10 params :
------------
String:
array (
  'rule' => -2,
  'module' => '',
  'message' => 
  array (
    'tousername' => 'gh_f84627c82e27',
    'fromusername' => 'oLL3KwVhyvZI1RnY5C1rHYORxols',
    'createtime' => '1596000489',
    'msgtype' => 'event',
    'event' => 'VIEW',
    'eventkey' => 'https://open.weixin.qq.com/connect/oauth2/authorize?appid=wxea8c3b3c6ef28cf2&redirect_uri=https%3A%2F%2Fweixin.keruyun.com%2FautoLogin%3FshopId%3D810640737%26menuId%3D361820404749451264&response_type=code&scope=snsapi_userinfo&state=weixin&component_appid=wx004cbf32587f3789#wechat_redirect',
    'menuid' => '465323421',
    'from' => 'oLL3KwVhyvZI1RnY5C1rHYORxols',
    'to' => 'gh_f84627c82e27',
    'time' => '1596000489',
    'type' => 'text',
    'content' => 'https://open.weixin.qq.com/connect/oauth2/authorize?appid=wxea8c3b3c6ef28cf2&redirect_uri=https%3A%2F%2Fweixin.keruyun.com%2FautoLogin%3FshopId%3D810640737%26menuId%3D361820404749451264&response_type=code&scope=snsapi_userinfo&state=weixin&component_appid=wx004cbf32587f3789#wechat_redirect',
    'redirection' => true,
    'source' => 'VIEW',
  ),
)

2020-07-29 13:28:10 response :
------------

2020-07-29 13:55:25 trace :
------------
String:
<xml><ToUserName><![CDATA[gh_f84627c82e27]]></ToUserName>
<FromUserName><![CDATA[oLL3KwVhyvZI1RnY5C1rHYORxols]]></FromUserName>
<CreateTime>1596002125</CreateTime>
<MsgType><![CDATA[event]]></MsgType>
<Event><![CDATA[VIEW]]></Event>
<EventKey><![CDATA[http://www.boyufengmao.com/app/index.php?i=20&c=entry&m=ewei_shopv2&do=mobile]]></EventKey>
<MenuId>465329198</MenuId>
</xml>

2020-07-29 13:55:25 params :
------------
String:
array (
  'rule' => -2,
  'module' => '',
  'message' => 
  array (
    'tousername' => 'gh_f84627c82e27',
    'fromusername' => 'oLL3KwVhyvZI1RnY5C1rHYORxols',
    'createtime' => '1596002125',
    'msgtype' => 'event',
    'event' => 'VIEW',
    'eventkey' => 'http://www.boyufengmao.com/app/index.php?i=20&c=entry&m=ewei_shopv2&do=mobile',
    'menuid' => '465329198',
    'from' => 'oLL3KwVhyvZI1RnY5C1rHYORxols',
    'to' => 'gh_f84627c82e27',
    'time' => '1596002125',
    'type' => 'text',
    'content' => 'http://www.boyufengmao.com/app/index.php?i=20&c=entry&m=ewei_shopv2&do=mobile',
    'redirection' => true,
    'source' => 'VIEW',
  ),
)

2020-07-29 13:55:25 response :
------------

2020-07-29 13:59:01 trace :
------------
String:
<xml><ToUserName><![CDATA[gh_f84627c82e27]]></ToUserName>
<FromUserName><![CDATA[oLL3KwVhyvZI1RnY5C1rHYORxols]]></FromUserName>
<CreateTime>1596002341</CreateTime>
<MsgType><![CDATA[event]]></MsgType>
<Event><![CDATA[VIEW]]></Event>
<EventKey><![CDATA[http://www.boyufengmao.com/app/index.php?i=20&c=entry&m=ewei_shopv2&do=mobile]]></EventKey>
<MenuId>465329198</MenuId>
</xml>

2020-07-29 13:59:01 params :
------------
String:
array (
  'rule' => -2,
  'module' => '',
  'message' => 
  array (
    'tousername' => 'gh_f84627c82e27',
    'fromusername' => 'oLL3KwVhyvZI1RnY5C1rHYORxols',
    'createtime' => '1596002341',
    'msgtype' => 'event',
    'event' => 'VIEW',
    'eventkey' => 'http://www.boyufengmao.com/app/index.php?i=20&c=entry&m=ewei_shopv2&do=mobile',
    'menuid' => '465329198',
    'from' => 'oLL3KwVhyvZI1RnY5C1rHYORxols',
    'to' => 'gh_f84627c82e27',
    'time' => '1596002341',
    'type' => 'text',
    'content' => 'http://www.boyufengmao.com/app/index.php?i=20&c=entry&m=ewei_shopv2&do=mobile',
    'redirection' => true,
    'source' => 'VIEW',
  ),
)

2020-07-29 13:59:01 response :
------------

2020-07-29 14:00:30 trace :
------------
String:
<xml><ToUserName><![CDATA[gh_f84627c82e27]]></ToUserName>
<FromUserName><![CDATA[oLL3KwVhyvZI1RnY5C1rHYORxols]]></FromUserName>
<CreateTime>1596002430</CreateTime>
<MsgType><![CDATA[event]]></MsgType>
<Event><![CDATA[VIEW]]></Event>
<EventKey><![CDATA[http://www.boyufengmao.com/app/index.php?i=20&c=entry&m=ewei_shopv2&do=mobile]]></EventKey>
<MenuId>465329198</MenuId>
</xml>

2020-07-29 14:00:30 params :
------------
String:
array (
  'rule' => -2,
  'module' => '',
  'message' => 
  array (
    'tousername' => 'gh_f84627c82e27',
    'fromusername' => 'oLL3KwVhyvZI1RnY5C1rHYORxols',
    'createtime' => '1596002430',
    'msgtype' => 'event',
    'event' => 'VIEW',
    'eventkey' => 'http://www.boyufengmao.com/app/index.php?i=20&c=entry&m=ewei_shopv2&do=mobile',
    'menuid' => '465329198',
    'from' => 'oLL3KwVhyvZI1RnY5C1rHYORxols',
    'to' => 'gh_f84627c82e27',
    'time' => '1596002430',
    'type' => 'text',
    'content' => 'http://www.boyufengmao.com/app/index.php?i=20&c=entry&m=ewei_shopv2&do=mobile',
    'redirection' => true,
    'source' => 'VIEW',
  ),
)

2020-07-29 14:00:30 response :
------------

2020-07-29 14:03:15 trace :
------------
String:
<xml><ToUserName><![CDATA[gh_f84627c82e27]]></ToUserName>
<FromUserName><![CDATA[oLL3KwVhyvZI1RnY5C1rHYORxols]]></FromUserName>
<CreateTime>1596002595</CreateTime>
<MsgType><![CDATA[event]]></MsgType>
<Event><![CDATA[VIEW]]></Event>
<EventKey><![CDATA[http://www.boyufengmao.com/app/index.php?i=20&c=entry&m=ewei_shopv2&do=mobile]]></EventKey>
<MenuId>465329198</MenuId>
</xml>

2020-07-29 14:03:15 params :
------------
String:
array (
  'rule' => -2,
  'module' => '',
  'message' => 
  array (
    'tousername' => 'gh_f84627c82e27',
    'fromusername' => 'oLL3KwVhyvZI1RnY5C1rHYORxols',
    'createtime' => '1596002595',
    'msgtype' => 'event',
    'event' => 'VIEW',
    'eventkey' => 'http://www.boyufengmao.com/app/index.php?i=20&c=entry&m=ewei_shopv2&do=mobile',
    'menuid' => '465329198',
    'from' => 'oLL3KwVhyvZI1RnY5C1rHYORxols',
    'to' => 'gh_f84627c82e27',
    'time' => '1596002595',
    'type' => 'text',
    'content' => 'http://www.boyufengmao.com/app/index.php?i=20&c=entry&m=ewei_shopv2&do=mobile',
    'redirection' => true,
    'source' => 'VIEW',
  ),
)

2020-07-29 14:03:15 response :
------------

2020-07-29 14:43:14 trace :
------------
String:
<xml><ToUserName><![CDATA[gh_f84627c82e27]]></ToUserName>
<FromUserName><![CDATA[oLL3KwQGSs84rvmb6hoNNlZr8eQk]]></FromUserName>
<CreateTime>1596004994</CreateTime>
<MsgType><![CDATA[event]]></MsgType>
<Event><![CDATA[unsubscribe]]></Event>
<EventKey><![CDATA[]]></EventKey>
</xml>

2020-07-29 14:59:03 trace :
------------
String:
<xml><ToUserName><![CDATA[gh_f84627c82e27]]></ToUserName>
<FromUserName><![CDATA[oLL3KwVhyvZI1RnY5C1rHYORxols]]></FromUserName>
<CreateTime>1596005943</CreateTime>
<MsgType><![CDATA[event]]></MsgType>
<Event><![CDATA[VIEW]]></Event>
<EventKey><![CDATA[http://www.boyufengmao.com/app/index.php?i=20&c=entry&m=ewei_shopv2&do=mobile]]></EventKey>
<MenuId>465329198</MenuId>
</xml>

2020-07-29 14:59:03 params :
------------
String:
array (
  'rule' => -2,
  'module' => '',
  'message' => 
  array (
    'tousername' => 'gh_f84627c82e27',
    'fromusername' => 'oLL3KwVhyvZI1RnY5C1rHYORxols',
    'createtime' => '1596005943',
    'msgtype' => 'event',
    'event' => 'VIEW',
    'eventkey' => 'http://www.boyufengmao.com/app/index.php?i=20&c=entry&m=ewei_shopv2&do=mobile',
    'menuid' => '465329198',
    'from' => 'oLL3KwVhyvZI1RnY5C1rHYORxols',
    'to' => 'gh_f84627c82e27',
    'time' => '1596005943',
    'type' => 'text',
    'content' => 'http://www.boyufengmao.com/app/index.php?i=20&c=entry&m=ewei_shopv2&do=mobile',
    'redirection' => true,
    'source' => 'VIEW',
  ),
)

2020-07-29 14:59:03 response :
------------

2020-07-29 15:27:50 trace :
------------
String:
<xml><ToUserName><![CDATA[gh_f9b894563ef4]]></ToUserName>
<FromUserName><![CDATA[o5V8y1ZhkRhfX-ZdKVhvb9EkokDo]]></FromUserName>
<CreateTime>1596007669</CreateTime>
<MsgType><![CDATA[event]]></MsgType>
<Event><![CDATA[unsubscribe]]></Event>
<EventKey><![CDATA[]]></EventKey>
</xml>

2020-07-29 15:52:10 trace :
------------
String:
<xml><ToUserName><![CDATA[gh_62bcc2f9639d]]></ToUserName>
<FromUserName><![CDATA[opjhUwJi4S_z1Eq3rQRBAf0vkBv4]]></FromUserName>
<CreateTime>1596009130</CreateTime>
<MsgType><![CDATA[event]]></MsgType>
<Event><![CDATA[MASSSENDJOBFINISH]]></Event>
<MsgID>1000000023</MsgID>
<Status><![CDATA[send success]]></Status>
<TotalCount>290</TotalCount>
<FilterCount>290</FilterCount>
<SentCount>290</SentCount>
<ErrorCount>0</ErrorCount>
<CopyrightCheckResult><Count>0</Count>
<ResultList></ResultList>
<CheckState>0</CheckState>
</CopyrightCheckResult>
<ArticleUrlResult><Count>1</Count>
<ResultList><item><ArticleIdx>1</ArticleIdx>
<ArticleUrl><![CDATA[http://mp.weixin.qq.com/s/uFiJmNiS7MbqSy-BepaWLw]]></ArticleUrl>
</item>
</ResultList>
</ArticleUrlResult>
</xml>

2020-07-29 15:52:10 params :
------------
String:
array (
  'rule' => -2,
  'module' => '',
  'message' => 
  array (
    'tousername' => 'gh_62bcc2f9639d',
    'fromusername' => 'opjhUwJi4S_z1Eq3rQRBAf0vkBv4',
    'createtime' => '1596009130',
    'msgtype' => 'event',
    'event' => 'MASSSENDJOBFINISH',
    'msgid' => '1000000023',
    'status' => 'send success',
    'totalcount' => '290',
    'filtercount' => '290',
    'sentcount' => '290',
    'errorcount' => '0',
    'copyrightcheckresult' => 
    array (
      'count' => '0',
      'resultlist' => '',
      'checkstate' => '0',
    ),
    'articleurlresult' => 
    array (
      'count' => '1',
      'resultlist' => 
      array (
        'item' => 
        array (
          'articleidx' => '1',
          'articleurl' => 'http://mp.weixin.qq.com/s/uFiJmNiS7MbqSy-BepaWLw',
        ),
      ),
    ),
    'from' => 'opjhUwJi4S_z1Eq3rQRBAf0vkBv4',
    'to' => 'gh_62bcc2f9639d',
    'time' => '1596009130',
    'type' => 'event',
  ),
)

2020-07-29 15:52:10 response :
------------

2020-07-29 15:53:41 trace :
------------
String:
<xml><ToUserName><![CDATA[gh_62bcc2f9639d]]></ToUserName>
<FromUserName><![CDATA[opjhUwOLhlseohRSQ763SsdxwXxo]]></FromUserName>
<CreateTime>1596009221</CreateTime>
<MsgType><![CDATA[event]]></MsgType>
<Event><![CDATA[unsubscribe]]></Event>
<EventKey><![CDATA[]]></EventKey>
</xml>

2020-07-29 15:59:43 trace :
------------
String:
<xml><ToUserName><![CDATA[gh_62bcc2f9639d]]></ToUserName>
<FromUserName><![CDATA[opjhUwAuxLVVLQYXNUlYZK5ZcSNM]]></FromUserName>
<CreateTime>1596009583</CreateTime>
<MsgType><![CDATA[event]]></MsgType>
<Event><![CDATA[unsubscribe]]></Event>
<EventKey><![CDATA[]]></EventKey>
</xml>

2020-07-29 16:09:52 trace :
------------
String:
<xml><ToUserName><![CDATA[gh_7b3d37846b75]]></ToUserName>
<FromUserName><![CDATA[oZ5PY1G7ogy9IJN9B9V3pLdlycX4]]></FromUserName>
<CreateTime>1596010192</CreateTime>
<MsgType><![CDATA[event]]></MsgType>
<Event><![CDATA[MASSSENDJOBFINISH]]></Event>
<MsgID>1000000037</MsgID>
<Status><![CDATA[send success]]></Status>
<TotalCount>224</TotalCount>
<FilterCount>224</FilterCount>
<SentCount>224</SentCount>
<ErrorCount>0</ErrorCount>
<CopyrightCheckResult><Count>0</Count>
<ResultList></ResultList>
<CheckState>0</CheckState>
</CopyrightCheckResult>
<ArticleUrlResult><Count>1</Count>
<ResultList><item><ArticleIdx>1</ArticleIdx>
<ArticleUrl><![CDATA[http://mp.weixin.qq.com/s/G6QH8Qaa8YCpagW_iX2sag]]></ArticleUrl>
</item>
</ResultList>
</ArticleUrlResult>
</xml>

2020-07-29 16:09:52 params :
------------
String:
array (
  'rule' => -2,
  'module' => '',
  'message' => 
  array (
    'tousername' => 'gh_7b3d37846b75',
    'fromusername' => 'oZ5PY1G7ogy9IJN9B9V3pLdlycX4',
    'createtime' => '1596010192',
    'msgtype' => 'event',
    'event' => 'MASSSENDJOBFINISH',
    'msgid' => '1000000037',
    'status' => 'send success',
    'totalcount' => '224',
    'filtercount' => '224',
    'sentcount' => '224',
    'errorcount' => '0',
    'copyrightcheckresult' => 
    array (
      'count' => '0',
      'resultlist' => '',
      'checkstate' => '0',
    ),
    'articleurlresult' => 
    array (
      'count' => '1',
      'resultlist' => 
      array (
        'item' => 
        array (
          'articleidx' => '1',
          'articleurl' => 'http://mp.weixin.qq.com/s/G6QH8Qaa8YCpagW_iX2sag',
        ),
      ),
    ),
    'from' => 'oZ5PY1G7ogy9IJN9B9V3pLdlycX4',
    'to' => 'gh_7b3d37846b75',
    'time' => '1596010192',
    'type' => 'event',
  ),
)

2020-07-29 16:09:52 response :
------------

2020-07-29 16:16:03 trace :
------------
String:
<xml><ToUserName><![CDATA[gh_7b3d37846b75]]></ToUserName>
<FromUserName><![CDATA[oZ5PY1BA-I1R4Bcm0zTb3Mj_g-eM]]></FromUserName>
<CreateTime>1596010563</CreateTime>
<MsgType><![CDATA[event]]></MsgType>
<Event><![CDATA[unsubscribe]]></Event>
<EventKey><![CDATA[]]></EventKey>
</xml>

2020-07-29 16:19:04 trace :
------------
String:
<xml><ToUserName><![CDATA[gh_62bcc2f9639d]]></ToUserName>
<FromUserName><![CDATA[opjhUwLVxoVJp7drJs7bkcXWC5X4]]></FromUserName>
<CreateTime>1596010744</CreateTime>
<MsgType><![CDATA[event]]></MsgType>
<Event><![CDATA[unsubscribe]]></Event>
<EventKey><![CDATA[]]></EventKey>
</xml>

2020-07-29 16:20:48 trace :
------------
String:
<xml><ToUserName><![CDATA[gh_62bcc2f9639d]]></ToUserName>
<FromUserName><![CDATA[opjhUwARxR0mFI0Vpjz8FnrU5cb8]]></FromUserName>
<CreateTime>1596010848</CreateTime>
<MsgType><![CDATA[event]]></MsgType>
<Event><![CDATA[VIEW]]></Event>
<EventKey><![CDATA[http://www.boyufengmao.com/app/index.php?i=10&c=entry&m=ewei_shopv2&do=mobile&r=member]]></EventKey>
<MenuId>432207807</MenuId>
</xml>

2020-07-29 16:20:48 params :
------------
String:
array (
  'rule' => -2,
  'module' => '',
  'message' => 
  array (
    'tousername' => 'gh_62bcc2f9639d',
    'fromusername' => 'opjhUwARxR0mFI0Vpjz8FnrU5cb8',
    'createtime' => '1596010848',
    'msgtype' => 'event',
    'event' => 'VIEW',
    'eventkey' => 'http://www.boyufengmao.com/app/index.php?i=10&c=entry&m=ewei_shopv2&do=mobile&r=member',
    'menuid' => '432207807',
    'from' => 'opjhUwARxR0mFI0Vpjz8FnrU5cb8',
    'to' => 'gh_62bcc2f9639d',
    'time' => '1596010848',
    'type' => 'text',
    'content' => 'http://www.boyufengmao.com/app/index.php?i=10&c=entry&m=ewei_shopv2&do=mobile&r=member',
    'redirection' => true,
    'source' => 'VIEW',
  ),
)

2020-07-29 16:20:48 response :
------------

2020-07-29 16:44:18 trace :
------------
String:
<xml><ToUserName><![CDATA[gh_62bcc2f9639d]]></ToUserName>
<FromUserName><![CDATA[opjhUwJzbt6Tf39uzGBuKjnHMiKI]]></FromUserName>
<CreateTime>1596012258</CreateTime>
<MsgType><![CDATA[event]]></MsgType>
<Event><![CDATA[VIEW]]></Event>
<EventKey><![CDATA[http://www.boyufengmao.com/app/index.php?i=10&c=entry&m=ewei_shopv2&do=mobile]]></EventKey>
<MenuId>432207807</MenuId>
</xml>

2020-07-29 16:44:18 params :
------------
String:
array (
  'rule' => -2,
  'module' => '',
  'message' => 
  array (
    'tousername' => 'gh_62bcc2f9639d',
    'fromusername' => 'opjhUwJzbt6Tf39uzGBuKjnHMiKI',
    'createtime' => '1596012258',
    'msgtype' => 'event',
    'event' => 'VIEW',
    'eventkey' => 'http://www.boyufengmao.com/app/index.php?i=10&c=entry&m=ewei_shopv2&do=mobile',
    'menuid' => '432207807',
    'from' => 'opjhUwJzbt6Tf39uzGBuKjnHMiKI',
    'to' => 'gh_62bcc2f9639d',
    'time' => '1596012258',
    'type' => 'text',
    'content' => 'http://www.boyufengmao.com/app/index.php?i=10&c=entry&m=ewei_shopv2&do=mobile',
    'redirection' => true,
    'source' => 'VIEW',
  ),
)

2020-07-29 16:44:18 response :
------------

2020-07-29 16:48:42 trace :
------------
String:
<xml><ToUserName><![CDATA[gh_798963d6b623]]></ToUserName>
<FromUserName><![CDATA[oa1g_1H6fyBQ9nUZcHi2iBuTFY5M]]></FromUserName>
<CreateTime>1596012522</CreateTime>
<MsgType><![CDATA[event]]></MsgType>
<Event><![CDATA[VIEW]]></Event>
<EventKey><![CDATA[http://www.boyufengmao.com/app/index.php?i=9&c=entry&m=ewei_shopv2&do=mobile]]></EventKey>
<MenuId>438278889</MenuId>
</xml>

2020-07-29 16:48:42 params :
------------
String:
array (
  'rule' => -2,
  'module' => '',
  'message' => 
  array (
    'tousername' => 'gh_798963d6b623',
    'fromusername' => 'oa1g_1H6fyBQ9nUZcHi2iBuTFY5M',
    'createtime' => '1596012522',
    'msgtype' => 'event',
    'event' => 'VIEW',
    'eventkey' => 'http://www.boyufengmao.com/app/index.php?i=9&c=entry&m=ewei_shopv2&do=mobile',
    'menuid' => '438278889',
    'from' => 'oa1g_1H6fyBQ9nUZcHi2iBuTFY5M',
    'to' => 'gh_798963d6b623',
    'time' => '1596012522',
    'type' => 'text',
    'content' => 'http://www.boyufengmao.com/app/index.php?i=9&c=entry&m=ewei_shopv2&do=mobile',
    'redirection' => true,
    'source' => 'VIEW',
  ),
)

2020-07-29 16:48:42 response :
------------

2020-07-29 16:53:46 trace :
------------
String:
<xml><ToUserName><![CDATA[gh_be85a89af525]]></ToUserName>
<FromUserName><![CDATA[oLBiNwGCmMw1W_GxCHLMY-T9pvDU]]></FromUserName>
<CreateTime>1596012826</CreateTime>
<MsgType><![CDATA[event]]></MsgType>
<Event><![CDATA[VIEW]]></Event>
<EventKey><![CDATA[http://www.boyufengmao.com/app/index.php?i=23&c=entry&m=ewei_shopv2&do=mobile]]></EventKey>
<MenuId>445396590</MenuId>
</xml>

2020-07-29 16:53:46 params :
------------
String:
array (
  'rule' => -2,
  'module' => '',
  'message' => 
  array (
    'tousername' => 'gh_be85a89af525',
    'fromusername' => 'oLBiNwGCmMw1W_GxCHLMY-T9pvDU',
    'createtime' => '1596012826',
    'msgtype' => 'event',
    'event' => 'VIEW',
    'eventkey' => 'http://www.boyufengmao.com/app/index.php?i=23&c=entry&m=ewei_shopv2&do=mobile',
    'menuid' => '445396590',
    'from' => 'oLBiNwGCmMw1W_GxCHLMY-T9pvDU',
    'to' => 'gh_be85a89af525',
    'time' => '1596012826',
    'type' => 'text',
    'content' => 'http://www.boyufengmao.com/app/index.php?i=23&c=entry&m=ewei_shopv2&do=mobile',
    'redirection' => true,
    'source' => 'VIEW',
  ),
)

2020-07-29 16:53:46 response :
------------

2020-07-29 16:53:49 trace :
------------
String:
<xml><ToUserName><![CDATA[gh_be85a89af525]]></ToUserName>
<FromUserName><![CDATA[oLBiNwGCmMw1W_GxCHLMY-T9pvDU]]></FromUserName>
<CreateTime>1596012828</CreateTime>
<MsgType><![CDATA[event]]></MsgType>
<Event><![CDATA[VIEW]]></Event>
<EventKey><![CDATA[http://www.boyufengmao.com/app/index.php?i=23&c=entry&m=ewei_shopv2&do=mobile]]></EventKey>
<MenuId>445396590</MenuId>
</xml>

2020-07-29 16:53:49 params :
------------
String:
array (
  'rule' => -2,
  'module' => '',
  'message' => 
  array (
    'tousername' => 'gh_be85a89af525',
    'fromusername' => 'oLBiNwGCmMw1W_GxCHLMY-T9pvDU',
    'createtime' => '1596012828',
    'msgtype' => 'event',
    'event' => 'VIEW',
    'eventkey' => 'http://www.boyufengmao.com/app/index.php?i=23&c=entry&m=ewei_shopv2&do=mobile',
    'menuid' => '445396590',
    'from' => 'oLBiNwGCmMw1W_GxCHLMY-T9pvDU',
    'to' => 'gh_be85a89af525',
    'time' => '1596012828',
    'type' => 'text',
    'content' => 'http://www.boyufengmao.com/app/index.php?i=23&c=entry&m=ewei_shopv2&do=mobile',
    'redirection' => true,
    'source' => 'VIEW',
  ),
)

2020-07-29 16:53:49 response :
------------

2020-07-29 17:00:32 trace :
------------
String:
<xml><ToUserName><![CDATA[gh_62bcc2f9639d]]></ToUserName>
<FromUserName><![CDATA[opjhUwCR42HN4G3vyI0GSOu0ruCk]]></FromUserName>
<CreateTime>1596013231</CreateTime>
<MsgType><![CDATA[event]]></MsgType>
<Event><![CDATA[VIEW]]></Event>
<EventKey><![CDATA[http://www.boyufengmao.com/app/index.php?i=10&c=entry&m=ewei_shopv2&do=mobile]]></EventKey>
<MenuId>432207807</MenuId>
</xml>

2020-07-29 17:00:32 params :
------------
String:
array (
  'rule' => -2,
  'module' => '',
  'message' => 
  array (
    'tousername' => 'gh_62bcc2f9639d',
    'fromusername' => 'opjhUwCR42HN4G3vyI0GSOu0ruCk',
    'createtime' => '1596013231',
    'msgtype' => 'event',
    'event' => 'VIEW',
    'eventkey' => 'http://www.boyufengmao.com/app/index.php?i=10&c=entry&m=ewei_shopv2&do=mobile',
    'menuid' => '432207807',
    'from' => 'opjhUwCR42HN4G3vyI0GSOu0ruCk',
    'to' => 'gh_62bcc2f9639d',
    'time' => '1596013231',
    'type' => 'text',
    'content' => 'http://www.boyufengmao.com/app/index.php?i=10&c=entry&m=ewei_shopv2&do=mobile',
    'redirection' => true,
    'source' => 'VIEW',
  ),
)

2020-07-29 17:00:32 response :
------------

2020-07-29 17:01:11 trace :
------------
String:
<xml><ToUserName><![CDATA[gh_62bcc2f9639d]]></ToUserName>
<FromUserName><![CDATA[opjhUwCR42HN4G3vyI0GSOu0ruCk]]></FromUserName>
<CreateTime>1596013271</CreateTime>
<MsgType><![CDATA[event]]></MsgType>
<Event><![CDATA[VIEW]]></Event>
<EventKey><![CDATA[http://www.boyufengmao.com/app/index.php?i=10&c=entry&m=ewei_shopv2&do=mobile&r=member]]></EventKey>
<MenuId>432207807</MenuId>
</xml>

2020-07-29 17:01:11 params :
------------
String:
array (
  'rule' => -2,
  'module' => '',
  'message' => 
  array (
    'tousername' => 'gh_62bcc2f9639d',
    'fromusername' => 'opjhUwCR42HN4G3vyI0GSOu0ruCk',
    'createtime' => '1596013271',
    'msgtype' => 'event',
    'event' => 'VIEW',
    'eventkey' => 'http://www.boyufengmao.com/app/index.php?i=10&c=entry&m=ewei_shopv2&do=mobile&r=member',
    'menuid' => '432207807',
    'from' => 'opjhUwCR42HN4G3vyI0GSOu0ruCk',
    'to' => 'gh_62bcc2f9639d',
    'time' => '1596013271',
    'type' => 'text',
    'content' => 'http://www.boyufengmao.com/app/index.php?i=10&c=entry&m=ewei_shopv2&do=mobile&r=member',
    'redirection' => true,
    'source' => 'VIEW',
  ),
)

2020-07-29 17:01:11 response :
------------

2020-07-29 17:16:33 trace :
------------
String:
<xml><ToUserName><![CDATA[gh_62bcc2f9639d]]></ToUserName>
<FromUserName><![CDATA[opjhUwF51EJkO1VRhLXhFGcHV_is]]></FromUserName>
<CreateTime>1596014192</CreateTime>
<MsgType><![CDATA[event]]></MsgType>
<Event><![CDATA[unsubscribe]]></Event>
<EventKey><![CDATA[]]></EventKey>
</xml>

2020-07-29 17:42:50 trace :
------------
String:
<xml><ToUserName><![CDATA[gh_7b3d37846b75]]></ToUserName>
<FromUserName><![CDATA[oZ5PY1EgMD7cvcYqUti5BSvn6fhE]]></FromUserName>
<CreateTime>1596015770</CreateTime>
<MsgType><![CDATA[event]]></MsgType>
<Event><![CDATA[VIEW]]></Event>
<EventKey><![CDATA[http://www.boyufengmao.com/app/index.php?i=7&c=entry&m=ewei_shopv2&do=mobile&r=diypage&id=30]]></EventKey>
<MenuId>516391862</MenuId>
</xml>

2020-07-29 17:42:50 params :
------------
String:
array (
  'rule' => -2,
  'module' => '',
  'message' => 
  array (
    'tousername' => 'gh_7b3d37846b75',
    'fromusername' => 'oZ5PY1EgMD7cvcYqUti5BSvn6fhE',
    'createtime' => '1596015770',
    'msgtype' => 'event',
    'event' => 'VIEW',
    'eventkey' => 'http://www.boyufengmao.com/app/index.php?i=7&c=entry&m=ewei_shopv2&do=mobile&r=diypage&id=30',
    'menuid' => '516391862',
    'from' => 'oZ5PY1EgMD7cvcYqUti5BSvn6fhE',
    'to' => 'gh_7b3d37846b75',
    'time' => '1596015770',
    'type' => 'text',
    'content' => 'http://www.boyufengmao.com/app/index.php?i=7&c=entry&m=ewei_shopv2&do=mobile&r=diypage&id=30',
    'redirection' => true,
    'source' => 'VIEW',
  ),
)

2020-07-29 17:42:50 response :
------------

2020-07-29 17:43:14 trace :
------------
String:
<xml><ToUserName><![CDATA[gh_7b3d37846b75]]></ToUserName>
<FromUserName><![CDATA[oZ5PY1EgMD7cvcYqUti5BSvn6fhE]]></FromUserName>
<CreateTime>1596015794</CreateTime>
<MsgType><![CDATA[event]]></MsgType>
<Event><![CDATA[VIEW]]></Event>
<EventKey><![CDATA[http://www.boyufengmao.com/app/index.php?i=7&c=entry&m=ewei_shopv2&do=mobile&r=member]]></EventKey>
<MenuId>516391862</MenuId>
</xml>

2020-07-29 17:43:14 params :
------------
String:
array (
  'rule' => -2,
  'module' => '',
  'message' => 
  array (
    'tousername' => 'gh_7b3d37846b75',
    'fromusername' => 'oZ5PY1EgMD7cvcYqUti5BSvn6fhE',
    'createtime' => '1596015794',
    'msgtype' => 'event',
    'event' => 'VIEW',
    'eventkey' => 'http://www.boyufengmao.com/app/index.php?i=7&c=entry&m=ewei_shopv2&do=mobile&r=member',
    'menuid' => '516391862',
    'from' => 'oZ5PY1EgMD7cvcYqUti5BSvn6fhE',
    'to' => 'gh_7b3d37846b75',
    'time' => '1596015794',
    'type' => 'text',
    'content' => 'http://www.boyufengmao.com/app/index.php?i=7&c=entry&m=ewei_shopv2&do=mobile&r=member',
    'redirection' => true,
    'source' => 'VIEW',
  ),
)

2020-07-29 17:43:14 response :
------------

2020-07-29 17:44:03 trace :
------------
String:
<xml><ToUserName><![CDATA[gh_7b3d37846b75]]></ToUserName>
<FromUserName><![CDATA[oZ5PY1EgMD7cvcYqUti5BSvn6fhE]]></FromUserName>
<CreateTime>1596015843</CreateTime>
<MsgType><![CDATA[event]]></MsgType>
<Event><![CDATA[VIEW]]></Event>
<EventKey><![CDATA[http://www.boyufengmao.com/app/index.php?i=7&c=entry&m=ewei_shopv2&do=mobile&r=diypage&id=30]]></EventKey>
<MenuId>516391862</MenuId>
</xml>

2020-07-29 17:44:03 params :
------------
String:
array (
  'rule' => -2,
  'module' => '',
  'message' => 
  array (
    'tousername' => 'gh_7b3d37846b75',
    'fromusername' => 'oZ5PY1EgMD7cvcYqUti5BSvn6fhE',
    'createtime' => '1596015843',
    'msgtype' => 'event',
    'event' => 'VIEW',
    'eventkey' => 'http://www.boyufengmao.com/app/index.php?i=7&c=entry&m=ewei_shopv2&do=mobile&r=diypage&id=30',
    'menuid' => '516391862',
    'from' => 'oZ5PY1EgMD7cvcYqUti5BSvn6fhE',
    'to' => 'gh_7b3d37846b75',
    'time' => '1596015843',
    'type' => 'text',
    'content' => 'http://www.boyufengmao.com/app/index.php?i=7&c=entry&m=ewei_shopv2&do=mobile&r=diypage&id=30',
    'redirection' => true,
    'source' => 'VIEW',
  ),
)

2020-07-29 17:44:03 response :
------------

2020-07-29 17:44:52 trace :
------------
String:
<xml><ToUserName><![CDATA[gh_62bcc2f9639d]]></ToUserName>
<FromUserName><![CDATA[opjhUwHoUj15UcdZ7--PHD7lIDQ8]]></FromUserName>
<CreateTime>1596015892</CreateTime>
<MsgType><![CDATA[event]]></MsgType>
<Event><![CDATA[VIEW]]></Event>
<EventKey><![CDATA[http://www.boyufengmao.com/app/index.php?i=10&c=entry&m=ewei_shopv2&do=mobile&r=member]]></EventKey>
<MenuId>432207807</MenuId>
</xml>

2020-07-29 17:44:52 params :
------------
String:
array (
  'rule' => -2,
  'module' => '',
  'message' => 
  array (
    'tousername' => 'gh_62bcc2f9639d',
    'fromusername' => 'opjhUwHoUj15UcdZ7--PHD7lIDQ8',
    'createtime' => '1596015892',
    'msgtype' => 'event',
    'event' => 'VIEW',
    'eventkey' => 'http://www.boyufengmao.com/app/index.php?i=10&c=entry&m=ewei_shopv2&do=mobile&r=member',
    'menuid' => '432207807',
    'from' => 'opjhUwHoUj15UcdZ7--PHD7lIDQ8',
    'to' => 'gh_62bcc2f9639d',
    'time' => '1596015892',
    'type' => 'text',
    'content' => 'http://www.boyufengmao.com/app/index.php?i=10&c=entry&m=ewei_shopv2&do=mobile&r=member',
    'redirection' => true,
    'source' => 'VIEW',
  ),
)

2020-07-29 17:44:52 response :
------------

2020-07-29 17:44:53 trace :
------------
String:
<xml><ToUserName><![CDATA[gh_62bcc2f9639d]]></ToUserName>
<FromUserName><![CDATA[opjhUwHoUj15UcdZ7--PHD7lIDQ8]]></FromUserName>
<CreateTime>1596015893</CreateTime>
<MsgType><![CDATA[event]]></MsgType>
<Event><![CDATA[VIEW]]></Event>
<EventKey><![CDATA[http://www.boyufengmao.com/app/index.php?i=10&c=entry&m=ewei_shopv2&do=mobile&r=member]]></EventKey>
<MenuId>432207807</MenuId>
</xml>

2020-07-29 17:44:53 params :
------------
String:
array (
  'rule' => -2,
  'module' => '',
  'message' => 
  array (
    'tousername' => 'gh_62bcc2f9639d',
    'fromusername' => 'opjhUwHoUj15UcdZ7--PHD7lIDQ8',
    'createtime' => '1596015893',
    'msgtype' => 'event',
    'event' => 'VIEW',
    'eventkey' => 'http://www.boyufengmao.com/app/index.php?i=10&c=entry&m=ewei_shopv2&do=mobile&r=member',
    'menuid' => '432207807',
    'from' => 'opjhUwHoUj15UcdZ7--PHD7lIDQ8',
    'to' => 'gh_62bcc2f9639d',
    'time' => '1596015893',
    'type' => 'text',
    'content' => 'http://www.boyufengmao.com/app/index.php?i=10&c=entry&m=ewei_shopv2&do=mobile&r=member',
    'redirection' => true,
    'source' => 'VIEW',
  ),
)

2020-07-29 17:44:53 response :
------------

2020-07-29 17:51:46 trace :
------------
String:
<xml><ToUserName><![CDATA[gh_7b3d37846b75]]></ToUserName>
<FromUserName><![CDATA[oZ5PY1EgMD7cvcYqUti5BSvn6fhE]]></FromUserName>
<CreateTime>1596016306</CreateTime>
<MsgType><![CDATA[event]]></MsgType>
<Event><![CDATA[VIEW]]></Event>
<EventKey><![CDATA[http://www.boyufengmao.com/app/index.php?i=7&c=entry&m=ewei_shopv2&do=mobile&r=member]]></EventKey>
<MenuId>516391862</MenuId>
</xml>

2020-07-29 17:51:46 params :
------------
String:
array (
  'rule' => -2,
  'module' => '',
  'message' => 
  array (
    'tousername' => 'gh_7b3d37846b75',
    'fromusername' => 'oZ5PY1EgMD7cvcYqUti5BSvn6fhE',
    'createtime' => '1596016306',
    'msgtype' => 'event',
    'event' => 'VIEW',
    'eventkey' => 'http://www.boyufengmao.com/app/index.php?i=7&c=entry&m=ewei_shopv2&do=mobile&r=member',
    'menuid' => '516391862',
    'from' => 'oZ5PY1EgMD7cvcYqUti5BSvn6fhE',
    'to' => 'gh_7b3d37846b75',
    'time' => '1596016306',
    'type' => 'text',
    'content' => 'http://www.boyufengmao.com/app/index.php?i=7&c=entry&m=ewei_shopv2&do=mobile&r=member',
    'redirection' => true,
    'source' => 'VIEW',
  ),
)

2020-07-29 17:51:46 response :
------------

2020-07-29 17:51:49 trace :
------------
String:
<xml><ToUserName><![CDATA[gh_7b3d37846b75]]></ToUserName>
<FromUserName><![CDATA[oZ5PY1EgMD7cvcYqUti5BSvn6fhE]]></FromUserName>
<CreateTime>1596016309</CreateTime>
<MsgType><![CDATA[event]]></MsgType>
<Event><![CDATA[VIEW]]></Event>
<EventKey><![CDATA[http://www.boyufengmao.com/app/index.php?i=7&c=entry&m=ewei_shopv2&do=mobile&r=diypage&id=30]]></EventKey>
<MenuId>516391862</MenuId>
</xml>

2020-07-29 17:51:49 params :
------------
String:
array (
  'rule' => -2,
  'module' => '',
  'message' => 
  array (
    'tousername' => 'gh_7b3d37846b75',
    'fromusername' => 'oZ5PY1EgMD7cvcYqUti5BSvn6fhE',
    'createtime' => '1596016309',
    'msgtype' => 'event',
    'event' => 'VIEW',
    'eventkey' => 'http://www.boyufengmao.com/app/index.php?i=7&c=entry&m=ewei_shopv2&do=mobile&r=diypage&id=30',
    'menuid' => '516391862',
    'from' => 'oZ5PY1EgMD7cvcYqUti5BSvn6fhE',
    'to' => 'gh_7b3d37846b75',
    'time' => '1596016309',
    'type' => 'text',
    'content' => 'http://www.boyufengmao.com/app/index.php?i=7&c=entry&m=ewei_shopv2&do=mobile&r=diypage&id=30',
    'redirection' => true,
    'source' => 'VIEW',
  ),
)

2020-07-29 17:51:49 response :
------------

2020-07-29 18:48:48 trace :
------------
String:
<xml><ToUserName><![CDATA[gh_7b3d37846b75]]></ToUserName>
<FromUserName><![CDATA[oZ5PY1EgMD7cvcYqUti5BSvn6fhE]]></FromUserName>
<CreateTime>1596019728</CreateTime>
<MsgType><![CDATA[event]]></MsgType>
<Event><![CDATA[VIEW]]></Event>
<EventKey><![CDATA[http://www.boyufengmao.com/app/index.php?i=7&c=entry&m=ewei_shopv2&do=mobile&r=diypage&id=30]]></EventKey>
<MenuId>516391862</MenuId>
</xml>

2020-07-29 18:48:48 params :
------------
String:
array (
  'rule' => -2,
  'module' => '',
  'message' => 
  array (
    'tousername' => 'gh_7b3d37846b75',
    'fromusername' => 'oZ5PY1EgMD7cvcYqUti5BSvn6fhE',
    'createtime' => '1596019728',
    'msgtype' => 'event',
    'event' => 'VIEW',
    'eventkey' => 'http://www.boyufengmao.com/app/index.php?i=7&c=entry&m=ewei_shopv2&do=mobile&r=diypage&id=30',
    'menuid' => '516391862',
    'from' => 'oZ5PY1EgMD7cvcYqUti5BSvn6fhE',
    'to' => 'gh_7b3d37846b75',
    'time' => '1596019728',
    'type' => 'text',
    'content' => 'http://www.boyufengmao.com/app/index.php?i=7&c=entry&m=ewei_shopv2&do=mobile&r=diypage&id=30',
    'redirection' => true,
    'source' => 'VIEW',
  ),
)

2020-07-29 18:48:48 response :
------------

2020-07-29 19:10:52 trace :
------------
String:
<xml><ToUserName><![CDATA[gh_f9b894563ef4]]></ToUserName>
<FromUserName><![CDATA[o5V8y1ZZDXXvgvPKjKDuvII1Ni88]]></FromUserName>
<CreateTime>1596021052</CreateTime>
<MsgType><![CDATA[event]]></MsgType>
<Event><![CDATA[subscribe]]></Event>
<EventKey><![CDATA[]]></EventKey>
</xml>

2020-07-29 19:10:52 params :
------------
String:
array (
  'rule' => -2,
  'module' => '',
  'message' => 
  array (
    'tousername' => 'gh_f9b894563ef4',
    'fromusername' => 'o5V8y1ZZDXXvgvPKjKDuvII1Ni88',
    'createtime' => '1596021052',
    'msgtype' => 'event',
    'event' => 'subscribe',
    'eventkey' => '',
    'from' => 'o5V8y1ZZDXXvgvPKjKDuvII1Ni88',
    'to' => 'gh_f9b894563ef4',
    'time' => '1596021052',
    'type' => 'text',
    'redirection' => true,
    'source' => 'subscribe',
  ),
)

2020-07-29 19:10:52 response :
------------

2020-07-29 19:10:56 trace :
------------
String:
<xml><ToUserName><![CDATA[gh_f9b894563ef4]]></ToUserName>
<FromUserName><![CDATA[o5V8y1ZZDXXvgvPKjKDuvII1Ni88]]></FromUserName>
<CreateTime>1596021056</CreateTime>
<MsgType><![CDATA[event]]></MsgType>
<Event><![CDATA[VIEW]]></Event>
<EventKey><![CDATA[http://www.boyufengmao.com/app/index.php?i=6&c=entry&m=ewei_shopv2&do=mobile&r=diypage&id=35]]></EventKey>
<MenuId>445261982</MenuId>
</xml>

2020-07-29 19:10:56 params :
------------
String:
array (
  'rule' => -2,
  'module' => '',
  'message' => 
  array (
    'tousername' => 'gh_f9b894563ef4',
    'fromusername' => 'o5V8y1ZZDXXvgvPKjKDuvII1Ni88',
    'createtime' => '1596021056',
    'msgtype' => 'event',
    'event' => 'VIEW',
    'eventkey' => 'http://www.boyufengmao.com/app/index.php?i=6&c=entry&m=ewei_shopv2&do=mobile&r=diypage&id=35',
    'menuid' => '445261982',
    'from' => 'o5V8y1ZZDXXvgvPKjKDuvII1Ni88',
    'to' => 'gh_f9b894563ef4',
    'time' => '1596021056',
    'type' => 'text',
    'content' => 'http://www.boyufengmao.com/app/index.php?i=6&c=entry&m=ewei_shopv2&do=mobile&r=diypage&id=35',
    'redirection' => true,
    'source' => 'VIEW',
  ),
)

2020-07-29 19:10:56 response :
------------

2020-07-29 19:11:08 trace :
------------
String:
<xml><ToUserName><![CDATA[gh_f9b894563ef4]]></ToUserName>
<FromUserName><![CDATA[o5V8y1ZZDXXvgvPKjKDuvII1Ni88]]></FromUserName>
<CreateTime>1596021067</CreateTime>
<MsgType><![CDATA[event]]></MsgType>
<Event><![CDATA[VIEW]]></Event>
<EventKey><![CDATA[http://www.boyufengmao.com/app/index.php?i=6&c=entry&m=ewei_shopv2&do=mobile&r=diypage&id=35]]></EventKey>
<MenuId>445261982</MenuId>
</xml>

2020-07-29 19:11:08 params :
------------
String:
array (
  'rule' => -2,
  'module' => '',
  'message' => 
  array (
    'tousername' => 'gh_f9b894563ef4',
    'fromusername' => 'o5V8y1ZZDXXvgvPKjKDuvII1Ni88',
    'createtime' => '1596021067',
    'msgtype' => 'event',
    'event' => 'VIEW',
    'eventkey' => 'http://www.boyufengmao.com/app/index.php?i=6&c=entry&m=ewei_shopv2&do=mobile&r=diypage&id=35',
    'menuid' => '445261982',
    'from' => 'o5V8y1ZZDXXvgvPKjKDuvII1Ni88',
    'to' => 'gh_f9b894563ef4',
    'time' => '1596021067',
    'type' => 'text',
    'content' => 'http://www.boyufengmao.com/app/index.php?i=6&c=entry&m=ewei_shopv2&do=mobile&r=diypage&id=35',
    'redirection' => true,
    'source' => 'VIEW',
  ),
)

2020-07-29 19:11:08 response :
------------

2020-07-29 19:11:28 trace :
------------
String:
<xml><ToUserName><![CDATA[gh_f9b894563ef4]]></ToUserName>
<FromUserName><![CDATA[o5V8y1ZZDXXvgvPKjKDuvII1Ni88]]></FromUserName>
<CreateTime>1596021087</CreateTime>
<MsgType><![CDATA[event]]></MsgType>
<Event><![CDATA[VIEW]]></Event>
<EventKey><![CDATA[http://www.boyufengmao.com/app/index.php?i=6&c=entry&m=ewei_shopv2&do=mobile&r=diypage&id=35]]></EventKey>
<MenuId>445261982</MenuId>
</xml>

2020-07-29 19:11:28 params :
------------
String:
array (
  'rule' => -2,
  'module' => '',
  'message' => 
  array (
    'tousername' => 'gh_f9b894563ef4',
    'fromusername' => 'o5V8y1ZZDXXvgvPKjKDuvII1Ni88',
    'createtime' => '1596021087',
    'msgtype' => 'event',
    'event' => 'VIEW',
    'eventkey' => 'http://www.boyufengmao.com/app/index.php?i=6&c=entry&m=ewei_shopv2&do=mobile&r=diypage&id=35',
    'menuid' => '445261982',
    'from' => 'o5V8y1ZZDXXvgvPKjKDuvII1Ni88',
    'to' => 'gh_f9b894563ef4',
    'time' => '1596021087',
    'type' => 'text',
    'content' => 'http://www.boyufengmao.com/app/index.php?i=6&c=entry&m=ewei_shopv2&do=mobile&r=diypage&id=35',
    'redirection' => true,
    'source' => 'VIEW',
  ),
)

2020-07-29 19:11:28 response :
------------

2020-07-29 19:28:18 trace :
------------
String:
<xml><ToUserName><![CDATA[gh_62bcc2f9639d]]></ToUserName>
<FromUserName><![CDATA[opjhUwAUnMHVBSHoNNjAi1xdda8c]]></FromUserName>
<CreateTime>1596022098</CreateTime>
<MsgType><![CDATA[event]]></MsgType>
<Event><![CDATA[user_get_card]]></Event>
<CardId><![CDATA[ppjhUwMVWe9oxUtshSvEz_s7Nqos]]></CardId>
<IsGiveByFriend>0</IsGiveByFriend>
<UserCardCode><![CDATA[154641430875]]></UserCardCode>
<FriendUserName><![CDATA[]]></FriendUserName>
<OuterId>0</OuterId>
<OldUserCardCode><![CDATA[]]></OldUserCardCode>
<OuterStr><![CDATA[https://13891930806.h5.yunhuiyuan.cn/Member/Card?bid=4b221502-d37f-4099-b884-496c1de76a6f]]></OuterStr>
<IsRestoreMemberCard>0</IsRestoreMemberCard>
<IsRecommendByFriend>0</IsRecommendByFriend>
<SourceScene><![CDATA[SOURCE_SCENE_PRE_ACTIVATE]]></SourceScene>
<UnionId><![CDATA[oDVsqwDZJ1pojHqPBj6fR4wYFNMI]]></UnionId>
</xml>

2020-07-29 19:28:18 SQL Error :
------------
String:
SQL: <br/>SELECT `id` FROM `ims_coupon_record` WHERE `card_id` =  :__card_id AND `openid` =  :__openid AND `status` =  :__status AND `code` =  :__code LIMIT 1<hr/>Params: <br/>array (
  ':__card_id' => 'ppjhUwMVWe9oxUtshSvEz_s7Nqos',
  ':__openid' => 'opjhUwAUnMHVBSHoNNjAi1xdda8c',
  ':__status' => '1',
  ':__code' => '',
)<hr/>SQL Error: <br/>Table 'sql39_97_186_42.ims_coupon_record' doesn't exist<hr/>Traces: <br/>file: /framework/class/db.class.php; line: 162; <br />file: /framework/class/db.class.php; line: 220; <br />file: /framework/function/pdo.func.php; line: 49; <br />file: /api.php; line: 784; <br />file: ; line: ; <br />file: /api.php; line: 520; <br />file: /api.php; line: 173; <br />file: /api.php; line: 66; <br />

2020-07-29 19:28:18 SQL Error :
------------
String:
SQL: <br/>SELECT * FROM `ims_coupon` WHERE `card_id` =  :__card_id LIMIT 1<hr/>Params: <br/>array (
  ':__card_id' => 'ppjhUwMVWe9oxUtshSvEz_s7Nqos',
)<hr/>SQL Error: <br/>Table 'sql39_97_186_42.ims_coupon' doesn't exist<hr/>Traces: <br/>file: /framework/class/db.class.php; line: 162; <br />file: /framework/class/db.class.php; line: 220; <br />file: /framework/function/pdo.func.php; line: 49; <br />file: /api.php; line: 789; <br />file: ; line: ; <br />file: /api.php; line: 520; <br />file: /api.php; line: 173; <br />file: /api.php; line: 66; <br />

2020-07-29 19:28:18 SQL Error :
------------
String:
SQL: <br/>SELECT count(*) FROM `ims_coupon_record` WHERE `openid` = :openid AND `couponid` = :couponid<hr/>Params: <br/>array (
  ':couponid' => NULL,
  ':openid' => 'opjhUwAUnMHVBSHoNNjAi1xdda8c',
)<hr/>SQL Error: <br/>Table 'sql39_97_186_42.ims_coupon_record' doesn't exist<hr/>Traces: <br/>file: /framework/class/db.class.php; line: 135; <br />file: /framework/function/pdo.func.php; line: 36; <br />file: /api.php; line: 790; <br />file: ; line: ; <br />file: /api.php; line: 520; <br />file: /api.php; line: 173; <br />file: /api.php; line: 66; <br />

2020-07-29 19:28:26 trace :
------------
String:
<xml><ToUserName><![CDATA[gh_62bcc2f9639d]]></ToUserName>
<FromUserName><![CDATA[opjhUwAUnMHVBSHoNNjAi1xdda8c]]></FromUserName>
<CreateTime>1596022106</CreateTime>
<MsgType><![CDATA[event]]></MsgType>
<Event><![CDATA[user_view_card]]></Event>
<CardId><![CDATA[ppjhUwMVWe9oxUtshSvEz_s7Nqos]]></CardId>
<UserCardCode><![CDATA[154641430875]]></UserCardCode>
<OuterStr><![CDATA[]]></OuterStr>
</xml>

2020-07-29 19:28:26 params :
------------
String:
array (
  'rule' => -2,
  'module' => '',
  'message' => 
  array (
    'tousername' => 'gh_62bcc2f9639d',
    'fromusername' => 'opjhUwAUnMHVBSHoNNjAi1xdda8c',
    'createtime' => '1596022106',
    'msgtype' => 'event',
    'event' => 'user_view_card',
    'cardid' => 'ppjhUwMVWe9oxUtshSvEz_s7Nqos',
    'usercardcode' => '154641430875',
    'outerstr' => '',
    'from' => 'opjhUwAUnMHVBSHoNNjAi1xdda8c',
    'to' => 'gh_62bcc2f9639d',
    'time' => '1596022106',
    'type' => 'event',
  ),
)

2020-07-29 19:28:26 response :
------------

2020-07-29 19:36:21 trace :
------------
String:
<xml><ToUserName><![CDATA[gh_f9b894563ef4]]></ToUserName>
<FromUserName><![CDATA[o5V8y1YtXDUGSaDE_ceN4P5FMzdc]]></FromUserName>
<CreateTime>1596022581</CreateTime>
<MsgType><![CDATA[event]]></MsgType>
<Event><![CDATA[subscribe]]></Event>
<EventKey><![CDATA[]]></EventKey>
</xml>

2020-07-29 19:36:21 params :
------------
String:
array (
  'rule' => -2,
  'module' => '',
  'message' => 
  array (
    'tousername' => 'gh_f9b894563ef4',
    'fromusername' => 'o5V8y1YtXDUGSaDE_ceN4P5FMzdc',
    'createtime' => '1596022581',
    'msgtype' => 'event',
    'event' => 'subscribe',
    'eventkey' => '',
    'from' => 'o5V8y1YtXDUGSaDE_ceN4P5FMzdc',
    'to' => 'gh_f9b894563ef4',
    'time' => '1596022581',
    'type' => 'text',
    'redirection' => true,
    'source' => 'subscribe',
  ),
)

2020-07-29 19:36:21 response :
------------

2020-07-29 19:36:22 trace :
------------
String:
<xml><ToUserName><![CDATA[gh_f9b894563ef4]]></ToUserName>
<FromUserName><![CDATA[o5V8y1YtXDUGSaDE_ceN4P5FMzdc]]></FromUserName>
<CreateTime>1596022582</CreateTime>
<MsgType><![CDATA[event]]></MsgType>
<Event><![CDATA[VIEW]]></Event>
<EventKey><![CDATA[http://www.boyufengmao.com/app/index.php?i=6&c=entry&m=ewei_shopv2&do=mobile]]></EventKey>
<MenuId>445261982</MenuId>
</xml>

2020-07-29 19:36:22 params :
------------
String:
array (
  'rule' => -2,
  'module' => '',
  'message' => 
  array (
    'tousername' => 'gh_f9b894563ef4',
    'fromusername' => 'o5V8y1YtXDUGSaDE_ceN4P5FMzdc',
    'createtime' => '1596022582',
    'msgtype' => 'event',
    'event' => 'VIEW',
    'eventkey' => 'http://www.boyufengmao.com/app/index.php?i=6&c=entry&m=ewei_shopv2&do=mobile',
    'menuid' => '445261982',
    'from' => 'o5V8y1YtXDUGSaDE_ceN4P5FMzdc',
    'to' => 'gh_f9b894563ef4',
    'time' => '1596022582',
    'type' => 'text',
    'content' => 'http://www.boyufengmao.com/app/index.php?i=6&c=entry&m=ewei_shopv2&do=mobile',
    'redirection' => true,
    'source' => 'VIEW',
  ),
)

2020-07-29 19:36:22 response :
------------

2020-07-29 20:21:30 trace :
------------
String:
<xml><ToUserName><![CDATA[gh_f9b894563ef4]]></ToUserName>
<FromUserName><![CDATA[o5V8y1Q9YXZt-oL650Hg3TAH-m60]]></FromUserName>
<CreateTime>1596025289</CreateTime>
<MsgType><![CDATA[event]]></MsgType>
<Event><![CDATA[VIEW]]></Event>
<EventKey><![CDATA[http://www.boyufengmao.com/app/index.php?i=6&c=entry&m=ewei_shopv2&do=mobile]]></EventKey>
<MenuId>445261982</MenuId>
</xml>

2020-07-29 20:21:30 params :
------------
String:
array (
  'rule' => -2,
  'module' => '',
  'message' => 
  array (
    'tousername' => 'gh_f9b894563ef4',
    'fromusername' => 'o5V8y1Q9YXZt-oL650Hg3TAH-m60',
    'createtime' => '1596025289',
    'msgtype' => 'event',
    'event' => 'VIEW',
    'eventkey' => 'http://www.boyufengmao.com/app/index.php?i=6&c=entry&m=ewei_shopv2&do=mobile',
    'menuid' => '445261982',
    'from' => 'o5V8y1Q9YXZt-oL650Hg3TAH-m60',
    'to' => 'gh_f9b894563ef4',
    'time' => '1596025289',
    'type' => 'text',
    'content' => 'http://www.boyufengmao.com/app/index.php?i=6&c=entry&m=ewei_shopv2&do=mobile',
    'redirection' => true,
    'source' => 'VIEW',
  ),
)

2020-07-29 20:21:30 response :
------------

2020-07-29 20:29:40 trace :
------------
String:
<xml><ToUserName><![CDATA[gh_f9b894563ef4]]></ToUserName>
<FromUserName><![CDATA[o5V8y1dUjSVQCoB4VtVioSM_6IsQ]]></FromUserName>
<CreateTime>1596025780</CreateTime>
<MsgType><![CDATA[event]]></MsgType>
<Event><![CDATA[VIEW]]></Event>
<EventKey><![CDATA[http://www.boyufengmao.com/app/index.php?i=6&c=entry&m=ewei_shopv2&do=mobile]]></EventKey>
<MenuId>445261982</MenuId>
</xml>

2020-07-29 20:29:40 params :
------------
String:
array (
  'rule' => -2,
  'module' => '',
  'message' => 
  array (
    'tousername' => 'gh_f9b894563ef4',
    'fromusername' => 'o5V8y1dUjSVQCoB4VtVioSM_6IsQ',
    'createtime' => '1596025780',
    'msgtype' => 'event',
    'event' => 'VIEW',
    'eventkey' => 'http://www.boyufengmao.com/app/index.php?i=6&c=entry&m=ewei_shopv2&do=mobile',
    'menuid' => '445261982',
    'from' => 'o5V8y1dUjSVQCoB4VtVioSM_6IsQ',
    'to' => 'gh_f9b894563ef4',
    'time' => '1596025780',
    'type' => 'text',
    'content' => 'http://www.boyufengmao.com/app/index.php?i=6&c=entry&m=ewei_shopv2&do=mobile',
    'redirection' => true,
    'source' => 'VIEW',
  ),
)

2020-07-29 20:29:40 response :
------------

2020-07-29 20:42:36 trace :
------------
String:
<xml><ToUserName><![CDATA[gh_f9b894563ef4]]></ToUserName>
<FromUserName><![CDATA[o5V8y1YtXDUGSaDE_ceN4P5FMzdc]]></FromUserName>
<CreateTime>1596026556</CreateTime>
<MsgType><![CDATA[event]]></MsgType>
<Event><![CDATA[VIEW]]></Event>
<EventKey><![CDATA[http://www.boyufengmao.com/app/index.php?i=6&c=entry&m=ewei_shopv2&do=mobile&r=diypage&id=35]]></EventKey>
<MenuId>445261982</MenuId>
</xml>

2020-07-29 20:42:36 params :
------------
String:
array (
  'rule' => -2,
  'module' => '',
  'message' => 
  array (
    'tousername' => 'gh_f9b894563ef4',
    'fromusername' => 'o5V8y1YtXDUGSaDE_ceN4P5FMzdc',
    'createtime' => '1596026556',
    'msgtype' => 'event',
    'event' => 'VIEW',
    'eventkey' => 'http://www.boyufengmao.com/app/index.php?i=6&c=entry&m=ewei_shopv2&do=mobile&r=diypage&id=35',
    'menuid' => '445261982',
    'from' => 'o5V8y1YtXDUGSaDE_ceN4P5FMzdc',
    'to' => 'gh_f9b894563ef4',
    'time' => '1596026556',
    'type' => 'text',
    'content' => 'http://www.boyufengmao.com/app/index.php?i=6&c=entry&m=ewei_shopv2&do=mobile&r=diypage&id=35',
    'redirection' => true,
    'source' => 'VIEW',
  ),
)

2020-07-29 20:42:36 response :
------------

2020-07-29 20:42:54 trace :
------------
String:
<xml><ToUserName><![CDATA[gh_f9b894563ef4]]></ToUserName>
<FromUserName><![CDATA[o5V8y1YtXDUGSaDE_ceN4P5FMzdc]]></FromUserName>
<CreateTime>1596026574</CreateTime>
<MsgType><![CDATA[event]]></MsgType>
<Event><![CDATA[VIEW]]></Event>
<EventKey><![CDATA[http://www.boyufengmao.com/app/index.php?i=6&c=entry&m=ewei_shopv2&do=mobile&r=diypage&id=35]]></EventKey>
<MenuId>445261982</MenuId>
</xml>

2020-07-29 20:42:54 params :
------------
String:
array (
  'rule' => -2,
  'module' => '',
  'message' => 
  array (
    'tousername' => 'gh_f9b894563ef4',
    'fromusername' => 'o5V8y1YtXDUGSaDE_ceN4P5FMzdc',
    'createtime' => '1596026574',
    'msgtype' => 'event',
    'event' => 'VIEW',
    'eventkey' => 'http://www.boyufengmao.com/app/index.php?i=6&c=entry&m=ewei_shopv2&do=mobile&r=diypage&id=35',
    'menuid' => '445261982',
    'from' => 'o5V8y1YtXDUGSaDE_ceN4P5FMzdc',
    'to' => 'gh_f9b894563ef4',
    'time' => '1596026574',
    'type' => 'text',
    'content' => 'http://www.boyufengmao.com/app/index.php?i=6&c=entry&m=ewei_shopv2&do=mobile&r=diypage&id=35',
    'redirection' => true,
    'source' => 'VIEW',
  ),
)

2020-07-29 20:42:54 response :
------------

2020-07-29 20:42:59 trace :
------------
String:
<xml><ToUserName><![CDATA[gh_f9b894563ef4]]></ToUserName>
<FromUserName><![CDATA[o5V8y1YtXDUGSaDE_ceN4P5FMzdc]]></FromUserName>
<CreateTime>1596026579</CreateTime>
<MsgType><![CDATA[event]]></MsgType>
<Event><![CDATA[VIEW]]></Event>
<EventKey><![CDATA[http://www.boyufengmao.com/app/index.php?i=6&c=entry&m=ewei_shopv2&do=mobile&r=diypage&id=35]]></EventKey>
<MenuId>445261982</MenuId>
</xml>

2020-07-29 20:42:59 params :
------------
String:
array (
  'rule' => -2,
  'module' => '',
  'message' => 
  array (
    'tousername' => 'gh_f9b894563ef4',
    'fromusername' => 'o5V8y1YtXDUGSaDE_ceN4P5FMzdc',
    'createtime' => '1596026579',
    'msgtype' => 'event',
    'event' => 'VIEW',
    'eventkey' => 'http://www.boyufengmao.com/app/index.php?i=6&c=entry&m=ewei_shopv2&do=mobile&r=diypage&id=35',
    'menuid' => '445261982',
    'from' => 'o5V8y1YtXDUGSaDE_ceN4P5FMzdc',
    'to' => 'gh_f9b894563ef4',
    'time' => '1596026579',
    'type' => 'text',
    'content' => 'http://www.boyufengmao.com/app/index.php?i=6&c=entry&m=ewei_shopv2&do=mobile&r=diypage&id=35',
    'redirection' => true,
    'source' => 'VIEW',
  ),
)

2020-07-29 20:42:59 response :
------------

2020-07-29 20:55:55 trace :
------------
String:
<xml><ToUserName><![CDATA[gh_f9b894563ef4]]></ToUserName>
<FromUserName><![CDATA[o5V8y1cI-tVgnmOAp1hZO4UQGXrY]]></FromUserName>
<CreateTime>1596027355</CreateTime>
<MsgType><![CDATA[event]]></MsgType>
<Event><![CDATA[VIEW]]></Event>
<EventKey><![CDATA[http://www.boyufengmao.com/app/index.php?i=6&c=entry&m=ewei_shopv2&do=mobile&r=diypage&id=35]]></EventKey>
<MenuId>445261982</MenuId>
</xml>

2020-07-29 20:55:55 params :
------------
String:
array (
  'rule' => -2,
  'module' => '',
  'message' => 
  array (
    'tousername' => 'gh_f9b894563ef4',
    'fromusername' => 'o5V8y1cI-tVgnmOAp1hZO4UQGXrY',
    'createtime' => '1596027355',
    'msgtype' => 'event',
    'event' => 'VIEW',
    'eventkey' => 'http://www.boyufengmao.com/app/index.php?i=6&c=entry&m=ewei_shopv2&do=mobile&r=diypage&id=35',
    'menuid' => '445261982',
    'from' => 'o5V8y1cI-tVgnmOAp1hZO4UQGXrY',
    'to' => 'gh_f9b894563ef4',
    'time' => '1596027355',
    'type' => 'text',
    'content' => 'http://www.boyufengmao.com/app/index.php?i=6&c=entry&m=ewei_shopv2&do=mobile&r=diypage&id=35',
    'redirection' => true,
    'source' => 'VIEW',
  ),
)

2020-07-29 20:55:55 response :
------------

2020-07-29 21:00:10 trace :
------------
String:
<xml><ToUserName><![CDATA[gh_7b3d37846b75]]></ToUserName>
<FromUserName><![CDATA[oZ5PY1KgRq3wI5I7EmNI8TKgv7oY]]></FromUserName>
<CreateTime>1596027610</CreateTime>
<MsgType><![CDATA[event]]></MsgType>
<Event><![CDATA[VIEW]]></Event>
<EventKey><![CDATA[http://www.boyufengmao.com/app/index.php?i=7&c=entry&m=ewei_shopv2&do=mobile&r=member]]></EventKey>
<MenuId>516391862</MenuId>
</xml>

2020-07-29 21:00:10 params :
------------
String:
array (
  'rule' => -2,
  'module' => '',
  'message' => 
  array (
    'tousername' => 'gh_7b3d37846b75',
    'fromusername' => 'oZ5PY1KgRq3wI5I7EmNI8TKgv7oY',
    'createtime' => '1596027610',
    'msgtype' => 'event',
    'event' => 'VIEW',
    'eventkey' => 'http://www.boyufengmao.com/app/index.php?i=7&c=entry&m=ewei_shopv2&do=mobile&r=member',
    'menuid' => '516391862',
    'from' => 'oZ5PY1KgRq3wI5I7EmNI8TKgv7oY',
    'to' => 'gh_7b3d37846b75',
    'time' => '1596027610',
    'type' => 'text',
    'content' => 'http://www.boyufengmao.com/app/index.php?i=7&c=entry&m=ewei_shopv2&do=mobile&r=member',
    'redirection' => true,
    'source' => 'VIEW',
  ),
)

2020-07-29 21:00:10 response :
------------

2020-07-29 21:16:14 trace :
------------
String:
<xml><ToUserName><![CDATA[gh_f9b894563ef4]]></ToUserName>
<FromUserName><![CDATA[o5V8y1YpLd5SifxApOgwUIiEPTGc]]></FromUserName>
<CreateTime>1596028573</CreateTime>
<MsgType><![CDATA[event]]></MsgType>
<Event><![CDATA[VIEW]]></Event>
<EventKey><![CDATA[http://www.boyufengmao.com/app/index.php?i=6&c=entry&m=ewei_shopv2&do=mobile]]></EventKey>
<MenuId>445261982</MenuId>
</xml>

2020-07-29 21:16:14 params :
------------
String:
array (
  'rule' => -2,
  'module' => '',
  'message' => 
  array (
    'tousername' => 'gh_f9b894563ef4',
    'fromusername' => 'o5V8y1YpLd5SifxApOgwUIiEPTGc',
    'createtime' => '1596028573',
    'msgtype' => 'event',
    'event' => 'VIEW',
    'eventkey' => 'http://www.boyufengmao.com/app/index.php?i=6&c=entry&m=ewei_shopv2&do=mobile',
    'menuid' => '445261982',
    'from' => 'o5V8y1YpLd5SifxApOgwUIiEPTGc',
    'to' => 'gh_f9b894563ef4',
    'time' => '1596028573',
    'type' => 'text',
    'content' => 'http://www.boyufengmao.com/app/index.php?i=6&c=entry&m=ewei_shopv2&do=mobile',
    'redirection' => true,
    'source' => 'VIEW',
  ),
)

2020-07-29 21:16:14 response :
------------

2020-07-29 21:20:31 trace :
------------
String:
<xml><ToUserName><![CDATA[gh_f9b894563ef4]]></ToUserName>
<FromUserName><![CDATA[o5V8y1X2_cUGG3FZdXkM4tBex_RM]]></FromUserName>
<CreateTime>1596028831</CreateTime>
<MsgType><![CDATA[event]]></MsgType>
<Event><![CDATA[subscribe]]></Event>
<EventKey><![CDATA[]]></EventKey>
</xml>

2020-07-29 21:20:31 params :
------------
String:
array (
  'rule' => -2,
  'module' => '',
  'message' => 
  array (
    'tousername' => 'gh_f9b894563ef4',
    'fromusername' => 'o5V8y1X2_cUGG3FZdXkM4tBex_RM',
    'createtime' => '1596028831',
    'msgtype' => 'event',
    'event' => 'subscribe',
    'eventkey' => '',
    'from' => 'o5V8y1X2_cUGG3FZdXkM4tBex_RM',
    'to' => 'gh_f9b894563ef4',
    'time' => '1596028831',
    'type' => 'text',
    'redirection' => true,
    'source' => 'subscribe',
  ),
)

2020-07-29 21:20:31 response :
------------

2020-07-29 21:20:33 trace :
------------
String:
<xml><ToUserName><![CDATA[gh_f9b894563ef4]]></ToUserName>
<FromUserName><![CDATA[o5V8y1X2_cUGG3FZdXkM4tBex_RM]]></FromUserName>
<CreateTime>1596028833</CreateTime>
<MsgType><![CDATA[event]]></MsgType>
<Event><![CDATA[VIEW]]></Event>
<EventKey><![CDATA[http://www.boyufengmao.com/app/index.php?i=6&c=entry&m=ewei_shopv2&do=mobile&r=diypage&id=35]]></EventKey>
<MenuId>445261982</MenuId>
</xml>

2020-07-29 21:20:33 params :
------------
String:
array (
  'rule' => -2,
  'module' => '',
  'message' => 
  array (
    'tousername' => 'gh_f9b894563ef4',
    'fromusername' => 'o5V8y1X2_cUGG3FZdXkM4tBex_RM',
    'createtime' => '1596028833',
    'msgtype' => 'event',
    'event' => 'VIEW',
    'eventkey' => 'http://www.boyufengmao.com/app/index.php?i=6&c=entry&m=ewei_shopv2&do=mobile&r=diypage&id=35',
    'menuid' => '445261982',
    'from' => 'o5V8y1X2_cUGG3FZdXkM4tBex_RM',
    'to' => 'gh_f9b894563ef4',
    'time' => '1596028833',
    'type' => 'text',
    'content' => 'http://www.boyufengmao.com/app/index.php?i=6&c=entry&m=ewei_shopv2&do=mobile&r=diypage&id=35',
    'redirection' => true,
    'source' => 'VIEW',
  ),
)

2020-07-29 21:20:33 response :
------------

2020-07-29 21:22:27 trace :
------------
String:
<xml><ToUserName><![CDATA[gh_f7c52ee3e5f7]]></ToUserName>
<FromUserName><![CDATA[oANN2vwl2O3CvTz6ueUHAxJPaHCw]]></FromUserName>
<CreateTime>1596028947</CreateTime>
<MsgType><![CDATA[event]]></MsgType>
<Event><![CDATA[unsubscribe]]></Event>
<EventKey><![CDATA[]]></EventKey>
</xml>

2020-07-29 21:45:49 trace :
------------
String:
<xml><ToUserName><![CDATA[gh_f9b894563ef4]]></ToUserName>
<FromUserName><![CDATA[o5V8y1YpLd5SifxApOgwUIiEPTGc]]></FromUserName>
<CreateTime>1596030349</CreateTime>
<MsgType><![CDATA[event]]></MsgType>
<Event><![CDATA[VIEW]]></Event>
<EventKey><![CDATA[http://www.boyufengmao.com/app/index.php?i=6&c=entry&m=ewei_shopv2&do=mobile&r=diypage&id=35]]></EventKey>
<MenuId>445261982</MenuId>
</xml>

2020-07-29 21:45:49 params :
------------
String:
array (
  'rule' => -2,
  'module' => '',
  'message' => 
  array (
    'tousername' => 'gh_f9b894563ef4',
    'fromusername' => 'o5V8y1YpLd5SifxApOgwUIiEPTGc',
    'createtime' => '1596030349',
    'msgtype' => 'event',
    'event' => 'VIEW',
    'eventkey' => 'http://www.boyufengmao.com/app/index.php?i=6&c=entry&m=ewei_shopv2&do=mobile&r=diypage&id=35',
    'menuid' => '445261982',
    'from' => 'o5V8y1YpLd5SifxApOgwUIiEPTGc',
    'to' => 'gh_f9b894563ef4',
    'time' => '1596030349',
    'type' => 'text',
    'content' => 'http://www.boyufengmao.com/app/index.php?i=6&c=entry&m=ewei_shopv2&do=mobile&r=diypage&id=35',
    'redirection' => true,
    'source' => 'VIEW',
  ),
)

2020-07-29 21:45:49 response :
------------

