2020-03-04 10:46:21 trace :
------------
String:
<xml><ToUserName><![CDATA[gh_62bcc2f9639d]]></ToUserName>
<FromUserName><![CDATA[opjhUwIqyJaL34PaajfM7ClezsBw]]></FromUserName>
<CreateTime>1583289980</CreateTime>
<MsgType><![CDATA[event]]></MsgType>
<Event><![CDATA[VIEW]]></Event>
<EventKey><![CDATA[http://www.boyufengmao.com/app/index.php?i=10&c=entry&m=ewei_shopv2&do=mobile]]></EventKey>
<MenuId>432207807</MenuId>
</xml>

2020-03-04 10:46:21 params :
------------
String:
array (
  'rule' => -2,
  'module' => '',
  'message' => 
  array (
    'tousername' => 'gh_62bcc2f9639d',
    'fromusername' => 'opjhUwIqyJaL34PaajfM7ClezsBw',
    'createtime' => '1583289980',
    'msgtype' => 'event',
    'event' => 'VIEW',
    'eventkey' => 'http://www.boyufengmao.com/app/index.php?i=10&c=entry&m=ewei_shopv2&do=mobile',
    'menuid' => '432207807',
    'from' => 'opjhUwIqyJaL34PaajfM7ClezsBw',
    'to' => 'gh_62bcc2f9639d',
    'time' => '1583289980',
    'type' => 'text',
    'content' => 'http://www.boyufengmao.com/app/index.php?i=10&c=entry&m=ewei_shopv2&do=mobile',
    'redirection' => true,
    'source' => 'VIEW',
  ),
)

2020-03-04 10:46:21 response :
------------

2020-03-04 12:02:42 trace :
------------
String:
<xml><ToUserName><![CDATA[gh_62bcc2f9639d]]></ToUserName>
<FromUserName><![CDATA[opjhUwGYoNgNeuZfGeyWDKO9RJZg]]></FromUserName>
<CreateTime>1583294562</CreateTime>
<MsgType><![CDATA[event]]></MsgType>
<Event><![CDATA[VIEW]]></Event>
<EventKey><![CDATA[http://www.boyufengmao.com/app/index.php?i=10&c=entry&m=ewei_shopv2&do=mobile]]></EventKey>
<MenuId>432207807</MenuId>
</xml>

2020-03-04 12:02:42 params :
------------
String:
array (
  'rule' => -2,
  'module' => '',
  'message' => 
  array (
    'tousername' => 'gh_62bcc2f9639d',
    'fromusername' => 'opjhUwGYoNgNeuZfGeyWDKO9RJZg',
    'createtime' => '1583294562',
    'msgtype' => 'event',
    'event' => 'VIEW',
    'eventkey' => 'http://www.boyufengmao.com/app/index.php?i=10&c=entry&m=ewei_shopv2&do=mobile',
    'menuid' => '432207807',
    'from' => 'opjhUwGYoNgNeuZfGeyWDKO9RJZg',
    'to' => 'gh_62bcc2f9639d',
    'time' => '1583294562',
    'type' => 'text',
    'content' => 'http://www.boyufengmao.com/app/index.php?i=10&c=entry&m=ewei_shopv2&do=mobile',
    'redirection' => true,
    'source' => 'VIEW',
  ),
)

2020-03-04 12:02:42 response :
------------

2020-03-04 12:13:52 trace :
------------
String:
<xml><ToUserName><![CDATA[gh_62bcc2f9639d]]></ToUserName>
<FromUserName><![CDATA[opjhUwLsAz3r-ti2kyCZMm-mO__8]]></FromUserName>
<CreateTime>1583295232</CreateTime>
<MsgType><![CDATA[event]]></MsgType>
<Event><![CDATA[subscribe]]></Event>
<EventKey><![CDATA[]]></EventKey>
</xml>

2020-03-04 12:13:53 params :
------------
String:
array (
  'rule' => -2,
  'module' => '',
  'message' => 
  array (
    'tousername' => 'gh_62bcc2f9639d',
    'fromusername' => 'opjhUwLsAz3r-ti2kyCZMm-mO__8',
    'createtime' => '1583295232',
    'msgtype' => 'event',
    'event' => 'subscribe',
    'eventkey' => '',
    'from' => 'opjhUwLsAz3r-ti2kyCZMm-mO__8',
    'to' => 'gh_62bcc2f9639d',
    'time' => '1583295232',
    'type' => 'text',
    'redirection' => true,
    'source' => 'subscribe',
  ),
)

2020-03-04 12:13:53 response :
------------

2020-03-04 12:13:56 trace :
------------
String:
<xml><ToUserName><![CDATA[gh_62bcc2f9639d]]></ToUserName>
<FromUserName><![CDATA[opjhUwLsAz3r-ti2kyCZMm-mO__8]]></FromUserName>
<CreateTime>1583295236</CreateTime>
<MsgType><![CDATA[event]]></MsgType>
<Event><![CDATA[VIEW]]></Event>
<EventKey><![CDATA[http://www.boyufengmao.com/app/index.php?i=10&c=entry&m=ewei_shopv2&do=mobile]]></EventKey>
<MenuId>432207807</MenuId>
</xml>

2020-03-04 12:13:56 params :
------------
String:
array (
  'rule' => -2,
  'module' => '',
  'message' => 
  array (
    'tousername' => 'gh_62bcc2f9639d',
    'fromusername' => 'opjhUwLsAz3r-ti2kyCZMm-mO__8',
    'createtime' => '1583295236',
    'msgtype' => 'event',
    'event' => 'VIEW',
    'eventkey' => 'http://www.boyufengmao.com/app/index.php?i=10&c=entry&m=ewei_shopv2&do=mobile',
    'menuid' => '432207807',
    'from' => 'opjhUwLsAz3r-ti2kyCZMm-mO__8',
    'to' => 'gh_62bcc2f9639d',
    'time' => '1583295236',
    'type' => 'text',
    'content' => 'http://www.boyufengmao.com/app/index.php?i=10&c=entry&m=ewei_shopv2&do=mobile',
    'redirection' => true,
    'source' => 'VIEW',
  ),
)

2020-03-04 12:13:56 response :
------------

2020-03-04 14:14:53 trace :
------------
String:
<xml><ToUserName><![CDATA[gh_7b3d37846b75]]></ToUserName>
<FromUserName><![CDATA[oZ5PY1E2rbpBXuNh7santBG7SkAA]]></FromUserName>
<CreateTime>1583302493</CreateTime>
<MsgType><![CDATA[event]]></MsgType>
<Event><![CDATA[VIEW]]></Event>
<EventKey><![CDATA[http://www.boyufengmao.com/app/index.php?i=7&c=entry&m=ewei_shopv2&do=mobile&r=diypage&id=30]]></EventKey>
<MenuId>516312345</MenuId>
</xml>

2020-03-04 14:14:53 params :
------------
String:
array (
  'rule' => -2,
  'module' => '',
  'message' => 
  array (
    'tousername' => 'gh_7b3d37846b75',
    'fromusername' => 'oZ5PY1E2rbpBXuNh7santBG7SkAA',
    'createtime' => '1583302493',
    'msgtype' => 'event',
    'event' => 'VIEW',
    'eventkey' => 'http://www.boyufengmao.com/app/index.php?i=7&c=entry&m=ewei_shopv2&do=mobile&r=diypage&id=30',
    'menuid' => '516312345',
    'from' => 'oZ5PY1E2rbpBXuNh7santBG7SkAA',
    'to' => 'gh_7b3d37846b75',
    'time' => '1583302493',
    'type' => 'text',
    'content' => 'http://www.boyufengmao.com/app/index.php?i=7&c=entry&m=ewei_shopv2&do=mobile&r=diypage&id=30',
    'redirection' => true,
    'source' => 'VIEW',
  ),
)

2020-03-04 14:14:53 response :
------------

2020-03-04 14:14:55 trace :
------------
String:
<xml><ToUserName><![CDATA[gh_7b3d37846b75]]></ToUserName>
<FromUserName><![CDATA[oZ5PY1E2rbpBXuNh7santBG7SkAA]]></FromUserName>
<CreateTime>1583302495</CreateTime>
<MsgType><![CDATA[event]]></MsgType>
<Event><![CDATA[VIEW]]></Event>
<EventKey><![CDATA[http://www.boyufengmao.com/app/index.php?i=7&c=entry&m=ewei_shopv2&do=mobile&r=diypage&id=30]]></EventKey>
<MenuId>516312345</MenuId>
</xml>

2020-03-04 14:14:55 params :
------------
String:
array (
  'rule' => -2,
  'module' => '',
  'message' => 
  array (
    'tousername' => 'gh_7b3d37846b75',
    'fromusername' => 'oZ5PY1E2rbpBXuNh7santBG7SkAA',
    'createtime' => '1583302495',
    'msgtype' => 'event',
    'event' => 'VIEW',
    'eventkey' => 'http://www.boyufengmao.com/app/index.php?i=7&c=entry&m=ewei_shopv2&do=mobile&r=diypage&id=30',
    'menuid' => '516312345',
    'from' => 'oZ5PY1E2rbpBXuNh7santBG7SkAA',
    'to' => 'gh_7b3d37846b75',
    'time' => '1583302495',
    'type' => 'text',
    'content' => 'http://www.boyufengmao.com/app/index.php?i=7&c=entry&m=ewei_shopv2&do=mobile&r=diypage&id=30',
    'redirection' => true,
    'source' => 'VIEW',
  ),
)

2020-03-04 14:14:55 response :
------------

2020-03-04 15:31:41 trace :
------------
String:
<xml><ToUserName><![CDATA[gh_7b3d37846b75]]></ToUserName>
<FromUserName><![CDATA[oZ5PY1OO3MQ2-ijOXVrGjBG4NzEQ]]></FromUserName>
<CreateTime>1583307101</CreateTime>
<MsgType><![CDATA[event]]></MsgType>
<Event><![CDATA[VIEW]]></Event>
<EventKey><![CDATA[http://www.boyufengmao.com/app/index.php?i=7&c=entry&m=ewei_shopv2&do=mobile&r=diypage&id=30]]></EventKey>
<MenuId>516312345</MenuId>
</xml>

2020-03-04 15:31:41 params :
------------
String:
array (
  'rule' => -2,
  'module' => '',
  'message' => 
  array (
    'tousername' => 'gh_7b3d37846b75',
    'fromusername' => 'oZ5PY1OO3MQ2-ijOXVrGjBG4NzEQ',
    'createtime' => '1583307101',
    'msgtype' => 'event',
    'event' => 'VIEW',
    'eventkey' => 'http://www.boyufengmao.com/app/index.php?i=7&c=entry&m=ewei_shopv2&do=mobile&r=diypage&id=30',
    'menuid' => '516312345',
    'from' => 'oZ5PY1OO3MQ2-ijOXVrGjBG4NzEQ',
    'to' => 'gh_7b3d37846b75',
    'time' => '1583307101',
    'type' => 'text',
    'content' => 'http://www.boyufengmao.com/app/index.php?i=7&c=entry&m=ewei_shopv2&do=mobile&r=diypage&id=30',
    'redirection' => true,
    'source' => 'VIEW',
  ),
)

2020-03-04 15:31:41 response :
------------

2020-03-04 15:32:14 trace :
------------
String:
<xml><ToUserName><![CDATA[gh_7b3d37846b75]]></ToUserName>
<FromUserName><![CDATA[oZ5PY1OO3MQ2-ijOXVrGjBG4NzEQ]]></FromUserName>
<CreateTime>1583307133</CreateTime>
<MsgType><![CDATA[event]]></MsgType>
<Event><![CDATA[VIEW]]></Event>
<EventKey><![CDATA[http://www.boyufengmao.com/app/index.php?i=7&c=entry&m=ewei_shopv2&do=mobile&r=diypage&id=30]]></EventKey>
<MenuId>516312345</MenuId>
</xml>

2020-03-04 15:32:14 params :
------------
String:
array (
  'rule' => -2,
  'module' => '',
  'message' => 
  array (
    'tousername' => 'gh_7b3d37846b75',
    'fromusername' => 'oZ5PY1OO3MQ2-ijOXVrGjBG4NzEQ',
    'createtime' => '1583307133',
    'msgtype' => 'event',
    'event' => 'VIEW',
    'eventkey' => 'http://www.boyufengmao.com/app/index.php?i=7&c=entry&m=ewei_shopv2&do=mobile&r=diypage&id=30',
    'menuid' => '516312345',
    'from' => 'oZ5PY1OO3MQ2-ijOXVrGjBG4NzEQ',
    'to' => 'gh_7b3d37846b75',
    'time' => '1583307133',
    'type' => 'text',
    'content' => 'http://www.boyufengmao.com/app/index.php?i=7&c=entry&m=ewei_shopv2&do=mobile&r=diypage&id=30',
    'redirection' => true,
    'source' => 'VIEW',
  ),
)

2020-03-04 15:32:14 response :
------------

2020-03-04 16:19:21 trace :
------------
String:
<xml><ToUserName><![CDATA[gh_f9b894563ef4]]></ToUserName>
<FromUserName><![CDATA[o5V8y1Sm92TAPKLGxaKdQo0wFiT0]]></FromUserName>
<CreateTime>1583309961</CreateTime>
<MsgType><![CDATA[event]]></MsgType>
<Event><![CDATA[unsubscribe]]></Event>
<EventKey><![CDATA[]]></EventKey>
</xml>

2020-03-04 18:13:18 trace :
------------
String:
<xml><ToUserName><![CDATA[gh_f9b894563ef4]]></ToUserName>
<FromUserName><![CDATA[o5V8y1Z6oiTg7vwN81ngAMsfhA8k]]></FromUserName>
<CreateTime>1583316797</CreateTime>
<MsgType><![CDATA[event]]></MsgType>
<Event><![CDATA[VIEW]]></Event>
<EventKey><![CDATA[http://www.boyufengmao.com/app/index.php?i=6&c=entry&m=ewei_shopv2&do=mobile]]></EventKey>
<MenuId>445261982</MenuId>
</xml>

2020-03-04 18:13:18 params :
------------
String:
array (
  'rule' => -2,
  'module' => '',
  'message' => 
  array (
    'tousername' => 'gh_f9b894563ef4',
    'fromusername' => 'o5V8y1Z6oiTg7vwN81ngAMsfhA8k',
    'createtime' => '1583316797',
    'msgtype' => 'event',
    'event' => 'VIEW',
    'eventkey' => 'http://www.boyufengmao.com/app/index.php?i=6&c=entry&m=ewei_shopv2&do=mobile',
    'menuid' => '445261982',
    'from' => 'o5V8y1Z6oiTg7vwN81ngAMsfhA8k',
    'to' => 'gh_f9b894563ef4',
    'time' => '1583316797',
    'type' => 'text',
    'content' => 'http://www.boyufengmao.com/app/index.php?i=6&c=entry&m=ewei_shopv2&do=mobile',
    'redirection' => true,
    'source' => 'VIEW',
  ),
)

2020-03-04 18:13:18 response :
------------

2020-03-04 23:34:51 trace :
------------
String:
<xml><ToUserName><![CDATA[gh_f9b894563ef4]]></ToUserName>
<FromUserName><![CDATA[o5V8y1d4oFIa6659NMyjO1s8ox_w]]></FromUserName>
<CreateTime>1583336091</CreateTime>
<MsgType><![CDATA[event]]></MsgType>
<Event><![CDATA[unsubscribe]]></Event>
<EventKey><![CDATA[]]></EventKey>
</xml>

