2020-05-27 00:11:58 trace :
------------
String:
<xml><ToUserName><![CDATA[gh_f9b894563ef4]]></ToUserName>
<FromUserName><![CDATA[o5V8y1S14i5yHNGtk9POs-6ckYJ0]]></FromUserName>
<CreateTime>1590509518</CreateTime>
<MsgType><![CDATA[event]]></MsgType>
<Event><![CDATA[VIEW]]></Event>
<EventKey><![CDATA[http://www.boyufengmao.com/app/index.php?i=6&c=entry&m=ewei_shopv2&do=mobile]]></EventKey>
<MenuId>445261982</MenuId>
</xml>

2020-05-27 00:11:58 params :
------------
String:
array (
  'rule' => -2,
  'module' => '',
  'message' => 
  array (
    'tousername' => 'gh_f9b894563ef4',
    'fromusername' => 'o5V8y1S14i5yHNGtk9POs-6ckYJ0',
    'createtime' => '1590509518',
    'msgtype' => 'event',
    'event' => 'VIEW',
    'eventkey' => 'http://www.boyufengmao.com/app/index.php?i=6&c=entry&m=ewei_shopv2&do=mobile',
    'menuid' => '445261982',
    'from' => 'o5V8y1S14i5yHNGtk9POs-6ckYJ0',
    'to' => 'gh_f9b894563ef4',
    'time' => '1590509518',
    'type' => 'text',
    'content' => 'http://www.boyufengmao.com/app/index.php?i=6&c=entry&m=ewei_shopv2&do=mobile',
    'redirection' => true,
    'source' => 'VIEW',
  ),
)

2020-05-27 00:11:58 response :
------------

2020-05-27 00:12:06 trace :
------------
String:
<xml><ToUserName><![CDATA[gh_f9b894563ef4]]></ToUserName>
<FromUserName><![CDATA[o5V8y1S14i5yHNGtk9POs-6ckYJ0]]></FromUserName>
<CreateTime>1590509526</CreateTime>
<MsgType><![CDATA[event]]></MsgType>
<Event><![CDATA[VIEW]]></Event>
<EventKey><![CDATA[http://www.boyufengmao.com/app/index.php?i=6&c=entry&m=ewei_shopv2&do=mobile]]></EventKey>
<MenuId>445261982</MenuId>
</xml>

2020-05-27 00:12:06 params :
------------
String:
array (
  'rule' => -2,
  'module' => '',
  'message' => 
  array (
    'tousername' => 'gh_f9b894563ef4',
    'fromusername' => 'o5V8y1S14i5yHNGtk9POs-6ckYJ0',
    'createtime' => '1590509526',
    'msgtype' => 'event',
    'event' => 'VIEW',
    'eventkey' => 'http://www.boyufengmao.com/app/index.php?i=6&c=entry&m=ewei_shopv2&do=mobile',
    'menuid' => '445261982',
    'from' => 'o5V8y1S14i5yHNGtk9POs-6ckYJ0',
    'to' => 'gh_f9b894563ef4',
    'time' => '1590509526',
    'type' => 'text',
    'content' => 'http://www.boyufengmao.com/app/index.php?i=6&c=entry&m=ewei_shopv2&do=mobile',
    'redirection' => true,
    'source' => 'VIEW',
  ),
)

2020-05-27 00:12:06 response :
------------

2020-05-27 09:30:47 trace :
------------
String:
<xml><ToUserName><![CDATA[gh_f9b894563ef4]]></ToUserName>
<FromUserName><![CDATA[o5V8y1Zqkl7m1Zk3pA31BIMftD_8]]></FromUserName>
<CreateTime>1590543047</CreateTime>
<MsgType><![CDATA[event]]></MsgType>
<Event><![CDATA[unsubscribe]]></Event>
<EventKey><![CDATA[]]></EventKey>
</xml>

2020-05-27 09:33:59 trace :
------------
String:
<xml><ToUserName><![CDATA[gh_c804ae748f89]]></ToUserName>
<FromUserName><![CDATA[o3lrB5-tSRB4TRcnFv6XLoaKD3Ww]]></FromUserName>
<CreateTime>1590543239</CreateTime>
<MsgType><![CDATA[event]]></MsgType>
<Event><![CDATA[VIEW]]></Event>
<EventKey><![CDATA[http://www.boyufengmao.com/app/index.php?i=2&c=entry&m=ewei_shopv2&do=mobile]]></EventKey>
<MenuId>444488974</MenuId>
</xml>

2020-05-27 09:33:59 params :
------------
String:
array (
  'rule' => -2,
  'module' => '',
  'message' => 
  array (
    'tousername' => 'gh_c804ae748f89',
    'fromusername' => 'o3lrB5-tSRB4TRcnFv6XLoaKD3Ww',
    'createtime' => '1590543239',
    'msgtype' => 'event',
    'event' => 'VIEW',
    'eventkey' => 'http://www.boyufengmao.com/app/index.php?i=2&c=entry&m=ewei_shopv2&do=mobile',
    'menuid' => '444488974',
    'from' => 'o3lrB5-tSRB4TRcnFv6XLoaKD3Ww',
    'to' => 'gh_c804ae748f89',
    'time' => '1590543239',
    'type' => 'text',
    'content' => 'http://www.boyufengmao.com/app/index.php?i=2&c=entry&m=ewei_shopv2&do=mobile',
    'redirection' => true,
    'source' => 'VIEW',
  ),
)

2020-05-27 09:33:59 response :
------------

2020-05-27 10:46:24 trace :
------------
String:
<xml><ToUserName><![CDATA[gh_5e8fd633e50f]]></ToUserName>
<FromUserName><![CDATA[o0qljuA8U6cdBuEBskhy0B5ugFmg]]></FromUserName>
<CreateTime>1590547583</CreateTime>
<MsgType><![CDATA[event]]></MsgType>
<Event><![CDATA[VIEW]]></Event>
<EventKey><![CDATA[http://www.boyufengmao.com/app/index.php?i=17&c=entry&eid=1]]></EventKey>
<MenuId>488228312</MenuId>
</xml>

2020-05-27 10:46:24 params :
------------
String:
array (
  'rule' => -2,
  'module' => '',
  'message' => 
  array (
    'tousername' => 'gh_5e8fd633e50f',
    'fromusername' => 'o0qljuA8U6cdBuEBskhy0B5ugFmg',
    'createtime' => '1590547583',
    'msgtype' => 'event',
    'event' => 'VIEW',
    'eventkey' => 'http://www.boyufengmao.com/app/index.php?i=17&c=entry&eid=1',
    'menuid' => '488228312',
    'from' => 'o0qljuA8U6cdBuEBskhy0B5ugFmg',
    'to' => 'gh_5e8fd633e50f',
    'time' => '1590547583',
    'type' => 'text',
    'content' => 'http://www.boyufengmao.com/app/index.php?i=17&c=entry&eid=1',
    'redirection' => true,
    'source' => 'VIEW',
  ),
)

2020-05-27 10:46:24 response :
------------

2020-05-27 10:50:48 trace :
------------
String:
<xml><ToUserName><![CDATA[gh_67e18b5132a7]]></ToUserName>
<FromUserName><![CDATA[oR70FtxgUSfldCL2PH5Rta5WEWhk]]></FromUserName>
<CreateTime>1590547848</CreateTime>
<MsgType><![CDATA[event]]></MsgType>
<Event><![CDATA[subscribe]]></Event>
<EventKey><![CDATA[]]></EventKey>
</xml>

2020-05-27 10:50:48 params :
------------
String:
array (
  'rule' => -2,
  'module' => '',
  'message' => 
  array (
    'tousername' => 'gh_67e18b5132a7',
    'fromusername' => 'oR70FtxgUSfldCL2PH5Rta5WEWhk',
    'createtime' => '1590547848',
    'msgtype' => 'event',
    'event' => 'subscribe',
    'eventkey' => '',
    'from' => 'oR70FtxgUSfldCL2PH5Rta5WEWhk',
    'to' => 'gh_67e18b5132a7',
    'time' => '1590547848',
    'type' => 'text',
    'redirection' => true,
    'source' => 'subscribe',
  ),
)

2020-05-27 10:50:48 response :
------------

2020-05-27 10:50:55 trace :
------------
String:
<xml><ToUserName><![CDATA[gh_67e18b5132a7]]></ToUserName>
<FromUserName><![CDATA[oR70FtxgUSfldCL2PH5Rta5WEWhk]]></FromUserName>
<CreateTime>1590547855</CreateTime>
<MsgType><![CDATA[event]]></MsgType>
<Event><![CDATA[VIEW]]></Event>
<EventKey><![CDATA[http://www.boyufengmao.com/app/index.php?i=19&c=entry&m=ewei_shopv2&do=mobile]]></EventKey>
<MenuId>426638167</MenuId>
</xml>

2020-05-27 10:50:55 params :
------------
String:
array (
  'rule' => -2,
  'module' => '',
  'message' => 
  array (
    'tousername' => 'gh_67e18b5132a7',
    'fromusername' => 'oR70FtxgUSfldCL2PH5Rta5WEWhk',
    'createtime' => '1590547855',
    'msgtype' => 'event',
    'event' => 'VIEW',
    'eventkey' => 'http://www.boyufengmao.com/app/index.php?i=19&c=entry&m=ewei_shopv2&do=mobile',
    'menuid' => '426638167',
    'from' => 'oR70FtxgUSfldCL2PH5Rta5WEWhk',
    'to' => 'gh_67e18b5132a7',
    'time' => '1590547855',
    'type' => 'text',
    'content' => 'http://www.boyufengmao.com/app/index.php?i=19&c=entry&m=ewei_shopv2&do=mobile',
    'redirection' => true,
    'source' => 'VIEW',
  ),
)

2020-05-27 10:50:55 response :
------------

2020-05-27 10:51:00 trace :
------------
String:
<xml><ToUserName><![CDATA[gh_67e18b5132a7]]></ToUserName>
<FromUserName><![CDATA[oR70FtxgUSfldCL2PH5Rta5WEWhk]]></FromUserName>
<CreateTime>1590547860</CreateTime>
<MsgType><![CDATA[event]]></MsgType>
<Event><![CDATA[VIEW]]></Event>
<EventKey><![CDATA[http://www.boyufengmao.com/app/index.php?i=19&c=entry&m=ewei_shopv2&do=mobile&r=member]]></EventKey>
<MenuId>426638167</MenuId>
</xml>

2020-05-27 10:51:00 params :
------------
String:
array (
  'rule' => -2,
  'module' => '',
  'message' => 
  array (
    'tousername' => 'gh_67e18b5132a7',
    'fromusername' => 'oR70FtxgUSfldCL2PH5Rta5WEWhk',
    'createtime' => '1590547860',
    'msgtype' => 'event',
    'event' => 'VIEW',
    'eventkey' => 'http://www.boyufengmao.com/app/index.php?i=19&c=entry&m=ewei_shopv2&do=mobile&r=member',
    'menuid' => '426638167',
    'from' => 'oR70FtxgUSfldCL2PH5Rta5WEWhk',
    'to' => 'gh_67e18b5132a7',
    'time' => '1590547860',
    'type' => 'text',
    'content' => 'http://www.boyufengmao.com/app/index.php?i=19&c=entry&m=ewei_shopv2&do=mobile&r=member',
    'redirection' => true,
    'source' => 'VIEW',
  ),
)

2020-05-27 10:51:00 response :
------------

2020-05-27 11:06:35 trace :
------------
String:
<xml><ToUserName><![CDATA[gh_67e18b5132a7]]></ToUserName>
<FromUserName><![CDATA[oR70FtxgUSfldCL2PH5Rta5WEWhk]]></FromUserName>
<CreateTime>1590548795</CreateTime>
<MsgType><![CDATA[event]]></MsgType>
<Event><![CDATA[VIEW]]></Event>
<EventKey><![CDATA[http://www.boyufengmao.com/app/index.php?i=19&c=entry&m=ewei_shopv2&do=mobile]]></EventKey>
<MenuId>426638167</MenuId>
</xml>

2020-05-27 11:06:36 params :
------------
String:
array (
  'rule' => -2,
  'module' => '',
  'message' => 
  array (
    'tousername' => 'gh_67e18b5132a7',
    'fromusername' => 'oR70FtxgUSfldCL2PH5Rta5WEWhk',
    'createtime' => '1590548795',
    'msgtype' => 'event',
    'event' => 'VIEW',
    'eventkey' => 'http://www.boyufengmao.com/app/index.php?i=19&c=entry&m=ewei_shopv2&do=mobile',
    'menuid' => '426638167',
    'from' => 'oR70FtxgUSfldCL2PH5Rta5WEWhk',
    'to' => 'gh_67e18b5132a7',
    'time' => '1590548795',
    'type' => 'text',
    'content' => 'http://www.boyufengmao.com/app/index.php?i=19&c=entry&m=ewei_shopv2&do=mobile',
    'redirection' => true,
    'source' => 'VIEW',
  ),
)

2020-05-27 11:06:36 response :
------------

2020-05-27 11:06:39 trace :
------------
String:
<xml><ToUserName><![CDATA[gh_67e18b5132a7]]></ToUserName>
<FromUserName><![CDATA[oR70FtxgUSfldCL2PH5Rta5WEWhk]]></FromUserName>
<CreateTime>1590548799</CreateTime>
<MsgType><![CDATA[event]]></MsgType>
<Event><![CDATA[VIEW]]></Event>
<EventKey><![CDATA[http://www.boyufengmao.com/app/index.php?i=19&c=entry&m=ewei_shopv2&do=mobile&r=member]]></EventKey>
<MenuId>426638167</MenuId>
</xml>

2020-05-27 11:06:39 params :
------------
String:
array (
  'rule' => -2,
  'module' => '',
  'message' => 
  array (
    'tousername' => 'gh_67e18b5132a7',
    'fromusername' => 'oR70FtxgUSfldCL2PH5Rta5WEWhk',
    'createtime' => '1590548799',
    'msgtype' => 'event',
    'event' => 'VIEW',
    'eventkey' => 'http://www.boyufengmao.com/app/index.php?i=19&c=entry&m=ewei_shopv2&do=mobile&r=member',
    'menuid' => '426638167',
    'from' => 'oR70FtxgUSfldCL2PH5Rta5WEWhk',
    'to' => 'gh_67e18b5132a7',
    'time' => '1590548799',
    'type' => 'text',
    'content' => 'http://www.boyufengmao.com/app/index.php?i=19&c=entry&m=ewei_shopv2&do=mobile&r=member',
    'redirection' => true,
    'source' => 'VIEW',
  ),
)

2020-05-27 11:06:39 response :
------------

2020-05-27 11:06:41 trace :
------------
String:
<xml><ToUserName><![CDATA[gh_67e18b5132a7]]></ToUserName>
<FromUserName><![CDATA[oR70FtxgUSfldCL2PH5Rta5WEWhk]]></FromUserName>
<CreateTime>1590548801</CreateTime>
<MsgType><![CDATA[event]]></MsgType>
<Event><![CDATA[CLICK]]></Event>
<EventKey><![CDATA[电话]]></EventKey>
</xml>

2020-05-27 11:06:41 params :
------------
String:
array (
  'message' => 
  array (
    'tousername' => 'gh_67e18b5132a7',
    'fromusername' => 'oR70FtxgUSfldCL2PH5Rta5WEWhk',
    'createtime' => '1590548801',
    'msgtype' => 'event',
    'event' => 'CLICK',
    'eventkey' => '电话',
    'from' => 'oR70FtxgUSfldCL2PH5Rta5WEWhk',
    'to' => 'gh_67e18b5132a7',
    'time' => '1590548801',
    'type' => 'text',
    'content' => '电话',
    'redirection' => true,
    'source' => 'click',
  ),
  'module' => 'reply',
  'rule' => '249',
  'priority' => '0',
  'keyword' => 
  array (
    'id' => '271',
    'rid' => '249',
    'uniacid' => '19',
    'module' => 'reply',
    'content' => '电话',
    'type' => '1',
    'displayorder' => '0',
    'status' => '1',
    'reply_type' => 
    array (
      0 => 'basic',
    ),
  ),
  'reply_type' => 
  array (
    0 => 'basic',
  ),
)

2020-05-27 11:06:41 response :
------------
Array:
FromUserName : gh_67e18b5132a7 ;
ToUserName : oR70FtxgUSfldCL2PH5Rta5WEWhk ;
MsgType : text ;
Content : 联系电话:15389235140 ;

2020-05-27 11:36:23 trace :
------------
String:
<xml><ToUserName><![CDATA[gh_67e18b5132a7]]></ToUserName>
<FromUserName><![CDATA[oR70FtxgUSfldCL2PH5Rta5WEWhk]]></FromUserName>
<CreateTime>1590550583</CreateTime>
<MsgType><![CDATA[event]]></MsgType>
<Event><![CDATA[VIEW]]></Event>
<EventKey><![CDATA[http://www.boyufengmao.com/app/index.php?i=19&c=entry&m=ewei_shopv2&do=mobile]]></EventKey>
<MenuId>426638167</MenuId>
</xml>

2020-05-27 11:36:23 params :
------------
String:
array (
  'rule' => -2,
  'module' => '',
  'message' => 
  array (
    'tousername' => 'gh_67e18b5132a7',
    'fromusername' => 'oR70FtxgUSfldCL2PH5Rta5WEWhk',
    'createtime' => '1590550583',
    'msgtype' => 'event',
    'event' => 'VIEW',
    'eventkey' => 'http://www.boyufengmao.com/app/index.php?i=19&c=entry&m=ewei_shopv2&do=mobile',
    'menuid' => '426638167',
    'from' => 'oR70FtxgUSfldCL2PH5Rta5WEWhk',
    'to' => 'gh_67e18b5132a7',
    'time' => '1590550583',
    'type' => 'text',
    'content' => 'http://www.boyufengmao.com/app/index.php?i=19&c=entry&m=ewei_shopv2&do=mobile',
    'redirection' => true,
    'source' => 'VIEW',
  ),
)

2020-05-27 11:36:23 response :
------------

2020-05-27 11:36:40 trace :
------------
String:
<xml><ToUserName><![CDATA[gh_67e18b5132a7]]></ToUserName>
<FromUserName><![CDATA[oR70FtxgUSfldCL2PH5Rta5WEWhk]]></FromUserName>
<CreateTime>1590550600</CreateTime>
<MsgType><![CDATA[event]]></MsgType>
<Event><![CDATA[VIEW]]></Event>
<EventKey><![CDATA[http://www.boyufengmao.com/app/index.php?i=19&c=entry&m=ewei_shopv2&do=mobile]]></EventKey>
<MenuId>426638167</MenuId>
</xml>

2020-05-27 11:36:40 params :
------------
String:
array (
  'rule' => -2,
  'module' => '',
  'message' => 
  array (
    'tousername' => 'gh_67e18b5132a7',
    'fromusername' => 'oR70FtxgUSfldCL2PH5Rta5WEWhk',
    'createtime' => '1590550600',
    'msgtype' => 'event',
    'event' => 'VIEW',
    'eventkey' => 'http://www.boyufengmao.com/app/index.php?i=19&c=entry&m=ewei_shopv2&do=mobile',
    'menuid' => '426638167',
    'from' => 'oR70FtxgUSfldCL2PH5Rta5WEWhk',
    'to' => 'gh_67e18b5132a7',
    'time' => '1590550600',
    'type' => 'text',
    'content' => 'http://www.boyufengmao.com/app/index.php?i=19&c=entry&m=ewei_shopv2&do=mobile',
    'redirection' => true,
    'source' => 'VIEW',
  ),
)

2020-05-27 11:36:40 response :
------------

2020-05-27 14:22:24 trace :
------------
String:
<xml><ToUserName><![CDATA[gh_6a6fe9b4c944]]></ToUserName>
<FromUserName><![CDATA[ow_uWv7NIrrj8ieipCXjP8KhcGPE]]></FromUserName>
<CreateTime>1590560544</CreateTime>
<MsgType><![CDATA[event]]></MsgType>
<Event><![CDATA[VIEW]]></Event>
<EventKey><![CDATA[http://www.boyufengmao.com/app/index.php?i=13&c=entry&m=ewei_shopv2&do=mobile&r=diypage&id=90]]></EventKey>
<MenuId>439033965</MenuId>
</xml>

2020-05-27 14:22:24 params :
------------
String:
array (
  'rule' => -2,
  'module' => '',
  'message' => 
  array (
    'tousername' => 'gh_6a6fe9b4c944',
    'fromusername' => 'ow_uWv7NIrrj8ieipCXjP8KhcGPE',
    'createtime' => '1590560544',
    'msgtype' => 'event',
    'event' => 'VIEW',
    'eventkey' => 'http://www.boyufengmao.com/app/index.php?i=13&c=entry&m=ewei_shopv2&do=mobile&r=diypage&id=90',
    'menuid' => '439033965',
    'from' => 'ow_uWv7NIrrj8ieipCXjP8KhcGPE',
    'to' => 'gh_6a6fe9b4c944',
    'time' => '1590560544',
    'type' => 'text',
    'content' => 'http://www.boyufengmao.com/app/index.php?i=13&c=entry&m=ewei_shopv2&do=mobile&r=diypage&id=90',
    'redirection' => true,
    'source' => 'VIEW',
  ),
)

2020-05-27 14:22:24 response :
------------

2020-05-27 16:32:30 trace :
------------
String:
<xml><ToUserName><![CDATA[gh_c804ae748f89]]></ToUserName>
<FromUserName><![CDATA[o3lrB5-tSRB4TRcnFv6XLoaKD3Ww]]></FromUserName>
<CreateTime>1590568350</CreateTime>
<MsgType><![CDATA[event]]></MsgType>
<Event><![CDATA[VIEW]]></Event>
<EventKey><![CDATA[http://www.boyufengmao.com/app/index.php?i=2&c=entry&m=ewei_shopv2&do=mobile]]></EventKey>
<MenuId>444488974</MenuId>
</xml>

2020-05-27 16:32:30 params :
------------
String:
array (
  'rule' => -2,
  'module' => '',
  'message' => 
  array (
    'tousername' => 'gh_c804ae748f89',
    'fromusername' => 'o3lrB5-tSRB4TRcnFv6XLoaKD3Ww',
    'createtime' => '1590568350',
    'msgtype' => 'event',
    'event' => 'VIEW',
    'eventkey' => 'http://www.boyufengmao.com/app/index.php?i=2&c=entry&m=ewei_shopv2&do=mobile',
    'menuid' => '444488974',
    'from' => 'o3lrB5-tSRB4TRcnFv6XLoaKD3Ww',
    'to' => 'gh_c804ae748f89',
    'time' => '1590568350',
    'type' => 'text',
    'content' => 'http://www.boyufengmao.com/app/index.php?i=2&c=entry&m=ewei_shopv2&do=mobile',
    'redirection' => true,
    'source' => 'VIEW',
  ),
)

2020-05-27 16:32:30 response :
------------

2020-05-27 16:32:42 trace :
------------
String:
<xml><ToUserName><![CDATA[gh_c804ae748f89]]></ToUserName>
<FromUserName><![CDATA[o3lrB5-tSRB4TRcnFv6XLoaKD3Ww]]></FromUserName>
<CreateTime>1590568362</CreateTime>
<MsgType><![CDATA[event]]></MsgType>
<Event><![CDATA[VIEW]]></Event>
<EventKey><![CDATA[http://www.boyufengmao.com/app/index.php?i=2&c=entry&m=ewei_shopv2&do=mobile]]></EventKey>
<MenuId>444488974</MenuId>
</xml>

2020-05-27 16:32:42 params :
------------
String:
array (
  'rule' => -2,
  'module' => '',
  'message' => 
  array (
    'tousername' => 'gh_c804ae748f89',
    'fromusername' => 'o3lrB5-tSRB4TRcnFv6XLoaKD3Ww',
    'createtime' => '1590568362',
    'msgtype' => 'event',
    'event' => 'VIEW',
    'eventkey' => 'http://www.boyufengmao.com/app/index.php?i=2&c=entry&m=ewei_shopv2&do=mobile',
    'menuid' => '444488974',
    'from' => 'o3lrB5-tSRB4TRcnFv6XLoaKD3Ww',
    'to' => 'gh_c804ae748f89',
    'time' => '1590568362',
    'type' => 'text',
    'content' => 'http://www.boyufengmao.com/app/index.php?i=2&c=entry&m=ewei_shopv2&do=mobile',
    'redirection' => true,
    'source' => 'VIEW',
  ),
)

2020-05-27 16:32:42 response :
------------

2020-05-27 16:43:12 trace :
------------
String:
<xml><ToUserName><![CDATA[gh_c804ae748f89]]></ToUserName>
<FromUserName><![CDATA[o3lrB5-tSRB4TRcnFv6XLoaKD3Ww]]></FromUserName>
<CreateTime>1590568991</CreateTime>
<MsgType><![CDATA[event]]></MsgType>
<Event><![CDATA[VIEW]]></Event>
<EventKey><![CDATA[http://www.boyufengmao.com/app/index.php?i=2&c=entry&m=ewei_shopv2&do=mobile]]></EventKey>
<MenuId>444488974</MenuId>
</xml>

2020-05-27 16:43:12 params :
------------
String:
array (
  'rule' => -2,
  'module' => '',
  'message' => 
  array (
    'tousername' => 'gh_c804ae748f89',
    'fromusername' => 'o3lrB5-tSRB4TRcnFv6XLoaKD3Ww',
    'createtime' => '1590568991',
    'msgtype' => 'event',
    'event' => 'VIEW',
    'eventkey' => 'http://www.boyufengmao.com/app/index.php?i=2&c=entry&m=ewei_shopv2&do=mobile',
    'menuid' => '444488974',
    'from' => 'o3lrB5-tSRB4TRcnFv6XLoaKD3Ww',
    'to' => 'gh_c804ae748f89',
    'time' => '1590568991',
    'type' => 'text',
    'content' => 'http://www.boyufengmao.com/app/index.php?i=2&c=entry&m=ewei_shopv2&do=mobile',
    'redirection' => true,
    'source' => 'VIEW',
  ),
)

2020-05-27 16:43:12 response :
------------

2020-05-27 16:50:42 trace :
------------
String:
<xml><ToUserName><![CDATA[gh_c804ae748f89]]></ToUserName>
<FromUserName><![CDATA[o3lrB5-tSRB4TRcnFv6XLoaKD3Ww]]></FromUserName>
<CreateTime>1590569442</CreateTime>
<MsgType><![CDATA[event]]></MsgType>
<Event><![CDATA[VIEW]]></Event>
<EventKey><![CDATA[http://www.boyufengmao.com/app/index.php?i=2&c=entry&m=ewei_shopv2&do=mobile]]></EventKey>
<MenuId>444488974</MenuId>
</xml>

2020-05-27 16:50:42 params :
------------
String:
array (
  'rule' => -2,
  'module' => '',
  'message' => 
  array (
    'tousername' => 'gh_c804ae748f89',
    'fromusername' => 'o3lrB5-tSRB4TRcnFv6XLoaKD3Ww',
    'createtime' => '1590569442',
    'msgtype' => 'event',
    'event' => 'VIEW',
    'eventkey' => 'http://www.boyufengmao.com/app/index.php?i=2&c=entry&m=ewei_shopv2&do=mobile',
    'menuid' => '444488974',
    'from' => 'o3lrB5-tSRB4TRcnFv6XLoaKD3Ww',
    'to' => 'gh_c804ae748f89',
    'time' => '1590569442',
    'type' => 'text',
    'content' => 'http://www.boyufengmao.com/app/index.php?i=2&c=entry&m=ewei_shopv2&do=mobile',
    'redirection' => true,
    'source' => 'VIEW',
  ),
)

2020-05-27 16:50:42 response :
------------

2020-05-27 17:00:36 trace :
------------
String:
<xml><ToUserName><![CDATA[gh_c804ae748f89]]></ToUserName>
<FromUserName><![CDATA[o3lrB5-tSRB4TRcnFv6XLoaKD3Ww]]></FromUserName>
<CreateTime>1590570036</CreateTime>
<MsgType><![CDATA[event]]></MsgType>
<Event><![CDATA[VIEW]]></Event>
<EventKey><![CDATA[http://www.boyufengmao.com/app/index.php?i=2&c=entry&m=ewei_shopv2&do=mobile]]></EventKey>
<MenuId>444488974</MenuId>
</xml>

2020-05-27 17:00:36 params :
------------
String:
array (
  'rule' => -2,
  'module' => '',
  'message' => 
  array (
    'tousername' => 'gh_c804ae748f89',
    'fromusername' => 'o3lrB5-tSRB4TRcnFv6XLoaKD3Ww',
    'createtime' => '1590570036',
    'msgtype' => 'event',
    'event' => 'VIEW',
    'eventkey' => 'http://www.boyufengmao.com/app/index.php?i=2&c=entry&m=ewei_shopv2&do=mobile',
    'menuid' => '444488974',
    'from' => 'o3lrB5-tSRB4TRcnFv6XLoaKD3Ww',
    'to' => 'gh_c804ae748f89',
    'time' => '1590570036',
    'type' => 'text',
    'content' => 'http://www.boyufengmao.com/app/index.php?i=2&c=entry&m=ewei_shopv2&do=mobile',
    'redirection' => true,
    'source' => 'VIEW',
  ),
)

2020-05-27 17:00:36 response :
------------

2020-05-27 17:00:46 trace :
------------
String:
<xml><ToUserName><![CDATA[gh_c804ae748f89]]></ToUserName>
<FromUserName><![CDATA[o3lrB5-tSRB4TRcnFv6XLoaKD3Ww]]></FromUserName>
<CreateTime>1590570046</CreateTime>
<MsgType><![CDATA[event]]></MsgType>
<Event><![CDATA[VIEW]]></Event>
<EventKey><![CDATA[http://www.boyufengmao.com/app/index.php?i=2&c=entry&m=ewei_shopv2&do=mobile]]></EventKey>
<MenuId>444488974</MenuId>
</xml>

2020-05-27 17:00:46 params :
------------
String:
array (
  'rule' => -2,
  'module' => '',
  'message' => 
  array (
    'tousername' => 'gh_c804ae748f89',
    'fromusername' => 'o3lrB5-tSRB4TRcnFv6XLoaKD3Ww',
    'createtime' => '1590570046',
    'msgtype' => 'event',
    'event' => 'VIEW',
    'eventkey' => 'http://www.boyufengmao.com/app/index.php?i=2&c=entry&m=ewei_shopv2&do=mobile',
    'menuid' => '444488974',
    'from' => 'o3lrB5-tSRB4TRcnFv6XLoaKD3Ww',
    'to' => 'gh_c804ae748f89',
    'time' => '1590570046',
    'type' => 'text',
    'content' => 'http://www.boyufengmao.com/app/index.php?i=2&c=entry&m=ewei_shopv2&do=mobile',
    'redirection' => true,
    'source' => 'VIEW',
  ),
)

2020-05-27 17:00:46 response :
------------

2020-05-27 17:03:02 trace :
------------
String:
<xml><ToUserName><![CDATA[gh_c804ae748f89]]></ToUserName>
<FromUserName><![CDATA[o3lrB5-tSRB4TRcnFv6XLoaKD3Ww]]></FromUserName>
<CreateTime>1590570182</CreateTime>
<MsgType><![CDATA[event]]></MsgType>
<Event><![CDATA[VIEW]]></Event>
<EventKey><![CDATA[http://www.boyufengmao.com/app/index.php?i=2&c=entry&m=ewei_shopv2&do=mobile]]></EventKey>
<MenuId>444488974</MenuId>
</xml>

2020-05-27 17:03:02 params :
------------
String:
array (
  'rule' => -2,
  'module' => '',
  'message' => 
  array (
    'tousername' => 'gh_c804ae748f89',
    'fromusername' => 'o3lrB5-tSRB4TRcnFv6XLoaKD3Ww',
    'createtime' => '1590570182',
    'msgtype' => 'event',
    'event' => 'VIEW',
    'eventkey' => 'http://www.boyufengmao.com/app/index.php?i=2&c=entry&m=ewei_shopv2&do=mobile',
    'menuid' => '444488974',
    'from' => 'o3lrB5-tSRB4TRcnFv6XLoaKD3Ww',
    'to' => 'gh_c804ae748f89',
    'time' => '1590570182',
    'type' => 'text',
    'content' => 'http://www.boyufengmao.com/app/index.php?i=2&c=entry&m=ewei_shopv2&do=mobile',
    'redirection' => true,
    'source' => 'VIEW',
  ),
)

2020-05-27 17:03:02 response :
------------

2020-05-27 17:07:29 trace :
------------
String:
<xml><ToUserName><![CDATA[gh_c804ae748f89]]></ToUserName>
<FromUserName><![CDATA[o3lrB5-tSRB4TRcnFv6XLoaKD3Ww]]></FromUserName>
<CreateTime>1590570449</CreateTime>
<MsgType><![CDATA[event]]></MsgType>
<Event><![CDATA[VIEW]]></Event>
<EventKey><![CDATA[http://www.boyufengmao.com/app/index.php?i=2&c=entry&m=ewei_shopv2&do=mobile]]></EventKey>
<MenuId>444488974</MenuId>
</xml>

2020-05-27 17:07:29 params :
------------
String:
array (
  'rule' => -2,
  'module' => '',
  'message' => 
  array (
    'tousername' => 'gh_c804ae748f89',
    'fromusername' => 'o3lrB5-tSRB4TRcnFv6XLoaKD3Ww',
    'createtime' => '1590570449',
    'msgtype' => 'event',
    'event' => 'VIEW',
    'eventkey' => 'http://www.boyufengmao.com/app/index.php?i=2&c=entry&m=ewei_shopv2&do=mobile',
    'menuid' => '444488974',
    'from' => 'o3lrB5-tSRB4TRcnFv6XLoaKD3Ww',
    'to' => 'gh_c804ae748f89',
    'time' => '1590570449',
    'type' => 'text',
    'content' => 'http://www.boyufengmao.com/app/index.php?i=2&c=entry&m=ewei_shopv2&do=mobile',
    'redirection' => true,
    'source' => 'VIEW',
  ),
)

2020-05-27 17:07:29 response :
------------

2020-05-27 17:07:38 trace :
------------
String:
<xml><ToUserName><![CDATA[gh_c804ae748f89]]></ToUserName>
<FromUserName><![CDATA[o3lrB5-tSRB4TRcnFv6XLoaKD3Ww]]></FromUserName>
<CreateTime>1590570458</CreateTime>
<MsgType><![CDATA[event]]></MsgType>
<Event><![CDATA[VIEW]]></Event>
<EventKey><![CDATA[http://www.boyufengmao.com/app/index.php?i=2&c=entry&m=ewei_shopv2&do=mobile]]></EventKey>
<MenuId>444488974</MenuId>
</xml>

2020-05-27 17:07:38 params :
------------
String:
array (
  'rule' => -2,
  'module' => '',
  'message' => 
  array (
    'tousername' => 'gh_c804ae748f89',
    'fromusername' => 'o3lrB5-tSRB4TRcnFv6XLoaKD3Ww',
    'createtime' => '1590570458',
    'msgtype' => 'event',
    'event' => 'VIEW',
    'eventkey' => 'http://www.boyufengmao.com/app/index.php?i=2&c=entry&m=ewei_shopv2&do=mobile',
    'menuid' => '444488974',
    'from' => 'o3lrB5-tSRB4TRcnFv6XLoaKD3Ww',
    'to' => 'gh_c804ae748f89',
    'time' => '1590570458',
    'type' => 'text',
    'content' => 'http://www.boyufengmao.com/app/index.php?i=2&c=entry&m=ewei_shopv2&do=mobile',
    'redirection' => true,
    'source' => 'VIEW',
  ),
)

2020-05-27 17:07:38 response :
------------

2020-05-27 17:11:18 trace :
------------
String:
<xml><ToUserName><![CDATA[gh_c804ae748f89]]></ToUserName>
<FromUserName><![CDATA[o3lrB5-tSRB4TRcnFv6XLoaKD3Ww]]></FromUserName>
<CreateTime>1590570678</CreateTime>
<MsgType><![CDATA[event]]></MsgType>
<Event><![CDATA[VIEW]]></Event>
<EventKey><![CDATA[http://www.boyufengmao.com/app/index.php?i=2&c=entry&m=ewei_shopv2&do=mobile]]></EventKey>
<MenuId>444488974</MenuId>
</xml>

2020-05-27 17:11:18 params :
------------
String:
array (
  'rule' => -2,
  'module' => '',
  'message' => 
  array (
    'tousername' => 'gh_c804ae748f89',
    'fromusername' => 'o3lrB5-tSRB4TRcnFv6XLoaKD3Ww',
    'createtime' => '1590570678',
    'msgtype' => 'event',
    'event' => 'VIEW',
    'eventkey' => 'http://www.boyufengmao.com/app/index.php?i=2&c=entry&m=ewei_shopv2&do=mobile',
    'menuid' => '444488974',
    'from' => 'o3lrB5-tSRB4TRcnFv6XLoaKD3Ww',
    'to' => 'gh_c804ae748f89',
    'time' => '1590570678',
    'type' => 'text',
    'content' => 'http://www.boyufengmao.com/app/index.php?i=2&c=entry&m=ewei_shopv2&do=mobile',
    'redirection' => true,
    'source' => 'VIEW',
  ),
)

2020-05-27 17:11:18 response :
------------

2020-05-27 17:12:44 trace :
------------
String:
<xml><ToUserName><![CDATA[gh_c804ae748f89]]></ToUserName>
<FromUserName><![CDATA[o3lrB5-tSRB4TRcnFv6XLoaKD3Ww]]></FromUserName>
<CreateTime>1590570764</CreateTime>
<MsgType><![CDATA[event]]></MsgType>
<Event><![CDATA[VIEW]]></Event>
<EventKey><![CDATA[http://www.boyufengmao.com/app/index.php?i=2&c=entry&m=ewei_shopv2&do=mobile]]></EventKey>
<MenuId>444488974</MenuId>
</xml>

2020-05-27 17:12:44 params :
------------
String:
array (
  'rule' => -2,
  'module' => '',
  'message' => 
  array (
    'tousername' => 'gh_c804ae748f89',
    'fromusername' => 'o3lrB5-tSRB4TRcnFv6XLoaKD3Ww',
    'createtime' => '1590570764',
    'msgtype' => 'event',
    'event' => 'VIEW',
    'eventkey' => 'http://www.boyufengmao.com/app/index.php?i=2&c=entry&m=ewei_shopv2&do=mobile',
    'menuid' => '444488974',
    'from' => 'o3lrB5-tSRB4TRcnFv6XLoaKD3Ww',
    'to' => 'gh_c804ae748f89',
    'time' => '1590570764',
    'type' => 'text',
    'content' => 'http://www.boyufengmao.com/app/index.php?i=2&c=entry&m=ewei_shopv2&do=mobile',
    'redirection' => true,
    'source' => 'VIEW',
  ),
)

2020-05-27 17:12:44 response :
------------

2020-05-27 17:18:30 trace :
------------
String:
<xml><ToUserName><![CDATA[gh_c804ae748f89]]></ToUserName>
<FromUserName><![CDATA[o3lrB5-tSRB4TRcnFv6XLoaKD3Ww]]></FromUserName>
<CreateTime>1590571110</CreateTime>
<MsgType><![CDATA[event]]></MsgType>
<Event><![CDATA[VIEW]]></Event>
<EventKey><![CDATA[http://www.boyufengmao.com/app/index.php?i=2&c=entry&m=ewei_shopv2&do=mobile]]></EventKey>
<MenuId>444488974</MenuId>
</xml>

2020-05-27 17:18:30 params :
------------
String:
array (
  'rule' => -2,
  'module' => '',
  'message' => 
  array (
    'tousername' => 'gh_c804ae748f89',
    'fromusername' => 'o3lrB5-tSRB4TRcnFv6XLoaKD3Ww',
    'createtime' => '1590571110',
    'msgtype' => 'event',
    'event' => 'VIEW',
    'eventkey' => 'http://www.boyufengmao.com/app/index.php?i=2&c=entry&m=ewei_shopv2&do=mobile',
    'menuid' => '444488974',
    'from' => 'o3lrB5-tSRB4TRcnFv6XLoaKD3Ww',
    'to' => 'gh_c804ae748f89',
    'time' => '1590571110',
    'type' => 'text',
    'content' => 'http://www.boyufengmao.com/app/index.php?i=2&c=entry&m=ewei_shopv2&do=mobile',
    'redirection' => true,
    'source' => 'VIEW',
  ),
)

2020-05-27 17:18:30 response :
------------

2020-05-27 17:32:15 trace :
------------
String:
<xml><ToUserName><![CDATA[gh_c804ae748f89]]></ToUserName>
<FromUserName><![CDATA[o3lrB5-tSRB4TRcnFv6XLoaKD3Ww]]></FromUserName>
<CreateTime>1590571935</CreateTime>
<MsgType><![CDATA[event]]></MsgType>
<Event><![CDATA[VIEW]]></Event>
<EventKey><![CDATA[http://www.boyufengmao.com/app/index.php?i=2&c=entry&m=ewei_shopv2&do=mobile]]></EventKey>
<MenuId>444488974</MenuId>
</xml>

2020-05-27 17:32:15 params :
------------
String:
array (
  'rule' => -2,
  'module' => '',
  'message' => 
  array (
    'tousername' => 'gh_c804ae748f89',
    'fromusername' => 'o3lrB5-tSRB4TRcnFv6XLoaKD3Ww',
    'createtime' => '1590571935',
    'msgtype' => 'event',
    'event' => 'VIEW',
    'eventkey' => 'http://www.boyufengmao.com/app/index.php?i=2&c=entry&m=ewei_shopv2&do=mobile',
    'menuid' => '444488974',
    'from' => 'o3lrB5-tSRB4TRcnFv6XLoaKD3Ww',
    'to' => 'gh_c804ae748f89',
    'time' => '1590571935',
    'type' => 'text',
    'content' => 'http://www.boyufengmao.com/app/index.php?i=2&c=entry&m=ewei_shopv2&do=mobile',
    'redirection' => true,
    'source' => 'VIEW',
  ),
)

2020-05-27 17:32:15 response :
------------

2020-05-27 17:33:53 trace :
------------
String:
<xml><ToUserName><![CDATA[gh_c804ae748f89]]></ToUserName>
<FromUserName><![CDATA[o3lrB5-tSRB4TRcnFv6XLoaKD3Ww]]></FromUserName>
<CreateTime>1590572033</CreateTime>
<MsgType><![CDATA[event]]></MsgType>
<Event><![CDATA[VIEW]]></Event>
<EventKey><![CDATA[http://www.boyufengmao.com/app/index.php?i=2&c=entry&m=ewei_shopv2&do=mobile]]></EventKey>
<MenuId>444488974</MenuId>
</xml>

2020-05-27 17:33:53 params :
------------
String:
array (
  'rule' => -2,
  'module' => '',
  'message' => 
  array (
    'tousername' => 'gh_c804ae748f89',
    'fromusername' => 'o3lrB5-tSRB4TRcnFv6XLoaKD3Ww',
    'createtime' => '1590572033',
    'msgtype' => 'event',
    'event' => 'VIEW',
    'eventkey' => 'http://www.boyufengmao.com/app/index.php?i=2&c=entry&m=ewei_shopv2&do=mobile',
    'menuid' => '444488974',
    'from' => 'o3lrB5-tSRB4TRcnFv6XLoaKD3Ww',
    'to' => 'gh_c804ae748f89',
    'time' => '1590572033',
    'type' => 'text',
    'content' => 'http://www.boyufengmao.com/app/index.php?i=2&c=entry&m=ewei_shopv2&do=mobile',
    'redirection' => true,
    'source' => 'VIEW',
  ),
)

2020-05-27 17:33:53 response :
------------

2020-05-27 17:35:21 trace :
------------
String:
<xml><ToUserName><![CDATA[gh_c804ae748f89]]></ToUserName>
<FromUserName><![CDATA[o3lrB5-tSRB4TRcnFv6XLoaKD3Ww]]></FromUserName>
<CreateTime>1590572121</CreateTime>
<MsgType><![CDATA[event]]></MsgType>
<Event><![CDATA[VIEW]]></Event>
<EventKey><![CDATA[http://www.boyufengmao.com/app/index.php?i=2&c=entry&m=ewei_shopv2&do=mobile]]></EventKey>
<MenuId>444488974</MenuId>
</xml>

2020-05-27 17:35:21 params :
------------
String:
array (
  'rule' => -2,
  'module' => '',
  'message' => 
  array (
    'tousername' => 'gh_c804ae748f89',
    'fromusername' => 'o3lrB5-tSRB4TRcnFv6XLoaKD3Ww',
    'createtime' => '1590572121',
    'msgtype' => 'event',
    'event' => 'VIEW',
    'eventkey' => 'http://www.boyufengmao.com/app/index.php?i=2&c=entry&m=ewei_shopv2&do=mobile',
    'menuid' => '444488974',
    'from' => 'o3lrB5-tSRB4TRcnFv6XLoaKD3Ww',
    'to' => 'gh_c804ae748f89',
    'time' => '1590572121',
    'type' => 'text',
    'content' => 'http://www.boyufengmao.com/app/index.php?i=2&c=entry&m=ewei_shopv2&do=mobile',
    'redirection' => true,
    'source' => 'VIEW',
  ),
)

2020-05-27 17:35:21 response :
------------

2020-05-27 17:37:04 trace :
------------
String:
<xml><ToUserName><![CDATA[gh_c804ae748f89]]></ToUserName>
<FromUserName><![CDATA[o3lrB5-tSRB4TRcnFv6XLoaKD3Ww]]></FromUserName>
<CreateTime>1590572224</CreateTime>
<MsgType><![CDATA[event]]></MsgType>
<Event><![CDATA[VIEW]]></Event>
<EventKey><![CDATA[http://www.boyufengmao.com/app/index.php?i=2&c=entry&m=ewei_shopv2&do=mobile]]></EventKey>
<MenuId>444488974</MenuId>
</xml>

2020-05-27 17:37:04 params :
------------
String:
array (
  'rule' => -2,
  'module' => '',
  'message' => 
  array (
    'tousername' => 'gh_c804ae748f89',
    'fromusername' => 'o3lrB5-tSRB4TRcnFv6XLoaKD3Ww',
    'createtime' => '1590572224',
    'msgtype' => 'event',
    'event' => 'VIEW',
    'eventkey' => 'http://www.boyufengmao.com/app/index.php?i=2&c=entry&m=ewei_shopv2&do=mobile',
    'menuid' => '444488974',
    'from' => 'o3lrB5-tSRB4TRcnFv6XLoaKD3Ww',
    'to' => 'gh_c804ae748f89',
    'time' => '1590572224',
    'type' => 'text',
    'content' => 'http://www.boyufengmao.com/app/index.php?i=2&c=entry&m=ewei_shopv2&do=mobile',
    'redirection' => true,
    'source' => 'VIEW',
  ),
)

2020-05-27 17:37:04 response :
------------

2020-05-27 17:57:02 trace :
------------
String:
<xml><ToUserName><![CDATA[gh_c804ae748f89]]></ToUserName>
<FromUserName><![CDATA[o3lrB5-tSRB4TRcnFv6XLoaKD3Ww]]></FromUserName>
<CreateTime>1590573422</CreateTime>
<MsgType><![CDATA[event]]></MsgType>
<Event><![CDATA[VIEW]]></Event>
<EventKey><![CDATA[http://www.boyufengmao.com/app/index.php?i=2&c=entry&m=ewei_shopv2&do=mobile]]></EventKey>
<MenuId>444488974</MenuId>
</xml>

2020-05-27 17:57:02 params :
------------
String:
array (
  'rule' => -2,
  'module' => '',
  'message' => 
  array (
    'tousername' => 'gh_c804ae748f89',
    'fromusername' => 'o3lrB5-tSRB4TRcnFv6XLoaKD3Ww',
    'createtime' => '1590573422',
    'msgtype' => 'event',
    'event' => 'VIEW',
    'eventkey' => 'http://www.boyufengmao.com/app/index.php?i=2&c=entry&m=ewei_shopv2&do=mobile',
    'menuid' => '444488974',
    'from' => 'o3lrB5-tSRB4TRcnFv6XLoaKD3Ww',
    'to' => 'gh_c804ae748f89',
    'time' => '1590573422',
    'type' => 'text',
    'content' => 'http://www.boyufengmao.com/app/index.php?i=2&c=entry&m=ewei_shopv2&do=mobile',
    'redirection' => true,
    'source' => 'VIEW',
  ),
)

2020-05-27 17:57:02 response :
------------

2020-05-27 18:12:49 trace :
------------
String:
<xml><ToUserName><![CDATA[gh_c804ae748f89]]></ToUserName>
<FromUserName><![CDATA[o3lrB5-tSRB4TRcnFv6XLoaKD3Ww]]></FromUserName>
<CreateTime>1590574369</CreateTime>
<MsgType><![CDATA[event]]></MsgType>
<Event><![CDATA[VIEW]]></Event>
<EventKey><![CDATA[http://www.boyufengmao.com/app/index.php?i=2&c=entry&m=ewei_shopv2&do=mobile]]></EventKey>
<MenuId>444488974</MenuId>
</xml>

2020-05-27 18:12:49 params :
------------
String:
array (
  'rule' => -2,
  'module' => '',
  'message' => 
  array (
    'tousername' => 'gh_c804ae748f89',
    'fromusername' => 'o3lrB5-tSRB4TRcnFv6XLoaKD3Ww',
    'createtime' => '1590574369',
    'msgtype' => 'event',
    'event' => 'VIEW',
    'eventkey' => 'http://www.boyufengmao.com/app/index.php?i=2&c=entry&m=ewei_shopv2&do=mobile',
    'menuid' => '444488974',
    'from' => 'o3lrB5-tSRB4TRcnFv6XLoaKD3Ww',
    'to' => 'gh_c804ae748f89',
    'time' => '1590574369',
    'type' => 'text',
    'content' => 'http://www.boyufengmao.com/app/index.php?i=2&c=entry&m=ewei_shopv2&do=mobile',
    'redirection' => true,
    'source' => 'VIEW',
  ),
)

2020-05-27 18:12:49 response :
------------

2020-05-27 18:17:56 trace :
------------
String:
<xml><ToUserName><![CDATA[gh_c804ae748f89]]></ToUserName>
<FromUserName><![CDATA[o3lrB5-tSRB4TRcnFv6XLoaKD3Ww]]></FromUserName>
<CreateTime>1590574676</CreateTime>
<MsgType><![CDATA[event]]></MsgType>
<Event><![CDATA[VIEW]]></Event>
<EventKey><![CDATA[http://www.boyufengmao.com/app/index.php?i=2&c=entry&m=ewei_shopv2&do=mobile]]></EventKey>
<MenuId>444488974</MenuId>
</xml>

2020-05-27 18:17:56 params :
------------
String:
array (
  'rule' => -2,
  'module' => '',
  'message' => 
  array (
    'tousername' => 'gh_c804ae748f89',
    'fromusername' => 'o3lrB5-tSRB4TRcnFv6XLoaKD3Ww',
    'createtime' => '1590574676',
    'msgtype' => 'event',
    'event' => 'VIEW',
    'eventkey' => 'http://www.boyufengmao.com/app/index.php?i=2&c=entry&m=ewei_shopv2&do=mobile',
    'menuid' => '444488974',
    'from' => 'o3lrB5-tSRB4TRcnFv6XLoaKD3Ww',
    'to' => 'gh_c804ae748f89',
    'time' => '1590574676',
    'type' => 'text',
    'content' => 'http://www.boyufengmao.com/app/index.php?i=2&c=entry&m=ewei_shopv2&do=mobile',
    'redirection' => true,
    'source' => 'VIEW',
  ),
)

2020-05-27 18:17:56 response :
------------

2020-05-27 18:18:11 trace :
------------
String:
<xml><ToUserName><![CDATA[gh_c804ae748f89]]></ToUserName>
<FromUserName><![CDATA[o3lrB5-tSRB4TRcnFv6XLoaKD3Ww]]></FromUserName>
<CreateTime>1590574691</CreateTime>
<MsgType><![CDATA[event]]></MsgType>
<Event><![CDATA[VIEW]]></Event>
<EventKey><![CDATA[http://www.boyufengmao.com/app/index.php?i=2&c=entry&m=ewei_shopv2&do=mobile]]></EventKey>
<MenuId>444488974</MenuId>
</xml>

2020-05-27 18:18:11 params :
------------
String:
array (
  'rule' => -2,
  'module' => '',
  'message' => 
  array (
    'tousername' => 'gh_c804ae748f89',
    'fromusername' => 'o3lrB5-tSRB4TRcnFv6XLoaKD3Ww',
    'createtime' => '1590574691',
    'msgtype' => 'event',
    'event' => 'VIEW',
    'eventkey' => 'http://www.boyufengmao.com/app/index.php?i=2&c=entry&m=ewei_shopv2&do=mobile',
    'menuid' => '444488974',
    'from' => 'o3lrB5-tSRB4TRcnFv6XLoaKD3Ww',
    'to' => 'gh_c804ae748f89',
    'time' => '1590574691',
    'type' => 'text',
    'content' => 'http://www.boyufengmao.com/app/index.php?i=2&c=entry&m=ewei_shopv2&do=mobile',
    'redirection' => true,
    'source' => 'VIEW',
  ),
)

2020-05-27 18:18:11 response :
------------

2020-05-27 18:19:32 trace :
------------
String:
<xml><ToUserName><![CDATA[gh_c804ae748f89]]></ToUserName>
<FromUserName><![CDATA[o3lrB5-tSRB4TRcnFv6XLoaKD3Ww]]></FromUserName>
<CreateTime>1590574772</CreateTime>
<MsgType><![CDATA[event]]></MsgType>
<Event><![CDATA[VIEW]]></Event>
<EventKey><![CDATA[http://www.boyufengmao.com/app/index.php?i=2&c=entry&m=ewei_shopv2&do=mobile]]></EventKey>
<MenuId>444488974</MenuId>
</xml>

2020-05-27 18:19:32 params :
------------
String:
array (
  'rule' => -2,
  'module' => '',
  'message' => 
  array (
    'tousername' => 'gh_c804ae748f89',
    'fromusername' => 'o3lrB5-tSRB4TRcnFv6XLoaKD3Ww',
    'createtime' => '1590574772',
    'msgtype' => 'event',
    'event' => 'VIEW',
    'eventkey' => 'http://www.boyufengmao.com/app/index.php?i=2&c=entry&m=ewei_shopv2&do=mobile',
    'menuid' => '444488974',
    'from' => 'o3lrB5-tSRB4TRcnFv6XLoaKD3Ww',
    'to' => 'gh_c804ae748f89',
    'time' => '1590574772',
    'type' => 'text',
    'content' => 'http://www.boyufengmao.com/app/index.php?i=2&c=entry&m=ewei_shopv2&do=mobile',
    'redirection' => true,
    'source' => 'VIEW',
  ),
)

2020-05-27 18:19:32 response :
------------

2020-05-27 18:26:32 trace :
------------
String:
<xml><ToUserName><![CDATA[gh_c804ae748f89]]></ToUserName>
<FromUserName><![CDATA[o3lrB5-tSRB4TRcnFv6XLoaKD3Ww]]></FromUserName>
<CreateTime>1590575192</CreateTime>
<MsgType><![CDATA[event]]></MsgType>
<Event><![CDATA[VIEW]]></Event>
<EventKey><![CDATA[http://www.boyufengmao.com/app/index.php?i=2&c=entry&m=ewei_shopv2&do=mobile]]></EventKey>
<MenuId>444488974</MenuId>
</xml>

2020-05-27 18:26:32 params :
------------
String:
array (
  'rule' => -2,
  'module' => '',
  'message' => 
  array (
    'tousername' => 'gh_c804ae748f89',
    'fromusername' => 'o3lrB5-tSRB4TRcnFv6XLoaKD3Ww',
    'createtime' => '1590575192',
    'msgtype' => 'event',
    'event' => 'VIEW',
    'eventkey' => 'http://www.boyufengmao.com/app/index.php?i=2&c=entry&m=ewei_shopv2&do=mobile',
    'menuid' => '444488974',
    'from' => 'o3lrB5-tSRB4TRcnFv6XLoaKD3Ww',
    'to' => 'gh_c804ae748f89',
    'time' => '1590575192',
    'type' => 'text',
    'content' => 'http://www.boyufengmao.com/app/index.php?i=2&c=entry&m=ewei_shopv2&do=mobile',
    'redirection' => true,
    'source' => 'VIEW',
  ),
)

2020-05-27 18:26:32 response :
------------

2020-05-27 18:26:43 trace :
------------
String:
<xml><ToUserName><![CDATA[gh_c804ae748f89]]></ToUserName>
<FromUserName><![CDATA[o3lrB5-tSRB4TRcnFv6XLoaKD3Ww]]></FromUserName>
<CreateTime>1590575203</CreateTime>
<MsgType><![CDATA[event]]></MsgType>
<Event><![CDATA[VIEW]]></Event>
<EventKey><![CDATA[http://www.boyufengmao.com/app/index.php?i=2&c=entry&m=ewei_shopv2&do=mobile]]></EventKey>
<MenuId>444488974</MenuId>
</xml>

2020-05-27 18:26:43 params :
------------
String:
array (
  'rule' => -2,
  'module' => '',
  'message' => 
  array (
    'tousername' => 'gh_c804ae748f89',
    'fromusername' => 'o3lrB5-tSRB4TRcnFv6XLoaKD3Ww',
    'createtime' => '1590575203',
    'msgtype' => 'event',
    'event' => 'VIEW',
    'eventkey' => 'http://www.boyufengmao.com/app/index.php?i=2&c=entry&m=ewei_shopv2&do=mobile',
    'menuid' => '444488974',
    'from' => 'o3lrB5-tSRB4TRcnFv6XLoaKD3Ww',
    'to' => 'gh_c804ae748f89',
    'time' => '1590575203',
    'type' => 'text',
    'content' => 'http://www.boyufengmao.com/app/index.php?i=2&c=entry&m=ewei_shopv2&do=mobile',
    'redirection' => true,
    'source' => 'VIEW',
  ),
)

2020-05-27 18:26:43 response :
------------

2020-05-27 18:27:44 trace :
------------
String:
<xml><ToUserName><![CDATA[gh_c804ae748f89]]></ToUserName>
<FromUserName><![CDATA[o3lrB5-tSRB4TRcnFv6XLoaKD3Ww]]></FromUserName>
<CreateTime>1590575264</CreateTime>
<MsgType><![CDATA[event]]></MsgType>
<Event><![CDATA[VIEW]]></Event>
<EventKey><![CDATA[http://www.boyufengmao.com/app/index.php?i=2&c=entry&m=ewei_shopv2&do=mobile]]></EventKey>
<MenuId>444488974</MenuId>
</xml>

2020-05-27 18:27:44 params :
------------
String:
array (
  'rule' => -2,
  'module' => '',
  'message' => 
  array (
    'tousername' => 'gh_c804ae748f89',
    'fromusername' => 'o3lrB5-tSRB4TRcnFv6XLoaKD3Ww',
    'createtime' => '1590575264',
    'msgtype' => 'event',
    'event' => 'VIEW',
    'eventkey' => 'http://www.boyufengmao.com/app/index.php?i=2&c=entry&m=ewei_shopv2&do=mobile',
    'menuid' => '444488974',
    'from' => 'o3lrB5-tSRB4TRcnFv6XLoaKD3Ww',
    'to' => 'gh_c804ae748f89',
    'time' => '1590575264',
    'type' => 'text',
    'content' => 'http://www.boyufengmao.com/app/index.php?i=2&c=entry&m=ewei_shopv2&do=mobile',
    'redirection' => true,
    'source' => 'VIEW',
  ),
)

2020-05-27 18:27:44 response :
------------

2020-05-27 18:29:33 trace :
------------
String:
<xml><ToUserName><![CDATA[gh_c804ae748f89]]></ToUserName>
<FromUserName><![CDATA[o3lrB5-tSRB4TRcnFv6XLoaKD3Ww]]></FromUserName>
<CreateTime>1590575373</CreateTime>
<MsgType><![CDATA[event]]></MsgType>
<Event><![CDATA[VIEW]]></Event>
<EventKey><![CDATA[http://www.boyufengmao.com/app/index.php?i=2&c=entry&m=ewei_shopv2&do=mobile]]></EventKey>
<MenuId>444488974</MenuId>
</xml>

2020-05-27 18:29:33 params :
------------
String:
array (
  'rule' => -2,
  'module' => '',
  'message' => 
  array (
    'tousername' => 'gh_c804ae748f89',
    'fromusername' => 'o3lrB5-tSRB4TRcnFv6XLoaKD3Ww',
    'createtime' => '1590575373',
    'msgtype' => 'event',
    'event' => 'VIEW',
    'eventkey' => 'http://www.boyufengmao.com/app/index.php?i=2&c=entry&m=ewei_shopv2&do=mobile',
    'menuid' => '444488974',
    'from' => 'o3lrB5-tSRB4TRcnFv6XLoaKD3Ww',
    'to' => 'gh_c804ae748f89',
    'time' => '1590575373',
    'type' => 'text',
    'content' => 'http://www.boyufengmao.com/app/index.php?i=2&c=entry&m=ewei_shopv2&do=mobile',
    'redirection' => true,
    'source' => 'VIEW',
  ),
)

2020-05-27 18:29:33 response :
------------

2020-05-27 18:30:26 trace :
------------
String:
<xml><ToUserName><![CDATA[gh_c804ae748f89]]></ToUserName>
<FromUserName><![CDATA[o3lrB5-tSRB4TRcnFv6XLoaKD3Ww]]></FromUserName>
<CreateTime>1590575426</CreateTime>
<MsgType><![CDATA[event]]></MsgType>
<Event><![CDATA[VIEW]]></Event>
<EventKey><![CDATA[http://www.boyufengmao.com/app/index.php?i=2&c=entry&m=ewei_shopv2&do=mobile]]></EventKey>
<MenuId>444488974</MenuId>
</xml>

2020-05-27 18:30:26 params :
------------
String:
array (
  'rule' => -2,
  'module' => '',
  'message' => 
  array (
    'tousername' => 'gh_c804ae748f89',
    'fromusername' => 'o3lrB5-tSRB4TRcnFv6XLoaKD3Ww',
    'createtime' => '1590575426',
    'msgtype' => 'event',
    'event' => 'VIEW',
    'eventkey' => 'http://www.boyufengmao.com/app/index.php?i=2&c=entry&m=ewei_shopv2&do=mobile',
    'menuid' => '444488974',
    'from' => 'o3lrB5-tSRB4TRcnFv6XLoaKD3Ww',
    'to' => 'gh_c804ae748f89',
    'time' => '1590575426',
    'type' => 'text',
    'content' => 'http://www.boyufengmao.com/app/index.php?i=2&c=entry&m=ewei_shopv2&do=mobile',
    'redirection' => true,
    'source' => 'VIEW',
  ),
)

2020-05-27 18:30:26 response :
------------

2020-05-27 18:31:01 trace :
------------
String:
<xml><ToUserName><![CDATA[gh_c804ae748f89]]></ToUserName>
<FromUserName><![CDATA[o3lrB5-tSRB4TRcnFv6XLoaKD3Ww]]></FromUserName>
<CreateTime>1590575461</CreateTime>
<MsgType><![CDATA[event]]></MsgType>
<Event><![CDATA[VIEW]]></Event>
<EventKey><![CDATA[http://www.boyufengmao.com/app/index.php?i=2&c=entry&m=ewei_shopv2&do=mobile]]></EventKey>
<MenuId>444488974</MenuId>
</xml>

2020-05-27 18:31:01 params :
------------
String:
array (
  'rule' => -2,
  'module' => '',
  'message' => 
  array (
    'tousername' => 'gh_c804ae748f89',
    'fromusername' => 'o3lrB5-tSRB4TRcnFv6XLoaKD3Ww',
    'createtime' => '1590575461',
    'msgtype' => 'event',
    'event' => 'VIEW',
    'eventkey' => 'http://www.boyufengmao.com/app/index.php?i=2&c=entry&m=ewei_shopv2&do=mobile',
    'menuid' => '444488974',
    'from' => 'o3lrB5-tSRB4TRcnFv6XLoaKD3Ww',
    'to' => 'gh_c804ae748f89',
    'time' => '1590575461',
    'type' => 'text',
    'content' => 'http://www.boyufengmao.com/app/index.php?i=2&c=entry&m=ewei_shopv2&do=mobile',
    'redirection' => true,
    'source' => 'VIEW',
  ),
)

2020-05-27 18:31:01 response :
------------

2020-05-27 18:56:59 trace :
------------
String:
<xml><ToUserName><![CDATA[gh_c804ae748f89]]></ToUserName>
<FromUserName><![CDATA[o3lrB5-tSRB4TRcnFv6XLoaKD3Ww]]></FromUserName>
<CreateTime>1590577019</CreateTime>
<MsgType><![CDATA[event]]></MsgType>
<Event><![CDATA[VIEW]]></Event>
<EventKey><![CDATA[http://www.boyufengmao.com/app/index.php?i=2&c=entry&m=ewei_shopv2&do=mobile]]></EventKey>
<MenuId>444488974</MenuId>
</xml>

2020-05-27 18:56:59 params :
------------
String:
array (
  'rule' => -2,
  'module' => '',
  'message' => 
  array (
    'tousername' => 'gh_c804ae748f89',
    'fromusername' => 'o3lrB5-tSRB4TRcnFv6XLoaKD3Ww',
    'createtime' => '1590577019',
    'msgtype' => 'event',
    'event' => 'VIEW',
    'eventkey' => 'http://www.boyufengmao.com/app/index.php?i=2&c=entry&m=ewei_shopv2&do=mobile',
    'menuid' => '444488974',
    'from' => 'o3lrB5-tSRB4TRcnFv6XLoaKD3Ww',
    'to' => 'gh_c804ae748f89',
    'time' => '1590577019',
    'type' => 'text',
    'content' => 'http://www.boyufengmao.com/app/index.php?i=2&c=entry&m=ewei_shopv2&do=mobile',
    'redirection' => true,
    'source' => 'VIEW',
  ),
)

2020-05-27 18:56:59 response :
------------

2020-05-27 19:00:27 trace :
------------
String:
<xml><ToUserName><![CDATA[gh_c804ae748f89]]></ToUserName>
<FromUserName><![CDATA[o3lrB5-tSRB4TRcnFv6XLoaKD3Ww]]></FromUserName>
<CreateTime>1590577226</CreateTime>
<MsgType><![CDATA[event]]></MsgType>
<Event><![CDATA[VIEW]]></Event>
<EventKey><![CDATA[http://www.boyufengmao.com/app/index.php?i=2&c=entry&m=ewei_shopv2&do=mobile]]></EventKey>
<MenuId>444488974</MenuId>
</xml>

2020-05-27 19:00:27 params :
------------
String:
array (
  'rule' => -2,
  'module' => '',
  'message' => 
  array (
    'tousername' => 'gh_c804ae748f89',
    'fromusername' => 'o3lrB5-tSRB4TRcnFv6XLoaKD3Ww',
    'createtime' => '1590577226',
    'msgtype' => 'event',
    'event' => 'VIEW',
    'eventkey' => 'http://www.boyufengmao.com/app/index.php?i=2&c=entry&m=ewei_shopv2&do=mobile',
    'menuid' => '444488974',
    'from' => 'o3lrB5-tSRB4TRcnFv6XLoaKD3Ww',
    'to' => 'gh_c804ae748f89',
    'time' => '1590577226',
    'type' => 'text',
    'content' => 'http://www.boyufengmao.com/app/index.php?i=2&c=entry&m=ewei_shopv2&do=mobile',
    'redirection' => true,
    'source' => 'VIEW',
  ),
)

2020-05-27 19:00:27 response :
------------

2020-05-27 19:01:24 trace :
------------
String:
<xml><ToUserName><![CDATA[gh_8a7b6f3c4f59]]></ToUserName>
<FromUserName><![CDATA[oLJcswboLqa3veqK-LF_H7T2hMeo]]></FromUserName>
<CreateTime>1590577284</CreateTime>
<MsgType><![CDATA[event]]></MsgType>
<Event><![CDATA[subscribe]]></Event>
<EventKey><![CDATA[]]></EventKey>
</xml>

2020-05-27 19:01:24 params :
------------
String:
array (
  'rule' => -2,
  'module' => '',
  'message' => 
  array (
    'tousername' => 'gh_8a7b6f3c4f59',
    'fromusername' => 'oLJcswboLqa3veqK-LF_H7T2hMeo',
    'createtime' => '1590577284',
    'msgtype' => 'event',
    'event' => 'subscribe',
    'eventkey' => '',
    'from' => 'oLJcswboLqa3veqK-LF_H7T2hMeo',
    'to' => 'gh_8a7b6f3c4f59',
    'time' => '1590577284',
    'type' => 'text',
    'redirection' => true,
    'source' => 'subscribe',
  ),
)

2020-05-27 19:01:24 response :
------------

2020-05-27 19:01:26 trace :
------------
String:
<xml><ToUserName><![CDATA[gh_8a7b6f3c4f59]]></ToUserName>
<FromUserName><![CDATA[oLJcswboLqa3veqK-LF_H7T2hMeo]]></FromUserName>
<CreateTime>1590577285</CreateTime>
<MsgType><![CDATA[event]]></MsgType>
<Event><![CDATA[VIEW]]></Event>
<EventKey><![CDATA[http://www.boyufengmao.com/app/index.php?i=16&c=entry&m=ewei_shopv2&do=mobile]]></EventKey>
<MenuId>424562707</MenuId>
</xml>

2020-05-27 19:01:26 params :
------------
String:
array (
  'rule' => -2,
  'module' => '',
  'message' => 
  array (
    'tousername' => 'gh_8a7b6f3c4f59',
    'fromusername' => 'oLJcswboLqa3veqK-LF_H7T2hMeo',
    'createtime' => '1590577285',
    'msgtype' => 'event',
    'event' => 'VIEW',
    'eventkey' => 'http://www.boyufengmao.com/app/index.php?i=16&c=entry&m=ewei_shopv2&do=mobile',
    'menuid' => '424562707',
    'from' => 'oLJcswboLqa3veqK-LF_H7T2hMeo',
    'to' => 'gh_8a7b6f3c4f59',
    'time' => '1590577285',
    'type' => 'text',
    'content' => 'http://www.boyufengmao.com/app/index.php?i=16&c=entry&m=ewei_shopv2&do=mobile',
    'redirection' => true,
    'source' => 'VIEW',
  ),
)

2020-05-27 19:01:26 response :
------------

2020-05-27 19:01:55 trace :
------------
String:
<xml><ToUserName><![CDATA[gh_8a7b6f3c4f59]]></ToUserName>
<FromUserName><![CDATA[oLJcswboLqa3veqK-LF_H7T2hMeo]]></FromUserName>
<CreateTime>1590577314</CreateTime>
<MsgType><![CDATA[event]]></MsgType>
<Event><![CDATA[VIEW]]></Event>
<EventKey><![CDATA[http://www.boyufengmao.com/app/index.php?i=16&c=entry&m=ewei_shopv2&do=mobile&r=member]]></EventKey>
<MenuId>424562707</MenuId>
</xml>

2020-05-27 19:01:55 params :
------------
String:
array (
  'rule' => -2,
  'module' => '',
  'message' => 
  array (
    'tousername' => 'gh_8a7b6f3c4f59',
    'fromusername' => 'oLJcswboLqa3veqK-LF_H7T2hMeo',
    'createtime' => '1590577314',
    'msgtype' => 'event',
    'event' => 'VIEW',
    'eventkey' => 'http://www.boyufengmao.com/app/index.php?i=16&c=entry&m=ewei_shopv2&do=mobile&r=member',
    'menuid' => '424562707',
    'from' => 'oLJcswboLqa3veqK-LF_H7T2hMeo',
    'to' => 'gh_8a7b6f3c4f59',
    'time' => '1590577314',
    'type' => 'text',
    'content' => 'http://www.boyufengmao.com/app/index.php?i=16&c=entry&m=ewei_shopv2&do=mobile&r=member',
    'redirection' => true,
    'source' => 'VIEW',
  ),
)

2020-05-27 19:01:55 response :
------------

2020-05-27 19:02:09 trace :
------------
String:
<xml><ToUserName><![CDATA[gh_8a7b6f3c4f59]]></ToUserName>
<FromUserName><![CDATA[oLJcswboLqa3veqK-LF_H7T2hMeo]]></FromUserName>
<CreateTime>1590577329</CreateTime>
<MsgType><![CDATA[event]]></MsgType>
<Event><![CDATA[VIEW]]></Event>
<EventKey><![CDATA[http://www.boyufengmao.com/app/index.php?i=16&c=entry&m=ewei_shopv2&do=mobile&r=member]]></EventKey>
<MenuId>424562707</MenuId>
</xml>

2020-05-27 19:02:09 params :
------------
String:
array (
  'rule' => -2,
  'module' => '',
  'message' => 
  array (
    'tousername' => 'gh_8a7b6f3c4f59',
    'fromusername' => 'oLJcswboLqa3veqK-LF_H7T2hMeo',
    'createtime' => '1590577329',
    'msgtype' => 'event',
    'event' => 'VIEW',
    'eventkey' => 'http://www.boyufengmao.com/app/index.php?i=16&c=entry&m=ewei_shopv2&do=mobile&r=member',
    'menuid' => '424562707',
    'from' => 'oLJcswboLqa3veqK-LF_H7T2hMeo',
    'to' => 'gh_8a7b6f3c4f59',
    'time' => '1590577329',
    'type' => 'text',
    'content' => 'http://www.boyufengmao.com/app/index.php?i=16&c=entry&m=ewei_shopv2&do=mobile&r=member',
    'redirection' => true,
    'source' => 'VIEW',
  ),
)

2020-05-27 19:02:09 response :
------------

2020-05-27 19:02:33 trace :
------------
String:
<xml><ToUserName><![CDATA[gh_8a7b6f3c4f59]]></ToUserName>
<FromUserName><![CDATA[oLJcswboLqa3veqK-LF_H7T2hMeo]]></FromUserName>
<CreateTime>1590577353</CreateTime>
<MsgType><![CDATA[event]]></MsgType>
<Event><![CDATA[unsubscribe]]></Event>
<EventKey><![CDATA[]]></EventKey>
</xml>

2020-05-27 19:23:59 trace :
------------
String:
<xml><ToUserName><![CDATA[gh_f9b894563ef4]]></ToUserName>
<FromUserName><![CDATA[o5V8y1UZ0woXhOzZeRe8xtl8_x6I]]></FromUserName>
<CreateTime>1590578638</CreateTime>
<MsgType><![CDATA[event]]></MsgType>
<Event><![CDATA[VIEW]]></Event>
<EventKey><![CDATA[http://www.boyufengmao.com/app/index.php?i=6&c=entry&m=ewei_shopv2&do=mobile]]></EventKey>
<MenuId>445261982</MenuId>
</xml>

2020-05-27 19:23:59 params :
------------
String:
array (
  'rule' => -2,
  'module' => '',
  'message' => 
  array (
    'tousername' => 'gh_f9b894563ef4',
    'fromusername' => 'o5V8y1UZ0woXhOzZeRe8xtl8_x6I',
    'createtime' => '1590578638',
    'msgtype' => 'event',
    'event' => 'VIEW',
    'eventkey' => 'http://www.boyufengmao.com/app/index.php?i=6&c=entry&m=ewei_shopv2&do=mobile',
    'menuid' => '445261982',
    'from' => 'o5V8y1UZ0woXhOzZeRe8xtl8_x6I',
    'to' => 'gh_f9b894563ef4',
    'time' => '1590578638',
    'type' => 'text',
    'content' => 'http://www.boyufengmao.com/app/index.php?i=6&c=entry&m=ewei_shopv2&do=mobile',
    'redirection' => true,
    'source' => 'VIEW',
  ),
)

2020-05-27 19:23:59 response :
------------

2020-05-27 19:34:56 trace :
------------
String:
<xml><ToUserName><![CDATA[gh_7b3d37846b75]]></ToUserName>
<FromUserName><![CDATA[oZ5PY1Jh2VkENVmJ3pwS3hLqVbBc]]></FromUserName>
<CreateTime>1590579296</CreateTime>
<MsgType><![CDATA[event]]></MsgType>
<Event><![CDATA[VIEW]]></Event>
<EventKey><![CDATA[http://www.boyufengmao.com/app/index.php?i=7&c=entry&m=ewei_shopv2&do=mobile&r=diypage&id=30]]></EventKey>
<MenuId>516391862</MenuId>
</xml>

2020-05-27 19:34:56 params :
------------
String:
array (
  'rule' => -2,
  'module' => '',
  'message' => 
  array (
    'tousername' => 'gh_7b3d37846b75',
    'fromusername' => 'oZ5PY1Jh2VkENVmJ3pwS3hLqVbBc',
    'createtime' => '1590579296',
    'msgtype' => 'event',
    'event' => 'VIEW',
    'eventkey' => 'http://www.boyufengmao.com/app/index.php?i=7&c=entry&m=ewei_shopv2&do=mobile&r=diypage&id=30',
    'menuid' => '516391862',
    'from' => 'oZ5PY1Jh2VkENVmJ3pwS3hLqVbBc',
    'to' => 'gh_7b3d37846b75',
    'time' => '1590579296',
    'type' => 'text',
    'content' => 'http://www.boyufengmao.com/app/index.php?i=7&c=entry&m=ewei_shopv2&do=mobile&r=diypage&id=30',
    'redirection' => true,
    'source' => 'VIEW',
  ),
)

2020-05-27 19:34:56 response :
------------

2020-05-27 19:36:21 trace :
------------
String:
<xml><ToUserName><![CDATA[gh_7b3d37846b75]]></ToUserName>
<FromUserName><![CDATA[oZ5PY1Jh2VkENVmJ3pwS3hLqVbBc]]></FromUserName>
<CreateTime>1590579381</CreateTime>
<MsgType><![CDATA[event]]></MsgType>
<Event><![CDATA[VIEW]]></Event>
<EventKey><![CDATA[http://www.boyufengmao.com/app/index.php?i=7&c=entry&m=ewei_shopv2&do=mobile&r=diypage&id=30]]></EventKey>
<MenuId>516391862</MenuId>
</xml>

2020-05-27 19:36:21 params :
------------
String:
array (
  'rule' => -2,
  'module' => '',
  'message' => 
  array (
    'tousername' => 'gh_7b3d37846b75',
    'fromusername' => 'oZ5PY1Jh2VkENVmJ3pwS3hLqVbBc',
    'createtime' => '1590579381',
    'msgtype' => 'event',
    'event' => 'VIEW',
    'eventkey' => 'http://www.boyufengmao.com/app/index.php?i=7&c=entry&m=ewei_shopv2&do=mobile&r=diypage&id=30',
    'menuid' => '516391862',
    'from' => 'oZ5PY1Jh2VkENVmJ3pwS3hLqVbBc',
    'to' => 'gh_7b3d37846b75',
    'time' => '1590579381',
    'type' => 'text',
    'content' => 'http://www.boyufengmao.com/app/index.php?i=7&c=entry&m=ewei_shopv2&do=mobile&r=diypage&id=30',
    'redirection' => true,
    'source' => 'VIEW',
  ),
)

2020-05-27 19:36:21 response :
------------

2020-05-27 19:45:37 trace :
------------
String:
<xml><ToUserName><![CDATA[gh_c804ae748f89]]></ToUserName>
<FromUserName><![CDATA[o3lrB5-tSRB4TRcnFv6XLoaKD3Ww]]></FromUserName>
<CreateTime>1590579937</CreateTime>
<MsgType><![CDATA[event]]></MsgType>
<Event><![CDATA[VIEW]]></Event>
<EventKey><![CDATA[http://www.boyufengmao.com/app/index.php?i=2&c=entry&m=ewei_shopv2&do=mobile]]></EventKey>
<MenuId>444488974</MenuId>
</xml>

2020-05-27 19:45:37 params :
------------
String:
array (
  'rule' => -2,
  'module' => '',
  'message' => 
  array (
    'tousername' => 'gh_c804ae748f89',
    'fromusername' => 'o3lrB5-tSRB4TRcnFv6XLoaKD3Ww',
    'createtime' => '1590579937',
    'msgtype' => 'event',
    'event' => 'VIEW',
    'eventkey' => 'http://www.boyufengmao.com/app/index.php?i=2&c=entry&m=ewei_shopv2&do=mobile',
    'menuid' => '444488974',
    'from' => 'o3lrB5-tSRB4TRcnFv6XLoaKD3Ww',
    'to' => 'gh_c804ae748f89',
    'time' => '1590579937',
    'type' => 'text',
    'content' => 'http://www.boyufengmao.com/app/index.php?i=2&c=entry&m=ewei_shopv2&do=mobile',
    'redirection' => true,
    'source' => 'VIEW',
  ),
)

2020-05-27 19:45:37 response :
------------

2020-05-27 19:46:32 trace :
------------
String:
<xml><ToUserName><![CDATA[gh_c804ae748f89]]></ToUserName>
<FromUserName><![CDATA[o3lrB5-tSRB4TRcnFv6XLoaKD3Ww]]></FromUserName>
<CreateTime>1590579991</CreateTime>
<MsgType><![CDATA[event]]></MsgType>
<Event><![CDATA[CLICK]]></Event>
<EventKey><![CDATA[客服电话]]></EventKey>
</xml>

2020-05-27 19:46:32 params :
------------
String:
array (
  'message' => 
  array (
    'tousername' => 'gh_c804ae748f89',
    'fromusername' => 'o3lrB5-tSRB4TRcnFv6XLoaKD3Ww',
    'createtime' => '1590579991',
    'msgtype' => 'event',
    'event' => 'CLICK',
    'eventkey' => '客服电话',
    'from' => 'o3lrB5-tSRB4TRcnFv6XLoaKD3Ww',
    'to' => 'gh_c804ae748f89',
    'time' => '1590579991',
    'type' => 'text',
    'content' => '客服电话',
    'redirection' => true,
    'source' => 'click',
  ),
  'module' => 'reply',
  'rule' => '184',
  'priority' => '0',
  'keyword' => 
  array (
    'id' => '205',
    'rid' => '184',
    'uniacid' => '2',
    'module' => 'reply',
    'content' => '客服电话',
    'type' => '1',
    'displayorder' => '0',
    'status' => '1',
    'reply_type' => 
    array (
      0 => 'basic',
    ),
  ),
  'reply_type' => 
  array (
    0 => 'basic',
  ),
)

2020-05-27 19:46:32 response :
------------
Array:
FromUserName : gh_c804ae748f89 ;
ToUserName : o3lrB5-tSRB4TRcnFv6XLoaKD3Ww ;
MsgType : text ;
Content : 电话：13335338521
电话：17765035568
电话：13318709711 ;

2020-05-27 19:46:39 trace :
------------
String:
<xml><ToUserName><![CDATA[gh_c804ae748f89]]></ToUserName>
<FromUserName><![CDATA[o3lrB5-tSRB4TRcnFv6XLoaKD3Ww]]></FromUserName>
<CreateTime>1590579999</CreateTime>
<MsgType><![CDATA[event]]></MsgType>
<Event><![CDATA[CLICK]]></Event>
<EventKey><![CDATA[电话17765035568]]></EventKey>
</xml>

2020-05-27 19:46:39 params :
------------
String:
array (
  'message' => 
  array (
    'tousername' => 'gh_c804ae748f89',
    'fromusername' => 'o3lrB5-tSRB4TRcnFv6XLoaKD3Ww',
    'createtime' => '1590579999',
    'msgtype' => 'event',
    'event' => 'CLICK',
    'eventkey' => '电话17765035568',
    'from' => 'o3lrB5-tSRB4TRcnFv6XLoaKD3Ww',
    'to' => 'gh_c804ae748f89',
    'time' => '1590579999',
    'type' => 'text',
    'content' => '电话17765035568',
    'redirection' => true,
    'source' => 'click',
  ),
  'module' => 'reply',
  'rule' => '56',
  'priority' => '0',
  'keyword' => 
  array (
    'id' => '70',
    'rid' => '56',
    'uniacid' => '2',
    'module' => 'reply',
    'content' => '电话17765035568',
    'type' => '1',
    'displayorder' => '0',
    'status' => '1',
    'reply_type' => 
    array (
      0 => 'basic',
    ),
  ),
  'reply_type' => 
  array (
    0 => 'basic',
  ),
)

2020-05-27 19:46:39 response :
------------
Array:
FromUserName : gh_c804ae748f89 ;
ToUserName : o3lrB5-tSRB4TRcnFv6XLoaKD3Ww ;
MsgType : text ;
Content : 电话17765035568 ;

2020-05-27 19:46:42 trace :
------------
String:
<xml><ToUserName><![CDATA[gh_c804ae748f89]]></ToUserName>
<FromUserName><![CDATA[o3lrB5-tSRB4TRcnFv6XLoaKD3Ww]]></FromUserName>
<CreateTime>1590580002</CreateTime>
<MsgType><![CDATA[event]]></MsgType>
<Event><![CDATA[VIEW]]></Event>
<EventKey><![CDATA[http://www.boyufengmao.com/app/index.php?i=2&c=entry&m=ewei_shopv2&do=mobile&r=merch.register]]></EventKey>
<MenuId>444488974</MenuId>
</xml>

2020-05-27 19:46:42 params :
------------
String:
array (
  'rule' => -2,
  'module' => '',
  'message' => 
  array (
    'tousername' => 'gh_c804ae748f89',
    'fromusername' => 'o3lrB5-tSRB4TRcnFv6XLoaKD3Ww',
    'createtime' => '1590580002',
    'msgtype' => 'event',
    'event' => 'VIEW',
    'eventkey' => 'http://www.boyufengmao.com/app/index.php?i=2&c=entry&m=ewei_shopv2&do=mobile&r=merch.register',
    'menuid' => '444488974',
    'from' => 'o3lrB5-tSRB4TRcnFv6XLoaKD3Ww',
    'to' => 'gh_c804ae748f89',
    'time' => '1590580002',
    'type' => 'text',
    'content' => 'http://www.boyufengmao.com/app/index.php?i=2&c=entry&m=ewei_shopv2&do=mobile&r=merch.register',
    'redirection' => true,
    'source' => 'VIEW',
  ),
)

2020-05-27 19:46:42 response :
------------

2020-05-27 20:04:19 trace :
------------
String:
<xml><ToUserName><![CDATA[gh_c804ae748f89]]></ToUserName>
<FromUserName><![CDATA[o3lrB5-tSRB4TRcnFv6XLoaKD3Ww]]></FromUserName>
<CreateTime>1590581059</CreateTime>
<MsgType><![CDATA[event]]></MsgType>
<Event><![CDATA[VIEW]]></Event>
<EventKey><![CDATA[http://www.boyufengmao.com/app/index.php?i=2&c=entry&m=ewei_shopv2&do=mobile]]></EventKey>
<MenuId>444488974</MenuId>
</xml>

2020-05-27 20:04:19 params :
------------
String:
array (
  'rule' => -2,
  'module' => '',
  'message' => 
  array (
    'tousername' => 'gh_c804ae748f89',
    'fromusername' => 'o3lrB5-tSRB4TRcnFv6XLoaKD3Ww',
    'createtime' => '1590581059',
    'msgtype' => 'event',
    'event' => 'VIEW',
    'eventkey' => 'http://www.boyufengmao.com/app/index.php?i=2&c=entry&m=ewei_shopv2&do=mobile',
    'menuid' => '444488974',
    'from' => 'o3lrB5-tSRB4TRcnFv6XLoaKD3Ww',
    'to' => 'gh_c804ae748f89',
    'time' => '1590581059',
    'type' => 'text',
    'content' => 'http://www.boyufengmao.com/app/index.php?i=2&c=entry&m=ewei_shopv2&do=mobile',
    'redirection' => true,
    'source' => 'VIEW',
  ),
)

2020-05-27 20:04:19 response :
------------

2020-05-27 20:04:39 trace :
------------
String:
<xml><ToUserName><![CDATA[gh_c804ae748f89]]></ToUserName>
<FromUserName><![CDATA[o3lrB5-tSRB4TRcnFv6XLoaKD3Ww]]></FromUserName>
<CreateTime>1590581079</CreateTime>
<MsgType><![CDATA[event]]></MsgType>
<Event><![CDATA[VIEW]]></Event>
<EventKey><![CDATA[http://www.boyufengmao.com/app/index.php?i=2&c=entry&m=ewei_shopv2&do=mobile]]></EventKey>
<MenuId>444488974</MenuId>
</xml>

2020-05-27 20:04:39 params :
------------
String:
array (
  'rule' => -2,
  'module' => '',
  'message' => 
  array (
    'tousername' => 'gh_c804ae748f89',
    'fromusername' => 'o3lrB5-tSRB4TRcnFv6XLoaKD3Ww',
    'createtime' => '1590581079',
    'msgtype' => 'event',
    'event' => 'VIEW',
    'eventkey' => 'http://www.boyufengmao.com/app/index.php?i=2&c=entry&m=ewei_shopv2&do=mobile',
    'menuid' => '444488974',
    'from' => 'o3lrB5-tSRB4TRcnFv6XLoaKD3Ww',
    'to' => 'gh_c804ae748f89',
    'time' => '1590581079',
    'type' => 'text',
    'content' => 'http://www.boyufengmao.com/app/index.php?i=2&c=entry&m=ewei_shopv2&do=mobile',
    'redirection' => true,
    'source' => 'VIEW',
  ),
)

2020-05-27 20:04:39 response :
------------

2020-05-27 22:15:09 trace :
------------
String:
<xml><ToUserName><![CDATA[gh_48cc1f7b50f4]]></ToUserName>
<FromUserName><![CDATA[olz_3vk0eceJhz0HDxrYIQPG26bg]]></FromUserName>
<CreateTime>1590588909</CreateTime>
<MsgType><![CDATA[event]]></MsgType>
<Event><![CDATA[VIEW]]></Event>
<EventKey><![CDATA[http://www.boyufengmao.com/app/index.php?i=14&c=entry&m=ewei_shopv2&do=mobile]]></EventKey>
<MenuId>429196825</MenuId>
</xml>

2020-05-27 22:15:09 params :
------------
String:
array (
  'rule' => -2,
  'module' => '',
  'message' => 
  array (
    'tousername' => 'gh_48cc1f7b50f4',
    'fromusername' => 'olz_3vk0eceJhz0HDxrYIQPG26bg',
    'createtime' => '1590588909',
    'msgtype' => 'event',
    'event' => 'VIEW',
    'eventkey' => 'http://www.boyufengmao.com/app/index.php?i=14&c=entry&m=ewei_shopv2&do=mobile',
    'menuid' => '429196825',
    'from' => 'olz_3vk0eceJhz0HDxrYIQPG26bg',
    'to' => 'gh_48cc1f7b50f4',
    'time' => '1590588909',
    'type' => 'text',
    'content' => 'http://www.boyufengmao.com/app/index.php?i=14&c=entry&m=ewei_shopv2&do=mobile',
    'redirection' => true,
    'source' => 'VIEW',
  ),
)

2020-05-27 22:15:09 response :
------------

2020-05-27 22:15:43 trace :
------------
String:
<xml><ToUserName><![CDATA[gh_48cc1f7b50f4]]></ToUserName>
<FromUserName><![CDATA[olz_3vk0eceJhz0HDxrYIQPG26bg]]></FromUserName>
<CreateTime>1590588943</CreateTime>
<MsgType><![CDATA[event]]></MsgType>
<Event><![CDATA[VIEW]]></Event>
<EventKey><![CDATA[http://www.boyufengmao.com/app/index.php?i=14&c=entry&m=ewei_shopv2&do=mobile]]></EventKey>
<MenuId>429196825</MenuId>
</xml>

2020-05-27 22:15:43 params :
------------
String:
array (
  'rule' => -2,
  'module' => '',
  'message' => 
  array (
    'tousername' => 'gh_48cc1f7b50f4',
    'fromusername' => 'olz_3vk0eceJhz0HDxrYIQPG26bg',
    'createtime' => '1590588943',
    'msgtype' => 'event',
    'event' => 'VIEW',
    'eventkey' => 'http://www.boyufengmao.com/app/index.php?i=14&c=entry&m=ewei_shopv2&do=mobile',
    'menuid' => '429196825',
    'from' => 'olz_3vk0eceJhz0HDxrYIQPG26bg',
    'to' => 'gh_48cc1f7b50f4',
    'time' => '1590588943',
    'type' => 'text',
    'content' => 'http://www.boyufengmao.com/app/index.php?i=14&c=entry&m=ewei_shopv2&do=mobile',
    'redirection' => true,
    'source' => 'VIEW',
  ),
)

2020-05-27 22:15:43 response :
------------

2020-05-27 23:44:51 trace :
------------
String:
<xml><ToUserName><![CDATA[gh_48cc1f7b50f4]]></ToUserName>
<FromUserName><![CDATA[olz_3vk0eceJhz0HDxrYIQPG26bg]]></FromUserName>
<CreateTime>1590594291</CreateTime>
<MsgType><![CDATA[event]]></MsgType>
<Event><![CDATA[VIEW]]></Event>
<EventKey><![CDATA[http://www.boyufengmao.com/app/index.php?i=14&c=entry&m=ewei_shopv2&do=mobile]]></EventKey>
<MenuId>429196825</MenuId>
</xml>

2020-05-27 23:44:51 params :
------------
String:
array (
  'rule' => -2,
  'module' => '',
  'message' => 
  array (
    'tousername' => 'gh_48cc1f7b50f4',
    'fromusername' => 'olz_3vk0eceJhz0HDxrYIQPG26bg',
    'createtime' => '1590594291',
    'msgtype' => 'event',
    'event' => 'VIEW',
    'eventkey' => 'http://www.boyufengmao.com/app/index.php?i=14&c=entry&m=ewei_shopv2&do=mobile',
    'menuid' => '429196825',
    'from' => 'olz_3vk0eceJhz0HDxrYIQPG26bg',
    'to' => 'gh_48cc1f7b50f4',
    'time' => '1590594291',
    'type' => 'text',
    'content' => 'http://www.boyufengmao.com/app/index.php?i=14&c=entry&m=ewei_shopv2&do=mobile',
    'redirection' => true,
    'source' => 'VIEW',
  ),
)

2020-05-27 23:44:51 response :
------------

